[2025-01-27T10:06:38.286+0000] {local_task_job_runner.py:123} INFO - ::group::Pre task execution logs
[2025-01-27T10:06:38.301+0000] {taskinstance.py:2613} INFO - Dependencies all met for dep_context=non-requeueable deps ti=<TaskInstance: daily_pollutant_averages_v2.calculate_daily_averages scheduled__2025-01-27T10:00:00+00:00 [queued]>
[2025-01-27T10:06:38.309+0000] {taskinstance.py:2613} INFO - Dependencies all met for dep_context=requeueable deps ti=<TaskInstance: daily_pollutant_averages_v2.calculate_daily_averages scheduled__2025-01-27T10:00:00+00:00 [queued]>
[2025-01-27T10:06:38.309+0000] {taskinstance.py:2866} INFO - Starting attempt 1 of 2
[2025-01-27T10:06:38.326+0000] {taskinstance.py:2889} INFO - Executing <Task(PythonOperator): calculate_daily_averages> on 2025-01-27 10:00:00+00:00
[2025-01-27T10:06:38.338+0000] {standard_task_runner.py:104} INFO - Running: ['***', 'tasks', 'run', 'daily_pollutant_averages_v2', 'calculate_daily_averages', 'scheduled__2025-01-27T10:00:00+00:00', '--job-id', '76', '--raw', '--subdir', 'DAGS_FOLDER/calcul_avg_polluant_by_day.py', '--cfg-path', '/tmp/tmpsrt20ofc']
[2025-01-27T10:06:38.342+0000] {standard_task_runner.py:105} INFO - Job 76: Subtask calculate_daily_averages
[2025-01-27T10:06:38.341+0000] {logging_mixin.py:190} WARNING - /home/***/.local/lib/python3.12/site-packages/***/task/task_runner/standard_task_runner.py:70 DeprecationWarning: This process (pid=180) is multi-threaded, use of fork() may lead to deadlocks in the child.
[2025-01-27T10:06:38.342+0000] {standard_task_runner.py:72} INFO - Started process 189 to run task
[2025-01-27T10:06:38.405+0000] {task_command.py:467} INFO - Running <TaskInstance: daily_pollutant_averages_v2.calculate_daily_averages scheduled__2025-01-27T10:00:00+00:00 [running]> on host 42b25c8dd049
[2025-01-27T10:06:38.554+0000] {taskinstance.py:3132} INFO - Exporting env vars: AIRFLOW_CTX_DAG_OWNER='***' AIRFLOW_CTX_DAG_ID='daily_pollutant_averages_v2' AIRFLOW_CTX_TASK_ID='calculate_daily_averages' AIRFLOW_CTX_EXECUTION_DATE='2025-01-27T10:00:00+00:00' AIRFLOW_CTX_TRY_NUMBER='1' AIRFLOW_CTX_DAG_RUN_ID='scheduled__2025-01-27T10:00:00+00:00'
[2025-01-27T10:06:38.556+0000] {taskinstance.py:731} INFO - ::endgroup::
[2025-01-27T10:06:38.600+0000] {logging_mixin.py:190} INFO - Traitement des données pour la station 283164601...
[2025-01-27T10:06:38.656+0000] {logging_mixin.py:190} INFO - Aucune donnée trouvée pour la station 283164601.
[2025-01-27T10:06:38.656+0000] {logging_mixin.py:190} INFO - Traitement des données pour la station 283181971...
[2025-01-27T10:06:38.657+0000] {logging_mixin.py:190} INFO - Aucune donnée trouvée pour la station 283181971.
[2025-01-27T10:06:38.658+0000] {python.py:240} INFO - Done. Returned value was: None
[2025-01-27T10:06:38.668+0000] {taskinstance.py:340} INFO - ::group::Post task execution logs
[2025-01-27T10:06:38.669+0000] {taskinstance.py:352} INFO - Marking task as SUCCESS. dag_id=daily_pollutant_averages_v2, task_id=calculate_daily_averages, run_id=scheduled__2025-01-27T10:00:00+00:00, execution_date=20250127T100000, start_date=20250127T100638, end_date=20250127T100638
[2025-01-27T10:06:38.718+0000] {local_task_job_runner.py:266} INFO - Task exited with return code 0
[2025-01-27T10:06:38.726+0000] {local_task_job_runner.py:245} INFO - ::endgroup::
