[2025-01-25T18:10:06.464+0000] {local_task_job_runner.py:123} INFO - ::group::Pre task execution logs
[2025-01-25T18:10:06.522+0000] {taskinstance.py:2613} INFO - Dependencies all met for dep_context=non-requeueable deps ti=<TaskInstance: extraction_by_hour_dag_v11.extract_and_load_to_mongodb_station_1 scheduled__2025-01-25T18:05:00+00:00 [queued]>
[2025-01-25T18:10:06.564+0000] {taskinstance.py:2613} INFO - Dependencies all met for dep_context=requeueable deps ti=<TaskInstance: extraction_by_hour_dag_v11.extract_and_load_to_mongodb_station_1 scheduled__2025-01-25T18:05:00+00:00 [queued]>
[2025-01-25T18:10:06.564+0000] {taskinstance.py:2866} INFO - Starting attempt 1 of 2
[2025-01-25T18:10:06.866+0000] {taskinstance.py:2889} INFO - Executing <Task(PythonOperator): extract_and_load_to_mongodb_station_1> on 2025-01-25 18:05:00+00:00
[2025-01-25T18:10:06.895+0000] {standard_task_runner.py:104} INFO - Running: ['***', 'tasks', 'run', 'extraction_by_hour_dag_v11', 'extract_and_load_to_mongodb_station_1', 'scheduled__2025-01-25T18:05:00+00:00', '--job-id', '16', '--raw', '--subdir', 'DAGS_FOLDER/extract_data_by_hour.py', '--cfg-path', '/tmp/tmp20hdoomr']
[2025-01-25T18:10:06.908+0000] {standard_task_runner.py:105} INFO - Job 16: Subtask extract_and_load_to_mongodb_station_1
[2025-01-25T18:10:06.917+0000] {logging_mixin.py:190} WARNING - /home/***/.local/lib/python3.12/site-packages/***/task/task_runner/standard_task_runner.py:70 DeprecationWarning: This process (pid=4926) is multi-threaded, use of fork() may lead to deadlocks in the child.
[2025-01-25T18:10:06.921+0000] {standard_task_runner.py:72} INFO - Started process 4934 to run task
[2025-01-25T18:10:07.548+0000] {task_command.py:467} INFO - Running <TaskInstance: extraction_by_hour_dag_v11.extract_and_load_to_mongodb_station_1 scheduled__2025-01-25T18:05:00+00:00 [running]> on host 64d28392d4c0
[2025-01-25T18:10:08.139+0000] {taskinstance.py:3132} INFO - Exporting env vars: AIRFLOW_CTX_DAG_OWNER='***' AIRFLOW_CTX_DAG_ID='extraction_by_hour_dag_v11' AIRFLOW_CTX_TASK_ID='extract_and_load_to_mongodb_station_1' AIRFLOW_CTX_EXECUTION_DATE='2025-01-25T18:05:00+00:00' AIRFLOW_CTX_TRY_NUMBER='1' AIRFLOW_CTX_DAG_RUN_ID='scheduled__2025-01-25T18:05:00+00:00'
[2025-01-25T18:10:08.143+0000] {taskinstance.py:731} INFO - ::endgroup::
[2025-01-25T18:10:08.150+0000] {local_task_job_runner.py:123} INFO - ::group::Pre task execution logs
[2025-01-25T18:10:08.225+0000] {taskinstance.py:2613} INFO - Dependencies all met for dep_context=non-requeueable deps ti=<TaskInstance: extraction_by_hour_dag_v11.extract_and_load_to_mongodb_station_1 scheduled__2025-01-25T18:05:00+00:00 [queued]>
[2025-01-25T18:10:08.256+0000] {taskinstance.py:2613} INFO - Dependencies all met for dep_context=requeueable deps ti=<TaskInstance: extraction_by_hour_dag_v11.extract_and_load_to_mongodb_station_1 scheduled__2025-01-25T18:05:00+00:00 [queued]>
[2025-01-25T18:10:08.257+0000] {taskinstance.py:2866} INFO - Starting attempt 1 of 2
[2025-01-25T18:10:08.334+0000] {taskinstance.py:2889} INFO - Executing <Task(PythonOperator): extract_and_load_to_mongodb_station_1> on 2025-01-25 18:05:00+00:00
[2025-01-25T18:10:08.390+0000] {standard_task_runner.py:104} INFO - Running: ['***', 'tasks', 'run', 'extraction_by_hour_dag_v11', 'extract_and_load_to_mongodb_station_1', 'scheduled__2025-01-25T18:05:00+00:00', '--job-id', '39', '--raw', '--subdir', 'DAGS_FOLDER/extract_data_by_hour.py', '--cfg-path', '/tmp/tmplxv_p0ud']
[2025-01-25T18:10:08.421+0000] {logging_mixin.py:190} WARNING - /home/***/.local/lib/python3.12/site-packages/***/task/task_runner/standard_task_runner.py:70 DeprecationWarning: This process (pid=18260) is multi-threaded, use of fork() may lead to deadlocks in the child.
[2025-01-25T18:10:08.423+0000] {standard_task_runner.py:105} INFO - Job 39: Subtask extract_and_load_to_mongodb_station_1
[2025-01-25T18:10:08.424+0000] {standard_task_runner.py:72} INFO - Started process 18264 to run task
[2025-01-25T18:10:08.857+0000] {task_command.py:467} INFO - Running <TaskInstance: extraction_by_hour_dag_v11.extract_and_load_to_mongodb_station_1 scheduled__2025-01-25T18:05:00+00:00 [running]> on host 8969ebd0a926
[2025-01-25T18:10:09.490+0000] {taskinstance.py:3132} INFO - Exporting env vars: AIRFLOW_CTX_DAG_OWNER='***' AIRFLOW_CTX_DAG_ID='extraction_by_hour_dag_v11' AIRFLOW_CTX_TASK_ID='extract_and_load_to_mongodb_station_1' AIRFLOW_CTX_EXECUTION_DATE='2025-01-25T18:05:00+00:00' AIRFLOW_CTX_TRY_NUMBER='1' AIRFLOW_CTX_DAG_RUN_ID='scheduled__2025-01-25T18:05:00+00:00'
[2025-01-25T18:10:09.492+0000] {taskinstance.py:731} INFO - ::endgroup::
[2025-01-25T18:10:09.580+0000] {logging_mixin.py:190} INFO - Erreur pour la station 283164601 : HTTPSConnectionPool(host='airqino-api.magentalab.it', port=443): Max retries exceeded with url: /v3/getStationHourlyAvg/283164601 (Caused by NameResolutionError("<urllib3.connection.HTTPSConnection object at 0x7fe642e74bc0>: Failed to resolve 'airqino-api.magentalab.it' ([Errno -2] Name or service not known)"))
[2025-01-25T18:10:09.588+0000] {logging_mixin.py:190} INFO - Erreur pour la station 283181971 : HTTPSConnectionPool(host='airqino-api.magentalab.it', port=443): Max retries exceeded with url: /v3/getStationHourlyAvg/283181971 (Caused by NameResolutionError("<urllib3.connection.HTTPSConnection object at 0x7fe6398ec170>: Failed to resolve 'airqino-api.magentalab.it' ([Errno -2] Name or service not known)"))
[2025-01-25T18:10:09.589+0000] {logging_mixin.py:190} INFO - Aucune donnée valide récupérée pour la station 283164601.
[2025-01-25T18:10:09.589+0000] {python.py:240} INFO - Done. Returned value was: None
[2025-01-25T18:10:09.618+0000] {taskinstance.py:340} INFO - ::group::Post task execution logs
[2025-01-25T18:10:09.619+0000] {taskinstance.py:352} INFO - Marking task as SUCCESS. dag_id=extraction_by_hour_dag_v11, task_id=extract_and_load_to_mongodb_station_1, run_id=scheduled__2025-01-25T18:05:00+00:00, execution_date=20250125T180500, start_date=20250125T181008, end_date=20250125T181009
[2025-01-25T18:10:09.709+0000] {local_task_job_runner.py:266} INFO - Task exited with return code 0
[2025-01-25T18:10:09.774+0000] {taskinstance.py:3895} INFO - 0 downstream tasks scheduled from follow-on schedule check
[2025-01-25T18:10:09.777+0000] {local_task_job_runner.py:245} INFO - ::endgroup::
[2025-01-25T18:10:16.286+0000] {logging_mixin.py:190} INFO - Erreur pour la station 283164601 : HTTPSConnectionPool(host='airqino-api.magentalab.it', port=443): Max retries exceeded with url: /v3/getStationHourlyAvg/283164601 (Caused by NameResolutionError("<urllib3.connection.HTTPSConnection object at 0x7fc68bd75640>: Failed to resolve 'airqino-api.magentalab.it' ([Errno -3] Temporary failure in name resolution)"))
[2025-01-25T18:10:24.293+0000] {logging_mixin.py:190} INFO - Erreur pour la station 283181971 : HTTPSConnectionPool(host='airqino-api.magentalab.it', port=443): Max retries exceeded with url: /v3/getStationHourlyAvg/283181971 (Caused by NameResolutionError("<urllib3.connection.HTTPSConnection object at 0x7fc68bcd40e0>: Failed to resolve 'airqino-api.magentalab.it' ([Errno -3] Temporary failure in name resolution)"))
[2025-01-25T18:10:24.299+0000] {logging_mixin.py:190} INFO - Aucune donnée valide récupérée pour la station 283164601.
[2025-01-25T18:10:24.299+0000] {python.py:240} INFO - Done. Returned value was: None
[2025-01-25T18:10:24.568+0000] {taskinstance.py:340} INFO - ::group::Post task execution logs
[2025-01-25T18:10:24.569+0000] {taskinstance.py:352} INFO - Marking task as SUCCESS. dag_id=extraction_by_hour_dag_v11, task_id=extract_and_load_to_mongodb_station_1, run_id=scheduled__2025-01-25T18:05:00+00:00, execution_date=20250125T180500, start_date=20250125T181006, end_date=20250125T181024
[2025-01-25T18:10:24.636+0000] {local_task_job_runner.py:266} INFO - Task exited with return code 0
[2025-01-25T18:10:24.657+0000] {taskinstance.py:3895} INFO - 0 downstream tasks scheduled from follow-on schedule check
[2025-01-25T18:10:24.660+0000] {local_task_job_runner.py:245} INFO - ::endgroup::
