[2025-01-25T19:27:37.851+0000] {local_task_job_runner.py:123} INFO - ::group::Pre task execution logs
[2025-01-25T19:27:37.911+0000] {taskinstance.py:2613} INFO - Dependencies all met for dep_context=non-requeueable deps ti=<TaskInstance: extraction_by_hour_dag_v11.extract_and_load_to_mongodb_station_1 scheduled__2025-01-25T19:20:00+00:00 [queued]>
[2025-01-25T19:27:37.935+0000] {local_task_job_runner.py:123} INFO - ::group::Pre task execution logs
[2025-01-25T19:27:37.947+0000] {taskinstance.py:2613} INFO - Dependencies all met for dep_context=requeueable deps ti=<TaskInstance: extraction_by_hour_dag_v11.extract_and_load_to_mongodb_station_1 scheduled__2025-01-25T19:20:00+00:00 [queued]>
[2025-01-25T19:27:37.948+0000] {taskinstance.py:2866} INFO - Starting attempt 1 of 2
[2025-01-25T19:27:37.985+0000] {taskinstance.py:2613} INFO - Dependencies all met for dep_context=non-requeueable deps ti=<TaskInstance: extraction_by_hour_dag_v11.extract_and_load_to_mongodb_station_1 scheduled__2025-01-25T19:20:00+00:00 [queued]>
[2025-01-25T19:27:38.009+0000] {taskinstance.py:2889} INFO - Executing <Task(PythonOperator): extract_and_load_to_mongodb_station_1> on 2025-01-25 19:20:00+00:00
[2025-01-25T19:27:38.011+0000] {taskinstance.py:2613} INFO - Dependencies all met for dep_context=requeueable deps ti=<TaskInstance: extraction_by_hour_dag_v11.extract_and_load_to_mongodb_station_1 scheduled__2025-01-25T19:20:00+00:00 [queued]>
[2025-01-25T19:27:38.011+0000] {taskinstance.py:2866} INFO - Starting attempt 1 of 2
[2025-01-25T19:27:38.039+0000] {standard_task_runner.py:104} INFO - Running: ['***', 'tasks', 'run', 'extraction_by_hour_dag_v11', 'extract_and_load_to_mongodb_station_1', 'scheduled__2025-01-25T19:20:00+00:00', '--job-id', '18', '--raw', '--subdir', 'DAGS_FOLDER/extract_data_by_hour.py', '--cfg-path', '/tmp/tmp_iaolumz']
[2025-01-25T19:27:38.047+0000] {standard_task_runner.py:105} INFO - Job 18: Subtask extract_and_load_to_mongodb_station_1
[2025-01-25T19:27:38.050+0000] {logging_mixin.py:190} WARNING - /home/***/.local/lib/python3.12/site-packages/***/task/task_runner/standard_task_runner.py:70 DeprecationWarning: This process (pid=6484) is multi-threaded, use of fork() may lead to deadlocks in the child.
[2025-01-25T19:27:38.055+0000] {standard_task_runner.py:72} INFO - Started process 6489 to run task
[2025-01-25T19:27:38.064+0000] {taskinstance.py:2889} INFO - Executing <Task(PythonOperator): extract_and_load_to_mongodb_station_1> on 2025-01-25 19:20:00+00:00
[2025-01-25T19:27:38.094+0000] {standard_task_runner.py:104} INFO - Running: ['***', 'tasks', 'run', 'extraction_by_hour_dag_v11', 'extract_and_load_to_mongodb_station_1', 'scheduled__2025-01-25T19:20:00+00:00', '--job-id', '40', '--raw', '--subdir', 'DAGS_FOLDER/extract_data_by_hour.py', '--cfg-path', '/tmp/tmpyhflrcos']
[2025-01-25T19:27:38.103+0000] {standard_task_runner.py:105} INFO - Job 40: Subtask extract_and_load_to_mongodb_station_1
[2025-01-25T19:27:38.104+0000] {logging_mixin.py:190} WARNING - /home/***/.local/lib/python3.12/site-packages/***/task/task_runner/standard_task_runner.py:70 DeprecationWarning: This process (pid=19813) is multi-threaded, use of fork() may lead to deadlocks in the child.
[2025-01-25T19:27:38.104+0000] {standard_task_runner.py:72} INFO - Started process 19815 to run task
[2025-01-25T19:27:38.189+0000] {task_command.py:467} INFO - Running <TaskInstance: extraction_by_hour_dag_v11.extract_and_load_to_mongodb_station_1 scheduled__2025-01-25T19:20:00+00:00 [running]> on host 64d28392d4c0
[2025-01-25T19:27:38.271+0000] {task_command.py:467} INFO - Running <TaskInstance: extraction_by_hour_dag_v11.extract_and_load_to_mongodb_station_1 scheduled__2025-01-25T19:20:00+00:00 [running]> on host 8969ebd0a926
[2025-01-25T19:27:38.591+0000] {taskinstance.py:3132} INFO - Exporting env vars: AIRFLOW_CTX_DAG_OWNER='***' AIRFLOW_CTX_DAG_ID='extraction_by_hour_dag_v11' AIRFLOW_CTX_TASK_ID='extract_and_load_to_mongodb_station_1' AIRFLOW_CTX_EXECUTION_DATE='2025-01-25T19:20:00+00:00' AIRFLOW_CTX_TRY_NUMBER='1' AIRFLOW_CTX_DAG_RUN_ID='scheduled__2025-01-25T19:20:00+00:00'
[2025-01-25T19:27:38.602+0000] {taskinstance.py:731} INFO - ::endgroup::
[2025-01-25T19:27:38.748+0000] {taskinstance.py:3132} INFO - Exporting env vars: AIRFLOW_CTX_DAG_OWNER='***' AIRFLOW_CTX_DAG_ID='extraction_by_hour_dag_v11' AIRFLOW_CTX_TASK_ID='extract_and_load_to_mongodb_station_1' AIRFLOW_CTX_EXECUTION_DATE='2025-01-25T19:20:00+00:00' AIRFLOW_CTX_TRY_NUMBER='1' AIRFLOW_CTX_DAG_RUN_ID='scheduled__2025-01-25T19:20:00+00:00'
[2025-01-25T19:27:38.749+0000] {taskinstance.py:731} INFO - ::endgroup::
[2025-01-25T19:27:38.931+0000] {logging_mixin.py:190} INFO - Erreur pour la station 283164601 : HTTPSConnectionPool(host='airqino-api.magentalab.it', port=443): Max retries exceeded with url: /v3/getStationHourlyAvg/283164601 (Caused by NameResolutionError("<urllib3.connection.HTTPSConnection object at 0x7fe6399b7ce0>: Failed to resolve 'airqino-api.magentalab.it' ([Errno -2] Name or service not known)"))
[2025-01-25T19:27:38.938+0000] {logging_mixin.py:190} INFO - Erreur pour la station 283181971 : HTTPSConnectionPool(host='airqino-api.magentalab.it', port=443): Max retries exceeded with url: /v3/getStationHourlyAvg/283181971 (Caused by NameResolutionError("<urllib3.connection.HTTPSConnection object at 0x7fe6398ec350>: Failed to resolve 'airqino-api.magentalab.it' ([Errno -2] Name or service not known)"))
[2025-01-25T19:27:38.939+0000] {logging_mixin.py:190} INFO - Aucune donnée valide récupérée pour la station 283164601.
[2025-01-25T19:27:38.939+0000] {python.py:240} INFO - Done. Returned value was: None
[2025-01-25T19:27:39.007+0000] {taskinstance.py:340} INFO - ::group::Post task execution logs
[2025-01-25T19:27:39.007+0000] {taskinstance.py:352} INFO - Marking task as SUCCESS. dag_id=extraction_by_hour_dag_v11, task_id=extract_and_load_to_mongodb_station_1, run_id=scheduled__2025-01-25T19:20:00+00:00, execution_date=20250125T192000, start_date=20250125T192737, end_date=20250125T192739
[2025-01-25T19:27:39.068+0000] {local_task_job_runner.py:266} INFO - Task exited with return code 0
[2025-01-25T19:27:39.090+0000] {taskinstance.py:3895} INFO - 0 downstream tasks scheduled from follow-on schedule check
[2025-01-25T19:27:39.092+0000] {local_task_job_runner.py:245} INFO - ::endgroup::
[2025-01-25T19:27:46.718+0000] {logging_mixin.py:190} INFO - Erreur pour la station 283164601 : HTTPSConnectionPool(host='airqino-api.magentalab.it', port=443): Max retries exceeded with url: /v3/getStationHourlyAvg/283164601 (Caused by NameResolutionError("<urllib3.connection.HTTPSConnection object at 0x7fc68bc6dd00>: Failed to resolve 'airqino-api.magentalab.it' ([Errno -3] Temporary failure in name resolution)"))
[2025-01-25T19:27:54.729+0000] {logging_mixin.py:190} INFO - Erreur pour la station 283181971 : HTTPSConnectionPool(host='airqino-api.magentalab.it', port=443): Max retries exceeded with url: /v3/getStationHourlyAvg/283181971 (Caused by NameResolutionError("<urllib3.connection.HTTPSConnection object at 0x7fc68bcd43b0>: Failed to resolve 'airqino-api.magentalab.it' ([Errno -3] Temporary failure in name resolution)"))
[2025-01-25T19:27:54.734+0000] {logging_mixin.py:190} INFO - Aucune donnée valide récupérée pour la station 283164601.
[2025-01-25T19:27:54.734+0000] {python.py:240} INFO - Done. Returned value was: None
[2025-01-25T19:27:55.307+0000] {taskinstance.py:340} INFO - ::group::Post task execution logs
[2025-01-25T19:27:55.308+0000] {taskinstance.py:352} INFO - Marking task as SUCCESS. dag_id=extraction_by_hour_dag_v11, task_id=extract_and_load_to_mongodb_station_1, run_id=scheduled__2025-01-25T19:20:00+00:00, execution_date=20250125T192000, start_date=20250125T192737, end_date=20250125T192755
[2025-01-25T19:27:55.353+0000] {local_task_job_runner.py:266} INFO - Task exited with return code 0
[2025-01-25T19:27:55.366+0000] {taskinstance.py:3895} INFO - 0 downstream tasks scheduled from follow-on schedule check
[2025-01-25T19:27:55.367+0000] {local_task_job_runner.py:245} INFO - ::endgroup::
