[2025-01-28T01:31:34.061+0000] {local_task_job_runner.py:123} INFO - ::group::Pre task execution logs
[2025-01-28T01:31:34.071+0000] {taskinstance.py:2613} INFO - Dependencies all met for dep_context=non-requeueable deps ti=<TaskInstance: daily_pollutant_averages_v3.calculate_daily_averages manual__2025-01-28T01:31:32.917266+00:00 [queued]>
[2025-01-28T01:31:34.076+0000] {taskinstance.py:2613} INFO - Dependencies all met for dep_context=requeueable deps ti=<TaskInstance: daily_pollutant_averages_v3.calculate_daily_averages manual__2025-01-28T01:31:32.917266+00:00 [queued]>
[2025-01-28T01:31:34.076+0000] {taskinstance.py:2866} INFO - Starting attempt 1 of 2
[2025-01-28T01:31:34.086+0000] {taskinstance.py:2889} INFO - Executing <Task(PythonOperator): calculate_daily_averages> on 2025-01-28 01:31:32.917266+00:00
[2025-01-28T01:31:34.094+0000] {standard_task_runner.py:104} INFO - Running: ['***', 'tasks', 'run', 'daily_pollutant_averages_v3', 'calculate_daily_averages', 'manual__2025-01-28T01:31:32.917266+00:00', '--job-id', '95', '--raw', '--subdir', 'DAGS_FOLDER/calcul_avg_polluant_by_day.py', '--cfg-path', '/tmp/tmpa2_cr1qn']
[2025-01-28T01:31:34.096+0000] {standard_task_runner.py:105} INFO - Job 95: Subtask calculate_daily_averages
[2025-01-28T01:31:34.096+0000] {logging_mixin.py:190} WARNING - /home/***/.local/lib/python3.12/site-packages/***/task/task_runner/standard_task_runner.py:70 DeprecationWarning: This process (pid=991) is multi-threaded, use of fork() may lead to deadlocks in the child.
[2025-01-28T01:31:34.097+0000] {standard_task_runner.py:72} INFO - Started process 993 to run task
[2025-01-28T01:31:34.128+0000] {task_command.py:467} INFO - Running <TaskInstance: daily_pollutant_averages_v3.calculate_daily_averages manual__2025-01-28T01:31:32.917266+00:00 [running]> on host 698e55e2f0ee
[2025-01-28T01:31:34.186+0000] {taskinstance.py:3132} INFO - Exporting env vars: AIRFLOW_CTX_DAG_OWNER='***' AIRFLOW_CTX_DAG_ID='daily_pollutant_averages_v3' AIRFLOW_CTX_TASK_ID='calculate_daily_averages' AIRFLOW_CTX_EXECUTION_DATE='2025-01-28T01:31:32.917266+00:00' AIRFLOW_CTX_TRY_NUMBER='1' AIRFLOW_CTX_DAG_RUN_ID='manual__2025-01-28T01:31:32.917266+00:00'
[2025-01-28T01:31:34.186+0000] {taskinstance.py:731} INFO - ::endgroup::
[2025-01-28T01:31:34.204+0000] {logging_mixin.py:190} INFO - Traitement des données pour la station 283164601...
[2025-01-28T01:31:34.220+0000] {logging_mixin.py:190} INFO - Moyennes insérées pour la station 283164601 et la date 2025-01-28.
[2025-01-28T01:31:34.220+0000] {logging_mixin.py:190} INFO - Traitement des données pour la station 283181971...
[2025-01-28T01:31:34.229+0000] {logging_mixin.py:190} INFO - Moyennes insérées pour la station 283181971 et la date 2025-01-28.
[2025-01-28T01:31:34.229+0000] {python.py:240} INFO - Done. Returned value was: None
[2025-01-28T01:31:34.236+0000] {taskinstance.py:340} INFO - ::group::Post task execution logs
[2025-01-28T01:31:34.237+0000] {taskinstance.py:352} INFO - Marking task as SUCCESS. dag_id=daily_pollutant_averages_v3, task_id=calculate_daily_averages, run_id=manual__2025-01-28T01:31:32.917266+00:00, execution_date=20250128T013132, start_date=20250128T013134, end_date=20250128T013134
[2025-01-28T01:31:34.271+0000] {local_task_job_runner.py:266} INFO - Task exited with return code 0
[2025-01-28T01:31:34.285+0000] {taskinstance.py:3895} INFO - 0 downstream tasks scheduled from follow-on schedule check
[2025-01-28T01:31:34.287+0000] {local_task_job_runner.py:245} INFO - ::endgroup::
