[2025-01-27T09:07:10.686+0000] {local_task_job_runner.py:123} INFO - ::group::Pre task execution logs
[2025-01-27T09:07:10.713+0000] {taskinstance.py:2613} INFO - Dependencies all met for dep_context=non-requeueable deps ti=<TaskInstance: daily_pollutant_averages_v2.calculate_daily_averages manual__2025-01-27T08:59:53.959048+00:00 [queued]>
[2025-01-27T09:07:10.729+0000] {taskinstance.py:2613} INFO - Dependencies all met for dep_context=requeueable deps ti=<TaskInstance: daily_pollutant_averages_v2.calculate_daily_averages manual__2025-01-27T08:59:53.959048+00:00 [queued]>
[2025-01-27T09:07:10.730+0000] {taskinstance.py:2866} INFO - Starting attempt 2 of 2
[2025-01-27T09:07:10.750+0000] {taskinstance.py:2889} INFO - Executing <Task(PythonOperator): calculate_daily_averages> on 2025-01-27 08:59:53.959048+00:00
[2025-01-27T09:07:10.775+0000] {standard_task_runner.py:104} INFO - Running: ['***', 'tasks', 'run', 'daily_pollutant_averages_v2', 'calculate_daily_averages', 'manual__2025-01-27T08:59:53.959048+00:00', '--job-id', '57', '--raw', '--subdir', 'DAGS_FOLDER/calcul_avg_polluant_by_day.py', '--cfg-path', '/tmp/tmptq06hdlk']
[2025-01-27T09:07:10.779+0000] {standard_task_runner.py:105} INFO - Job 57: Subtask calculate_daily_averages
[2025-01-27T09:07:10.781+0000] {logging_mixin.py:190} WARNING - /home/***/.local/lib/python3.12/site-packages/***/task/task_runner/standard_task_runner.py:70 DeprecationWarning: This process (pid=179) is multi-threaded, use of fork() may lead to deadlocks in the child.
[2025-01-27T09:07:10.783+0000] {standard_task_runner.py:72} INFO - Started process 193 to run task
[2025-01-27T09:07:10.849+0000] {task_command.py:467} INFO - Running <TaskInstance: daily_pollutant_averages_v2.calculate_daily_averages manual__2025-01-27T08:59:53.959048+00:00 [running]> on host 2bb745b4ce9d
[2025-01-27T09:07:10.983+0000] {taskinstance.py:3132} INFO - Exporting env vars: AIRFLOW_CTX_DAG_OWNER='***' AIRFLOW_CTX_DAG_ID='daily_pollutant_averages_v2' AIRFLOW_CTX_TASK_ID='calculate_daily_averages' AIRFLOW_CTX_EXECUTION_DATE='2025-01-27T08:59:53.959048+00:00' AIRFLOW_CTX_TRY_NUMBER='2' AIRFLOW_CTX_DAG_RUN_ID='manual__2025-01-27T08:59:53.959048+00:00'
[2025-01-27T09:07:10.986+0000] {taskinstance.py:731} INFO - ::endgroup::
[2025-01-27T09:07:11.053+0000] {logging_mixin.py:190} INFO - Traitement des données pour la station 283164601...
[2025-01-27T09:07:11.062+0000] {logging_mixin.py:190} INFO - Aucune donnée trouvée pour la station 283164601.
[2025-01-27T09:07:11.062+0000] {logging_mixin.py:190} INFO - Traitement des données pour la station 283181971...
[2025-01-27T09:07:11.064+0000] {logging_mixin.py:190} INFO - Aucune donnée trouvée pour la station 283181971.
[2025-01-27T09:07:11.065+0000] {python.py:240} INFO - Done. Returned value was: None
[2025-01-27T09:07:11.079+0000] {taskinstance.py:340} INFO - ::group::Post task execution logs
[2025-01-27T09:07:11.080+0000] {taskinstance.py:352} INFO - Marking task as SUCCESS. dag_id=daily_pollutant_averages_v2, task_id=calculate_daily_averages, run_id=manual__2025-01-27T08:59:53.959048+00:00, execution_date=20250127T085953, start_date=20250127T090710, end_date=20250127T090711
[2025-01-27T09:07:11.123+0000] {local_task_job_runner.py:266} INFO - Task exited with return code 0
[2025-01-27T09:07:11.146+0000] {taskinstance.py:3895} INFO - 0 downstream tasks scheduled from follow-on schedule check
[2025-01-27T09:07:11.148+0000] {local_task_job_runner.py:245} INFO - ::endgroup::
