[2025-02-02T05:25:07.651+0000] {local_task_job_runner.py:123} INFO - ::group::Pre task execution logs
[2025-02-02T05:25:07.666+0000] {taskinstance.py:2613} INFO - Dependencies all met for dep_context=non-requeueable deps ti=<TaskInstance: daily_pollutant_averages_v4.calculate_daily_averages scheduled__2025-01-31T23:00:00+00:00 [queued]>
[2025-02-02T05:25:07.672+0000] {taskinstance.py:2613} INFO - Dependencies all met for dep_context=requeueable deps ti=<TaskInstance: daily_pollutant_averages_v4.calculate_daily_averages scheduled__2025-01-31T23:00:00+00:00 [queued]>
[2025-02-02T05:25:07.673+0000] {taskinstance.py:2866} INFO - Starting attempt 2 of 2
[2025-02-02T05:25:07.691+0000] {taskinstance.py:2889} INFO - Executing <Task(PythonOperator): calculate_daily_averages> on 2025-01-31 23:00:00+00:00
[2025-02-02T05:25:07.700+0000] {standard_task_runner.py:104} INFO - Running: ['***', 'tasks', 'run', 'daily_pollutant_averages_v4', 'calculate_daily_averages', 'scheduled__2025-01-31T23:00:00+00:00', '--job-id', '76', '--raw', '--subdir', 'DAGS_FOLDER/calcul_avg_polluant_by_day.py', '--cfg-path', '/tmp/tmpi1ozg57q']
[2025-02-02T05:25:07.703+0000] {standard_task_runner.py:105} INFO - Job 76: Subtask calculate_daily_averages
[2025-02-02T05:25:07.703+0000] {logging_mixin.py:190} WARNING - /home/***/.local/lib/python3.12/site-packages/***/task/task_runner/standard_task_runner.py:70 DeprecationWarning: This process (pid=65725) is multi-threaded, use of fork() may lead to deadlocks in the child.
[2025-02-02T05:25:07.703+0000] {standard_task_runner.py:72} INFO - Started process 65727 to run task
[2025-02-02T05:25:07.745+0000] {task_command.py:467} INFO - Running <TaskInstance: daily_pollutant_averages_v4.calculate_daily_averages scheduled__2025-01-31T23:00:00+00:00 [running]> on host 6f5fd3382d74
[2025-02-02T05:25:07.813+0000] {taskinstance.py:3132} INFO - Exporting env vars: AIRFLOW_CTX_DAG_OWNER='***' AIRFLOW_CTX_DAG_ID='daily_pollutant_averages_v4' AIRFLOW_CTX_TASK_ID='calculate_daily_averages' AIRFLOW_CTX_EXECUTION_DATE='2025-01-31T23:00:00+00:00' AIRFLOW_CTX_TRY_NUMBER='2' AIRFLOW_CTX_DAG_RUN_ID='scheduled__2025-01-31T23:00:00+00:00'
[2025-02-02T05:25:07.814+0000] {taskinstance.py:731} INFO - ::endgroup::
[2025-02-02T05:25:07.841+0000] {logging_mixin.py:190} INFO - Traitement des données pour la station 283164601...
[2025-02-02T05:25:38.048+0000] {taskinstance.py:3311} ERROR - Task failed with exception
Traceback (most recent call last):
  File "/home/airflow/.local/lib/python3.12/site-packages/airflow/models/taskinstance.py", line 767, in _execute_task
    result = _execute_callable(context=context, **execute_callable_kwargs)
             ^^^^^^^^^^^^^^^^^^^^^^^^^^^^^^^^^^^^^^^^^^^^^^^^^^^^^^^^^^^^^
  File "/home/airflow/.local/lib/python3.12/site-packages/airflow/models/taskinstance.py", line 733, in _execute_callable
    return ExecutionCallableRunner(
           ^^^^^^^^^^^^^^^^^^^^^^^^
  File "/home/airflow/.local/lib/python3.12/site-packages/airflow/utils/operator_helpers.py", line 252, in run
    return self.func(*args, **kwargs)
           ^^^^^^^^^^^^^^^^^^^^^^^^^^
  File "/home/airflow/.local/lib/python3.12/site-packages/airflow/models/baseoperator.py", line 422, in wrapper
    return func(self, *args, **kwargs)
           ^^^^^^^^^^^^^^^^^^^^^^^^^^^
  File "/home/airflow/.local/lib/python3.12/site-packages/airflow/operators/python.py", line 238, in execute
    return_value = self.execute_callable()
                   ^^^^^^^^^^^^^^^^^^^^^^^
  File "/home/airflow/.local/lib/python3.12/site-packages/airflow/operators/python.py", line 256, in execute_callable
    return runner.run(*self.op_args, **self.op_kwargs)
           ^^^^^^^^^^^^^^^^^^^^^^^^^^^^^^^^^^^^^^^^^^^
  File "/home/airflow/.local/lib/python3.12/site-packages/airflow/utils/operator_helpers.py", line 252, in run
    return self.func(*args, **kwargs)
           ^^^^^^^^^^^^^^^^^^^^^^^^^^
  File "/opt/airflow/dags/calcul_avg_polluant_by_day.py", line 82, in run_daily_averages
    calculate_daily_averages()
  File "/opt/airflow/dags/calcul_avg_polluant_by_day.py", line 42, in calculate_daily_averages
    data = list(collection.find({"station_id": station_id}).sort("timestamp", -1).limit(1))
           ^^^^^^^^^^^^^^^^^^^^^^^^^^^^^^^^^^^^^^^^^^^^^^^^^^^^^^^^^^^^^^^^^^^^^^^^^^^^^^^^
  File "/home/airflow/.local/lib/python3.12/site-packages/pymongo/synchronous/cursor.py", line 1281, in __next__
    return self.next()
           ^^^^^^^^^^^
  File "/home/airflow/.local/lib/python3.12/site-packages/pymongo/synchronous/cursor.py", line 1257, in next
    if len(self._data) or self._refresh():
                          ^^^^^^^^^^^^^^^
  File "/home/airflow/.local/lib/python3.12/site-packages/pymongo/synchronous/cursor.py", line 1205, in _refresh
    self._send_message(q)
  File "/home/airflow/.local/lib/python3.12/site-packages/pymongo/synchronous/cursor.py", line 1100, in _send_message
    response = client._run_operation(
               ^^^^^^^^^^^^^^^^^^^^^^
  File "/home/airflow/.local/lib/python3.12/site-packages/pymongo/_csot.py", line 119, in csot_wrapper
    return func(self, *args, **kwargs)
           ^^^^^^^^^^^^^^^^^^^^^^^^^^^
  File "/home/airflow/.local/lib/python3.12/site-packages/pymongo/synchronous/mongo_client.py", line 1754, in _run_operation
    return self._retryable_read(
           ^^^^^^^^^^^^^^^^^^^^^
  File "/home/airflow/.local/lib/python3.12/site-packages/pymongo/synchronous/mongo_client.py", line 1863, in _retryable_read
    return self._retry_internal(
           ^^^^^^^^^^^^^^^^^^^^^
  File "/home/airflow/.local/lib/python3.12/site-packages/pymongo/_csot.py", line 119, in csot_wrapper
    return func(self, *args, **kwargs)
           ^^^^^^^^^^^^^^^^^^^^^^^^^^^
  File "/home/airflow/.local/lib/python3.12/site-packages/pymongo/synchronous/mongo_client.py", line 1830, in _retry_internal
    ).run()
      ^^^^^
  File "/home/airflow/.local/lib/python3.12/site-packages/pymongo/synchronous/mongo_client.py", line 2554, in run
    return self._read() if self._is_read else self._write()
           ^^^^^^^^^^^^
  File "/home/airflow/.local/lib/python3.12/site-packages/pymongo/synchronous/mongo_client.py", line 2689, in _read
    self._server = self._get_server()
                   ^^^^^^^^^^^^^^^^^^
  File "/home/airflow/.local/lib/python3.12/site-packages/pymongo/synchronous/mongo_client.py", line 2645, in _get_server
    return self._client._select_server(
           ^^^^^^^^^^^^^^^^^^^^^^^^^^^^
  File "/home/airflow/.local/lib/python3.12/site-packages/pymongo/synchronous/mongo_client.py", line 1649, in _select_server
    server = topology.select_server(
             ^^^^^^^^^^^^^^^^^^^^^^^
  File "/home/airflow/.local/lib/python3.12/site-packages/pymongo/synchronous/topology.py", line 398, in select_server
    server = self._select_server(
             ^^^^^^^^^^^^^^^^^^^^
  File "/home/airflow/.local/lib/python3.12/site-packages/pymongo/synchronous/topology.py", line 376, in _select_server
    servers = self.select_servers(
              ^^^^^^^^^^^^^^^^^^^^
  File "/home/airflow/.local/lib/python3.12/site-packages/pymongo/synchronous/topology.py", line 283, in select_servers
    server_descriptions = self._select_servers_loop(
                          ^^^^^^^^^^^^^^^^^^^^^^^^^^
  File "/home/airflow/.local/lib/python3.12/site-packages/pymongo/synchronous/topology.py", line 333, in _select_servers_loop
    raise ServerSelectionTimeoutError(
pymongo.errors.ServerSelectionTimeoutError: localhost:27018: [Errno 111] Connection refused (configured timeouts: socketTimeoutMS: 20000.0ms, connectTimeoutMS: 20000.0ms), Timeout: 30s, Topology Description: <TopologyDescription id: 679f01b39fe29db428d7cc87, topology_type: Unknown, servers: [<ServerDescription ('localhost', 27018) server_type: Unknown, rtt: None, error=AutoReconnect('localhost:27018: [Errno 111] Connection refused (configured timeouts: socketTimeoutMS: 20000.0ms, connectTimeoutMS: 20000.0ms)')>]>
[2025-02-02T05:25:38.060+0000] {taskinstance.py:1225} INFO - Marking task as FAILED. dag_id=daily_pollutant_averages_v4, task_id=calculate_daily_averages, run_id=scheduled__2025-01-31T23:00:00+00:00, execution_date=20250131T230000, start_date=20250202T052507, end_date=20250202T052538
[2025-02-02T05:25:38.072+0000] {taskinstance.py:340} INFO - ::group::Post task execution logs
[2025-02-02T05:25:38.073+0000] {standard_task_runner.py:124} ERROR - Failed to execute job 76 for task calculate_daily_averages (localhost:27018: [Errno 111] Connection refused (configured timeouts: socketTimeoutMS: 20000.0ms, connectTimeoutMS: 20000.0ms), Timeout: 30s, Topology Description: <TopologyDescription id: 679f01b39fe29db428d7cc87, topology_type: Unknown, servers: [<ServerDescription ('localhost', 27018) server_type: Unknown, rtt: None, error=AutoReconnect('localhost:27018: [Errno 111] Connection refused (configured timeouts: socketTimeoutMS: 20000.0ms, connectTimeoutMS: 20000.0ms)')>]>; 65727)
Traceback (most recent call last):
  File "/home/airflow/.local/lib/python3.12/site-packages/airflow/task/task_runner/standard_task_runner.py", line 117, in _start_by_fork
    ret = args.func(args, dag=self.dag)
          ^^^^^^^^^^^^^^^^^^^^^^^^^^^^^
  File "/home/airflow/.local/lib/python3.12/site-packages/airflow/cli/cli_config.py", line 49, in command
    return func(*args, **kwargs)
           ^^^^^^^^^^^^^^^^^^^^^
  File "/home/airflow/.local/lib/python3.12/site-packages/airflow/utils/cli.py", line 116, in wrapper
    return f(*args, **kwargs)
           ^^^^^^^^^^^^^^^^^^
  File "/home/airflow/.local/lib/python3.12/site-packages/airflow/cli/commands/task_command.py", line 483, in task_run
    task_return_code = _run_task_by_selected_method(args, _dag, ti)
                       ^^^^^^^^^^^^^^^^^^^^^^^^^^^^^^^^^^^^^^^^^^^^
  File "/home/airflow/.local/lib/python3.12/site-packages/airflow/cli/commands/task_command.py", line 256, in _run_task_by_selected_method
    return _run_raw_task(args, ti)
           ^^^^^^^^^^^^^^^^^^^^^^^
  File "/home/airflow/.local/lib/python3.12/site-packages/airflow/cli/commands/task_command.py", line 341, in _run_raw_task
    return ti._run_raw_task(
           ^^^^^^^^^^^^^^^^^
  File "/home/airflow/.local/lib/python3.12/site-packages/airflow/utils/session.py", line 97, in wrapper
    return func(*args, session=session, **kwargs)
           ^^^^^^^^^^^^^^^^^^^^^^^^^^^^^^^^^^^^^^
  File "/home/airflow/.local/lib/python3.12/site-packages/airflow/models/taskinstance.py", line 3005, in _run_raw_task
    return _run_raw_task(
           ^^^^^^^^^^^^^^
  File "/home/airflow/.local/lib/python3.12/site-packages/airflow/models/taskinstance.py", line 273, in _run_raw_task
    TaskInstance._execute_task_with_callbacks(
  File "/home/airflow/.local/lib/python3.12/site-packages/airflow/models/taskinstance.py", line 3159, in _execute_task_with_callbacks
    result = self._execute_task(context, task_orig)
             ^^^^^^^^^^^^^^^^^^^^^^^^^^^^^^^^^^^^^^
  File "/home/airflow/.local/lib/python3.12/site-packages/airflow/models/taskinstance.py", line 3183, in _execute_task
    return _execute_task(self, context, task_orig)
           ^^^^^^^^^^^^^^^^^^^^^^^^^^^^^^^^^^^^^^^
  File "/home/airflow/.local/lib/python3.12/site-packages/airflow/models/taskinstance.py", line 767, in _execute_task
    result = _execute_callable(context=context, **execute_callable_kwargs)
             ^^^^^^^^^^^^^^^^^^^^^^^^^^^^^^^^^^^^^^^^^^^^^^^^^^^^^^^^^^^^^
  File "/home/airflow/.local/lib/python3.12/site-packages/airflow/models/taskinstance.py", line 733, in _execute_callable
    return ExecutionCallableRunner(
           ^^^^^^^^^^^^^^^^^^^^^^^^
  File "/home/airflow/.local/lib/python3.12/site-packages/airflow/utils/operator_helpers.py", line 252, in run
    return self.func(*args, **kwargs)
           ^^^^^^^^^^^^^^^^^^^^^^^^^^
  File "/home/airflow/.local/lib/python3.12/site-packages/airflow/models/baseoperator.py", line 422, in wrapper
    return func(self, *args, **kwargs)
           ^^^^^^^^^^^^^^^^^^^^^^^^^^^
  File "/home/airflow/.local/lib/python3.12/site-packages/airflow/operators/python.py", line 238, in execute
    return_value = self.execute_callable()
                   ^^^^^^^^^^^^^^^^^^^^^^^
  File "/home/airflow/.local/lib/python3.12/site-packages/airflow/operators/python.py", line 256, in execute_callable
    return runner.run(*self.op_args, **self.op_kwargs)
           ^^^^^^^^^^^^^^^^^^^^^^^^^^^^^^^^^^^^^^^^^^^
  File "/home/airflow/.local/lib/python3.12/site-packages/airflow/utils/operator_helpers.py", line 252, in run
    return self.func(*args, **kwargs)
           ^^^^^^^^^^^^^^^^^^^^^^^^^^
  File "/opt/airflow/dags/calcul_avg_polluant_by_day.py", line 82, in run_daily_averages
    calculate_daily_averages()
  File "/opt/airflow/dags/calcul_avg_polluant_by_day.py", line 42, in calculate_daily_averages
    data = list(collection.find({"station_id": station_id}).sort("timestamp", -1).limit(1))
           ^^^^^^^^^^^^^^^^^^^^^^^^^^^^^^^^^^^^^^^^^^^^^^^^^^^^^^^^^^^^^^^^^^^^^^^^^^^^^^^^
  File "/home/airflow/.local/lib/python3.12/site-packages/pymongo/synchronous/cursor.py", line 1281, in __next__
    return self.next()
           ^^^^^^^^^^^
  File "/home/airflow/.local/lib/python3.12/site-packages/pymongo/synchronous/cursor.py", line 1257, in next
    if len(self._data) or self._refresh():
                          ^^^^^^^^^^^^^^^
  File "/home/airflow/.local/lib/python3.12/site-packages/pymongo/synchronous/cursor.py", line 1205, in _refresh
    self._send_message(q)
  File "/home/airflow/.local/lib/python3.12/site-packages/pymongo/synchronous/cursor.py", line 1100, in _send_message
    response = client._run_operation(
               ^^^^^^^^^^^^^^^^^^^^^^
  File "/home/airflow/.local/lib/python3.12/site-packages/pymongo/_csot.py", line 119, in csot_wrapper
    return func(self, *args, **kwargs)
           ^^^^^^^^^^^^^^^^^^^^^^^^^^^
  File "/home/airflow/.local/lib/python3.12/site-packages/pymongo/synchronous/mongo_client.py", line 1754, in _run_operation
    return self._retryable_read(
           ^^^^^^^^^^^^^^^^^^^^^
  File "/home/airflow/.local/lib/python3.12/site-packages/pymongo/synchronous/mongo_client.py", line 1863, in _retryable_read
    return self._retry_internal(
           ^^^^^^^^^^^^^^^^^^^^^
  File "/home/airflow/.local/lib/python3.12/site-packages/pymongo/_csot.py", line 119, in csot_wrapper
    return func(self, *args, **kwargs)
           ^^^^^^^^^^^^^^^^^^^^^^^^^^^
  File "/home/airflow/.local/lib/python3.12/site-packages/pymongo/synchronous/mongo_client.py", line 1830, in _retry_internal
    ).run()
      ^^^^^
  File "/home/airflow/.local/lib/python3.12/site-packages/pymongo/synchronous/mongo_client.py", line 2554, in run
    return self._read() if self._is_read else self._write()
           ^^^^^^^^^^^^
  File "/home/airflow/.local/lib/python3.12/site-packages/pymongo/synchronous/mongo_client.py", line 2689, in _read
    self._server = self._get_server()
                   ^^^^^^^^^^^^^^^^^^
  File "/home/airflow/.local/lib/python3.12/site-packages/pymongo/synchronous/mongo_client.py", line 2645, in _get_server
    return self._client._select_server(
           ^^^^^^^^^^^^^^^^^^^^^^^^^^^^
  File "/home/airflow/.local/lib/python3.12/site-packages/pymongo/synchronous/mongo_client.py", line 1649, in _select_server
    server = topology.select_server(
             ^^^^^^^^^^^^^^^^^^^^^^^
  File "/home/airflow/.local/lib/python3.12/site-packages/pymongo/synchronous/topology.py", line 398, in select_server
    server = self._select_server(
             ^^^^^^^^^^^^^^^^^^^^
  File "/home/airflow/.local/lib/python3.12/site-packages/pymongo/synchronous/topology.py", line 376, in _select_server
    servers = self.select_servers(
              ^^^^^^^^^^^^^^^^^^^^
  File "/home/airflow/.local/lib/python3.12/site-packages/pymongo/synchronous/topology.py", line 283, in select_servers
    server_descriptions = self._select_servers_loop(
                          ^^^^^^^^^^^^^^^^^^^^^^^^^^
  File "/home/airflow/.local/lib/python3.12/site-packages/pymongo/synchronous/topology.py", line 333, in _select_servers_loop
    raise ServerSelectionTimeoutError(
pymongo.errors.ServerSelectionTimeoutError: localhost:27018: [Errno 111] Connection refused (configured timeouts: socketTimeoutMS: 20000.0ms, connectTimeoutMS: 20000.0ms), Timeout: 30s, Topology Description: <TopologyDescription id: 679f01b39fe29db428d7cc87, topology_type: Unknown, servers: [<ServerDescription ('localhost', 27018) server_type: Unknown, rtt: None, error=AutoReconnect('localhost:27018: [Errno 111] Connection refused (configured timeouts: socketTimeoutMS: 20000.0ms, connectTimeoutMS: 20000.0ms)')>]>
[2025-02-02T05:25:38.102+0000] {local_task_job_runner.py:266} INFO - Task exited with return code 1
[2025-02-02T05:25:38.115+0000] {taskinstance.py:3895} INFO - 0 downstream tasks scheduled from follow-on schedule check
[2025-02-02T05:25:38.116+0000] {local_task_job_runner.py:245} INFO - ::endgroup::
[2025-02-02T15:48:52.606+0000] {local_task_job_runner.py:123} INFO - ::group::Pre task execution logs
[2025-02-02T15:48:52.621+0000] {taskinstance.py:2613} INFO - Dependencies all met for dep_context=non-requeueable deps ti=<TaskInstance: daily_pollutant_averages_v4.calculate_daily_averages scheduled__2025-01-31T23:00:00+00:00 [queued]>
[2025-02-02T15:48:52.627+0000] {taskinstance.py:2613} INFO - Dependencies all met for dep_context=requeueable deps ti=<TaskInstance: daily_pollutant_averages_v4.calculate_daily_averages scheduled__2025-01-31T23:00:00+00:00 [queued]>
[2025-02-02T15:48:52.627+0000] {taskinstance.py:2866} INFO - Starting attempt 2 of 2
[2025-02-02T15:48:52.639+0000] {taskinstance.py:2889} INFO - Executing <Task(PythonOperator): calculate_daily_averages> on 2025-01-31 23:00:00+00:00
[2025-02-02T15:48:52.650+0000] {standard_task_runner.py:104} INFO - Running: ['***', 'tasks', 'run', 'daily_pollutant_averages_v4', 'calculate_daily_averages', 'scheduled__2025-01-31T23:00:00+00:00', '--job-id', '151', '--raw', '--subdir', 'DAGS_FOLDER/calcul_avg_polluant_by_day.py', '--cfg-path', '/tmp/tmp9fkug_6q']
[2025-02-02T15:48:52.652+0000] {logging_mixin.py:190} WARNING - /home/***/.local/lib/python3.12/site-packages/***/task/task_runner/standard_task_runner.py:70 DeprecationWarning: This process (pid=994) is multi-threaded, use of fork() may lead to deadlocks in the child.
[2025-02-02T15:48:52.652+0000] {standard_task_runner.py:105} INFO - Job 151: Subtask calculate_daily_averages
[2025-02-02T15:48:52.652+0000] {standard_task_runner.py:72} INFO - Started process 999 to run task
[2025-02-02T15:48:52.694+0000] {task_command.py:467} INFO - Running <TaskInstance: daily_pollutant_averages_v4.calculate_daily_averages scheduled__2025-01-31T23:00:00+00:00 [running]> on host a0bc887b90c4
[2025-02-02T15:48:52.762+0000] {taskinstance.py:3132} INFO - Exporting env vars: AIRFLOW_CTX_DAG_OWNER='***' AIRFLOW_CTX_DAG_ID='daily_pollutant_averages_v4' AIRFLOW_CTX_TASK_ID='calculate_daily_averages' AIRFLOW_CTX_EXECUTION_DATE='2025-01-31T23:00:00+00:00' AIRFLOW_CTX_TRY_NUMBER='2' AIRFLOW_CTX_DAG_RUN_ID='scheduled__2025-01-31T23:00:00+00:00'
[2025-02-02T15:48:52.763+0000] {taskinstance.py:731} INFO - ::endgroup::
[2025-02-02T15:48:52.788+0000] {logging_mixin.py:190} INFO - Traitement des données pour la station 283164601...
[2025-02-02T15:48:52.810+0000] {logging_mixin.py:190} INFO - Les moyennes pour la station 283164601 et la date 2025-02-02 ont été mises à jour.
[2025-02-02T15:48:52.811+0000] {logging_mixin.py:190} INFO - Traitement des données pour la station 283181971...
[2025-02-02T15:48:52.824+0000] {logging_mixin.py:190} INFO - Les moyennes pour la station 283181971 et la date 2025-02-02 ont été mises à jour.
[2025-02-02T15:48:52.825+0000] {python.py:240} INFO - Done. Returned value was: None
[2025-02-02T15:48:52.834+0000] {taskinstance.py:340} INFO - ::group::Post task execution logs
[2025-02-02T15:48:52.834+0000] {taskinstance.py:352} INFO - Marking task as SUCCESS. dag_id=daily_pollutant_averages_v4, task_id=calculate_daily_averages, run_id=scheduled__2025-01-31T23:00:00+00:00, execution_date=20250131T230000, start_date=20250202T154852, end_date=20250202T154852
[2025-02-02T15:48:52.867+0000] {local_task_job_runner.py:266} INFO - Task exited with return code 0
[2025-02-02T15:48:52.879+0000] {taskinstance.py:3895} INFO - 0 downstream tasks scheduled from follow-on schedule check
[2025-02-02T15:48:52.880+0000] {local_task_job_runner.py:245} INFO - ::endgroup::
