[2025-01-27T09:10:01.316+0000] {local_task_job_runner.py:123} INFO - ::group::Pre task execution logs
[2025-01-27T09:10:01.330+0000] {taskinstance.py:2613} INFO - Dependencies all met for dep_context=non-requeueable deps ti=<TaskInstance: daily_pollutant_averages_v2.calculate_daily_averages scheduled__2025-01-27T09:05:00+00:00 [queued]>
[2025-01-27T09:10:01.337+0000] {taskinstance.py:2613} INFO - Dependencies all met for dep_context=requeueable deps ti=<TaskInstance: daily_pollutant_averages_v2.calculate_daily_averages scheduled__2025-01-27T09:05:00+00:00 [queued]>
[2025-01-27T09:10:01.338+0000] {taskinstance.py:2866} INFO - Starting attempt 1 of 2
[2025-01-27T09:10:01.353+0000] {taskinstance.py:2889} INFO - Executing <Task(PythonOperator): calculate_daily_averages> on 2025-01-27 09:05:00+00:00
[2025-01-27T09:10:01.363+0000] {standard_task_runner.py:104} INFO - Running: ['***', 'tasks', 'run', 'daily_pollutant_averages_v2', 'calculate_daily_averages', 'scheduled__2025-01-27T09:05:00+00:00', '--job-id', '58', '--raw', '--subdir', 'DAGS_FOLDER/calcul_avg_polluant_by_day.py', '--cfg-path', '/tmp/tmp74srv7vo']
[2025-01-27T09:10:01.367+0000] {logging_mixin.py:190} WARNING - /home/***/.local/lib/python3.12/site-packages/***/task/task_runner/standard_task_runner.py:70 DeprecationWarning: This process (pid=303) is multi-threaded, use of fork() may lead to deadlocks in the child.
[2025-01-27T09:10:01.368+0000] {standard_task_runner.py:105} INFO - Job 58: Subtask calculate_daily_averages
[2025-01-27T09:10:01.368+0000] {standard_task_runner.py:72} INFO - Started process 305 to run task
[2025-01-27T09:10:01.421+0000] {task_command.py:467} INFO - Running <TaskInstance: daily_pollutant_averages_v2.calculate_daily_averages scheduled__2025-01-27T09:05:00+00:00 [running]> on host 2bb745b4ce9d
[2025-01-27T09:10:01.511+0000] {taskinstance.py:3132} INFO - Exporting env vars: AIRFLOW_CTX_DAG_OWNER='***' AIRFLOW_CTX_DAG_ID='daily_pollutant_averages_v2' AIRFLOW_CTX_TASK_ID='calculate_daily_averages' AIRFLOW_CTX_EXECUTION_DATE='2025-01-27T09:05:00+00:00' AIRFLOW_CTX_TRY_NUMBER='1' AIRFLOW_CTX_DAG_RUN_ID='scheduled__2025-01-27T09:05:00+00:00'
[2025-01-27T09:10:01.512+0000] {taskinstance.py:731} INFO - ::endgroup::
[2025-01-27T09:10:01.540+0000] {logging_mixin.py:190} INFO - Traitement des données pour la station 283164601...
[2025-01-27T09:10:01.547+0000] {logging_mixin.py:190} INFO - Aucune donnée trouvée pour la station 283164601.
[2025-01-27T09:10:01.547+0000] {logging_mixin.py:190} INFO - Traitement des données pour la station 283181971...
[2025-01-27T09:10:01.548+0000] {logging_mixin.py:190} INFO - Aucune donnée trouvée pour la station 283181971.
[2025-01-27T09:10:01.549+0000] {python.py:240} INFO - Done. Returned value was: None
[2025-01-27T09:10:01.559+0000] {taskinstance.py:340} INFO - ::group::Post task execution logs
[2025-01-27T09:10:01.559+0000] {taskinstance.py:352} INFO - Marking task as SUCCESS. dag_id=daily_pollutant_averages_v2, task_id=calculate_daily_averages, run_id=scheduled__2025-01-27T09:05:00+00:00, execution_date=20250127T090500, start_date=20250127T091001, end_date=20250127T091001
[2025-01-27T09:10:01.584+0000] {local_task_job_runner.py:266} INFO - Task exited with return code 0
[2025-01-27T09:10:01.601+0000] {taskinstance.py:3895} INFO - 0 downstream tasks scheduled from follow-on schedule check
[2025-01-27T09:10:01.603+0000] {local_task_job_runner.py:245} INFO - ::endgroup::
