[2025-01-27T09:45:05.427+0000] {local_task_job_runner.py:123} INFO - ::group::Pre task execution logs
[2025-01-27T09:45:05.445+0000] {taskinstance.py:2613} INFO - Dependencies all met for dep_context=non-requeueable deps ti=<TaskInstance: daily_pollutant_averages_v2.calculate_daily_averages scheduled__2025-01-27T09:40:00+00:00 [queued]>
[2025-01-27T09:45:05.455+0000] {taskinstance.py:2613} INFO - Dependencies all met for dep_context=requeueable deps ti=<TaskInstance: daily_pollutant_averages_v2.calculate_daily_averages scheduled__2025-01-27T09:40:00+00:00 [queued]>
[2025-01-27T09:45:05.455+0000] {taskinstance.py:2866} INFO - Starting attempt 1 of 2
[2025-01-27T09:45:05.471+0000] {taskinstance.py:2889} INFO - Executing <Task(PythonOperator): calculate_daily_averages> on 2025-01-27 09:40:00+00:00
[2025-01-27T09:45:05.482+0000] {standard_task_runner.py:104} INFO - Running: ['***', 'tasks', 'run', 'daily_pollutant_averages_v2', 'calculate_daily_averages', 'scheduled__2025-01-27T09:40:00+00:00', '--job-id', '67', '--raw', '--subdir', 'DAGS_FOLDER/calcul_avg_polluant_by_day.py', '--cfg-path', '/tmp/tmp0sse32kc']
[2025-01-27T09:45:05.486+0000] {standard_task_runner.py:105} INFO - Job 67: Subtask calculate_daily_averages
[2025-01-27T09:45:05.488+0000] {logging_mixin.py:190} WARNING - /home/***/.local/lib/python3.12/site-packages/***/task/task_runner/standard_task_runner.py:70 DeprecationWarning: This process (pid=178) is multi-threaded, use of fork() may lead to deadlocks in the child.
[2025-01-27T09:45:05.489+0000] {standard_task_runner.py:72} INFO - Started process 185 to run task
[2025-01-27T09:45:05.548+0000] {task_command.py:467} INFO - Running <TaskInstance: daily_pollutant_averages_v2.calculate_daily_averages scheduled__2025-01-27T09:40:00+00:00 [running]> on host a40bca7f8b38
[2025-01-27T09:45:05.664+0000] {taskinstance.py:3132} INFO - Exporting env vars: AIRFLOW_CTX_DAG_OWNER='***' AIRFLOW_CTX_DAG_ID='daily_pollutant_averages_v2' AIRFLOW_CTX_TASK_ID='calculate_daily_averages' AIRFLOW_CTX_EXECUTION_DATE='2025-01-27T09:40:00+00:00' AIRFLOW_CTX_TRY_NUMBER='1' AIRFLOW_CTX_DAG_RUN_ID='scheduled__2025-01-27T09:40:00+00:00'
[2025-01-27T09:45:05.665+0000] {taskinstance.py:731} INFO - ::endgroup::
[2025-01-27T09:45:05.715+0000] {logging_mixin.py:190} INFO - Traitement des données pour la station 283164601...
[2025-01-27T09:45:05.723+0000] {logging_mixin.py:190} INFO - Aucune donnée trouvée pour la station 283164601.
[2025-01-27T09:45:05.724+0000] {logging_mixin.py:190} INFO - Traitement des données pour la station 283181971...
[2025-01-27T09:45:05.725+0000] {logging_mixin.py:190} INFO - Aucune donnée trouvée pour la station 283181971.
[2025-01-27T09:45:05.726+0000] {python.py:240} INFO - Done. Returned value was: None
[2025-01-27T09:45:05.739+0000] {taskinstance.py:340} INFO - ::group::Post task execution logs
[2025-01-27T09:45:05.739+0000] {taskinstance.py:352} INFO - Marking task as SUCCESS. dag_id=daily_pollutant_averages_v2, task_id=calculate_daily_averages, run_id=scheduled__2025-01-27T09:40:00+00:00, execution_date=20250127T094000, start_date=20250127T094505, end_date=20250127T094505
[2025-01-27T09:45:05.785+0000] {local_task_job_runner.py:266} INFO - Task exited with return code 0
[2025-01-27T09:45:05.811+0000] {taskinstance.py:3895} INFO - 0 downstream tasks scheduled from follow-on schedule check
[2025-01-27T09:45:05.813+0000] {local_task_job_runner.py:245} INFO - ::endgroup::
