[2025-01-28T01:30:00.604+0000] {local_task_job_runner.py:123} INFO - ::group::Pre task execution logs
[2025-01-28T01:30:00.615+0000] {taskinstance.py:2613} INFO - Dependencies all met for dep_context=non-requeueable deps ti=<TaskInstance: daily_pollutant_averages_v3.calculate_daily_averages scheduled__2025-01-28T01:25:00+00:00 [queued]>
[2025-01-28T01:30:00.620+0000] {taskinstance.py:2613} INFO - Dependencies all met for dep_context=requeueable deps ti=<TaskInstance: daily_pollutant_averages_v3.calculate_daily_averages scheduled__2025-01-28T01:25:00+00:00 [queued]>
[2025-01-28T01:30:00.620+0000] {taskinstance.py:2866} INFO - Starting attempt 1 of 2
[2025-01-28T01:30:00.628+0000] {taskinstance.py:2889} INFO - Executing <Task(PythonOperator): calculate_daily_averages> on 2025-01-28 01:25:00+00:00
[2025-01-28T01:30:00.634+0000] {standard_task_runner.py:104} INFO - Running: ['***', 'tasks', 'run', 'daily_pollutant_averages_v3', 'calculate_daily_averages', 'scheduled__2025-01-28T01:25:00+00:00', '--job-id', '94', '--raw', '--subdir', 'DAGS_FOLDER/calcul_avg_polluant_by_day.py', '--cfg-path', '/tmp/tmpuchhfhk3']
[2025-01-28T01:30:00.637+0000] {standard_task_runner.py:105} INFO - Job 94: Subtask calculate_daily_averages
[2025-01-28T01:30:00.638+0000] {logging_mixin.py:190} WARNING - /home/***/.local/lib/python3.12/site-packages/***/task/task_runner/standard_task_runner.py:70 DeprecationWarning: This process (pid=927) is multi-threaded, use of fork() may lead to deadlocks in the child.
[2025-01-28T01:30:00.639+0000] {standard_task_runner.py:72} INFO - Started process 929 to run task
[2025-01-28T01:30:00.673+0000] {task_command.py:467} INFO - Running <TaskInstance: daily_pollutant_averages_v3.calculate_daily_averages scheduled__2025-01-28T01:25:00+00:00 [running]> on host 698e55e2f0ee
[2025-01-28T01:30:00.735+0000] {taskinstance.py:3132} INFO - Exporting env vars: AIRFLOW_CTX_DAG_OWNER='***' AIRFLOW_CTX_DAG_ID='daily_pollutant_averages_v3' AIRFLOW_CTX_TASK_ID='calculate_daily_averages' AIRFLOW_CTX_EXECUTION_DATE='2025-01-28T01:25:00+00:00' AIRFLOW_CTX_TRY_NUMBER='1' AIRFLOW_CTX_DAG_RUN_ID='scheduled__2025-01-28T01:25:00+00:00'
[2025-01-28T01:30:00.736+0000] {taskinstance.py:731} INFO - ::endgroup::
[2025-01-28T01:30:00.753+0000] {logging_mixin.py:190} INFO - Traitement des données pour la station 283164601...
[2025-01-28T01:30:00.769+0000] {logging_mixin.py:190} INFO - Les moyennes pour la station 283164601 et la date 2025-01-28 ont été mises à jour.
[2025-01-28T01:30:00.769+0000] {logging_mixin.py:190} INFO - Traitement des données pour la station 283181971...
[2025-01-28T01:30:00.778+0000] {logging_mixin.py:190} INFO - Les moyennes pour la station 283181971 et la date 2025-01-28 ont été mises à jour.
[2025-01-28T01:30:00.778+0000] {python.py:240} INFO - Done. Returned value was: None
[2025-01-28T01:30:00.785+0000] {taskinstance.py:340} INFO - ::group::Post task execution logs
[2025-01-28T01:30:00.786+0000] {taskinstance.py:352} INFO - Marking task as SUCCESS. dag_id=daily_pollutant_averages_v3, task_id=calculate_daily_averages, run_id=scheduled__2025-01-28T01:25:00+00:00, execution_date=20250128T012500, start_date=20250128T013000, end_date=20250128T013000
[2025-01-28T01:30:00.813+0000] {local_task_job_runner.py:266} INFO - Task exited with return code 0
[2025-01-28T01:30:00.826+0000] {taskinstance.py:3895} INFO - 0 downstream tasks scheduled from follow-on schedule check
[2025-01-28T01:30:00.828+0000] {local_task_job_runner.py:245} INFO - ::endgroup::
