[2025-02-02T15:48:54.016+0000] {local_task_job_runner.py:123} INFO - ::group::Pre task execution logs
[2025-02-02T15:48:54.029+0000] {taskinstance.py:2613} INFO - Dependencies all met for dep_context=non-requeueable deps ti=<TaskInstance: daily_pollutant_averages_v4.calculate_daily_averages manual__2025-02-02T15:48:53.039176+00:00 [queued]>
[2025-02-02T15:48:54.036+0000] {taskinstance.py:2613} INFO - Dependencies all met for dep_context=requeueable deps ti=<TaskInstance: daily_pollutant_averages_v4.calculate_daily_averages manual__2025-02-02T15:48:53.039176+00:00 [queued]>
[2025-02-02T15:48:54.036+0000] {taskinstance.py:2866} INFO - Starting attempt 1 of 2
[2025-02-02T15:48:54.047+0000] {taskinstance.py:2889} INFO - Executing <Task(PythonOperator): calculate_daily_averages> on 2025-02-02 15:48:53.039176+00:00
[2025-02-02T15:48:54.058+0000] {standard_task_runner.py:104} INFO - Running: ['***', 'tasks', 'run', 'daily_pollutant_averages_v4', 'calculate_daily_averages', 'manual__2025-02-02T15:48:53.039176+00:00', '--job-id', '152', '--raw', '--subdir', 'DAGS_FOLDER/calcul_avg_polluant_by_day.py', '--cfg-path', '/tmp/tmp3n85izbz']
[2025-02-02T15:48:54.060+0000] {logging_mixin.py:190} WARNING - /home/***/.local/lib/python3.12/site-packages/***/task/task_runner/standard_task_runner.py:70 DeprecationWarning: This process (pid=1007) is multi-threaded, use of fork() may lead to deadlocks in the child.
[2025-02-02T15:48:54.060+0000] {standard_task_runner.py:105} INFO - Job 152: Subtask calculate_daily_averages
[2025-02-02T15:48:54.061+0000] {standard_task_runner.py:72} INFO - Started process 1009 to run task
[2025-02-02T15:48:54.096+0000] {task_command.py:467} INFO - Running <TaskInstance: daily_pollutant_averages_v4.calculate_daily_averages manual__2025-02-02T15:48:53.039176+00:00 [running]> on host a0bc887b90c4
[2025-02-02T15:48:54.162+0000] {taskinstance.py:3132} INFO - Exporting env vars: AIRFLOW_CTX_DAG_OWNER='***' AIRFLOW_CTX_DAG_ID='daily_pollutant_averages_v4' AIRFLOW_CTX_TASK_ID='calculate_daily_averages' AIRFLOW_CTX_EXECUTION_DATE='2025-02-02T15:48:53.039176+00:00' AIRFLOW_CTX_TRY_NUMBER='1' AIRFLOW_CTX_DAG_RUN_ID='manual__2025-02-02T15:48:53.039176+00:00'
[2025-02-02T15:48:54.163+0000] {taskinstance.py:731} INFO - ::endgroup::
[2025-02-02T15:48:54.180+0000] {logging_mixin.py:190} INFO - Traitement des données pour la station 283164601...
[2025-02-02T15:48:54.196+0000] {logging_mixin.py:190} INFO - Les moyennes pour la station 283164601 et la date 2025-02-02 ont été mises à jour.
[2025-02-02T15:48:54.197+0000] {logging_mixin.py:190} INFO - Traitement des données pour la station 283181971...
[2025-02-02T15:48:54.205+0000] {logging_mixin.py:190} INFO - Les moyennes pour la station 283181971 et la date 2025-02-02 ont été mises à jour.
[2025-02-02T15:48:54.205+0000] {python.py:240} INFO - Done. Returned value was: None
[2025-02-02T15:48:54.262+0000] {taskinstance.py:340} INFO - ::group::Post task execution logs
[2025-02-02T15:48:54.262+0000] {taskinstance.py:352} INFO - Marking task as SUCCESS. dag_id=daily_pollutant_averages_v4, task_id=calculate_daily_averages, run_id=manual__2025-02-02T15:48:53.039176+00:00, execution_date=20250202T154853, start_date=20250202T154854, end_date=20250202T154854
[2025-02-02T15:48:54.275+0000] {local_task_job_runner.py:266} INFO - Task exited with return code 0
[2025-02-02T15:48:54.286+0000] {taskinstance.py:3895} INFO - 0 downstream tasks scheduled from follow-on schedule check
[2025-02-02T15:48:54.288+0000] {local_task_job_runner.py:245} INFO - ::endgroup::
