[2025-01-25T15:34:05.145+0000] {local_task_job_runner.py:123} INFO - ::group::Pre task execution logs
[2025-01-25T15:34:05.179+0000] {taskinstance.py:2613} INFO - Dependencies all met for dep_context=non-requeueable deps ti=<TaskInstance: extraction_by_hour_dag_v11.extract_and_load_to_mongodb_station_1 scheduled__2025-01-25T12:35:00+00:00 [queued]>
[2025-01-25T15:34:05.187+0000] {taskinstance.py:2613} INFO - Dependencies all met for dep_context=requeueable deps ti=<TaskInstance: extraction_by_hour_dag_v11.extract_and_load_to_mongodb_station_1 scheduled__2025-01-25T12:35:00+00:00 [queued]>
[2025-01-25T15:34:05.188+0000] {taskinstance.py:2866} INFO - Starting attempt 1 of 2
[2025-01-25T15:34:05.201+0000] {taskinstance.py:2889} INFO - Executing <Task(PythonOperator): extract_and_load_to_mongodb_station_1> on 2025-01-25 12:35:00+00:00
[2025-01-25T15:34:05.210+0000] {standard_task_runner.py:104} INFO - Running: ['***', 'tasks', 'run', 'extraction_by_hour_dag_v11', 'extract_and_load_to_mongodb_station_1', 'scheduled__2025-01-25T12:35:00+00:00', '--job-id', '11', '--raw', '--subdir', 'DAGS_FOLDER/extract_data_by_hour.py', '--cfg-path', '/tmp/tmpf1348wu3']
[2025-01-25T15:34:05.213+0000] {standard_task_runner.py:105} INFO - Job 11: Subtask extract_and_load_to_mongodb_station_1
[2025-01-25T15:34:05.215+0000] {logging_mixin.py:190} WARNING - /home/***/.local/lib/python3.12/site-packages/***/task/task_runner/standard_task_runner.py:70 DeprecationWarning: This process (pid=4914) is multi-threaded, use of fork() may lead to deadlocks in the child.
[2025-01-25T15:34:05.216+0000] {standard_task_runner.py:72} INFO - Started process 4917 to run task
[2025-01-25T15:34:05.259+0000] {task_command.py:467} INFO - Running <TaskInstance: extraction_by_hour_dag_v11.extract_and_load_to_mongodb_station_1 scheduled__2025-01-25T12:35:00+00:00 [running]> on host 64d28392d4c0
[2025-01-25T15:34:05.352+0000] {taskinstance.py:3132} INFO - Exporting env vars: AIRFLOW_CTX_DAG_OWNER='***' AIRFLOW_CTX_DAG_ID='extraction_by_hour_dag_v11' AIRFLOW_CTX_TASK_ID='extract_and_load_to_mongodb_station_1' AIRFLOW_CTX_EXECUTION_DATE='2025-01-25T12:35:00+00:00' AIRFLOW_CTX_TRY_NUMBER='1' AIRFLOW_CTX_DAG_RUN_ID='scheduled__2025-01-25T12:35:00+00:00'
[2025-01-25T15:34:05.354+0000] {taskinstance.py:731} INFO - ::endgroup::
[2025-01-25T15:34:06.173+0000] {local_task_job_runner.py:123} INFO - ::group::Pre task execution logs
[2025-01-25T15:34:06.219+0000] {taskinstance.py:2613} INFO - Dependencies all met for dep_context=non-requeueable deps ti=<TaskInstance: extraction_by_hour_dag_v11.extract_and_load_to_mongodb_station_1 scheduled__2025-01-25T12:35:00+00:00 [queued]>
[2025-01-25T15:34:06.227+0000] {taskinstance.py:2613} INFO - Dependencies all met for dep_context=requeueable deps ti=<TaskInstance: extraction_by_hour_dag_v11.extract_and_load_to_mongodb_station_1 scheduled__2025-01-25T12:35:00+00:00 [queued]>
[2025-01-25T15:34:06.227+0000] {taskinstance.py:2866} INFO - Starting attempt 1 of 2
[2025-01-25T15:34:06.241+0000] {taskinstance.py:2889} INFO - Executing <Task(PythonOperator): extract_and_load_to_mongodb_station_1> on 2025-01-25 12:35:00+00:00
[2025-01-25T15:34:06.256+0000] {logging_mixin.py:190} WARNING - /home/***/.local/lib/python3.12/site-packages/***/task/task_runner/standard_task_runner.py:70 DeprecationWarning: This process (pid=18237) is multi-threaded, use of fork() may lead to deadlocks in the child.
[2025-01-25T15:34:06.258+0000] {standard_task_runner.py:104} INFO - Running: ['***', 'tasks', 'run', 'extraction_by_hour_dag_v11', 'extract_and_load_to_mongodb_station_1', 'scheduled__2025-01-25T12:35:00+00:00', '--job-id', '34', '--raw', '--subdir', 'DAGS_FOLDER/extract_data_by_hour.py', '--cfg-path', '/tmp/tmpopwqgm4n']
[2025-01-25T15:34:06.261+0000] {standard_task_runner.py:105} INFO - Job 34: Subtask extract_and_load_to_mongodb_station_1
[2025-01-25T15:34:06.260+0000] {standard_task_runner.py:72} INFO - Started process 18242 to run task
[2025-01-25T15:34:06.339+0000] {task_command.py:467} INFO - Running <TaskInstance: extraction_by_hour_dag_v11.extract_and_load_to_mongodb_station_1 scheduled__2025-01-25T12:35:00+00:00 [running]> on host 8969ebd0a926
[2025-01-25T15:34:06.442+0000] {taskinstance.py:3132} INFO - Exporting env vars: AIRFLOW_CTX_DAG_OWNER='***' AIRFLOW_CTX_DAG_ID='extraction_by_hour_dag_v11' AIRFLOW_CTX_TASK_ID='extract_and_load_to_mongodb_station_1' AIRFLOW_CTX_EXECUTION_DATE='2025-01-25T12:35:00+00:00' AIRFLOW_CTX_TRY_NUMBER='1' AIRFLOW_CTX_DAG_RUN_ID='scheduled__2025-01-25T12:35:00+00:00'
[2025-01-25T15:34:06.443+0000] {taskinstance.py:731} INFO - ::endgroup::
[2025-01-25T15:34:06.600+0000] {logging_mixin.py:190} INFO - Erreur pour la station 283164601 : HTTPSConnectionPool(host='airqino-api.magentalab.it', port=443): Max retries exceeded with url: /v3/getStationHourlyAvg/283164601 (Caused by NameResolutionError("<urllib3.connection.HTTPSConnection object at 0x7fe639a11f10>: Failed to resolve 'airqino-api.magentalab.it' ([Errno -2] Name or service not known)"))
[2025-01-25T15:34:06.604+0000] {logging_mixin.py:190} INFO - Erreur pour la station 283181971 : HTTPSConnectionPool(host='airqino-api.magentalab.it', port=443): Max retries exceeded with url: /v3/getStationHourlyAvg/283181971 (Caused by NameResolutionError("<urllib3.connection.HTTPSConnection object at 0x7fe6398ec080>: Failed to resolve 'airqino-api.magentalab.it' ([Errno -2] Name or service not known)"))
[2025-01-25T15:34:06.605+0000] {logging_mixin.py:190} INFO - Aucune donnée valide récupérée pour la station 283164601.
[2025-01-25T15:34:06.605+0000] {python.py:240} INFO - Done. Returned value was: None
[2025-01-25T15:34:06.616+0000] {taskinstance.py:340} INFO - ::group::Post task execution logs
[2025-01-25T15:34:06.616+0000] {taskinstance.py:352} INFO - Marking task as SUCCESS. dag_id=extraction_by_hour_dag_v11, task_id=extract_and_load_to_mongodb_station_1, run_id=scheduled__2025-01-25T12:35:00+00:00, execution_date=20250125T123500, start_date=20250125T153406, end_date=20250125T153406
[2025-01-25T15:34:06.684+0000] {local_task_job_runner.py:266} INFO - Task exited with return code 0
[2025-01-25T15:34:06.710+0000] {taskinstance.py:3895} INFO - 0 downstream tasks scheduled from follow-on schedule check
[2025-01-25T15:34:06.712+0000] {local_task_job_runner.py:245} INFO - ::endgroup::
[2025-01-25T18:10:05.954+0000] {logging_mixin.py:190} INFO - Erreur pour la station 283164601 : HTTPSConnectionPool(host='airqino-api.magentalab.it', port=443): Max retries exceeded with url: /v3/getStationHourlyAvg/283164601 (Caused by NameResolutionError("<urllib3.connection.HTTPSConnection object at 0x7fc68bf43410>: Failed to resolve 'airqino-api.magentalab.it' ([Errno -3] Temporary failure in name resolution)"))
[2025-01-25T18:10:07.908+0000] {job.py:229} INFO - Heartbeat recovered after 9357.65 seconds
[2025-01-25T18:10:13.970+0000] {logging_mixin.py:190} INFO - Erreur pour la station 283181971 : HTTPSConnectionPool(host='airqino-api.magentalab.it', port=443): Max retries exceeded with url: /v3/getStationHourlyAvg/283181971 (Caused by NameResolutionError("<urllib3.connection.HTTPSConnection object at 0x7fc68bcd4500>: Failed to resolve 'airqino-api.magentalab.it' ([Errno -3] Temporary failure in name resolution)"))
[2025-01-25T18:10:13.984+0000] {logging_mixin.py:190} INFO - Aucune donnée valide récupérée pour la station 283164601.
[2025-01-25T18:10:13.985+0000] {python.py:240} INFO - Done. Returned value was: None
[2025-01-25T18:10:16.086+0000] {taskinstance.py:340} INFO - ::group::Post task execution logs
[2025-01-25T18:10:16.087+0000] {taskinstance.py:352} INFO - Marking task as SUCCESS. dag_id=extraction_by_hour_dag_v11, task_id=extract_and_load_to_mongodb_station_1, run_id=scheduled__2025-01-25T12:35:00+00:00, execution_date=20250125T123500, start_date=20250125T153405, end_date=20250125T181016
[2025-01-25T18:10:16.147+0000] {local_task_job_runner.py:266} INFO - Task exited with return code 0
[2025-01-25T18:10:16.178+0000] {taskinstance.py:3895} INFO - 0 downstream tasks scheduled from follow-on schedule check
[2025-01-25T18:10:16.180+0000] {local_task_job_runner.py:245} INFO - ::endgroup::
