[2025-02-02T12:41:30.951+0000] {local_task_job_runner.py:123} INFO - ::group::Pre task execution logs
[2025-02-02T12:41:30.968+0000] {taskinstance.py:2613} INFO - Dependencies all met for dep_context=non-requeueable deps ti=<TaskInstance: forecasting_by_hour_v3.run_forecasting manual__2025-02-02T12:36:28.527156+00:00 [queued]>
[2025-02-02T12:41:30.974+0000] {taskinstance.py:2613} INFO - Dependencies all met for dep_context=requeueable deps ti=<TaskInstance: forecasting_by_hour_v3.run_forecasting manual__2025-02-02T12:36:28.527156+00:00 [queued]>
[2025-02-02T12:41:30.975+0000] {taskinstance.py:2866} INFO - Starting attempt 2 of 2
[2025-02-02T12:41:30.987+0000] {taskinstance.py:2889} INFO - Executing <Task(PythonOperator): run_forecasting> on 2025-02-02 12:36:28.527156+00:00
[2025-02-02T12:41:30.994+0000] {standard_task_runner.py:104} INFO - Running: ['***', 'tasks', 'run', 'forecasting_by_hour_v3', 'run_forecasting', 'manual__2025-02-02T12:36:28.527156+00:00', '--job-id', '119', '--raw', '--subdir', 'DAGS_FOLDER/forecasting_by_hour.py', '--cfg-path', '/tmp/tmpbkinl_ry']
[2025-02-02T12:41:30.996+0000] {standard_task_runner.py:105} INFO - Job 119: Subtask run_forecasting
[2025-02-02T12:41:30.996+0000] {logging_mixin.py:190} WARNING - /home/***/.local/lib/python3.12/site-packages/***/task/task_runner/standard_task_runner.py:70 DeprecationWarning: This process (pid=83457) is multi-threaded, use of fork() may lead to deadlocks in the child.
[2025-02-02T12:41:30.996+0000] {standard_task_runner.py:72} INFO - Started process 83458 to run task
[2025-02-02T12:41:31.035+0000] {task_command.py:467} INFO - Running <TaskInstance: forecasting_by_hour_v3.run_forecasting manual__2025-02-02T12:36:28.527156+00:00 [running]> on host 6f5fd3382d74
[2025-02-02T12:41:31.111+0000] {taskinstance.py:3132} INFO - Exporting env vars: AIRFLOW_CTX_DAG_OWNER='***' AIRFLOW_CTX_DAG_ID='forecasting_by_hour_v3' AIRFLOW_CTX_TASK_ID='run_forecasting' AIRFLOW_CTX_EXECUTION_DATE='2025-02-02T12:36:28.527156+00:00' AIRFLOW_CTX_TRY_NUMBER='2' AIRFLOW_CTX_DAG_RUN_ID='manual__2025-02-02T12:36:28.527156+00:00'
[2025-02-02T12:41:31.112+0000] {taskinstance.py:731} INFO - ::endgroup::
[2025-02-02T12:41:31.152+0000] {logging_mixin.py:190} INFO - Erreur lors de l'exécution du script de prévision : python3: can't open file '/opt/***/../ml/forecasting.py': [Errno 2] No such file or directory
[2025-02-02T12:41:31.153+0000] {taskinstance.py:3311} ERROR - Task failed with exception
Traceback (most recent call last):
  File "/home/airflow/.local/lib/python3.12/site-packages/airflow/models/taskinstance.py", line 767, in _execute_task
    result = _execute_callable(context=context, **execute_callable_kwargs)
             ^^^^^^^^^^^^^^^^^^^^^^^^^^^^^^^^^^^^^^^^^^^^^^^^^^^^^^^^^^^^^
  File "/home/airflow/.local/lib/python3.12/site-packages/airflow/models/taskinstance.py", line 733, in _execute_callable
    return ExecutionCallableRunner(
           ^^^^^^^^^^^^^^^^^^^^^^^^
  File "/home/airflow/.local/lib/python3.12/site-packages/airflow/utils/operator_helpers.py", line 252, in run
    return self.func(*args, **kwargs)
           ^^^^^^^^^^^^^^^^^^^^^^^^^^
  File "/home/airflow/.local/lib/python3.12/site-packages/airflow/models/baseoperator.py", line 422, in wrapper
    return func(self, *args, **kwargs)
           ^^^^^^^^^^^^^^^^^^^^^^^^^^^
  File "/home/airflow/.local/lib/python3.12/site-packages/airflow/operators/python.py", line 238, in execute
    return_value = self.execute_callable()
                   ^^^^^^^^^^^^^^^^^^^^^^^
  File "/home/airflow/.local/lib/python3.12/site-packages/airflow/operators/python.py", line 256, in execute_callable
    return runner.run(*self.op_args, **self.op_kwargs)
           ^^^^^^^^^^^^^^^^^^^^^^^^^^^^^^^^^^^^^^^^^^^
  File "/home/airflow/.local/lib/python3.12/site-packages/airflow/utils/operator_helpers.py", line 252, in run
    return self.func(*args, **kwargs)
           ^^^^^^^^^^^^^^^^^^^^^^^^^^
  File "/opt/airflow/dags/forecasting_by_hour.py", line 8, in run_forecasting_script
    result = subprocess.run(
             ^^^^^^^^^^^^^^^
  File "/usr/local/lib/python3.12/subprocess.py", line 571, in run
    raise CalledProcessError(retcode, process.args,
subprocess.CalledProcessError: Command '['python3', '../ml/forecasting.py']' returned non-zero exit status 2.
[2025-02-02T12:41:31.161+0000] {taskinstance.py:1225} INFO - Marking task as FAILED. dag_id=forecasting_by_hour_v3, task_id=run_forecasting, run_id=manual__2025-02-02T12:36:28.527156+00:00, execution_date=20250202T123628, start_date=20250202T124130, end_date=20250202T124131
[2025-02-02T12:41:31.172+0000] {taskinstance.py:340} INFO - ::group::Post task execution logs
[2025-02-02T12:41:31.173+0000] {standard_task_runner.py:124} ERROR - Failed to execute job 119 for task run_forecasting (Command '['python3', '../ml/forecasting.py']' returned non-zero exit status 2.; 83458)
Traceback (most recent call last):
  File "/home/airflow/.local/lib/python3.12/site-packages/airflow/task/task_runner/standard_task_runner.py", line 117, in _start_by_fork
    ret = args.func(args, dag=self.dag)
          ^^^^^^^^^^^^^^^^^^^^^^^^^^^^^
  File "/home/airflow/.local/lib/python3.12/site-packages/airflow/cli/cli_config.py", line 49, in command
    return func(*args, **kwargs)
           ^^^^^^^^^^^^^^^^^^^^^
  File "/home/airflow/.local/lib/python3.12/site-packages/airflow/utils/cli.py", line 116, in wrapper
    return f(*args, **kwargs)
           ^^^^^^^^^^^^^^^^^^
  File "/home/airflow/.local/lib/python3.12/site-packages/airflow/cli/commands/task_command.py", line 483, in task_run
    task_return_code = _run_task_by_selected_method(args, _dag, ti)
                       ^^^^^^^^^^^^^^^^^^^^^^^^^^^^^^^^^^^^^^^^^^^^
  File "/home/airflow/.local/lib/python3.12/site-packages/airflow/cli/commands/task_command.py", line 256, in _run_task_by_selected_method
    return _run_raw_task(args, ti)
           ^^^^^^^^^^^^^^^^^^^^^^^
  File "/home/airflow/.local/lib/python3.12/site-packages/airflow/cli/commands/task_command.py", line 341, in _run_raw_task
    return ti._run_raw_task(
           ^^^^^^^^^^^^^^^^^
  File "/home/airflow/.local/lib/python3.12/site-packages/airflow/utils/session.py", line 97, in wrapper
    return func(*args, session=session, **kwargs)
           ^^^^^^^^^^^^^^^^^^^^^^^^^^^^^^^^^^^^^^
  File "/home/airflow/.local/lib/python3.12/site-packages/airflow/models/taskinstance.py", line 3005, in _run_raw_task
    return _run_raw_task(
           ^^^^^^^^^^^^^^
  File "/home/airflow/.local/lib/python3.12/site-packages/airflow/models/taskinstance.py", line 273, in _run_raw_task
    TaskInstance._execute_task_with_callbacks(
  File "/home/airflow/.local/lib/python3.12/site-packages/airflow/models/taskinstance.py", line 3159, in _execute_task_with_callbacks
    result = self._execute_task(context, task_orig)
             ^^^^^^^^^^^^^^^^^^^^^^^^^^^^^^^^^^^^^^
  File "/home/airflow/.local/lib/python3.12/site-packages/airflow/models/taskinstance.py", line 3183, in _execute_task
    return _execute_task(self, context, task_orig)
           ^^^^^^^^^^^^^^^^^^^^^^^^^^^^^^^^^^^^^^^
  File "/home/airflow/.local/lib/python3.12/site-packages/airflow/models/taskinstance.py", line 767, in _execute_task
    result = _execute_callable(context=context, **execute_callable_kwargs)
             ^^^^^^^^^^^^^^^^^^^^^^^^^^^^^^^^^^^^^^^^^^^^^^^^^^^^^^^^^^^^^
  File "/home/airflow/.local/lib/python3.12/site-packages/airflow/models/taskinstance.py", line 733, in _execute_callable
    return ExecutionCallableRunner(
           ^^^^^^^^^^^^^^^^^^^^^^^^
  File "/home/airflow/.local/lib/python3.12/site-packages/airflow/utils/operator_helpers.py", line 252, in run
    return self.func(*args, **kwargs)
           ^^^^^^^^^^^^^^^^^^^^^^^^^^
  File "/home/airflow/.local/lib/python3.12/site-packages/airflow/models/baseoperator.py", line 422, in wrapper
    return func(self, *args, **kwargs)
           ^^^^^^^^^^^^^^^^^^^^^^^^^^^
  File "/home/airflow/.local/lib/python3.12/site-packages/airflow/operators/python.py", line 238, in execute
    return_value = self.execute_callable()
                   ^^^^^^^^^^^^^^^^^^^^^^^
  File "/home/airflow/.local/lib/python3.12/site-packages/airflow/operators/python.py", line 256, in execute_callable
    return runner.run(*self.op_args, **self.op_kwargs)
           ^^^^^^^^^^^^^^^^^^^^^^^^^^^^^^^^^^^^^^^^^^^
  File "/home/airflow/.local/lib/python3.12/site-packages/airflow/utils/operator_helpers.py", line 252, in run
    return self.func(*args, **kwargs)
           ^^^^^^^^^^^^^^^^^^^^^^^^^^
  File "/opt/airflow/dags/forecasting_by_hour.py", line 8, in run_forecasting_script
    result = subprocess.run(
             ^^^^^^^^^^^^^^^
  File "/usr/local/lib/python3.12/subprocess.py", line 571, in run
    raise CalledProcessError(retcode, process.args,
subprocess.CalledProcessError: Command '['python3', '../ml/forecasting.py']' returned non-zero exit status 2.
[2025-02-02T12:41:31.211+0000] {local_task_job_runner.py:266} INFO - Task exited with return code 1
[2025-02-02T12:41:31.224+0000] {taskinstance.py:3895} INFO - 0 downstream tasks scheduled from follow-on schedule check
[2025-02-02T12:41:31.226+0000] {local_task_job_runner.py:245} INFO - ::endgroup::
