[2025-02-02T05:19:43.287+0000] {local_task_job_runner.py:123} INFO - ::group::Pre task execution logs
[2025-02-02T05:19:43.311+0000] {taskinstance.py:2613} INFO - Dependencies all met for dep_context=non-requeueable deps ti=<TaskInstance: extraction_by_hour_dag_v15.extract_and_load_to_mongodb_station_2 scheduled__2025-02-02T04:00:00+00:00 [queued]>
[2025-02-02T05:19:43.325+0000] {taskinstance.py:2613} INFO - Dependencies all met for dep_context=requeueable deps ti=<TaskInstance: extraction_by_hour_dag_v15.extract_and_load_to_mongodb_station_2 scheduled__2025-02-02T04:00:00+00:00 [queued]>
[2025-02-02T05:19:43.325+0000] {taskinstance.py:2866} INFO - Starting attempt 1 of 2
[2025-02-02T05:19:43.337+0000] {taskinstance.py:2889} INFO - Executing <Task(PythonOperator): extract_and_load_to_mongodb_station_2> on 2025-02-02 04:00:00+00:00
[2025-02-02T05:19:43.348+0000] {standard_task_runner.py:104} INFO - Running: ['***', 'tasks', 'run', 'extraction_by_hour_dag_v15', 'extract_and_load_to_mongodb_station_2', 'scheduled__2025-02-02T04:00:00+00:00', '--job-id', '75', '--raw', '--subdir', 'DAGS_FOLDER/extract_data_by_hour.py', '--cfg-path', '/tmp/tmp876dlll4']
[2025-02-02T05:19:43.352+0000] {standard_task_runner.py:105} INFO - Job 75: Subtask extract_and_load_to_mongodb_station_2
[2025-02-02T05:19:43.360+0000] {logging_mixin.py:190} WARNING - /home/***/.local/lib/python3.12/site-packages/***/task/task_runner/standard_task_runner.py:70 DeprecationWarning: This process (pid=65546) is multi-threaded, use of fork() may lead to deadlocks in the child.
[2025-02-02T05:19:43.361+0000] {standard_task_runner.py:72} INFO - Started process 65548 to run task
[2025-02-02T05:19:43.445+0000] {task_command.py:467} INFO - Running <TaskInstance: extraction_by_hour_dag_v15.extract_and_load_to_mongodb_station_2 scheduled__2025-02-02T04:00:00+00:00 [running]> on host 6f5fd3382d74
[2025-02-02T05:19:43.547+0000] {taskinstance.py:3132} INFO - Exporting env vars: AIRFLOW_CTX_DAG_OWNER='***' AIRFLOW_CTX_DAG_ID='extraction_by_hour_dag_v15' AIRFLOW_CTX_TASK_ID='extract_and_load_to_mongodb_station_2' AIRFLOW_CTX_EXECUTION_DATE='2025-02-02T04:00:00+00:00' AIRFLOW_CTX_TRY_NUMBER='1' AIRFLOW_CTX_DAG_RUN_ID='scheduled__2025-02-02T04:00:00+00:00'
[2025-02-02T05:19:43.548+0000] {taskinstance.py:731} INFO - ::endgroup::
[2025-02-02T05:20:06.753+0000] {job.py:229} INFO - Heartbeat recovered after 18.34 seconds
[2025-02-02T05:20:37.033+0000] {logging_mixin.py:190} INFO - Erreur lors de l'insertion dans MongoDB : localhost:27018: [Errno 111] Connection refused (configured timeouts: socketTimeoutMS: 60000.0ms, connectTimeoutMS: 60000.0ms), Timeout: 30s, Topology Description: <TopologyDescription id: 679f0086361d18f6ecf6055e, topology_type: Unknown, servers: [<ServerDescription ('localhost', 27018) server_type: Unknown, rtt: None, error=AutoReconnect('localhost:27018: [Errno 111] Connection refused (configured timeouts: socketTimeoutMS: 60000.0ms, connectTimeoutMS: 60000.0ms)')>]>
[2025-02-02T05:20:37.040+0000] {python.py:240} INFO - Done. Returned value was: None
[2025-02-02T05:20:37.050+0000] {taskinstance.py:340} INFO - ::group::Post task execution logs
[2025-02-02T05:20:37.051+0000] {taskinstance.py:352} INFO - Marking task as SUCCESS. dag_id=extraction_by_hour_dag_v15, task_id=extract_and_load_to_mongodb_station_2, run_id=scheduled__2025-02-02T04:00:00+00:00, execution_date=20250202T040000, start_date=20250202T051943, end_date=20250202T052037
[2025-02-02T05:20:37.095+0000] {local_task_job_runner.py:266} INFO - Task exited with return code 0
[2025-02-02T05:20:37.107+0000] {taskinstance.py:3895} INFO - 0 downstream tasks scheduled from follow-on schedule check
[2025-02-02T05:20:37.108+0000] {local_task_job_runner.py:245} INFO - ::endgroup::
