[2025-02-02T19:12:57.751+0000] {local_task_job_runner.py:123} INFO - ::group::Pre task execution logs
[2025-02-02T19:12:57.778+0000] {taskinstance.py:2613} INFO - Dependencies all met for dep_context=non-requeueable deps ti=<TaskInstance: extraction_by_hour_dag_v19.extract_and_load_to_mongodb_station_1 scheduled__2025-02-02T18:00:00+00:00 [queued]>
[2025-02-02T19:12:57.792+0000] {taskinstance.py:2613} INFO - Dependencies all met for dep_context=requeueable deps ti=<TaskInstance: extraction_by_hour_dag_v19.extract_and_load_to_mongodb_station_1 scheduled__2025-02-02T18:00:00+00:00 [queued]>
[2025-02-02T19:12:57.793+0000] {taskinstance.py:2866} INFO - Starting attempt 1 of 2
[2025-02-02T19:12:57.813+0000] {taskinstance.py:2889} INFO - Executing <Task(PythonOperator): extract_and_load_to_mongodb_station_1> on 2025-02-02 18:00:00+00:00
[2025-02-02T19:12:57.834+0000] {standard_task_runner.py:104} INFO - Running: ['***', 'tasks', 'run', 'extraction_by_hour_dag_v19', 'extract_and_load_to_mongodb_station_1', 'scheduled__2025-02-02T18:00:00+00:00', '--job-id', '202', '--raw', '--subdir', 'DAGS_FOLDER/extract_data_by_hour.py', '--cfg-path', '/tmp/tmp59b1flkq']
[2025-02-02T19:12:57.836+0000] {logging_mixin.py:190} WARNING - /home/***/.local/lib/python3.12/site-packages/***/task/task_runner/standard_task_runner.py:70 DeprecationWarning: This process (pid=179) is multi-threaded, use of fork() may lead to deadlocks in the child.
[2025-02-02T19:12:57.840+0000] {standard_task_runner.py:105} INFO - Job 202: Subtask extract_and_load_to_mongodb_station_1
[2025-02-02T19:12:57.841+0000] {standard_task_runner.py:72} INFO - Started process 189 to run task
[2025-02-02T19:12:57.920+0000] {task_command.py:467} INFO - Running <TaskInstance: extraction_by_hour_dag_v19.extract_and_load_to_mongodb_station_1 scheduled__2025-02-02T18:00:00+00:00 [running]> on host 13fc8c60662c
[2025-02-02T19:12:58.064+0000] {taskinstance.py:3132} INFO - Exporting env vars: AIRFLOW_CTX_DAG_OWNER='***' AIRFLOW_CTX_DAG_ID='extraction_by_hour_dag_v19' AIRFLOW_CTX_TASK_ID='extract_and_load_to_mongodb_station_1' AIRFLOW_CTX_EXECUTION_DATE='2025-02-02T18:00:00+00:00' AIRFLOW_CTX_TRY_NUMBER='1' AIRFLOW_CTX_DAG_RUN_ID='scheduled__2025-02-02T18:00:00+00:00'
[2025-02-02T19:12:58.066+0000] {taskinstance.py:731} INFO - ::endgroup::
[2025-02-02T19:15:29.102+0000] {logging_mixin.py:190} INFO - Erreur pour la station 283181971 : ('Connection broken: IncompleteRead(696320 bytes read, 645166 more expected)', IncompleteRead(696320 bytes read, 645166 more expected))
[2025-02-02T19:15:29.193+0000] {logging_mixin.py:190} INFO - Dernier enregistrement pour la station 283164601 (list1) inséré avec succès dans MongoDB.
[2025-02-02T19:15:29.197+0000] {logging_mixin.py:190} INFO - Dernier enregistrement pour la station 283164601 (list2) inséré avec succès dans MongoDB.
[2025-02-02T19:15:29.198+0000] {python.py:240} INFO - Done. Returned value was: None
[2025-02-02T19:15:29.211+0000] {taskinstance.py:340} INFO - ::group::Post task execution logs
[2025-02-02T19:15:29.212+0000] {taskinstance.py:352} INFO - Marking task as SUCCESS. dag_id=extraction_by_hour_dag_v19, task_id=extract_and_load_to_mongodb_station_1, run_id=scheduled__2025-02-02T18:00:00+00:00, execution_date=20250202T180000, start_date=20250202T191257, end_date=20250202T191529
[2025-02-02T19:15:29.256+0000] {local_task_job_runner.py:266} INFO - Task exited with return code 0
[2025-02-02T19:15:29.268+0000] {taskinstance.py:3895} INFO - 0 downstream tasks scheduled from follow-on schedule check
[2025-02-02T19:15:29.269+0000] {local_task_job_runner.py:245} INFO - ::endgroup::
