[2025-02-02T08:00:00.730+0000] {local_task_job_runner.py:123} INFO - ::group::Pre task execution logs
[2025-02-02T08:00:00.819+0000] {taskinstance.py:2613} INFO - Dependencies all met for dep_context=non-requeueable deps ti=<TaskInstance: extraction_by_hour_dag_v15.extract_and_load_to_mongodb_station_1 scheduled__2025-02-02T07:00:00+00:00 [queued]>
[2025-02-02T08:00:00.831+0000] {taskinstance.py:2613} INFO - Dependencies all met for dep_context=requeueable deps ti=<TaskInstance: extraction_by_hour_dag_v15.extract_and_load_to_mongodb_station_1 scheduled__2025-02-02T07:00:00+00:00 [queued]>
[2025-02-02T08:00:00.832+0000] {taskinstance.py:2866} INFO - Starting attempt 1 of 2
[2025-02-02T08:00:00.848+0000] {taskinstance.py:2889} INFO - Executing <Task(PythonOperator): extract_and_load_to_mongodb_station_1> on 2025-02-02 07:00:00+00:00
[2025-02-02T08:00:00.858+0000] {standard_task_runner.py:104} INFO - Running: ['***', 'tasks', 'run', 'extraction_by_hour_dag_v15', 'extract_and_load_to_mongodb_station_1', 'scheduled__2025-02-02T07:00:00+00:00', '--job-id', '99', '--raw', '--subdir', 'DAGS_FOLDER/extract_data_by_hour.py', '--cfg-path', '/tmp/tmpv9ho1cmt']
[2025-02-02T08:00:00.861+0000] {standard_task_runner.py:105} INFO - Job 99: Subtask extract_and_load_to_mongodb_station_1
[2025-02-02T08:00:00.866+0000] {logging_mixin.py:190} WARNING - /home/***/.local/lib/python3.12/site-packages/***/task/task_runner/standard_task_runner.py:70 DeprecationWarning: This process (pid=71193) is multi-threaded, use of fork() may lead to deadlocks in the child.
[2025-02-02T08:00:00.867+0000] {standard_task_runner.py:72} INFO - Started process 71197 to run task
[2025-02-02T08:00:00.933+0000] {task_command.py:467} INFO - Running <TaskInstance: extraction_by_hour_dag_v15.extract_and_load_to_mongodb_station_1 scheduled__2025-02-02T07:00:00+00:00 [running]> on host 6f5fd3382d74
[2025-02-02T08:00:01.035+0000] {taskinstance.py:3132} INFO - Exporting env vars: AIRFLOW_CTX_DAG_OWNER='***' AIRFLOW_CTX_DAG_ID='extraction_by_hour_dag_v15' AIRFLOW_CTX_TASK_ID='extract_and_load_to_mongodb_station_1' AIRFLOW_CTX_EXECUTION_DATE='2025-02-02T07:00:00+00:00' AIRFLOW_CTX_TRY_NUMBER='1' AIRFLOW_CTX_DAG_RUN_ID='scheduled__2025-02-02T07:00:00+00:00'
[2025-02-02T08:00:01.036+0000] {taskinstance.py:731} INFO - ::endgroup::
[2025-02-02T08:00:12.676+0000] {logging_mixin.py:190} INFO - Dernier enregistrement pour la station 283164601 (list1) inséré avec succès dans MongoDB.
[2025-02-02T08:00:12.677+0000] {logging_mixin.py:190} INFO - Erreur lors de l'insertion dans MongoDB : E11000 duplicate key error collection: air_quality.hourly_data index: _id_ dup key: { _id: ObjectId('679f260c20f8c733a2317644') }, full error: {'index': 0, 'code': 11000, 'errmsg': "E11000 duplicate key error collection: air_quality.hourly_data index: _id_ dup key: { _id: ObjectId('679f260c20f8c733a2317644') }", 'keyPattern': {'_id': 1}, 'keyValue': {'_id': ObjectId('679f260c20f8c733a2317644')}}
[2025-02-02T08:00:12.678+0000] {python.py:240} INFO - Done. Returned value was: None
[2025-02-02T08:00:12.690+0000] {taskinstance.py:340} INFO - ::group::Post task execution logs
[2025-02-02T08:00:12.691+0000] {taskinstance.py:352} INFO - Marking task as SUCCESS. dag_id=extraction_by_hour_dag_v15, task_id=extract_and_load_to_mongodb_station_1, run_id=scheduled__2025-02-02T07:00:00+00:00, execution_date=20250202T070000, start_date=20250202T080000, end_date=20250202T080012
[2025-02-02T08:00:12.723+0000] {local_task_job_runner.py:266} INFO - Task exited with return code 0
[2025-02-02T08:00:12.734+0000] {taskinstance.py:3895} INFO - 0 downstream tasks scheduled from follow-on schedule check
[2025-02-02T08:00:12.736+0000] {local_task_job_runner.py:245} INFO - ::endgroup::
