[2025-02-02T16:22:34.140+0000] {local_task_job_runner.py:123} INFO - ::group::Pre task execution logs
[2025-02-02T16:22:34.159+0000] {taskinstance.py:2613} INFO - Dependencies all met for dep_context=non-requeueable deps ti=<TaskInstance: extraction_by_hour_dag_v19.extract_and_load_to_mongodb_station_2 manual__2025-02-02T16:22:33.273516+00:00 [queued]>
[2025-02-02T16:22:34.168+0000] {taskinstance.py:2613} INFO - Dependencies all met for dep_context=requeueable deps ti=<TaskInstance: extraction_by_hour_dag_v19.extract_and_load_to_mongodb_station_2 manual__2025-02-02T16:22:33.273516+00:00 [queued]>
[2025-02-02T16:22:34.169+0000] {taskinstance.py:2866} INFO - Starting attempt 1 of 2
[2025-02-02T16:22:34.182+0000] {taskinstance.py:2889} INFO - Executing <Task(PythonOperator): extract_and_load_to_mongodb_station_2> on 2025-02-02 16:22:33.273516+00:00
[2025-02-02T16:22:34.195+0000] {logging_mixin.py:190} WARNING - /home/***/.local/lib/python3.12/site-packages/***/task/task_runner/standard_task_runner.py:70 DeprecationWarning: This process (pid=2789) is multi-threaded, use of fork() may lead to deadlocks in the child.
[2025-02-02T16:22:34.196+0000] {standard_task_runner.py:72} INFO - Started process 2791 to run task
[2025-02-02T16:22:34.194+0000] {standard_task_runner.py:104} INFO - Running: ['***', 'tasks', 'run', 'extraction_by_hour_dag_v19', 'extract_and_load_to_mongodb_station_2', 'manual__2025-02-02T16:22:33.273516+00:00', '--job-id', '186', '--raw', '--subdir', 'DAGS_FOLDER/extract_data_by_hour.py', '--cfg-path', '/tmp/tmp53z02n9j']
[2025-02-02T16:22:34.196+0000] {standard_task_runner.py:105} INFO - Job 186: Subtask extract_and_load_to_mongodb_station_2
[2025-02-02T16:22:34.250+0000] {task_command.py:467} INFO - Running <TaskInstance: extraction_by_hour_dag_v19.extract_and_load_to_mongodb_station_2 manual__2025-02-02T16:22:33.273516+00:00 [running]> on host a0bc887b90c4
[2025-02-02T16:22:34.333+0000] {taskinstance.py:3132} INFO - Exporting env vars: AIRFLOW_CTX_DAG_OWNER='***' AIRFLOW_CTX_DAG_ID='extraction_by_hour_dag_v19' AIRFLOW_CTX_TASK_ID='extract_and_load_to_mongodb_station_2' AIRFLOW_CTX_EXECUTION_DATE='2025-02-02T16:22:33.273516+00:00' AIRFLOW_CTX_TRY_NUMBER='1' AIRFLOW_CTX_DAG_RUN_ID='manual__2025-02-02T16:22:33.273516+00:00'
[2025-02-02T16:22:34.334+0000] {taskinstance.py:731} INFO - ::endgroup::
[2025-02-02T16:22:50.329+0000] {logging_mixin.py:190} INFO - Dernier enregistrement pour la station 283181971 (list1) inséré avec succès dans MongoDB.
[2025-02-02T16:22:50.330+0000] {logging_mixin.py:190} INFO - Erreur lors de l'insertion dans MongoDB : E11000 duplicate key error collection: air_quality.hourly_data index: _id_ dup key: { _id: ObjectId('679f9bda5284e9ba98fec47e') }, full error: {'index': 0, 'code': 11000, 'errmsg': "E11000 duplicate key error collection: air_quality.hourly_data index: _id_ dup key: { _id: ObjectId('679f9bda5284e9ba98fec47e') }", 'keyPattern': {'_id': 1}, 'keyValue': {'_id': ObjectId('679f9bda5284e9ba98fec47e')}}
[2025-02-02T16:22:50.331+0000] {python.py:240} INFO - Done. Returned value was: None
[2025-02-02T16:22:50.343+0000] {taskinstance.py:340} INFO - ::group::Post task execution logs
[2025-02-02T16:22:50.344+0000] {taskinstance.py:352} INFO - Marking task as SUCCESS. dag_id=extraction_by_hour_dag_v19, task_id=extract_and_load_to_mongodb_station_2, run_id=manual__2025-02-02T16:22:33.273516+00:00, execution_date=20250202T162233, start_date=20250202T162234, end_date=20250202T162250
[2025-02-02T16:22:50.392+0000] {local_task_job_runner.py:266} INFO - Task exited with return code 0
[2025-02-02T16:22:50.406+0000] {taskinstance.py:3895} INFO - 0 downstream tasks scheduled from follow-on schedule check
[2025-02-02T16:22:50.407+0000] {local_task_job_runner.py:245} INFO - ::endgroup::
