[2025-02-02T17:26:25.082+0000] {local_task_job_runner.py:123} INFO - ::group::Pre task execution logs
[2025-02-02T17:26:25.115+0000] {taskinstance.py:2613} INFO - Dependencies all met for dep_context=non-requeueable deps ti=<TaskInstance: extraction_by_hour_dag_v19.extract_and_load_to_mongodb_station_2 manual__2025-02-02T17:26:23.570986+00:00 [queued]>
[2025-02-02T17:26:25.130+0000] {taskinstance.py:2613} INFO - Dependencies all met for dep_context=requeueable deps ti=<TaskInstance: extraction_by_hour_dag_v19.extract_and_load_to_mongodb_station_2 manual__2025-02-02T17:26:23.570986+00:00 [queued]>
[2025-02-02T17:26:25.131+0000] {taskinstance.py:2866} INFO - Starting attempt 1 of 2
[2025-02-02T17:26:25.155+0000] {taskinstance.py:2889} INFO - Executing <Task(PythonOperator): extract_and_load_to_mongodb_station_2> on 2025-02-02 17:26:23.570986+00:00
[2025-02-02T17:26:25.176+0000] {logging_mixin.py:190} WARNING - /home/***/.local/lib/python3.12/site-packages/***/task/task_runner/standard_task_runner.py:70 DeprecationWarning: This process (pid=5815) is multi-threaded, use of fork() may lead to deadlocks in the child.
[2025-02-02T17:26:25.178+0000] {standard_task_runner.py:72} INFO - Started process 5818 to run task
[2025-02-02T17:26:25.172+0000] {standard_task_runner.py:104} INFO - Running: ['***', 'tasks', 'run', 'extraction_by_hour_dag_v19', 'extract_and_load_to_mongodb_station_2', 'manual__2025-02-02T17:26:23.570986+00:00', '--job-id', '196', '--raw', '--subdir', 'DAGS_FOLDER/extract_data_by_hour.py', '--cfg-path', '/tmp/tmpqhln1lm4']
[2025-02-02T17:26:25.182+0000] {standard_task_runner.py:105} INFO - Job 196: Subtask extract_and_load_to_mongodb_station_2
[2025-02-02T17:26:25.264+0000] {task_command.py:467} INFO - Running <TaskInstance: extraction_by_hour_dag_v19.extract_and_load_to_mongodb_station_2 manual__2025-02-02T17:26:23.570986+00:00 [running]> on host a0bc887b90c4
[2025-02-02T17:26:25.418+0000] {taskinstance.py:3132} INFO - Exporting env vars: AIRFLOW_CTX_DAG_OWNER='***' AIRFLOW_CTX_DAG_ID='extraction_by_hour_dag_v19' AIRFLOW_CTX_TASK_ID='extract_and_load_to_mongodb_station_2' AIRFLOW_CTX_EXECUTION_DATE='2025-02-02T17:26:23.570986+00:00' AIRFLOW_CTX_TRY_NUMBER='1' AIRFLOW_CTX_DAG_RUN_ID='manual__2025-02-02T17:26:23.570986+00:00'
[2025-02-02T17:26:25.420+0000] {taskinstance.py:731} INFO - ::endgroup::
[2025-02-02T17:32:50.945+0000] {logging_mixin.py:190} INFO - Erreur pour la station 283164601 : ('Connection broken: IncompleteRead(1279104 bytes read, 166311 more expected)', IncompleteRead(1279104 bytes read, 166311 more expected))
[2025-02-02T17:34:50.986+0000] {logging_mixin.py:190} INFO - Dernier enregistrement pour la station 283181971 (list1) inséré avec succès dans MongoDB.
[2025-02-02T17:34:50.992+0000] {logging_mixin.py:190} INFO - Dernier enregistrement pour la station 283181971 (list2) inséré avec succès dans MongoDB.
[2025-02-02T17:34:50.995+0000] {python.py:240} INFO - Done. Returned value was: None
[2025-02-02T17:34:51.336+0000] {taskinstance.py:340} INFO - ::group::Post task execution logs
[2025-02-02T17:34:51.337+0000] {taskinstance.py:352} INFO - Marking task as SUCCESS. dag_id=extraction_by_hour_dag_v19, task_id=extract_and_load_to_mongodb_station_2, run_id=manual__2025-02-02T17:26:23.570986+00:00, execution_date=20250202T172623, start_date=20250202T172625, end_date=20250202T173451
[2025-02-02T17:34:51.375+0000] {local_task_job_runner.py:266} INFO - Task exited with return code 0
[2025-02-02T17:34:51.390+0000] {taskinstance.py:3895} INFO - 0 downstream tasks scheduled from follow-on schedule check
[2025-02-02T17:34:51.393+0000] {local_task_job_runner.py:245} INFO - ::endgroup::
