[2025-01-22T10:09:36.274+0000] {processor.py:186} INFO - Started process (PID=322) to work on /home/airflow/.local/lib/python3.12/site-packages/airflow/example_dags/example_branch_datetime_operator.py
[2025-01-22T10:09:36.275+0000] {processor.py:914} INFO - Processing file /home/airflow/.local/lib/python3.12/site-packages/airflow/example_dags/example_branch_datetime_operator.py for tasks to queue
[2025-01-22T10:09:36.278+0000] {logging_mixin.py:190} INFO - [2025-01-22T10:09:36.278+0000] {dagbag.py:588} INFO - Filling up the DagBag from /home/airflow/.local/lib/python3.12/site-packages/airflow/example_dags/example_branch_datetime_operator.py
[2025-01-22T10:09:36.294+0000] {processor.py:925} INFO - DAG(s) 'example_branch_datetime_operator_3', 'example_branch_datetime_operator', 'example_branch_datetime_operator_2' retrieved from /home/airflow/.local/lib/python3.12/site-packages/airflow/example_dags/example_branch_datetime_operator.py
[2025-01-22T10:09:36.429+0000] {logging_mixin.py:190} INFO - [2025-01-22T10:09:36.428+0000] {override.py:1911} INFO - Created Permission View: can edit on DAG:example_branch_datetime_operator_3
[2025-01-22T10:09:36.442+0000] {logging_mixin.py:190} INFO - [2025-01-22T10:09:36.441+0000] {override.py:1911} INFO - Created Permission View: can delete on DAG:example_branch_datetime_operator_3
[2025-01-22T10:09:36.449+0000] {logging_mixin.py:190} INFO - [2025-01-22T10:09:36.449+0000] {override.py:1911} INFO - Created Permission View: can read on DAG:example_branch_datetime_operator_3
[2025-01-22T10:09:36.460+0000] {logging_mixin.py:190} INFO - [2025-01-22T10:09:36.459+0000] {override.py:1911} INFO - Created Permission View: can create on DAG Run:example_branch_datetime_operator_3
[2025-01-22T10:09:36.468+0000] {logging_mixin.py:190} INFO - [2025-01-22T10:09:36.468+0000] {override.py:1911} INFO - Created Permission View: can delete on DAG Run:example_branch_datetime_operator_3
[2025-01-22T10:09:36.478+0000] {logging_mixin.py:190} INFO - [2025-01-22T10:09:36.478+0000] {override.py:1911} INFO - Created Permission View: menu access on DAG Run:example_branch_datetime_operator_3
[2025-01-22T10:09:36.485+0000] {logging_mixin.py:190} INFO - [2025-01-22T10:09:36.485+0000] {override.py:1911} INFO - Created Permission View: can read on DAG Run:example_branch_datetime_operator_3
[2025-01-22T10:09:36.500+0000] {logging_mixin.py:190} INFO - [2025-01-22T10:09:36.499+0000] {override.py:1911} INFO - Created Permission View: can edit on DAG:example_branch_datetime_operator
[2025-01-22T10:09:36.507+0000] {logging_mixin.py:190} INFO - [2025-01-22T10:09:36.506+0000] {override.py:1911} INFO - Created Permission View: can delete on DAG:example_branch_datetime_operator
[2025-01-22T10:09:36.514+0000] {logging_mixin.py:190} INFO - [2025-01-22T10:09:36.514+0000] {override.py:1911} INFO - Created Permission View: can read on DAG:example_branch_datetime_operator
[2025-01-22T10:09:36.522+0000] {logging_mixin.py:190} INFO - [2025-01-22T10:09:36.521+0000] {override.py:1911} INFO - Created Permission View: can create on DAG Run:example_branch_datetime_operator
[2025-01-22T10:09:36.532+0000] {logging_mixin.py:190} INFO - [2025-01-22T10:09:36.532+0000] {override.py:1911} INFO - Created Permission View: can delete on DAG Run:example_branch_datetime_operator
[2025-01-22T10:09:36.543+0000] {logging_mixin.py:190} INFO - [2025-01-22T10:09:36.542+0000] {override.py:1911} INFO - Created Permission View: menu access on DAG Run:example_branch_datetime_operator
[2025-01-22T10:09:36.551+0000] {logging_mixin.py:190} INFO - [2025-01-22T10:09:36.550+0000] {override.py:1911} INFO - Created Permission View: can read on DAG Run:example_branch_datetime_operator
[2025-01-22T10:09:36.573+0000] {logging_mixin.py:190} INFO - [2025-01-22T10:09:36.573+0000] {override.py:1911} INFO - Created Permission View: can edit on DAG:example_branch_datetime_operator_2
[2025-01-22T10:09:36.582+0000] {logging_mixin.py:190} INFO - [2025-01-22T10:09:36.582+0000] {override.py:1911} INFO - Created Permission View: can delete on DAG:example_branch_datetime_operator_2
[2025-01-22T10:09:36.593+0000] {logging_mixin.py:190} INFO - [2025-01-22T10:09:36.592+0000] {override.py:1911} INFO - Created Permission View: can read on DAG:example_branch_datetime_operator_2
[2025-01-22T10:09:36.604+0000] {logging_mixin.py:190} INFO - [2025-01-22T10:09:36.603+0000] {override.py:1911} INFO - Created Permission View: can create on DAG Run:example_branch_datetime_operator_2
[2025-01-22T10:09:36.614+0000] {logging_mixin.py:190} INFO - [2025-01-22T10:09:36.613+0000] {override.py:1911} INFO - Created Permission View: can delete on DAG Run:example_branch_datetime_operator_2
[2025-01-22T10:09:36.624+0000] {logging_mixin.py:190} INFO - [2025-01-22T10:09:36.623+0000] {override.py:1911} INFO - Created Permission View: menu access on DAG Run:example_branch_datetime_operator_2
[2025-01-22T10:09:36.634+0000] {logging_mixin.py:190} INFO - [2025-01-22T10:09:36.634+0000] {override.py:1911} INFO - Created Permission View: can read on DAG Run:example_branch_datetime_operator_2
[2025-01-22T10:09:36.635+0000] {logging_mixin.py:190} INFO - [2025-01-22T10:09:36.635+0000] {dag.py:3239} INFO - Sync 3 DAGs
[2025-01-22T10:09:36.656+0000] {logging_mixin.py:190} INFO - [2025-01-22T10:09:36.656+0000] {dag.py:3262} INFO - Creating ORM DAG for example_branch_datetime_operator
[2025-01-22T10:09:36.657+0000] {logging_mixin.py:190} INFO - [2025-01-22T10:09:36.657+0000] {dag.py:3262} INFO - Creating ORM DAG for example_branch_datetime_operator_2
[2025-01-22T10:09:36.658+0000] {logging_mixin.py:190} INFO - [2025-01-22T10:09:36.658+0000] {dag.py:3262} INFO - Creating ORM DAG for example_branch_datetime_operator_3
[2025-01-22T10:09:36.676+0000] {logging_mixin.py:190} INFO - [2025-01-22T10:09:36.675+0000] {dag.py:4180} INFO - Setting next_dagrun for example_branch_datetime_operator to 2025-01-21 00:00:00+00:00, run_after=2025-01-22 00:00:00+00:00
[2025-01-22T10:09:36.679+0000] {logging_mixin.py:190} INFO - [2025-01-22T10:09:36.679+0000] {dag.py:4180} INFO - Setting next_dagrun for example_branch_datetime_operator_2 to 2025-01-21 00:00:00+00:00, run_after=2025-01-22 00:00:00+00:00
[2025-01-22T10:09:36.682+0000] {logging_mixin.py:190} INFO - [2025-01-22T10:09:36.682+0000] {dag.py:4180} INFO - Setting next_dagrun for example_branch_datetime_operator_3 to 2025-01-21 00:00:00+00:00, run_after=2025-01-22 00:00:00+00:00
[2025-01-22T10:09:36.711+0000] {processor.py:208} INFO - Processing /home/airflow/.local/lib/python3.12/site-packages/airflow/example_dags/example_branch_datetime_operator.py took 0.445 seconds
[2025-01-22T10:10:06.868+0000] {processor.py:186} INFO - Started process (PID=613) to work on /home/airflow/.local/lib/python3.12/site-packages/airflow/example_dags/example_branch_datetime_operator.py
[2025-01-22T10:10:06.869+0000] {processor.py:914} INFO - Processing file /home/airflow/.local/lib/python3.12/site-packages/airflow/example_dags/example_branch_datetime_operator.py for tasks to queue
[2025-01-22T10:10:06.872+0000] {logging_mixin.py:190} INFO - [2025-01-22T10:10:06.872+0000] {dagbag.py:588} INFO - Filling up the DagBag from /home/airflow/.local/lib/python3.12/site-packages/airflow/example_dags/example_branch_datetime_operator.py
[2025-01-22T10:10:06.889+0000] {processor.py:925} INFO - DAG(s) 'example_branch_datetime_operator_3', 'example_branch_datetime_operator_2', 'example_branch_datetime_operator' retrieved from /home/airflow/.local/lib/python3.12/site-packages/airflow/example_dags/example_branch_datetime_operator.py
[2025-01-22T10:10:06.926+0000] {logging_mixin.py:190} INFO - [2025-01-22T10:10:06.925+0000] {dag.py:3239} INFO - Sync 3 DAGs
[2025-01-22T10:10:06.966+0000] {logging_mixin.py:190} INFO - [2025-01-22T10:10:06.965+0000] {dag.py:4180} INFO - Setting next_dagrun for example_branch_datetime_operator to 2025-01-21 00:00:00+00:00, run_after=2025-01-22 00:00:00+00:00
[2025-01-22T10:10:06.973+0000] {logging_mixin.py:190} INFO - [2025-01-22T10:10:06.972+0000] {dag.py:4180} INFO - Setting next_dagrun for example_branch_datetime_operator_2 to 2025-01-21 00:00:00+00:00, run_after=2025-01-22 00:00:00+00:00
[2025-01-22T10:10:06.975+0000] {logging_mixin.py:190} INFO - [2025-01-22T10:10:06.975+0000] {dag.py:4180} INFO - Setting next_dagrun for example_branch_datetime_operator_3 to 2025-01-21 00:00:00+00:00, run_after=2025-01-22 00:00:00+00:00
[2025-01-22T10:10:07.009+0000] {processor.py:208} INFO - Processing /home/airflow/.local/lib/python3.12/site-packages/airflow/example_dags/example_branch_datetime_operator.py took 0.149 seconds
