[2025-01-22T10:09:29.171+0000] {processor.py:186} INFO - Started process (PID=202) to work on /home/airflow/.local/lib/python3.12/site-packages/airflow/example_dags/example_branch_python_dop_operator_3.py
[2025-01-22T10:09:29.171+0000] {processor.py:914} INFO - Processing file /home/airflow/.local/lib/python3.12/site-packages/airflow/example_dags/example_branch_python_dop_operator_3.py for tasks to queue
[2025-01-22T10:09:29.174+0000] {logging_mixin.py:190} INFO - [2025-01-22T10:09:29.174+0000] {dagbag.py:588} INFO - Filling up the DagBag from /home/airflow/.local/lib/python3.12/site-packages/airflow/example_dags/example_branch_python_dop_operator_3.py
[2025-01-22T10:09:29.189+0000] {processor.py:925} INFO - DAG(s) 'example_branch_dop_operator_v3' retrieved from /home/airflow/.local/lib/python3.12/site-packages/airflow/example_dags/example_branch_python_dop_operator_3.py
[2025-01-22T10:09:29.446+0000] {logging_mixin.py:190} INFO - [2025-01-22T10:09:29.445+0000] {override.py:1911} INFO - Created Permission View: can edit on DAG:example_branch_dop_operator_v3
[2025-01-22T10:09:29.468+0000] {logging_mixin.py:190} INFO - [2025-01-22T10:09:29.468+0000] {override.py:1911} INFO - Created Permission View: can delete on DAG:example_branch_dop_operator_v3
[2025-01-22T10:09:29.475+0000] {logging_mixin.py:190} INFO - [2025-01-22T10:09:29.475+0000] {override.py:1911} INFO - Created Permission View: can read on DAG:example_branch_dop_operator_v3
[2025-01-22T10:09:29.486+0000] {logging_mixin.py:190} INFO - [2025-01-22T10:09:29.485+0000] {override.py:1911} INFO - Created Permission View: can create on DAG Run:example_branch_dop_operator_v3
[2025-01-22T10:09:29.494+0000] {logging_mixin.py:190} INFO - [2025-01-22T10:09:29.494+0000] {override.py:1911} INFO - Created Permission View: can delete on DAG Run:example_branch_dop_operator_v3
[2025-01-22T10:09:29.504+0000] {logging_mixin.py:190} INFO - [2025-01-22T10:09:29.504+0000] {override.py:1911} INFO - Created Permission View: menu access on DAG Run:example_branch_dop_operator_v3
[2025-01-22T10:09:29.513+0000] {logging_mixin.py:190} INFO - [2025-01-22T10:09:29.513+0000] {override.py:1911} INFO - Created Permission View: can read on DAG Run:example_branch_dop_operator_v3
[2025-01-22T10:09:29.514+0000] {logging_mixin.py:190} INFO - [2025-01-22T10:09:29.514+0000] {dag.py:3239} INFO - Sync 1 DAGs
[2025-01-22T10:09:29.548+0000] {logging_mixin.py:190} INFO - [2025-01-22T10:09:29.548+0000] {dag.py:3262} INFO - Creating ORM DAG for example_branch_dop_operator_v3
[2025-01-22T10:09:29.579+0000] {logging_mixin.py:190} INFO - [2025-01-22T10:09:29.578+0000] {dag.py:4180} INFO - Setting next_dagrun for example_branch_dop_operator_v3 to 2025-01-22 10:08:00+00:00, run_after=2025-01-22 10:09:00+00:00
[2025-01-22T10:09:29.614+0000] {processor.py:208} INFO - Processing /home/airflow/.local/lib/python3.12/site-packages/airflow/example_dags/example_branch_python_dop_operator_3.py took 0.451 seconds
[2025-01-22T10:10:00.461+0000] {processor.py:186} INFO - Started process (PID=490) to work on /home/airflow/.local/lib/python3.12/site-packages/airflow/example_dags/example_branch_python_dop_operator_3.py
[2025-01-22T10:10:00.463+0000] {processor.py:914} INFO - Processing file /home/airflow/.local/lib/python3.12/site-packages/airflow/example_dags/example_branch_python_dop_operator_3.py for tasks to queue
[2025-01-22T10:10:00.466+0000] {logging_mixin.py:190} INFO - [2025-01-22T10:10:00.466+0000] {dagbag.py:588} INFO - Filling up the DagBag from /home/airflow/.local/lib/python3.12/site-packages/airflow/example_dags/example_branch_python_dop_operator_3.py
[2025-01-22T10:10:00.480+0000] {processor.py:925} INFO - DAG(s) 'example_branch_dop_operator_v3' retrieved from /home/airflow/.local/lib/python3.12/site-packages/airflow/example_dags/example_branch_python_dop_operator_3.py
[2025-01-22T10:10:00.508+0000] {logging_mixin.py:190} INFO - [2025-01-22T10:10:00.508+0000] {dag.py:3239} INFO - Sync 1 DAGs
[2025-01-22T10:10:00.547+0000] {logging_mixin.py:190} INFO - [2025-01-22T10:10:00.547+0000] {dag.py:4180} INFO - Setting next_dagrun for example_branch_dop_operator_v3 to 2025-01-22 10:09:00+00:00, run_after=2025-01-22 10:10:00+00:00
[2025-01-22T10:10:00.585+0000] {processor.py:208} INFO - Processing /home/airflow/.local/lib/python3.12/site-packages/airflow/example_dags/example_branch_python_dop_operator_3.py took 0.135 seconds
