[2025-01-22T10:09:34.894+0000] {processor.py:186} INFO - Started process (PID=312) to work on /home/airflow/.local/lib/python3.12/site-packages/airflow/example_dags/example_dataset_alias_with_no_taskflow.py
[2025-01-22T10:09:34.895+0000] {processor.py:914} INFO - Processing file /home/airflow/.local/lib/python3.12/site-packages/airflow/example_dags/example_dataset_alias_with_no_taskflow.py for tasks to queue
[2025-01-22T10:09:34.897+0000] {logging_mixin.py:190} INFO - [2025-01-22T10:09:34.897+0000] {dagbag.py:588} INFO - Filling up the DagBag from /home/airflow/.local/lib/python3.12/site-packages/airflow/example_dags/example_dataset_alias_with_no_taskflow.py
[2025-01-22T10:09:35.888+0000] {processor.py:925} INFO - DAG(s) 'dataset_alias_example_alias_consumer_with_no_taskflow', 'dataset_s3_bucket_consumer_with_no_taskflow', 'dataset_alias_example_alias_producer_with_no_taskflow', 'dataset_s3_bucket_producer_with_no_taskflow' retrieved from /home/airflow/.local/lib/python3.12/site-packages/airflow/example_dags/example_dataset_alias_with_no_taskflow.py
[2025-01-22T10:09:36.035+0000] {logging_mixin.py:190} INFO - [2025-01-22T10:09:36.034+0000] {override.py:1911} INFO - Created Permission View: can edit on DAG:dataset_alias_example_alias_consumer_with_no_taskflow
[2025-01-22T10:09:36.052+0000] {logging_mixin.py:190} INFO - [2025-01-22T10:09:36.051+0000] {override.py:1911} INFO - Created Permission View: can delete on DAG:dataset_alias_example_alias_consumer_with_no_taskflow
[2025-01-22T10:09:36.063+0000] {logging_mixin.py:190} INFO - [2025-01-22T10:09:36.062+0000] {override.py:1911} INFO - Created Permission View: can read on DAG:dataset_alias_example_alias_consumer_with_no_taskflow
[2025-01-22T10:09:36.073+0000] {logging_mixin.py:190} INFO - [2025-01-22T10:09:36.072+0000] {override.py:1911} INFO - Created Permission View: can create on DAG Run:dataset_alias_example_alias_consumer_with_no_taskflow
[2025-01-22T10:09:36.081+0000] {logging_mixin.py:190} INFO - [2025-01-22T10:09:36.080+0000] {override.py:1911} INFO - Created Permission View: can delete on DAG Run:dataset_alias_example_alias_consumer_with_no_taskflow
[2025-01-22T10:09:36.089+0000] {logging_mixin.py:190} INFO - [2025-01-22T10:09:36.089+0000] {override.py:1911} INFO - Created Permission View: menu access on DAG Run:dataset_alias_example_alias_consumer_with_no_taskflow
[2025-01-22T10:09:36.097+0000] {logging_mixin.py:190} INFO - [2025-01-22T10:09:36.097+0000] {override.py:1911} INFO - Created Permission View: can read on DAG Run:dataset_alias_example_alias_consumer_with_no_taskflow
[2025-01-22T10:09:36.115+0000] {logging_mixin.py:190} INFO - [2025-01-22T10:09:36.115+0000] {override.py:1911} INFO - Created Permission View: can edit on DAG:dataset_s3_bucket_consumer_with_no_taskflow
[2025-01-22T10:09:36.124+0000] {logging_mixin.py:190} INFO - [2025-01-22T10:09:36.124+0000] {override.py:1911} INFO - Created Permission View: can delete on DAG:dataset_s3_bucket_consumer_with_no_taskflow
[2025-01-22T10:09:36.132+0000] {logging_mixin.py:190} INFO - [2025-01-22T10:09:36.131+0000] {override.py:1911} INFO - Created Permission View: can read on DAG:dataset_s3_bucket_consumer_with_no_taskflow
[2025-01-22T10:09:36.141+0000] {logging_mixin.py:190} INFO - [2025-01-22T10:09:36.140+0000] {override.py:1911} INFO - Created Permission View: can create on DAG Run:dataset_s3_bucket_consumer_with_no_taskflow
[2025-01-22T10:09:36.148+0000] {logging_mixin.py:190} INFO - [2025-01-22T10:09:36.147+0000] {override.py:1911} INFO - Created Permission View: can delete on DAG Run:dataset_s3_bucket_consumer_with_no_taskflow
[2025-01-22T10:09:36.156+0000] {logging_mixin.py:190} INFO - [2025-01-22T10:09:36.156+0000] {override.py:1911} INFO - Created Permission View: menu access on DAG Run:dataset_s3_bucket_consumer_with_no_taskflow
[2025-01-22T10:09:36.164+0000] {logging_mixin.py:190} INFO - [2025-01-22T10:09:36.164+0000] {override.py:1911} INFO - Created Permission View: can read on DAG Run:dataset_s3_bucket_consumer_with_no_taskflow
[2025-01-22T10:09:36.182+0000] {logging_mixin.py:190} INFO - [2025-01-22T10:09:36.181+0000] {override.py:1911} INFO - Created Permission View: can edit on DAG:dataset_alias_example_alias_producer_with_no_taskflow
[2025-01-22T10:09:36.190+0000] {logging_mixin.py:190} INFO - [2025-01-22T10:09:36.189+0000] {override.py:1911} INFO - Created Permission View: can delete on DAG:dataset_alias_example_alias_producer_with_no_taskflow
[2025-01-22T10:09:36.200+0000] {logging_mixin.py:190} INFO - [2025-01-22T10:09:36.199+0000] {override.py:1911} INFO - Created Permission View: can read on DAG:dataset_alias_example_alias_producer_with_no_taskflow
[2025-01-22T10:09:36.210+0000] {logging_mixin.py:190} INFO - [2025-01-22T10:09:36.209+0000] {override.py:1911} INFO - Created Permission View: can create on DAG Run:dataset_alias_example_alias_producer_with_no_taskflow
[2025-01-22T10:09:36.219+0000] {logging_mixin.py:190} INFO - [2025-01-22T10:09:36.218+0000] {override.py:1911} INFO - Created Permission View: can delete on DAG Run:dataset_alias_example_alias_producer_with_no_taskflow
[2025-01-22T10:09:36.228+0000] {logging_mixin.py:190} INFO - [2025-01-22T10:09:36.228+0000] {override.py:1911} INFO - Created Permission View: menu access on DAG Run:dataset_alias_example_alias_producer_with_no_taskflow
[2025-01-22T10:09:36.236+0000] {logging_mixin.py:190} INFO - [2025-01-22T10:09:36.236+0000] {override.py:1911} INFO - Created Permission View: can read on DAG Run:dataset_alias_example_alias_producer_with_no_taskflow
[2025-01-22T10:09:36.251+0000] {logging_mixin.py:190} INFO - [2025-01-22T10:09:36.251+0000] {override.py:1911} INFO - Created Permission View: can edit on DAG:dataset_s3_bucket_producer_with_no_taskflow
[2025-01-22T10:09:36.260+0000] {logging_mixin.py:190} INFO - [2025-01-22T10:09:36.260+0000] {override.py:1911} INFO - Created Permission View: can delete on DAG:dataset_s3_bucket_producer_with_no_taskflow
[2025-01-22T10:09:36.269+0000] {logging_mixin.py:190} INFO - [2025-01-22T10:09:36.269+0000] {override.py:1911} INFO - Created Permission View: can read on DAG:dataset_s3_bucket_producer_with_no_taskflow
[2025-01-22T10:09:36.278+0000] {logging_mixin.py:190} INFO - [2025-01-22T10:09:36.277+0000] {override.py:1911} INFO - Created Permission View: can create on DAG Run:dataset_s3_bucket_producer_with_no_taskflow
[2025-01-22T10:09:36.285+0000] {logging_mixin.py:190} INFO - [2025-01-22T10:09:36.285+0000] {override.py:1911} INFO - Created Permission View: can delete on DAG Run:dataset_s3_bucket_producer_with_no_taskflow
[2025-01-22T10:09:36.294+0000] {logging_mixin.py:190} INFO - [2025-01-22T10:09:36.294+0000] {override.py:1911} INFO - Created Permission View: menu access on DAG Run:dataset_s3_bucket_producer_with_no_taskflow
[2025-01-22T10:09:36.302+0000] {logging_mixin.py:190} INFO - [2025-01-22T10:09:36.301+0000] {override.py:1911} INFO - Created Permission View: can read on DAG Run:dataset_s3_bucket_producer_with_no_taskflow
[2025-01-22T10:09:36.303+0000] {logging_mixin.py:190} INFO - [2025-01-22T10:09:36.302+0000] {dag.py:3239} INFO - Sync 4 DAGs
[2025-01-22T10:09:36.321+0000] {logging_mixin.py:190} INFO - [2025-01-22T10:09:36.320+0000] {dag.py:3262} INFO - Creating ORM DAG for dataset_s3_bucket_producer_with_no_taskflow
[2025-01-22T10:09:36.322+0000] {logging_mixin.py:190} INFO - [2025-01-22T10:09:36.322+0000] {dag.py:3262} INFO - Creating ORM DAG for dataset_s3_bucket_consumer_with_no_taskflow
[2025-01-22T10:09:36.322+0000] {logging_mixin.py:190} INFO - [2025-01-22T10:09:36.322+0000] {dag.py:3262} INFO - Creating ORM DAG for dataset_alias_example_alias_producer_with_no_taskflow
[2025-01-22T10:09:36.323+0000] {logging_mixin.py:190} INFO - [2025-01-22T10:09:36.323+0000] {dag.py:3262} INFO - Creating ORM DAG for dataset_alias_example_alias_consumer_with_no_taskflow
[2025-01-22T10:09:36.336+0000] {logging_mixin.py:190} INFO - [2025-01-22T10:09:36.336+0000] {dag.py:4180} INFO - Setting next_dagrun for dataset_alias_example_alias_consumer_with_no_taskflow to None, run_after=None
[2025-01-22T10:09:36.338+0000] {logging_mixin.py:190} INFO - [2025-01-22T10:09:36.337+0000] {dag.py:4180} INFO - Setting next_dagrun for dataset_alias_example_alias_producer_with_no_taskflow to None, run_after=None
[2025-01-22T10:09:36.338+0000] {logging_mixin.py:190} INFO - [2025-01-22T10:09:36.338+0000] {dag.py:4180} INFO - Setting next_dagrun for dataset_s3_bucket_consumer_with_no_taskflow to None, run_after=None
[2025-01-22T10:09:36.339+0000] {logging_mixin.py:190} INFO - [2025-01-22T10:09:36.339+0000] {dag.py:4180} INFO - Setting next_dagrun for dataset_s3_bucket_producer_with_no_taskflow to None, run_after=None
[2025-01-22T10:09:36.372+0000] {processor.py:208} INFO - Processing /home/airflow/.local/lib/python3.12/site-packages/airflow/example_dags/example_dataset_alias_with_no_taskflow.py took 1.489 seconds
[2025-01-22T10:10:06.494+0000] {processor.py:186} INFO - Started process (PID=608) to work on /home/airflow/.local/lib/python3.12/site-packages/airflow/example_dags/example_dataset_alias_with_no_taskflow.py
[2025-01-22T10:10:06.495+0000] {processor.py:914} INFO - Processing file /home/airflow/.local/lib/python3.12/site-packages/airflow/example_dags/example_dataset_alias_with_no_taskflow.py for tasks to queue
[2025-01-22T10:10:06.498+0000] {logging_mixin.py:190} INFO - [2025-01-22T10:10:06.497+0000] {dagbag.py:588} INFO - Filling up the DagBag from /home/airflow/.local/lib/python3.12/site-packages/airflow/example_dags/example_dataset_alias_with_no_taskflow.py
[2025-01-22T10:10:07.411+0000] {processor.py:925} INFO - DAG(s) 'dataset_alias_example_alias_producer_with_no_taskflow', 'dataset_alias_example_alias_consumer_with_no_taskflow', 'dataset_s3_bucket_consumer_with_no_taskflow', 'dataset_s3_bucket_producer_with_no_taskflow' retrieved from /home/airflow/.local/lib/python3.12/site-packages/airflow/example_dags/example_dataset_alias_with_no_taskflow.py
[2025-01-22T10:10:07.453+0000] {logging_mixin.py:190} INFO - [2025-01-22T10:10:07.452+0000] {dag.py:3239} INFO - Sync 4 DAGs
[2025-01-22T10:10:07.516+0000] {logging_mixin.py:190} INFO - [2025-01-22T10:10:07.516+0000] {dag.py:4180} INFO - Setting next_dagrun for dataset_alias_example_alias_consumer_with_no_taskflow to None, run_after=None
[2025-01-22T10:10:07.523+0000] {logging_mixin.py:190} INFO - [2025-01-22T10:10:07.522+0000] {dag.py:4180} INFO - Setting next_dagrun for dataset_alias_example_alias_producer_with_no_taskflow to None, run_after=None
[2025-01-22T10:10:07.526+0000] {logging_mixin.py:190} INFO - [2025-01-22T10:10:07.525+0000] {dag.py:4180} INFO - Setting next_dagrun for dataset_s3_bucket_consumer_with_no_taskflow to None, run_after=None
[2025-01-22T10:10:07.528+0000] {logging_mixin.py:190} INFO - [2025-01-22T10:10:07.528+0000] {dag.py:4180} INFO - Setting next_dagrun for dataset_s3_bucket_producer_with_no_taskflow to None, run_after=None
[2025-01-22T10:10:07.558+0000] {processor.py:208} INFO - Processing /home/airflow/.local/lib/python3.12/site-packages/airflow/example_dags/example_dataset_alias_with_no_taskflow.py took 1.076 seconds
