[2025-01-22T10:09:29.719+0000] {processor.py:186} INFO - Started process (PID=207) to work on /home/airflow/.local/lib/python3.12/site-packages/airflow/example_dags/example_trigger_controller_dag.py
[2025-01-22T10:09:29.722+0000] {processor.py:914} INFO - Processing file /home/airflow/.local/lib/python3.12/site-packages/airflow/example_dags/example_trigger_controller_dag.py for tasks to queue
[2025-01-22T10:09:29.737+0000] {logging_mixin.py:190} INFO - [2025-01-22T10:09:29.735+0000] {dagbag.py:588} INFO - Filling up the DagBag from /home/airflow/.local/lib/python3.12/site-packages/airflow/example_dags/example_trigger_controller_dag.py
[2025-01-22T10:09:29.769+0000] {processor.py:925} INFO - DAG(s) 'example_trigger_controller_dag' retrieved from /home/airflow/.local/lib/python3.12/site-packages/airflow/example_dags/example_trigger_controller_dag.py
[2025-01-22T10:09:30.140+0000] {logging_mixin.py:190} INFO - [2025-01-22T10:09:30.139+0000] {override.py:1911} INFO - Created Permission View: can edit on DAG:example_trigger_controller_dag
[2025-01-22T10:09:30.157+0000] {logging_mixin.py:190} INFO - [2025-01-22T10:09:30.157+0000] {override.py:1911} INFO - Created Permission View: can delete on DAG:example_trigger_controller_dag
[2025-01-22T10:09:30.167+0000] {logging_mixin.py:190} INFO - [2025-01-22T10:09:30.167+0000] {override.py:1911} INFO - Created Permission View: can read on DAG:example_trigger_controller_dag
[2025-01-22T10:09:30.178+0000] {logging_mixin.py:190} INFO - [2025-01-22T10:09:30.178+0000] {override.py:1911} INFO - Created Permission View: can create on DAG Run:example_trigger_controller_dag
[2025-01-22T10:09:30.190+0000] {logging_mixin.py:190} INFO - [2025-01-22T10:09:30.189+0000] {override.py:1911} INFO - Created Permission View: can delete on DAG Run:example_trigger_controller_dag
[2025-01-22T10:09:30.200+0000] {logging_mixin.py:190} INFO - [2025-01-22T10:09:30.200+0000] {override.py:1911} INFO - Created Permission View: menu access on DAG Run:example_trigger_controller_dag
[2025-01-22T10:09:30.210+0000] {logging_mixin.py:190} INFO - [2025-01-22T10:09:30.209+0000] {override.py:1911} INFO - Created Permission View: can read on DAG Run:example_trigger_controller_dag
[2025-01-22T10:09:30.211+0000] {logging_mixin.py:190} INFO - [2025-01-22T10:09:30.210+0000] {dag.py:3239} INFO - Sync 1 DAGs
[2025-01-22T10:09:30.242+0000] {logging_mixin.py:190} INFO - [2025-01-22T10:09:30.241+0000] {dag.py:3262} INFO - Creating ORM DAG for example_trigger_controller_dag
[2025-01-22T10:09:30.268+0000] {logging_mixin.py:190} INFO - [2025-01-22T10:09:30.267+0000] {dag.py:4180} INFO - Setting next_dagrun for example_trigger_controller_dag to 2021-01-01 00:00:00+00:00, run_after=2021-01-01 00:00:00+00:00
[2025-01-22T10:09:30.301+0000] {processor.py:208} INFO - Processing /home/airflow/.local/lib/python3.12/site-packages/airflow/example_dags/example_trigger_controller_dag.py took 0.624 seconds
[2025-01-22T10:10:00.469+0000] {processor.py:186} INFO - Started process (PID=493) to work on /home/airflow/.local/lib/python3.12/site-packages/airflow/example_dags/example_trigger_controller_dag.py
[2025-01-22T10:10:00.470+0000] {processor.py:914} INFO - Processing file /home/airflow/.local/lib/python3.12/site-packages/airflow/example_dags/example_trigger_controller_dag.py for tasks to queue
[2025-01-22T10:10:00.474+0000] {logging_mixin.py:190} INFO - [2025-01-22T10:10:00.474+0000] {dagbag.py:588} INFO - Filling up the DagBag from /home/airflow/.local/lib/python3.12/site-packages/airflow/example_dags/example_trigger_controller_dag.py
[2025-01-22T10:10:00.481+0000] {processor.py:925} INFO - DAG(s) 'example_trigger_controller_dag' retrieved from /home/airflow/.local/lib/python3.12/site-packages/airflow/example_dags/example_trigger_controller_dag.py
[2025-01-22T10:10:00.505+0000] {logging_mixin.py:190} INFO - [2025-01-22T10:10:00.504+0000] {dag.py:3239} INFO - Sync 1 DAGs
[2025-01-22T10:10:00.536+0000] {logging_mixin.py:190} INFO - [2025-01-22T10:10:00.536+0000] {dag.py:4180} INFO - Setting next_dagrun for example_trigger_controller_dag to 2021-01-01 00:00:00+00:00, run_after=2021-01-01 00:00:00+00:00
[2025-01-22T10:10:00.567+0000] {processor.py:208} INFO - Processing /home/airflow/.local/lib/python3.12/site-packages/airflow/example_dags/example_trigger_controller_dag.py took 0.107 seconds
