[2025-01-22T10:09:31.840+0000] {processor.py:186} INFO - Started process (PID=249) to work on /home/airflow/.local/lib/python3.12/site-packages/airflow/example_dags/example_sensors.py
[2025-01-22T10:09:31.841+0000] {processor.py:914} INFO - Processing file /home/airflow/.local/lib/python3.12/site-packages/airflow/example_dags/example_sensors.py for tasks to queue
[2025-01-22T10:09:31.845+0000] {logging_mixin.py:190} INFO - [2025-01-22T10:09:31.844+0000] {dagbag.py:588} INFO - Filling up the DagBag from /home/airflow/.local/lib/python3.12/site-packages/airflow/example_dags/example_sensors.py
[2025-01-22T10:09:31.865+0000] {processor.py:925} INFO - DAG(s) 'example_sensors' retrieved from /home/airflow/.local/lib/python3.12/site-packages/airflow/example_dags/example_sensors.py
[2025-01-22T10:09:32.060+0000] {logging_mixin.py:190} INFO - [2025-01-22T10:09:32.058+0000] {override.py:1911} INFO - Created Permission View: can edit on DAG:example_sensors
[2025-01-22T10:09:32.087+0000] {logging_mixin.py:190} INFO - [2025-01-22T10:09:32.087+0000] {override.py:1911} INFO - Created Permission View: can delete on DAG:example_sensors
[2025-01-22T10:09:32.097+0000] {logging_mixin.py:190} INFO - [2025-01-22T10:09:32.096+0000] {override.py:1911} INFO - Created Permission View: can read on DAG:example_sensors
[2025-01-22T10:09:32.106+0000] {logging_mixin.py:190} INFO - [2025-01-22T10:09:32.106+0000] {override.py:1911} INFO - Created Permission View: can create on DAG Run:example_sensors
[2025-01-22T10:09:32.115+0000] {logging_mixin.py:190} INFO - [2025-01-22T10:09:32.115+0000] {override.py:1911} INFO - Created Permission View: can delete on DAG Run:example_sensors
[2025-01-22T10:09:32.124+0000] {logging_mixin.py:190} INFO - [2025-01-22T10:09:32.123+0000] {override.py:1911} INFO - Created Permission View: menu access on DAG Run:example_sensors
[2025-01-22T10:09:32.134+0000] {logging_mixin.py:190} INFO - [2025-01-22T10:09:32.133+0000] {override.py:1911} INFO - Created Permission View: can read on DAG Run:example_sensors
[2025-01-22T10:09:32.134+0000] {logging_mixin.py:190} INFO - [2025-01-22T10:09:32.134+0000] {dag.py:3239} INFO - Sync 1 DAGs
[2025-01-22T10:09:32.162+0000] {logging_mixin.py:190} INFO - [2025-01-22T10:09:32.162+0000] {dag.py:3262} INFO - Creating ORM DAG for example_sensors
[2025-01-22T10:09:32.163+0000] {logging_mixin.py:190} INFO - [2025-01-22T10:09:32.163+0000] {dag.py:4180} INFO - Setting next_dagrun for example_sensors to None, run_after=None
[2025-01-22T10:09:32.194+0000] {processor.py:208} INFO - Processing /home/airflow/.local/lib/python3.12/site-packages/airflow/example_dags/example_sensors.py took 0.363 seconds
[2025-01-22T10:10:03.307+0000] {processor.py:186} INFO - Started process (PID=538) to work on /home/airflow/.local/lib/python3.12/site-packages/airflow/example_dags/example_sensors.py
[2025-01-22T10:10:03.308+0000] {processor.py:914} INFO - Processing file /home/airflow/.local/lib/python3.12/site-packages/airflow/example_dags/example_sensors.py for tasks to queue
[2025-01-22T10:10:03.314+0000] {logging_mixin.py:190} INFO - [2025-01-22T10:10:03.312+0000] {dagbag.py:588} INFO - Filling up the DagBag from /home/airflow/.local/lib/python3.12/site-packages/airflow/example_dags/example_sensors.py
[2025-01-22T10:10:03.336+0000] {processor.py:925} INFO - DAG(s) 'example_sensors' retrieved from /home/airflow/.local/lib/python3.12/site-packages/airflow/example_dags/example_sensors.py
[2025-01-22T10:10:03.374+0000] {logging_mixin.py:190} INFO - [2025-01-22T10:10:03.373+0000] {dag.py:3239} INFO - Sync 1 DAGs
[2025-01-22T10:10:03.401+0000] {logging_mixin.py:190} INFO - [2025-01-22T10:10:03.400+0000] {dag.py:4180} INFO - Setting next_dagrun for example_sensors to None, run_after=None
[2025-01-22T10:10:03.432+0000] {processor.py:208} INFO - Processing /home/airflow/.local/lib/python3.12/site-packages/airflow/example_dags/example_sensors.py took 0.134 seconds
