[2025-01-22T10:09:36.763+0000] {processor.py:186} INFO - Started process (PID=334) to work on /home/airflow/.local/lib/python3.12/site-packages/airflow/example_dags/example_local_kubernetes_executor.py
[2025-01-22T10:09:36.765+0000] {processor.py:914} INFO - Processing file /home/airflow/.local/lib/python3.12/site-packages/airflow/example_dags/example_local_kubernetes_executor.py for tasks to queue
[2025-01-22T10:09:36.767+0000] {logging_mixin.py:190} INFO - [2025-01-22T10:09:36.767+0000] {dagbag.py:588} INFO - Filling up the DagBag from /home/airflow/.local/lib/python3.12/site-packages/airflow/example_dags/example_local_kubernetes_executor.py
[2025-01-22T10:09:36.779+0000] {processor.py:925} INFO - DAG(s) 'example_local_kubernetes_executor' retrieved from /home/airflow/.local/lib/python3.12/site-packages/airflow/example_dags/example_local_kubernetes_executor.py
[2025-01-22T10:09:36.929+0000] {logging_mixin.py:190} INFO - [2025-01-22T10:09:36.928+0000] {override.py:1911} INFO - Created Permission View: can edit on DAG:example_local_kubernetes_executor
[2025-01-22T10:09:36.945+0000] {logging_mixin.py:190} INFO - [2025-01-22T10:09:36.944+0000] {override.py:1911} INFO - Created Permission View: can delete on DAG:example_local_kubernetes_executor
[2025-01-22T10:09:36.958+0000] {logging_mixin.py:190} INFO - [2025-01-22T10:09:36.957+0000] {override.py:1911} INFO - Created Permission View: can read on DAG:example_local_kubernetes_executor
[2025-01-22T10:09:36.971+0000] {logging_mixin.py:190} INFO - [2025-01-22T10:09:36.970+0000] {override.py:1911} INFO - Created Permission View: can create on DAG Run:example_local_kubernetes_executor
[2025-01-22T10:09:36.982+0000] {logging_mixin.py:190} INFO - [2025-01-22T10:09:36.981+0000] {override.py:1911} INFO - Created Permission View: can delete on DAG Run:example_local_kubernetes_executor
[2025-01-22T10:09:36.991+0000] {logging_mixin.py:190} INFO - [2025-01-22T10:09:36.990+0000] {override.py:1911} INFO - Created Permission View: menu access on DAG Run:example_local_kubernetes_executor
[2025-01-22T10:09:36.999+0000] {logging_mixin.py:190} INFO - [2025-01-22T10:09:36.999+0000] {override.py:1911} INFO - Created Permission View: can read on DAG Run:example_local_kubernetes_executor
[2025-01-22T10:09:36.999+0000] {logging_mixin.py:190} INFO - [2025-01-22T10:09:36.999+0000] {dag.py:3239} INFO - Sync 1 DAGs
[2025-01-22T10:09:37.020+0000] {logging_mixin.py:190} INFO - [2025-01-22T10:09:37.019+0000] {dag.py:3262} INFO - Creating ORM DAG for example_local_kubernetes_executor
[2025-01-22T10:09:37.021+0000] {logging_mixin.py:190} INFO - [2025-01-22T10:09:37.020+0000] {dag.py:4180} INFO - Setting next_dagrun for example_local_kubernetes_executor to None, run_after=None
[2025-01-22T10:09:37.043+0000] {processor.py:208} INFO - Processing /home/airflow/.local/lib/python3.12/site-packages/airflow/example_dags/example_local_kubernetes_executor.py took 0.288 seconds
[2025-01-22T10:10:07.229+0000] {processor.py:186} INFO - Started process (PID=623) to work on /home/airflow/.local/lib/python3.12/site-packages/airflow/example_dags/example_local_kubernetes_executor.py
[2025-01-22T10:10:07.231+0000] {processor.py:914} INFO - Processing file /home/airflow/.local/lib/python3.12/site-packages/airflow/example_dags/example_local_kubernetes_executor.py for tasks to queue
[2025-01-22T10:10:07.234+0000] {logging_mixin.py:190} INFO - [2025-01-22T10:10:07.234+0000] {dagbag.py:588} INFO - Filling up the DagBag from /home/airflow/.local/lib/python3.12/site-packages/airflow/example_dags/example_local_kubernetes_executor.py
[2025-01-22T10:10:07.252+0000] {processor.py:925} INFO - DAG(s) 'example_local_kubernetes_executor' retrieved from /home/airflow/.local/lib/python3.12/site-packages/airflow/example_dags/example_local_kubernetes_executor.py
[2025-01-22T10:10:07.283+0000] {logging_mixin.py:190} INFO - [2025-01-22T10:10:07.283+0000] {dag.py:3239} INFO - Sync 1 DAGs
[2025-01-22T10:10:07.301+0000] {logging_mixin.py:190} INFO - [2025-01-22T10:10:07.301+0000] {dag.py:4180} INFO - Setting next_dagrun for example_local_kubernetes_executor to None, run_after=None
[2025-01-22T10:10:07.370+0000] {processor.py:208} INFO - Processing /home/airflow/.local/lib/python3.12/site-packages/airflow/example_dags/example_local_kubernetes_executor.py took 0.152 seconds
