[2025-01-22T10:09:38.979+0000] {processor.py:186} INFO - Started process (PID=392) to work on /home/airflow/.local/lib/python3.12/site-packages/airflow/example_dags/example_workday_timetable.py
[2025-01-22T10:09:38.980+0000] {processor.py:914} INFO - Processing file /home/airflow/.local/lib/python3.12/site-packages/airflow/example_dags/example_workday_timetable.py for tasks to queue
[2025-01-22T10:09:38.982+0000] {logging_mixin.py:190} INFO - [2025-01-22T10:09:38.982+0000] {dagbag.py:588} INFO - Filling up the DagBag from /home/airflow/.local/lib/python3.12/site-packages/airflow/example_dags/example_workday_timetable.py
[2025-01-22T10:09:38.989+0000] {processor.py:925} INFO - DAG(s) 'example_workday_timetable' retrieved from /home/airflow/.local/lib/python3.12/site-packages/airflow/example_dags/example_workday_timetable.py
[2025-01-22T10:09:39.119+0000] {logging_mixin.py:190} INFO - [2025-01-22T10:09:39.118+0000] {override.py:1911} INFO - Created Permission View: can edit on DAG:example_workday_timetable
[2025-01-22T10:09:39.129+0000] {logging_mixin.py:190} INFO - [2025-01-22T10:09:39.129+0000] {override.py:1911} INFO - Created Permission View: can delete on DAG:example_workday_timetable
[2025-01-22T10:09:39.137+0000] {logging_mixin.py:190} INFO - [2025-01-22T10:09:39.136+0000] {override.py:1911} INFO - Created Permission View: can read on DAG:example_workday_timetable
[2025-01-22T10:09:39.145+0000] {logging_mixin.py:190} INFO - [2025-01-22T10:09:39.145+0000] {override.py:1911} INFO - Created Permission View: can create on DAG Run:example_workday_timetable
[2025-01-22T10:09:39.153+0000] {logging_mixin.py:190} INFO - [2025-01-22T10:09:39.153+0000] {override.py:1911} INFO - Created Permission View: can delete on DAG Run:example_workday_timetable
[2025-01-22T10:09:39.161+0000] {logging_mixin.py:190} INFO - [2025-01-22T10:09:39.160+0000] {override.py:1911} INFO - Created Permission View: menu access on DAG Run:example_workday_timetable
[2025-01-22T10:09:39.168+0000] {logging_mixin.py:190} INFO - [2025-01-22T10:09:39.167+0000] {override.py:1911} INFO - Created Permission View: can read on DAG Run:example_workday_timetable
[2025-01-22T10:09:39.168+0000] {logging_mixin.py:190} INFO - [2025-01-22T10:09:39.168+0000] {dag.py:3239} INFO - Sync 1 DAGs
[2025-01-22T10:09:39.183+0000] {logging_mixin.py:190} INFO - [2025-01-22T10:09:39.183+0000] {dag.py:3262} INFO - Creating ORM DAG for example_workday_timetable
[2025-01-22T10:09:39.277+0000] {logging_mixin.py:190} INFO - [2025-01-22T10:09:39.277+0000] {dag.py:4180} INFO - Setting next_dagrun for example_workday_timetable to 2021-01-04 00:00:00+00:00, run_after=2021-01-05 00:00:00+00:00
[2025-01-22T10:09:39.301+0000] {processor.py:208} INFO - Processing /home/airflow/.local/lib/python3.12/site-packages/airflow/example_dags/example_workday_timetable.py took 0.331 seconds
[2025-01-22T10:10:09.744+0000] {processor.py:186} INFO - Started process (PID=678) to work on /home/airflow/.local/lib/python3.12/site-packages/airflow/example_dags/example_workday_timetable.py
[2025-01-22T10:10:09.746+0000] {processor.py:914} INFO - Processing file /home/airflow/.local/lib/python3.12/site-packages/airflow/example_dags/example_workday_timetable.py for tasks to queue
[2025-01-22T10:10:09.750+0000] {logging_mixin.py:190} INFO - [2025-01-22T10:10:09.749+0000] {dagbag.py:588} INFO - Filling up the DagBag from /home/airflow/.local/lib/python3.12/site-packages/airflow/example_dags/example_workday_timetable.py
[2025-01-22T10:10:09.758+0000] {processor.py:925} INFO - DAG(s) 'example_workday_timetable' retrieved from /home/airflow/.local/lib/python3.12/site-packages/airflow/example_dags/example_workday_timetable.py
[2025-01-22T10:10:09.783+0000] {logging_mixin.py:190} INFO - [2025-01-22T10:10:09.783+0000] {dag.py:3239} INFO - Sync 1 DAGs
[2025-01-22T10:10:09.872+0000] {logging_mixin.py:190} INFO - [2025-01-22T10:10:09.871+0000] {dag.py:4180} INFO - Setting next_dagrun for example_workday_timetable to 2021-01-04 00:00:00+00:00, run_after=2021-01-05 00:00:00+00:00
[2025-01-22T10:10:09.900+0000] {processor.py:208} INFO - Processing /home/airflow/.local/lib/python3.12/site-packages/airflow/example_dags/example_workday_timetable.py took 0.164 seconds
