[2025-01-22T10:09:32.657+0000] {processor.py:186} INFO - Started process (PID=267) to work on /home/airflow/.local/lib/python3.12/site-packages/airflow/example_dags/example_bash_operator.py
[2025-01-22T10:09:32.658+0000] {processor.py:914} INFO - Processing file /home/airflow/.local/lib/python3.12/site-packages/airflow/example_dags/example_bash_operator.py for tasks to queue
[2025-01-22T10:09:32.660+0000] {logging_mixin.py:190} INFO - [2025-01-22T10:09:32.660+0000] {dagbag.py:588} INFO - Filling up the DagBag from /home/airflow/.local/lib/python3.12/site-packages/airflow/example_dags/example_bash_operator.py
[2025-01-22T10:09:32.688+0000] {processor.py:925} INFO - DAG(s) 'example_bash_operator' retrieved from /home/airflow/.local/lib/python3.12/site-packages/airflow/example_dags/example_bash_operator.py
[2025-01-22T10:09:33.014+0000] {logging_mixin.py:190} INFO - [2025-01-22T10:09:33.012+0000] {override.py:1911} INFO - Created Permission View: can edit on DAG:example_bash_operator
[2025-01-22T10:09:33.034+0000] {logging_mixin.py:190} INFO - [2025-01-22T10:09:33.034+0000] {override.py:1911} INFO - Created Permission View: can delete on DAG:example_bash_operator
[2025-01-22T10:09:33.046+0000] {logging_mixin.py:190} INFO - [2025-01-22T10:09:33.046+0000] {override.py:1911} INFO - Created Permission View: can read on DAG:example_bash_operator
[2025-01-22T10:09:33.060+0000] {logging_mixin.py:190} INFO - [2025-01-22T10:09:33.060+0000] {override.py:1911} INFO - Created Permission View: can create on DAG Run:example_bash_operator
[2025-01-22T10:09:33.080+0000] {logging_mixin.py:190} INFO - [2025-01-22T10:09:33.079+0000] {override.py:1911} INFO - Created Permission View: can delete on DAG Run:example_bash_operator
[2025-01-22T10:09:33.092+0000] {logging_mixin.py:190} INFO - [2025-01-22T10:09:33.091+0000] {override.py:1911} INFO - Created Permission View: menu access on DAG Run:example_bash_operator
[2025-01-22T10:09:33.116+0000] {logging_mixin.py:190} INFO - [2025-01-22T10:09:33.114+0000] {override.py:1911} INFO - Created Permission View: can read on DAG Run:example_bash_operator
[2025-01-22T10:09:33.117+0000] {logging_mixin.py:190} INFO - [2025-01-22T10:09:33.116+0000] {dag.py:3239} INFO - Sync 1 DAGs
[2025-01-22T10:09:33.153+0000] {logging_mixin.py:190} INFO - [2025-01-22T10:09:33.153+0000] {dag.py:3262} INFO - Creating ORM DAG for example_bash_operator
[2025-01-22T10:09:33.173+0000] {logging_mixin.py:190} INFO - [2025-01-22T10:09:33.173+0000] {dag.py:4180} INFO - Setting next_dagrun for example_bash_operator to 2025-01-21 00:00:00+00:00, run_after=2025-01-22 00:00:00+00:00
[2025-01-22T10:09:33.199+0000] {processor.py:208} INFO - Processing /home/airflow/.local/lib/python3.12/site-packages/airflow/example_dags/example_bash_operator.py took 0.552 seconds
[2025-01-22T10:10:03.556+0000] {processor.py:186} INFO - Started process (PID=553) to work on /home/airflow/.local/lib/python3.12/site-packages/airflow/example_dags/example_bash_operator.py
[2025-01-22T10:10:03.558+0000] {processor.py:914} INFO - Processing file /home/airflow/.local/lib/python3.12/site-packages/airflow/example_dags/example_bash_operator.py for tasks to queue
[2025-01-22T10:10:03.561+0000] {logging_mixin.py:190} INFO - [2025-01-22T10:10:03.560+0000] {dagbag.py:588} INFO - Filling up the DagBag from /home/airflow/.local/lib/python3.12/site-packages/airflow/example_dags/example_bash_operator.py
[2025-01-22T10:10:03.579+0000] {processor.py:925} INFO - DAG(s) 'example_bash_operator' retrieved from /home/airflow/.local/lib/python3.12/site-packages/airflow/example_dags/example_bash_operator.py
[2025-01-22T10:10:03.616+0000] {logging_mixin.py:190} INFO - [2025-01-22T10:10:03.616+0000] {dag.py:3239} INFO - Sync 1 DAGs
[2025-01-22T10:10:03.660+0000] {logging_mixin.py:190} INFO - [2025-01-22T10:10:03.659+0000] {dag.py:4180} INFO - Setting next_dagrun for example_bash_operator to 2025-01-21 00:00:00+00:00, run_after=2025-01-22 00:00:00+00:00
[2025-01-22T10:10:03.689+0000] {processor.py:208} INFO - Processing /home/airflow/.local/lib/python3.12/site-packages/airflow/example_dags/example_bash_operator.py took 0.143 seconds
