[2025-01-22T10:09:31.149+0000] {processor.py:186} INFO - Started process (PID=229) to work on /home/airflow/.local/lib/python3.12/site-packages/airflow/example_dags/example_time_delta_sensor_async.py
[2025-01-22T10:09:31.150+0000] {processor.py:914} INFO - Processing file /home/airflow/.local/lib/python3.12/site-packages/airflow/example_dags/example_time_delta_sensor_async.py for tasks to queue
[2025-01-22T10:09:31.152+0000] {logging_mixin.py:190} INFO - [2025-01-22T10:09:31.152+0000] {dagbag.py:588} INFO - Filling up the DagBag from /home/airflow/.local/lib/python3.12/site-packages/airflow/example_dags/example_time_delta_sensor_async.py
[2025-01-22T10:09:31.162+0000] {processor.py:925} INFO - DAG(s) 'example_time_delta_sensor_async' retrieved from /home/airflow/.local/lib/python3.12/site-packages/airflow/example_dags/example_time_delta_sensor_async.py
[2025-01-22T10:09:31.325+0000] {logging_mixin.py:190} INFO - [2025-01-22T10:09:31.324+0000] {override.py:1911} INFO - Created Permission View: can edit on DAG:example_time_delta_sensor_async
[2025-01-22T10:09:31.339+0000] {logging_mixin.py:190} INFO - [2025-01-22T10:09:31.339+0000] {override.py:1911} INFO - Created Permission View: can delete on DAG:example_time_delta_sensor_async
[2025-01-22T10:09:31.348+0000] {logging_mixin.py:190} INFO - [2025-01-22T10:09:31.348+0000] {override.py:1911} INFO - Created Permission View: can read on DAG:example_time_delta_sensor_async
[2025-01-22T10:09:31.360+0000] {logging_mixin.py:190} INFO - [2025-01-22T10:09:31.360+0000] {override.py:1911} INFO - Created Permission View: can create on DAG Run:example_time_delta_sensor_async
[2025-01-22T10:09:31.370+0000] {logging_mixin.py:190} INFO - [2025-01-22T10:09:31.370+0000] {override.py:1911} INFO - Created Permission View: can delete on DAG Run:example_time_delta_sensor_async
[2025-01-22T10:09:31.382+0000] {logging_mixin.py:190} INFO - [2025-01-22T10:09:31.381+0000] {override.py:1911} INFO - Created Permission View: menu access on DAG Run:example_time_delta_sensor_async
[2025-01-22T10:09:31.391+0000] {logging_mixin.py:190} INFO - [2025-01-22T10:09:31.390+0000] {override.py:1911} INFO - Created Permission View: can read on DAG Run:example_time_delta_sensor_async
[2025-01-22T10:09:31.392+0000] {logging_mixin.py:190} INFO - [2025-01-22T10:09:31.392+0000] {dag.py:3239} INFO - Sync 1 DAGs
[2025-01-22T10:09:31.410+0000] {logging_mixin.py:190} INFO - [2025-01-22T10:09:31.410+0000] {dag.py:3262} INFO - Creating ORM DAG for example_time_delta_sensor_async
[2025-01-22T10:09:31.411+0000] {logging_mixin.py:190} INFO - [2025-01-22T10:09:31.411+0000] {dag.py:4180} INFO - Setting next_dagrun for example_time_delta_sensor_async to None, run_after=None
[2025-01-22T10:09:31.441+0000] {processor.py:208} INFO - Processing /home/airflow/.local/lib/python3.12/site-packages/airflow/example_dags/example_time_delta_sensor_async.py took 0.300 seconds
[2025-01-22T10:10:02.199+0000] {processor.py:186} INFO - Started process (PID=518) to work on /home/airflow/.local/lib/python3.12/site-packages/airflow/example_dags/example_time_delta_sensor_async.py
[2025-01-22T10:10:02.201+0000] {processor.py:914} INFO - Processing file /home/airflow/.local/lib/python3.12/site-packages/airflow/example_dags/example_time_delta_sensor_async.py for tasks to queue
[2025-01-22T10:10:02.204+0000] {logging_mixin.py:190} INFO - [2025-01-22T10:10:02.204+0000] {dagbag.py:588} INFO - Filling up the DagBag from /home/airflow/.local/lib/python3.12/site-packages/airflow/example_dags/example_time_delta_sensor_async.py
[2025-01-22T10:10:02.259+0000] {processor.py:925} INFO - DAG(s) 'example_time_delta_sensor_async' retrieved from /home/airflow/.local/lib/python3.12/site-packages/airflow/example_dags/example_time_delta_sensor_async.py
[2025-01-22T10:10:02.356+0000] {logging_mixin.py:190} INFO - [2025-01-22T10:10:02.355+0000] {dag.py:3239} INFO - Sync 1 DAGs
[2025-01-22T10:10:02.431+0000] {logging_mixin.py:190} INFO - [2025-01-22T10:10:02.430+0000] {dag.py:4180} INFO - Setting next_dagrun for example_time_delta_sensor_async to None, run_after=None
[2025-01-22T10:10:02.498+0000] {processor.py:208} INFO - Processing /home/airflow/.local/lib/python3.12/site-packages/airflow/example_dags/example_time_delta_sensor_async.py took 0.331 seconds
