[2025-01-22T10:09:35.905+0000] {processor.py:186} INFO - Started process (PID=317) to work on /home/airflow/.local/lib/python3.12/site-packages/airflow/example_dags/example_branch_operator_decorator.py
[2025-01-22T10:09:35.906+0000] {processor.py:914} INFO - Processing file /home/airflow/.local/lib/python3.12/site-packages/airflow/example_dags/example_branch_operator_decorator.py for tasks to queue
[2025-01-22T10:09:35.912+0000] {logging_mixin.py:190} INFO - [2025-01-22T10:09:35.911+0000] {dagbag.py:588} INFO - Filling up the DagBag from /home/airflow/.local/lib/python3.12/site-packages/airflow/example_dags/example_branch_operator_decorator.py
[2025-01-22T10:09:35.947+0000] {processor.py:925} INFO - DAG(s) 'example_branch_python_operator_decorator' retrieved from /home/airflow/.local/lib/python3.12/site-packages/airflow/example_dags/example_branch_operator_decorator.py
[2025-01-22T10:09:36.119+0000] {logging_mixin.py:190} INFO - [2025-01-22T10:09:36.117+0000] {override.py:1911} INFO - Created Permission View: can edit on DAG:example_branch_python_operator_decorator
[2025-01-22T10:09:36.131+0000] {logging_mixin.py:190} INFO - [2025-01-22T10:09:36.131+0000] {override.py:1911} INFO - Created Permission View: can delete on DAG:example_branch_python_operator_decorator
[2025-01-22T10:09:36.139+0000] {logging_mixin.py:190} INFO - [2025-01-22T10:09:36.138+0000] {override.py:1911} INFO - Created Permission View: can read on DAG:example_branch_python_operator_decorator
[2025-01-22T10:09:36.147+0000] {logging_mixin.py:190} INFO - [2025-01-22T10:09:36.147+0000] {override.py:1911} INFO - Created Permission View: can create on DAG Run:example_branch_python_operator_decorator
[2025-01-22T10:09:36.156+0000] {logging_mixin.py:190} INFO - [2025-01-22T10:09:36.155+0000] {override.py:1911} INFO - Created Permission View: can delete on DAG Run:example_branch_python_operator_decorator
[2025-01-22T10:09:36.163+0000] {logging_mixin.py:190} INFO - [2025-01-22T10:09:36.163+0000] {override.py:1911} INFO - Created Permission View: menu access on DAG Run:example_branch_python_operator_decorator
[2025-01-22T10:09:36.171+0000] {logging_mixin.py:190} INFO - [2025-01-22T10:09:36.171+0000] {override.py:1911} INFO - Created Permission View: can read on DAG Run:example_branch_python_operator_decorator
[2025-01-22T10:09:36.172+0000] {logging_mixin.py:190} INFO - [2025-01-22T10:09:36.172+0000] {dag.py:3239} INFO - Sync 1 DAGs
[2025-01-22T10:09:36.187+0000] {logging_mixin.py:190} INFO - [2025-01-22T10:09:36.187+0000] {dag.py:3262} INFO - Creating ORM DAG for example_branch_python_operator_decorator
[2025-01-22T10:09:36.201+0000] {logging_mixin.py:190} INFO - [2025-01-22T10:09:36.201+0000] {dag.py:4180} INFO - Setting next_dagrun for example_branch_python_operator_decorator to 2025-01-21 00:00:00+00:00, run_after=2025-01-22 00:00:00+00:00
[2025-01-22T10:09:36.224+0000] {processor.py:208} INFO - Processing /home/airflow/.local/lib/python3.12/site-packages/airflow/example_dags/example_branch_operator_decorator.py took 0.336 seconds
[2025-01-22T10:10:06.314+0000] {processor.py:186} INFO - Started process (PID=603) to work on /home/airflow/.local/lib/python3.12/site-packages/airflow/example_dags/example_branch_operator_decorator.py
[2025-01-22T10:10:06.315+0000] {processor.py:914} INFO - Processing file /home/airflow/.local/lib/python3.12/site-packages/airflow/example_dags/example_branch_operator_decorator.py for tasks to queue
[2025-01-22T10:10:06.318+0000] {logging_mixin.py:190} INFO - [2025-01-22T10:10:06.318+0000] {dagbag.py:588} INFO - Filling up the DagBag from /home/airflow/.local/lib/python3.12/site-packages/airflow/example_dags/example_branch_operator_decorator.py
[2025-01-22T10:10:06.349+0000] {processor.py:925} INFO - DAG(s) 'example_branch_python_operator_decorator' retrieved from /home/airflow/.local/lib/python3.12/site-packages/airflow/example_dags/example_branch_operator_decorator.py
[2025-01-22T10:10:06.384+0000] {logging_mixin.py:190} INFO - [2025-01-22T10:10:06.384+0000] {dag.py:3239} INFO - Sync 1 DAGs
[2025-01-22T10:10:06.413+0000] {logging_mixin.py:190} INFO - [2025-01-22T10:10:06.413+0000] {dag.py:4180} INFO - Setting next_dagrun for example_branch_python_operator_decorator to 2025-01-21 00:00:00+00:00, run_after=2025-01-22 00:00:00+00:00
[2025-01-22T10:10:06.440+0000] {processor.py:208} INFO - Processing /home/airflow/.local/lib/python3.12/site-packages/airflow/example_dags/example_branch_operator_decorator.py took 0.136 seconds
