[2025-01-22T10:09:30.781+0000] {processor.py:186} INFO - Started process (PID=217) to work on /home/airflow/.local/lib/python3.12/site-packages/airflow/example_dags/example_latest_only_with_trigger.py
[2025-01-22T10:09:30.782+0000] {processor.py:914} INFO - Processing file /home/airflow/.local/lib/python3.12/site-packages/airflow/example_dags/example_latest_only_with_trigger.py for tasks to queue
[2025-01-22T10:09:30.786+0000] {logging_mixin.py:190} INFO - [2025-01-22T10:09:30.785+0000] {dagbag.py:588} INFO - Filling up the DagBag from /home/airflow/.local/lib/python3.12/site-packages/airflow/example_dags/example_latest_only_with_trigger.py
[2025-01-22T10:09:30.798+0000] {processor.py:925} INFO - DAG(s) 'latest_only_with_trigger' retrieved from /home/airflow/.local/lib/python3.12/site-packages/airflow/example_dags/example_latest_only_with_trigger.py
[2025-01-22T10:09:30.981+0000] {logging_mixin.py:190} INFO - [2025-01-22T10:09:30.980+0000] {override.py:1911} INFO - Created Permission View: can edit on DAG:latest_only_with_trigger
[2025-01-22T10:09:30.998+0000] {logging_mixin.py:190} INFO - [2025-01-22T10:09:30.997+0000] {override.py:1911} INFO - Created Permission View: can delete on DAG:latest_only_with_trigger
[2025-01-22T10:09:31.008+0000] {logging_mixin.py:190} INFO - [2025-01-22T10:09:31.007+0000] {override.py:1911} INFO - Created Permission View: can read on DAG:latest_only_with_trigger
[2025-01-22T10:09:31.020+0000] {logging_mixin.py:190} INFO - [2025-01-22T10:09:31.019+0000] {override.py:1911} INFO - Created Permission View: can create on DAG Run:latest_only_with_trigger
[2025-01-22T10:09:31.029+0000] {logging_mixin.py:190} INFO - [2025-01-22T10:09:31.028+0000] {override.py:1911} INFO - Created Permission View: can delete on DAG Run:latest_only_with_trigger
[2025-01-22T10:09:31.037+0000] {logging_mixin.py:190} INFO - [2025-01-22T10:09:31.037+0000] {override.py:1911} INFO - Created Permission View: menu access on DAG Run:latest_only_with_trigger
[2025-01-22T10:09:31.047+0000] {logging_mixin.py:190} INFO - [2025-01-22T10:09:31.046+0000] {override.py:1911} INFO - Created Permission View: can read on DAG Run:latest_only_with_trigger
[2025-01-22T10:09:31.047+0000] {logging_mixin.py:190} INFO - [2025-01-22T10:09:31.047+0000] {dag.py:3239} INFO - Sync 1 DAGs
[2025-01-22T10:09:31.062+0000] {logging_mixin.py:190} INFO - [2025-01-22T10:09:31.062+0000] {dag.py:3262} INFO - Creating ORM DAG for latest_only_with_trigger
[2025-01-22T10:09:31.077+0000] {logging_mixin.py:190} INFO - [2025-01-22T10:09:31.076+0000] {dag.py:4180} INFO - Setting next_dagrun for latest_only_with_trigger to 2025-01-22 04:00:00+00:00, run_after=2025-01-22 08:00:00+00:00
[2025-01-22T10:09:31.101+0000] {processor.py:208} INFO - Processing /home/airflow/.local/lib/python3.12/site-packages/airflow/example_dags/example_latest_only_with_trigger.py took 0.330 seconds
[2025-01-22T10:10:01.811+0000] {processor.py:186} INFO - Started process (PID=508) to work on /home/airflow/.local/lib/python3.12/site-packages/airflow/example_dags/example_latest_only_with_trigger.py
[2025-01-22T10:10:01.813+0000] {processor.py:914} INFO - Processing file /home/airflow/.local/lib/python3.12/site-packages/airflow/example_dags/example_latest_only_with_trigger.py for tasks to queue
[2025-01-22T10:10:01.816+0000] {logging_mixin.py:190} INFO - [2025-01-22T10:10:01.815+0000] {dagbag.py:588} INFO - Filling up the DagBag from /home/airflow/.local/lib/python3.12/site-packages/airflow/example_dags/example_latest_only_with_trigger.py
[2025-01-22T10:10:01.829+0000] {processor.py:925} INFO - DAG(s) 'latest_only_with_trigger' retrieved from /home/airflow/.local/lib/python3.12/site-packages/airflow/example_dags/example_latest_only_with_trigger.py
[2025-01-22T10:10:01.858+0000] {logging_mixin.py:190} INFO - [2025-01-22T10:10:01.857+0000] {dag.py:3239} INFO - Sync 1 DAGs
[2025-01-22T10:10:01.890+0000] {logging_mixin.py:190} INFO - [2025-01-22T10:10:01.890+0000] {dag.py:4180} INFO - Setting next_dagrun for latest_only_with_trigger to 2025-01-22 04:00:00+00:00, run_after=2025-01-22 08:00:00+00:00
[2025-01-22T10:10:01.928+0000] {processor.py:208} INFO - Processing /home/airflow/.local/lib/python3.12/site-packages/airflow/example_dags/example_latest_only_with_trigger.py took 0.128 seconds
