[2025-01-22T10:09:28.606+0000] {processor.py:186} INFO - Started process (PID=197) to work on /home/airflow/.local/lib/python3.12/site-packages/airflow/example_dags/example_python_decorator.py
[2025-01-22T10:09:28.607+0000] {processor.py:914} INFO - Processing file /home/airflow/.local/lib/python3.12/site-packages/airflow/example_dags/example_python_decorator.py for tasks to queue
[2025-01-22T10:09:28.610+0000] {logging_mixin.py:190} INFO - [2025-01-22T10:09:28.610+0000] {dagbag.py:588} INFO - Filling up the DagBag from /home/airflow/.local/lib/python3.12/site-packages/airflow/example_dags/example_python_decorator.py
[2025-01-22T10:09:28.674+0000] {processor.py:925} INFO - DAG(s) 'example_python_decorator' retrieved from /home/airflow/.local/lib/python3.12/site-packages/airflow/example_dags/example_python_decorator.py
[2025-01-22T10:09:28.968+0000] {logging_mixin.py:190} INFO - [2025-01-22T10:09:28.965+0000] {override.py:1911} INFO - Created Permission View: can edit on DAG:example_python_decorator
[2025-01-22T10:09:28.988+0000] {logging_mixin.py:190} INFO - [2025-01-22T10:09:28.988+0000] {override.py:1911} INFO - Created Permission View: can delete on DAG:example_python_decorator
[2025-01-22T10:09:28.996+0000] {logging_mixin.py:190} INFO - [2025-01-22T10:09:28.996+0000] {override.py:1911} INFO - Created Permission View: can read on DAG:example_python_decorator
[2025-01-22T10:09:29.008+0000] {logging_mixin.py:190} INFO - [2025-01-22T10:09:29.007+0000] {override.py:1911} INFO - Created Permission View: can create on DAG Run:example_python_decorator
[2025-01-22T10:09:29.019+0000] {logging_mixin.py:190} INFO - [2025-01-22T10:09:29.019+0000] {override.py:1911} INFO - Created Permission View: can delete on DAG Run:example_python_decorator
[2025-01-22T10:09:29.028+0000] {logging_mixin.py:190} INFO - [2025-01-22T10:09:29.028+0000] {override.py:1911} INFO - Created Permission View: menu access on DAG Run:example_python_decorator
[2025-01-22T10:09:29.038+0000] {logging_mixin.py:190} INFO - [2025-01-22T10:09:29.038+0000] {override.py:1911} INFO - Created Permission View: can read on DAG Run:example_python_decorator
[2025-01-22T10:09:29.039+0000] {logging_mixin.py:190} INFO - [2025-01-22T10:09:29.038+0000] {dag.py:3239} INFO - Sync 1 DAGs
[2025-01-22T10:09:29.067+0000] {logging_mixin.py:190} INFO - [2025-01-22T10:09:29.067+0000] {dag.py:3262} INFO - Creating ORM DAG for example_python_decorator
[2025-01-22T10:09:29.069+0000] {logging_mixin.py:190} INFO - [2025-01-22T10:09:29.069+0000] {dag.py:4180} INFO - Setting next_dagrun for example_python_decorator to None, run_after=None
[2025-01-22T10:09:29.119+0000] {processor.py:208} INFO - Processing /home/airflow/.local/lib/python3.12/site-packages/airflow/example_dags/example_python_decorator.py took 0.521 seconds
[2025-01-22T10:09:59.309+0000] {processor.py:186} INFO - Started process (PID=483) to work on /home/airflow/.local/lib/python3.12/site-packages/airflow/example_dags/example_python_decorator.py
[2025-01-22T10:09:59.310+0000] {processor.py:914} INFO - Processing file /home/airflow/.local/lib/python3.12/site-packages/airflow/example_dags/example_python_decorator.py for tasks to queue
[2025-01-22T10:09:59.315+0000] {logging_mixin.py:190} INFO - [2025-01-22T10:09:59.314+0000] {dagbag.py:588} INFO - Filling up the DagBag from /home/airflow/.local/lib/python3.12/site-packages/airflow/example_dags/example_python_decorator.py
[2025-01-22T10:09:59.332+0000] {processor.py:925} INFO - DAG(s) 'example_python_decorator' retrieved from /home/airflow/.local/lib/python3.12/site-packages/airflow/example_dags/example_python_decorator.py
[2025-01-22T10:09:59.375+0000] {logging_mixin.py:190} INFO - [2025-01-22T10:09:59.374+0000] {dag.py:3239} INFO - Sync 1 DAGs
[2025-01-22T10:09:59.402+0000] {logging_mixin.py:190} INFO - [2025-01-22T10:09:59.400+0000] {dag.py:4180} INFO - Setting next_dagrun for example_python_decorator to None, run_after=None
[2025-01-22T10:09:59.432+0000] {processor.py:208} INFO - Processing /home/airflow/.local/lib/python3.12/site-packages/airflow/example_dags/example_python_decorator.py took 0.129 seconds
