[2025-01-22T10:09:33.877+0000] {processor.py:186} INFO - Started process (PID=282) to work on /home/airflow/.local/lib/python3.12/site-packages/airflow/example_dags/example_task_group_decorator.py
[2025-01-22T10:09:33.878+0000] {processor.py:914} INFO - Processing file /home/airflow/.local/lib/python3.12/site-packages/airflow/example_dags/example_task_group_decorator.py for tasks to queue
[2025-01-22T10:09:33.884+0000] {logging_mixin.py:190} INFO - [2025-01-22T10:09:33.884+0000] {dagbag.py:588} INFO - Filling up the DagBag from /home/airflow/.local/lib/python3.12/site-packages/airflow/example_dags/example_task_group_decorator.py
[2025-01-22T10:09:33.901+0000] {processor.py:925} INFO - DAG(s) 'example_task_group_decorator' retrieved from /home/airflow/.local/lib/python3.12/site-packages/airflow/example_dags/example_task_group_decorator.py
[2025-01-22T10:09:34.051+0000] {logging_mixin.py:190} INFO - [2025-01-22T10:09:34.050+0000] {override.py:1911} INFO - Created Permission View: can edit on DAG:example_task_group_decorator
[2025-01-22T10:09:34.062+0000] {logging_mixin.py:190} INFO - [2025-01-22T10:09:34.062+0000] {override.py:1911} INFO - Created Permission View: can delete on DAG:example_task_group_decorator
[2025-01-22T10:09:34.072+0000] {logging_mixin.py:190} INFO - [2025-01-22T10:09:34.071+0000] {override.py:1911} INFO - Created Permission View: can read on DAG:example_task_group_decorator
[2025-01-22T10:09:34.084+0000] {logging_mixin.py:190} INFO - [2025-01-22T10:09:34.084+0000] {override.py:1911} INFO - Created Permission View: can create on DAG Run:example_task_group_decorator
[2025-01-22T10:09:34.093+0000] {logging_mixin.py:190} INFO - [2025-01-22T10:09:34.092+0000] {override.py:1911} INFO - Created Permission View: can delete on DAG Run:example_task_group_decorator
[2025-01-22T10:09:34.100+0000] {logging_mixin.py:190} INFO - [2025-01-22T10:09:34.100+0000] {override.py:1911} INFO - Created Permission View: menu access on DAG Run:example_task_group_decorator
[2025-01-22T10:09:34.107+0000] {logging_mixin.py:190} INFO - [2025-01-22T10:09:34.107+0000] {override.py:1911} INFO - Created Permission View: can read on DAG Run:example_task_group_decorator
[2025-01-22T10:09:34.107+0000] {logging_mixin.py:190} INFO - [2025-01-22T10:09:34.107+0000] {dag.py:3239} INFO - Sync 1 DAGs
[2025-01-22T10:09:34.121+0000] {logging_mixin.py:190} INFO - [2025-01-22T10:09:34.121+0000] {dag.py:3262} INFO - Creating ORM DAG for example_task_group_decorator
[2025-01-22T10:09:34.122+0000] {logging_mixin.py:190} INFO - [2025-01-22T10:09:34.122+0000] {dag.py:4180} INFO - Setting next_dagrun for example_task_group_decorator to None, run_after=None
[2025-01-22T10:09:34.143+0000] {processor.py:208} INFO - Processing /home/airflow/.local/lib/python3.12/site-packages/airflow/example_dags/example_task_group_decorator.py took 0.275 seconds
[2025-01-22T10:10:04.904+0000] {processor.py:186} INFO - Started process (PID=573) to work on /home/airflow/.local/lib/python3.12/site-packages/airflow/example_dags/example_task_group_decorator.py
[2025-01-22T10:10:04.906+0000] {processor.py:914} INFO - Processing file /home/airflow/.local/lib/python3.12/site-packages/airflow/example_dags/example_task_group_decorator.py for tasks to queue
[2025-01-22T10:10:04.909+0000] {logging_mixin.py:190} INFO - [2025-01-22T10:10:04.909+0000] {dagbag.py:588} INFO - Filling up the DagBag from /home/airflow/.local/lib/python3.12/site-packages/airflow/example_dags/example_task_group_decorator.py
[2025-01-22T10:10:04.938+0000] {processor.py:925} INFO - DAG(s) 'example_task_group_decorator' retrieved from /home/airflow/.local/lib/python3.12/site-packages/airflow/example_dags/example_task_group_decorator.py
[2025-01-22T10:10:04.981+0000] {logging_mixin.py:190} INFO - [2025-01-22T10:10:04.981+0000] {dag.py:3239} INFO - Sync 1 DAGs
[2025-01-22T10:10:05.002+0000] {logging_mixin.py:190} INFO - [2025-01-22T10:10:05.002+0000] {dag.py:4180} INFO - Setting next_dagrun for example_task_group_decorator to None, run_after=None
[2025-01-22T10:10:05.034+0000] {processor.py:208} INFO - Processing /home/airflow/.local/lib/python3.12/site-packages/airflow/example_dags/example_task_group_decorator.py took 0.138 seconds
