[2025-01-22T10:09:38.659+0000] {processor.py:186} INFO - Started process (PID=387) to work on /home/airflow/.local/lib/python3.12/site-packages/airflow/example_dags/example_dynamic_task_mapping_with_no_taskflow_operators.py
[2025-01-22T10:09:38.660+0000] {processor.py:914} INFO - Processing file /home/airflow/.local/lib/python3.12/site-packages/airflow/example_dags/example_dynamic_task_mapping_with_no_taskflow_operators.py for tasks to queue
[2025-01-22T10:09:38.663+0000] {logging_mixin.py:190} INFO - [2025-01-22T10:09:38.662+0000] {dagbag.py:588} INFO - Filling up the DagBag from /home/airflow/.local/lib/python3.12/site-packages/airflow/example_dags/example_dynamic_task_mapping_with_no_taskflow_operators.py
[2025-01-22T10:09:38.675+0000] {processor.py:925} INFO - DAG(s) 'example_dynamic_task_mapping_with_no_taskflow_operators' retrieved from /home/airflow/.local/lib/python3.12/site-packages/airflow/example_dags/example_dynamic_task_mapping_with_no_taskflow_operators.py
[2025-01-22T10:09:38.828+0000] {logging_mixin.py:190} INFO - [2025-01-22T10:09:38.828+0000] {override.py:1911} INFO - Created Permission View: can edit on DAG:example_dynamic_task_mapping_with_no_taskflow_operators
[2025-01-22T10:09:38.844+0000] {logging_mixin.py:190} INFO - [2025-01-22T10:09:38.843+0000] {override.py:1911} INFO - Created Permission View: can delete on DAG:example_dynamic_task_mapping_with_no_taskflow_operators
[2025-01-22T10:09:38.854+0000] {logging_mixin.py:190} INFO - [2025-01-22T10:09:38.854+0000] {override.py:1911} INFO - Created Permission View: can read on DAG:example_dynamic_task_mapping_with_no_taskflow_operators
[2025-01-22T10:09:38.870+0000] {logging_mixin.py:190} INFO - [2025-01-22T10:09:38.869+0000] {override.py:1911} INFO - Created Permission View: can create on DAG Run:example_dynamic_task_mapping_with_no_taskflow_operators
[2025-01-22T10:09:38.881+0000] {logging_mixin.py:190} INFO - [2025-01-22T10:09:38.881+0000] {override.py:1911} INFO - Created Permission View: can delete on DAG Run:example_dynamic_task_mapping_with_no_taskflow_operators
[2025-01-22T10:09:38.890+0000] {logging_mixin.py:190} INFO - [2025-01-22T10:09:38.890+0000] {override.py:1911} INFO - Created Permission View: menu access on DAG Run:example_dynamic_task_mapping_with_no_taskflow_operators
[2025-01-22T10:09:38.901+0000] {logging_mixin.py:190} INFO - [2025-01-22T10:09:38.900+0000] {override.py:1911} INFO - Created Permission View: can read on DAG Run:example_dynamic_task_mapping_with_no_taskflow_operators
[2025-01-22T10:09:38.901+0000] {logging_mixin.py:190} INFO - [2025-01-22T10:09:38.901+0000] {dag.py:3239} INFO - Sync 1 DAGs
[2025-01-22T10:09:38.914+0000] {logging_mixin.py:190} INFO - [2025-01-22T10:09:38.914+0000] {dag.py:3262} INFO - Creating ORM DAG for example_dynamic_task_mapping_with_no_taskflow_operators
[2025-01-22T10:09:38.915+0000] {logging_mixin.py:190} INFO - [2025-01-22T10:09:38.915+0000] {dag.py:4180} INFO - Setting next_dagrun for example_dynamic_task_mapping_with_no_taskflow_operators to None, run_after=None
[2025-01-22T10:09:38.936+0000] {processor.py:208} INFO - Processing /home/airflow/.local/lib/python3.12/site-packages/airflow/example_dags/example_dynamic_task_mapping_with_no_taskflow_operators.py took 0.284 seconds
[2025-01-22T10:10:09.734+0000] {processor.py:186} INFO - Started process (PID=675) to work on /home/airflow/.local/lib/python3.12/site-packages/airflow/example_dags/example_dynamic_task_mapping_with_no_taskflow_operators.py
[2025-01-22T10:10:09.740+0000] {processor.py:914} INFO - Processing file /home/airflow/.local/lib/python3.12/site-packages/airflow/example_dags/example_dynamic_task_mapping_with_no_taskflow_operators.py for tasks to queue
[2025-01-22T10:10:09.744+0000] {logging_mixin.py:190} INFO - [2025-01-22T10:10:09.744+0000] {dagbag.py:588} INFO - Filling up the DagBag from /home/airflow/.local/lib/python3.12/site-packages/airflow/example_dags/example_dynamic_task_mapping_with_no_taskflow_operators.py
[2025-01-22T10:10:09.754+0000] {processor.py:925} INFO - DAG(s) 'example_dynamic_task_mapping_with_no_taskflow_operators' retrieved from /home/airflow/.local/lib/python3.12/site-packages/airflow/example_dags/example_dynamic_task_mapping_with_no_taskflow_operators.py
[2025-01-22T10:10:09.781+0000] {logging_mixin.py:190} INFO - [2025-01-22T10:10:09.781+0000] {dag.py:3239} INFO - Sync 1 DAGs
[2025-01-22T10:10:09.801+0000] {logging_mixin.py:190} INFO - [2025-01-22T10:10:09.801+0000] {dag.py:4180} INFO - Setting next_dagrun for example_dynamic_task_mapping_with_no_taskflow_operators to None, run_after=None
[2025-01-22T10:10:09.829+0000] {processor.py:208} INFO - Processing /home/airflow/.local/lib/python3.12/site-packages/airflow/example_dags/example_dynamic_task_mapping_with_no_taskflow_operators.py took 0.105 seconds
