[2025-01-22T10:09:34.520+0000] {processor.py:186} INFO - Started process (PID=302) to work on /home/airflow/.local/lib/python3.12/site-packages/airflow/example_dags/example_dataset_alias.py
[2025-01-22T10:09:34.521+0000] {processor.py:914} INFO - Processing file /home/airflow/.local/lib/python3.12/site-packages/airflow/example_dags/example_dataset_alias.py for tasks to queue
[2025-01-22T10:09:34.524+0000] {logging_mixin.py:190} INFO - [2025-01-22T10:09:34.523+0000] {dagbag.py:588} INFO - Filling up the DagBag from /home/airflow/.local/lib/python3.12/site-packages/airflow/example_dags/example_dataset_alias.py
[2025-01-22T10:09:35.242+0000] {processor.py:925} INFO - DAG(s) 'dataset_alias_example_alias_producer', 'dataset_alias_example_alias_consumer', 'dataset_s3_bucket_consumer', 'dataset_s3_bucket_producer' retrieved from /home/airflow/.local/lib/python3.12/site-packages/airflow/example_dags/example_dataset_alias.py
[2025-01-22T10:09:35.369+0000] {logging_mixin.py:190} INFO - [2025-01-22T10:09:35.368+0000] {override.py:1911} INFO - Created Permission View: can edit on DAG:dataset_alias_example_alias_producer
[2025-01-22T10:09:35.385+0000] {logging_mixin.py:190} INFO - [2025-01-22T10:09:35.384+0000] {override.py:1911} INFO - Created Permission View: can delete on DAG:dataset_alias_example_alias_producer
[2025-01-22T10:09:35.393+0000] {logging_mixin.py:190} INFO - [2025-01-22T10:09:35.393+0000] {override.py:1911} INFO - Created Permission View: can read on DAG:dataset_alias_example_alias_producer
[2025-01-22T10:09:35.404+0000] {logging_mixin.py:190} INFO - [2025-01-22T10:09:35.403+0000] {override.py:1911} INFO - Created Permission View: can create on DAG Run:dataset_alias_example_alias_producer
[2025-01-22T10:09:35.417+0000] {logging_mixin.py:190} INFO - [2025-01-22T10:09:35.416+0000] {override.py:1911} INFO - Created Permission View: can delete on DAG Run:dataset_alias_example_alias_producer
[2025-01-22T10:09:35.436+0000] {logging_mixin.py:190} INFO - [2025-01-22T10:09:35.435+0000] {override.py:1911} INFO - Created Permission View: menu access on DAG Run:dataset_alias_example_alias_producer
[2025-01-22T10:09:35.446+0000] {logging_mixin.py:190} INFO - [2025-01-22T10:09:35.446+0000] {override.py:1911} INFO - Created Permission View: can read on DAG Run:dataset_alias_example_alias_producer
[2025-01-22T10:09:35.466+0000] {logging_mixin.py:190} INFO - [2025-01-22T10:09:35.466+0000] {override.py:1911} INFO - Created Permission View: can edit on DAG:dataset_alias_example_alias_consumer
[2025-01-22T10:09:35.477+0000] {logging_mixin.py:190} INFO - [2025-01-22T10:09:35.476+0000] {override.py:1911} INFO - Created Permission View: can delete on DAG:dataset_alias_example_alias_consumer
[2025-01-22T10:09:35.488+0000] {logging_mixin.py:190} INFO - [2025-01-22T10:09:35.487+0000] {override.py:1911} INFO - Created Permission View: can read on DAG:dataset_alias_example_alias_consumer
[2025-01-22T10:09:35.499+0000] {logging_mixin.py:190} INFO - [2025-01-22T10:09:35.498+0000] {override.py:1911} INFO - Created Permission View: can create on DAG Run:dataset_alias_example_alias_consumer
[2025-01-22T10:09:35.509+0000] {logging_mixin.py:190} INFO - [2025-01-22T10:09:35.508+0000] {override.py:1911} INFO - Created Permission View: can delete on DAG Run:dataset_alias_example_alias_consumer
[2025-01-22T10:09:35.520+0000] {logging_mixin.py:190} INFO - [2025-01-22T10:09:35.519+0000] {override.py:1911} INFO - Created Permission View: menu access on DAG Run:dataset_alias_example_alias_consumer
[2025-01-22T10:09:35.532+0000] {logging_mixin.py:190} INFO - [2025-01-22T10:09:35.531+0000] {override.py:1911} INFO - Created Permission View: can read on DAG Run:dataset_alias_example_alias_consumer
[2025-01-22T10:09:35.555+0000] {logging_mixin.py:190} INFO - [2025-01-22T10:09:35.554+0000] {override.py:1911} INFO - Created Permission View: can edit on DAG:dataset_s3_bucket_consumer
[2025-01-22T10:09:35.566+0000] {logging_mixin.py:190} INFO - [2025-01-22T10:09:35.566+0000] {override.py:1911} INFO - Created Permission View: can delete on DAG:dataset_s3_bucket_consumer
[2025-01-22T10:09:35.578+0000] {logging_mixin.py:190} INFO - [2025-01-22T10:09:35.578+0000] {override.py:1911} INFO - Created Permission View: can read on DAG:dataset_s3_bucket_consumer
[2025-01-22T10:09:35.591+0000] {logging_mixin.py:190} INFO - [2025-01-22T10:09:35.591+0000] {override.py:1911} INFO - Created Permission View: can create on DAG Run:dataset_s3_bucket_consumer
[2025-01-22T10:09:35.603+0000] {logging_mixin.py:190} INFO - [2025-01-22T10:09:35.602+0000] {override.py:1911} INFO - Created Permission View: can delete on DAG Run:dataset_s3_bucket_consumer
[2025-01-22T10:09:35.614+0000] {logging_mixin.py:190} INFO - [2025-01-22T10:09:35.614+0000] {override.py:1911} INFO - Created Permission View: menu access on DAG Run:dataset_s3_bucket_consumer
[2025-01-22T10:09:35.625+0000] {logging_mixin.py:190} INFO - [2025-01-22T10:09:35.624+0000] {override.py:1911} INFO - Created Permission View: can read on DAG Run:dataset_s3_bucket_consumer
[2025-01-22T10:09:35.649+0000] {logging_mixin.py:190} INFO - [2025-01-22T10:09:35.649+0000] {override.py:1911} INFO - Created Permission View: can edit on DAG:dataset_s3_bucket_producer
[2025-01-22T10:09:35.660+0000] {logging_mixin.py:190} INFO - [2025-01-22T10:09:35.659+0000] {override.py:1911} INFO - Created Permission View: can delete on DAG:dataset_s3_bucket_producer
[2025-01-22T10:09:35.674+0000] {logging_mixin.py:190} INFO - [2025-01-22T10:09:35.673+0000] {override.py:1911} INFO - Created Permission View: can read on DAG:dataset_s3_bucket_producer
[2025-01-22T10:09:35.686+0000] {logging_mixin.py:190} INFO - [2025-01-22T10:09:35.685+0000] {override.py:1911} INFO - Created Permission View: can create on DAG Run:dataset_s3_bucket_producer
[2025-01-22T10:09:35.697+0000] {logging_mixin.py:190} INFO - [2025-01-22T10:09:35.697+0000] {override.py:1911} INFO - Created Permission View: can delete on DAG Run:dataset_s3_bucket_producer
[2025-01-22T10:09:35.707+0000] {logging_mixin.py:190} INFO - [2025-01-22T10:09:35.707+0000] {override.py:1911} INFO - Created Permission View: menu access on DAG Run:dataset_s3_bucket_producer
[2025-01-22T10:09:35.718+0000] {logging_mixin.py:190} INFO - [2025-01-22T10:09:35.717+0000] {override.py:1911} INFO - Created Permission View: can read on DAG Run:dataset_s3_bucket_producer
[2025-01-22T10:09:35.719+0000] {logging_mixin.py:190} INFO - [2025-01-22T10:09:35.718+0000] {dag.py:3239} INFO - Sync 4 DAGs
[2025-01-22T10:09:35.758+0000] {logging_mixin.py:190} INFO - [2025-01-22T10:09:35.757+0000] {dag.py:3262} INFO - Creating ORM DAG for dataset_alias_example_alias_producer
[2025-01-22T10:09:35.760+0000] {logging_mixin.py:190} INFO - [2025-01-22T10:09:35.759+0000] {dag.py:3262} INFO - Creating ORM DAG for dataset_alias_example_alias_consumer
[2025-01-22T10:09:35.761+0000] {logging_mixin.py:190} INFO - [2025-01-22T10:09:35.760+0000] {dag.py:3262} INFO - Creating ORM DAG for dataset_s3_bucket_producer
[2025-01-22T10:09:35.761+0000] {logging_mixin.py:190} INFO - [2025-01-22T10:09:35.761+0000] {dag.py:3262} INFO - Creating ORM DAG for dataset_s3_bucket_consumer
[2025-01-22T10:09:35.780+0000] {logging_mixin.py:190} INFO - [2025-01-22T10:09:35.779+0000] {dag.py:4180} INFO - Setting next_dagrun for dataset_alias_example_alias_consumer to None, run_after=None
[2025-01-22T10:09:35.782+0000] {logging_mixin.py:190} INFO - [2025-01-22T10:09:35.781+0000] {dag.py:4180} INFO - Setting next_dagrun for dataset_alias_example_alias_producer to None, run_after=None
[2025-01-22T10:09:35.783+0000] {logging_mixin.py:190} INFO - [2025-01-22T10:09:35.783+0000] {dag.py:4180} INFO - Setting next_dagrun for dataset_s3_bucket_consumer to None, run_after=None
[2025-01-22T10:09:35.784+0000] {logging_mixin.py:190} INFO - [2025-01-22T10:09:35.783+0000] {dag.py:4180} INFO - Setting next_dagrun for dataset_s3_bucket_producer to None, run_after=None
[2025-01-22T10:09:35.838+0000] {processor.py:208} INFO - Processing /home/airflow/.local/lib/python3.12/site-packages/airflow/example_dags/example_dataset_alias.py took 1.327 seconds
[2025-01-22T10:10:05.949+0000] {processor.py:186} INFO - Started process (PID=593) to work on /home/airflow/.local/lib/python3.12/site-packages/airflow/example_dags/example_dataset_alias.py
[2025-01-22T10:10:05.951+0000] {processor.py:914} INFO - Processing file /home/airflow/.local/lib/python3.12/site-packages/airflow/example_dags/example_dataset_alias.py for tasks to queue
[2025-01-22T10:10:05.956+0000] {logging_mixin.py:190} INFO - [2025-01-22T10:10:05.955+0000] {dagbag.py:588} INFO - Filling up the DagBag from /home/airflow/.local/lib/python3.12/site-packages/airflow/example_dags/example_dataset_alias.py
[2025-01-22T10:10:06.685+0000] {processor.py:925} INFO - DAG(s) 'dataset_s3_bucket_consumer', 'dataset_s3_bucket_producer', 'dataset_alias_example_alias_consumer', 'dataset_alias_example_alias_producer' retrieved from /home/airflow/.local/lib/python3.12/site-packages/airflow/example_dags/example_dataset_alias.py
[2025-01-22T10:10:06.732+0000] {logging_mixin.py:190} INFO - [2025-01-22T10:10:06.731+0000] {dag.py:3239} INFO - Sync 4 DAGs
[2025-01-22T10:10:06.777+0000] {logging_mixin.py:190} INFO - [2025-01-22T10:10:06.777+0000] {dag.py:4180} INFO - Setting next_dagrun for dataset_alias_example_alias_consumer to None, run_after=None
[2025-01-22T10:10:06.781+0000] {logging_mixin.py:190} INFO - [2025-01-22T10:10:06.781+0000] {dag.py:4180} INFO - Setting next_dagrun for dataset_alias_example_alias_producer to None, run_after=None
[2025-01-22T10:10:06.784+0000] {logging_mixin.py:190} INFO - [2025-01-22T10:10:06.783+0000] {dag.py:4180} INFO - Setting next_dagrun for dataset_s3_bucket_consumer to None, run_after=None
[2025-01-22T10:10:06.785+0000] {logging_mixin.py:190} INFO - [2025-01-22T10:10:06.785+0000] {dag.py:4180} INFO - Setting next_dagrun for dataset_s3_bucket_producer to None, run_after=None
[2025-01-22T10:10:06.816+0000] {processor.py:208} INFO - Processing /home/airflow/.local/lib/python3.12/site-packages/airflow/example_dags/example_dataset_alias.py took 0.876 seconds
