[2025-01-22T10:09:40.278+0000] {processor.py:186} INFO - Started process (PID=419) to work on /home/airflow/.local/lib/python3.12/site-packages/airflow/example_dags/example_sla_dag.py
[2025-01-22T10:09:40.280+0000] {processor.py:914} INFO - Processing file /home/airflow/.local/lib/python3.12/site-packages/airflow/example_dags/example_sla_dag.py for tasks to queue
[2025-01-22T10:09:40.282+0000] {logging_mixin.py:190} INFO - [2025-01-22T10:09:40.281+0000] {dagbag.py:588} INFO - Filling up the DagBag from /home/airflow/.local/lib/python3.12/site-packages/airflow/example_dags/example_sla_dag.py
[2025-01-22T10:09:40.293+0000] {processor.py:925} INFO - DAG(s) 'example_sla_dag' retrieved from /home/airflow/.local/lib/python3.12/site-packages/airflow/example_dags/example_sla_dag.py
[2025-01-22T10:09:40.403+0000] {logging_mixin.py:190} INFO - [2025-01-22T10:09:40.402+0000] {override.py:1911} INFO - Created Permission View: can edit on DAG:example_sla_dag
[2025-01-22T10:09:40.415+0000] {logging_mixin.py:190} INFO - [2025-01-22T10:09:40.415+0000] {override.py:1911} INFO - Created Permission View: can delete on DAG:example_sla_dag
[2025-01-22T10:09:40.423+0000] {logging_mixin.py:190} INFO - [2025-01-22T10:09:40.422+0000] {override.py:1911} INFO - Created Permission View: can read on DAG:example_sla_dag
[2025-01-22T10:09:40.433+0000] {logging_mixin.py:190} INFO - [2025-01-22T10:09:40.433+0000] {override.py:1911} INFO - Created Permission View: can create on DAG Run:example_sla_dag
[2025-01-22T10:09:40.444+0000] {logging_mixin.py:190} INFO - [2025-01-22T10:09:40.443+0000] {override.py:1911} INFO - Created Permission View: can delete on DAG Run:example_sla_dag
[2025-01-22T10:09:40.452+0000] {logging_mixin.py:190} INFO - [2025-01-22T10:09:40.452+0000] {override.py:1911} INFO - Created Permission View: menu access on DAG Run:example_sla_dag
[2025-01-22T10:09:40.460+0000] {logging_mixin.py:190} INFO - [2025-01-22T10:09:40.460+0000] {override.py:1911} INFO - Created Permission View: can read on DAG Run:example_sla_dag
[2025-01-22T10:09:40.460+0000] {logging_mixin.py:190} INFO - [2025-01-22T10:09:40.460+0000] {dag.py:3239} INFO - Sync 1 DAGs
[2025-01-22T10:09:40.478+0000] {logging_mixin.py:190} INFO - [2025-01-22T10:09:40.477+0000] {dag.py:3262} INFO - Creating ORM DAG for example_sla_dag
[2025-01-22T10:09:40.494+0000] {logging_mixin.py:190} INFO - [2025-01-22T10:09:40.494+0000] {dag.py:4180} INFO - Setting next_dagrun for example_sla_dag to 2025-01-22 10:06:00+00:00, run_after=2025-01-22 10:08:00+00:00
[2025-01-22T10:09:40.520+0000] {processor.py:208} INFO - Processing /home/airflow/.local/lib/python3.12/site-packages/airflow/example_dags/example_sla_dag.py took 0.247 seconds
[2025-01-22T10:10:10.844+0000] {processor.py:186} INFO - Started process (PID=710) to work on /home/airflow/.local/lib/python3.12/site-packages/airflow/example_dags/example_sla_dag.py
[2025-01-22T10:10:10.845+0000] {processor.py:914} INFO - Processing file /home/airflow/.local/lib/python3.12/site-packages/airflow/example_dags/example_sla_dag.py for tasks to queue
[2025-01-22T10:10:10.848+0000] {logging_mixin.py:190} INFO - [2025-01-22T10:10:10.847+0000] {dagbag.py:588} INFO - Filling up the DagBag from /home/airflow/.local/lib/python3.12/site-packages/airflow/example_dags/example_sla_dag.py
[2025-01-22T10:10:10.858+0000] {processor.py:925} INFO - DAG(s) 'example_sla_dag' retrieved from /home/airflow/.local/lib/python3.12/site-packages/airflow/example_dags/example_sla_dag.py
[2025-01-22T10:10:10.876+0000] {logging_mixin.py:190} INFO - [2025-01-22T10:10:10.876+0000] {dag.py:3239} INFO - Sync 1 DAGs
[2025-01-22T10:10:10.903+0000] {logging_mixin.py:190} INFO - [2025-01-22T10:10:10.903+0000] {dag.py:4180} INFO - Setting next_dagrun for example_sla_dag to 2025-01-22 10:08:00+00:00, run_after=2025-01-22 10:10:00+00:00
[2025-01-22T10:10:10.921+0000] {processor.py:208} INFO - Processing /home/airflow/.local/lib/python3.12/site-packages/airflow/example_dags/example_sla_dag.py took 0.082 seconds
