[2025-01-22T10:09:34.190+0000] {processor.py:186} INFO - Started process (PID=294) to work on /home/airflow/.local/lib/python3.12/site-packages/airflow/example_dags/example_branch_day_of_week_operator.py
[2025-01-22T10:09:34.191+0000] {processor.py:914} INFO - Processing file /home/airflow/.local/lib/python3.12/site-packages/airflow/example_dags/example_branch_day_of_week_operator.py for tasks to queue
[2025-01-22T10:09:34.197+0000] {logging_mixin.py:190} INFO - [2025-01-22T10:09:34.197+0000] {dagbag.py:588} INFO - Filling up the DagBag from /home/airflow/.local/lib/python3.12/site-packages/airflow/example_dags/example_branch_day_of_week_operator.py
[2025-01-22T10:09:34.210+0000] {processor.py:925} INFO - DAG(s) 'example_weekday_branch_operator' retrieved from /home/airflow/.local/lib/python3.12/site-packages/airflow/example_dags/example_branch_day_of_week_operator.py
[2025-01-22T10:09:34.369+0000] {logging_mixin.py:190} INFO - [2025-01-22T10:09:34.368+0000] {override.py:1911} INFO - Created Permission View: can edit on DAG:example_weekday_branch_operator
[2025-01-22T10:09:34.384+0000] {logging_mixin.py:190} INFO - [2025-01-22T10:09:34.383+0000] {override.py:1911} INFO - Created Permission View: can delete on DAG:example_weekday_branch_operator
[2025-01-22T10:09:34.394+0000] {logging_mixin.py:190} INFO - [2025-01-22T10:09:34.393+0000] {override.py:1911} INFO - Created Permission View: can read on DAG:example_weekday_branch_operator
[2025-01-22T10:09:34.403+0000] {logging_mixin.py:190} INFO - [2025-01-22T10:09:34.403+0000] {override.py:1911} INFO - Created Permission View: can create on DAG Run:example_weekday_branch_operator
[2025-01-22T10:09:34.410+0000] {logging_mixin.py:190} INFO - [2025-01-22T10:09:34.410+0000] {override.py:1911} INFO - Created Permission View: can delete on DAG Run:example_weekday_branch_operator
[2025-01-22T10:09:34.418+0000] {logging_mixin.py:190} INFO - [2025-01-22T10:09:34.418+0000] {override.py:1911} INFO - Created Permission View: menu access on DAG Run:example_weekday_branch_operator
[2025-01-22T10:09:34.426+0000] {logging_mixin.py:190} INFO - [2025-01-22T10:09:34.426+0000] {override.py:1911} INFO - Created Permission View: can read on DAG Run:example_weekday_branch_operator
[2025-01-22T10:09:34.427+0000] {logging_mixin.py:190} INFO - [2025-01-22T10:09:34.426+0000] {dag.py:3239} INFO - Sync 1 DAGs
[2025-01-22T10:09:34.443+0000] {logging_mixin.py:190} INFO - [2025-01-22T10:09:34.443+0000] {dag.py:3262} INFO - Creating ORM DAG for example_weekday_branch_operator
[2025-01-22T10:09:34.458+0000] {logging_mixin.py:190} INFO - [2025-01-22T10:09:34.457+0000] {dag.py:4180} INFO - Setting next_dagrun for example_weekday_branch_operator to 2025-01-21 00:00:00+00:00, run_after=2025-01-22 00:00:00+00:00
[2025-01-22T10:09:34.479+0000] {processor.py:208} INFO - Processing /home/airflow/.local/lib/python3.12/site-packages/airflow/example_dags/example_branch_day_of_week_operator.py took 0.297 seconds
[2025-01-22T10:10:05.265+0000] {processor.py:186} INFO - Started process (PID=583) to work on /home/airflow/.local/lib/python3.12/site-packages/airflow/example_dags/example_branch_day_of_week_operator.py
[2025-01-22T10:10:05.267+0000] {processor.py:914} INFO - Processing file /home/airflow/.local/lib/python3.12/site-packages/airflow/example_dags/example_branch_day_of_week_operator.py for tasks to queue
[2025-01-22T10:10:05.272+0000] {logging_mixin.py:190} INFO - [2025-01-22T10:10:05.271+0000] {dagbag.py:588} INFO - Filling up the DagBag from /home/airflow/.local/lib/python3.12/site-packages/airflow/example_dags/example_branch_day_of_week_operator.py
[2025-01-22T10:10:05.289+0000] {processor.py:925} INFO - DAG(s) 'example_weekday_branch_operator' retrieved from /home/airflow/.local/lib/python3.12/site-packages/airflow/example_dags/example_branch_day_of_week_operator.py
[2025-01-22T10:10:05.354+0000] {logging_mixin.py:190} INFO - [2025-01-22T10:10:05.354+0000] {dag.py:3239} INFO - Sync 1 DAGs
[2025-01-22T10:10:05.431+0000] {logging_mixin.py:190} INFO - [2025-01-22T10:10:05.431+0000] {dag.py:4180} INFO - Setting next_dagrun for example_weekday_branch_operator to 2025-01-21 00:00:00+00:00, run_after=2025-01-22 00:00:00+00:00
[2025-01-22T10:10:05.462+0000] {processor.py:208} INFO - Processing /home/airflow/.local/lib/python3.12/site-packages/airflow/example_dags/example_branch_day_of_week_operator.py took 0.218 seconds
