[2025-01-22T10:09:31.502+0000] {processor.py:186} INFO - Started process (PID=237) to work on /home/airflow/.local/lib/python3.12/site-packages/airflow/example_dags/example_trigger_target_dag.py
[2025-01-22T10:09:31.503+0000] {processor.py:914} INFO - Processing file /home/airflow/.local/lib/python3.12/site-packages/airflow/example_dags/example_trigger_target_dag.py for tasks to queue
[2025-01-22T10:09:31.506+0000] {logging_mixin.py:190} INFO - [2025-01-22T10:09:31.505+0000] {dagbag.py:588} INFO - Filling up the DagBag from /home/airflow/.local/lib/python3.12/site-packages/airflow/example_dags/example_trigger_target_dag.py
[2025-01-22T10:09:31.519+0000] {processor.py:925} INFO - DAG(s) 'example_trigger_target_dag' retrieved from /home/airflow/.local/lib/python3.12/site-packages/airflow/example_dags/example_trigger_target_dag.py
[2025-01-22T10:09:31.683+0000] {logging_mixin.py:190} INFO - [2025-01-22T10:09:31.682+0000] {override.py:1911} INFO - Created Permission View: can edit on DAG:example_trigger_target_dag
[2025-01-22T10:09:31.697+0000] {logging_mixin.py:190} INFO - [2025-01-22T10:09:31.696+0000] {override.py:1911} INFO - Created Permission View: can delete on DAG:example_trigger_target_dag
[2025-01-22T10:09:31.705+0000] {logging_mixin.py:190} INFO - [2025-01-22T10:09:31.704+0000] {override.py:1911} INFO - Created Permission View: can read on DAG:example_trigger_target_dag
[2025-01-22T10:09:31.715+0000] {logging_mixin.py:190} INFO - [2025-01-22T10:09:31.715+0000] {override.py:1911} INFO - Created Permission View: can create on DAG Run:example_trigger_target_dag
[2025-01-22T10:09:31.726+0000] {logging_mixin.py:190} INFO - [2025-01-22T10:09:31.725+0000] {override.py:1911} INFO - Created Permission View: can delete on DAG Run:example_trigger_target_dag
[2025-01-22T10:09:31.734+0000] {logging_mixin.py:190} INFO - [2025-01-22T10:09:31.733+0000] {override.py:1911} INFO - Created Permission View: menu access on DAG Run:example_trigger_target_dag
[2025-01-22T10:09:31.743+0000] {logging_mixin.py:190} INFO - [2025-01-22T10:09:31.742+0000] {override.py:1911} INFO - Created Permission View: can read on DAG Run:example_trigger_target_dag
[2025-01-22T10:09:31.743+0000] {logging_mixin.py:190} INFO - [2025-01-22T10:09:31.743+0000] {dag.py:3239} INFO - Sync 1 DAGs
[2025-01-22T10:09:31.760+0000] {logging_mixin.py:190} INFO - [2025-01-22T10:09:31.760+0000] {dag.py:3262} INFO - Creating ORM DAG for example_trigger_target_dag
[2025-01-22T10:09:31.761+0000] {logging_mixin.py:190} INFO - [2025-01-22T10:09:31.761+0000] {dag.py:4180} INFO - Setting next_dagrun for example_trigger_target_dag to None, run_after=None
[2025-01-22T10:09:31.783+0000] {processor.py:208} INFO - Processing /home/airflow/.local/lib/python3.12/site-packages/airflow/example_dags/example_trigger_target_dag.py took 0.296 seconds
[2025-01-22T10:10:03.108+0000] {processor.py:186} INFO - Started process (PID=528) to work on /home/airflow/.local/lib/python3.12/site-packages/airflow/example_dags/example_trigger_target_dag.py
[2025-01-22T10:10:03.110+0000] {processor.py:914} INFO - Processing file /home/airflow/.local/lib/python3.12/site-packages/airflow/example_dags/example_trigger_target_dag.py for tasks to queue
[2025-01-22T10:10:03.121+0000] {logging_mixin.py:190} INFO - [2025-01-22T10:10:03.114+0000] {dagbag.py:588} INFO - Filling up the DagBag from /home/airflow/.local/lib/python3.12/site-packages/airflow/example_dags/example_trigger_target_dag.py
[2025-01-22T10:10:03.139+0000] {processor.py:925} INFO - DAG(s) 'example_trigger_target_dag' retrieved from /home/airflow/.local/lib/python3.12/site-packages/airflow/example_dags/example_trigger_target_dag.py
[2025-01-22T10:10:03.182+0000] {logging_mixin.py:190} INFO - [2025-01-22T10:10:03.182+0000] {dag.py:3239} INFO - Sync 1 DAGs
[2025-01-22T10:10:03.214+0000] {logging_mixin.py:190} INFO - [2025-01-22T10:10:03.214+0000] {dag.py:4180} INFO - Setting next_dagrun for example_trigger_target_dag to None, run_after=None
[2025-01-22T10:10:03.254+0000] {processor.py:208} INFO - Processing /home/airflow/.local/lib/python3.12/site-packages/airflow/example_dags/example_trigger_target_dag.py took 0.169 seconds
