[2025-01-22T10:09:40.565+0000] {processor.py:186} INFO - Started process (PID=424) to work on /home/airflow/.local/lib/python3.12/site-packages/airflow/example_dags/example_python_operator.py
[2025-01-22T10:09:40.566+0000] {processor.py:914} INFO - Processing file /home/airflow/.local/lib/python3.12/site-packages/airflow/example_dags/example_python_operator.py for tasks to queue
[2025-01-22T10:09:40.568+0000] {logging_mixin.py:190} INFO - [2025-01-22T10:09:40.568+0000] {dagbag.py:588} INFO - Filling up the DagBag from /home/airflow/.local/lib/python3.12/site-packages/airflow/example_dags/example_python_operator.py
[2025-01-22T10:09:40.584+0000] {processor.py:925} INFO - DAG(s) 'example_python_operator' retrieved from /home/airflow/.local/lib/python3.12/site-packages/airflow/example_dags/example_python_operator.py
[2025-01-22T10:09:40.702+0000] {logging_mixin.py:190} INFO - [2025-01-22T10:09:40.701+0000] {override.py:1911} INFO - Created Permission View: can edit on DAG:example_python_operator
[2025-01-22T10:09:40.714+0000] {logging_mixin.py:190} INFO - [2025-01-22T10:09:40.713+0000] {override.py:1911} INFO - Created Permission View: can delete on DAG:example_python_operator
[2025-01-22T10:09:40.721+0000] {logging_mixin.py:190} INFO - [2025-01-22T10:09:40.720+0000] {override.py:1911} INFO - Created Permission View: can read on DAG:example_python_operator
[2025-01-22T10:09:40.729+0000] {logging_mixin.py:190} INFO - [2025-01-22T10:09:40.728+0000] {override.py:1911} INFO - Created Permission View: can create on DAG Run:example_python_operator
[2025-01-22T10:09:40.736+0000] {logging_mixin.py:190} INFO - [2025-01-22T10:09:40.736+0000] {override.py:1911} INFO - Created Permission View: can delete on DAG Run:example_python_operator
[2025-01-22T10:09:40.743+0000] {logging_mixin.py:190} INFO - [2025-01-22T10:09:40.743+0000] {override.py:1911} INFO - Created Permission View: menu access on DAG Run:example_python_operator
[2025-01-22T10:09:40.752+0000] {logging_mixin.py:190} INFO - [2025-01-22T10:09:40.752+0000] {override.py:1911} INFO - Created Permission View: can read on DAG Run:example_python_operator
[2025-01-22T10:09:40.753+0000] {logging_mixin.py:190} INFO - [2025-01-22T10:09:40.753+0000] {dag.py:3239} INFO - Sync 1 DAGs
[2025-01-22T10:09:40.767+0000] {logging_mixin.py:190} INFO - [2025-01-22T10:09:40.767+0000] {dag.py:3262} INFO - Creating ORM DAG for example_python_operator
[2025-01-22T10:09:40.767+0000] {logging_mixin.py:190} INFO - [2025-01-22T10:09:40.767+0000] {dag.py:4180} INFO - Setting next_dagrun for example_python_operator to None, run_after=None
[2025-01-22T10:09:40.786+0000] {processor.py:208} INFO - Processing /home/airflow/.local/lib/python3.12/site-packages/airflow/example_dags/example_python_operator.py took 0.230 seconds
[2025-01-22T10:10:10.959+0000] {processor.py:186} INFO - Started process (PID=715) to work on /home/airflow/.local/lib/python3.12/site-packages/airflow/example_dags/example_python_operator.py
[2025-01-22T10:10:10.960+0000] {processor.py:914} INFO - Processing file /home/airflow/.local/lib/python3.12/site-packages/airflow/example_dags/example_python_operator.py for tasks to queue
[2025-01-22T10:10:10.962+0000] {logging_mixin.py:190} INFO - [2025-01-22T10:10:10.962+0000] {dagbag.py:588} INFO - Filling up the DagBag from /home/airflow/.local/lib/python3.12/site-packages/airflow/example_dags/example_python_operator.py
[2025-01-22T10:10:10.978+0000] {processor.py:925} INFO - DAG(s) 'example_python_operator' retrieved from /home/airflow/.local/lib/python3.12/site-packages/airflow/example_dags/example_python_operator.py
[2025-01-22T10:10:11.006+0000] {logging_mixin.py:190} INFO - [2025-01-22T10:10:11.006+0000] {dag.py:3239} INFO - Sync 1 DAGs
[2025-01-22T10:10:11.022+0000] {logging_mixin.py:190} INFO - [2025-01-22T10:10:11.022+0000] {dag.py:4180} INFO - Setting next_dagrun for example_python_operator to None, run_after=None
[2025-01-22T10:10:11.048+0000] {processor.py:208} INFO - Processing /home/airflow/.local/lib/python3.12/site-packages/airflow/example_dags/example_python_operator.py took 0.097 seconds
