[2025-01-22T10:09:37.088+0000] {processor.py:186} INFO - Started process (PID=339) to work on /home/airflow/.local/lib/python3.12/site-packages/airflow/example_dags/example_external_task_marker_dag.py
[2025-01-22T10:09:37.089+0000] {processor.py:914} INFO - Processing file /home/airflow/.local/lib/python3.12/site-packages/airflow/example_dags/example_external_task_marker_dag.py for tasks to queue
[2025-01-22T10:09:37.091+0000] {logging_mixin.py:190} INFO - [2025-01-22T10:09:37.091+0000] {dagbag.py:588} INFO - Filling up the DagBag from /home/airflow/.local/lib/python3.12/site-packages/airflow/example_dags/example_external_task_marker_dag.py
[2025-01-22T10:09:37.105+0000] {processor.py:925} INFO - DAG(s) 'example_external_task_marker_child', 'example_external_task_marker_parent' retrieved from /home/airflow/.local/lib/python3.12/site-packages/airflow/example_dags/example_external_task_marker_dag.py
[2025-01-22T10:09:37.250+0000] {logging_mixin.py:190} INFO - [2025-01-22T10:09:37.249+0000] {override.py:1911} INFO - Created Permission View: can edit on DAG:example_external_task_marker_child
[2025-01-22T10:09:37.265+0000] {logging_mixin.py:190} INFO - [2025-01-22T10:09:37.264+0000] {override.py:1911} INFO - Created Permission View: can delete on DAG:example_external_task_marker_child
[2025-01-22T10:09:37.273+0000] {logging_mixin.py:190} INFO - [2025-01-22T10:09:37.272+0000] {override.py:1911} INFO - Created Permission View: can read on DAG:example_external_task_marker_child
[2025-01-22T10:09:37.283+0000] {logging_mixin.py:190} INFO - [2025-01-22T10:09:37.282+0000] {override.py:1911} INFO - Created Permission View: can create on DAG Run:example_external_task_marker_child
[2025-01-22T10:09:37.292+0000] {logging_mixin.py:190} INFO - [2025-01-22T10:09:37.291+0000] {override.py:1911} INFO - Created Permission View: can delete on DAG Run:example_external_task_marker_child
[2025-01-22T10:09:37.302+0000] {logging_mixin.py:190} INFO - [2025-01-22T10:09:37.301+0000] {override.py:1911} INFO - Created Permission View: menu access on DAG Run:example_external_task_marker_child
[2025-01-22T10:09:37.310+0000] {logging_mixin.py:190} INFO - [2025-01-22T10:09:37.310+0000] {override.py:1911} INFO - Created Permission View: can read on DAG Run:example_external_task_marker_child
[2025-01-22T10:09:37.325+0000] {logging_mixin.py:190} INFO - [2025-01-22T10:09:37.325+0000] {override.py:1911} INFO - Created Permission View: can edit on DAG:example_external_task_marker_parent
[2025-01-22T10:09:37.333+0000] {logging_mixin.py:190} INFO - [2025-01-22T10:09:37.333+0000] {override.py:1911} INFO - Created Permission View: can delete on DAG:example_external_task_marker_parent
[2025-01-22T10:09:37.341+0000] {logging_mixin.py:190} INFO - [2025-01-22T10:09:37.340+0000] {override.py:1911} INFO - Created Permission View: can read on DAG:example_external_task_marker_parent
[2025-01-22T10:09:37.352+0000] {logging_mixin.py:190} INFO - [2025-01-22T10:09:37.351+0000] {override.py:1911} INFO - Created Permission View: can create on DAG Run:example_external_task_marker_parent
[2025-01-22T10:09:37.361+0000] {logging_mixin.py:190} INFO - [2025-01-22T10:09:37.360+0000] {override.py:1911} INFO - Created Permission View: can delete on DAG Run:example_external_task_marker_parent
[2025-01-22T10:09:37.369+0000] {logging_mixin.py:190} INFO - [2025-01-22T10:09:37.369+0000] {override.py:1911} INFO - Created Permission View: menu access on DAG Run:example_external_task_marker_parent
[2025-01-22T10:09:37.378+0000] {logging_mixin.py:190} INFO - [2025-01-22T10:09:37.378+0000] {override.py:1911} INFO - Created Permission View: can read on DAG Run:example_external_task_marker_parent
[2025-01-22T10:09:37.379+0000] {logging_mixin.py:190} INFO - [2025-01-22T10:09:37.379+0000] {dag.py:3239} INFO - Sync 2 DAGs
[2025-01-22T10:09:37.398+0000] {logging_mixin.py:190} INFO - [2025-01-22T10:09:37.398+0000] {dag.py:3262} INFO - Creating ORM DAG for example_external_task_marker_child
[2025-01-22T10:09:37.399+0000] {logging_mixin.py:190} INFO - [2025-01-22T10:09:37.399+0000] {dag.py:3262} INFO - Creating ORM DAG for example_external_task_marker_parent
[2025-01-22T10:09:37.400+0000] {logging_mixin.py:190} INFO - [2025-01-22T10:09:37.400+0000] {dag.py:4180} INFO - Setting next_dagrun for example_external_task_marker_child to None, run_after=None
[2025-01-22T10:09:37.401+0000] {logging_mixin.py:190} INFO - [2025-01-22T10:09:37.401+0000] {dag.py:4180} INFO - Setting next_dagrun for example_external_task_marker_parent to None, run_after=None
[2025-01-22T10:09:37.425+0000] {processor.py:208} INFO - Processing /home/airflow/.local/lib/python3.12/site-packages/airflow/example_dags/example_external_task_marker_dag.py took 0.347 seconds
[2025-01-22T10:10:07.606+0000] {processor.py:186} INFO - Started process (PID=635) to work on /home/airflow/.local/lib/python3.12/site-packages/airflow/example_dags/example_external_task_marker_dag.py
[2025-01-22T10:10:07.607+0000] {processor.py:914} INFO - Processing file /home/airflow/.local/lib/python3.12/site-packages/airflow/example_dags/example_external_task_marker_dag.py for tasks to queue
[2025-01-22T10:10:07.610+0000] {logging_mixin.py:190} INFO - [2025-01-22T10:10:07.610+0000] {dagbag.py:588} INFO - Filling up the DagBag from /home/airflow/.local/lib/python3.12/site-packages/airflow/example_dags/example_external_task_marker_dag.py
[2025-01-22T10:10:07.620+0000] {processor.py:925} INFO - DAG(s) 'example_external_task_marker_parent', 'example_external_task_marker_child' retrieved from /home/airflow/.local/lib/python3.12/site-packages/airflow/example_dags/example_external_task_marker_dag.py
[2025-01-22T10:10:07.654+0000] {logging_mixin.py:190} INFO - [2025-01-22T10:10:07.654+0000] {dag.py:3239} INFO - Sync 2 DAGs
[2025-01-22T10:10:07.676+0000] {logging_mixin.py:190} INFO - [2025-01-22T10:10:07.676+0000] {dag.py:4180} INFO - Setting next_dagrun for example_external_task_marker_child to None, run_after=None
[2025-01-22T10:10:07.681+0000] {logging_mixin.py:190} INFO - [2025-01-22T10:10:07.680+0000] {dag.py:4180} INFO - Setting next_dagrun for example_external_task_marker_parent to None, run_after=None
[2025-01-22T10:10:07.701+0000] {processor.py:208} INFO - Processing /home/airflow/.local/lib/python3.12/site-packages/airflow/example_dags/example_external_task_marker_dag.py took 0.104 seconds
