[2025-01-22T10:09:40.569+0000] {processor.py:186} INFO - Started process (PID=427) to work on /home/airflow/.local/lib/python3.12/site-packages/airflow/example_dags/example_short_circuit_decorator.py
[2025-01-22T10:09:40.569+0000] {processor.py:914} INFO - Processing file /home/airflow/.local/lib/python3.12/site-packages/airflow/example_dags/example_short_circuit_decorator.py for tasks to queue
[2025-01-22T10:09:40.572+0000] {logging_mixin.py:190} INFO - [2025-01-22T10:09:40.571+0000] {dagbag.py:588} INFO - Filling up the DagBag from /home/airflow/.local/lib/python3.12/site-packages/airflow/example_dags/example_short_circuit_decorator.py
[2025-01-22T10:09:40.584+0000] {processor.py:925} INFO - DAG(s) 'example_short_circuit_decorator' retrieved from /home/airflow/.local/lib/python3.12/site-packages/airflow/example_dags/example_short_circuit_decorator.py
[2025-01-22T10:09:40.703+0000] {logging_mixin.py:190} INFO - [2025-01-22T10:09:40.702+0000] {override.py:1911} INFO - Created Permission View: can edit on DAG:example_short_circuit_decorator
[2025-01-22T10:09:40.715+0000] {logging_mixin.py:190} INFO - [2025-01-22T10:09:40.714+0000] {override.py:1911} INFO - Created Permission View: can delete on DAG:example_short_circuit_decorator
[2025-01-22T10:09:40.722+0000] {logging_mixin.py:190} INFO - [2025-01-22T10:09:40.721+0000] {override.py:1911} INFO - Created Permission View: can read on DAG:example_short_circuit_decorator
[2025-01-22T10:09:40.730+0000] {logging_mixin.py:190} INFO - [2025-01-22T10:09:40.730+0000] {override.py:1911} INFO - Created Permission View: can create on DAG Run:example_short_circuit_decorator
[2025-01-22T10:09:40.738+0000] {logging_mixin.py:190} INFO - [2025-01-22T10:09:40.737+0000] {override.py:1911} INFO - Created Permission View: can delete on DAG Run:example_short_circuit_decorator
[2025-01-22T10:09:40.745+0000] {logging_mixin.py:190} INFO - [2025-01-22T10:09:40.744+0000] {override.py:1911} INFO - Created Permission View: menu access on DAG Run:example_short_circuit_decorator
[2025-01-22T10:09:40.754+0000] {logging_mixin.py:190} INFO - [2025-01-22T10:09:40.754+0000] {override.py:1911} INFO - Created Permission View: can read on DAG Run:example_short_circuit_decorator
[2025-01-22T10:09:40.754+0000] {logging_mixin.py:190} INFO - [2025-01-22T10:09:40.754+0000] {dag.py:3239} INFO - Sync 1 DAGs
[2025-01-22T10:09:40.767+0000] {logging_mixin.py:190} INFO - [2025-01-22T10:09:40.767+0000] {dag.py:3262} INFO - Creating ORM DAG for example_short_circuit_decorator
[2025-01-22T10:09:40.768+0000] {logging_mixin.py:190} INFO - [2025-01-22T10:09:40.768+0000] {dag.py:4180} INFO - Setting next_dagrun for example_short_circuit_decorator to None, run_after=None
[2025-01-22T10:09:40.788+0000] {processor.py:208} INFO - Processing /home/airflow/.local/lib/python3.12/site-packages/airflow/example_dags/example_short_circuit_decorator.py took 0.226 seconds
[2025-01-22T10:10:10.969+0000] {processor.py:186} INFO - Started process (PID=718) to work on /home/airflow/.local/lib/python3.12/site-packages/airflow/example_dags/example_short_circuit_decorator.py
[2025-01-22T10:10:10.971+0000] {processor.py:914} INFO - Processing file /home/airflow/.local/lib/python3.12/site-packages/airflow/example_dags/example_short_circuit_decorator.py for tasks to queue
[2025-01-22T10:10:10.974+0000] {logging_mixin.py:190} INFO - [2025-01-22T10:10:10.973+0000] {dagbag.py:588} INFO - Filling up the DagBag from /home/airflow/.local/lib/python3.12/site-packages/airflow/example_dags/example_short_circuit_decorator.py
[2025-01-22T10:10:10.985+0000] {processor.py:925} INFO - DAG(s) 'example_short_circuit_decorator' retrieved from /home/airflow/.local/lib/python3.12/site-packages/airflow/example_dags/example_short_circuit_decorator.py
[2025-01-22T10:10:11.013+0000] {logging_mixin.py:190} INFO - [2025-01-22T10:10:11.013+0000] {dag.py:3239} INFO - Sync 1 DAGs
[2025-01-22T10:10:11.029+0000] {logging_mixin.py:190} INFO - [2025-01-22T10:10:11.029+0000] {dag.py:4180} INFO - Setting next_dagrun for example_short_circuit_decorator to None, run_after=None
[2025-01-22T10:10:11.049+0000] {processor.py:208} INFO - Processing /home/airflow/.local/lib/python3.12/site-packages/airflow/example_dags/example_short_circuit_decorator.py took 0.088 seconds
