[2025-01-22T10:09:33.610+0000] {processor.py:186} INFO - Started process (PID=277) to work on /home/airflow/.local/lib/python3.12/site-packages/airflow/example_dags/example_sensor_decorator.py
[2025-01-22T10:09:33.611+0000] {processor.py:914} INFO - Processing file /home/airflow/.local/lib/python3.12/site-packages/airflow/example_dags/example_sensor_decorator.py for tasks to queue
[2025-01-22T10:09:33.617+0000] {logging_mixin.py:190} INFO - [2025-01-22T10:09:33.617+0000] {dagbag.py:588} INFO - Filling up the DagBag from /home/airflow/.local/lib/python3.12/site-packages/airflow/example_dags/example_sensor_decorator.py
[2025-01-22T10:09:33.629+0000] {processor.py:925} INFO - DAG(s) 'example_sensor_decorator' retrieved from /home/airflow/.local/lib/python3.12/site-packages/airflow/example_dags/example_sensor_decorator.py
[2025-01-22T10:09:33.777+0000] {logging_mixin.py:190} INFO - [2025-01-22T10:09:33.776+0000] {override.py:1911} INFO - Created Permission View: can edit on DAG:example_sensor_decorator
[2025-01-22T10:09:33.790+0000] {logging_mixin.py:190} INFO - [2025-01-22T10:09:33.789+0000] {override.py:1911} INFO - Created Permission View: can delete on DAG:example_sensor_decorator
[2025-01-22T10:09:33.798+0000] {logging_mixin.py:190} INFO - [2025-01-22T10:09:33.798+0000] {override.py:1911} INFO - Created Permission View: can read on DAG:example_sensor_decorator
[2025-01-22T10:09:33.810+0000] {logging_mixin.py:190} INFO - [2025-01-22T10:09:33.809+0000] {override.py:1911} INFO - Created Permission View: can create on DAG Run:example_sensor_decorator
[2025-01-22T10:09:33.818+0000] {logging_mixin.py:190} INFO - [2025-01-22T10:09:33.818+0000] {override.py:1911} INFO - Created Permission View: can delete on DAG Run:example_sensor_decorator
[2025-01-22T10:09:33.826+0000] {logging_mixin.py:190} INFO - [2025-01-22T10:09:33.826+0000] {override.py:1911} INFO - Created Permission View: menu access on DAG Run:example_sensor_decorator
[2025-01-22T10:09:33.838+0000] {logging_mixin.py:190} INFO - [2025-01-22T10:09:33.837+0000] {override.py:1911} INFO - Created Permission View: can read on DAG Run:example_sensor_decorator
[2025-01-22T10:09:33.838+0000] {logging_mixin.py:190} INFO - [2025-01-22T10:09:33.838+0000] {dag.py:3239} INFO - Sync 1 DAGs
[2025-01-22T10:09:33.854+0000] {logging_mixin.py:190} INFO - [2025-01-22T10:09:33.854+0000] {dag.py:3262} INFO - Creating ORM DAG for example_sensor_decorator
[2025-01-22T10:09:33.855+0000] {logging_mixin.py:190} INFO - [2025-01-22T10:09:33.855+0000] {dag.py:4180} INFO - Setting next_dagrun for example_sensor_decorator to None, run_after=None
[2025-01-22T10:09:33.880+0000] {processor.py:208} INFO - Processing /home/airflow/.local/lib/python3.12/site-packages/airflow/example_dags/example_sensor_decorator.py took 0.279 seconds
[2025-01-22T10:10:04.757+0000] {processor.py:186} INFO - Started process (PID=568) to work on /home/airflow/.local/lib/python3.12/site-packages/airflow/example_dags/example_sensor_decorator.py
[2025-01-22T10:10:04.759+0000] {processor.py:914} INFO - Processing file /home/airflow/.local/lib/python3.12/site-packages/airflow/example_dags/example_sensor_decorator.py for tasks to queue
[2025-01-22T10:10:04.762+0000] {logging_mixin.py:190} INFO - [2025-01-22T10:10:04.761+0000] {dagbag.py:588} INFO - Filling up the DagBag from /home/airflow/.local/lib/python3.12/site-packages/airflow/example_dags/example_sensor_decorator.py
[2025-01-22T10:10:04.776+0000] {processor.py:925} INFO - DAG(s) 'example_sensor_decorator' retrieved from /home/airflow/.local/lib/python3.12/site-packages/airflow/example_dags/example_sensor_decorator.py
[2025-01-22T10:10:04.807+0000] {logging_mixin.py:190} INFO - [2025-01-22T10:10:04.806+0000] {dag.py:3239} INFO - Sync 1 DAGs
[2025-01-22T10:10:04.828+0000] {logging_mixin.py:190} INFO - [2025-01-22T10:10:04.828+0000] {dag.py:4180} INFO - Setting next_dagrun for example_sensor_decorator to None, run_after=None
[2025-01-22T10:10:04.859+0000] {processor.py:208} INFO - Processing /home/airflow/.local/lib/python3.12/site-packages/airflow/example_dags/example_sensor_decorator.py took 0.111 seconds
