[2025-01-22T10:09:38.075+0000] {processor.py:186} INFO - Started process (PID=372) to work on /home/airflow/.local/lib/python3.12/site-packages/airflow/example_dags/example_nested_branch_dag.py
[2025-01-22T10:09:38.076+0000] {processor.py:914} INFO - Processing file /home/airflow/.local/lib/python3.12/site-packages/airflow/example_dags/example_nested_branch_dag.py for tasks to queue
[2025-01-22T10:09:38.080+0000] {logging_mixin.py:190} INFO - [2025-01-22T10:09:38.080+0000] {dagbag.py:588} INFO - Filling up the DagBag from /home/airflow/.local/lib/python3.12/site-packages/airflow/example_dags/example_nested_branch_dag.py
[2025-01-22T10:09:38.096+0000] {processor.py:925} INFO - DAG(s) 'example_nested_branch_dag' retrieved from /home/airflow/.local/lib/python3.12/site-packages/airflow/example_dags/example_nested_branch_dag.py
[2025-01-22T10:09:38.230+0000] {logging_mixin.py:190} INFO - [2025-01-22T10:09:38.230+0000] {override.py:1911} INFO - Created Permission View: can edit on DAG:example_nested_branch_dag
[2025-01-22T10:09:38.242+0000] {logging_mixin.py:190} INFO - [2025-01-22T10:09:38.241+0000] {override.py:1911} INFO - Created Permission View: can delete on DAG:example_nested_branch_dag
[2025-01-22T10:09:38.249+0000] {logging_mixin.py:190} INFO - [2025-01-22T10:09:38.249+0000] {override.py:1911} INFO - Created Permission View: can read on DAG:example_nested_branch_dag
[2025-01-22T10:09:38.259+0000] {logging_mixin.py:190} INFO - [2025-01-22T10:09:38.259+0000] {override.py:1911} INFO - Created Permission View: can create on DAG Run:example_nested_branch_dag
[2025-01-22T10:09:38.267+0000] {logging_mixin.py:190} INFO - [2025-01-22T10:09:38.267+0000] {override.py:1911} INFO - Created Permission View: can delete on DAG Run:example_nested_branch_dag
[2025-01-22T10:09:38.277+0000] {logging_mixin.py:190} INFO - [2025-01-22T10:09:38.277+0000] {override.py:1911} INFO - Created Permission View: menu access on DAG Run:example_nested_branch_dag
[2025-01-22T10:09:38.285+0000] {logging_mixin.py:190} INFO - [2025-01-22T10:09:38.285+0000] {override.py:1911} INFO - Created Permission View: can read on DAG Run:example_nested_branch_dag
[2025-01-22T10:09:38.286+0000] {logging_mixin.py:190} INFO - [2025-01-22T10:09:38.286+0000] {dag.py:3239} INFO - Sync 1 DAGs
[2025-01-22T10:09:38.301+0000] {logging_mixin.py:190} INFO - [2025-01-22T10:09:38.300+0000] {dag.py:3262} INFO - Creating ORM DAG for example_nested_branch_dag
[2025-01-22T10:09:38.314+0000] {logging_mixin.py:190} INFO - [2025-01-22T10:09:38.313+0000] {dag.py:4180} INFO - Setting next_dagrun for example_nested_branch_dag to 2025-01-21 00:00:00+00:00, run_after=2025-01-22 00:00:00+00:00
[2025-01-22T10:09:38.337+0000] {processor.py:208} INFO - Processing /home/airflow/.local/lib/python3.12/site-packages/airflow/example_dags/example_nested_branch_dag.py took 0.269 seconds
[2025-01-22T10:10:08.563+0000] {processor.py:186} INFO - Started process (PID=665) to work on /home/airflow/.local/lib/python3.12/site-packages/airflow/example_dags/example_nested_branch_dag.py
[2025-01-22T10:10:08.565+0000] {processor.py:914} INFO - Processing file /home/airflow/.local/lib/python3.12/site-packages/airflow/example_dags/example_nested_branch_dag.py for tasks to queue
[2025-01-22T10:10:08.568+0000] {logging_mixin.py:190} INFO - [2025-01-22T10:10:08.567+0000] {dagbag.py:588} INFO - Filling up the DagBag from /home/airflow/.local/lib/python3.12/site-packages/airflow/example_dags/example_nested_branch_dag.py
[2025-01-22T10:10:08.583+0000] {processor.py:925} INFO - DAG(s) 'example_nested_branch_dag' retrieved from /home/airflow/.local/lib/python3.12/site-packages/airflow/example_dags/example_nested_branch_dag.py
[2025-01-22T10:10:08.614+0000] {logging_mixin.py:190} INFO - [2025-01-22T10:10:08.614+0000] {dag.py:3239} INFO - Sync 1 DAGs
[2025-01-22T10:10:08.644+0000] {logging_mixin.py:190} INFO - [2025-01-22T10:10:08.644+0000] {dag.py:4180} INFO - Setting next_dagrun for example_nested_branch_dag to 2025-01-21 00:00:00+00:00, run_after=2025-01-22 00:00:00+00:00
[2025-01-22T10:10:08.671+0000] {processor.py:208} INFO - Processing /home/airflow/.local/lib/python3.12/site-packages/airflow/example_dags/example_nested_branch_dag.py took 0.119 seconds
