[2025-01-22T10:09:34.219+0000] {processor.py:186} INFO - Started process (PID=297) to work on /home/airflow/.local/lib/python3.12/site-packages/airflow/example_dags/example_branch_operator.py
[2025-01-22T10:09:34.220+0000] {processor.py:914} INFO - Processing file /home/airflow/.local/lib/python3.12/site-packages/airflow/example_dags/example_branch_operator.py for tasks to queue
[2025-01-22T10:09:34.224+0000] {logging_mixin.py:190} INFO - [2025-01-22T10:09:34.223+0000] {dagbag.py:588} INFO - Filling up the DagBag from /home/airflow/.local/lib/python3.12/site-packages/airflow/example_dags/example_branch_operator.py
[2025-01-22T10:09:34.252+0000] {processor.py:925} INFO - DAG(s) 'example_branch_operator' retrieved from /home/airflow/.local/lib/python3.12/site-packages/airflow/example_dags/example_branch_operator.py
[2025-01-22T10:09:34.409+0000] {logging_mixin.py:190} INFO - [2025-01-22T10:09:34.409+0000] {override.py:1911} INFO - Created Permission View: can edit on DAG:example_branch_operator
[2025-01-22T10:09:34.422+0000] {logging_mixin.py:190} INFO - [2025-01-22T10:09:34.421+0000] {override.py:1911} INFO - Created Permission View: can delete on DAG:example_branch_operator
[2025-01-22T10:09:34.429+0000] {logging_mixin.py:190} INFO - [2025-01-22T10:09:34.429+0000] {override.py:1911} INFO - Created Permission View: can read on DAG:example_branch_operator
[2025-01-22T10:09:34.440+0000] {logging_mixin.py:190} INFO - [2025-01-22T10:09:34.439+0000] {override.py:1911} INFO - Created Permission View: can create on DAG Run:example_branch_operator
[2025-01-22T10:09:34.449+0000] {logging_mixin.py:190} INFO - [2025-01-22T10:09:34.448+0000] {override.py:1911} INFO - Created Permission View: can delete on DAG Run:example_branch_operator
[2025-01-22T10:09:34.457+0000] {logging_mixin.py:190} INFO - [2025-01-22T10:09:34.457+0000] {override.py:1911} INFO - Created Permission View: menu access on DAG Run:example_branch_operator
[2025-01-22T10:09:34.465+0000] {logging_mixin.py:190} INFO - [2025-01-22T10:09:34.464+0000] {override.py:1911} INFO - Created Permission View: can read on DAG Run:example_branch_operator
[2025-01-22T10:09:34.465+0000] {logging_mixin.py:190} INFO - [2025-01-22T10:09:34.465+0000] {dag.py:3239} INFO - Sync 1 DAGs
[2025-01-22T10:09:34.479+0000] {logging_mixin.py:190} INFO - [2025-01-22T10:09:34.479+0000] {dag.py:3262} INFO - Creating ORM DAG for example_branch_operator
[2025-01-22T10:09:34.495+0000] {logging_mixin.py:190} INFO - [2025-01-22T10:09:34.495+0000] {dag.py:4180} INFO - Setting next_dagrun for example_branch_operator to 2025-01-21 00:00:00+00:00, run_after=2025-01-22 00:00:00+00:00
[2025-01-22T10:09:34.522+0000] {processor.py:208} INFO - Processing /home/airflow/.local/lib/python3.12/site-packages/airflow/example_dags/example_branch_operator.py took 0.312 seconds
[2025-01-22T10:10:05.529+0000] {processor.py:186} INFO - Started process (PID=588) to work on /home/airflow/.local/lib/python3.12/site-packages/airflow/example_dags/example_branch_operator.py
[2025-01-22T10:10:05.531+0000] {processor.py:914} INFO - Processing file /home/airflow/.local/lib/python3.12/site-packages/airflow/example_dags/example_branch_operator.py for tasks to queue
[2025-01-22T10:10:05.544+0000] {logging_mixin.py:190} INFO - [2025-01-22T10:10:05.541+0000] {dagbag.py:588} INFO - Filling up the DagBag from /home/airflow/.local/lib/python3.12/site-packages/airflow/example_dags/example_branch_operator.py
[2025-01-22T10:10:05.667+0000] {processor.py:925} INFO - DAG(s) 'example_branch_operator' retrieved from /home/airflow/.local/lib/python3.12/site-packages/airflow/example_dags/example_branch_operator.py
[2025-01-22T10:10:05.788+0000] {logging_mixin.py:190} INFO - [2025-01-22T10:10:05.788+0000] {dag.py:3239} INFO - Sync 1 DAGs
[2025-01-22T10:10:05.856+0000] {logging_mixin.py:190} INFO - [2025-01-22T10:10:05.855+0000] {dag.py:4180} INFO - Setting next_dagrun for example_branch_operator to 2025-01-21 00:00:00+00:00, run_after=2025-01-22 00:00:00+00:00
[2025-01-22T10:10:05.902+0000] {processor.py:208} INFO - Processing /home/airflow/.local/lib/python3.12/site-packages/airflow/example_dags/example_branch_operator.py took 0.388 seconds
