[2025-01-22T10:09:30.848+0000] {processor.py:186} INFO - Started process (PID=222) to work on /home/airflow/.local/lib/python3.12/site-packages/airflow/example_dags/example_dynamic_task_mapping.py
[2025-01-22T10:09:30.850+0000] {processor.py:914} INFO - Processing file /home/airflow/.local/lib/python3.12/site-packages/airflow/example_dags/example_dynamic_task_mapping.py for tasks to queue
[2025-01-22T10:09:30.853+0000] {logging_mixin.py:190} INFO - [2025-01-22T10:09:30.852+0000] {dagbag.py:588} INFO - Filling up the DagBag from /home/airflow/.local/lib/python3.12/site-packages/airflow/example_dags/example_dynamic_task_mapping.py
[2025-01-22T10:09:30.869+0000] {processor.py:925} INFO - DAG(s) 'example_dynamic_task_mapping' retrieved from /home/airflow/.local/lib/python3.12/site-packages/airflow/example_dags/example_dynamic_task_mapping.py
[2025-01-22T10:09:31.026+0000] {logging_mixin.py:190} INFO - [2025-01-22T10:09:31.025+0000] {override.py:1911} INFO - Created Permission View: can edit on DAG:example_dynamic_task_mapping
[2025-01-22T10:09:31.038+0000] {logging_mixin.py:190} INFO - [2025-01-22T10:09:31.037+0000] {override.py:1911} INFO - Created Permission View: can delete on DAG:example_dynamic_task_mapping
[2025-01-22T10:09:31.047+0000] {logging_mixin.py:190} INFO - [2025-01-22T10:09:31.047+0000] {override.py:1911} INFO - Created Permission View: can read on DAG:example_dynamic_task_mapping
[2025-01-22T10:09:31.056+0000] {logging_mixin.py:190} INFO - [2025-01-22T10:09:31.056+0000] {override.py:1911} INFO - Created Permission View: can create on DAG Run:example_dynamic_task_mapping
[2025-01-22T10:09:31.064+0000] {logging_mixin.py:190} INFO - [2025-01-22T10:09:31.063+0000] {override.py:1911} INFO - Created Permission View: can delete on DAG Run:example_dynamic_task_mapping
[2025-01-22T10:09:31.073+0000] {logging_mixin.py:190} INFO - [2025-01-22T10:09:31.072+0000] {override.py:1911} INFO - Created Permission View: menu access on DAG Run:example_dynamic_task_mapping
[2025-01-22T10:09:31.082+0000] {logging_mixin.py:190} INFO - [2025-01-22T10:09:31.081+0000] {override.py:1911} INFO - Created Permission View: can read on DAG Run:example_dynamic_task_mapping
[2025-01-22T10:09:31.082+0000] {logging_mixin.py:190} INFO - [2025-01-22T10:09:31.082+0000] {dag.py:3239} INFO - Sync 1 DAGs
[2025-01-22T10:09:31.098+0000] {logging_mixin.py:190} INFO - [2025-01-22T10:09:31.098+0000] {dag.py:3262} INFO - Creating ORM DAG for example_dynamic_task_mapping
[2025-01-22T10:09:31.100+0000] {logging_mixin.py:190} INFO - [2025-01-22T10:09:31.099+0000] {dag.py:4180} INFO - Setting next_dagrun for example_dynamic_task_mapping to None, run_after=None
[2025-01-22T10:09:31.123+0000] {processor.py:208} INFO - Processing /home/airflow/.local/lib/python3.12/site-packages/airflow/example_dags/example_dynamic_task_mapping.py took 0.284 seconds
[2025-01-22T10:10:01.979+0000] {processor.py:186} INFO - Started process (PID=513) to work on /home/airflow/.local/lib/python3.12/site-packages/airflow/example_dags/example_dynamic_task_mapping.py
[2025-01-22T10:10:01.985+0000] {processor.py:914} INFO - Processing file /home/airflow/.local/lib/python3.12/site-packages/airflow/example_dags/example_dynamic_task_mapping.py for tasks to queue
[2025-01-22T10:10:01.988+0000] {logging_mixin.py:190} INFO - [2025-01-22T10:10:01.988+0000] {dagbag.py:588} INFO - Filling up the DagBag from /home/airflow/.local/lib/python3.12/site-packages/airflow/example_dags/example_dynamic_task_mapping.py
[2025-01-22T10:10:02.009+0000] {processor.py:925} INFO - DAG(s) 'example_dynamic_task_mapping' retrieved from /home/airflow/.local/lib/python3.12/site-packages/airflow/example_dags/example_dynamic_task_mapping.py
[2025-01-22T10:10:02.043+0000] {logging_mixin.py:190} INFO - [2025-01-22T10:10:02.042+0000] {dag.py:3239} INFO - Sync 1 DAGs
[2025-01-22T10:10:02.071+0000] {logging_mixin.py:190} INFO - [2025-01-22T10:10:02.070+0000] {dag.py:4180} INFO - Setting next_dagrun for example_dynamic_task_mapping to None, run_after=None
[2025-01-22T10:10:02.123+0000] {processor.py:208} INFO - Processing /home/airflow/.local/lib/python3.12/site-packages/airflow/example_dags/example_dynamic_task_mapping.py took 0.154 seconds
