[2025-01-22T10:09:38.378+0000] {processor.py:186} INFO - Started process (PID=382) to work on /home/airflow/.local/lib/python3.12/site-packages/airflow/example_dags/example_branch_labels.py
[2025-01-22T10:09:38.380+0000] {processor.py:914} INFO - Processing file /home/airflow/.local/lib/python3.12/site-packages/airflow/example_dags/example_branch_labels.py for tasks to queue
[2025-01-22T10:09:38.383+0000] {logging_mixin.py:190} INFO - [2025-01-22T10:09:38.383+0000] {dagbag.py:588} INFO - Filling up the DagBag from /home/airflow/.local/lib/python3.12/site-packages/airflow/example_dags/example_branch_labels.py
[2025-01-22T10:09:38.399+0000] {processor.py:925} INFO - DAG(s) 'example_branch_labels' retrieved from /home/airflow/.local/lib/python3.12/site-packages/airflow/example_dags/example_branch_labels.py
[2025-01-22T10:09:38.525+0000] {logging_mixin.py:190} INFO - [2025-01-22T10:09:38.524+0000] {override.py:1911} INFO - Created Permission View: can edit on DAG:example_branch_labels
[2025-01-22T10:09:38.535+0000] {logging_mixin.py:190} INFO - [2025-01-22T10:09:38.535+0000] {override.py:1911} INFO - Created Permission View: can delete on DAG:example_branch_labels
[2025-01-22T10:09:38.543+0000] {logging_mixin.py:190} INFO - [2025-01-22T10:09:38.542+0000] {override.py:1911} INFO - Created Permission View: can read on DAG:example_branch_labels
[2025-01-22T10:09:38.552+0000] {logging_mixin.py:190} INFO - [2025-01-22T10:09:38.552+0000] {override.py:1911} INFO - Created Permission View: can create on DAG Run:example_branch_labels
[2025-01-22T10:09:38.559+0000] {logging_mixin.py:190} INFO - [2025-01-22T10:09:38.558+0000] {override.py:1911} INFO - Created Permission View: can delete on DAG Run:example_branch_labels
[2025-01-22T10:09:38.566+0000] {logging_mixin.py:190} INFO - [2025-01-22T10:09:38.566+0000] {override.py:1911} INFO - Created Permission View: menu access on DAG Run:example_branch_labels
[2025-01-22T10:09:38.573+0000] {logging_mixin.py:190} INFO - [2025-01-22T10:09:38.573+0000] {override.py:1911} INFO - Created Permission View: can read on DAG Run:example_branch_labels
[2025-01-22T10:09:38.574+0000] {logging_mixin.py:190} INFO - [2025-01-22T10:09:38.574+0000] {dag.py:3239} INFO - Sync 1 DAGs
[2025-01-22T10:09:38.590+0000] {logging_mixin.py:190} INFO - [2025-01-22T10:09:38.589+0000] {dag.py:3262} INFO - Creating ORM DAG for example_branch_labels
[2025-01-22T10:09:38.606+0000] {logging_mixin.py:190} INFO - [2025-01-22T10:09:38.606+0000] {dag.py:4180} INFO - Setting next_dagrun for example_branch_labels to 2025-01-21 00:00:00+00:00, run_after=2025-01-22 00:00:00+00:00
[2025-01-22T10:09:38.621+0000] {processor.py:208} INFO - Processing /home/airflow/.local/lib/python3.12/site-packages/airflow/example_dags/example_branch_labels.py took 0.252 seconds
[2025-01-22T10:10:08.717+0000] {processor.py:186} INFO - Started process (PID=670) to work on /home/airflow/.local/lib/python3.12/site-packages/airflow/example_dags/example_branch_labels.py
[2025-01-22T10:10:08.718+0000] {processor.py:914} INFO - Processing file /home/airflow/.local/lib/python3.12/site-packages/airflow/example_dags/example_branch_labels.py for tasks to queue
[2025-01-22T10:10:08.722+0000] {logging_mixin.py:190} INFO - [2025-01-22T10:10:08.721+0000] {dagbag.py:588} INFO - Filling up the DagBag from /home/airflow/.local/lib/python3.12/site-packages/airflow/example_dags/example_branch_labels.py
[2025-01-22T10:10:08.738+0000] {processor.py:925} INFO - DAG(s) 'example_branch_labels' retrieved from /home/airflow/.local/lib/python3.12/site-packages/airflow/example_dags/example_branch_labels.py
[2025-01-22T10:10:08.768+0000] {logging_mixin.py:190} INFO - [2025-01-22T10:10:08.767+0000] {dag.py:3239} INFO - Sync 1 DAGs
[2025-01-22T10:10:08.804+0000] {logging_mixin.py:190} INFO - [2025-01-22T10:10:08.803+0000] {dag.py:4180} INFO - Setting next_dagrun for example_branch_labels to 2025-01-21 00:00:00+00:00, run_after=2025-01-22 00:00:00+00:00
[2025-01-22T10:10:08.833+0000] {processor.py:208} INFO - Processing /home/airflow/.local/lib/python3.12/site-packages/airflow/example_dags/example_branch_labels.py took 0.125 seconds
