[2025-01-22T10:09:39.969+0000] {processor.py:186} INFO - Started process (PID=412) to work on /home/airflow/.local/lib/python3.12/site-packages/airflow/example_dags/example_complex.py
[2025-01-22T10:09:39.970+0000] {processor.py:914} INFO - Processing file /home/airflow/.local/lib/python3.12/site-packages/airflow/example_dags/example_complex.py for tasks to queue
[2025-01-22T10:09:39.974+0000] {logging_mixin.py:190} INFO - [2025-01-22T10:09:39.973+0000] {dagbag.py:588} INFO - Filling up the DagBag from /home/airflow/.local/lib/python3.12/site-packages/airflow/example_dags/example_complex.py
[2025-01-22T10:09:39.993+0000] {processor.py:925} INFO - DAG(s) 'example_complex' retrieved from /home/airflow/.local/lib/python3.12/site-packages/airflow/example_dags/example_complex.py
[2025-01-22T10:09:40.137+0000] {logging_mixin.py:190} INFO - [2025-01-22T10:09:40.137+0000] {override.py:1911} INFO - Created Permission View: can edit on DAG:example_complex
[2025-01-22T10:09:40.149+0000] {logging_mixin.py:190} INFO - [2025-01-22T10:09:40.149+0000] {override.py:1911} INFO - Created Permission View: can delete on DAG:example_complex
[2025-01-22T10:09:40.158+0000] {logging_mixin.py:190} INFO - [2025-01-22T10:09:40.157+0000] {override.py:1911} INFO - Created Permission View: can read on DAG:example_complex
[2025-01-22T10:09:40.169+0000] {logging_mixin.py:190} INFO - [2025-01-22T10:09:40.168+0000] {override.py:1911} INFO - Created Permission View: can create on DAG Run:example_complex
[2025-01-22T10:09:40.180+0000] {logging_mixin.py:190} INFO - [2025-01-22T10:09:40.180+0000] {override.py:1911} INFO - Created Permission View: can delete on DAG Run:example_complex
[2025-01-22T10:09:40.188+0000] {logging_mixin.py:190} INFO - [2025-01-22T10:09:40.188+0000] {override.py:1911} INFO - Created Permission View: menu access on DAG Run:example_complex
[2025-01-22T10:09:40.197+0000] {logging_mixin.py:190} INFO - [2025-01-22T10:09:40.197+0000] {override.py:1911} INFO - Created Permission View: can read on DAG Run:example_complex
[2025-01-22T10:09:40.198+0000] {logging_mixin.py:190} INFO - [2025-01-22T10:09:40.198+0000] {dag.py:3239} INFO - Sync 1 DAGs
[2025-01-22T10:09:40.215+0000] {logging_mixin.py:190} INFO - [2025-01-22T10:09:40.215+0000] {dag.py:3262} INFO - Creating ORM DAG for example_complex
[2025-01-22T10:09:40.216+0000] {logging_mixin.py:190} INFO - [2025-01-22T10:09:40.215+0000] {dag.py:4180} INFO - Setting next_dagrun for example_complex to None, run_after=None
[2025-01-22T10:09:40.240+0000] {processor.py:208} INFO - Processing /home/airflow/.local/lib/python3.12/site-packages/airflow/example_dags/example_complex.py took 0.278 seconds
[2025-01-22T10:10:10.716+0000] {processor.py:186} INFO - Started process (PID=703) to work on /home/airflow/.local/lib/python3.12/site-packages/airflow/example_dags/example_complex.py
[2025-01-22T10:10:10.717+0000] {processor.py:914} INFO - Processing file /home/airflow/.local/lib/python3.12/site-packages/airflow/example_dags/example_complex.py for tasks to queue
[2025-01-22T10:10:10.719+0000] {logging_mixin.py:190} INFO - [2025-01-22T10:10:10.719+0000] {dagbag.py:588} INFO - Filling up the DagBag from /home/airflow/.local/lib/python3.12/site-packages/airflow/example_dags/example_complex.py
[2025-01-22T10:10:10.732+0000] {processor.py:925} INFO - DAG(s) 'example_complex' retrieved from /home/airflow/.local/lib/python3.12/site-packages/airflow/example_dags/example_complex.py
[2025-01-22T10:10:10.773+0000] {logging_mixin.py:190} INFO - [2025-01-22T10:10:10.773+0000] {dag.py:3239} INFO - Sync 1 DAGs
[2025-01-22T10:10:10.792+0000] {logging_mixin.py:190} INFO - [2025-01-22T10:10:10.791+0000] {dag.py:4180} INFO - Setting next_dagrun for example_complex to None, run_after=None
[2025-01-22T10:10:10.811+0000] {processor.py:208} INFO - Processing /home/airflow/.local/lib/python3.12/site-packages/airflow/example_dags/example_complex.py took 0.101 seconds
