[2025-01-22T10:09:36.425+0000] {processor.py:186} INFO - Started process (PID=327) to work on /home/airflow/.local/lib/python3.12/site-packages/airflow/example_dags/example_kubernetes_executor.py
[2025-01-22T10:09:36.426+0000] {processor.py:914} INFO - Processing file /home/airflow/.local/lib/python3.12/site-packages/airflow/example_dags/example_kubernetes_executor.py for tasks to queue
[2025-01-22T10:09:36.429+0000] {logging_mixin.py:190} INFO - [2025-01-22T10:09:36.428+0000] {dagbag.py:588} INFO - Filling up the DagBag from /home/airflow/.local/lib/python3.12/site-packages/airflow/example_dags/example_kubernetes_executor.py
[2025-01-22T10:09:36.449+0000] {processor.py:925} INFO - DAG(s) 'example_kubernetes_executor' retrieved from /home/airflow/.local/lib/python3.12/site-packages/airflow/example_dags/example_kubernetes_executor.py
[2025-01-22T10:09:36.611+0000] {logging_mixin.py:190} INFO - [2025-01-22T10:09:36.610+0000] {override.py:1911} INFO - Created Permission View: can edit on DAG:example_kubernetes_executor
[2025-01-22T10:09:36.628+0000] {logging_mixin.py:190} INFO - [2025-01-22T10:09:36.628+0000] {override.py:1911} INFO - Created Permission View: can delete on DAG:example_kubernetes_executor
[2025-01-22T10:09:36.638+0000] {logging_mixin.py:190} INFO - [2025-01-22T10:09:36.637+0000] {override.py:1911} INFO - Created Permission View: can read on DAG:example_kubernetes_executor
[2025-01-22T10:09:36.649+0000] {logging_mixin.py:190} INFO - [2025-01-22T10:09:36.648+0000] {override.py:1911} INFO - Created Permission View: can create on DAG Run:example_kubernetes_executor
[2025-01-22T10:09:36.658+0000] {logging_mixin.py:190} INFO - [2025-01-22T10:09:36.658+0000] {override.py:1911} INFO - Created Permission View: can delete on DAG Run:example_kubernetes_executor
[2025-01-22T10:09:36.669+0000] {logging_mixin.py:190} INFO - [2025-01-22T10:09:36.668+0000] {override.py:1911} INFO - Created Permission View: menu access on DAG Run:example_kubernetes_executor
[2025-01-22T10:09:36.678+0000] {logging_mixin.py:190} INFO - [2025-01-22T10:09:36.678+0000] {override.py:1911} INFO - Created Permission View: can read on DAG Run:example_kubernetes_executor
[2025-01-22T10:09:36.679+0000] {logging_mixin.py:190} INFO - [2025-01-22T10:09:36.679+0000] {dag.py:3239} INFO - Sync 1 DAGs
[2025-01-22T10:09:36.699+0000] {logging_mixin.py:190} INFO - [2025-01-22T10:09:36.698+0000] {dag.py:3262} INFO - Creating ORM DAG for example_kubernetes_executor
[2025-01-22T10:09:36.700+0000] {logging_mixin.py:190} INFO - [2025-01-22T10:09:36.700+0000] {dag.py:4180} INFO - Setting next_dagrun for example_kubernetes_executor to None, run_after=None
[2025-01-22T10:09:36.730+0000] {processor.py:208} INFO - Processing /home/airflow/.local/lib/python3.12/site-packages/airflow/example_dags/example_kubernetes_executor.py took 0.313 seconds
[2025-01-22T10:10:07.068+0000] {processor.py:186} INFO - Started process (PID=618) to work on /home/airflow/.local/lib/python3.12/site-packages/airflow/example_dags/example_kubernetes_executor.py
[2025-01-22T10:10:07.071+0000] {processor.py:914} INFO - Processing file /home/airflow/.local/lib/python3.12/site-packages/airflow/example_dags/example_kubernetes_executor.py for tasks to queue
[2025-01-22T10:10:07.075+0000] {logging_mixin.py:190} INFO - [2025-01-22T10:10:07.074+0000] {dagbag.py:588} INFO - Filling up the DagBag from /home/airflow/.local/lib/python3.12/site-packages/airflow/example_dags/example_kubernetes_executor.py
[2025-01-22T10:10:07.095+0000] {processor.py:925} INFO - DAG(s) 'example_kubernetes_executor' retrieved from /home/airflow/.local/lib/python3.12/site-packages/airflow/example_dags/example_kubernetes_executor.py
[2025-01-22T10:10:07.133+0000] {logging_mixin.py:190} INFO - [2025-01-22T10:10:07.133+0000] {dag.py:3239} INFO - Sync 1 DAGs
[2025-01-22T10:10:07.154+0000] {logging_mixin.py:190} INFO - [2025-01-22T10:10:07.154+0000] {dag.py:4180} INFO - Setting next_dagrun for example_kubernetes_executor to None, run_after=None
[2025-01-22T10:10:07.180+0000] {processor.py:208} INFO - Processing /home/airflow/.local/lib/python3.12/site-packages/airflow/example_dags/example_kubernetes_executor.py took 0.123 seconds
