[2025-01-22T10:09:32.246+0000] {processor.py:186} INFO - Started process (PID=257) to work on /home/airflow/.local/lib/python3.12/site-packages/airflow/example_dags/example_outlet_event_extra.py
[2025-01-22T10:09:32.247+0000] {processor.py:914} INFO - Processing file /home/airflow/.local/lib/python3.12/site-packages/airflow/example_dags/example_outlet_event_extra.py for tasks to queue
[2025-01-22T10:09:32.251+0000] {logging_mixin.py:190} INFO - [2025-01-22T10:09:32.250+0000] {dagbag.py:588} INFO - Filling up the DagBag from /home/airflow/.local/lib/python3.12/site-packages/airflow/example_dags/example_outlet_event_extra.py
[2025-01-22T10:09:33.344+0000] {processor.py:925} INFO - DAG(s) 'dataset_with_extra_by_context', 'dataset_with_extra_from_classic_operator', 'dataset_with_extra_by_yield' retrieved from /home/airflow/.local/lib/python3.12/site-packages/airflow/example_dags/example_outlet_event_extra.py
[2025-01-22T10:09:33.483+0000] {logging_mixin.py:190} INFO - [2025-01-22T10:09:33.482+0000] {override.py:1911} INFO - Created Permission View: can edit on DAG:dataset_with_extra_by_context
[2025-01-22T10:09:33.501+0000] {logging_mixin.py:190} INFO - [2025-01-22T10:09:33.500+0000] {override.py:1911} INFO - Created Permission View: can delete on DAG:dataset_with_extra_by_context
[2025-01-22T10:09:33.512+0000] {logging_mixin.py:190} INFO - [2025-01-22T10:09:33.512+0000] {override.py:1911} INFO - Created Permission View: can read on DAG:dataset_with_extra_by_context
[2025-01-22T10:09:33.526+0000] {logging_mixin.py:190} INFO - [2025-01-22T10:09:33.526+0000] {override.py:1911} INFO - Created Permission View: can create on DAG Run:dataset_with_extra_by_context
[2025-01-22T10:09:33.539+0000] {logging_mixin.py:190} INFO - [2025-01-22T10:09:33.539+0000] {override.py:1911} INFO - Created Permission View: can delete on DAG Run:dataset_with_extra_by_context
[2025-01-22T10:09:33.553+0000] {logging_mixin.py:190} INFO - [2025-01-22T10:09:33.553+0000] {override.py:1911} INFO - Created Permission View: menu access on DAG Run:dataset_with_extra_by_context
[2025-01-22T10:09:33.565+0000] {logging_mixin.py:190} INFO - [2025-01-22T10:09:33.565+0000] {override.py:1911} INFO - Created Permission View: can read on DAG Run:dataset_with_extra_by_context
[2025-01-22T10:09:33.587+0000] {logging_mixin.py:190} INFO - [2025-01-22T10:09:33.586+0000] {override.py:1911} INFO - Created Permission View: can edit on DAG:dataset_with_extra_from_classic_operator
[2025-01-22T10:09:33.599+0000] {logging_mixin.py:190} INFO - [2025-01-22T10:09:33.598+0000] {override.py:1911} INFO - Created Permission View: can delete on DAG:dataset_with_extra_from_classic_operator
[2025-01-22T10:09:33.611+0000] {logging_mixin.py:190} INFO - [2025-01-22T10:09:33.610+0000] {override.py:1911} INFO - Created Permission View: can read on DAG:dataset_with_extra_from_classic_operator
[2025-01-22T10:09:33.625+0000] {logging_mixin.py:190} INFO - [2025-01-22T10:09:33.624+0000] {override.py:1911} INFO - Created Permission View: can create on DAG Run:dataset_with_extra_from_classic_operator
[2025-01-22T10:09:33.636+0000] {logging_mixin.py:190} INFO - [2025-01-22T10:09:33.636+0000] {override.py:1911} INFO - Created Permission View: can delete on DAG Run:dataset_with_extra_from_classic_operator
[2025-01-22T10:09:33.646+0000] {logging_mixin.py:190} INFO - [2025-01-22T10:09:33.646+0000] {override.py:1911} INFO - Created Permission View: menu access on DAG Run:dataset_with_extra_from_classic_operator
[2025-01-22T10:09:33.656+0000] {logging_mixin.py:190} INFO - [2025-01-22T10:09:33.655+0000] {override.py:1911} INFO - Created Permission View: can read on DAG Run:dataset_with_extra_from_classic_operator
[2025-01-22T10:09:33.678+0000] {logging_mixin.py:190} INFO - [2025-01-22T10:09:33.678+0000] {override.py:1911} INFO - Created Permission View: can edit on DAG:dataset_with_extra_by_yield
[2025-01-22T10:09:33.689+0000] {logging_mixin.py:190} INFO - [2025-01-22T10:09:33.689+0000] {override.py:1911} INFO - Created Permission View: can delete on DAG:dataset_with_extra_by_yield
[2025-01-22T10:09:33.700+0000] {logging_mixin.py:190} INFO - [2025-01-22T10:09:33.699+0000] {override.py:1911} INFO - Created Permission View: can read on DAG:dataset_with_extra_by_yield
[2025-01-22T10:09:33.712+0000] {logging_mixin.py:190} INFO - [2025-01-22T10:09:33.711+0000] {override.py:1911} INFO - Created Permission View: can create on DAG Run:dataset_with_extra_by_yield
[2025-01-22T10:09:33.721+0000] {logging_mixin.py:190} INFO - [2025-01-22T10:09:33.721+0000] {override.py:1911} INFO - Created Permission View: can delete on DAG Run:dataset_with_extra_by_yield
[2025-01-22T10:09:33.731+0000] {logging_mixin.py:190} INFO - [2025-01-22T10:09:33.731+0000] {override.py:1911} INFO - Created Permission View: menu access on DAG Run:dataset_with_extra_by_yield
[2025-01-22T10:09:33.742+0000] {logging_mixin.py:190} INFO - [2025-01-22T10:09:33.741+0000] {override.py:1911} INFO - Created Permission View: can read on DAG Run:dataset_with_extra_by_yield
[2025-01-22T10:09:33.743+0000] {logging_mixin.py:190} INFO - [2025-01-22T10:09:33.742+0000] {dag.py:3239} INFO - Sync 3 DAGs
[2025-01-22T10:09:33.765+0000] {logging_mixin.py:190} INFO - [2025-01-22T10:09:33.764+0000] {dag.py:3262} INFO - Creating ORM DAG for dataset_with_extra_by_context
[2025-01-22T10:09:33.766+0000] {logging_mixin.py:190} INFO - [2025-01-22T10:09:33.765+0000] {dag.py:3262} INFO - Creating ORM DAG for dataset_with_extra_from_classic_operator
[2025-01-22T10:09:33.767+0000] {logging_mixin.py:190} INFO - [2025-01-22T10:09:33.766+0000] {dag.py:3262} INFO - Creating ORM DAG for dataset_with_extra_by_yield
[2025-01-22T10:09:33.782+0000] {logging_mixin.py:190} INFO - [2025-01-22T10:09:33.782+0000] {dag.py:4180} INFO - Setting next_dagrun for dataset_with_extra_by_context to 2025-01-21 00:00:00+00:00, run_after=2025-01-22 00:00:00+00:00
[2025-01-22T10:09:33.784+0000] {logging_mixin.py:190} INFO - [2025-01-22T10:09:33.784+0000] {dag.py:4180} INFO - Setting next_dagrun for dataset_with_extra_by_yield to 2025-01-21 00:00:00+00:00, run_after=2025-01-22 00:00:00+00:00
[2025-01-22T10:09:33.786+0000] {logging_mixin.py:190} INFO - [2025-01-22T10:09:33.786+0000] {dag.py:4180} INFO - Setting next_dagrun for dataset_with_extra_from_classic_operator to 2025-01-21 00:00:00+00:00, run_after=2025-01-22 00:00:00+00:00
[2025-01-22T10:09:33.823+0000] {processor.py:208} INFO - Processing /home/airflow/.local/lib/python3.12/site-packages/airflow/example_dags/example_outlet_event_extra.py took 1.587 seconds
[2025-01-22T10:10:04.743+0000] {processor.py:186} INFO - Started process (PID=565) to work on /home/airflow/.local/lib/python3.12/site-packages/airflow/example_dags/example_outlet_event_extra.py
[2025-01-22T10:10:04.744+0000] {processor.py:914} INFO - Processing file /home/airflow/.local/lib/python3.12/site-packages/airflow/example_dags/example_outlet_event_extra.py for tasks to queue
[2025-01-22T10:10:04.748+0000] {logging_mixin.py:190} INFO - [2025-01-22T10:10:04.747+0000] {dagbag.py:588} INFO - Filling up the DagBag from /home/airflow/.local/lib/python3.12/site-packages/airflow/example_dags/example_outlet_event_extra.py
[2025-01-22T10:10:05.960+0000] {processor.py:925} INFO - DAG(s) 'dataset_with_extra_by_context', 'dataset_with_extra_by_yield', 'dataset_with_extra_from_classic_operator' retrieved from /home/airflow/.local/lib/python3.12/site-packages/airflow/example_dags/example_outlet_event_extra.py
[2025-01-22T10:10:05.997+0000] {logging_mixin.py:190} INFO - [2025-01-22T10:10:05.997+0000] {dag.py:3239} INFO - Sync 3 DAGs
[2025-01-22T10:10:06.038+0000] {logging_mixin.py:190} INFO - [2025-01-22T10:10:06.038+0000] {dag.py:4180} INFO - Setting next_dagrun for dataset_with_extra_by_context to 2025-01-21 00:00:00+00:00, run_after=2025-01-22 00:00:00+00:00
[2025-01-22T10:10:06.045+0000] {logging_mixin.py:190} INFO - [2025-01-22T10:10:06.045+0000] {dag.py:4180} INFO - Setting next_dagrun for dataset_with_extra_by_yield to 2025-01-21 00:00:00+00:00, run_after=2025-01-22 00:00:00+00:00
[2025-01-22T10:10:06.048+0000] {logging_mixin.py:190} INFO - [2025-01-22T10:10:06.048+0000] {dag.py:4180} INFO - Setting next_dagrun for dataset_with_extra_from_classic_operator to 2025-01-21 00:00:00+00:00, run_after=2025-01-22 00:00:00+00:00
[2025-01-22T10:10:06.086+0000] {processor.py:208} INFO - Processing /home/airflow/.local/lib/python3.12/site-packages/airflow/example_dags/example_outlet_event_extra.py took 1.352 seconds
