[2025-01-22T10:09:31.873+0000] {processor.py:186} INFO - Started process (PID=252) to work on /home/airflow/.local/lib/python3.12/site-packages/airflow/example_dags/example_xcom.py
[2025-01-22T10:09:31.874+0000] {processor.py:914} INFO - Processing file /home/airflow/.local/lib/python3.12/site-packages/airflow/example_dags/example_xcom.py for tasks to queue
[2025-01-22T10:09:31.878+0000] {logging_mixin.py:190} INFO - [2025-01-22T10:09:31.877+0000] {dagbag.py:588} INFO - Filling up the DagBag from /home/airflow/.local/lib/python3.12/site-packages/airflow/example_dags/example_xcom.py
[2025-01-22T10:09:31.896+0000] {processor.py:925} INFO - DAG(s) 'example_xcom' retrieved from /home/airflow/.local/lib/python3.12/site-packages/airflow/example_dags/example_xcom.py
[2025-01-22T10:09:32.109+0000] {logging_mixin.py:190} INFO - [2025-01-22T10:09:32.107+0000] {override.py:1911} INFO - Created Permission View: can edit on DAG:example_xcom
[2025-01-22T10:09:32.131+0000] {logging_mixin.py:190} INFO - [2025-01-22T10:09:32.131+0000] {override.py:1911} INFO - Created Permission View: can delete on DAG:example_xcom
[2025-01-22T10:09:32.140+0000] {logging_mixin.py:190} INFO - [2025-01-22T10:09:32.140+0000] {override.py:1911} INFO - Created Permission View: can read on DAG:example_xcom
[2025-01-22T10:09:32.151+0000] {logging_mixin.py:190} INFO - [2025-01-22T10:09:32.150+0000] {override.py:1911} INFO - Created Permission View: can create on DAG Run:example_xcom
[2025-01-22T10:09:32.160+0000] {logging_mixin.py:190} INFO - [2025-01-22T10:09:32.160+0000] {override.py:1911} INFO - Created Permission View: can delete on DAG Run:example_xcom
[2025-01-22T10:09:32.170+0000] {logging_mixin.py:190} INFO - [2025-01-22T10:09:32.169+0000] {override.py:1911} INFO - Created Permission View: menu access on DAG Run:example_xcom
[2025-01-22T10:09:32.179+0000] {logging_mixin.py:190} INFO - [2025-01-22T10:09:32.179+0000] {override.py:1911} INFO - Created Permission View: can read on DAG Run:example_xcom
[2025-01-22T10:09:32.180+0000] {logging_mixin.py:190} INFO - [2025-01-22T10:09:32.180+0000] {dag.py:3239} INFO - Sync 1 DAGs
[2025-01-22T10:09:32.207+0000] {logging_mixin.py:190} INFO - [2025-01-22T10:09:32.207+0000] {dag.py:3262} INFO - Creating ORM DAG for example_xcom
[2025-01-22T10:09:32.220+0000] {logging_mixin.py:190} INFO - [2025-01-22T10:09:32.220+0000] {dag.py:4180} INFO - Setting next_dagrun for example_xcom to 2021-01-01 00:00:00+00:00, run_after=2021-01-01 00:00:00+00:00
[2025-01-22T10:09:32.244+0000] {processor.py:208} INFO - Processing /home/airflow/.local/lib/python3.12/site-packages/airflow/example_dags/example_xcom.py took 0.381 seconds
[2025-01-22T10:10:03.385+0000] {processor.py:186} INFO - Started process (PID=543) to work on /home/airflow/.local/lib/python3.12/site-packages/airflow/example_dags/example_xcom.py
[2025-01-22T10:10:03.386+0000] {processor.py:914} INFO - Processing file /home/airflow/.local/lib/python3.12/site-packages/airflow/example_dags/example_xcom.py for tasks to queue
[2025-01-22T10:10:03.390+0000] {logging_mixin.py:190} INFO - [2025-01-22T10:10:03.389+0000] {dagbag.py:588} INFO - Filling up the DagBag from /home/airflow/.local/lib/python3.12/site-packages/airflow/example_dags/example_xcom.py
[2025-01-22T10:10:03.407+0000] {processor.py:925} INFO - DAG(s) 'example_xcom' retrieved from /home/airflow/.local/lib/python3.12/site-packages/airflow/example_dags/example_xcom.py
[2025-01-22T10:10:03.440+0000] {logging_mixin.py:190} INFO - [2025-01-22T10:10:03.440+0000] {dag.py:3239} INFO - Sync 1 DAGs
[2025-01-22T10:10:03.481+0000] {logging_mixin.py:190} INFO - [2025-01-22T10:10:03.481+0000] {dag.py:4180} INFO - Setting next_dagrun for example_xcom to 2021-01-01 00:00:00+00:00, run_after=2021-01-01 00:00:00+00:00
[2025-01-22T10:10:03.510+0000] {processor.py:208} INFO - Processing /home/airflow/.local/lib/python3.12/site-packages/airflow/example_dags/example_xcom.py took 0.140 seconds
