[2025-01-22T10:09:39.629+0000] {processor.py:186} INFO - Started process (PID=402) to work on /home/airflow/.local/lib/python3.12/site-packages/airflow/example_dags/example_xcomargs.py
[2025-01-22T10:09:39.630+0000] {processor.py:914} INFO - Processing file /home/airflow/.local/lib/python3.12/site-packages/airflow/example_dags/example_xcomargs.py for tasks to queue
[2025-01-22T10:09:39.633+0000] {logging_mixin.py:190} INFO - [2025-01-22T10:09:39.632+0000] {dagbag.py:588} INFO - Filling up the DagBag from /home/airflow/.local/lib/python3.12/site-packages/airflow/example_dags/example_xcomargs.py
[2025-01-22T10:09:39.646+0000] {processor.py:925} INFO - DAG(s) 'example_xcom_args_with_operators', 'example_xcom_args' retrieved from /home/airflow/.local/lib/python3.12/site-packages/airflow/example_dags/example_xcomargs.py
[2025-01-22T10:09:39.768+0000] {logging_mixin.py:190} INFO - [2025-01-22T10:09:39.767+0000] {override.py:1911} INFO - Created Permission View: can edit on DAG:example_xcom_args_with_operators
[2025-01-22T10:09:39.778+0000] {logging_mixin.py:190} INFO - [2025-01-22T10:09:39.777+0000] {override.py:1911} INFO - Created Permission View: can delete on DAG:example_xcom_args_with_operators
[2025-01-22T10:09:39.786+0000] {logging_mixin.py:190} INFO - [2025-01-22T10:09:39.786+0000] {override.py:1911} INFO - Created Permission View: can read on DAG:example_xcom_args_with_operators
[2025-01-22T10:09:39.797+0000] {logging_mixin.py:190} INFO - [2025-01-22T10:09:39.796+0000] {override.py:1911} INFO - Created Permission View: can create on DAG Run:example_xcom_args_with_operators
[2025-01-22T10:09:39.804+0000] {logging_mixin.py:190} INFO - [2025-01-22T10:09:39.804+0000] {override.py:1911} INFO - Created Permission View: can delete on DAG Run:example_xcom_args_with_operators
[2025-01-22T10:09:39.811+0000] {logging_mixin.py:190} INFO - [2025-01-22T10:09:39.810+0000] {override.py:1911} INFO - Created Permission View: menu access on DAG Run:example_xcom_args_with_operators
[2025-01-22T10:09:39.818+0000] {logging_mixin.py:190} INFO - [2025-01-22T10:09:39.817+0000] {override.py:1911} INFO - Created Permission View: can read on DAG Run:example_xcom_args_with_operators
[2025-01-22T10:09:39.832+0000] {logging_mixin.py:190} INFO - [2025-01-22T10:09:39.832+0000] {override.py:1911} INFO - Created Permission View: can edit on DAG:example_xcom_args
[2025-01-22T10:09:39.839+0000] {logging_mixin.py:190} INFO - [2025-01-22T10:09:39.839+0000] {override.py:1911} INFO - Created Permission View: can delete on DAG:example_xcom_args
[2025-01-22T10:09:39.848+0000] {logging_mixin.py:190} INFO - [2025-01-22T10:09:39.848+0000] {override.py:1911} INFO - Created Permission View: can read on DAG:example_xcom_args
[2025-01-22T10:09:39.857+0000] {logging_mixin.py:190} INFO - [2025-01-22T10:09:39.857+0000] {override.py:1911} INFO - Created Permission View: can create on DAG Run:example_xcom_args
[2025-01-22T10:09:39.865+0000] {logging_mixin.py:190} INFO - [2025-01-22T10:09:39.865+0000] {override.py:1911} INFO - Created Permission View: can delete on DAG Run:example_xcom_args
[2025-01-22T10:09:39.872+0000] {logging_mixin.py:190} INFO - [2025-01-22T10:09:39.871+0000] {override.py:1911} INFO - Created Permission View: menu access on DAG Run:example_xcom_args
[2025-01-22T10:09:39.880+0000] {logging_mixin.py:190} INFO - [2025-01-22T10:09:39.879+0000] {override.py:1911} INFO - Created Permission View: can read on DAG Run:example_xcom_args
[2025-01-22T10:09:39.880+0000] {logging_mixin.py:190} INFO - [2025-01-22T10:09:39.880+0000] {dag.py:3239} INFO - Sync 2 DAGs
[2025-01-22T10:09:39.898+0000] {logging_mixin.py:190} INFO - [2025-01-22T10:09:39.897+0000] {dag.py:3262} INFO - Creating ORM DAG for example_xcom_args_with_operators
[2025-01-22T10:09:39.899+0000] {logging_mixin.py:190} INFO - [2025-01-22T10:09:39.898+0000] {dag.py:3262} INFO - Creating ORM DAG for example_xcom_args
[2025-01-22T10:09:39.899+0000] {logging_mixin.py:190} INFO - [2025-01-22T10:09:39.899+0000] {dag.py:4180} INFO - Setting next_dagrun for example_xcom_args to None, run_after=None
[2025-01-22T10:09:39.900+0000] {logging_mixin.py:190} INFO - [2025-01-22T10:09:39.900+0000] {dag.py:4180} INFO - Setting next_dagrun for example_xcom_args_with_operators to None, run_after=None
[2025-01-22T10:09:39.924+0000] {processor.py:208} INFO - Processing /home/airflow/.local/lib/python3.12/site-packages/airflow/example_dags/example_xcomargs.py took 0.304 seconds
[2025-01-22T10:10:10.010+0000] {processor.py:186} INFO - Started process (PID=693) to work on /home/airflow/.local/lib/python3.12/site-packages/airflow/example_dags/example_xcomargs.py
[2025-01-22T10:10:10.011+0000] {processor.py:914} INFO - Processing file /home/airflow/.local/lib/python3.12/site-packages/airflow/example_dags/example_xcomargs.py for tasks to queue
[2025-01-22T10:10:10.013+0000] {logging_mixin.py:190} INFO - [2025-01-22T10:10:10.013+0000] {dagbag.py:588} INFO - Filling up the DagBag from /home/airflow/.local/lib/python3.12/site-packages/airflow/example_dags/example_xcomargs.py
[2025-01-22T10:10:10.023+0000] {processor.py:925} INFO - DAG(s) 'example_xcom_args_with_operators', 'example_xcom_args' retrieved from /home/airflow/.local/lib/python3.12/site-packages/airflow/example_dags/example_xcomargs.py
[2025-01-22T10:10:10.053+0000] {logging_mixin.py:190} INFO - [2025-01-22T10:10:10.053+0000] {dag.py:3239} INFO - Sync 2 DAGs
[2025-01-22T10:10:10.068+0000] {logging_mixin.py:190} INFO - [2025-01-22T10:10:10.068+0000] {dag.py:4180} INFO - Setting next_dagrun for example_xcom_args to None, run_after=None
[2025-01-22T10:10:10.073+0000] {logging_mixin.py:190} INFO - [2025-01-22T10:10:10.073+0000] {dag.py:4180} INFO - Setting next_dagrun for example_xcom_args_with_operators to None, run_after=None
[2025-01-22T10:10:10.101+0000] {processor.py:208} INFO - Processing /home/airflow/.local/lib/python3.12/site-packages/airflow/example_dags/example_xcomargs.py took 0.100 seconds
