[2025-01-22T10:09:38.289+0000] {processor.py:186} INFO - Started process (PID=377) to work on /home/airflow/.local/lib/python3.12/site-packages/airflow/example_dags/example_datasets.py
[2025-01-22T10:09:38.290+0000] {processor.py:914} INFO - Processing file /home/airflow/.local/lib/python3.12/site-packages/airflow/example_dags/example_datasets.py for tasks to queue
[2025-01-22T10:09:38.292+0000] {logging_mixin.py:190} INFO - [2025-01-22T10:09:38.292+0000] {dagbag.py:588} INFO - Filling up the DagBag from /home/airflow/.local/lib/python3.12/site-packages/airflow/example_dags/example_datasets.py
[2025-01-22T10:09:38.969+0000] {processor.py:925} INFO - DAG(s) 'consume_1_or_2_with_dataset_expressions', 'dataset_consumes_1', 'dataset_consumes_1_and_2', 'conditional_dataset_and_time_based_timetable', 'dataset_consumes_1_never_scheduled', 'dataset_consumes_unknown_never_scheduled', 'consume_1_and_2_with_dataset_expressions', 'consume_1_or_both_2_and_3_with_dataset_expressions', 'dataset_produces_2', 'dataset_produces_1' retrieved from /home/airflow/.local/lib/python3.12/site-packages/airflow/example_dags/example_datasets.py
[2025-01-22T10:09:39.091+0000] {logging_mixin.py:190} INFO - [2025-01-22T10:09:39.090+0000] {override.py:1911} INFO - Created Permission View: can edit on DAG:consume_1_or_2_with_dataset_expressions
[2025-01-22T10:09:39.103+0000] {logging_mixin.py:190} INFO - [2025-01-22T10:09:39.103+0000] {override.py:1911} INFO - Created Permission View: can delete on DAG:consume_1_or_2_with_dataset_expressions
[2025-01-22T10:09:39.110+0000] {logging_mixin.py:190} INFO - [2025-01-22T10:09:39.110+0000] {override.py:1911} INFO - Created Permission View: can read on DAG:consume_1_or_2_with_dataset_expressions
[2025-01-22T10:09:39.119+0000] {logging_mixin.py:190} INFO - [2025-01-22T10:09:39.119+0000] {override.py:1911} INFO - Created Permission View: can create on DAG Run:consume_1_or_2_with_dataset_expressions
[2025-01-22T10:09:39.126+0000] {logging_mixin.py:190} INFO - [2025-01-22T10:09:39.126+0000] {override.py:1911} INFO - Created Permission View: can delete on DAG Run:consume_1_or_2_with_dataset_expressions
[2025-01-22T10:09:39.133+0000] {logging_mixin.py:190} INFO - [2025-01-22T10:09:39.133+0000] {override.py:1911} INFO - Created Permission View: menu access on DAG Run:consume_1_or_2_with_dataset_expressions
[2025-01-22T10:09:39.141+0000] {logging_mixin.py:190} INFO - [2025-01-22T10:09:39.140+0000] {override.py:1911} INFO - Created Permission View: can read on DAG Run:consume_1_or_2_with_dataset_expressions
[2025-01-22T10:09:39.157+0000] {logging_mixin.py:190} INFO - [2025-01-22T10:09:39.156+0000] {override.py:1911} INFO - Created Permission View: can edit on DAG:dataset_consumes_1
[2025-01-22T10:09:39.166+0000] {logging_mixin.py:190} INFO - [2025-01-22T10:09:39.165+0000] {override.py:1911} INFO - Created Permission View: can delete on DAG:dataset_consumes_1
[2025-01-22T10:09:39.172+0000] {logging_mixin.py:190} INFO - [2025-01-22T10:09:39.172+0000] {override.py:1911} INFO - Created Permission View: can read on DAG:dataset_consumes_1
[2025-01-22T10:09:39.181+0000] {logging_mixin.py:190} INFO - [2025-01-22T10:09:39.181+0000] {override.py:1911} INFO - Created Permission View: can create on DAG Run:dataset_consumes_1
[2025-01-22T10:09:39.187+0000] {logging_mixin.py:190} INFO - [2025-01-22T10:09:39.187+0000] {override.py:1911} INFO - Created Permission View: can delete on DAG Run:dataset_consumes_1
[2025-01-22T10:09:39.195+0000] {logging_mixin.py:190} INFO - [2025-01-22T10:09:39.195+0000] {override.py:1911} INFO - Created Permission View: menu access on DAG Run:dataset_consumes_1
[2025-01-22T10:09:39.203+0000] {logging_mixin.py:190} INFO - [2025-01-22T10:09:39.202+0000] {override.py:1911} INFO - Created Permission View: can read on DAG Run:dataset_consumes_1
[2025-01-22T10:09:39.219+0000] {logging_mixin.py:190} INFO - [2025-01-22T10:09:39.218+0000] {override.py:1911} INFO - Created Permission View: can edit on DAG:dataset_consumes_1_and_2
[2025-01-22T10:09:39.227+0000] {logging_mixin.py:190} INFO - [2025-01-22T10:09:39.226+0000] {override.py:1911} INFO - Created Permission View: can delete on DAG:dataset_consumes_1_and_2
[2025-01-22T10:09:39.234+0000] {logging_mixin.py:190} INFO - [2025-01-22T10:09:39.234+0000] {override.py:1911} INFO - Created Permission View: can read on DAG:dataset_consumes_1_and_2
[2025-01-22T10:09:39.245+0000] {logging_mixin.py:190} INFO - [2025-01-22T10:09:39.245+0000] {override.py:1911} INFO - Created Permission View: can create on DAG Run:dataset_consumes_1_and_2
[2025-01-22T10:09:39.255+0000] {logging_mixin.py:190} INFO - [2025-01-22T10:09:39.254+0000] {override.py:1911} INFO - Created Permission View: can delete on DAG Run:dataset_consumes_1_and_2
[2025-01-22T10:09:39.262+0000] {logging_mixin.py:190} INFO - [2025-01-22T10:09:39.262+0000] {override.py:1911} INFO - Created Permission View: menu access on DAG Run:dataset_consumes_1_and_2
[2025-01-22T10:09:39.271+0000] {logging_mixin.py:190} INFO - [2025-01-22T10:09:39.270+0000] {override.py:1911} INFO - Created Permission View: can read on DAG Run:dataset_consumes_1_and_2
[2025-01-22T10:09:39.291+0000] {logging_mixin.py:190} INFO - [2025-01-22T10:09:39.290+0000] {override.py:1911} INFO - Created Permission View: can edit on DAG:conditional_dataset_and_time_based_timetable
[2025-01-22T10:09:39.299+0000] {logging_mixin.py:190} INFO - [2025-01-22T10:09:39.299+0000] {override.py:1911} INFO - Created Permission View: can delete on DAG:conditional_dataset_and_time_based_timetable
[2025-01-22T10:09:39.307+0000] {logging_mixin.py:190} INFO - [2025-01-22T10:09:39.307+0000] {override.py:1911} INFO - Created Permission View: can read on DAG:conditional_dataset_and_time_based_timetable
[2025-01-22T10:09:39.318+0000] {logging_mixin.py:190} INFO - [2025-01-22T10:09:39.317+0000] {override.py:1911} INFO - Created Permission View: can create on DAG Run:conditional_dataset_and_time_based_timetable
[2025-01-22T10:09:39.326+0000] {logging_mixin.py:190} INFO - [2025-01-22T10:09:39.326+0000] {override.py:1911} INFO - Created Permission View: can delete on DAG Run:conditional_dataset_and_time_based_timetable
[2025-01-22T10:09:39.336+0000] {logging_mixin.py:190} INFO - [2025-01-22T10:09:39.336+0000] {override.py:1911} INFO - Created Permission View: menu access on DAG Run:conditional_dataset_and_time_based_timetable
[2025-01-22T10:09:39.344+0000] {logging_mixin.py:190} INFO - [2025-01-22T10:09:39.344+0000] {override.py:1911} INFO - Created Permission View: can read on DAG Run:conditional_dataset_and_time_based_timetable
[2025-01-22T10:09:39.361+0000] {logging_mixin.py:190} INFO - [2025-01-22T10:09:39.361+0000] {override.py:1911} INFO - Created Permission View: can edit on DAG:dataset_consumes_1_never_scheduled
[2025-01-22T10:09:39.369+0000] {logging_mixin.py:190} INFO - [2025-01-22T10:09:39.369+0000] {override.py:1911} INFO - Created Permission View: can delete on DAG:dataset_consumes_1_never_scheduled
[2025-01-22T10:09:39.379+0000] {logging_mixin.py:190} INFO - [2025-01-22T10:09:39.378+0000] {override.py:1911} INFO - Created Permission View: can read on DAG:dataset_consumes_1_never_scheduled
[2025-01-22T10:09:39.386+0000] {logging_mixin.py:190} INFO - [2025-01-22T10:09:39.386+0000] {override.py:1911} INFO - Created Permission View: can create on DAG Run:dataset_consumes_1_never_scheduled
[2025-01-22T10:09:39.395+0000] {logging_mixin.py:190} INFO - [2025-01-22T10:09:39.394+0000] {override.py:1911} INFO - Created Permission View: can delete on DAG Run:dataset_consumes_1_never_scheduled
[2025-01-22T10:09:39.403+0000] {logging_mixin.py:190} INFO - [2025-01-22T10:09:39.402+0000] {override.py:1911} INFO - Created Permission View: menu access on DAG Run:dataset_consumes_1_never_scheduled
[2025-01-22T10:09:39.412+0000] {logging_mixin.py:190} INFO - [2025-01-22T10:09:39.411+0000] {override.py:1911} INFO - Created Permission View: can read on DAG Run:dataset_consumes_1_never_scheduled
[2025-01-22T10:09:39.429+0000] {logging_mixin.py:190} INFO - [2025-01-22T10:09:39.428+0000] {override.py:1911} INFO - Created Permission View: can edit on DAG:dataset_consumes_unknown_never_scheduled
[2025-01-22T10:09:39.439+0000] {logging_mixin.py:190} INFO - [2025-01-22T10:09:39.439+0000] {override.py:1911} INFO - Created Permission View: can delete on DAG:dataset_consumes_unknown_never_scheduled
[2025-01-22T10:09:39.449+0000] {logging_mixin.py:190} INFO - [2025-01-22T10:09:39.448+0000] {override.py:1911} INFO - Created Permission View: can read on DAG:dataset_consumes_unknown_never_scheduled
[2025-01-22T10:09:39.458+0000] {logging_mixin.py:190} INFO - [2025-01-22T10:09:39.458+0000] {override.py:1911} INFO - Created Permission View: can create on DAG Run:dataset_consumes_unknown_never_scheduled
[2025-01-22T10:09:39.468+0000] {logging_mixin.py:190} INFO - [2025-01-22T10:09:39.467+0000] {override.py:1911} INFO - Created Permission View: can delete on DAG Run:dataset_consumes_unknown_never_scheduled
[2025-01-22T10:09:39.479+0000] {logging_mixin.py:190} INFO - [2025-01-22T10:09:39.478+0000] {override.py:1911} INFO - Created Permission View: menu access on DAG Run:dataset_consumes_unknown_never_scheduled
[2025-01-22T10:09:39.489+0000] {logging_mixin.py:190} INFO - [2025-01-22T10:09:39.488+0000] {override.py:1911} INFO - Created Permission View: can read on DAG Run:dataset_consumes_unknown_never_scheduled
[2025-01-22T10:09:39.509+0000] {logging_mixin.py:190} INFO - [2025-01-22T10:09:39.509+0000] {override.py:1911} INFO - Created Permission View: can edit on DAG:consume_1_and_2_with_dataset_expressions
[2025-01-22T10:09:39.520+0000] {logging_mixin.py:190} INFO - [2025-01-22T10:09:39.519+0000] {override.py:1911} INFO - Created Permission View: can delete on DAG:consume_1_and_2_with_dataset_expressions
[2025-01-22T10:09:39.529+0000] {logging_mixin.py:190} INFO - [2025-01-22T10:09:39.529+0000] {override.py:1911} INFO - Created Permission View: can read on DAG:consume_1_and_2_with_dataset_expressions
[2025-01-22T10:09:39.540+0000] {logging_mixin.py:190} INFO - [2025-01-22T10:09:39.540+0000] {override.py:1911} INFO - Created Permission View: can create on DAG Run:consume_1_and_2_with_dataset_expressions
[2025-01-22T10:09:39.549+0000] {logging_mixin.py:190} INFO - [2025-01-22T10:09:39.549+0000] {override.py:1911} INFO - Created Permission View: can delete on DAG Run:consume_1_and_2_with_dataset_expressions
[2025-01-22T10:09:39.557+0000] {logging_mixin.py:190} INFO - [2025-01-22T10:09:39.557+0000] {override.py:1911} INFO - Created Permission View: menu access on DAG Run:consume_1_and_2_with_dataset_expressions
[2025-01-22T10:09:39.568+0000] {logging_mixin.py:190} INFO - [2025-01-22T10:09:39.568+0000] {override.py:1911} INFO - Created Permission View: can read on DAG Run:consume_1_and_2_with_dataset_expressions
[2025-01-22T10:09:39.588+0000] {logging_mixin.py:190} INFO - [2025-01-22T10:09:39.587+0000] {override.py:1911} INFO - Created Permission View: can edit on DAG:consume_1_or_both_2_and_3_with_dataset_expressions
[2025-01-22T10:09:39.599+0000] {logging_mixin.py:190} INFO - [2025-01-22T10:09:39.599+0000] {override.py:1911} INFO - Created Permission View: can delete on DAG:consume_1_or_both_2_and_3_with_dataset_expressions
[2025-01-22T10:09:39.609+0000] {logging_mixin.py:190} INFO - [2025-01-22T10:09:39.608+0000] {override.py:1911} INFO - Created Permission View: can read on DAG:consume_1_or_both_2_and_3_with_dataset_expressions
[2025-01-22T10:09:39.617+0000] {logging_mixin.py:190} INFO - [2025-01-22T10:09:39.617+0000] {override.py:1911} INFO - Created Permission View: can create on DAG Run:consume_1_or_both_2_and_3_with_dataset_expressions
[2025-01-22T10:09:39.626+0000] {logging_mixin.py:190} INFO - [2025-01-22T10:09:39.625+0000] {override.py:1911} INFO - Created Permission View: can delete on DAG Run:consume_1_or_both_2_and_3_with_dataset_expressions
[2025-01-22T10:09:39.633+0000] {logging_mixin.py:190} INFO - [2025-01-22T10:09:39.632+0000] {override.py:1911} INFO - Created Permission View: menu access on DAG Run:consume_1_or_both_2_and_3_with_dataset_expressions
[2025-01-22T10:09:39.639+0000] {logging_mixin.py:190} INFO - [2025-01-22T10:09:39.639+0000] {override.py:1911} INFO - Created Permission View: can read on DAG Run:consume_1_or_both_2_and_3_with_dataset_expressions
[2025-01-22T10:09:39.656+0000] {logging_mixin.py:190} INFO - [2025-01-22T10:09:39.655+0000] {override.py:1911} INFO - Created Permission View: can edit on DAG:dataset_produces_2
[2025-01-22T10:09:39.664+0000] {logging_mixin.py:190} INFO - [2025-01-22T10:09:39.664+0000] {override.py:1911} INFO - Created Permission View: can delete on DAG:dataset_produces_2
[2025-01-22T10:09:39.672+0000] {logging_mixin.py:190} INFO - [2025-01-22T10:09:39.672+0000] {override.py:1911} INFO - Created Permission View: can read on DAG:dataset_produces_2
[2025-01-22T10:09:39.683+0000] {logging_mixin.py:190} INFO - [2025-01-22T10:09:39.682+0000] {override.py:1911} INFO - Created Permission View: can create on DAG Run:dataset_produces_2
[2025-01-22T10:09:39.691+0000] {logging_mixin.py:190} INFO - [2025-01-22T10:09:39.691+0000] {override.py:1911} INFO - Created Permission View: can delete on DAG Run:dataset_produces_2
[2025-01-22T10:09:39.699+0000] {logging_mixin.py:190} INFO - [2025-01-22T10:09:39.699+0000] {override.py:1911} INFO - Created Permission View: menu access on DAG Run:dataset_produces_2
[2025-01-22T10:09:39.711+0000] {logging_mixin.py:190} INFO - [2025-01-22T10:09:39.711+0000] {override.py:1911} INFO - Created Permission View: can read on DAG Run:dataset_produces_2
[2025-01-22T10:09:39.730+0000] {logging_mixin.py:190} INFO - [2025-01-22T10:09:39.730+0000] {override.py:1911} INFO - Created Permission View: can edit on DAG:dataset_produces_1
[2025-01-22T10:09:39.742+0000] {logging_mixin.py:190} INFO - [2025-01-22T10:09:39.741+0000] {override.py:1911} INFO - Created Permission View: can delete on DAG:dataset_produces_1
[2025-01-22T10:09:39.754+0000] {logging_mixin.py:190} INFO - [2025-01-22T10:09:39.754+0000] {override.py:1911} INFO - Created Permission View: can read on DAG:dataset_produces_1
[2025-01-22T10:09:39.765+0000] {logging_mixin.py:190} INFO - [2025-01-22T10:09:39.764+0000] {override.py:1911} INFO - Created Permission View: can create on DAG Run:dataset_produces_1
[2025-01-22T10:09:39.773+0000] {logging_mixin.py:190} INFO - [2025-01-22T10:09:39.772+0000] {override.py:1911} INFO - Created Permission View: can delete on DAG Run:dataset_produces_1
[2025-01-22T10:09:39.781+0000] {logging_mixin.py:190} INFO - [2025-01-22T10:09:39.781+0000] {override.py:1911} INFO - Created Permission View: menu access on DAG Run:dataset_produces_1
[2025-01-22T10:09:39.789+0000] {logging_mixin.py:190} INFO - [2025-01-22T10:09:39.789+0000] {override.py:1911} INFO - Created Permission View: can read on DAG Run:dataset_produces_1
[2025-01-22T10:09:39.790+0000] {logging_mixin.py:190} INFO - [2025-01-22T10:09:39.790+0000] {dag.py:3239} INFO - Sync 10 DAGs
[2025-01-22T10:09:39.806+0000] {logging_mixin.py:190} INFO - [2025-01-22T10:09:39.805+0000] {dag.py:3262} INFO - Creating ORM DAG for dataset_produces_2
[2025-01-22T10:09:39.807+0000] {logging_mixin.py:190} INFO - [2025-01-22T10:09:39.807+0000] {dag.py:3262} INFO - Creating ORM DAG for conditional_dataset_and_time_based_timetable
[2025-01-22T10:09:39.807+0000] {logging_mixin.py:190} INFO - [2025-01-22T10:09:39.807+0000] {dag.py:3262} INFO - Creating ORM DAG for dataset_consumes_1
[2025-01-22T10:09:39.808+0000] {logging_mixin.py:190} INFO - [2025-01-22T10:09:39.808+0000] {dag.py:3262} INFO - Creating ORM DAG for consume_1_or_2_with_dataset_expressions
[2025-01-22T10:09:39.809+0000] {logging_mixin.py:190} INFO - [2025-01-22T10:09:39.808+0000] {dag.py:3262} INFO - Creating ORM DAG for dataset_consumes_1_and_2
[2025-01-22T10:09:39.810+0000] {logging_mixin.py:190} INFO - [2025-01-22T10:09:39.810+0000] {dag.py:3262} INFO - Creating ORM DAG for dataset_consumes_unknown_never_scheduled
[2025-01-22T10:09:39.811+0000] {logging_mixin.py:190} INFO - [2025-01-22T10:09:39.811+0000] {dag.py:3262} INFO - Creating ORM DAG for consume_1_and_2_with_dataset_expressions
[2025-01-22T10:09:39.811+0000] {logging_mixin.py:190} INFO - [2025-01-22T10:09:39.811+0000] {dag.py:3262} INFO - Creating ORM DAG for consume_1_or_both_2_and_3_with_dataset_expressions
[2025-01-22T10:09:39.812+0000] {logging_mixin.py:190} INFO - [2025-01-22T10:09:39.812+0000] {dag.py:3262} INFO - Creating ORM DAG for dataset_produces_1
[2025-01-22T10:09:39.813+0000] {logging_mixin.py:190} INFO - [2025-01-22T10:09:39.813+0000] {dag.py:3262} INFO - Creating ORM DAG for dataset_consumes_1_never_scheduled
[2025-01-22T10:09:39.827+0000] {logging_mixin.py:190} INFO - [2025-01-22T10:09:39.826+0000] {dag.py:4180} INFO - Setting next_dagrun for conditional_dataset_and_time_based_timetable to 2025-01-22 01:00:00+00:00, run_after=2025-01-22 01:00:00+00:00
[2025-01-22T10:09:39.827+0000] {logging_mixin.py:190} INFO - [2025-01-22T10:09:39.827+0000] {dag.py:4180} INFO - Setting next_dagrun for consume_1_and_2_with_dataset_expressions to None, run_after=None
[2025-01-22T10:09:39.828+0000] {logging_mixin.py:190} INFO - [2025-01-22T10:09:39.828+0000] {dag.py:4180} INFO - Setting next_dagrun for consume_1_or_2_with_dataset_expressions to None, run_after=None
[2025-01-22T10:09:39.828+0000] {logging_mixin.py:190} INFO - [2025-01-22T10:09:39.828+0000] {dag.py:4180} INFO - Setting next_dagrun for consume_1_or_both_2_and_3_with_dataset_expressions to None, run_after=None
[2025-01-22T10:09:39.829+0000] {logging_mixin.py:190} INFO - [2025-01-22T10:09:39.828+0000] {dag.py:4180} INFO - Setting next_dagrun for dataset_consumes_1 to None, run_after=None
[2025-01-22T10:09:39.830+0000] {logging_mixin.py:190} INFO - [2025-01-22T10:09:39.829+0000] {dag.py:4180} INFO - Setting next_dagrun for dataset_consumes_1_and_2 to None, run_after=None
[2025-01-22T10:09:39.832+0000] {logging_mixin.py:190} INFO - [2025-01-22T10:09:39.832+0000] {dag.py:4180} INFO - Setting next_dagrun for dataset_consumes_1_never_scheduled to None, run_after=None
[2025-01-22T10:09:39.833+0000] {logging_mixin.py:190} INFO - [2025-01-22T10:09:39.833+0000] {dag.py:4180} INFO - Setting next_dagrun for dataset_consumes_unknown_never_scheduled to None, run_after=None
[2025-01-22T10:09:39.834+0000] {logging_mixin.py:190} INFO - [2025-01-22T10:09:39.834+0000] {dag.py:4180} INFO - Setting next_dagrun for dataset_produces_1 to 2025-01-21 00:00:00+00:00, run_after=2025-01-22 00:00:00+00:00
[2025-01-22T10:09:39.835+0000] {logging_mixin.py:190} INFO - [2025-01-22T10:09:39.835+0000] {dag.py:4180} INFO - Setting next_dagrun for dataset_produces_2 to None, run_after=None
[2025-01-22T10:09:39.894+0000] {processor.py:208} INFO - Processing /home/airflow/.local/lib/python3.12/site-packages/airflow/example_dags/example_datasets.py took 1.612 seconds
[2025-01-22T10:10:09.948+0000] {processor.py:186} INFO - Started process (PID=688) to work on /home/airflow/.local/lib/python3.12/site-packages/airflow/example_dags/example_datasets.py
[2025-01-22T10:10:09.952+0000] {processor.py:914} INFO - Processing file /home/airflow/.local/lib/python3.12/site-packages/airflow/example_dags/example_datasets.py for tasks to queue
[2025-01-22T10:10:09.954+0000] {logging_mixin.py:190} INFO - [2025-01-22T10:10:09.954+0000] {dagbag.py:588} INFO - Filling up the DagBag from /home/airflow/.local/lib/python3.12/site-packages/airflow/example_dags/example_datasets.py
[2025-01-22T10:10:10.524+0000] {processor.py:925} INFO - DAG(s) 'dataset_consumes_1_never_scheduled', 'dataset_consumes_1', 'conditional_dataset_and_time_based_timetable', 'dataset_produces_1', 'consume_1_or_both_2_and_3_with_dataset_expressions', 'dataset_consumes_1_and_2', 'dataset_consumes_unknown_never_scheduled', 'dataset_produces_2', 'consume_1_or_2_with_dataset_expressions', 'consume_1_and_2_with_dataset_expressions' retrieved from /home/airflow/.local/lib/python3.12/site-packages/airflow/example_dags/example_datasets.py
[2025-01-22T10:10:10.576+0000] {logging_mixin.py:190} INFO - [2025-01-22T10:10:10.575+0000] {dag.py:3239} INFO - Sync 10 DAGs
[2025-01-22T10:10:10.600+0000] {logging_mixin.py:190} INFO - [2025-01-22T10:10:10.600+0000] {dag.py:4180} INFO - Setting next_dagrun for conditional_dataset_and_time_based_timetable to 2025-01-22 01:00:00+00:00, run_after=2025-01-22 01:00:00+00:00
[2025-01-22T10:10:10.605+0000] {logging_mixin.py:190} INFO - [2025-01-22T10:10:10.605+0000] {dag.py:4180} INFO - Setting next_dagrun for consume_1_and_2_with_dataset_expressions to None, run_after=None
[2025-01-22T10:10:10.607+0000] {logging_mixin.py:190} INFO - [2025-01-22T10:10:10.607+0000] {dag.py:4180} INFO - Setting next_dagrun for consume_1_or_2_with_dataset_expressions to None, run_after=None
[2025-01-22T10:10:10.609+0000] {logging_mixin.py:190} INFO - [2025-01-22T10:10:10.608+0000] {dag.py:4180} INFO - Setting next_dagrun for consume_1_or_both_2_and_3_with_dataset_expressions to None, run_after=None
[2025-01-22T10:10:10.610+0000] {logging_mixin.py:190} INFO - [2025-01-22T10:10:10.610+0000] {dag.py:4180} INFO - Setting next_dagrun for dataset_consumes_1 to None, run_after=None
[2025-01-22T10:10:10.612+0000] {logging_mixin.py:190} INFO - [2025-01-22T10:10:10.611+0000] {dag.py:4180} INFO - Setting next_dagrun for dataset_consumes_1_and_2 to None, run_after=None
[2025-01-22T10:10:10.613+0000] {logging_mixin.py:190} INFO - [2025-01-22T10:10:10.613+0000] {dag.py:4180} INFO - Setting next_dagrun for dataset_consumes_1_never_scheduled to None, run_after=None
[2025-01-22T10:10:10.615+0000] {logging_mixin.py:190} INFO - [2025-01-22T10:10:10.615+0000] {dag.py:4180} INFO - Setting next_dagrun for dataset_consumes_unknown_never_scheduled to None, run_after=None
[2025-01-22T10:10:10.618+0000] {logging_mixin.py:190} INFO - [2025-01-22T10:10:10.618+0000] {dag.py:4180} INFO - Setting next_dagrun for dataset_produces_1 to 2025-01-21 00:00:00+00:00, run_after=2025-01-22 00:00:00+00:00
[2025-01-22T10:10:10.619+0000] {logging_mixin.py:190} INFO - [2025-01-22T10:10:10.619+0000] {dag.py:4180} INFO - Setting next_dagrun for dataset_produces_2 to None, run_after=None
[2025-01-22T10:10:10.663+0000] {processor.py:208} INFO - Processing /home/airflow/.local/lib/python3.12/site-packages/airflow/example_dags/example_datasets.py took 0.723 seconds
