[2025-01-22T10:09:31.174+0000] {processor.py:186} INFO - Started process (PID=232) to work on /home/airflow/.local/lib/python3.12/site-packages/airflow/example_dags/example_bash_decorator.py
[2025-01-22T10:09:31.175+0000] {processor.py:914} INFO - Processing file /home/airflow/.local/lib/python3.12/site-packages/airflow/example_dags/example_bash_decorator.py for tasks to queue
[2025-01-22T10:09:31.179+0000] {logging_mixin.py:190} INFO - [2025-01-22T10:09:31.179+0000] {dagbag.py:588} INFO - Filling up the DagBag from /home/airflow/.local/lib/python3.12/site-packages/airflow/example_dags/example_bash_decorator.py
[2025-01-22T10:09:31.207+0000] {processor.py:925} INFO - DAG(s) 'example_bash_decorator' retrieved from /home/airflow/.local/lib/python3.12/site-packages/airflow/example_dags/example_bash_decorator.py
[2025-01-22T10:09:31.370+0000] {logging_mixin.py:190} INFO - [2025-01-22T10:09:31.369+0000] {override.py:1911} INFO - Created Permission View: can edit on DAG:example_bash_decorator
[2025-01-22T10:09:31.386+0000] {logging_mixin.py:190} INFO - [2025-01-22T10:09:31.386+0000] {override.py:1911} INFO - Created Permission View: can delete on DAG:example_bash_decorator
[2025-01-22T10:09:31.396+0000] {logging_mixin.py:190} INFO - [2025-01-22T10:09:31.396+0000] {override.py:1911} INFO - Created Permission View: can read on DAG:example_bash_decorator
[2025-01-22T10:09:31.409+0000] {logging_mixin.py:190} INFO - [2025-01-22T10:09:31.409+0000] {override.py:1911} INFO - Created Permission View: can create on DAG Run:example_bash_decorator
[2025-01-22T10:09:31.423+0000] {logging_mixin.py:190} INFO - [2025-01-22T10:09:31.422+0000] {override.py:1911} INFO - Created Permission View: can delete on DAG Run:example_bash_decorator
[2025-01-22T10:09:31.434+0000] {logging_mixin.py:190} INFO - [2025-01-22T10:09:31.434+0000] {override.py:1911} INFO - Created Permission View: menu access on DAG Run:example_bash_decorator
[2025-01-22T10:09:31.445+0000] {logging_mixin.py:190} INFO - [2025-01-22T10:09:31.445+0000] {override.py:1911} INFO - Created Permission View: can read on DAG Run:example_bash_decorator
[2025-01-22T10:09:31.446+0000] {logging_mixin.py:190} INFO - [2025-01-22T10:09:31.446+0000] {dag.py:3239} INFO - Sync 1 DAGs
[2025-01-22T10:09:31.464+0000] {logging_mixin.py:190} INFO - [2025-01-22T10:09:31.464+0000] {dag.py:3262} INFO - Creating ORM DAG for example_bash_decorator
[2025-01-22T10:09:31.465+0000] {logging_mixin.py:190} INFO - [2025-01-22T10:09:31.465+0000] {dag.py:4180} INFO - Setting next_dagrun for example_bash_decorator to None, run_after=None
[2025-01-22T10:09:31.492+0000] {processor.py:208} INFO - Processing /home/airflow/.local/lib/python3.12/site-packages/airflow/example_dags/example_bash_decorator.py took 0.326 seconds
[2025-01-22T10:10:02.576+0000] {processor.py:186} INFO - Started process (PID=523) to work on /home/airflow/.local/lib/python3.12/site-packages/airflow/example_dags/example_bash_decorator.py
[2025-01-22T10:10:02.594+0000] {processor.py:914} INFO - Processing file /home/airflow/.local/lib/python3.12/site-packages/airflow/example_dags/example_bash_decorator.py for tasks to queue
[2025-01-22T10:10:02.615+0000] {logging_mixin.py:190} INFO - [2025-01-22T10:10:02.613+0000] {dagbag.py:588} INFO - Filling up the DagBag from /home/airflow/.local/lib/python3.12/site-packages/airflow/example_dags/example_bash_decorator.py
[2025-01-22T10:10:02.704+0000] {processor.py:925} INFO - DAG(s) 'example_bash_decorator' retrieved from /home/airflow/.local/lib/python3.12/site-packages/airflow/example_dags/example_bash_decorator.py
[2025-01-22T10:10:02.862+0000] {logging_mixin.py:190} INFO - [2025-01-22T10:10:02.861+0000] {dag.py:3239} INFO - Sync 1 DAGs
[2025-01-22T10:10:02.954+0000] {logging_mixin.py:190} INFO - [2025-01-22T10:10:02.953+0000] {dag.py:4180} INFO - Setting next_dagrun for example_bash_decorator to None, run_after=None
[2025-01-22T10:10:03.025+0000] {processor.py:208} INFO - Processing /home/airflow/.local/lib/python3.12/site-packages/airflow/example_dags/example_bash_decorator.py took 0.482 seconds
