[2025-01-22T10:09:31.540+0000] {processor.py:186} INFO - Started process (PID=242) to work on /home/airflow/.local/lib/python3.12/site-packages/airflow/example_dags/tutorial_taskflow_api.py
[2025-01-22T10:09:31.541+0000] {processor.py:914} INFO - Processing file /home/airflow/.local/lib/python3.12/site-packages/airflow/example_dags/tutorial_taskflow_api.py for tasks to queue
[2025-01-22T10:09:31.545+0000] {logging_mixin.py:190} INFO - [2025-01-22T10:09:31.544+0000] {dagbag.py:588} INFO - Filling up the DagBag from /home/airflow/.local/lib/python3.12/site-packages/airflow/example_dags/tutorial_taskflow_api.py
[2025-01-22T10:09:31.555+0000] {processor.py:925} INFO - DAG(s) 'tutorial_taskflow_api' retrieved from /home/airflow/.local/lib/python3.12/site-packages/airflow/example_dags/tutorial_taskflow_api.py
[2025-01-22T10:09:31.715+0000] {logging_mixin.py:190} INFO - [2025-01-22T10:09:31.714+0000] {override.py:1911} INFO - Created Permission View: can edit on DAG:tutorial_taskflow_api
[2025-01-22T10:09:31.731+0000] {logging_mixin.py:190} INFO - [2025-01-22T10:09:31.731+0000] {override.py:1911} INFO - Created Permission View: can delete on DAG:tutorial_taskflow_api
[2025-01-22T10:09:31.740+0000] {logging_mixin.py:190} INFO - [2025-01-22T10:09:31.740+0000] {override.py:1911} INFO - Created Permission View: can read on DAG:tutorial_taskflow_api
[2025-01-22T10:09:31.752+0000] {logging_mixin.py:190} INFO - [2025-01-22T10:09:31.752+0000] {override.py:1911} INFO - Created Permission View: can create on DAG Run:tutorial_taskflow_api
[2025-01-22T10:09:31.761+0000] {logging_mixin.py:190} INFO - [2025-01-22T10:09:31.761+0000] {override.py:1911} INFO - Created Permission View: can delete on DAG Run:tutorial_taskflow_api
[2025-01-22T10:09:31.769+0000] {logging_mixin.py:190} INFO - [2025-01-22T10:09:31.769+0000] {override.py:1911} INFO - Created Permission View: menu access on DAG Run:tutorial_taskflow_api
[2025-01-22T10:09:31.778+0000] {logging_mixin.py:190} INFO - [2025-01-22T10:09:31.777+0000] {override.py:1911} INFO - Created Permission View: can read on DAG Run:tutorial_taskflow_api
[2025-01-22T10:09:31.778+0000] {logging_mixin.py:190} INFO - [2025-01-22T10:09:31.778+0000] {dag.py:3239} INFO - Sync 1 DAGs
[2025-01-22T10:09:31.798+0000] {logging_mixin.py:190} INFO - [2025-01-22T10:09:31.798+0000] {dag.py:3262} INFO - Creating ORM DAG for tutorial_taskflow_api
[2025-01-22T10:09:31.799+0000] {logging_mixin.py:190} INFO - [2025-01-22T10:09:31.799+0000] {dag.py:4180} INFO - Setting next_dagrun for tutorial_taskflow_api to None, run_after=None
[2025-01-22T10:09:31.820+0000] {processor.py:208} INFO - Processing /home/airflow/.local/lib/python3.12/site-packages/airflow/example_dags/tutorial_taskflow_api.py took 0.289 seconds
[2025-01-22T10:10:03.211+0000] {processor.py:186} INFO - Started process (PID=533) to work on /home/airflow/.local/lib/python3.12/site-packages/airflow/example_dags/tutorial_taskflow_api.py
[2025-01-22T10:10:03.212+0000] {processor.py:914} INFO - Processing file /home/airflow/.local/lib/python3.12/site-packages/airflow/example_dags/tutorial_taskflow_api.py for tasks to queue
[2025-01-22T10:10:03.216+0000] {logging_mixin.py:190} INFO - [2025-01-22T10:10:03.215+0000] {dagbag.py:588} INFO - Filling up the DagBag from /home/airflow/.local/lib/python3.12/site-packages/airflow/example_dags/tutorial_taskflow_api.py
[2025-01-22T10:10:03.232+0000] {processor.py:925} INFO - DAG(s) 'tutorial_taskflow_api' retrieved from /home/airflow/.local/lib/python3.12/site-packages/airflow/example_dags/tutorial_taskflow_api.py
[2025-01-22T10:10:03.271+0000] {logging_mixin.py:190} INFO - [2025-01-22T10:10:03.270+0000] {dag.py:3239} INFO - Sync 1 DAGs
[2025-01-22T10:10:03.297+0000] {logging_mixin.py:190} INFO - [2025-01-22T10:10:03.297+0000] {dag.py:4180} INFO - Setting next_dagrun for tutorial_taskflow_api to None, run_after=None
[2025-01-22T10:10:03.329+0000] {processor.py:208} INFO - Processing /home/airflow/.local/lib/python3.12/site-packages/airflow/example_dags/tutorial_taskflow_api.py took 0.134 seconds
