[2025-01-22T10:09:37.774+0000] {processor.py:186} INFO - Started process (PID=362) to work on /home/airflow/.local/lib/python3.12/site-packages/airflow/example_dags/tutorial.py
[2025-01-22T10:09:37.774+0000] {processor.py:914} INFO - Processing file /home/airflow/.local/lib/python3.12/site-packages/airflow/example_dags/tutorial.py for tasks to queue
[2025-01-22T10:09:37.777+0000] {logging_mixin.py:190} INFO - [2025-01-22T10:09:37.777+0000] {dagbag.py:588} INFO - Filling up the DagBag from /home/airflow/.local/lib/python3.12/site-packages/airflow/example_dags/tutorial.py
[2025-01-22T10:09:37.788+0000] {processor.py:925} INFO - DAG(s) 'tutorial' retrieved from /home/airflow/.local/lib/python3.12/site-packages/airflow/example_dags/tutorial.py
[2025-01-22T10:09:37.920+0000] {logging_mixin.py:190} INFO - [2025-01-22T10:09:37.919+0000] {override.py:1911} INFO - Created Permission View: can edit on DAG:tutorial
[2025-01-22T10:09:37.933+0000] {logging_mixin.py:190} INFO - [2025-01-22T10:09:37.933+0000] {override.py:1911} INFO - Created Permission View: can delete on DAG:tutorial
[2025-01-22T10:09:37.942+0000] {logging_mixin.py:190} INFO - [2025-01-22T10:09:37.941+0000] {override.py:1911} INFO - Created Permission View: can read on DAG:tutorial
[2025-01-22T10:09:37.952+0000] {logging_mixin.py:190} INFO - [2025-01-22T10:09:37.952+0000] {override.py:1911} INFO - Created Permission View: can create on DAG Run:tutorial
[2025-01-22T10:09:37.962+0000] {logging_mixin.py:190} INFO - [2025-01-22T10:09:37.962+0000] {override.py:1911} INFO - Created Permission View: can delete on DAG Run:tutorial
[2025-01-22T10:09:37.971+0000] {logging_mixin.py:190} INFO - [2025-01-22T10:09:37.971+0000] {override.py:1911} INFO - Created Permission View: menu access on DAG Run:tutorial
[2025-01-22T10:09:37.981+0000] {logging_mixin.py:190} INFO - [2025-01-22T10:09:37.980+0000] {override.py:1911} INFO - Created Permission View: can read on DAG Run:tutorial
[2025-01-22T10:09:37.981+0000] {logging_mixin.py:190} INFO - [2025-01-22T10:09:37.981+0000] {dag.py:3239} INFO - Sync 1 DAGs
[2025-01-22T10:09:37.998+0000] {logging_mixin.py:190} INFO - [2025-01-22T10:09:37.998+0000] {dag.py:3262} INFO - Creating ORM DAG for tutorial
[2025-01-22T10:09:38.010+0000] {logging_mixin.py:190} INFO - [2025-01-22T10:09:38.010+0000] {dag.py:4180} INFO - Setting next_dagrun for tutorial to 2025-01-21 00:00:00+00:00, run_after=2025-01-22 00:00:00+00:00
[2025-01-22T10:09:38.033+0000] {processor.py:208} INFO - Processing /home/airflow/.local/lib/python3.12/site-packages/airflow/example_dags/tutorial.py took 0.268 seconds
[2025-01-22T10:10:08.191+0000] {processor.py:186} INFO - Started process (PID=655) to work on /home/airflow/.local/lib/python3.12/site-packages/airflow/example_dags/tutorial.py
[2025-01-22T10:10:08.193+0000] {processor.py:914} INFO - Processing file /home/airflow/.local/lib/python3.12/site-packages/airflow/example_dags/tutorial.py for tasks to queue
[2025-01-22T10:10:08.196+0000] {logging_mixin.py:190} INFO - [2025-01-22T10:10:08.195+0000] {dagbag.py:588} INFO - Filling up the DagBag from /home/airflow/.local/lib/python3.12/site-packages/airflow/example_dags/tutorial.py
[2025-01-22T10:10:08.207+0000] {processor.py:925} INFO - DAG(s) 'tutorial' retrieved from /home/airflow/.local/lib/python3.12/site-packages/airflow/example_dags/tutorial.py
[2025-01-22T10:10:08.231+0000] {logging_mixin.py:190} INFO - [2025-01-22T10:10:08.231+0000] {dag.py:3239} INFO - Sync 1 DAGs
[2025-01-22T10:10:08.265+0000] {logging_mixin.py:190} INFO - [2025-01-22T10:10:08.265+0000] {dag.py:4180} INFO - Setting next_dagrun for tutorial to 2025-01-21 00:00:00+00:00, run_after=2025-01-22 00:00:00+00:00
[2025-01-22T10:10:08.284+0000] {processor.py:208} INFO - Processing /home/airflow/.local/lib/python3.12/site-packages/airflow/example_dags/tutorial.py took 0.101 seconds
