[2025-01-22T10:09:26.515+0000] {processor.py:186} INFO - Started process (PID=173) to work on /home/airflow/.local/lib/python3.12/site-packages/airflow/example_dags/tutorial_taskflow_templates.py
[2025-01-22T10:09:26.518+0000] {processor.py:914} INFO - Processing file /home/airflow/.local/lib/python3.12/site-packages/airflow/example_dags/tutorial_taskflow_templates.py for tasks to queue
[2025-01-22T10:09:26.530+0000] {logging_mixin.py:190} INFO - [2025-01-22T10:09:26.530+0000] {dagbag.py:588} INFO - Filling up the DagBag from /home/airflow/.local/lib/python3.12/site-packages/airflow/example_dags/tutorial_taskflow_templates.py
[2025-01-22T10:09:26.587+0000] {processor.py:925} INFO - DAG(s) 'tutorial_taskflow_templates' retrieved from /home/airflow/.local/lib/python3.12/site-packages/airflow/example_dags/tutorial_taskflow_templates.py
[2025-01-22T10:09:27.260+0000] {logging_mixin.py:190} INFO - [2025-01-22T10:09:27.258+0000] {override.py:1911} INFO - Created Permission View: can edit on DAG:tutorial_taskflow_templates
[2025-01-22T10:09:27.291+0000] {logging_mixin.py:190} INFO - [2025-01-22T10:09:27.290+0000] {override.py:1911} INFO - Created Permission View: can delete on DAG:tutorial_taskflow_templates
[2025-01-22T10:09:27.306+0000] {logging_mixin.py:190} INFO - [2025-01-22T10:09:27.305+0000] {override.py:1911} INFO - Created Permission View: can read on DAG:tutorial_taskflow_templates
[2025-01-22T10:09:27.321+0000] {logging_mixin.py:190} INFO - [2025-01-22T10:09:27.321+0000] {override.py:1911} INFO - Created Permission View: can create on DAG Run:tutorial_taskflow_templates
[2025-01-22T10:09:27.335+0000] {logging_mixin.py:190} INFO - [2025-01-22T10:09:27.334+0000] {override.py:1911} INFO - Created Permission View: can delete on DAG Run:tutorial_taskflow_templates
[2025-01-22T10:09:27.348+0000] {logging_mixin.py:190} INFO - [2025-01-22T10:09:27.347+0000] {override.py:1911} INFO - Created Permission View: menu access on DAG Run:tutorial_taskflow_templates
[2025-01-22T10:09:27.362+0000] {logging_mixin.py:190} INFO - [2025-01-22T10:09:27.361+0000] {override.py:1911} INFO - Created Permission View: can read on DAG Run:tutorial_taskflow_templates
[2025-01-22T10:09:27.363+0000] {logging_mixin.py:190} INFO - [2025-01-22T10:09:27.363+0000] {dag.py:3239} INFO - Sync 1 DAGs
[2025-01-22T10:09:27.405+0000] {logging_mixin.py:190} INFO - [2025-01-22T10:09:27.404+0000] {dag.py:3262} INFO - Creating ORM DAG for tutorial_taskflow_templates
[2025-01-22T10:09:27.434+0000] {logging_mixin.py:190} INFO - [2025-01-22T10:09:27.434+0000] {dag.py:4180} INFO - Setting next_dagrun for tutorial_taskflow_templates to 2025-01-21 00:00:00+00:00, run_after=2025-01-22 00:00:00+00:00
[2025-01-22T10:09:27.479+0000] {processor.py:208} INFO - Processing /home/airflow/.local/lib/python3.12/site-packages/airflow/example_dags/tutorial_taskflow_templates.py took 0.995 seconds
[2025-01-22T10:09:58.265+0000] {processor.py:186} INFO - Started process (PID=470) to work on /home/airflow/.local/lib/python3.12/site-packages/airflow/example_dags/tutorial_taskflow_templates.py
[2025-01-22T10:09:58.266+0000] {processor.py:914} INFO - Processing file /home/airflow/.local/lib/python3.12/site-packages/airflow/example_dags/tutorial_taskflow_templates.py for tasks to queue
[2025-01-22T10:09:58.271+0000] {logging_mixin.py:190} INFO - [2025-01-22T10:09:58.270+0000] {dagbag.py:588} INFO - Filling up the DagBag from /home/airflow/.local/lib/python3.12/site-packages/airflow/example_dags/tutorial_taskflow_templates.py
[2025-01-22T10:09:58.294+0000] {processor.py:925} INFO - DAG(s) 'tutorial_taskflow_templates' retrieved from /home/airflow/.local/lib/python3.12/site-packages/airflow/example_dags/tutorial_taskflow_templates.py
[2025-01-22T10:09:58.323+0000] {logging_mixin.py:190} INFO - [2025-01-22T10:09:58.323+0000] {dag.py:3239} INFO - Sync 1 DAGs
[2025-01-22T10:09:58.374+0000] {logging_mixin.py:190} INFO - [2025-01-22T10:09:58.374+0000] {dag.py:4180} INFO - Setting next_dagrun for tutorial_taskflow_templates to 2025-01-21 00:00:00+00:00, run_after=2025-01-22 00:00:00+00:00
[2025-01-22T10:09:58.400+0000] {processor.py:208} INFO - Processing /home/airflow/.local/lib/python3.12/site-packages/airflow/example_dags/tutorial_taskflow_templates.py took 0.146 seconds
[2025-01-22T10:10:28.559+0000] {processor.py:186} INFO - Started process (PID=825) to work on /home/airflow/.local/lib/python3.12/site-packages/airflow/example_dags/tutorial_taskflow_templates.py
[2025-01-22T10:10:28.565+0000] {processor.py:914} INFO - Processing file /home/airflow/.local/lib/python3.12/site-packages/airflow/example_dags/tutorial_taskflow_templates.py for tasks to queue
[2025-01-22T10:10:28.583+0000] {logging_mixin.py:190} INFO - [2025-01-22T10:10:28.581+0000] {dagbag.py:588} INFO - Filling up the DagBag from /home/airflow/.local/lib/python3.12/site-packages/airflow/example_dags/tutorial_taskflow_templates.py
[2025-01-22T10:10:28.688+0000] {processor.py:925} INFO - DAG(s) 'tutorial_taskflow_templates' retrieved from /home/airflow/.local/lib/python3.12/site-packages/airflow/example_dags/tutorial_taskflow_templates.py
