[2025-01-22T10:09:32.293+0000] {processor.py:186} INFO - Started process (PID=262) to work on /home/airflow/.local/lib/python3.12/site-packages/airflow/example_dags/tutorial_objectstorage.py
[2025-01-22T10:09:32.293+0000] {processor.py:914} INFO - Processing file /home/airflow/.local/lib/python3.12/site-packages/airflow/example_dags/tutorial_objectstorage.py for tasks to queue
[2025-01-22T10:09:32.297+0000] {logging_mixin.py:190} INFO - [2025-01-22T10:09:32.297+0000] {dagbag.py:588} INFO - Filling up the DagBag from /home/airflow/.local/lib/python3.12/site-packages/airflow/example_dags/tutorial_objectstorage.py
[2025-01-22T10:09:32.325+0000] {processor.py:925} INFO - DAG(s) 'tutorial_objectstorage' retrieved from /home/airflow/.local/lib/python3.12/site-packages/airflow/example_dags/tutorial_objectstorage.py
[2025-01-22T10:09:32.476+0000] {logging_mixin.py:190} INFO - [2025-01-22T10:09:32.475+0000] {override.py:1911} INFO - Created Permission View: can edit on DAG:tutorial_objectstorage
[2025-01-22T10:09:32.489+0000] {logging_mixin.py:190} INFO - [2025-01-22T10:09:32.489+0000] {override.py:1911} INFO - Created Permission View: can delete on DAG:tutorial_objectstorage
[2025-01-22T10:09:32.498+0000] {logging_mixin.py:190} INFO - [2025-01-22T10:09:32.498+0000] {override.py:1911} INFO - Created Permission View: can read on DAG:tutorial_objectstorage
[2025-01-22T10:09:32.506+0000] {logging_mixin.py:190} INFO - [2025-01-22T10:09:32.506+0000] {override.py:1911} INFO - Created Permission View: can create on DAG Run:tutorial_objectstorage
[2025-01-22T10:09:32.513+0000] {logging_mixin.py:190} INFO - [2025-01-22T10:09:32.512+0000] {override.py:1911} INFO - Created Permission View: can delete on DAG Run:tutorial_objectstorage
[2025-01-22T10:09:32.524+0000] {logging_mixin.py:190} INFO - [2025-01-22T10:09:32.523+0000] {override.py:1911} INFO - Created Permission View: menu access on DAG Run:tutorial_objectstorage
[2025-01-22T10:09:32.534+0000] {logging_mixin.py:190} INFO - [2025-01-22T10:09:32.534+0000] {override.py:1911} INFO - Created Permission View: can read on DAG Run:tutorial_objectstorage
[2025-01-22T10:09:32.534+0000] {logging_mixin.py:190} INFO - [2025-01-22T10:09:32.534+0000] {dag.py:3239} INFO - Sync 1 DAGs
[2025-01-22T10:09:32.575+0000] {logging_mixin.py:190} INFO - [2025-01-22T10:09:32.574+0000] {dag.py:3262} INFO - Creating ORM DAG for tutorial_objectstorage
[2025-01-22T10:09:32.576+0000] {logging_mixin.py:190} INFO - [2025-01-22T10:09:32.576+0000] {dag.py:4180} INFO - Setting next_dagrun for tutorial_objectstorage to None, run_after=None
[2025-01-22T10:09:32.609+0000] {processor.py:208} INFO - Processing /home/airflow/.local/lib/python3.12/site-packages/airflow/example_dags/tutorial_objectstorage.py took 0.326 seconds
[2025-01-22T10:10:03.481+0000] {processor.py:186} INFO - Started process (PID=548) to work on /home/airflow/.local/lib/python3.12/site-packages/airflow/example_dags/tutorial_objectstorage.py
[2025-01-22T10:10:03.482+0000] {processor.py:914} INFO - Processing file /home/airflow/.local/lib/python3.12/site-packages/airflow/example_dags/tutorial_objectstorage.py for tasks to queue
[2025-01-22T10:10:03.486+0000] {logging_mixin.py:190} INFO - [2025-01-22T10:10:03.485+0000] {dagbag.py:588} INFO - Filling up the DagBag from /home/airflow/.local/lib/python3.12/site-packages/airflow/example_dags/tutorial_objectstorage.py
[2025-01-22T10:10:03.500+0000] {processor.py:925} INFO - DAG(s) 'tutorial_objectstorage' retrieved from /home/airflow/.local/lib/python3.12/site-packages/airflow/example_dags/tutorial_objectstorage.py
[2025-01-22T10:10:03.526+0000] {logging_mixin.py:190} INFO - [2025-01-22T10:10:03.526+0000] {dag.py:3239} INFO - Sync 1 DAGs
[2025-01-22T10:10:03.546+0000] {logging_mixin.py:190} INFO - [2025-01-22T10:10:03.545+0000] {dag.py:4180} INFO - Setting next_dagrun for tutorial_objectstorage to None, run_after=None
[2025-01-22T10:10:03.571+0000] {processor.py:208} INFO - Processing /home/airflow/.local/lib/python3.12/site-packages/airflow/example_dags/tutorial_objectstorage.py took 0.100 seconds
