[2025-01-22T10:09:40.827+0000] {processor.py:186} INFO - Started process (PID=434) to work on /home/airflow/.local/lib/python3.12/site-packages/airflow/example_dags/tutorial_taskflow_api_virtualenv.py
[2025-01-22T10:09:40.828+0000] {processor.py:914} INFO - Processing file /home/airflow/.local/lib/python3.12/site-packages/airflow/example_dags/tutorial_taskflow_api_virtualenv.py for tasks to queue
[2025-01-22T10:09:40.830+0000] {logging_mixin.py:190} INFO - [2025-01-22T10:09:40.830+0000] {dagbag.py:588} INFO - Filling up the DagBag from /home/airflow/.local/lib/python3.12/site-packages/airflow/example_dags/tutorial_taskflow_api_virtualenv.py
[2025-01-22T10:09:40.843+0000] {processor.py:925} INFO - DAG(s) 'tutorial_taskflow_api_virtualenv' retrieved from /home/airflow/.local/lib/python3.12/site-packages/airflow/example_dags/tutorial_taskflow_api_virtualenv.py
[2025-01-22T10:09:40.969+0000] {logging_mixin.py:190} INFO - [2025-01-22T10:09:40.969+0000] {override.py:1911} INFO - Created Permission View: can edit on DAG:tutorial_taskflow_api_virtualenv
[2025-01-22T10:09:40.980+0000] {logging_mixin.py:190} INFO - [2025-01-22T10:09:40.980+0000] {override.py:1911} INFO - Created Permission View: can delete on DAG:tutorial_taskflow_api_virtualenv
[2025-01-22T10:09:40.988+0000] {logging_mixin.py:190} INFO - [2025-01-22T10:09:40.987+0000] {override.py:1911} INFO - Created Permission View: can read on DAG:tutorial_taskflow_api_virtualenv
[2025-01-22T10:09:40.996+0000] {logging_mixin.py:190} INFO - [2025-01-22T10:09:40.995+0000] {override.py:1911} INFO - Created Permission View: can create on DAG Run:tutorial_taskflow_api_virtualenv
[2025-01-22T10:09:41.006+0000] {logging_mixin.py:190} INFO - [2025-01-22T10:09:41.005+0000] {override.py:1911} INFO - Created Permission View: can delete on DAG Run:tutorial_taskflow_api_virtualenv
[2025-01-22T10:09:41.014+0000] {logging_mixin.py:190} INFO - [2025-01-22T10:09:41.013+0000] {override.py:1911} INFO - Created Permission View: menu access on DAG Run:tutorial_taskflow_api_virtualenv
[2025-01-22T10:09:41.021+0000] {logging_mixin.py:190} INFO - [2025-01-22T10:09:41.020+0000] {override.py:1911} INFO - Created Permission View: can read on DAG Run:tutorial_taskflow_api_virtualenv
[2025-01-22T10:09:41.021+0000] {logging_mixin.py:190} INFO - [2025-01-22T10:09:41.021+0000] {dag.py:3239} INFO - Sync 1 DAGs
[2025-01-22T10:09:41.040+0000] {logging_mixin.py:190} INFO - [2025-01-22T10:09:41.039+0000] {dag.py:3262} INFO - Creating ORM DAG for tutorial_taskflow_api_virtualenv
[2025-01-22T10:09:41.040+0000] {logging_mixin.py:190} INFO - [2025-01-22T10:09:41.040+0000] {dag.py:4180} INFO - Setting next_dagrun for tutorial_taskflow_api_virtualenv to None, run_after=None
[2025-01-22T10:09:41.062+0000] {processor.py:208} INFO - Processing /home/airflow/.local/lib/python3.12/site-packages/airflow/example_dags/tutorial_taskflow_api_virtualenv.py took 0.244 seconds
[2025-01-22T10:10:11.195+0000] {processor.py:186} INFO - Started process (PID=735) to work on /home/airflow/.local/lib/python3.12/site-packages/airflow/example_dags/tutorial_taskflow_api_virtualenv.py
[2025-01-22T10:10:11.196+0000] {processor.py:914} INFO - Processing file /home/airflow/.local/lib/python3.12/site-packages/airflow/example_dags/tutorial_taskflow_api_virtualenv.py for tasks to queue
[2025-01-22T10:10:11.199+0000] {logging_mixin.py:190} INFO - [2025-01-22T10:10:11.199+0000] {dagbag.py:588} INFO - Filling up the DagBag from /home/airflow/.local/lib/python3.12/site-packages/airflow/example_dags/tutorial_taskflow_api_virtualenv.py
[2025-01-22T10:10:11.215+0000] {processor.py:925} INFO - DAG(s) 'tutorial_taskflow_api_virtualenv' retrieved from /home/airflow/.local/lib/python3.12/site-packages/airflow/example_dags/tutorial_taskflow_api_virtualenv.py
[2025-01-22T10:10:11.240+0000] {logging_mixin.py:190} INFO - [2025-01-22T10:10:11.240+0000] {dag.py:3239} INFO - Sync 1 DAGs
[2025-01-22T10:10:11.259+0000] {logging_mixin.py:190} INFO - [2025-01-22T10:10:11.259+0000] {dag.py:4180} INFO - Setting next_dagrun for tutorial_taskflow_api_virtualenv to None, run_after=None
[2025-01-22T10:10:11.282+0000] {processor.py:208} INFO - Processing /home/airflow/.local/lib/python3.12/site-packages/airflow/example_dags/tutorial_taskflow_api_virtualenv.py took 0.096 seconds
