[2025-02-02T15:49:24.456+0000] {local_task_job_runner.py:123} INFO - ::group::Pre task execution logs
[2025-02-02T15:49:24.471+0000] {taskinstance.py:2613} INFO - Dependencies all met for dep_context=non-requeueable deps ti=<TaskInstance: forecasting_by_hour_v8.run_forecasting manual__2025-02-02T15:49:22.381485+00:00 [queued]>
[2025-02-02T15:49:24.477+0000] {taskinstance.py:2613} INFO - Dependencies all met for dep_context=requeueable deps ti=<TaskInstance: forecasting_by_hour_v8.run_forecasting manual__2025-02-02T15:49:22.381485+00:00 [queued]>
[2025-02-02T15:49:24.478+0000] {taskinstance.py:2866} INFO - Starting attempt 1 of 2
[2025-02-02T15:49:24.490+0000] {taskinstance.py:2889} INFO - Executing <Task(PythonOperator): run_forecasting> on 2025-02-02 15:49:22.381485+00:00
[2025-02-02T15:49:24.508+0000] {logging_mixin.py:190} WARNING - /home/***/.local/lib/python3.12/site-packages/***/task/task_runner/standard_task_runner.py:70 DeprecationWarning: This process (pid=1046) is multi-threaded, use of fork() may lead to deadlocks in the child.
[2025-02-02T15:49:24.506+0000] {standard_task_runner.py:104} INFO - Running: ['***', 'tasks', 'run', 'forecasting_by_hour_v8', 'run_forecasting', 'manual__2025-02-02T15:49:22.381485+00:00', '--job-id', '154', '--raw', '--subdir', 'DAGS_FOLDER/forecasting_by_hour.py', '--cfg-path', '/tmp/tmp7tfc62cs']
[2025-02-02T15:49:24.509+0000] {standard_task_runner.py:105} INFO - Job 154: Subtask run_forecasting
[2025-02-02T15:49:24.509+0000] {standard_task_runner.py:72} INFO - Started process 1049 to run task
[2025-02-02T15:49:24.555+0000] {task_command.py:467} INFO - Running <TaskInstance: forecasting_by_hour_v8.run_forecasting manual__2025-02-02T15:49:22.381485+00:00 [running]> on host a0bc887b90c4
[2025-02-02T15:49:24.627+0000] {taskinstance.py:3132} INFO - Exporting env vars: AIRFLOW_CTX_DAG_OWNER='***' AIRFLOW_CTX_DAG_ID='forecasting_by_hour_v8' AIRFLOW_CTX_TASK_ID='run_forecasting' AIRFLOW_CTX_EXECUTION_DATE='2025-02-02T15:49:22.381485+00:00' AIRFLOW_CTX_TRY_NUMBER='1' AIRFLOW_CTX_DAG_RUN_ID='manual__2025-02-02T15:49:22.381485+00:00'
[2025-02-02T15:49:24.628+0000] {taskinstance.py:731} INFO - ::endgroup::
[2025-02-02T15:49:29.400+0000] {logging_mixin.py:190} INFO - Données chargées depuis MongoDB :
[2025-02-02T15:49:29.414+0000] {logging_mixin.py:190} INFO -             CO          T  ...           timestamp  station_id
0     0.000000  28.193335  ... 2024-01-29 02:00:00   283164601
8524  0.002873  27.800001  ... 2024-01-29 02:00:00   283181971
8525  0.259503  27.550001  ... 2024-01-29 03:00:00   283181971
1     0.000000  27.866667  ... 2024-01-29 03:00:00   283164601
8526  0.069233  27.366667  ... 2024-01-29 04:00:00   283181971

[5 rows x 11 columns]
[2025-02-02T15:49:29.415+0000] {logging_mixin.py:190} INFO - Colonnes disponibles : ['CO', 'T', 'T. int.', 'NO2', 'O3', 'PM10', 'PM2.5', 'RH', 'date_extraction', 'timestamp', 'station_id']
[2025-02-02T15:49:29.415+0000] {logging_mixin.py:190} INFO - Variables à prévoir : ['CO', 'T', 'T. int.', 'NO2', 'O3', 'PM10', 'PM2.5', 'RH']
[2025-02-02T15:49:29.415+0000] {logging_mixin.py:190} INFO - 
Prévision pour la variable CO:
[2025-02-02T15:49:29.455+0000] {forecaster.py:961} INFO - Disabling yearly seasonality. Run prophet with yearly_seasonality=True to override this.
[2025-02-02T15:49:29.496+0000] {filesystem.py:118} DEBUG - input tempfile: /tmp/tmpbke235t3/39q095dq.json
[2025-02-02T15:49:29.955+0000] {filesystem.py:118} DEBUG - input tempfile: /tmp/tmpbke235t3/fdcrh9rk.json
[2025-02-02T15:49:29.960+0000] {model.py:2042} DEBUG - idx 0
[2025-02-02T15:49:29.961+0000] {model.py:2043} DEBUG - running CmdStan, num_threads: None
[2025-02-02T15:49:29.961+0000] {model.py:2055} DEBUG - CmdStan args: ['/home/***/.local/lib/python3.12/site-packages/prophet/stan_model/prophet_model.bin', 'random', 'seed=42525', 'data', 'file=/tmp/tmpbke235t3/39q095dq.json', 'init=/tmp/tmpbke235t3/fdcrh9rk.json', 'output', 'file=/tmp/tmpbke235t3/prophet_modelzodz9c49/prophet_model-20250202154929.csv', 'method=optimize', 'algorithm=lbfgs', 'iter=10000']
[2025-02-02T15:49:29.961+0000] {logging_mixin.py:190} WARNING - 15:49:29 - cmdstanpy - INFO - Chain [1] start processing
[2025-02-02T15:49:29.961+0000] {model.py:2058} INFO - Chain [1] start processing
[2025-02-02T15:49:34.948+0000] {logging_mixin.py:190} WARNING - 15:49:34 - cmdstanpy - INFO - Chain [1] done processing
[2025-02-02T15:49:34.947+0000] {model.py:2115} INFO - Chain [1] done processing
[2025-02-02T15:49:36.315+0000] {logging_mixin.py:190} INFO -                next_hour      pred  pred_lower  pred_upper
8673 2025-01-28 02:00:00  0.023390   -0.121461    0.169607
8674 2025-01-28 03:00:00  0.014706   -0.131741    0.162836
[2025-02-02T15:49:36.316+0000] {logging_mixin.py:190} INFO - 
Prévision pour la variable T:
[2025-02-02T15:49:36.334+0000] {forecaster.py:961} INFO - Disabling yearly seasonality. Run prophet with yearly_seasonality=True to override this.
[2025-02-02T15:49:36.355+0000] {filesystem.py:118} DEBUG - input tempfile: /tmp/tmpbke235t3/2_ji1hyy.json
[2025-02-02T15:49:36.989+0000] {filesystem.py:118} DEBUG - input tempfile: /tmp/tmpbke235t3/3z58bwsu.json
[2025-02-02T15:49:36.990+0000] {model.py:2042} DEBUG - idx 0
[2025-02-02T15:49:36.991+0000] {model.py:2043} DEBUG - running CmdStan, num_threads: None
[2025-02-02T15:49:36.991+0000] {model.py:2055} DEBUG - CmdStan args: ['/home/***/.local/lib/python3.12/site-packages/prophet/stan_model/prophet_model.bin', 'random', 'seed=37247', 'data', 'file=/tmp/tmpbke235t3/2_ji1hyy.json', 'init=/tmp/tmpbke235t3/3z58bwsu.json', 'output', 'file=/tmp/tmpbke235t3/prophet_modeluubni_r0/prophet_model-20250202154936.csv', 'method=optimize', 'algorithm=lbfgs', 'iter=10000']
[2025-02-02T15:49:36.991+0000] {logging_mixin.py:190} WARNING - 15:49:36 - cmdstanpy - INFO - Chain [1] start processing
[2025-02-02T15:49:36.991+0000] {model.py:2058} INFO - Chain [1] start processing
[2025-02-02T15:49:44.179+0000] {logging_mixin.py:190} WARNING - 15:49:44 - cmdstanpy - INFO - Chain [1] done processing
[2025-02-02T15:49:44.178+0000] {model.py:2115} INFO - Chain [1] done processing
[2025-02-02T15:49:46.367+0000] {logging_mixin.py:190} INFO -                next_hour       pred  pred_lower  pred_upper
8673 2025-01-28 02:00:00  28.694206   27.028137   30.151867
8674 2025-01-28 03:00:00  28.545568   27.063172   30.067479
[2025-02-02T15:49:46.368+0000] {logging_mixin.py:190} INFO - 
Prévision pour la variable T. int.:
[2025-02-02T15:49:46.389+0000] {forecaster.py:961} INFO - Disabling yearly seasonality. Run prophet with yearly_seasonality=True to override this.
[2025-02-02T15:49:46.413+0000] {filesystem.py:118} DEBUG - input tempfile: /tmp/tmpbke235t3/6tbsxdbw.json
[2025-02-02T15:49:46.883+0000] {filesystem.py:118} DEBUG - input tempfile: /tmp/tmpbke235t3/0li09298.json
[2025-02-02T15:49:46.884+0000] {model.py:2042} DEBUG - idx 0
[2025-02-02T15:49:46.885+0000] {model.py:2043} DEBUG - running CmdStan, num_threads: None
[2025-02-02T15:49:46.885+0000] {model.py:2055} DEBUG - CmdStan args: ['/home/***/.local/lib/python3.12/site-packages/prophet/stan_model/prophet_model.bin', 'random', 'seed=29975', 'data', 'file=/tmp/tmpbke235t3/6tbsxdbw.json', 'init=/tmp/tmpbke235t3/0li09298.json', 'output', 'file=/tmp/tmpbke235t3/prophet_model4pzvgj6j/prophet_model-20250202154946.csv', 'method=optimize', 'algorithm=lbfgs', 'iter=10000']
[2025-02-02T15:49:46.885+0000] {logging_mixin.py:190} WARNING - 15:49:46 - cmdstanpy - INFO - Chain [1] start processing
[2025-02-02T15:49:46.885+0000] {model.py:2058} INFO - Chain [1] start processing
[2025-02-02T15:49:54.438+0000] {logging_mixin.py:190} WARNING - 15:49:54 - cmdstanpy - INFO - Chain [1] done processing
[2025-02-02T15:49:54.438+0000] {model.py:2115} INFO - Chain [1] done processing
[2025-02-02T15:49:55.952+0000] {logging_mixin.py:190} INFO -                next_hour        pred  pred_lower  pred_upper
8673 2025-01-28 02:00:00  398.917950  376.711812  421.098572
8674 2025-01-28 03:00:00  397.535402  375.091948  421.365080
[2025-02-02T15:49:55.953+0000] {logging_mixin.py:190} INFO - 
Prévision pour la variable NO2:
[2025-02-02T15:49:55.970+0000] {forecaster.py:961} INFO - Disabling yearly seasonality. Run prophet with yearly_seasonality=True to override this.
[2025-02-02T15:49:55.991+0000] {filesystem.py:118} DEBUG - input tempfile: /tmp/tmpbke235t3/fvum9ehm.json
[2025-02-02T15:49:56.422+0000] {filesystem.py:118} DEBUG - input tempfile: /tmp/tmpbke235t3/ulf522mc.json
[2025-02-02T15:49:56.423+0000] {model.py:2042} DEBUG - idx 0
[2025-02-02T15:49:56.423+0000] {model.py:2043} DEBUG - running CmdStan, num_threads: None
[2025-02-02T15:49:56.424+0000] {model.py:2055} DEBUG - CmdStan args: ['/home/***/.local/lib/python3.12/site-packages/prophet/stan_model/prophet_model.bin', 'random', 'seed=64383', 'data', 'file=/tmp/tmpbke235t3/fvum9ehm.json', 'init=/tmp/tmpbke235t3/ulf522mc.json', 'output', 'file=/tmp/tmpbke235t3/prophet_model41_4sgcj/prophet_model-20250202154956.csv', 'method=optimize', 'algorithm=lbfgs', 'iter=10000']
[2025-02-02T15:49:56.424+0000] {logging_mixin.py:190} WARNING - 15:49:56 - cmdstanpy - INFO - Chain [1] start processing
[2025-02-02T15:49:56.424+0000] {model.py:2058} INFO - Chain [1] start processing
[2025-02-02T15:50:03.253+0000] {logging_mixin.py:190} WARNING - 15:50:03 - cmdstanpy - INFO - Chain [1] done processing
[2025-02-02T15:50:03.253+0000] {model.py:2115} INFO - Chain [1] done processing
[2025-02-02T15:50:04.752+0000] {logging_mixin.py:190} INFO -                next_hour       pred  pred_lower  pred_upper
8673 2025-01-28 02:00:00  19.512146   18.389610   20.672358
8674 2025-01-28 03:00:00  19.512899   18.347866   20.645180
[2025-02-02T15:50:04.752+0000] {logging_mixin.py:190} INFO - 
Prévision pour la variable O3:
[2025-02-02T15:50:04.770+0000] {forecaster.py:961} INFO - Disabling yearly seasonality. Run prophet with yearly_seasonality=True to override this.
[2025-02-02T15:50:04.792+0000] {filesystem.py:118} DEBUG - input tempfile: /tmp/tmpbke235t3/b_kexp3l.json
[2025-02-02T15:50:05.271+0000] {filesystem.py:118} DEBUG - input tempfile: /tmp/tmpbke235t3/1qlh93e4.json
[2025-02-02T15:50:05.273+0000] {model.py:2042} DEBUG - idx 0
[2025-02-02T15:50:05.273+0000] {model.py:2043} DEBUG - running CmdStan, num_threads: None
[2025-02-02T15:50:05.273+0000] {model.py:2055} DEBUG - CmdStan args: ['/home/***/.local/lib/python3.12/site-packages/prophet/stan_model/prophet_model.bin', 'random', 'seed=83698', 'data', 'file=/tmp/tmpbke235t3/b_kexp3l.json', 'init=/tmp/tmpbke235t3/1qlh93e4.json', 'output', 'file=/tmp/tmpbke235t3/prophet_modeljzx_a70q/prophet_model-20250202155005.csv', 'method=optimize', 'algorithm=lbfgs', 'iter=10000']
[2025-02-02T15:50:05.274+0000] {logging_mixin.py:190} WARNING - 15:50:05 - cmdstanpy - INFO - Chain [1] start processing
[2025-02-02T15:50:05.273+0000] {model.py:2058} INFO - Chain [1] start processing
[2025-02-02T15:50:09.820+0000] {logging_mixin.py:190} WARNING - 15:50:09 - cmdstanpy - INFO - Chain [1] done processing
[2025-02-02T15:50:09.820+0000] {model.py:2115} INFO - Chain [1] done processing
[2025-02-02T15:50:11.347+0000] {logging_mixin.py:190} INFO -                next_hour       pred  pred_lower  pred_upper
8673 2025-01-28 02:00:00  27.215938   21.776916   33.168923
8674 2025-01-28 03:00:00  27.122204   21.443417   32.287664
[2025-02-02T15:50:11.348+0000] {logging_mixin.py:190} INFO - 
Prévision pour la variable PM10:
[2025-02-02T15:50:11.365+0000] {forecaster.py:961} INFO - Disabling yearly seasonality. Run prophet with yearly_seasonality=True to override this.
[2025-02-02T15:50:11.383+0000] {filesystem.py:118} DEBUG - input tempfile: /tmp/tmpbke235t3/w01_8zpk.json
[2025-02-02T15:50:11.862+0000] {filesystem.py:118} DEBUG - input tempfile: /tmp/tmpbke235t3/cjbcbegt.json
[2025-02-02T15:50:11.864+0000] {model.py:2042} DEBUG - idx 0
[2025-02-02T15:50:11.865+0000] {model.py:2043} DEBUG - running CmdStan, num_threads: None
[2025-02-02T15:50:11.865+0000] {model.py:2055} DEBUG - CmdStan args: ['/home/***/.local/lib/python3.12/site-packages/prophet/stan_model/prophet_model.bin', 'random', 'seed=22564', 'data', 'file=/tmp/tmpbke235t3/w01_8zpk.json', 'init=/tmp/tmpbke235t3/cjbcbegt.json', 'output', 'file=/tmp/tmpbke235t3/prophet_modelahzbxpj0/prophet_model-20250202155011.csv', 'method=optimize', 'algorithm=lbfgs', 'iter=10000']
[2025-02-02T15:50:11.865+0000] {logging_mixin.py:190} WARNING - 15:50:11 - cmdstanpy - INFO - Chain [1] start processing
[2025-02-02T15:50:11.865+0000] {model.py:2058} INFO - Chain [1] start processing
[2025-02-02T15:50:17.030+0000] {logging_mixin.py:190} WARNING - 15:50:17 - cmdstanpy - INFO - Chain [1] done processing
[2025-02-02T15:50:17.030+0000] {model.py:2115} INFO - Chain [1] done processing
[2025-02-02T15:50:18.424+0000] {logging_mixin.py:190} INFO -                next_hour       pred  pred_lower  pred_upper
8673 2025-01-28 02:00:00  31.017497   10.843552   51.939575
8674 2025-01-28 03:00:00  30.274211    9.764030   51.294498
[2025-02-02T15:50:18.424+0000] {logging_mixin.py:190} INFO - 
Prévision pour la variable PM2.5:
[2025-02-02T15:50:18.442+0000] {forecaster.py:961} INFO - Disabling yearly seasonality. Run prophet with yearly_seasonality=True to override this.
[2025-02-02T15:50:18.463+0000] {filesystem.py:118} DEBUG - input tempfile: /tmp/tmpbke235t3/webutawp.json
[2025-02-02T15:50:18.941+0000] {filesystem.py:118} DEBUG - input tempfile: /tmp/tmpbke235t3/wxnkp5s2.json
[2025-02-02T15:50:18.942+0000] {model.py:2042} DEBUG - idx 0
[2025-02-02T15:50:18.943+0000] {model.py:2043} DEBUG - running CmdStan, num_threads: None
[2025-02-02T15:50:18.943+0000] {model.py:2055} DEBUG - CmdStan args: ['/home/***/.local/lib/python3.12/site-packages/prophet/stan_model/prophet_model.bin', 'random', 'seed=3993', 'data', 'file=/tmp/tmpbke235t3/webutawp.json', 'init=/tmp/tmpbke235t3/wxnkp5s2.json', 'output', 'file=/tmp/tmpbke235t3/prophet_modelq_3upkdg/prophet_model-20250202155018.csv', 'method=optimize', 'algorithm=lbfgs', 'iter=10000']
[2025-02-02T15:50:18.944+0000] {logging_mixin.py:190} WARNING - 15:50:18 - cmdstanpy - INFO - Chain [1] start processing
[2025-02-02T15:50:18.944+0000] {model.py:2058} INFO - Chain [1] start processing
[2025-02-02T15:50:24.927+0000] {logging_mixin.py:190} WARNING - 15:50:24 - cmdstanpy - INFO - Chain [1] done processing
[2025-02-02T15:50:24.927+0000] {model.py:2115} INFO - Chain [1] done processing
[2025-02-02T15:50:26.409+0000] {logging_mixin.py:190} INFO -                next_hour       pred  pred_lower  pred_upper
8673 2025-01-28 02:00:00  12.614221    4.421377   21.110420
8674 2025-01-28 03:00:00  12.501898    4.835667   19.641612
[2025-02-02T15:50:26.410+0000] {logging_mixin.py:190} INFO - 
Prévision pour la variable RH:
[2025-02-02T15:50:26.426+0000] {forecaster.py:961} INFO - Disabling yearly seasonality. Run prophet with yearly_seasonality=True to override this.
[2025-02-02T15:50:26.444+0000] {filesystem.py:118} DEBUG - input tempfile: /tmp/tmpbke235t3/jsag4ow3.json
[2025-02-02T15:50:26.877+0000] {filesystem.py:118} DEBUG - input tempfile: /tmp/tmpbke235t3/1r_1tbsl.json
[2025-02-02T15:50:26.879+0000] {model.py:2042} DEBUG - idx 0
[2025-02-02T15:50:26.879+0000] {model.py:2043} DEBUG - running CmdStan, num_threads: None
[2025-02-02T15:50:26.879+0000] {model.py:2055} DEBUG - CmdStan args: ['/home/***/.local/lib/python3.12/site-packages/prophet/stan_model/prophet_model.bin', 'random', 'seed=57823', 'data', 'file=/tmp/tmpbke235t3/jsag4ow3.json', 'init=/tmp/tmpbke235t3/1r_1tbsl.json', 'output', 'file=/tmp/tmpbke235t3/prophet_modelkm0pe7xw/prophet_model-20250202155026.csv', 'method=optimize', 'algorithm=lbfgs', 'iter=10000']
[2025-02-02T15:50:26.879+0000] {logging_mixin.py:190} WARNING - 15:50:26 - cmdstanpy - INFO - Chain [1] start processing
[2025-02-02T15:50:26.879+0000] {model.py:2058} INFO - Chain [1] start processing
[2025-02-02T15:50:30.818+0000] {logging_mixin.py:190} WARNING - 15:50:30 - cmdstanpy - INFO - Chain [1] done processing
[2025-02-02T15:50:30.817+0000] {model.py:2115} INFO - Chain [1] done processing
[2025-02-02T15:50:32.476+0000] {logging_mixin.py:190} INFO -                next_hour       pred  pred_lower  pred_upper
8543 2025-01-28 02:00:00  85.332699   77.548736   92.603935
8544 2025-01-28 03:00:00  85.886604   78.134827   92.970022
[2025-02-02T15:50:32.481+0000] {logging_mixin.py:190} INFO - Les prévisions ont été enregistrées dans : /opt/***/dags/ml/predictions.txt
[2025-02-02T15:50:32.485+0000] {python.py:240} INFO - Done. Returned value was: None
[2025-02-02T15:50:32.495+0000] {taskinstance.py:340} INFO - ::group::Post task execution logs
[2025-02-02T15:50:32.496+0000] {taskinstance.py:352} INFO - Marking task as SUCCESS. dag_id=forecasting_by_hour_v8, task_id=run_forecasting, run_id=manual__2025-02-02T15:49:22.381485+00:00, execution_date=20250202T154922, start_date=20250202T154924, end_date=20250202T155032
[2025-02-02T15:50:32.531+0000] {local_task_job_runner.py:266} INFO - Task exited with return code 0
[2025-02-02T15:50:32.544+0000] {taskinstance.py:3895} INFO - 0 downstream tasks scheduled from follow-on schedule check
[2025-02-02T15:50:32.546+0000] {local_task_job_runner.py:245} INFO - ::endgroup::
