[2025-01-27T09:30:00.958+0000] {local_task_job_runner.py:123} INFO - ::group::Pre task execution logs
[2025-01-27T09:30:00.969+0000] {taskinstance.py:2613} INFO - Dependencies all met for dep_context=non-requeueable deps ti=<TaskInstance: daily_pollutant_averages_v2.calculate_daily_averages scheduled__2025-01-27T09:25:00+00:00 [queued]>
[2025-01-27T09:30:00.974+0000] {taskinstance.py:2613} INFO - Dependencies all met for dep_context=requeueable deps ti=<TaskInstance: daily_pollutant_averages_v2.calculate_daily_averages scheduled__2025-01-27T09:25:00+00:00 [queued]>
[2025-01-27T09:30:00.974+0000] {taskinstance.py:2866} INFO - Starting attempt 1 of 2
[2025-01-27T09:30:00.983+0000] {taskinstance.py:2889} INFO - Executing <Task(PythonOperator): calculate_daily_averages> on 2025-01-27 09:25:00+00:00
[2025-01-27T09:30:00.991+0000] {standard_task_runner.py:104} INFO - Running: ['***', 'tasks', 'run', 'daily_pollutant_averages_v2', 'calculate_daily_averages', 'scheduled__2025-01-27T09:25:00+00:00', '--job-id', '62', '--raw', '--subdir', 'DAGS_FOLDER/calcul_avg_polluant_by_day.py', '--cfg-path', '/tmp/tmp1twnre8i']
[2025-01-27T09:30:00.993+0000] {standard_task_runner.py:105} INFO - Job 62: Subtask calculate_daily_averages
[2025-01-27T09:30:00.996+0000] {logging_mixin.py:190} WARNING - /home/***/.local/lib/python3.12/site-packages/***/task/task_runner/standard_task_runner.py:70 DeprecationWarning: This process (pid=1001) is multi-threaded, use of fork() may lead to deadlocks in the child.
[2025-01-27T09:30:00.997+0000] {standard_task_runner.py:72} INFO - Started process 1005 to run task
[2025-01-27T09:30:01.038+0000] {task_command.py:467} INFO - Running <TaskInstance: daily_pollutant_averages_v2.calculate_daily_averages scheduled__2025-01-27T09:25:00+00:00 [running]> on host 2bb745b4ce9d
[2025-01-27T09:30:01.127+0000] {taskinstance.py:3132} INFO - Exporting env vars: AIRFLOW_CTX_DAG_OWNER='***' AIRFLOW_CTX_DAG_ID='daily_pollutant_averages_v2' AIRFLOW_CTX_TASK_ID='calculate_daily_averages' AIRFLOW_CTX_EXECUTION_DATE='2025-01-27T09:25:00+00:00' AIRFLOW_CTX_TRY_NUMBER='1' AIRFLOW_CTX_DAG_RUN_ID='scheduled__2025-01-27T09:25:00+00:00'
[2025-01-27T09:30:01.128+0000] {taskinstance.py:731} INFO - ::endgroup::
[2025-01-27T09:30:01.150+0000] {logging_mixin.py:190} INFO - Traitement des données pour la station 283164601...
[2025-01-27T09:30:01.155+0000] {logging_mixin.py:190} INFO - Aucune donnée trouvée pour la station 283164601.
[2025-01-27T09:30:01.156+0000] {logging_mixin.py:190} INFO - Traitement des données pour la station 283181971...
[2025-01-27T09:30:01.156+0000] {logging_mixin.py:190} INFO - Aucune donnée trouvée pour la station 283181971.
[2025-01-27T09:30:01.157+0000] {python.py:240} INFO - Done. Returned value was: None
[2025-01-27T09:30:01.167+0000] {taskinstance.py:340} INFO - ::group::Post task execution logs
[2025-01-27T09:30:01.167+0000] {taskinstance.py:352} INFO - Marking task as SUCCESS. dag_id=daily_pollutant_averages_v2, task_id=calculate_daily_averages, run_id=scheduled__2025-01-27T09:25:00+00:00, execution_date=20250127T092500, start_date=20250127T093000, end_date=20250127T093001
[2025-01-27T09:30:01.215+0000] {local_task_job_runner.py:266} INFO - Task exited with return code 0
[2025-01-27T09:30:01.244+0000] {taskinstance.py:3895} INFO - 0 downstream tasks scheduled from follow-on schedule check
[2025-01-27T09:30:01.251+0000] {local_task_job_runner.py:245} INFO - ::endgroup::
