[2025-02-02T12:00:01.466+0000] {local_task_job_runner.py:123} INFO - ::group::Pre task execution logs
[2025-02-02T12:00:01.480+0000] {taskinstance.py:2613} INFO - Dependencies all met for dep_context=non-requeueable deps ti=<TaskInstance: extraction_by_hour_dag_v15.extract_and_load_to_mongodb_station_2 scheduled__2025-02-02T11:00:00+00:00 [queued]>
[2025-02-02T12:00:01.488+0000] {taskinstance.py:2613} INFO - Dependencies all met for dep_context=requeueable deps ti=<TaskInstance: extraction_by_hour_dag_v15.extract_and_load_to_mongodb_station_2 scheduled__2025-02-02T11:00:00+00:00 [queued]>
[2025-02-02T12:00:01.488+0000] {taskinstance.py:2866} INFO - Starting attempt 1 of 2
[2025-02-02T12:00:01.499+0000] {taskinstance.py:2889} INFO - Executing <Task(PythonOperator): extract_and_load_to_mongodb_station_2> on 2025-02-02 11:00:00+00:00
[2025-02-02T12:00:01.507+0000] {standard_task_runner.py:104} INFO - Running: ['***', 'tasks', 'run', 'extraction_by_hour_dag_v15', 'extract_and_load_to_mongodb_station_2', 'scheduled__2025-02-02T11:00:00+00:00', '--job-id', '115', '--raw', '--subdir', 'DAGS_FOLDER/extract_data_by_hour.py', '--cfg-path', '/tmp/tmpu6cjgw_i']
[2025-02-02T12:00:01.510+0000] {standard_task_runner.py:105} INFO - Job 115: Subtask extract_and_load_to_mongodb_station_2
[2025-02-02T12:00:01.518+0000] {logging_mixin.py:190} WARNING - /home/***/.local/lib/python3.12/site-packages/***/task/task_runner/standard_task_runner.py:70 DeprecationWarning: This process (pid=81623) is multi-threaded, use of fork() may lead to deadlocks in the child.
[2025-02-02T12:00:01.519+0000] {standard_task_runner.py:72} INFO - Started process 81629 to run task
[2025-02-02T12:00:01.549+0000] {task_command.py:467} INFO - Running <TaskInstance: extraction_by_hour_dag_v15.extract_and_load_to_mongodb_station_2 scheduled__2025-02-02T11:00:00+00:00 [running]> on host 6f5fd3382d74
[2025-02-02T12:00:01.616+0000] {taskinstance.py:3132} INFO - Exporting env vars: AIRFLOW_CTX_DAG_OWNER='***' AIRFLOW_CTX_DAG_ID='extraction_by_hour_dag_v15' AIRFLOW_CTX_TASK_ID='extract_and_load_to_mongodb_station_2' AIRFLOW_CTX_EXECUTION_DATE='2025-02-02T11:00:00+00:00' AIRFLOW_CTX_TRY_NUMBER='1' AIRFLOW_CTX_DAG_RUN_ID='scheduled__2025-02-02T11:00:00+00:00'
[2025-02-02T12:00:01.617+0000] {taskinstance.py:731} INFO - ::endgroup::
[2025-02-02T12:00:17.717+0000] {logging_mixin.py:190} INFO - Erreur pour la station 283164601 : HTTPSConnectionPool(host='airqino-api.magentalab.it', port=443): Max retries exceeded with url: /v3/getStationHourlyAvg/283164601 (Caused by NameResolutionError("<urllib3.connection.HTTPSConnection object at 0x7fb2a162ac60>: Failed to resolve 'airqino-api.magentalab.it' ([Errno -3] Temporary failure in name resolution)"))
[2025-02-02T12:00:33.723+0000] {logging_mixin.py:190} INFO - Erreur pour la station 283181971 : HTTPSConnectionPool(host='airqino-api.magentalab.it', port=443): Max retries exceeded with url: /v3/getStationHourlyAvg/283181971 (Caused by NameResolutionError("<urllib3.connection.HTTPSConnection object at 0x7fb2a14d4e90>: Failed to resolve 'airqino-api.magentalab.it' ([Errno -3] Temporary failure in name resolution)"))
[2025-02-02T12:00:33.728+0000] {logging_mixin.py:190} INFO - Aucune donnée valide récupérée pour la station 283181971.
[2025-02-02T12:00:33.728+0000] {python.py:240} INFO - Done. Returned value was: None
[2025-02-02T12:00:33.737+0000] {taskinstance.py:340} INFO - ::group::Post task execution logs
[2025-02-02T12:00:33.738+0000] {taskinstance.py:352} INFO - Marking task as SUCCESS. dag_id=extraction_by_hour_dag_v15, task_id=extract_and_load_to_mongodb_station_2, run_id=scheduled__2025-02-02T11:00:00+00:00, execution_date=20250202T110000, start_date=20250202T120001, end_date=20250202T120033
[2025-02-02T12:00:33.931+0000] {local_task_job_runner.py:266} INFO - Task exited with return code 0
[2025-02-02T12:00:33.938+0000] {local_task_job_runner.py:245} INFO - ::endgroup::
