[2025-02-02T10:00:01.037+0000] {local_task_job_runner.py:123} INFO - ::group::Pre task execution logs
[2025-02-02T10:00:01.051+0000] {taskinstance.py:2613} INFO - Dependencies all met for dep_context=non-requeueable deps ti=<TaskInstance: extraction_by_hour_dag_v15.extract_and_load_to_mongodb_station_2 scheduled__2025-02-02T09:00:00+00:00 [queued]>
[2025-02-02T10:00:01.059+0000] {taskinstance.py:2613} INFO - Dependencies all met for dep_context=requeueable deps ti=<TaskInstance: extraction_by_hour_dag_v15.extract_and_load_to_mongodb_station_2 scheduled__2025-02-02T09:00:00+00:00 [queued]>
[2025-02-02T10:00:01.060+0000] {taskinstance.py:2866} INFO - Starting attempt 1 of 2
[2025-02-02T10:00:01.076+0000] {taskinstance.py:2889} INFO - Executing <Task(PythonOperator): extract_and_load_to_mongodb_station_2> on 2025-02-02 09:00:00+00:00
[2025-02-02T10:00:01.084+0000] {standard_task_runner.py:104} INFO - Running: ['***', 'tasks', 'run', 'extraction_by_hour_dag_v15', 'extract_and_load_to_mongodb_station_2', 'scheduled__2025-02-02T09:00:00+00:00', '--job-id', '109', '--raw', '--subdir', 'DAGS_FOLDER/extract_data_by_hour.py', '--cfg-path', '/tmp/tmpodb3sltf']
[2025-02-02T10:00:01.087+0000] {standard_task_runner.py:105} INFO - Job 109: Subtask extract_and_load_to_mongodb_station_2
[2025-02-02T10:00:01.093+0000] {logging_mixin.py:190} WARNING - /home/***/.local/lib/python3.12/site-packages/***/task/task_runner/standard_task_runner.py:70 DeprecationWarning: This process (pid=76424) is multi-threaded, use of fork() may lead to deadlocks in the child.
[2025-02-02T10:00:01.094+0000] {standard_task_runner.py:72} INFO - Started process 76430 to run task
[2025-02-02T10:00:01.144+0000] {task_command.py:467} INFO - Running <TaskInstance: extraction_by_hour_dag_v15.extract_and_load_to_mongodb_station_2 scheduled__2025-02-02T09:00:00+00:00 [running]> on host 6f5fd3382d74
[2025-02-02T10:00:01.226+0000] {taskinstance.py:3132} INFO - Exporting env vars: AIRFLOW_CTX_DAG_OWNER='***' AIRFLOW_CTX_DAG_ID='extraction_by_hour_dag_v15' AIRFLOW_CTX_TASK_ID='extract_and_load_to_mongodb_station_2' AIRFLOW_CTX_EXECUTION_DATE='2025-02-02T09:00:00+00:00' AIRFLOW_CTX_TRY_NUMBER='1' AIRFLOW_CTX_DAG_RUN_ID='scheduled__2025-02-02T09:00:00+00:00'
[2025-02-02T10:00:01.227+0000] {taskinstance.py:731} INFO - ::endgroup::
[2025-02-02T10:00:22.717+0000] {logging_mixin.py:190} INFO - Dernier enregistrement pour la station 283181971 (list1) inséré avec succès dans MongoDB.
[2025-02-02T10:00:22.718+0000] {logging_mixin.py:190} INFO - Erreur lors de l'insertion dans MongoDB : E11000 duplicate key error collection: air_quality.hourly_data index: _id_ dup key: { _id: ObjectId('679f423623f9013f5e258174') }, full error: {'index': 0, 'code': 11000, 'errmsg': "E11000 duplicate key error collection: air_quality.hourly_data index: _id_ dup key: { _id: ObjectId('679f423623f9013f5e258174') }", 'keyPattern': {'_id': 1}, 'keyValue': {'_id': ObjectId('679f423623f9013f5e258174')}}
[2025-02-02T10:00:22.719+0000] {python.py:240} INFO - Done. Returned value was: None
[2025-02-02T10:00:22.731+0000] {taskinstance.py:340} INFO - ::group::Post task execution logs
[2025-02-02T10:00:22.731+0000] {taskinstance.py:352} INFO - Marking task as SUCCESS. dag_id=extraction_by_hour_dag_v15, task_id=extract_and_load_to_mongodb_station_2, run_id=scheduled__2025-02-02T09:00:00+00:00, execution_date=20250202T090000, start_date=20250202T100001, end_date=20250202T100022
[2025-02-02T10:00:22.753+0000] {local_task_job_runner.py:266} INFO - Task exited with return code 0
[2025-02-02T10:00:22.764+0000] {taskinstance.py:3895} INFO - 0 downstream tasks scheduled from follow-on schedule check
[2025-02-02T10:00:22.765+0000] {local_task_job_runner.py:245} INFO - ::endgroup::
