[2025-01-25T15:34:05.138+0000] {local_task_job_runner.py:123} INFO - ::group::Pre task execution logs
[2025-01-25T15:34:05.165+0000] {taskinstance.py:2613} INFO - Dependencies all met for dep_context=non-requeueable deps ti=<TaskInstance: extraction_by_hour_dag_v11.extract_and_load_to_mongodb_station_2 scheduled__2025-01-25T12:35:00+00:00 [queued]>
[2025-01-25T15:34:05.175+0000] {taskinstance.py:2613} INFO - Dependencies all met for dep_context=requeueable deps ti=<TaskInstance: extraction_by_hour_dag_v11.extract_and_load_to_mongodb_station_2 scheduled__2025-01-25T12:35:00+00:00 [queued]>
[2025-01-25T15:34:05.175+0000] {taskinstance.py:2866} INFO - Starting attempt 1 of 2
[2025-01-25T15:34:05.191+0000] {taskinstance.py:2889} INFO - Executing <Task(PythonOperator): extract_and_load_to_mongodb_station_2> on 2025-01-25 12:35:00+00:00
[2025-01-25T15:34:05.201+0000] {standard_task_runner.py:104} INFO - Running: ['***', 'tasks', 'run', 'extraction_by_hour_dag_v11', 'extract_and_load_to_mongodb_station_2', 'scheduled__2025-01-25T12:35:00+00:00', '--job-id', '12', '--raw', '--subdir', 'DAGS_FOLDER/extract_data_by_hour.py', '--cfg-path', '/tmp/tmppx0g6j68']
[2025-01-25T15:34:05.206+0000] {standard_task_runner.py:105} INFO - Job 12: Subtask extract_and_load_to_mongodb_station_2
[2025-01-25T15:34:05.207+0000] {logging_mixin.py:190} WARNING - /home/***/.local/lib/python3.12/site-packages/***/task/task_runner/standard_task_runner.py:70 DeprecationWarning: This process (pid=4915) is multi-threaded, use of fork() may lead to deadlocks in the child.
[2025-01-25T15:34:05.208+0000] {standard_task_runner.py:72} INFO - Started process 4916 to run task
[2025-01-25T15:34:05.250+0000] {task_command.py:467} INFO - Running <TaskInstance: extraction_by_hour_dag_v11.extract_and_load_to_mongodb_station_2 scheduled__2025-01-25T12:35:00+00:00 [running]> on host 64d28392d4c0
[2025-01-25T15:34:05.353+0000] {taskinstance.py:3132} INFO - Exporting env vars: AIRFLOW_CTX_DAG_OWNER='***' AIRFLOW_CTX_DAG_ID='extraction_by_hour_dag_v11' AIRFLOW_CTX_TASK_ID='extract_and_load_to_mongodb_station_2' AIRFLOW_CTX_EXECUTION_DATE='2025-01-25T12:35:00+00:00' AIRFLOW_CTX_TRY_NUMBER='1' AIRFLOW_CTX_DAG_RUN_ID='scheduled__2025-01-25T12:35:00+00:00'
[2025-01-25T15:34:05.354+0000] {taskinstance.py:731} INFO - ::endgroup::
[2025-01-25T15:34:06.155+0000] {local_task_job_runner.py:123} INFO - ::group::Pre task execution logs
[2025-01-25T15:34:06.207+0000] {taskinstance.py:2613} INFO - Dependencies all met for dep_context=non-requeueable deps ti=<TaskInstance: extraction_by_hour_dag_v11.extract_and_load_to_mongodb_station_2 scheduled__2025-01-25T12:35:00+00:00 [queued]>
[2025-01-25T15:34:06.219+0000] {taskinstance.py:2613} INFO - Dependencies all met for dep_context=requeueable deps ti=<TaskInstance: extraction_by_hour_dag_v11.extract_and_load_to_mongodb_station_2 scheduled__2025-01-25T12:35:00+00:00 [queued]>
[2025-01-25T15:34:06.220+0000] {taskinstance.py:2866} INFO - Starting attempt 1 of 2
[2025-01-25T15:34:06.241+0000] {taskinstance.py:2889} INFO - Executing <Task(PythonOperator): extract_and_load_to_mongodb_station_2> on 2025-01-25 12:35:00+00:00
[2025-01-25T15:34:06.253+0000] {standard_task_runner.py:104} INFO - Running: ['***', 'tasks', 'run', 'extraction_by_hour_dag_v11', 'extract_and_load_to_mongodb_station_2', 'scheduled__2025-01-25T12:35:00+00:00', '--job-id', '37', '--raw', '--subdir', 'DAGS_FOLDER/extract_data_by_hour.py', '--cfg-path', '/tmp/tmppj6wmngd']
[2025-01-25T15:34:06.258+0000] {standard_task_runner.py:105} INFO - Job 37: Subtask extract_and_load_to_mongodb_station_2
[2025-01-25T15:34:06.261+0000] {logging_mixin.py:190} WARNING - /home/***/.local/lib/python3.12/site-packages/***/task/task_runner/standard_task_runner.py:70 DeprecationWarning: This process (pid=18235) is multi-threaded, use of fork() may lead to deadlocks in the child.
[2025-01-25T15:34:06.262+0000] {standard_task_runner.py:72} INFO - Started process 18241 to run task
[2025-01-25T15:34:06.329+0000] {task_command.py:467} INFO - Running <TaskInstance: extraction_by_hour_dag_v11.extract_and_load_to_mongodb_station_2 scheduled__2025-01-25T12:35:00+00:00 [running]> on host 8969ebd0a926
[2025-01-25T15:34:06.463+0000] {taskinstance.py:3132} INFO - Exporting env vars: AIRFLOW_CTX_DAG_OWNER='***' AIRFLOW_CTX_DAG_ID='extraction_by_hour_dag_v11' AIRFLOW_CTX_TASK_ID='extract_and_load_to_mongodb_station_2' AIRFLOW_CTX_EXECUTION_DATE='2025-01-25T12:35:00+00:00' AIRFLOW_CTX_TRY_NUMBER='1' AIRFLOW_CTX_DAG_RUN_ID='scheduled__2025-01-25T12:35:00+00:00'
[2025-01-25T15:34:06.464+0000] {taskinstance.py:731} INFO - ::endgroup::
[2025-01-25T15:34:06.600+0000] {logging_mixin.py:190} INFO - Erreur pour la station 283164601 : HTTPSConnectionPool(host='airqino-api.magentalab.it', port=443): Max retries exceeded with url: /v3/getStationHourlyAvg/283164601 (Caused by NameResolutionError("<urllib3.connection.HTTPSConnection object at 0x7fe639a13410>: Failed to resolve 'airqino-api.magentalab.it' ([Errno -2] Name or service not known)"))
[2025-01-25T15:34:06.604+0000] {logging_mixin.py:190} INFO - Erreur pour la station 283181971 : HTTPSConnectionPool(host='airqino-api.magentalab.it', port=443): Max retries exceeded with url: /v3/getStationHourlyAvg/283181971 (Caused by NameResolutionError("<urllib3.connection.HTTPSConnection object at 0x7fe6398e84d0>: Failed to resolve 'airqino-api.magentalab.it' ([Errno -2] Name or service not known)"))
[2025-01-25T15:34:06.605+0000] {logging_mixin.py:190} INFO - Aucune donnée valide récupérée pour la station 283181971.
[2025-01-25T15:34:06.605+0000] {python.py:240} INFO - Done. Returned value was: None
[2025-01-25T15:34:06.615+0000] {taskinstance.py:340} INFO - ::group::Post task execution logs
[2025-01-25T15:34:06.616+0000] {taskinstance.py:352} INFO - Marking task as SUCCESS. dag_id=extraction_by_hour_dag_v11, task_id=extract_and_load_to_mongodb_station_2, run_id=scheduled__2025-01-25T12:35:00+00:00, execution_date=20250125T123500, start_date=20250125T153406, end_date=20250125T153406
[2025-01-25T15:34:06.687+0000] {local_task_job_runner.py:266} INFO - Task exited with return code 0
[2025-01-25T15:34:06.700+0000] {local_task_job_runner.py:245} INFO - ::endgroup::
[2025-01-25T18:10:05.955+0000] {logging_mixin.py:190} INFO - Erreur pour la station 283164601 : HTTPSConnectionPool(host='airqino-api.magentalab.it', port=443): Max retries exceeded with url: /v3/getStationHourlyAvg/283164601 (Caused by NameResolutionError("<urllib3.connection.HTTPSConnection object at 0x7fc68bec9100>: Failed to resolve 'airqino-api.magentalab.it' ([Errno -3] Temporary failure in name resolution)"))
[2025-01-25T18:10:07.912+0000] {job.py:229} INFO - Heartbeat recovered after 9357.65 seconds
[2025-01-25T18:10:13.966+0000] {logging_mixin.py:190} INFO - Erreur pour la station 283181971 : HTTPSConnectionPool(host='airqino-api.magentalab.it', port=443): Max retries exceeded with url: /v3/getStationHourlyAvg/283181971 (Caused by NameResolutionError("<urllib3.connection.HTTPSConnection object at 0x7fc68bcd41d0>: Failed to resolve 'airqino-api.magentalab.it' ([Errno -3] Temporary failure in name resolution)"))
[2025-01-25T18:10:13.983+0000] {logging_mixin.py:190} INFO - Aucune donnée valide récupérée pour la station 283181971.
[2025-01-25T18:10:13.984+0000] {python.py:240} INFO - Done. Returned value was: None
[2025-01-25T18:10:16.088+0000] {taskinstance.py:340} INFO - ::group::Post task execution logs
[2025-01-25T18:10:16.089+0000] {taskinstance.py:352} INFO - Marking task as SUCCESS. dag_id=extraction_by_hour_dag_v11, task_id=extract_and_load_to_mongodb_station_2, run_id=scheduled__2025-01-25T12:35:00+00:00, execution_date=20250125T123500, start_date=20250125T153405, end_date=20250125T181016
[2025-01-25T18:10:16.156+0000] {local_task_job_runner.py:266} INFO - Task exited with return code 0
[2025-01-25T18:10:16.171+0000] {local_task_job_runner.py:245} INFO - ::endgroup::
