[2025-02-02T08:00:00.822+0000] {local_task_job_runner.py:123} INFO - ::group::Pre task execution logs
[2025-02-02T08:00:00.840+0000] {taskinstance.py:2613} INFO - Dependencies all met for dep_context=non-requeueable deps ti=<TaskInstance: extraction_by_hour_dag_v15.extract_and_load_to_mongodb_station_2 scheduled__2025-02-02T07:00:00+00:00 [queued]>
[2025-02-02T08:00:00.852+0000] {taskinstance.py:2613} INFO - Dependencies all met for dep_context=requeueable deps ti=<TaskInstance: extraction_by_hour_dag_v15.extract_and_load_to_mongodb_station_2 scheduled__2025-02-02T07:00:00+00:00 [queued]>
[2025-02-02T08:00:00.852+0000] {taskinstance.py:2866} INFO - Starting attempt 1 of 2
[2025-02-02T08:00:00.869+0000] {taskinstance.py:2889} INFO - Executing <Task(PythonOperator): extract_and_load_to_mongodb_station_2> on 2025-02-02 07:00:00+00:00
[2025-02-02T08:00:00.883+0000] {standard_task_runner.py:104} INFO - Running: ['***', 'tasks', 'run', 'extraction_by_hour_dag_v15', 'extract_and_load_to_mongodb_station_2', 'scheduled__2025-02-02T07:00:00+00:00', '--job-id', '100', '--raw', '--subdir', 'DAGS_FOLDER/extract_data_by_hour.py', '--cfg-path', '/tmp/tmpvnk6zjw_']
[2025-02-02T08:00:00.889+0000] {standard_task_runner.py:105} INFO - Job 100: Subtask extract_and_load_to_mongodb_station_2
[2025-02-02T08:00:00.890+0000] {logging_mixin.py:190} WARNING - /home/***/.local/lib/python3.12/site-packages/***/task/task_runner/standard_task_runner.py:70 DeprecationWarning: This process (pid=71192) is multi-threaded, use of fork() may lead to deadlocks in the child.
[2025-02-02T08:00:00.891+0000] {standard_task_runner.py:72} INFO - Started process 71199 to run task
[2025-02-02T08:00:00.950+0000] {task_command.py:467} INFO - Running <TaskInstance: extraction_by_hour_dag_v15.extract_and_load_to_mongodb_station_2 scheduled__2025-02-02T07:00:00+00:00 [running]> on host 6f5fd3382d74
[2025-02-02T08:00:01.062+0000] {taskinstance.py:3132} INFO - Exporting env vars: AIRFLOW_CTX_DAG_OWNER='***' AIRFLOW_CTX_DAG_ID='extraction_by_hour_dag_v15' AIRFLOW_CTX_TASK_ID='extract_and_load_to_mongodb_station_2' AIRFLOW_CTX_EXECUTION_DATE='2025-02-02T07:00:00+00:00' AIRFLOW_CTX_TRY_NUMBER='1' AIRFLOW_CTX_DAG_RUN_ID='scheduled__2025-02-02T07:00:00+00:00'
[2025-02-02T08:00:01.063+0000] {taskinstance.py:731} INFO - ::endgroup::
[2025-02-02T08:00:11.816+0000] {logging_mixin.py:190} INFO - Dernier enregistrement pour la station 283181971 (list1) inséré avec succès dans MongoDB.
[2025-02-02T08:00:11.829+0000] {logging_mixin.py:190} INFO - Erreur lors de l'insertion dans MongoDB : E11000 duplicate key error collection: air_quality.hourly_data index: _id_ dup key: { _id: ObjectId('679f260b433764a25ac99734') }, full error: {'index': 0, 'code': 11000, 'errmsg': "E11000 duplicate key error collection: air_quality.hourly_data index: _id_ dup key: { _id: ObjectId('679f260b433764a25ac99734') }", 'keyPattern': {'_id': 1}, 'keyValue': {'_id': ObjectId('679f260b433764a25ac99734')}}
[2025-02-02T08:00:11.829+0000] {python.py:240} INFO - Done. Returned value was: None
[2025-02-02T08:00:11.842+0000] {taskinstance.py:340} INFO - ::group::Post task execution logs
[2025-02-02T08:00:11.843+0000] {taskinstance.py:352} INFO - Marking task as SUCCESS. dag_id=extraction_by_hour_dag_v15, task_id=extract_and_load_to_mongodb_station_2, run_id=scheduled__2025-02-02T07:00:00+00:00, execution_date=20250202T070000, start_date=20250202T080000, end_date=20250202T080011
[2025-02-02T08:00:11.867+0000] {local_task_job_runner.py:266} INFO - Task exited with return code 0
[2025-02-02T08:00:11.879+0000] {taskinstance.py:3895} INFO - 0 downstream tasks scheduled from follow-on schedule check
[2025-02-02T08:00:11.880+0000] {local_task_job_runner.py:245} INFO - ::endgroup::
