[2025-01-26T01:15:00.457+0000] {local_task_job_runner.py:123} INFO - ::group::Pre task execution logs
[2025-01-26T01:15:00.479+0000] {taskinstance.py:2613} INFO - Dependencies all met for dep_context=non-requeueable deps ti=<TaskInstance: extraction_by_hour_dag_v14.extract_and_load_to_mongodb_station_1 scheduled__2025-01-26T01:10:00+00:00 [queued]>
[2025-01-26T01:15:00.490+0000] {taskinstance.py:2613} INFO - Dependencies all met for dep_context=requeueable deps ti=<TaskInstance: extraction_by_hour_dag_v14.extract_and_load_to_mongodb_station_1 scheduled__2025-01-26T01:10:00+00:00 [queued]>
[2025-01-26T01:15:00.491+0000] {taskinstance.py:2866} INFO - Starting attempt 1 of 2
[2025-01-26T01:15:00.506+0000] {taskinstance.py:2889} INFO - Executing <Task(PythonOperator): extract_and_load_to_mongodb_station_1> on 2025-01-26 01:10:00+00:00
[2025-01-26T01:15:00.517+0000] {standard_task_runner.py:104} INFO - Running: ['***', 'tasks', 'run', 'extraction_by_hour_dag_v14', 'extract_and_load_to_mongodb_station_1', 'scheduled__2025-01-26T01:10:00+00:00', '--job-id', '47', '--raw', '--subdir', 'DAGS_FOLDER/extract_data_by_hour.py', '--cfg-path', '/tmp/tmpzxx0b_a3']
[2025-01-26T01:15:00.522+0000] {standard_task_runner.py:105} INFO - Job 47: Subtask extract_and_load_to_mongodb_station_1
[2025-01-26T01:15:00.523+0000] {logging_mixin.py:190} WARNING - /home/***/.local/lib/python3.12/site-packages/***/task/task_runner/standard_task_runner.py:70 DeprecationWarning: This process (pid=302) is multi-threaded, use of fork() may lead to deadlocks in the child.
[2025-01-26T01:15:00.524+0000] {standard_task_runner.py:72} INFO - Started process 304 to run task
[2025-01-26T01:15:00.585+0000] {task_command.py:467} INFO - Running <TaskInstance: extraction_by_hour_dag_v14.extract_and_load_to_mongodb_station_1 scheduled__2025-01-26T01:10:00+00:00 [running]> on host 9f988a59261a
[2025-01-26T01:15:00.692+0000] {taskinstance.py:3132} INFO - Exporting env vars: AIRFLOW_CTX_DAG_OWNER='***' AIRFLOW_CTX_DAG_ID='extraction_by_hour_dag_v14' AIRFLOW_CTX_TASK_ID='extract_and_load_to_mongodb_station_1' AIRFLOW_CTX_EXECUTION_DATE='2025-01-26T01:10:00+00:00' AIRFLOW_CTX_TRY_NUMBER='1' AIRFLOW_CTX_DAG_RUN_ID='scheduled__2025-01-26T01:10:00+00:00'
[2025-01-26T01:15:00.694+0000] {taskinstance.py:731} INFO - ::endgroup::
[2025-01-26T01:15:25.654+0000] {logging_mixin.py:190} INFO - Dernier enregistrement pour la station 283164601 (list1) inséré avec succès dans MongoDB.
[2025-01-26T01:15:25.656+0000] {logging_mixin.py:190} INFO - Erreur lors de l'insertion dans MongoDB : E11000 duplicate key error collection: air_quality.hourly_data index: _id_ dup key: { _id: ObjectId('67958cad55ed8a124739c7ff') }, full error: {'index': 0, 'code': 11000, 'errmsg': "E11000 duplicate key error collection: air_quality.hourly_data index: _id_ dup key: { _id: ObjectId('67958cad55ed8a124739c7ff') }", 'keyPattern': {'_id': 1}, 'keyValue': {'_id': ObjectId('67958cad55ed8a124739c7ff')}}
[2025-01-26T01:15:25.656+0000] {python.py:240} INFO - Done. Returned value was: None
[2025-01-26T01:15:25.675+0000] {taskinstance.py:340} INFO - ::group::Post task execution logs
[2025-01-26T01:15:25.676+0000] {taskinstance.py:352} INFO - Marking task as SUCCESS. dag_id=extraction_by_hour_dag_v14, task_id=extract_and_load_to_mongodb_station_1, run_id=scheduled__2025-01-26T01:10:00+00:00, execution_date=20250126T011000, start_date=20250126T011500, end_date=20250126T011525
[2025-01-26T01:15:25.708+0000] {local_task_job_runner.py:266} INFO - Task exited with return code 0
[2025-01-26T01:15:25.726+0000] {taskinstance.py:3895} INFO - 0 downstream tasks scheduled from follow-on schedule check
[2025-01-26T01:15:25.728+0000] {local_task_job_runner.py:245} INFO - ::endgroup::
