[2025-02-02T15:48:52.553+0000] {local_task_job_runner.py:123} INFO - ::group::Pre task execution logs
[2025-02-02T15:48:52.568+0000] {taskinstance.py:2613} INFO - Dependencies all met for dep_context=non-requeueable deps ti=<TaskInstance: daily_pollutant_averages_v4.calculate_daily_averages manual__2025-02-02T14:17:23.861177+00:00 [queued]>
[2025-02-02T15:48:52.574+0000] {taskinstance.py:2613} INFO - Dependencies all met for dep_context=requeueable deps ti=<TaskInstance: daily_pollutant_averages_v4.calculate_daily_averages manual__2025-02-02T14:17:23.861177+00:00 [queued]>
[2025-02-02T15:48:52.574+0000] {taskinstance.py:2866} INFO - Starting attempt 2 of 2
[2025-02-02T15:48:52.586+0000] {taskinstance.py:2889} INFO - Executing <Task(PythonOperator): calculate_daily_averages> on 2025-02-02 14:17:23.861177+00:00
[2025-02-02T15:48:52.597+0000] {standard_task_runner.py:104} INFO - Running: ['***', 'tasks', 'run', 'daily_pollutant_averages_v4', 'calculate_daily_averages', 'manual__2025-02-02T14:17:23.861177+00:00', '--job-id', '150', '--raw', '--subdir', 'DAGS_FOLDER/calcul_avg_polluant_by_day.py', '--cfg-path', '/tmp/tmpddmbws6c']
[2025-02-02T15:48:52.600+0000] {standard_task_runner.py:105} INFO - Job 150: Subtask calculate_daily_averages
[2025-02-02T15:48:52.600+0000] {logging_mixin.py:190} WARNING - /home/***/.local/lib/python3.12/site-packages/***/task/task_runner/standard_task_runner.py:70 DeprecationWarning: This process (pid=993) is multi-threaded, use of fork() may lead to deadlocks in the child.
[2025-02-02T15:48:52.601+0000] {standard_task_runner.py:72} INFO - Started process 997 to run task
[2025-02-02T15:48:52.644+0000] {task_command.py:467} INFO - Running <TaskInstance: daily_pollutant_averages_v4.calculate_daily_averages manual__2025-02-02T14:17:23.861177+00:00 [running]> on host a0bc887b90c4
[2025-02-02T15:48:52.709+0000] {taskinstance.py:3132} INFO - Exporting env vars: AIRFLOW_CTX_DAG_OWNER='***' AIRFLOW_CTX_DAG_ID='daily_pollutant_averages_v4' AIRFLOW_CTX_TASK_ID='calculate_daily_averages' AIRFLOW_CTX_EXECUTION_DATE='2025-02-02T14:17:23.861177+00:00' AIRFLOW_CTX_TRY_NUMBER='2' AIRFLOW_CTX_DAG_RUN_ID='manual__2025-02-02T14:17:23.861177+00:00'
[2025-02-02T15:48:52.710+0000] {taskinstance.py:731} INFO - ::endgroup::
[2025-02-02T15:48:52.733+0000] {logging_mixin.py:190} INFO - Traitement des données pour la station 283164601...
[2025-02-02T15:48:52.791+0000] {logging_mixin.py:190} INFO - Moyennes insérées pour la station 283164601 et la date 2025-02-02.
[2025-02-02T15:48:52.792+0000] {logging_mixin.py:190} INFO - Traitement des données pour la station 283181971...
[2025-02-02T15:48:52.803+0000] {logging_mixin.py:190} INFO - Moyennes insérées pour la station 283181971 et la date 2025-02-02.
[2025-02-02T15:48:52.803+0000] {python.py:240} INFO - Done. Returned value was: None
[2025-02-02T15:48:52.813+0000] {taskinstance.py:340} INFO - ::group::Post task execution logs
[2025-02-02T15:48:52.815+0000] {taskinstance.py:352} INFO - Marking task as SUCCESS. dag_id=daily_pollutant_averages_v4, task_id=calculate_daily_averages, run_id=manual__2025-02-02T14:17:23.861177+00:00, execution_date=20250202T141723, start_date=20250202T154852, end_date=20250202T154852
[2025-02-02T15:48:52.855+0000] {local_task_job_runner.py:266} INFO - Task exited with return code 0
[2025-02-02T15:48:52.867+0000] {taskinstance.py:3895} INFO - 0 downstream tasks scheduled from follow-on schedule check
[2025-02-02T15:48:52.869+0000] {local_task_job_runner.py:245} INFO - ::endgroup::
