[2025-01-24T22:11:54.927+0000] {local_task_job_runner.py:123} INFO - ::group::Pre task execution logs
[2025-01-24T22:11:54.945+0000] {taskinstance.py:2613} INFO - Dependencies all met for dep_context=non-requeueable deps ti=<TaskInstance: extraction_by_hour_dag_v10.extract_and_load_to_mongodb_station_2 manual__2025-01-24T22:11:53.753724+00:00 [queued]>
[2025-01-24T22:11:54.953+0000] {taskinstance.py:2613} INFO - Dependencies all met for dep_context=requeueable deps ti=<TaskInstance: extraction_by_hour_dag_v10.extract_and_load_to_mongodb_station_2 manual__2025-01-24T22:11:53.753724+00:00 [queued]>
[2025-01-24T22:11:54.953+0000] {taskinstance.py:2866} INFO - Starting attempt 1 of 2
[2025-01-24T22:11:54.967+0000] {taskinstance.py:2889} INFO - Executing <Task(PythonOperator): extract_and_load_to_mongodb_station_2> on 2025-01-24 22:11:53.753724+00:00
[2025-01-24T22:11:54.977+0000] {standard_task_runner.py:104} INFO - Running: ['***', 'tasks', 'run', 'extraction_by_hour_dag_v10', 'extract_and_load_to_mongodb_station_2', 'manual__2025-01-24T22:11:53.753724+00:00', '--job-id', '19', '--raw', '--subdir', 'DAGS_FOLDER/extract_data_by_hour.py', '--cfg-path', '/tmp/tmpmlrjdpsk']
[2025-01-24T22:11:54.981+0000] {standard_task_runner.py:105} INFO - Job 19: Subtask extract_and_load_to_mongodb_station_2
[2025-01-24T22:11:54.981+0000] {logging_mixin.py:190} WARNING - /home/***/.local/lib/python3.12/site-packages/***/task/task_runner/standard_task_runner.py:70 DeprecationWarning: This process (pid=7919) is multi-threaded, use of fork() may lead to deadlocks in the child.
[2025-01-24T22:11:54.982+0000] {standard_task_runner.py:72} INFO - Started process 7920 to run task
[2025-01-24T22:11:55.025+0000] {task_command.py:467} INFO - Running <TaskInstance: extraction_by_hour_dag_v10.extract_and_load_to_mongodb_station_2 manual__2025-01-24T22:11:53.753724+00:00 [running]> on host 8969ebd0a926
[2025-01-24T22:11:55.110+0000] {taskinstance.py:3132} INFO - Exporting env vars: AIRFLOW_CTX_DAG_OWNER='***' AIRFLOW_CTX_DAG_ID='extraction_by_hour_dag_v10' AIRFLOW_CTX_TASK_ID='extract_and_load_to_mongodb_station_2' AIRFLOW_CTX_EXECUTION_DATE='2025-01-24T22:11:53.753724+00:00' AIRFLOW_CTX_TRY_NUMBER='1' AIRFLOW_CTX_DAG_RUN_ID='manual__2025-01-24T22:11:53.753724+00:00'
[2025-01-24T22:11:55.111+0000] {taskinstance.py:731} INFO - ::endgroup::
[2025-01-24T22:13:16.628+0000] {logging_mixin.py:190} INFO - Erreur lors de l'insertion dans MongoDB : localhost:27017: [Errno 111] Connection refused (configured timeouts: socketTimeoutMS: 60000.0ms, connectTimeoutMS: 60000.0ms), Timeout: 30s, Topology Description: <TopologyDescription id: 6794105f0ef2b5fced2c99f8, topology_type: Unknown, servers: [<ServerDescription ('localhost', 27017) server_type: Unknown, rtt: None, error=AutoReconnect('localhost:27017: [Errno 111] Connection refused (configured timeouts: socketTimeoutMS: 60000.0ms, connectTimeoutMS: 60000.0ms)')>]>
[2025-01-24T22:13:16.641+0000] {python.py:240} INFO - Done. Returned value was: None
[2025-01-24T22:13:16.371+0000] {taskinstance.py:340} INFO - ::group::Post task execution logs
[2025-01-24T22:13:16.372+0000] {taskinstance.py:352} INFO - Marking task as SUCCESS. dag_id=extraction_by_hour_dag_v10, task_id=extract_and_load_to_mongodb_station_2, run_id=manual__2025-01-24T22:11:53.753724+00:00, execution_date=20250124T221153, start_date=20250124T221154, end_date=20250124T221316
[2025-01-24T22:13:16.395+0000] {local_task_job_runner.py:266} INFO - Task exited with return code 0
[2025-01-24T22:13:16.412+0000] {standard_task_runner.py:217} INFO - Process not found (most likely exited), stop collecting metrics
[2025-01-24T22:13:16.417+0000] {taskinstance.py:3895} INFO - 0 downstream tasks scheduled from follow-on schedule check
[2025-01-24T22:13:16.420+0000] {local_task_job_runner.py:245} INFO - ::endgroup::
