[2025-01-23T14:50:03.751+0000] {processor.py:186} INFO - Started process (PID=187) to work on /home/airflow/.local/lib/python3.12/site-packages/airflow/example_dags/example_inlet_event_extra.py
[2025-01-23T14:50:03.760+0000] {processor.py:914} INFO - Processing file /home/airflow/.local/lib/python3.12/site-packages/airflow/example_dags/example_inlet_event_extra.py for tasks to queue
[2025-01-23T14:50:03.767+0000] {logging_mixin.py:190} INFO - [2025-01-23T14:50:03.766+0000] {dagbag.py:588} INFO - Filling up the DagBag from /home/airflow/.local/lib/python3.12/site-packages/airflow/example_dags/example_inlet_event_extra.py
[2025-01-23T14:50:05.365+0000] {processor.py:925} INFO - DAG(s) 'read_dataset_event', 'read_dataset_event_from_classic' retrieved from /home/airflow/.local/lib/python3.12/site-packages/airflow/example_dags/example_inlet_event_extra.py
[2025-01-23T14:50:05.901+0000] {logging_mixin.py:190} INFO - [2025-01-23T14:50:05.900+0000] {dag.py:3239} INFO - Sync 2 DAGs
[2025-01-23T14:50:05.986+0000] {logging_mixin.py:190} INFO - [2025-01-23T14:50:05.985+0000] {dag.py:4180} INFO - Setting next_dagrun for read_dataset_event to 2025-01-22 00:00:00+00:00, run_after=2025-01-23 00:00:00+00:00
[2025-01-23T14:50:05.992+0000] {logging_mixin.py:190} INFO - [2025-01-23T14:50:05.992+0000] {dag.py:4180} INFO - Setting next_dagrun for read_dataset_event_from_classic to 2025-01-22 00:00:00+00:00, run_after=2025-01-23 00:00:00+00:00
[2025-01-23T14:50:06.010+0000] {processor.py:208} INFO - Processing /home/airflow/.local/lib/python3.12/site-packages/airflow/example_dags/example_inlet_event_extra.py took 2.321 seconds
[2025-01-23T14:50:36.229+0000] {processor.py:186} INFO - Started process (PID=510) to work on /home/airflow/.local/lib/python3.12/site-packages/airflow/example_dags/example_inlet_event_extra.py
[2025-01-23T14:50:36.235+0000] {processor.py:914} INFO - Processing file /home/airflow/.local/lib/python3.12/site-packages/airflow/example_dags/example_inlet_event_extra.py for tasks to queue
[2025-01-23T14:50:36.238+0000] {logging_mixin.py:190} INFO - [2025-01-23T14:50:36.237+0000] {dagbag.py:588} INFO - Filling up the DagBag from /home/airflow/.local/lib/python3.12/site-packages/airflow/example_dags/example_inlet_event_extra.py
[2025-01-23T14:50:36.714+0000] {processor.py:925} INFO - DAG(s) 'read_dataset_event_from_classic', 'read_dataset_event' retrieved from /home/airflow/.local/lib/python3.12/site-packages/airflow/example_dags/example_inlet_event_extra.py
[2025-01-23T14:50:36.737+0000] {logging_mixin.py:190} INFO - [2025-01-23T14:50:36.737+0000] {dag.py:3239} INFO - Sync 2 DAGs
[2025-01-23T14:50:36.766+0000] {logging_mixin.py:190} INFO - [2025-01-23T14:50:36.766+0000] {dag.py:4180} INFO - Setting next_dagrun for read_dataset_event to 2025-01-22 00:00:00+00:00, run_after=2025-01-23 00:00:00+00:00
[2025-01-23T14:50:36.772+0000] {logging_mixin.py:190} INFO - [2025-01-23T14:50:36.771+0000] {dag.py:4180} INFO - Setting next_dagrun for read_dataset_event_from_classic to 2025-01-22 00:00:00+00:00, run_after=2025-01-23 00:00:00+00:00
[2025-01-23T14:50:36.793+0000] {processor.py:208} INFO - Processing /home/airflow/.local/lib/python3.12/site-packages/airflow/example_dags/example_inlet_event_extra.py took 0.571 seconds
[2025-01-23T14:51:06.987+0000] {processor.py:186} INFO - Started process (PID=826) to work on /home/airflow/.local/lib/python3.12/site-packages/airflow/example_dags/example_inlet_event_extra.py
[2025-01-23T14:51:06.988+0000] {processor.py:914} INFO - Processing file /home/airflow/.local/lib/python3.12/site-packages/airflow/example_dags/example_inlet_event_extra.py for tasks to queue
[2025-01-23T14:51:06.990+0000] {logging_mixin.py:190} INFO - [2025-01-23T14:51:06.990+0000] {dagbag.py:588} INFO - Filling up the DagBag from /home/airflow/.local/lib/python3.12/site-packages/airflow/example_dags/example_inlet_event_extra.py
[2025-01-23T14:51:08.444+0000] {processor.py:925} INFO - DAG(s) 'read_dataset_event', 'read_dataset_event_from_classic' retrieved from /home/airflow/.local/lib/python3.12/site-packages/airflow/example_dags/example_inlet_event_extra.py
[2025-01-23T14:51:08.499+0000] {logging_mixin.py:190} INFO - [2025-01-23T14:51:08.498+0000] {dag.py:3239} INFO - Sync 2 DAGs
[2025-01-23T14:51:08.540+0000] {logging_mixin.py:190} INFO - [2025-01-23T14:51:08.540+0000] {dag.py:4180} INFO - Setting next_dagrun for read_dataset_event to 2025-01-22 00:00:00+00:00, run_after=2025-01-23 00:00:00+00:00
[2025-01-23T14:51:08.547+0000] {logging_mixin.py:190} INFO - [2025-01-23T14:51:08.547+0000] {dag.py:4180} INFO - Setting next_dagrun for read_dataset_event_from_classic to 2025-01-22 00:00:00+00:00, run_after=2025-01-23 00:00:00+00:00
[2025-01-23T14:51:08.564+0000] {processor.py:208} INFO - Processing /home/airflow/.local/lib/python3.12/site-packages/airflow/example_dags/example_inlet_event_extra.py took 1.583 seconds
[2025-01-23T14:51:39.451+0000] {processor.py:186} INFO - Started process (PID=1147) to work on /home/airflow/.local/lib/python3.12/site-packages/airflow/example_dags/example_inlet_event_extra.py
[2025-01-23T14:51:39.452+0000] {processor.py:914} INFO - Processing file /home/airflow/.local/lib/python3.12/site-packages/airflow/example_dags/example_inlet_event_extra.py for tasks to queue
[2025-01-23T14:51:39.454+0000] {logging_mixin.py:190} INFO - [2025-01-23T14:51:39.454+0000] {dagbag.py:588} INFO - Filling up the DagBag from /home/airflow/.local/lib/python3.12/site-packages/airflow/example_dags/example_inlet_event_extra.py
[2025-01-23T14:51:40.042+0000] {processor.py:925} INFO - DAG(s) 'read_dataset_event', 'read_dataset_event_from_classic' retrieved from /home/airflow/.local/lib/python3.12/site-packages/airflow/example_dags/example_inlet_event_extra.py
[2025-01-23T14:51:40.061+0000] {logging_mixin.py:190} INFO - [2025-01-23T14:51:40.061+0000] {dag.py:3239} INFO - Sync 2 DAGs
[2025-01-23T14:51:40.083+0000] {logging_mixin.py:190} INFO - [2025-01-23T14:51:40.083+0000] {dag.py:4180} INFO - Setting next_dagrun for read_dataset_event to 2025-01-22 00:00:00+00:00, run_after=2025-01-23 00:00:00+00:00
[2025-01-23T14:51:40.088+0000] {logging_mixin.py:190} INFO - [2025-01-23T14:51:40.087+0000] {dag.py:4180} INFO - Setting next_dagrun for read_dataset_event_from_classic to 2025-01-22 00:00:00+00:00, run_after=2025-01-23 00:00:00+00:00
[2025-01-23T14:51:40.104+0000] {processor.py:208} INFO - Processing /home/airflow/.local/lib/python3.12/site-packages/airflow/example_dags/example_inlet_event_extra.py took 0.659 seconds
[2025-01-23T14:52:10.745+0000] {processor.py:186} INFO - Started process (PID=1443) to work on /home/airflow/.local/lib/python3.12/site-packages/airflow/example_dags/example_inlet_event_extra.py
[2025-01-23T14:52:10.751+0000] {processor.py:914} INFO - Processing file /home/airflow/.local/lib/python3.12/site-packages/airflow/example_dags/example_inlet_event_extra.py for tasks to queue
[2025-01-23T14:52:10.754+0000] {logging_mixin.py:190} INFO - [2025-01-23T14:52:10.753+0000] {dagbag.py:588} INFO - Filling up the DagBag from /home/airflow/.local/lib/python3.12/site-packages/airflow/example_dags/example_inlet_event_extra.py
[2025-01-23T14:52:11.252+0000] {processor.py:925} INFO - DAG(s) 'read_dataset_event', 'read_dataset_event_from_classic' retrieved from /home/airflow/.local/lib/python3.12/site-packages/airflow/example_dags/example_inlet_event_extra.py
[2025-01-23T14:52:11.269+0000] {logging_mixin.py:190} INFO - [2025-01-23T14:52:11.269+0000] {dag.py:3239} INFO - Sync 2 DAGs
[2025-01-23T14:52:11.292+0000] {logging_mixin.py:190} INFO - [2025-01-23T14:52:11.292+0000] {dag.py:4180} INFO - Setting next_dagrun for read_dataset_event to 2025-01-22 00:00:00+00:00, run_after=2025-01-23 00:00:00+00:00
[2025-01-23T14:52:11.299+0000] {logging_mixin.py:190} INFO - [2025-01-23T14:52:11.299+0000] {dag.py:4180} INFO - Setting next_dagrun for read_dataset_event_from_classic to 2025-01-22 00:00:00+00:00, run_after=2025-01-23 00:00:00+00:00
[2025-01-23T14:52:11.314+0000] {processor.py:208} INFO - Processing /home/airflow/.local/lib/python3.12/site-packages/airflow/example_dags/example_inlet_event_extra.py took 0.576 seconds
[2025-01-23T14:52:42.157+0000] {processor.py:186} INFO - Started process (PID=1739) to work on /home/airflow/.local/lib/python3.12/site-packages/airflow/example_dags/example_inlet_event_extra.py
[2025-01-23T14:52:42.158+0000] {processor.py:914} INFO - Processing file /home/airflow/.local/lib/python3.12/site-packages/airflow/example_dags/example_inlet_event_extra.py for tasks to queue
[2025-01-23T14:52:42.160+0000] {logging_mixin.py:190} INFO - [2025-01-23T14:52:42.160+0000] {dagbag.py:588} INFO - Filling up the DagBag from /home/airflow/.local/lib/python3.12/site-packages/airflow/example_dags/example_inlet_event_extra.py
[2025-01-23T14:52:42.623+0000] {processor.py:925} INFO - DAG(s) 'read_dataset_event_from_classic', 'read_dataset_event' retrieved from /home/airflow/.local/lib/python3.12/site-packages/airflow/example_dags/example_inlet_event_extra.py
[2025-01-23T14:52:42.643+0000] {logging_mixin.py:190} INFO - [2025-01-23T14:52:42.642+0000] {dag.py:3239} INFO - Sync 2 DAGs
[2025-01-23T14:52:42.669+0000] {logging_mixin.py:190} INFO - [2025-01-23T14:52:42.669+0000] {dag.py:4180} INFO - Setting next_dagrun for read_dataset_event to 2025-01-22 00:00:00+00:00, run_after=2025-01-23 00:00:00+00:00
[2025-01-23T14:52:42.675+0000] {logging_mixin.py:190} INFO - [2025-01-23T14:52:42.674+0000] {dag.py:4180} INFO - Setting next_dagrun for read_dataset_event_from_classic to 2025-01-22 00:00:00+00:00, run_after=2025-01-23 00:00:00+00:00
[2025-01-23T14:52:42.690+0000] {processor.py:208} INFO - Processing /home/airflow/.local/lib/python3.12/site-packages/airflow/example_dags/example_inlet_event_extra.py took 0.539 seconds
[2025-01-23T14:53:12.799+0000] {processor.py:186} INFO - Started process (PID=2035) to work on /home/airflow/.local/lib/python3.12/site-packages/airflow/example_dags/example_inlet_event_extra.py
[2025-01-23T14:53:12.805+0000] {processor.py:914} INFO - Processing file /home/airflow/.local/lib/python3.12/site-packages/airflow/example_dags/example_inlet_event_extra.py for tasks to queue
[2025-01-23T14:53:12.807+0000] {logging_mixin.py:190} INFO - [2025-01-23T14:53:12.807+0000] {dagbag.py:588} INFO - Filling up the DagBag from /home/airflow/.local/lib/python3.12/site-packages/airflow/example_dags/example_inlet_event_extra.py
[2025-01-23T14:53:13.422+0000] {processor.py:925} INFO - DAG(s) 'read_dataset_event', 'read_dataset_event_from_classic' retrieved from /home/airflow/.local/lib/python3.12/site-packages/airflow/example_dags/example_inlet_event_extra.py
[2025-01-23T14:53:13.444+0000] {logging_mixin.py:190} INFO - [2025-01-23T14:53:13.444+0000] {dag.py:3239} INFO - Sync 2 DAGs
[2025-01-23T14:53:13.466+0000] {logging_mixin.py:190} INFO - [2025-01-23T14:53:13.466+0000] {dag.py:4180} INFO - Setting next_dagrun for read_dataset_event to 2025-01-22 00:00:00+00:00, run_after=2025-01-23 00:00:00+00:00
[2025-01-23T14:53:13.470+0000] {logging_mixin.py:190} INFO - [2025-01-23T14:53:13.470+0000] {dag.py:4180} INFO - Setting next_dagrun for read_dataset_event_from_classic to 2025-01-22 00:00:00+00:00, run_after=2025-01-23 00:00:00+00:00
[2025-01-23T14:53:13.486+0000] {processor.py:208} INFO - Processing /home/airflow/.local/lib/python3.12/site-packages/airflow/example_dags/example_inlet_event_extra.py took 0.693 seconds
[2025-01-23T14:53:43.597+0000] {processor.py:186} INFO - Started process (PID=2331) to work on /home/airflow/.local/lib/python3.12/site-packages/airflow/example_dags/example_inlet_event_extra.py
[2025-01-23T14:53:43.598+0000] {processor.py:914} INFO - Processing file /home/airflow/.local/lib/python3.12/site-packages/airflow/example_dags/example_inlet_event_extra.py for tasks to queue
[2025-01-23T14:53:43.601+0000] {logging_mixin.py:190} INFO - [2025-01-23T14:53:43.601+0000] {dagbag.py:588} INFO - Filling up the DagBag from /home/airflow/.local/lib/python3.12/site-packages/airflow/example_dags/example_inlet_event_extra.py
[2025-01-23T14:53:44.111+0000] {processor.py:925} INFO - DAG(s) 'read_dataset_event_from_classic', 'read_dataset_event' retrieved from /home/airflow/.local/lib/python3.12/site-packages/airflow/example_dags/example_inlet_event_extra.py
[2025-01-23T14:53:44.130+0000] {logging_mixin.py:190} INFO - [2025-01-23T14:53:44.130+0000] {dag.py:3239} INFO - Sync 2 DAGs
[2025-01-23T14:53:44.149+0000] {logging_mixin.py:190} INFO - [2025-01-23T14:53:44.149+0000] {dag.py:4180} INFO - Setting next_dagrun for read_dataset_event to 2025-01-22 00:00:00+00:00, run_after=2025-01-23 00:00:00+00:00
[2025-01-23T14:53:44.154+0000] {logging_mixin.py:190} INFO - [2025-01-23T14:53:44.153+0000] {dag.py:4180} INFO - Setting next_dagrun for read_dataset_event_from_classic to 2025-01-22 00:00:00+00:00, run_after=2025-01-23 00:00:00+00:00
[2025-01-23T14:53:44.168+0000] {processor.py:208} INFO - Processing /home/airflow/.local/lib/python3.12/site-packages/airflow/example_dags/example_inlet_event_extra.py took 0.578 seconds
[2025-01-23T14:54:14.220+0000] {processor.py:186} INFO - Started process (PID=2627) to work on /home/airflow/.local/lib/python3.12/site-packages/airflow/example_dags/example_inlet_event_extra.py
[2025-01-23T14:54:14.226+0000] {processor.py:914} INFO - Processing file /home/airflow/.local/lib/python3.12/site-packages/airflow/example_dags/example_inlet_event_extra.py for tasks to queue
[2025-01-23T14:54:14.228+0000] {logging_mixin.py:190} INFO - [2025-01-23T14:54:14.228+0000] {dagbag.py:588} INFO - Filling up the DagBag from /home/airflow/.local/lib/python3.12/site-packages/airflow/example_dags/example_inlet_event_extra.py
[2025-01-23T14:54:14.787+0000] {processor.py:925} INFO - DAG(s) 'read_dataset_event_from_classic', 'read_dataset_event' retrieved from /home/airflow/.local/lib/python3.12/site-packages/airflow/example_dags/example_inlet_event_extra.py
[2025-01-23T14:54:14.810+0000] {logging_mixin.py:190} INFO - [2025-01-23T14:54:14.809+0000] {dag.py:3239} INFO - Sync 2 DAGs
[2025-01-23T14:54:14.835+0000] {logging_mixin.py:190} INFO - [2025-01-23T14:54:14.834+0000] {dag.py:4180} INFO - Setting next_dagrun for read_dataset_event to 2025-01-22 00:00:00+00:00, run_after=2025-01-23 00:00:00+00:00
[2025-01-23T14:54:14.840+0000] {logging_mixin.py:190} INFO - [2025-01-23T14:54:14.839+0000] {dag.py:4180} INFO - Setting next_dagrun for read_dataset_event_from_classic to 2025-01-22 00:00:00+00:00, run_after=2025-01-23 00:00:00+00:00
[2025-01-23T14:54:14.863+0000] {processor.py:208} INFO - Processing /home/airflow/.local/lib/python3.12/site-packages/airflow/example_dags/example_inlet_event_extra.py took 0.649 seconds
[2025-01-23T14:54:45.387+0000] {processor.py:186} INFO - Started process (PID=2923) to work on /home/airflow/.local/lib/python3.12/site-packages/airflow/example_dags/example_inlet_event_extra.py
[2025-01-23T14:54:45.393+0000] {processor.py:914} INFO - Processing file /home/airflow/.local/lib/python3.12/site-packages/airflow/example_dags/example_inlet_event_extra.py for tasks to queue
[2025-01-23T14:54:45.395+0000] {logging_mixin.py:190} INFO - [2025-01-23T14:54:45.395+0000] {dagbag.py:588} INFO - Filling up the DagBag from /home/airflow/.local/lib/python3.12/site-packages/airflow/example_dags/example_inlet_event_extra.py
[2025-01-23T14:54:45.847+0000] {processor.py:925} INFO - DAG(s) 'read_dataset_event', 'read_dataset_event_from_classic' retrieved from /home/airflow/.local/lib/python3.12/site-packages/airflow/example_dags/example_inlet_event_extra.py
[2025-01-23T14:54:45.866+0000] {logging_mixin.py:190} INFO - [2025-01-23T14:54:45.866+0000] {dag.py:3239} INFO - Sync 2 DAGs
[2025-01-23T14:54:45.886+0000] {logging_mixin.py:190} INFO - [2025-01-23T14:54:45.886+0000] {dag.py:4180} INFO - Setting next_dagrun for read_dataset_event to 2025-01-22 00:00:00+00:00, run_after=2025-01-23 00:00:00+00:00
[2025-01-23T14:54:45.890+0000] {logging_mixin.py:190} INFO - [2025-01-23T14:54:45.890+0000] {dag.py:4180} INFO - Setting next_dagrun for read_dataset_event_from_classic to 2025-01-22 00:00:00+00:00, run_after=2025-01-23 00:00:00+00:00
[2025-01-23T14:54:45.909+0000] {processor.py:208} INFO - Processing /home/airflow/.local/lib/python3.12/site-packages/airflow/example_dags/example_inlet_event_extra.py took 0.528 seconds
[2025-01-23T14:55:16.787+0000] {processor.py:186} INFO - Started process (PID=3219) to work on /home/airflow/.local/lib/python3.12/site-packages/airflow/example_dags/example_inlet_event_extra.py
[2025-01-23T14:55:16.793+0000] {processor.py:914} INFO - Processing file /home/airflow/.local/lib/python3.12/site-packages/airflow/example_dags/example_inlet_event_extra.py for tasks to queue
[2025-01-23T14:55:16.796+0000] {logging_mixin.py:190} INFO - [2025-01-23T14:55:16.795+0000] {dagbag.py:588} INFO - Filling up the DagBag from /home/airflow/.local/lib/python3.12/site-packages/airflow/example_dags/example_inlet_event_extra.py
[2025-01-23T14:55:17.324+0000] {processor.py:925} INFO - DAG(s) 'read_dataset_event', 'read_dataset_event_from_classic' retrieved from /home/airflow/.local/lib/python3.12/site-packages/airflow/example_dags/example_inlet_event_extra.py
[2025-01-23T14:55:17.342+0000] {logging_mixin.py:190} INFO - [2025-01-23T14:55:17.342+0000] {dag.py:3239} INFO - Sync 2 DAGs
[2025-01-23T14:55:17.363+0000] {logging_mixin.py:190} INFO - [2025-01-23T14:55:17.363+0000] {dag.py:4180} INFO - Setting next_dagrun for read_dataset_event to 2025-01-22 00:00:00+00:00, run_after=2025-01-23 00:00:00+00:00
[2025-01-23T14:55:17.367+0000] {logging_mixin.py:190} INFO - [2025-01-23T14:55:17.367+0000] {dag.py:4180} INFO - Setting next_dagrun for read_dataset_event_from_classic to 2025-01-22 00:00:00+00:00, run_after=2025-01-23 00:00:00+00:00
[2025-01-23T14:55:17.381+0000] {processor.py:208} INFO - Processing /home/airflow/.local/lib/python3.12/site-packages/airflow/example_dags/example_inlet_event_extra.py took 0.599 seconds
[2025-01-23T14:55:47.955+0000] {processor.py:186} INFO - Started process (PID=3515) to work on /home/airflow/.local/lib/python3.12/site-packages/airflow/example_dags/example_inlet_event_extra.py
[2025-01-23T14:55:47.956+0000] {processor.py:914} INFO - Processing file /home/airflow/.local/lib/python3.12/site-packages/airflow/example_dags/example_inlet_event_extra.py for tasks to queue
[2025-01-23T14:55:47.958+0000] {logging_mixin.py:190} INFO - [2025-01-23T14:55:47.958+0000] {dagbag.py:588} INFO - Filling up the DagBag from /home/airflow/.local/lib/python3.12/site-packages/airflow/example_dags/example_inlet_event_extra.py
[2025-01-23T14:55:48.422+0000] {processor.py:925} INFO - DAG(s) 'read_dataset_event_from_classic', 'read_dataset_event' retrieved from /home/airflow/.local/lib/python3.12/site-packages/airflow/example_dags/example_inlet_event_extra.py
[2025-01-23T14:55:48.443+0000] {logging_mixin.py:190} INFO - [2025-01-23T14:55:48.443+0000] {dag.py:3239} INFO - Sync 2 DAGs
[2025-01-23T14:55:48.464+0000] {logging_mixin.py:190} INFO - [2025-01-23T14:55:48.463+0000] {dag.py:4180} INFO - Setting next_dagrun for read_dataset_event to 2025-01-22 00:00:00+00:00, run_after=2025-01-23 00:00:00+00:00
[2025-01-23T14:55:48.468+0000] {logging_mixin.py:190} INFO - [2025-01-23T14:55:48.468+0000] {dag.py:4180} INFO - Setting next_dagrun for read_dataset_event_from_classic to 2025-01-22 00:00:00+00:00, run_after=2025-01-23 00:00:00+00:00
[2025-01-23T14:55:48.483+0000] {processor.py:208} INFO - Processing /home/airflow/.local/lib/python3.12/site-packages/airflow/example_dags/example_inlet_event_extra.py took 0.534 seconds
[2025-01-23T14:56:18.906+0000] {processor.py:186} INFO - Started process (PID=3811) to work on /home/airflow/.local/lib/python3.12/site-packages/airflow/example_dags/example_inlet_event_extra.py
[2025-01-23T14:56:18.908+0000] {processor.py:914} INFO - Processing file /home/airflow/.local/lib/python3.12/site-packages/airflow/example_dags/example_inlet_event_extra.py for tasks to queue
[2025-01-23T14:56:18.913+0000] {logging_mixin.py:190} INFO - [2025-01-23T14:56:18.912+0000] {dagbag.py:588} INFO - Filling up the DagBag from /home/airflow/.local/lib/python3.12/site-packages/airflow/example_dags/example_inlet_event_extra.py
[2025-01-23T14:56:19.629+0000] {processor.py:925} INFO - DAG(s) 'read_dataset_event_from_classic', 'read_dataset_event' retrieved from /home/airflow/.local/lib/python3.12/site-packages/airflow/example_dags/example_inlet_event_extra.py
[2025-01-23T14:56:19.659+0000] {logging_mixin.py:190} INFO - [2025-01-23T14:56:19.658+0000] {dag.py:3239} INFO - Sync 2 DAGs
[2025-01-23T14:56:19.693+0000] {logging_mixin.py:190} INFO - [2025-01-23T14:56:19.692+0000] {dag.py:4180} INFO - Setting next_dagrun for read_dataset_event to 2025-01-22 00:00:00+00:00, run_after=2025-01-23 00:00:00+00:00
[2025-01-23T14:56:19.701+0000] {logging_mixin.py:190} INFO - [2025-01-23T14:56:19.701+0000] {dag.py:4180} INFO - Setting next_dagrun for read_dataset_event_from_classic to 2025-01-22 00:00:00+00:00, run_after=2025-01-23 00:00:00+00:00
[2025-01-23T14:56:19.730+0000] {processor.py:208} INFO - Processing /home/airflow/.local/lib/python3.12/site-packages/airflow/example_dags/example_inlet_event_extra.py took 0.833 seconds
[2025-01-23T14:56:49.879+0000] {processor.py:186} INFO - Started process (PID=4107) to work on /home/airflow/.local/lib/python3.12/site-packages/airflow/example_dags/example_inlet_event_extra.py
[2025-01-23T14:56:49.886+0000] {processor.py:914} INFO - Processing file /home/airflow/.local/lib/python3.12/site-packages/airflow/example_dags/example_inlet_event_extra.py for tasks to queue
[2025-01-23T14:56:49.891+0000] {logging_mixin.py:190} INFO - [2025-01-23T14:56:49.891+0000] {dagbag.py:588} INFO - Filling up the DagBag from /home/airflow/.local/lib/python3.12/site-packages/airflow/example_dags/example_inlet_event_extra.py
[2025-01-23T14:56:50.616+0000] {processor.py:925} INFO - DAG(s) 'read_dataset_event', 'read_dataset_event_from_classic' retrieved from /home/airflow/.local/lib/python3.12/site-packages/airflow/example_dags/example_inlet_event_extra.py
[2025-01-23T14:56:50.647+0000] {logging_mixin.py:190} INFO - [2025-01-23T14:56:50.646+0000] {dag.py:3239} INFO - Sync 2 DAGs
[2025-01-23T14:56:50.680+0000] {logging_mixin.py:190} INFO - [2025-01-23T14:56:50.680+0000] {dag.py:4180} INFO - Setting next_dagrun for read_dataset_event to 2025-01-22 00:00:00+00:00, run_after=2025-01-23 00:00:00+00:00
[2025-01-23T14:56:50.686+0000] {logging_mixin.py:190} INFO - [2025-01-23T14:56:50.686+0000] {dag.py:4180} INFO - Setting next_dagrun for read_dataset_event_from_classic to 2025-01-22 00:00:00+00:00, run_after=2025-01-23 00:00:00+00:00
[2025-01-23T14:56:50.711+0000] {processor.py:208} INFO - Processing /home/airflow/.local/lib/python3.12/site-packages/airflow/example_dags/example_inlet_event_extra.py took 0.842 seconds
[2025-01-23T14:57:21.118+0000] {processor.py:186} INFO - Started process (PID=4403) to work on /home/airflow/.local/lib/python3.12/site-packages/airflow/example_dags/example_inlet_event_extra.py
[2025-01-23T14:57:21.120+0000] {processor.py:914} INFO - Processing file /home/airflow/.local/lib/python3.12/site-packages/airflow/example_dags/example_inlet_event_extra.py for tasks to queue
[2025-01-23T14:57:21.126+0000] {logging_mixin.py:190} INFO - [2025-01-23T14:57:21.125+0000] {dagbag.py:588} INFO - Filling up the DagBag from /home/airflow/.local/lib/python3.12/site-packages/airflow/example_dags/example_inlet_event_extra.py
[2025-01-23T14:57:21.780+0000] {processor.py:925} INFO - DAG(s) 'read_dataset_event', 'read_dataset_event_from_classic' retrieved from /home/airflow/.local/lib/python3.12/site-packages/airflow/example_dags/example_inlet_event_extra.py
[2025-01-23T14:57:21.808+0000] {logging_mixin.py:190} INFO - [2025-01-23T14:57:21.808+0000] {dag.py:3239} INFO - Sync 2 DAGs
[2025-01-23T14:57:21.840+0000] {logging_mixin.py:190} INFO - [2025-01-23T14:57:21.839+0000] {dag.py:4180} INFO - Setting next_dagrun for read_dataset_event to 2025-01-22 00:00:00+00:00, run_after=2025-01-23 00:00:00+00:00
[2025-01-23T14:57:21.845+0000] {logging_mixin.py:190} INFO - [2025-01-23T14:57:21.845+0000] {dag.py:4180} INFO - Setting next_dagrun for read_dataset_event_from_classic to 2025-01-22 00:00:00+00:00, run_after=2025-01-23 00:00:00+00:00
[2025-01-23T14:57:21.868+0000] {processor.py:208} INFO - Processing /home/airflow/.local/lib/python3.12/site-packages/airflow/example_dags/example_inlet_event_extra.py took 0.763 seconds
[2025-01-23T14:57:52.476+0000] {processor.py:186} INFO - Started process (PID=4699) to work on /home/airflow/.local/lib/python3.12/site-packages/airflow/example_dags/example_inlet_event_extra.py
[2025-01-23T14:57:52.482+0000] {processor.py:914} INFO - Processing file /home/airflow/.local/lib/python3.12/site-packages/airflow/example_dags/example_inlet_event_extra.py for tasks to queue
[2025-01-23T14:57:52.486+0000] {logging_mixin.py:190} INFO - [2025-01-23T14:57:52.486+0000] {dagbag.py:588} INFO - Filling up the DagBag from /home/airflow/.local/lib/python3.12/site-packages/airflow/example_dags/example_inlet_event_extra.py
[2025-01-23T14:57:53.159+0000] {processor.py:925} INFO - DAG(s) 'read_dataset_event_from_classic', 'read_dataset_event' retrieved from /home/airflow/.local/lib/python3.12/site-packages/airflow/example_dags/example_inlet_event_extra.py
[2025-01-23T14:57:53.187+0000] {logging_mixin.py:190} INFO - [2025-01-23T14:57:53.187+0000] {dag.py:3239} INFO - Sync 2 DAGs
[2025-01-23T14:57:53.218+0000] {logging_mixin.py:190} INFO - [2025-01-23T14:57:53.218+0000] {dag.py:4180} INFO - Setting next_dagrun for read_dataset_event to 2025-01-22 00:00:00+00:00, run_after=2025-01-23 00:00:00+00:00
[2025-01-23T14:57:53.225+0000] {logging_mixin.py:190} INFO - [2025-01-23T14:57:53.224+0000] {dag.py:4180} INFO - Setting next_dagrun for read_dataset_event_from_classic to 2025-01-22 00:00:00+00:00, run_after=2025-01-23 00:00:00+00:00
[2025-01-23T14:57:53.252+0000] {processor.py:208} INFO - Processing /home/airflow/.local/lib/python3.12/site-packages/airflow/example_dags/example_inlet_event_extra.py took 0.787 seconds
[2025-01-23T14:58:23.841+0000] {processor.py:186} INFO - Started process (PID=4995) to work on /home/airflow/.local/lib/python3.12/site-packages/airflow/example_dags/example_inlet_event_extra.py
[2025-01-23T14:58:23.847+0000] {processor.py:914} INFO - Processing file /home/airflow/.local/lib/python3.12/site-packages/airflow/example_dags/example_inlet_event_extra.py for tasks to queue
[2025-01-23T14:58:23.851+0000] {logging_mixin.py:190} INFO - [2025-01-23T14:58:23.851+0000] {dagbag.py:588} INFO - Filling up the DagBag from /home/airflow/.local/lib/python3.12/site-packages/airflow/example_dags/example_inlet_event_extra.py
[2025-01-23T14:58:24.515+0000] {processor.py:925} INFO - DAG(s) 'read_dataset_event', 'read_dataset_event_from_classic' retrieved from /home/airflow/.local/lib/python3.12/site-packages/airflow/example_dags/example_inlet_event_extra.py
[2025-01-23T14:58:24.547+0000] {logging_mixin.py:190} INFO - [2025-01-23T14:58:24.547+0000] {dag.py:3239} INFO - Sync 2 DAGs
[2025-01-23T14:58:24.583+0000] {logging_mixin.py:190} INFO - [2025-01-23T14:58:24.583+0000] {dag.py:4180} INFO - Setting next_dagrun for read_dataset_event to 2025-01-22 00:00:00+00:00, run_after=2025-01-23 00:00:00+00:00
[2025-01-23T14:58:24.590+0000] {logging_mixin.py:190} INFO - [2025-01-23T14:58:24.590+0000] {dag.py:4180} INFO - Setting next_dagrun for read_dataset_event_from_classic to 2025-01-22 00:00:00+00:00, run_after=2025-01-23 00:00:00+00:00
[2025-01-23T14:58:24.617+0000] {processor.py:208} INFO - Processing /home/airflow/.local/lib/python3.12/site-packages/airflow/example_dags/example_inlet_event_extra.py took 0.785 seconds
[2025-01-23T14:58:54.768+0000] {processor.py:186} INFO - Started process (PID=5291) to work on /home/airflow/.local/lib/python3.12/site-packages/airflow/example_dags/example_inlet_event_extra.py
[2025-01-23T14:58:54.774+0000] {processor.py:914} INFO - Processing file /home/airflow/.local/lib/python3.12/site-packages/airflow/example_dags/example_inlet_event_extra.py for tasks to queue
[2025-01-23T14:58:54.777+0000] {logging_mixin.py:190} INFO - [2025-01-23T14:58:54.777+0000] {dagbag.py:588} INFO - Filling up the DagBag from /home/airflow/.local/lib/python3.12/site-packages/airflow/example_dags/example_inlet_event_extra.py
[2025-01-23T14:58:55.423+0000] {processor.py:925} INFO - DAG(s) 'read_dataset_event', 'read_dataset_event_from_classic' retrieved from /home/airflow/.local/lib/python3.12/site-packages/airflow/example_dags/example_inlet_event_extra.py
[2025-01-23T14:58:55.454+0000] {logging_mixin.py:190} INFO - [2025-01-23T14:58:55.453+0000] {dag.py:3239} INFO - Sync 2 DAGs
[2025-01-23T14:58:55.488+0000] {logging_mixin.py:190} INFO - [2025-01-23T14:58:55.488+0000] {dag.py:4180} INFO - Setting next_dagrun for read_dataset_event to 2025-01-22 00:00:00+00:00, run_after=2025-01-23 00:00:00+00:00
[2025-01-23T14:58:55.495+0000] {logging_mixin.py:190} INFO - [2025-01-23T14:58:55.495+0000] {dag.py:4180} INFO - Setting next_dagrun for read_dataset_event_from_classic to 2025-01-22 00:00:00+00:00, run_after=2025-01-23 00:00:00+00:00
[2025-01-23T14:58:55.518+0000] {processor.py:208} INFO - Processing /home/airflow/.local/lib/python3.12/site-packages/airflow/example_dags/example_inlet_event_extra.py took 0.759 seconds
[2025-01-23T14:59:25.647+0000] {processor.py:186} INFO - Started process (PID=5587) to work on /home/airflow/.local/lib/python3.12/site-packages/airflow/example_dags/example_inlet_event_extra.py
[2025-01-23T14:59:25.653+0000] {processor.py:914} INFO - Processing file /home/airflow/.local/lib/python3.12/site-packages/airflow/example_dags/example_inlet_event_extra.py for tasks to queue
[2025-01-23T14:59:25.657+0000] {logging_mixin.py:190} INFO - [2025-01-23T14:59:25.657+0000] {dagbag.py:588} INFO - Filling up the DagBag from /home/airflow/.local/lib/python3.12/site-packages/airflow/example_dags/example_inlet_event_extra.py
[2025-01-23T14:59:26.355+0000] {processor.py:925} INFO - DAG(s) 'read_dataset_event_from_classic', 'read_dataset_event' retrieved from /home/airflow/.local/lib/python3.12/site-packages/airflow/example_dags/example_inlet_event_extra.py
[2025-01-23T14:59:26.385+0000] {logging_mixin.py:190} INFO - [2025-01-23T14:59:26.384+0000] {dag.py:3239} INFO - Sync 2 DAGs
[2025-01-23T14:59:26.414+0000] {logging_mixin.py:190} INFO - [2025-01-23T14:59:26.414+0000] {dag.py:4180} INFO - Setting next_dagrun for read_dataset_event to 2025-01-22 00:00:00+00:00, run_after=2025-01-23 00:00:00+00:00
[2025-01-23T14:59:26.421+0000] {logging_mixin.py:190} INFO - [2025-01-23T14:59:26.421+0000] {dag.py:4180} INFO - Setting next_dagrun for read_dataset_event_from_classic to 2025-01-22 00:00:00+00:00, run_after=2025-01-23 00:00:00+00:00
[2025-01-23T14:59:26.446+0000] {processor.py:208} INFO - Processing /home/airflow/.local/lib/python3.12/site-packages/airflow/example_dags/example_inlet_event_extra.py took 0.811 seconds
[2025-01-23T14:59:56.877+0000] {processor.py:186} INFO - Started process (PID=5889) to work on /home/airflow/.local/lib/python3.12/site-packages/airflow/example_dags/example_inlet_event_extra.py
[2025-01-23T14:59:56.879+0000] {processor.py:914} INFO - Processing file /home/airflow/.local/lib/python3.12/site-packages/airflow/example_dags/example_inlet_event_extra.py for tasks to queue
[2025-01-23T14:59:56.882+0000] {logging_mixin.py:190} INFO - [2025-01-23T14:59:56.882+0000] {dagbag.py:588} INFO - Filling up the DagBag from /home/airflow/.local/lib/python3.12/site-packages/airflow/example_dags/example_inlet_event_extra.py
[2025-01-23T14:59:57.734+0000] {processor.py:925} INFO - DAG(s) 'read_dataset_event', 'read_dataset_event_from_classic' retrieved from /home/airflow/.local/lib/python3.12/site-packages/airflow/example_dags/example_inlet_event_extra.py
[2025-01-23T14:59:57.772+0000] {logging_mixin.py:190} INFO - [2025-01-23T14:59:57.771+0000] {dag.py:3239} INFO - Sync 2 DAGs
[2025-01-23T14:59:57.808+0000] {logging_mixin.py:190} INFO - [2025-01-23T14:59:57.808+0000] {dag.py:4180} INFO - Setting next_dagrun for read_dataset_event to 2025-01-22 00:00:00+00:00, run_after=2025-01-23 00:00:00+00:00
[2025-01-23T14:59:57.816+0000] {logging_mixin.py:190} INFO - [2025-01-23T14:59:57.815+0000] {dag.py:4180} INFO - Setting next_dagrun for read_dataset_event_from_classic to 2025-01-22 00:00:00+00:00, run_after=2025-01-23 00:00:00+00:00
[2025-01-23T14:59:57.843+0000] {processor.py:208} INFO - Processing /home/airflow/.local/lib/python3.12/site-packages/airflow/example_dags/example_inlet_event_extra.py took 0.977 seconds
[2025-01-23T15:00:28.257+0000] {processor.py:186} INFO - Started process (PID=6185) to work on /home/airflow/.local/lib/python3.12/site-packages/airflow/example_dags/example_inlet_event_extra.py
[2025-01-23T15:00:28.259+0000] {processor.py:914} INFO - Processing file /home/airflow/.local/lib/python3.12/site-packages/airflow/example_dags/example_inlet_event_extra.py for tasks to queue
[2025-01-23T15:00:28.261+0000] {logging_mixin.py:190} INFO - [2025-01-23T15:00:28.261+0000] {dagbag.py:588} INFO - Filling up the DagBag from /home/airflow/.local/lib/python3.12/site-packages/airflow/example_dags/example_inlet_event_extra.py
[2025-01-23T15:00:28.934+0000] {processor.py:925} INFO - DAG(s) 'read_dataset_event', 'read_dataset_event_from_classic' retrieved from /home/airflow/.local/lib/python3.12/site-packages/airflow/example_dags/example_inlet_event_extra.py
[2025-01-23T15:00:28.967+0000] {logging_mixin.py:190} INFO - [2025-01-23T15:00:28.967+0000] {dag.py:3239} INFO - Sync 2 DAGs
[2025-01-23T15:00:28.998+0000] {logging_mixin.py:190} INFO - [2025-01-23T15:00:28.998+0000] {dag.py:4180} INFO - Setting next_dagrun for read_dataset_event to 2025-01-22 00:00:00+00:00, run_after=2025-01-23 00:00:00+00:00
[2025-01-23T15:00:29.005+0000] {logging_mixin.py:190} INFO - [2025-01-23T15:00:29.005+0000] {dag.py:4180} INFO - Setting next_dagrun for read_dataset_event_from_classic to 2025-01-22 00:00:00+00:00, run_after=2025-01-23 00:00:00+00:00
[2025-01-23T15:00:29.027+0000] {processor.py:208} INFO - Processing /home/airflow/.local/lib/python3.12/site-packages/airflow/example_dags/example_inlet_event_extra.py took 0.779 seconds
[2025-01-23T15:00:59.775+0000] {processor.py:186} INFO - Started process (PID=6481) to work on /home/airflow/.local/lib/python3.12/site-packages/airflow/example_dags/example_inlet_event_extra.py
[2025-01-23T15:00:59.779+0000] {processor.py:914} INFO - Processing file /home/airflow/.local/lib/python3.12/site-packages/airflow/example_dags/example_inlet_event_extra.py for tasks to queue
[2025-01-23T15:00:59.784+0000] {logging_mixin.py:190} INFO - [2025-01-23T15:00:59.783+0000] {dagbag.py:588} INFO - Filling up the DagBag from /home/airflow/.local/lib/python3.12/site-packages/airflow/example_dags/example_inlet_event_extra.py
[2025-01-23T15:01:01.124+0000] {processor.py:925} INFO - DAG(s) 'read_dataset_event', 'read_dataset_event_from_classic' retrieved from /home/airflow/.local/lib/python3.12/site-packages/airflow/example_dags/example_inlet_event_extra.py
[2025-01-23T15:01:01.168+0000] {logging_mixin.py:190} INFO - [2025-01-23T15:01:01.168+0000] {dag.py:3239} INFO - Sync 2 DAGs
[2025-01-23T15:01:01.216+0000] {logging_mixin.py:190} INFO - [2025-01-23T15:01:01.215+0000] {dag.py:4180} INFO - Setting next_dagrun for read_dataset_event to 2025-01-22 00:00:00+00:00, run_after=2025-01-23 00:00:00+00:00
[2025-01-23T15:01:01.225+0000] {logging_mixin.py:190} INFO - [2025-01-23T15:01:01.225+0000] {dag.py:4180} INFO - Setting next_dagrun for read_dataset_event_from_classic to 2025-01-22 00:00:00+00:00, run_after=2025-01-23 00:00:00+00:00
[2025-01-23T15:01:01.260+0000] {processor.py:208} INFO - Processing /home/airflow/.local/lib/python3.12/site-packages/airflow/example_dags/example_inlet_event_extra.py took 1.502 seconds
[2025-01-23T15:01:32.077+0000] {processor.py:186} INFO - Started process (PID=6777) to work on /home/airflow/.local/lib/python3.12/site-packages/airflow/example_dags/example_inlet_event_extra.py
[2025-01-23T15:01:32.084+0000] {processor.py:914} INFO - Processing file /home/airflow/.local/lib/python3.12/site-packages/airflow/example_dags/example_inlet_event_extra.py for tasks to queue
[2025-01-23T15:01:32.087+0000] {logging_mixin.py:190} INFO - [2025-01-23T15:01:32.087+0000] {dagbag.py:588} INFO - Filling up the DagBag from /home/airflow/.local/lib/python3.12/site-packages/airflow/example_dags/example_inlet_event_extra.py
[2025-01-23T15:01:33.026+0000] {processor.py:925} INFO - DAG(s) 'read_dataset_event_from_classic', 'read_dataset_event' retrieved from /home/airflow/.local/lib/python3.12/site-packages/airflow/example_dags/example_inlet_event_extra.py
[2025-01-23T15:01:33.069+0000] {logging_mixin.py:190} INFO - [2025-01-23T15:01:33.069+0000] {dag.py:3239} INFO - Sync 2 DAGs
[2025-01-23T15:01:33.124+0000] {logging_mixin.py:190} INFO - [2025-01-23T15:01:33.124+0000] {dag.py:4180} INFO - Setting next_dagrun for read_dataset_event to 2025-01-22 00:00:00+00:00, run_after=2025-01-23 00:00:00+00:00
[2025-01-23T15:01:33.135+0000] {logging_mixin.py:190} INFO - [2025-01-23T15:01:33.134+0000] {dag.py:4180} INFO - Setting next_dagrun for read_dataset_event_from_classic to 2025-01-22 00:00:00+00:00, run_after=2025-01-23 00:00:00+00:00
[2025-01-23T15:01:33.166+0000] {processor.py:208} INFO - Processing /home/airflow/.local/lib/python3.12/site-packages/airflow/example_dags/example_inlet_event_extra.py took 1.100 seconds
[2025-01-23T15:02:03.456+0000] {processor.py:186} INFO - Started process (PID=7073) to work on /home/airflow/.local/lib/python3.12/site-packages/airflow/example_dags/example_inlet_event_extra.py
[2025-01-23T15:02:03.457+0000] {processor.py:914} INFO - Processing file /home/airflow/.local/lib/python3.12/site-packages/airflow/example_dags/example_inlet_event_extra.py for tasks to queue
[2025-01-23T15:02:03.461+0000] {logging_mixin.py:190} INFO - [2025-01-23T15:02:03.461+0000] {dagbag.py:588} INFO - Filling up the DagBag from /home/airflow/.local/lib/python3.12/site-packages/airflow/example_dags/example_inlet_event_extra.py
[2025-01-23T15:02:04.389+0000] {processor.py:925} INFO - DAG(s) 'read_dataset_event_from_classic', 'read_dataset_event' retrieved from /home/airflow/.local/lib/python3.12/site-packages/airflow/example_dags/example_inlet_event_extra.py
[2025-01-23T15:02:04.430+0000] {logging_mixin.py:190} INFO - [2025-01-23T15:02:04.429+0000] {dag.py:3239} INFO - Sync 2 DAGs
[2025-01-23T15:02:04.483+0000] {logging_mixin.py:190} INFO - [2025-01-23T15:02:04.483+0000] {dag.py:4180} INFO - Setting next_dagrun for read_dataset_event to 2025-01-22 00:00:00+00:00, run_after=2025-01-23 00:00:00+00:00
[2025-01-23T15:02:04.493+0000] {logging_mixin.py:190} INFO - [2025-01-23T15:02:04.492+0000] {dag.py:4180} INFO - Setting next_dagrun for read_dataset_event_from_classic to 2025-01-22 00:00:00+00:00, run_after=2025-01-23 00:00:00+00:00
[2025-01-23T15:02:04.526+0000] {processor.py:208} INFO - Processing /home/airflow/.local/lib/python3.12/site-packages/airflow/example_dags/example_inlet_event_extra.py took 1.082 seconds
[2025-01-23T15:02:35.307+0000] {processor.py:186} INFO - Started process (PID=7369) to work on /home/airflow/.local/lib/python3.12/site-packages/airflow/example_dags/example_inlet_event_extra.py
[2025-01-23T15:02:35.314+0000] {processor.py:914} INFO - Processing file /home/airflow/.local/lib/python3.12/site-packages/airflow/example_dags/example_inlet_event_extra.py for tasks to queue
[2025-01-23T15:02:35.317+0000] {logging_mixin.py:190} INFO - [2025-01-23T15:02:35.316+0000] {dagbag.py:588} INFO - Filling up the DagBag from /home/airflow/.local/lib/python3.12/site-packages/airflow/example_dags/example_inlet_event_extra.py
[2025-01-23T15:02:36.035+0000] {processor.py:925} INFO - DAG(s) 'read_dataset_event', 'read_dataset_event_from_classic' retrieved from /home/airflow/.local/lib/python3.12/site-packages/airflow/example_dags/example_inlet_event_extra.py
[2025-01-23T15:02:36.070+0000] {logging_mixin.py:190} INFO - [2025-01-23T15:02:36.070+0000] {dag.py:3239} INFO - Sync 2 DAGs
[2025-01-23T15:02:36.109+0000] {logging_mixin.py:190} INFO - [2025-01-23T15:02:36.108+0000] {dag.py:4180} INFO - Setting next_dagrun for read_dataset_event to 2025-01-22 00:00:00+00:00, run_after=2025-01-23 00:00:00+00:00
[2025-01-23T15:02:36.118+0000] {logging_mixin.py:190} INFO - [2025-01-23T15:02:36.118+0000] {dag.py:4180} INFO - Setting next_dagrun for read_dataset_event_from_classic to 2025-01-22 00:00:00+00:00, run_after=2025-01-23 00:00:00+00:00
[2025-01-23T15:02:36.148+0000] {processor.py:208} INFO - Processing /home/airflow/.local/lib/python3.12/site-packages/airflow/example_dags/example_inlet_event_extra.py took 0.850 seconds
[2025-01-23T15:03:06.774+0000] {processor.py:186} INFO - Started process (PID=7665) to work on /home/airflow/.local/lib/python3.12/site-packages/airflow/example_dags/example_inlet_event_extra.py
[2025-01-23T15:03:06.781+0000] {processor.py:914} INFO - Processing file /home/airflow/.local/lib/python3.12/site-packages/airflow/example_dags/example_inlet_event_extra.py for tasks to queue
[2025-01-23T15:03:06.785+0000] {logging_mixin.py:190} INFO - [2025-01-23T15:03:06.784+0000] {dagbag.py:588} INFO - Filling up the DagBag from /home/airflow/.local/lib/python3.12/site-packages/airflow/example_dags/example_inlet_event_extra.py
[2025-01-23T15:03:07.665+0000] {processor.py:925} INFO - DAG(s) 'read_dataset_event_from_classic', 'read_dataset_event' retrieved from /home/airflow/.local/lib/python3.12/site-packages/airflow/example_dags/example_inlet_event_extra.py
[2025-01-23T15:03:07.708+0000] {logging_mixin.py:190} INFO - [2025-01-23T15:03:07.707+0000] {dag.py:3239} INFO - Sync 2 DAGs
[2025-01-23T15:03:07.751+0000] {logging_mixin.py:190} INFO - [2025-01-23T15:03:07.751+0000] {dag.py:4180} INFO - Setting next_dagrun for read_dataset_event to 2025-01-22 00:00:00+00:00, run_after=2025-01-23 00:00:00+00:00
[2025-01-23T15:03:07.759+0000] {logging_mixin.py:190} INFO - [2025-01-23T15:03:07.758+0000] {dag.py:4180} INFO - Setting next_dagrun for read_dataset_event_from_classic to 2025-01-22 00:00:00+00:00, run_after=2025-01-23 00:00:00+00:00
[2025-01-23T15:03:07.788+0000] {processor.py:208} INFO - Processing /home/airflow/.local/lib/python3.12/site-packages/airflow/example_dags/example_inlet_event_extra.py took 1.024 seconds
[2025-01-23T15:03:38.357+0000] {processor.py:186} INFO - Started process (PID=7961) to work on /home/airflow/.local/lib/python3.12/site-packages/airflow/example_dags/example_inlet_event_extra.py
[2025-01-23T15:03:38.360+0000] {processor.py:914} INFO - Processing file /home/airflow/.local/lib/python3.12/site-packages/airflow/example_dags/example_inlet_event_extra.py for tasks to queue
[2025-01-23T15:03:38.364+0000] {logging_mixin.py:190} INFO - [2025-01-23T15:03:38.364+0000] {dagbag.py:588} INFO - Filling up the DagBag from /home/airflow/.local/lib/python3.12/site-packages/airflow/example_dags/example_inlet_event_extra.py
[2025-01-23T15:03:39.217+0000] {processor.py:925} INFO - DAG(s) 'read_dataset_event_from_classic', 'read_dataset_event' retrieved from /home/airflow/.local/lib/python3.12/site-packages/airflow/example_dags/example_inlet_event_extra.py
[2025-01-23T15:03:39.248+0000] {logging_mixin.py:190} INFO - [2025-01-23T15:03:39.247+0000] {dag.py:3239} INFO - Sync 2 DAGs
[2025-01-23T15:03:39.290+0000] {logging_mixin.py:190} INFO - [2025-01-23T15:03:39.289+0000] {dag.py:4180} INFO - Setting next_dagrun for read_dataset_event to 2025-01-22 00:00:00+00:00, run_after=2025-01-23 00:00:00+00:00
[2025-01-23T15:03:39.299+0000] {logging_mixin.py:190} INFO - [2025-01-23T15:03:39.298+0000] {dag.py:4180} INFO - Setting next_dagrun for read_dataset_event_from_classic to 2025-01-22 00:00:00+00:00, run_after=2025-01-23 00:00:00+00:00
[2025-01-23T15:03:39.325+0000] {processor.py:208} INFO - Processing /home/airflow/.local/lib/python3.12/site-packages/airflow/example_dags/example_inlet_event_extra.py took 0.976 seconds
[2025-01-23T15:04:10.076+0000] {processor.py:186} INFO - Started process (PID=8260) to work on /home/airflow/.local/lib/python3.12/site-packages/airflow/example_dags/example_inlet_event_extra.py
[2025-01-23T15:04:10.078+0000] {processor.py:914} INFO - Processing file /home/airflow/.local/lib/python3.12/site-packages/airflow/example_dags/example_inlet_event_extra.py for tasks to queue
[2025-01-23T15:04:10.082+0000] {logging_mixin.py:190} INFO - [2025-01-23T15:04:10.081+0000] {dagbag.py:588} INFO - Filling up the DagBag from /home/airflow/.local/lib/python3.12/site-packages/airflow/example_dags/example_inlet_event_extra.py
[2025-01-23T15:04:10.761+0000] {processor.py:925} INFO - DAG(s) 'read_dataset_event_from_classic', 'read_dataset_event' retrieved from /home/airflow/.local/lib/python3.12/site-packages/airflow/example_dags/example_inlet_event_extra.py
[2025-01-23T15:04:10.791+0000] {logging_mixin.py:190} INFO - [2025-01-23T15:04:10.791+0000] {dag.py:3239} INFO - Sync 2 DAGs
[2025-01-23T15:04:10.826+0000] {logging_mixin.py:190} INFO - [2025-01-23T15:04:10.825+0000] {dag.py:4180} INFO - Setting next_dagrun for read_dataset_event to 2025-01-22 00:00:00+00:00, run_after=2025-01-23 00:00:00+00:00
[2025-01-23T15:04:10.832+0000] {logging_mixin.py:190} INFO - [2025-01-23T15:04:10.832+0000] {dag.py:4180} INFO - Setting next_dagrun for read_dataset_event_from_classic to 2025-01-22 00:00:00+00:00, run_after=2025-01-23 00:00:00+00:00
[2025-01-23T15:04:10.858+0000] {processor.py:208} INFO - Processing /home/airflow/.local/lib/python3.12/site-packages/airflow/example_dags/example_inlet_event_extra.py took 0.789 seconds
[2025-01-23T15:04:41.424+0000] {processor.py:186} INFO - Started process (PID=8558) to work on /home/airflow/.local/lib/python3.12/site-packages/airflow/example_dags/example_inlet_event_extra.py
[2025-01-23T15:04:41.430+0000] {processor.py:914} INFO - Processing file /home/airflow/.local/lib/python3.12/site-packages/airflow/example_dags/example_inlet_event_extra.py for tasks to queue
[2025-01-23T15:04:41.433+0000] {logging_mixin.py:190} INFO - [2025-01-23T15:04:41.433+0000] {dagbag.py:588} INFO - Filling up the DagBag from /home/airflow/.local/lib/python3.12/site-packages/airflow/example_dags/example_inlet_event_extra.py
[2025-01-23T15:04:42.078+0000] {processor.py:925} INFO - DAG(s) 'read_dataset_event_from_classic', 'read_dataset_event' retrieved from /home/airflow/.local/lib/python3.12/site-packages/airflow/example_dags/example_inlet_event_extra.py
[2025-01-23T15:04:42.111+0000] {logging_mixin.py:190} INFO - [2025-01-23T15:04:42.110+0000] {dag.py:3239} INFO - Sync 2 DAGs
[2025-01-23T15:04:42.142+0000] {logging_mixin.py:190} INFO - [2025-01-23T15:04:42.142+0000] {dag.py:4180} INFO - Setting next_dagrun for read_dataset_event to 2025-01-22 00:00:00+00:00, run_after=2025-01-23 00:00:00+00:00
[2025-01-23T15:04:42.149+0000] {logging_mixin.py:190} INFO - [2025-01-23T15:04:42.149+0000] {dag.py:4180} INFO - Setting next_dagrun for read_dataset_event_from_classic to 2025-01-22 00:00:00+00:00, run_after=2025-01-23 00:00:00+00:00
[2025-01-23T15:04:42.176+0000] {processor.py:208} INFO - Processing /home/airflow/.local/lib/python3.12/site-packages/airflow/example_dags/example_inlet_event_extra.py took 0.761 seconds
[2025-01-23T15:05:12.221+0000] {processor.py:186} INFO - Started process (PID=8854) to work on /home/airflow/.local/lib/python3.12/site-packages/airflow/example_dags/example_inlet_event_extra.py
[2025-01-23T15:05:12.228+0000] {processor.py:914} INFO - Processing file /home/airflow/.local/lib/python3.12/site-packages/airflow/example_dags/example_inlet_event_extra.py for tasks to queue
[2025-01-23T15:05:12.232+0000] {logging_mixin.py:190} INFO - [2025-01-23T15:05:12.232+0000] {dagbag.py:588} INFO - Filling up the DagBag from /home/airflow/.local/lib/python3.12/site-packages/airflow/example_dags/example_inlet_event_extra.py
[2025-01-23T15:05:12.794+0000] {processor.py:925} INFO - DAG(s) 'read_dataset_event_from_classic', 'read_dataset_event' retrieved from /home/airflow/.local/lib/python3.12/site-packages/airflow/example_dags/example_inlet_event_extra.py
[2025-01-23T15:05:12.828+0000] {logging_mixin.py:190} INFO - [2025-01-23T15:05:12.827+0000] {dag.py:3239} INFO - Sync 2 DAGs
[2025-01-23T15:05:12.859+0000] {logging_mixin.py:190} INFO - [2025-01-23T15:05:12.859+0000] {dag.py:4180} INFO - Setting next_dagrun for read_dataset_event to 2025-01-22 00:00:00+00:00, run_after=2025-01-23 00:00:00+00:00
[2025-01-23T15:05:12.866+0000] {logging_mixin.py:190} INFO - [2025-01-23T15:05:12.865+0000] {dag.py:4180} INFO - Setting next_dagrun for read_dataset_event_from_classic to 2025-01-22 00:00:00+00:00, run_after=2025-01-23 00:00:00+00:00
[2025-01-23T15:05:12.894+0000] {processor.py:208} INFO - Processing /home/airflow/.local/lib/python3.12/site-packages/airflow/example_dags/example_inlet_event_extra.py took 0.680 seconds
[2025-01-23T15:05:43.703+0000] {processor.py:186} INFO - Started process (PID=9150) to work on /home/airflow/.local/lib/python3.12/site-packages/airflow/example_dags/example_inlet_event_extra.py
[2025-01-23T15:05:43.705+0000] {processor.py:914} INFO - Processing file /home/airflow/.local/lib/python3.12/site-packages/airflow/example_dags/example_inlet_event_extra.py for tasks to queue
[2025-01-23T15:05:43.709+0000] {logging_mixin.py:190} INFO - [2025-01-23T15:05:43.708+0000] {dagbag.py:588} INFO - Filling up the DagBag from /home/airflow/.local/lib/python3.12/site-packages/airflow/example_dags/example_inlet_event_extra.py
[2025-01-23T15:05:44.364+0000] {processor.py:925} INFO - DAG(s) 'read_dataset_event_from_classic', 'read_dataset_event' retrieved from /home/airflow/.local/lib/python3.12/site-packages/airflow/example_dags/example_inlet_event_extra.py
[2025-01-23T15:05:44.396+0000] {logging_mixin.py:190} INFO - [2025-01-23T15:05:44.396+0000] {dag.py:3239} INFO - Sync 2 DAGs
[2025-01-23T15:05:44.433+0000] {logging_mixin.py:190} INFO - [2025-01-23T15:05:44.432+0000] {dag.py:4180} INFO - Setting next_dagrun for read_dataset_event to 2025-01-22 00:00:00+00:00, run_after=2025-01-23 00:00:00+00:00
[2025-01-23T15:05:44.441+0000] {logging_mixin.py:190} INFO - [2025-01-23T15:05:44.440+0000] {dag.py:4180} INFO - Setting next_dagrun for read_dataset_event_from_classic to 2025-01-22 00:00:00+00:00, run_after=2025-01-23 00:00:00+00:00
[2025-01-23T15:05:44.463+0000] {processor.py:208} INFO - Processing /home/airflow/.local/lib/python3.12/site-packages/airflow/example_dags/example_inlet_event_extra.py took 0.770 seconds
[2025-01-23T15:06:14.679+0000] {processor.py:186} INFO - Started process (PID=9465) to work on /home/airflow/.local/lib/python3.12/site-packages/airflow/example_dags/example_inlet_event_extra.py
[2025-01-23T15:06:14.681+0000] {processor.py:914} INFO - Processing file /home/airflow/.local/lib/python3.12/site-packages/airflow/example_dags/example_inlet_event_extra.py for tasks to queue
[2025-01-23T15:06:14.684+0000] {logging_mixin.py:190} INFO - [2025-01-23T15:06:14.684+0000] {dagbag.py:588} INFO - Filling up the DagBag from /home/airflow/.local/lib/python3.12/site-packages/airflow/example_dags/example_inlet_event_extra.py
[2025-01-23T15:06:15.264+0000] {processor.py:925} INFO - DAG(s) 'read_dataset_event', 'read_dataset_event_from_classic' retrieved from /home/airflow/.local/lib/python3.12/site-packages/airflow/example_dags/example_inlet_event_extra.py
[2025-01-23T15:06:15.293+0000] {logging_mixin.py:190} INFO - [2025-01-23T15:06:15.293+0000] {dag.py:3239} INFO - Sync 2 DAGs
[2025-01-23T15:06:15.323+0000] {logging_mixin.py:190} INFO - [2025-01-23T15:06:15.323+0000] {dag.py:4180} INFO - Setting next_dagrun for read_dataset_event to 2025-01-22 00:00:00+00:00, run_after=2025-01-23 00:00:00+00:00
[2025-01-23T15:06:15.329+0000] {logging_mixin.py:190} INFO - [2025-01-23T15:06:15.329+0000] {dag.py:4180} INFO - Setting next_dagrun for read_dataset_event_from_classic to 2025-01-22 00:00:00+00:00, run_after=2025-01-23 00:00:00+00:00
[2025-01-23T15:06:15.353+0000] {processor.py:208} INFO - Processing /home/airflow/.local/lib/python3.12/site-packages/airflow/example_dags/example_inlet_event_extra.py took 0.684 seconds
[2025-01-23T15:06:45.452+0000] {processor.py:186} INFO - Started process (PID=9771) to work on /home/airflow/.local/lib/python3.12/site-packages/airflow/example_dags/example_inlet_event_extra.py
[2025-01-23T15:06:45.454+0000] {processor.py:914} INFO - Processing file /home/airflow/.local/lib/python3.12/site-packages/airflow/example_dags/example_inlet_event_extra.py for tasks to queue
[2025-01-23T15:06:45.457+0000] {logging_mixin.py:190} INFO - [2025-01-23T15:06:45.457+0000] {dagbag.py:588} INFO - Filling up the DagBag from /home/airflow/.local/lib/python3.12/site-packages/airflow/example_dags/example_inlet_event_extra.py
[2025-01-23T15:06:46.149+0000] {processor.py:925} INFO - DAG(s) 'read_dataset_event_from_classic', 'read_dataset_event' retrieved from /home/airflow/.local/lib/python3.12/site-packages/airflow/example_dags/example_inlet_event_extra.py
[2025-01-23T15:06:46.175+0000] {logging_mixin.py:190} INFO - [2025-01-23T15:06:46.175+0000] {dag.py:3239} INFO - Sync 2 DAGs
[2025-01-23T15:06:46.208+0000] {logging_mixin.py:190} INFO - [2025-01-23T15:06:46.208+0000] {dag.py:4180} INFO - Setting next_dagrun for read_dataset_event to 2025-01-22 00:00:00+00:00, run_after=2025-01-23 00:00:00+00:00
[2025-01-23T15:06:46.215+0000] {logging_mixin.py:190} INFO - [2025-01-23T15:06:46.215+0000] {dag.py:4180} INFO - Setting next_dagrun for read_dataset_event_from_classic to 2025-01-22 00:00:00+00:00, run_after=2025-01-23 00:00:00+00:00
[2025-01-23T15:06:46.245+0000] {processor.py:208} INFO - Processing /home/airflow/.local/lib/python3.12/site-packages/airflow/example_dags/example_inlet_event_extra.py took 0.801 seconds
[2025-01-23T15:07:16.782+0000] {processor.py:186} INFO - Started process (PID=10067) to work on /home/airflow/.local/lib/python3.12/site-packages/airflow/example_dags/example_inlet_event_extra.py
[2025-01-23T15:07:16.784+0000] {processor.py:914} INFO - Processing file /home/airflow/.local/lib/python3.12/site-packages/airflow/example_dags/example_inlet_event_extra.py for tasks to queue
[2025-01-23T15:07:16.788+0000] {logging_mixin.py:190} INFO - [2025-01-23T15:07:16.787+0000] {dagbag.py:588} INFO - Filling up the DagBag from /home/airflow/.local/lib/python3.12/site-packages/airflow/example_dags/example_inlet_event_extra.py
[2025-01-23T15:07:17.599+0000] {processor.py:925} INFO - DAG(s) 'read_dataset_event', 'read_dataset_event_from_classic' retrieved from /home/airflow/.local/lib/python3.12/site-packages/airflow/example_dags/example_inlet_event_extra.py
[2025-01-23T15:07:17.632+0000] {logging_mixin.py:190} INFO - [2025-01-23T15:07:17.632+0000] {dag.py:3239} INFO - Sync 2 DAGs
[2025-01-23T15:07:17.681+0000] {logging_mixin.py:190} INFO - [2025-01-23T15:07:17.681+0000] {dag.py:4180} INFO - Setting next_dagrun for read_dataset_event to 2025-01-22 00:00:00+00:00, run_after=2025-01-23 00:00:00+00:00
[2025-01-23T15:07:17.691+0000] {logging_mixin.py:190} INFO - [2025-01-23T15:07:17.690+0000] {dag.py:4180} INFO - Setting next_dagrun for read_dataset_event_from_classic to 2025-01-22 00:00:00+00:00, run_after=2025-01-23 00:00:00+00:00
[2025-01-23T15:07:17.747+0000] {processor.py:208} INFO - Processing /home/airflow/.local/lib/python3.12/site-packages/airflow/example_dags/example_inlet_event_extra.py took 0.975 seconds
[2025-01-23T15:07:48.005+0000] {processor.py:186} INFO - Started process (PID=10381) to work on /home/airflow/.local/lib/python3.12/site-packages/airflow/example_dags/example_inlet_event_extra.py
[2025-01-23T15:07:48.006+0000] {processor.py:914} INFO - Processing file /home/airflow/.local/lib/python3.12/site-packages/airflow/example_dags/example_inlet_event_extra.py for tasks to queue
[2025-01-23T15:07:48.010+0000] {logging_mixin.py:190} INFO - [2025-01-23T15:07:48.009+0000] {dagbag.py:588} INFO - Filling up the DagBag from /home/airflow/.local/lib/python3.12/site-packages/airflow/example_dags/example_inlet_event_extra.py
[2025-01-23T15:07:48.850+0000] {processor.py:925} INFO - DAG(s) 'read_dataset_event', 'read_dataset_event_from_classic' retrieved from /home/airflow/.local/lib/python3.12/site-packages/airflow/example_dags/example_inlet_event_extra.py
[2025-01-23T15:07:48.882+0000] {logging_mixin.py:190} INFO - [2025-01-23T15:07:48.882+0000] {dag.py:3239} INFO - Sync 2 DAGs
[2025-01-23T15:07:48.930+0000] {logging_mixin.py:190} INFO - [2025-01-23T15:07:48.929+0000] {dag.py:4180} INFO - Setting next_dagrun for read_dataset_event to 2025-01-22 00:00:00+00:00, run_after=2025-01-23 00:00:00+00:00
[2025-01-23T15:07:48.940+0000] {logging_mixin.py:190} INFO - [2025-01-23T15:07:48.939+0000] {dag.py:4180} INFO - Setting next_dagrun for read_dataset_event_from_classic to 2025-01-22 00:00:00+00:00, run_after=2025-01-23 00:00:00+00:00
[2025-01-23T15:07:48.971+0000] {processor.py:208} INFO - Processing /home/airflow/.local/lib/python3.12/site-packages/airflow/example_dags/example_inlet_event_extra.py took 0.976 seconds
