[2025-01-23T14:50:06.848+0000] {processor.py:186} INFO - Started process (PID=282) to work on /home/airflow/.local/lib/python3.12/site-packages/airflow/example_dags/example_sensor_decorator.py
[2025-01-23T14:50:06.849+0000] {processor.py:914} INFO - Processing file /home/airflow/.local/lib/python3.12/site-packages/airflow/example_dags/example_sensor_decorator.py for tasks to queue
[2025-01-23T14:50:06.853+0000] {logging_mixin.py:190} INFO - [2025-01-23T14:50:06.852+0000] {dagbag.py:588} INFO - Filling up the DagBag from /home/airflow/.local/lib/python3.12/site-packages/airflow/example_dags/example_sensor_decorator.py
[2025-01-23T14:50:06.870+0000] {processor.py:925} INFO - DAG(s) 'example_sensor_decorator' retrieved from /home/airflow/.local/lib/python3.12/site-packages/airflow/example_dags/example_sensor_decorator.py
[2025-01-23T14:50:06.895+0000] {logging_mixin.py:190} INFO - [2025-01-23T14:50:06.894+0000] {dag.py:3239} INFO - Sync 1 DAGs
[2025-01-23T14:50:06.910+0000] {logging_mixin.py:190} INFO - [2025-01-23T14:50:06.910+0000] {dag.py:4180} INFO - Setting next_dagrun for example_sensor_decorator to None, run_after=None
[2025-01-23T14:50:06.932+0000] {processor.py:208} INFO - Processing /home/airflow/.local/lib/python3.12/site-packages/airflow/example_dags/example_sensor_decorator.py took 0.096 seconds
[2025-01-23T14:50:37.347+0000] {processor.py:186} INFO - Started process (PID=578) to work on /home/airflow/.local/lib/python3.12/site-packages/airflow/example_dags/example_sensor_decorator.py
[2025-01-23T14:50:37.348+0000] {processor.py:914} INFO - Processing file /home/airflow/.local/lib/python3.12/site-packages/airflow/example_dags/example_sensor_decorator.py for tasks to queue
[2025-01-23T14:50:37.350+0000] {logging_mixin.py:190} INFO - [2025-01-23T14:50:37.350+0000] {dagbag.py:588} INFO - Filling up the DagBag from /home/airflow/.local/lib/python3.12/site-packages/airflow/example_dags/example_sensor_decorator.py
[2025-01-23T14:50:37.357+0000] {processor.py:925} INFO - DAG(s) 'example_sensor_decorator' retrieved from /home/airflow/.local/lib/python3.12/site-packages/airflow/example_dags/example_sensor_decorator.py
[2025-01-23T14:50:37.374+0000] {logging_mixin.py:190} INFO - [2025-01-23T14:50:37.374+0000] {dag.py:3239} INFO - Sync 1 DAGs
[2025-01-23T14:50:37.386+0000] {logging_mixin.py:190} INFO - [2025-01-23T14:50:37.386+0000] {dag.py:4180} INFO - Setting next_dagrun for example_sensor_decorator to None, run_after=None
[2025-01-23T14:50:37.402+0000] {processor.py:208} INFO - Processing /home/airflow/.local/lib/python3.12/site-packages/airflow/example_dags/example_sensor_decorator.py took 0.061 seconds
[2025-01-23T14:51:08.913+0000] {processor.py:186} INFO - Started process (PID=874) to work on /home/airflow/.local/lib/python3.12/site-packages/airflow/example_dags/example_sensor_decorator.py
[2025-01-23T14:51:08.914+0000] {processor.py:914} INFO - Processing file /home/airflow/.local/lib/python3.12/site-packages/airflow/example_dags/example_sensor_decorator.py for tasks to queue
[2025-01-23T14:51:08.916+0000] {logging_mixin.py:190} INFO - [2025-01-23T14:51:08.916+0000] {dagbag.py:588} INFO - Filling up the DagBag from /home/airflow/.local/lib/python3.12/site-packages/airflow/example_dags/example_sensor_decorator.py
[2025-01-23T14:51:08.924+0000] {processor.py:925} INFO - DAG(s) 'example_sensor_decorator' retrieved from /home/airflow/.local/lib/python3.12/site-packages/airflow/example_dags/example_sensor_decorator.py
[2025-01-23T14:51:08.943+0000] {logging_mixin.py:190} INFO - [2025-01-23T14:51:08.943+0000] {dag.py:3239} INFO - Sync 1 DAGs
[2025-01-23T14:51:08.956+0000] {logging_mixin.py:190} INFO - [2025-01-23T14:51:08.956+0000] {dag.py:4180} INFO - Setting next_dagrun for example_sensor_decorator to None, run_after=None
[2025-01-23T14:51:08.994+0000] {processor.py:208} INFO - Processing /home/airflow/.local/lib/python3.12/site-packages/airflow/example_dags/example_sensor_decorator.py took 0.086 seconds
[2025-01-23T14:51:40.257+0000] {processor.py:186} INFO - Started process (PID=1170) to work on /home/airflow/.local/lib/python3.12/site-packages/airflow/example_dags/example_sensor_decorator.py
[2025-01-23T14:51:40.258+0000] {processor.py:914} INFO - Processing file /home/airflow/.local/lib/python3.12/site-packages/airflow/example_dags/example_sensor_decorator.py for tasks to queue
[2025-01-23T14:51:40.260+0000] {logging_mixin.py:190} INFO - [2025-01-23T14:51:40.260+0000] {dagbag.py:588} INFO - Filling up the DagBag from /home/airflow/.local/lib/python3.12/site-packages/airflow/example_dags/example_sensor_decorator.py
[2025-01-23T14:51:40.268+0000] {processor.py:925} INFO - DAG(s) 'example_sensor_decorator' retrieved from /home/airflow/.local/lib/python3.12/site-packages/airflow/example_dags/example_sensor_decorator.py
[2025-01-23T14:51:40.288+0000] {logging_mixin.py:190} INFO - [2025-01-23T14:51:40.287+0000] {dag.py:3239} INFO - Sync 1 DAGs
[2025-01-23T14:51:40.302+0000] {logging_mixin.py:190} INFO - [2025-01-23T14:51:40.301+0000] {dag.py:4180} INFO - Setting next_dagrun for example_sensor_decorator to None, run_after=None
[2025-01-23T14:51:40.319+0000] {processor.py:208} INFO - Processing /home/airflow/.local/lib/python3.12/site-packages/airflow/example_dags/example_sensor_decorator.py took 0.068 seconds
[2025-01-23T14:52:11.485+0000] {processor.py:186} INFO - Started process (PID=1466) to work on /home/airflow/.local/lib/python3.12/site-packages/airflow/example_dags/example_sensor_decorator.py
[2025-01-23T14:52:11.486+0000] {processor.py:914} INFO - Processing file /home/airflow/.local/lib/python3.12/site-packages/airflow/example_dags/example_sensor_decorator.py for tasks to queue
[2025-01-23T14:52:11.488+0000] {logging_mixin.py:190} INFO - [2025-01-23T14:52:11.488+0000] {dagbag.py:588} INFO - Filling up the DagBag from /home/airflow/.local/lib/python3.12/site-packages/airflow/example_dags/example_sensor_decorator.py
[2025-01-23T14:52:11.496+0000] {processor.py:925} INFO - DAG(s) 'example_sensor_decorator' retrieved from /home/airflow/.local/lib/python3.12/site-packages/airflow/example_dags/example_sensor_decorator.py
[2025-01-23T14:52:11.515+0000] {logging_mixin.py:190} INFO - [2025-01-23T14:52:11.515+0000] {dag.py:3239} INFO - Sync 1 DAGs
[2025-01-23T14:52:11.530+0000] {logging_mixin.py:190} INFO - [2025-01-23T14:52:11.530+0000] {dag.py:4180} INFO - Setting next_dagrun for example_sensor_decorator to None, run_after=None
[2025-01-23T14:52:11.552+0000] {processor.py:208} INFO - Processing /home/airflow/.local/lib/python3.12/site-packages/airflow/example_dags/example_sensor_decorator.py took 0.073 seconds
[2025-01-23T14:52:42.917+0000] {processor.py:186} INFO - Started process (PID=1764) to work on /home/airflow/.local/lib/python3.12/site-packages/airflow/example_dags/example_sensor_decorator.py
[2025-01-23T14:52:42.918+0000] {processor.py:914} INFO - Processing file /home/airflow/.local/lib/python3.12/site-packages/airflow/example_dags/example_sensor_decorator.py for tasks to queue
[2025-01-23T14:52:42.920+0000] {logging_mixin.py:190} INFO - [2025-01-23T14:52:42.920+0000] {dagbag.py:588} INFO - Filling up the DagBag from /home/airflow/.local/lib/python3.12/site-packages/airflow/example_dags/example_sensor_decorator.py
[2025-01-23T14:52:42.928+0000] {processor.py:925} INFO - DAG(s) 'example_sensor_decorator' retrieved from /home/airflow/.local/lib/python3.12/site-packages/airflow/example_dags/example_sensor_decorator.py
[2025-01-23T14:52:42.946+0000] {logging_mixin.py:190} INFO - [2025-01-23T14:52:42.946+0000] {dag.py:3239} INFO - Sync 1 DAGs
[2025-01-23T14:52:42.959+0000] {logging_mixin.py:190} INFO - [2025-01-23T14:52:42.958+0000] {dag.py:4180} INFO - Setting next_dagrun for example_sensor_decorator to None, run_after=None
[2025-01-23T14:52:42.974+0000] {processor.py:208} INFO - Processing /home/airflow/.local/lib/python3.12/site-packages/airflow/example_dags/example_sensor_decorator.py took 0.063 seconds
[2025-01-23T14:53:13.645+0000] {processor.py:186} INFO - Started process (PID=2058) to work on /home/airflow/.local/lib/python3.12/site-packages/airflow/example_dags/example_sensor_decorator.py
[2025-01-23T14:53:13.646+0000] {processor.py:914} INFO - Processing file /home/airflow/.local/lib/python3.12/site-packages/airflow/example_dags/example_sensor_decorator.py for tasks to queue
[2025-01-23T14:53:13.649+0000] {logging_mixin.py:190} INFO - [2025-01-23T14:53:13.648+0000] {dagbag.py:588} INFO - Filling up the DagBag from /home/airflow/.local/lib/python3.12/site-packages/airflow/example_dags/example_sensor_decorator.py
[2025-01-23T14:53:13.655+0000] {processor.py:925} INFO - DAG(s) 'example_sensor_decorator' retrieved from /home/airflow/.local/lib/python3.12/site-packages/airflow/example_dags/example_sensor_decorator.py
[2025-01-23T14:53:13.674+0000] {logging_mixin.py:190} INFO - [2025-01-23T14:53:13.673+0000] {dag.py:3239} INFO - Sync 1 DAGs
[2025-01-23T14:53:13.687+0000] {logging_mixin.py:190} INFO - [2025-01-23T14:53:13.687+0000] {dag.py:4180} INFO - Setting next_dagrun for example_sensor_decorator to None, run_after=None
[2025-01-23T14:53:13.704+0000] {processor.py:208} INFO - Processing /home/airflow/.local/lib/python3.12/site-packages/airflow/example_dags/example_sensor_decorator.py took 0.064 seconds
[2025-01-23T14:53:44.324+0000] {processor.py:186} INFO - Started process (PID=2354) to work on /home/airflow/.local/lib/python3.12/site-packages/airflow/example_dags/example_sensor_decorator.py
[2025-01-23T14:53:44.325+0000] {processor.py:914} INFO - Processing file /home/airflow/.local/lib/python3.12/site-packages/airflow/example_dags/example_sensor_decorator.py for tasks to queue
[2025-01-23T14:53:44.328+0000] {logging_mixin.py:190} INFO - [2025-01-23T14:53:44.327+0000] {dagbag.py:588} INFO - Filling up the DagBag from /home/airflow/.local/lib/python3.12/site-packages/airflow/example_dags/example_sensor_decorator.py
[2025-01-23T14:53:44.334+0000] {processor.py:925} INFO - DAG(s) 'example_sensor_decorator' retrieved from /home/airflow/.local/lib/python3.12/site-packages/airflow/example_dags/example_sensor_decorator.py
[2025-01-23T14:53:44.352+0000] {logging_mixin.py:190} INFO - [2025-01-23T14:53:44.352+0000] {dag.py:3239} INFO - Sync 1 DAGs
[2025-01-23T14:53:44.364+0000] {logging_mixin.py:190} INFO - [2025-01-23T14:53:44.364+0000] {dag.py:4180} INFO - Setting next_dagrun for example_sensor_decorator to None, run_after=None
[2025-01-23T14:53:44.382+0000] {processor.py:208} INFO - Processing /home/airflow/.local/lib/python3.12/site-packages/airflow/example_dags/example_sensor_decorator.py took 0.064 seconds
[2025-01-23T14:54:15.125+0000] {processor.py:186} INFO - Started process (PID=2652) to work on /home/airflow/.local/lib/python3.12/site-packages/airflow/example_dags/example_sensor_decorator.py
[2025-01-23T14:54:15.126+0000] {processor.py:914} INFO - Processing file /home/airflow/.local/lib/python3.12/site-packages/airflow/example_dags/example_sensor_decorator.py for tasks to queue
[2025-01-23T14:54:15.129+0000] {logging_mixin.py:190} INFO - [2025-01-23T14:54:15.129+0000] {dagbag.py:588} INFO - Filling up the DagBag from /home/airflow/.local/lib/python3.12/site-packages/airflow/example_dags/example_sensor_decorator.py
[2025-01-23T14:54:15.136+0000] {processor.py:925} INFO - DAG(s) 'example_sensor_decorator' retrieved from /home/airflow/.local/lib/python3.12/site-packages/airflow/example_dags/example_sensor_decorator.py
[2025-01-23T14:54:15.154+0000] {logging_mixin.py:190} INFO - [2025-01-23T14:54:15.154+0000] {dag.py:3239} INFO - Sync 1 DAGs
[2025-01-23T14:54:15.167+0000] {logging_mixin.py:190} INFO - [2025-01-23T14:54:15.167+0000] {dag.py:4180} INFO - Setting next_dagrun for example_sensor_decorator to None, run_after=None
[2025-01-23T14:54:15.182+0000] {processor.py:208} INFO - Processing /home/airflow/.local/lib/python3.12/site-packages/airflow/example_dags/example_sensor_decorator.py took 0.063 seconds
[2025-01-23T14:54:46.136+0000] {processor.py:186} INFO - Started process (PID=2948) to work on /home/airflow/.local/lib/python3.12/site-packages/airflow/example_dags/example_sensor_decorator.py
[2025-01-23T14:54:46.137+0000] {processor.py:914} INFO - Processing file /home/airflow/.local/lib/python3.12/site-packages/airflow/example_dags/example_sensor_decorator.py for tasks to queue
[2025-01-23T14:54:46.139+0000] {logging_mixin.py:190} INFO - [2025-01-23T14:54:46.139+0000] {dagbag.py:588} INFO - Filling up the DagBag from /home/airflow/.local/lib/python3.12/site-packages/airflow/example_dags/example_sensor_decorator.py
[2025-01-23T14:54:46.147+0000] {processor.py:925} INFO - DAG(s) 'example_sensor_decorator' retrieved from /home/airflow/.local/lib/python3.12/site-packages/airflow/example_dags/example_sensor_decorator.py
[2025-01-23T14:54:46.168+0000] {logging_mixin.py:190} INFO - [2025-01-23T14:54:46.167+0000] {dag.py:3239} INFO - Sync 1 DAGs
[2025-01-23T14:54:46.182+0000] {logging_mixin.py:190} INFO - [2025-01-23T14:54:46.181+0000] {dag.py:4180} INFO - Setting next_dagrun for example_sensor_decorator to None, run_after=None
[2025-01-23T14:54:46.202+0000] {processor.py:208} INFO - Processing /home/airflow/.local/lib/python3.12/site-packages/airflow/example_dags/example_sensor_decorator.py took 0.072 seconds
[2025-01-23T14:55:17.534+0000] {processor.py:186} INFO - Started process (PID=3242) to work on /home/airflow/.local/lib/python3.12/site-packages/airflow/example_dags/example_sensor_decorator.py
[2025-01-23T14:55:17.535+0000] {processor.py:914} INFO - Processing file /home/airflow/.local/lib/python3.12/site-packages/airflow/example_dags/example_sensor_decorator.py for tasks to queue
[2025-01-23T14:55:17.538+0000] {logging_mixin.py:190} INFO - [2025-01-23T14:55:17.537+0000] {dagbag.py:588} INFO - Filling up the DagBag from /home/airflow/.local/lib/python3.12/site-packages/airflow/example_dags/example_sensor_decorator.py
[2025-01-23T14:55:17.544+0000] {processor.py:925} INFO - DAG(s) 'example_sensor_decorator' retrieved from /home/airflow/.local/lib/python3.12/site-packages/airflow/example_dags/example_sensor_decorator.py
[2025-01-23T14:55:17.562+0000] {logging_mixin.py:190} INFO - [2025-01-23T14:55:17.562+0000] {dag.py:3239} INFO - Sync 1 DAGs
[2025-01-23T14:55:17.574+0000] {logging_mixin.py:190} INFO - [2025-01-23T14:55:17.574+0000] {dag.py:4180} INFO - Setting next_dagrun for example_sensor_decorator to None, run_after=None
[2025-01-23T14:55:17.591+0000] {processor.py:208} INFO - Processing /home/airflow/.local/lib/python3.12/site-packages/airflow/example_dags/example_sensor_decorator.py took 0.062 seconds
[2025-01-23T14:55:48.709+0000] {processor.py:186} INFO - Started process (PID=3540) to work on /home/airflow/.local/lib/python3.12/site-packages/airflow/example_dags/example_sensor_decorator.py
[2025-01-23T14:55:48.710+0000] {processor.py:914} INFO - Processing file /home/airflow/.local/lib/python3.12/site-packages/airflow/example_dags/example_sensor_decorator.py for tasks to queue
[2025-01-23T14:55:48.712+0000] {logging_mixin.py:190} INFO - [2025-01-23T14:55:48.712+0000] {dagbag.py:588} INFO - Filling up the DagBag from /home/airflow/.local/lib/python3.12/site-packages/airflow/example_dags/example_sensor_decorator.py
[2025-01-23T14:55:48.719+0000] {processor.py:925} INFO - DAG(s) 'example_sensor_decorator' retrieved from /home/airflow/.local/lib/python3.12/site-packages/airflow/example_dags/example_sensor_decorator.py
[2025-01-23T14:55:48.737+0000] {logging_mixin.py:190} INFO - [2025-01-23T14:55:48.737+0000] {dag.py:3239} INFO - Sync 1 DAGs
[2025-01-23T14:55:48.749+0000] {logging_mixin.py:190} INFO - [2025-01-23T14:55:48.749+0000] {dag.py:4180} INFO - Setting next_dagrun for example_sensor_decorator to None, run_after=None
[2025-01-23T14:55:48.765+0000] {processor.py:208} INFO - Processing /home/airflow/.local/lib/python3.12/site-packages/airflow/example_dags/example_sensor_decorator.py took 0.061 seconds
[2025-01-23T14:56:20.071+0000] {processor.py:186} INFO - Started process (PID=3834) to work on /home/airflow/.local/lib/python3.12/site-packages/airflow/example_dags/example_sensor_decorator.py
[2025-01-23T14:56:20.078+0000] {processor.py:914} INFO - Processing file /home/airflow/.local/lib/python3.12/site-packages/airflow/example_dags/example_sensor_decorator.py for tasks to queue
[2025-01-23T14:56:20.086+0000] {logging_mixin.py:190} INFO - [2025-01-23T14:56:20.085+0000] {dagbag.py:588} INFO - Filling up the DagBag from /home/airflow/.local/lib/python3.12/site-packages/airflow/example_dags/example_sensor_decorator.py
[2025-01-23T14:56:20.102+0000] {processor.py:925} INFO - DAG(s) 'example_sensor_decorator' retrieved from /home/airflow/.local/lib/python3.12/site-packages/airflow/example_dags/example_sensor_decorator.py
[2025-01-23T14:56:20.136+0000] {logging_mixin.py:190} INFO - [2025-01-23T14:56:20.136+0000] {dag.py:3239} INFO - Sync 1 DAGs
[2025-01-23T14:56:20.160+0000] {logging_mixin.py:190} INFO - [2025-01-23T14:56:20.159+0000] {dag.py:4180} INFO - Setting next_dagrun for example_sensor_decorator to None, run_after=None
[2025-01-23T14:56:20.190+0000] {processor.py:208} INFO - Processing /home/airflow/.local/lib/python3.12/site-packages/airflow/example_dags/example_sensor_decorator.py took 0.134 seconds
[2025-01-23T14:56:50.940+0000] {processor.py:186} INFO - Started process (PID=4130) to work on /home/airflow/.local/lib/python3.12/site-packages/airflow/example_dags/example_sensor_decorator.py
[2025-01-23T14:56:50.941+0000] {processor.py:914} INFO - Processing file /home/airflow/.local/lib/python3.12/site-packages/airflow/example_dags/example_sensor_decorator.py for tasks to queue
[2025-01-23T14:56:50.944+0000] {logging_mixin.py:190} INFO - [2025-01-23T14:56:50.943+0000] {dagbag.py:588} INFO - Filling up the DagBag from /home/airflow/.local/lib/python3.12/site-packages/airflow/example_dags/example_sensor_decorator.py
[2025-01-23T14:56:50.954+0000] {processor.py:925} INFO - DAG(s) 'example_sensor_decorator' retrieved from /home/airflow/.local/lib/python3.12/site-packages/airflow/example_dags/example_sensor_decorator.py
[2025-01-23T14:56:50.980+0000] {logging_mixin.py:190} INFO - [2025-01-23T14:56:50.979+0000] {dag.py:3239} INFO - Sync 1 DAGs
[2025-01-23T14:56:50.999+0000] {logging_mixin.py:190} INFO - [2025-01-23T14:56:50.999+0000] {dag.py:4180} INFO - Setting next_dagrun for example_sensor_decorator to None, run_after=None
[2025-01-23T14:56:51.025+0000] {processor.py:208} INFO - Processing /home/airflow/.local/lib/python3.12/site-packages/airflow/example_dags/example_sensor_decorator.py took 0.096 seconds
[2025-01-23T14:57:22.220+0000] {processor.py:186} INFO - Started process (PID=4428) to work on /home/airflow/.local/lib/python3.12/site-packages/airflow/example_dags/example_sensor_decorator.py
[2025-01-23T14:57:22.222+0000] {processor.py:914} INFO - Processing file /home/airflow/.local/lib/python3.12/site-packages/airflow/example_dags/example_sensor_decorator.py for tasks to queue
[2025-01-23T14:57:22.224+0000] {logging_mixin.py:190} INFO - [2025-01-23T14:57:22.223+0000] {dagbag.py:588} INFO - Filling up the DagBag from /home/airflow/.local/lib/python3.12/site-packages/airflow/example_dags/example_sensor_decorator.py
[2025-01-23T14:57:22.233+0000] {processor.py:925} INFO - DAG(s) 'example_sensor_decorator' retrieved from /home/airflow/.local/lib/python3.12/site-packages/airflow/example_dags/example_sensor_decorator.py
[2025-01-23T14:57:22.257+0000] {logging_mixin.py:190} INFO - [2025-01-23T14:57:22.257+0000] {dag.py:3239} INFO - Sync 1 DAGs
[2025-01-23T14:57:22.273+0000] {logging_mixin.py:190} INFO - [2025-01-23T14:57:22.273+0000] {dag.py:4180} INFO - Setting next_dagrun for example_sensor_decorator to None, run_after=None
[2025-01-23T14:57:22.302+0000] {processor.py:208} INFO - Processing /home/airflow/.local/lib/python3.12/site-packages/airflow/example_dags/example_sensor_decorator.py took 0.090 seconds
[2025-01-23T14:57:53.481+0000] {processor.py:186} INFO - Started process (PID=4722) to work on /home/airflow/.local/lib/python3.12/site-packages/airflow/example_dags/example_sensor_decorator.py
[2025-01-23T14:57:53.482+0000] {processor.py:914} INFO - Processing file /home/airflow/.local/lib/python3.12/site-packages/airflow/example_dags/example_sensor_decorator.py for tasks to queue
[2025-01-23T14:57:53.485+0000] {logging_mixin.py:190} INFO - [2025-01-23T14:57:53.485+0000] {dagbag.py:588} INFO - Filling up the DagBag from /home/airflow/.local/lib/python3.12/site-packages/airflow/example_dags/example_sensor_decorator.py
[2025-01-23T14:57:53.496+0000] {processor.py:925} INFO - DAG(s) 'example_sensor_decorator' retrieved from /home/airflow/.local/lib/python3.12/site-packages/airflow/example_dags/example_sensor_decorator.py
[2025-01-23T14:57:53.521+0000] {logging_mixin.py:190} INFO - [2025-01-23T14:57:53.520+0000] {dag.py:3239} INFO - Sync 1 DAGs
[2025-01-23T14:57:53.538+0000] {logging_mixin.py:190} INFO - [2025-01-23T14:57:53.538+0000] {dag.py:4180} INFO - Setting next_dagrun for example_sensor_decorator to None, run_after=None
[2025-01-23T14:57:53.562+0000] {processor.py:208} INFO - Processing /home/airflow/.local/lib/python3.12/site-packages/airflow/example_dags/example_sensor_decorator.py took 0.089 seconds
[2025-01-23T14:58:24.947+0000] {processor.py:186} INFO - Started process (PID=5020) to work on /home/airflow/.local/lib/python3.12/site-packages/airflow/example_dags/example_sensor_decorator.py
[2025-01-23T14:58:24.948+0000] {processor.py:914} INFO - Processing file /home/airflow/.local/lib/python3.12/site-packages/airflow/example_dags/example_sensor_decorator.py for tasks to queue
[2025-01-23T14:58:24.951+0000] {logging_mixin.py:190} INFO - [2025-01-23T14:58:24.950+0000] {dagbag.py:588} INFO - Filling up the DagBag from /home/airflow/.local/lib/python3.12/site-packages/airflow/example_dags/example_sensor_decorator.py
[2025-01-23T14:58:24.959+0000] {processor.py:925} INFO - DAG(s) 'example_sensor_decorator' retrieved from /home/airflow/.local/lib/python3.12/site-packages/airflow/example_dags/example_sensor_decorator.py
[2025-01-23T14:58:24.986+0000] {logging_mixin.py:190} INFO - [2025-01-23T14:58:24.985+0000] {dag.py:3239} INFO - Sync 1 DAGs
[2025-01-23T14:58:25.001+0000] {logging_mixin.py:190} INFO - [2025-01-23T14:58:25.000+0000] {dag.py:4180} INFO - Setting next_dagrun for example_sensor_decorator to None, run_after=None
[2025-01-23T14:58:25.029+0000] {processor.py:208} INFO - Processing /home/airflow/.local/lib/python3.12/site-packages/airflow/example_dags/example_sensor_decorator.py took 0.089 seconds
[2025-01-23T14:58:55.742+0000] {processor.py:186} INFO - Started process (PID=5314) to work on /home/airflow/.local/lib/python3.12/site-packages/airflow/example_dags/example_sensor_decorator.py
[2025-01-23T14:58:55.744+0000] {processor.py:914} INFO - Processing file /home/airflow/.local/lib/python3.12/site-packages/airflow/example_dags/example_sensor_decorator.py for tasks to queue
[2025-01-23T14:58:55.747+0000] {logging_mixin.py:190} INFO - [2025-01-23T14:58:55.747+0000] {dagbag.py:588} INFO - Filling up the DagBag from /home/airflow/.local/lib/python3.12/site-packages/airflow/example_dags/example_sensor_decorator.py
[2025-01-23T14:58:55.758+0000] {processor.py:925} INFO - DAG(s) 'example_sensor_decorator' retrieved from /home/airflow/.local/lib/python3.12/site-packages/airflow/example_dags/example_sensor_decorator.py
[2025-01-23T14:58:55.784+0000] {logging_mixin.py:190} INFO - [2025-01-23T14:58:55.784+0000] {dag.py:3239} INFO - Sync 1 DAGs
[2025-01-23T14:58:55.807+0000] {logging_mixin.py:190} INFO - [2025-01-23T14:58:55.807+0000] {dag.py:4180} INFO - Setting next_dagrun for example_sensor_decorator to None, run_after=None
[2025-01-23T14:58:55.839+0000] {processor.py:208} INFO - Processing /home/airflow/.local/lib/python3.12/site-packages/airflow/example_dags/example_sensor_decorator.py took 0.105 seconds
[2025-01-23T14:59:26.693+0000] {processor.py:186} INFO - Started process (PID=5616) to work on /home/airflow/.local/lib/python3.12/site-packages/airflow/example_dags/example_sensor_decorator.py
[2025-01-23T14:59:26.694+0000] {processor.py:914} INFO - Processing file /home/airflow/.local/lib/python3.12/site-packages/airflow/example_dags/example_sensor_decorator.py for tasks to queue
[2025-01-23T14:59:26.697+0000] {logging_mixin.py:190} INFO - [2025-01-23T14:59:26.696+0000] {dagbag.py:588} INFO - Filling up the DagBag from /home/airflow/.local/lib/python3.12/site-packages/airflow/example_dags/example_sensor_decorator.py
[2025-01-23T14:59:26.707+0000] {processor.py:925} INFO - DAG(s) 'example_sensor_decorator' retrieved from /home/airflow/.local/lib/python3.12/site-packages/airflow/example_dags/example_sensor_decorator.py
[2025-01-23T14:59:26.736+0000] {logging_mixin.py:190} INFO - [2025-01-23T14:59:26.736+0000] {dag.py:3239} INFO - Sync 1 DAGs
[2025-01-23T14:59:26.759+0000] {logging_mixin.py:190} INFO - [2025-01-23T14:59:26.759+0000] {dag.py:4180} INFO - Setting next_dagrun for example_sensor_decorator to None, run_after=None
[2025-01-23T14:59:26.790+0000] {processor.py:208} INFO - Processing /home/airflow/.local/lib/python3.12/site-packages/airflow/example_dags/example_sensor_decorator.py took 0.105 seconds
[2025-01-23T14:59:58.163+0000] {processor.py:186} INFO - Started process (PID=5912) to work on /home/airflow/.local/lib/python3.12/site-packages/airflow/example_dags/example_sensor_decorator.py
[2025-01-23T14:59:58.164+0000] {processor.py:914} INFO - Processing file /home/airflow/.local/lib/python3.12/site-packages/airflow/example_dags/example_sensor_decorator.py for tasks to queue
[2025-01-23T14:59:58.168+0000] {logging_mixin.py:190} INFO - [2025-01-23T14:59:58.167+0000] {dagbag.py:588} INFO - Filling up the DagBag from /home/airflow/.local/lib/python3.12/site-packages/airflow/example_dags/example_sensor_decorator.py
[2025-01-23T14:59:58.181+0000] {processor.py:925} INFO - DAG(s) 'example_sensor_decorator' retrieved from /home/airflow/.local/lib/python3.12/site-packages/airflow/example_dags/example_sensor_decorator.py
[2025-01-23T14:59:58.211+0000] {logging_mixin.py:190} INFO - [2025-01-23T14:59:58.211+0000] {dag.py:3239} INFO - Sync 1 DAGs
[2025-01-23T14:59:58.235+0000] {logging_mixin.py:190} INFO - [2025-01-23T14:59:58.235+0000] {dag.py:4180} INFO - Setting next_dagrun for example_sensor_decorator to None, run_after=None
[2025-01-23T14:59:58.264+0000] {processor.py:208} INFO - Processing /home/airflow/.local/lib/python3.12/site-packages/airflow/example_dags/example_sensor_decorator.py took 0.112 seconds
[2025-01-23T15:00:29.292+0000] {processor.py:186} INFO - Started process (PID=6208) to work on /home/airflow/.local/lib/python3.12/site-packages/airflow/example_dags/example_sensor_decorator.py
[2025-01-23T15:00:29.294+0000] {processor.py:914} INFO - Processing file /home/airflow/.local/lib/python3.12/site-packages/airflow/example_dags/example_sensor_decorator.py for tasks to queue
[2025-01-23T15:00:29.296+0000] {logging_mixin.py:190} INFO - [2025-01-23T15:00:29.296+0000] {dagbag.py:588} INFO - Filling up the DagBag from /home/airflow/.local/lib/python3.12/site-packages/airflow/example_dags/example_sensor_decorator.py
[2025-01-23T15:00:29.309+0000] {processor.py:925} INFO - DAG(s) 'example_sensor_decorator' retrieved from /home/airflow/.local/lib/python3.12/site-packages/airflow/example_dags/example_sensor_decorator.py
[2025-01-23T15:00:29.337+0000] {logging_mixin.py:190} INFO - [2025-01-23T15:00:29.337+0000] {dag.py:3239} INFO - Sync 1 DAGs
[2025-01-23T15:00:29.358+0000] {logging_mixin.py:190} INFO - [2025-01-23T15:00:29.357+0000] {dag.py:4180} INFO - Setting next_dagrun for example_sensor_decorator to None, run_after=None
[2025-01-23T15:00:29.386+0000] {processor.py:208} INFO - Processing /home/airflow/.local/lib/python3.12/site-packages/airflow/example_dags/example_sensor_decorator.py took 0.105 seconds
[2025-01-23T15:01:01.715+0000] {processor.py:186} INFO - Started process (PID=6506) to work on /home/airflow/.local/lib/python3.12/site-packages/airflow/example_dags/example_sensor_decorator.py
[2025-01-23T15:01:01.717+0000] {processor.py:914} INFO - Processing file /home/airflow/.local/lib/python3.12/site-packages/airflow/example_dags/example_sensor_decorator.py for tasks to queue
[2025-01-23T15:01:01.723+0000] {logging_mixin.py:190} INFO - [2025-01-23T15:01:01.721+0000] {dagbag.py:588} INFO - Filling up the DagBag from /home/airflow/.local/lib/python3.12/site-packages/airflow/example_dags/example_sensor_decorator.py
[2025-01-23T15:01:01.747+0000] {processor.py:925} INFO - DAG(s) 'example_sensor_decorator' retrieved from /home/airflow/.local/lib/python3.12/site-packages/airflow/example_dags/example_sensor_decorator.py
[2025-01-23T15:01:01.783+0000] {logging_mixin.py:190} INFO - [2025-01-23T15:01:01.781+0000] {dag.py:3239} INFO - Sync 1 DAGs
[2025-01-23T15:01:01.811+0000] {logging_mixin.py:190} INFO - [2025-01-23T15:01:01.811+0000] {dag.py:4180} INFO - Setting next_dagrun for example_sensor_decorator to None, run_after=None
[2025-01-23T15:01:01.850+0000] {processor.py:208} INFO - Processing /home/airflow/.local/lib/python3.12/site-packages/airflow/example_dags/example_sensor_decorator.py took 0.148 seconds
[2025-01-23T15:01:33.571+0000] {processor.py:186} INFO - Started process (PID=6802) to work on /home/airflow/.local/lib/python3.12/site-packages/airflow/example_dags/example_sensor_decorator.py
[2025-01-23T15:01:33.574+0000] {processor.py:914} INFO - Processing file /home/airflow/.local/lib/python3.12/site-packages/airflow/example_dags/example_sensor_decorator.py for tasks to queue
[2025-01-23T15:01:33.577+0000] {logging_mixin.py:190} INFO - [2025-01-23T15:01:33.577+0000] {dagbag.py:588} INFO - Filling up the DagBag from /home/airflow/.local/lib/python3.12/site-packages/airflow/example_dags/example_sensor_decorator.py
[2025-01-23T15:01:33.588+0000] {processor.py:925} INFO - DAG(s) 'example_sensor_decorator' retrieved from /home/airflow/.local/lib/python3.12/site-packages/airflow/example_dags/example_sensor_decorator.py
[2025-01-23T15:01:33.617+0000] {logging_mixin.py:190} INFO - [2025-01-23T15:01:33.617+0000] {dag.py:3239} INFO - Sync 1 DAGs
[2025-01-23T15:01:33.642+0000] {logging_mixin.py:190} INFO - [2025-01-23T15:01:33.642+0000] {dag.py:4180} INFO - Setting next_dagrun for example_sensor_decorator to None, run_after=None
[2025-01-23T15:01:33.681+0000] {processor.py:208} INFO - Processing /home/airflow/.local/lib/python3.12/site-packages/airflow/example_dags/example_sensor_decorator.py took 0.120 seconds
[2025-01-23T15:02:04.835+0000] {processor.py:186} INFO - Started process (PID=7096) to work on /home/airflow/.local/lib/python3.12/site-packages/airflow/example_dags/example_sensor_decorator.py
[2025-01-23T15:02:04.837+0000] {processor.py:914} INFO - Processing file /home/airflow/.local/lib/python3.12/site-packages/airflow/example_dags/example_sensor_decorator.py for tasks to queue
[2025-01-23T15:02:04.841+0000] {logging_mixin.py:190} INFO - [2025-01-23T15:02:04.841+0000] {dagbag.py:588} INFO - Filling up the DagBag from /home/airflow/.local/lib/python3.12/site-packages/airflow/example_dags/example_sensor_decorator.py
[2025-01-23T15:02:04.856+0000] {processor.py:925} INFO - DAG(s) 'example_sensor_decorator' retrieved from /home/airflow/.local/lib/python3.12/site-packages/airflow/example_dags/example_sensor_decorator.py
[2025-01-23T15:02:04.885+0000] {logging_mixin.py:190} INFO - [2025-01-23T15:02:04.884+0000] {dag.py:3239} INFO - Sync 1 DAGs
[2025-01-23T15:02:04.905+0000] {logging_mixin.py:190} INFO - [2025-01-23T15:02:04.905+0000] {dag.py:4180} INFO - Setting next_dagrun for example_sensor_decorator to None, run_after=None
[2025-01-23T15:02:04.935+0000] {processor.py:208} INFO - Processing /home/airflow/.local/lib/python3.12/site-packages/airflow/example_dags/example_sensor_decorator.py took 0.111 seconds
[2025-01-23T15:02:36.409+0000] {processor.py:186} INFO - Started process (PID=7392) to work on /home/airflow/.local/lib/python3.12/site-packages/airflow/example_dags/example_sensor_decorator.py
[2025-01-23T15:02:36.410+0000] {processor.py:914} INFO - Processing file /home/airflow/.local/lib/python3.12/site-packages/airflow/example_dags/example_sensor_decorator.py for tasks to queue
[2025-01-23T15:02:36.414+0000] {logging_mixin.py:190} INFO - [2025-01-23T15:02:36.413+0000] {dagbag.py:588} INFO - Filling up the DagBag from /home/airflow/.local/lib/python3.12/site-packages/airflow/example_dags/example_sensor_decorator.py
[2025-01-23T15:02:36.426+0000] {processor.py:925} INFO - DAG(s) 'example_sensor_decorator' retrieved from /home/airflow/.local/lib/python3.12/site-packages/airflow/example_dags/example_sensor_decorator.py
[2025-01-23T15:02:36.453+0000] {logging_mixin.py:190} INFO - [2025-01-23T15:02:36.452+0000] {dag.py:3239} INFO - Sync 1 DAGs
[2025-01-23T15:02:36.476+0000] {logging_mixin.py:190} INFO - [2025-01-23T15:02:36.476+0000] {dag.py:4180} INFO - Setting next_dagrun for example_sensor_decorator to None, run_after=None
[2025-01-23T15:02:36.503+0000] {processor.py:208} INFO - Processing /home/airflow/.local/lib/python3.12/site-packages/airflow/example_dags/example_sensor_decorator.py took 0.104 seconds
[2025-01-23T15:03:08.048+0000] {processor.py:186} INFO - Started process (PID=7688) to work on /home/airflow/.local/lib/python3.12/site-packages/airflow/example_dags/example_sensor_decorator.py
[2025-01-23T15:03:08.050+0000] {processor.py:914} INFO - Processing file /home/airflow/.local/lib/python3.12/site-packages/airflow/example_dags/example_sensor_decorator.py for tasks to queue
[2025-01-23T15:03:08.055+0000] {logging_mixin.py:190} INFO - [2025-01-23T15:03:08.054+0000] {dagbag.py:588} INFO - Filling up the DagBag from /home/airflow/.local/lib/python3.12/site-packages/airflow/example_dags/example_sensor_decorator.py
[2025-01-23T15:03:08.065+0000] {processor.py:925} INFO - DAG(s) 'example_sensor_decorator' retrieved from /home/airflow/.local/lib/python3.12/site-packages/airflow/example_dags/example_sensor_decorator.py
[2025-01-23T15:03:08.093+0000] {logging_mixin.py:190} INFO - [2025-01-23T15:03:08.093+0000] {dag.py:3239} INFO - Sync 1 DAGs
[2025-01-23T15:03:08.113+0000] {logging_mixin.py:190} INFO - [2025-01-23T15:03:08.113+0000] {dag.py:4180} INFO - Setting next_dagrun for example_sensor_decorator to None, run_after=None
[2025-01-23T15:03:08.139+0000] {processor.py:208} INFO - Processing /home/airflow/.local/lib/python3.12/site-packages/airflow/example_dags/example_sensor_decorator.py took 0.099 seconds
[2025-01-23T15:03:39.601+0000] {processor.py:186} INFO - Started process (PID=7984) to work on /home/airflow/.local/lib/python3.12/site-packages/airflow/example_dags/example_sensor_decorator.py
[2025-01-23T15:03:39.608+0000] {processor.py:914} INFO - Processing file /home/airflow/.local/lib/python3.12/site-packages/airflow/example_dags/example_sensor_decorator.py for tasks to queue
[2025-01-23T15:03:39.612+0000] {logging_mixin.py:190} INFO - [2025-01-23T15:03:39.611+0000] {dagbag.py:588} INFO - Filling up the DagBag from /home/airflow/.local/lib/python3.12/site-packages/airflow/example_dags/example_sensor_decorator.py
[2025-01-23T15:03:39.624+0000] {processor.py:925} INFO - DAG(s) 'example_sensor_decorator' retrieved from /home/airflow/.local/lib/python3.12/site-packages/airflow/example_dags/example_sensor_decorator.py
[2025-01-23T15:03:39.658+0000] {logging_mixin.py:190} INFO - [2025-01-23T15:03:39.658+0000] {dag.py:3239} INFO - Sync 1 DAGs
[2025-01-23T15:03:39.687+0000] {logging_mixin.py:190} INFO - [2025-01-23T15:03:39.687+0000] {dag.py:4180} INFO - Setting next_dagrun for example_sensor_decorator to None, run_after=None
[2025-01-23T15:03:39.717+0000] {processor.py:208} INFO - Processing /home/airflow/.local/lib/python3.12/site-packages/airflow/example_dags/example_sensor_decorator.py took 0.132 seconds
[2025-01-23T15:04:11.233+0000] {processor.py:186} INFO - Started process (PID=8285) to work on /home/airflow/.local/lib/python3.12/site-packages/airflow/example_dags/example_sensor_decorator.py
[2025-01-23T15:04:11.234+0000] {processor.py:914} INFO - Processing file /home/airflow/.local/lib/python3.12/site-packages/airflow/example_dags/example_sensor_decorator.py for tasks to queue
[2025-01-23T15:04:11.238+0000] {logging_mixin.py:190} INFO - [2025-01-23T15:04:11.237+0000] {dagbag.py:588} INFO - Filling up the DagBag from /home/airflow/.local/lib/python3.12/site-packages/airflow/example_dags/example_sensor_decorator.py
[2025-01-23T15:04:11.249+0000] {processor.py:925} INFO - DAG(s) 'example_sensor_decorator' retrieved from /home/airflow/.local/lib/python3.12/site-packages/airflow/example_dags/example_sensor_decorator.py
[2025-01-23T15:04:11.274+0000] {logging_mixin.py:190} INFO - [2025-01-23T15:04:11.274+0000] {dag.py:3239} INFO - Sync 1 DAGs
[2025-01-23T15:04:11.291+0000] {logging_mixin.py:190} INFO - [2025-01-23T15:04:11.291+0000] {dag.py:4180} INFO - Setting next_dagrun for example_sensor_decorator to None, run_after=None
[2025-01-23T15:04:11.317+0000] {processor.py:208} INFO - Processing /home/airflow/.local/lib/python3.12/site-packages/airflow/example_dags/example_sensor_decorator.py took 0.094 seconds
[2025-01-23T15:04:42.402+0000] {processor.py:186} INFO - Started process (PID=8581) to work on /home/airflow/.local/lib/python3.12/site-packages/airflow/example_dags/example_sensor_decorator.py
[2025-01-23T15:04:42.403+0000] {processor.py:914} INFO - Processing file /home/airflow/.local/lib/python3.12/site-packages/airflow/example_dags/example_sensor_decorator.py for tasks to queue
[2025-01-23T15:04:42.407+0000] {logging_mixin.py:190} INFO - [2025-01-23T15:04:42.406+0000] {dagbag.py:588} INFO - Filling up the DagBag from /home/airflow/.local/lib/python3.12/site-packages/airflow/example_dags/example_sensor_decorator.py
[2025-01-23T15:04:42.419+0000] {processor.py:925} INFO - DAG(s) 'example_sensor_decorator' retrieved from /home/airflow/.local/lib/python3.12/site-packages/airflow/example_dags/example_sensor_decorator.py
[2025-01-23T15:04:42.447+0000] {logging_mixin.py:190} INFO - [2025-01-23T15:04:42.446+0000] {dag.py:3239} INFO - Sync 1 DAGs
[2025-01-23T15:04:42.468+0000] {logging_mixin.py:190} INFO - [2025-01-23T15:04:42.467+0000] {dag.py:4180} INFO - Setting next_dagrun for example_sensor_decorator to None, run_after=None
[2025-01-23T15:04:42.490+0000] {processor.py:208} INFO - Processing /home/airflow/.local/lib/python3.12/site-packages/airflow/example_dags/example_sensor_decorator.py took 0.095 seconds
[2025-01-23T15:05:13.439+0000] {processor.py:186} INFO - Started process (PID=8877) to work on /home/airflow/.local/lib/python3.12/site-packages/airflow/example_dags/example_sensor_decorator.py
[2025-01-23T15:05:13.440+0000] {processor.py:914} INFO - Processing file /home/airflow/.local/lib/python3.12/site-packages/airflow/example_dags/example_sensor_decorator.py for tasks to queue
[2025-01-23T15:05:13.443+0000] {logging_mixin.py:190} INFO - [2025-01-23T15:05:13.442+0000] {dagbag.py:588} INFO - Filling up the DagBag from /home/airflow/.local/lib/python3.12/site-packages/airflow/example_dags/example_sensor_decorator.py
[2025-01-23T15:05:13.452+0000] {processor.py:925} INFO - DAG(s) 'example_sensor_decorator' retrieved from /home/airflow/.local/lib/python3.12/site-packages/airflow/example_dags/example_sensor_decorator.py
[2025-01-23T15:05:13.477+0000] {logging_mixin.py:190} INFO - [2025-01-23T15:05:13.476+0000] {dag.py:3239} INFO - Sync 1 DAGs
[2025-01-23T15:05:13.495+0000] {logging_mixin.py:190} INFO - [2025-01-23T15:05:13.495+0000] {dag.py:4180} INFO - Setting next_dagrun for example_sensor_decorator to None, run_after=None
[2025-01-23T15:05:13.524+0000] {processor.py:208} INFO - Processing /home/airflow/.local/lib/python3.12/site-packages/airflow/example_dags/example_sensor_decorator.py took 0.094 seconds
[2025-01-23T15:05:44.196+0000] {processor.py:186} INFO - Started process (PID=9168) to work on /home/airflow/.local/lib/python3.12/site-packages/airflow/example_dags/example_sensor_decorator.py
[2025-01-23T15:05:44.198+0000] {processor.py:914} INFO - Processing file /home/airflow/.local/lib/python3.12/site-packages/airflow/example_dags/example_sensor_decorator.py for tasks to queue
[2025-01-23T15:05:44.202+0000] {logging_mixin.py:190} INFO - [2025-01-23T15:05:44.201+0000] {dagbag.py:588} INFO - Filling up the DagBag from /home/airflow/.local/lib/python3.12/site-packages/airflow/example_dags/example_sensor_decorator.py
[2025-01-23T15:05:44.211+0000] {processor.py:925} INFO - DAG(s) 'example_sensor_decorator' retrieved from /home/airflow/.local/lib/python3.12/site-packages/airflow/example_dags/example_sensor_decorator.py
[2025-01-23T15:05:44.238+0000] {logging_mixin.py:190} INFO - [2025-01-23T15:05:44.238+0000] {dag.py:3239} INFO - Sync 1 DAGs
[2025-01-23T15:05:44.257+0000] {logging_mixin.py:190} INFO - [2025-01-23T15:05:44.256+0000] {dag.py:4180} INFO - Setting next_dagrun for example_sensor_decorator to None, run_after=None
[2025-01-23T15:05:44.281+0000] {processor.py:208} INFO - Processing /home/airflow/.local/lib/python3.12/site-packages/airflow/example_dags/example_sensor_decorator.py took 0.092 seconds
[2025-01-23T15:06:14.569+0000] {processor.py:186} INFO - Started process (PID=9458) to work on /home/airflow/.local/lib/python3.12/site-packages/airflow/example_dags/example_sensor_decorator.py
[2025-01-23T15:06:14.570+0000] {processor.py:914} INFO - Processing file /home/airflow/.local/lib/python3.12/site-packages/airflow/example_dags/example_sensor_decorator.py for tasks to queue
[2025-01-23T15:06:14.573+0000] {logging_mixin.py:190} INFO - [2025-01-23T15:06:14.572+0000] {dagbag.py:588} INFO - Filling up the DagBag from /home/airflow/.local/lib/python3.12/site-packages/airflow/example_dags/example_sensor_decorator.py
[2025-01-23T15:06:14.585+0000] {processor.py:925} INFO - DAG(s) 'example_sensor_decorator' retrieved from /home/airflow/.local/lib/python3.12/site-packages/airflow/example_dags/example_sensor_decorator.py
[2025-01-23T15:06:14.610+0000] {logging_mixin.py:190} INFO - [2025-01-23T15:06:14.609+0000] {dag.py:3239} INFO - Sync 1 DAGs
[2025-01-23T15:06:14.628+0000] {logging_mixin.py:190} INFO - [2025-01-23T15:06:14.628+0000] {dag.py:4180} INFO - Setting next_dagrun for example_sensor_decorator to None, run_after=None
[2025-01-23T15:06:14.652+0000] {processor.py:208} INFO - Processing /home/airflow/.local/lib/python3.12/site-packages/airflow/example_dags/example_sensor_decorator.py took 0.094 seconds
[2025-01-23T15:06:45.187+0000] {processor.py:186} INFO - Started process (PID=9754) to work on /home/airflow/.local/lib/python3.12/site-packages/airflow/example_dags/example_sensor_decorator.py
[2025-01-23T15:06:45.189+0000] {processor.py:914} INFO - Processing file /home/airflow/.local/lib/python3.12/site-packages/airflow/example_dags/example_sensor_decorator.py for tasks to queue
[2025-01-23T15:06:45.192+0000] {logging_mixin.py:190} INFO - [2025-01-23T15:06:45.191+0000] {dagbag.py:588} INFO - Filling up the DagBag from /home/airflow/.local/lib/python3.12/site-packages/airflow/example_dags/example_sensor_decorator.py
[2025-01-23T15:06:45.202+0000] {processor.py:925} INFO - DAG(s) 'example_sensor_decorator' retrieved from /home/airflow/.local/lib/python3.12/site-packages/airflow/example_dags/example_sensor_decorator.py
[2025-01-23T15:06:45.230+0000] {logging_mixin.py:190} INFO - [2025-01-23T15:06:45.229+0000] {dag.py:3239} INFO - Sync 1 DAGs
[2025-01-23T15:06:45.257+0000] {logging_mixin.py:190} INFO - [2025-01-23T15:06:45.257+0000] {dag.py:4180} INFO - Setting next_dagrun for example_sensor_decorator to None, run_after=None
[2025-01-23T15:06:45.282+0000] {processor.py:208} INFO - Processing /home/airflow/.local/lib/python3.12/site-packages/airflow/example_dags/example_sensor_decorator.py took 0.103 seconds
[2025-01-23T15:07:15.493+0000] {processor.py:186} INFO - Started process (PID=10052) to work on /home/airflow/.local/lib/python3.12/site-packages/airflow/example_dags/example_sensor_decorator.py
[2025-01-23T15:07:15.495+0000] {processor.py:914} INFO - Processing file /home/airflow/.local/lib/python3.12/site-packages/airflow/example_dags/example_sensor_decorator.py for tasks to queue
[2025-01-23T15:07:15.499+0000] {logging_mixin.py:190} INFO - [2025-01-23T15:07:15.498+0000] {dagbag.py:588} INFO - Filling up the DagBag from /home/airflow/.local/lib/python3.12/site-packages/airflow/example_dags/example_sensor_decorator.py
[2025-01-23T15:07:15.507+0000] {processor.py:925} INFO - DAG(s) 'example_sensor_decorator' retrieved from /home/airflow/.local/lib/python3.12/site-packages/airflow/example_dags/example_sensor_decorator.py
[2025-01-23T15:07:15.534+0000] {logging_mixin.py:190} INFO - [2025-01-23T15:07:15.534+0000] {dag.py:3239} INFO - Sync 1 DAGs
[2025-01-23T15:07:15.556+0000] {logging_mixin.py:190} INFO - [2025-01-23T15:07:15.555+0000] {dag.py:4180} INFO - Setting next_dagrun for example_sensor_decorator to None, run_after=None
[2025-01-23T15:07:15.581+0000] {processor.py:208} INFO - Processing /home/airflow/.local/lib/python3.12/site-packages/airflow/example_dags/example_sensor_decorator.py took 0.095 seconds
[2025-01-23T15:07:46.169+0000] {processor.py:186} INFO - Started process (PID=10346) to work on /home/airflow/.local/lib/python3.12/site-packages/airflow/example_dags/example_sensor_decorator.py
[2025-01-23T15:07:46.171+0000] {processor.py:914} INFO - Processing file /home/airflow/.local/lib/python3.12/site-packages/airflow/example_dags/example_sensor_decorator.py for tasks to queue
[2025-01-23T15:07:46.174+0000] {logging_mixin.py:190} INFO - [2025-01-23T15:07:46.173+0000] {dagbag.py:588} INFO - Filling up the DagBag from /home/airflow/.local/lib/python3.12/site-packages/airflow/example_dags/example_sensor_decorator.py
[2025-01-23T15:07:46.186+0000] {processor.py:925} INFO - DAG(s) 'example_sensor_decorator' retrieved from /home/airflow/.local/lib/python3.12/site-packages/airflow/example_dags/example_sensor_decorator.py
[2025-01-23T15:07:46.220+0000] {logging_mixin.py:190} INFO - [2025-01-23T15:07:46.219+0000] {dag.py:3239} INFO - Sync 1 DAGs
[2025-01-23T15:07:46.244+0000] {logging_mixin.py:190} INFO - [2025-01-23T15:07:46.243+0000] {dag.py:4180} INFO - Setting next_dagrun for example_sensor_decorator to None, run_after=None
[2025-01-23T15:07:46.278+0000] {processor.py:208} INFO - Processing /home/airflow/.local/lib/python3.12/site-packages/airflow/example_dags/example_sensor_decorator.py took 0.119 seconds
[2025-01-23T15:08:16.348+0000] {processor.py:186} INFO - Started process (PID=10642) to work on /home/airflow/.local/lib/python3.12/site-packages/airflow/example_dags/example_sensor_decorator.py
[2025-01-23T15:08:16.350+0000] {processor.py:914} INFO - Processing file /home/airflow/.local/lib/python3.12/site-packages/airflow/example_dags/example_sensor_decorator.py for tasks to queue
[2025-01-23T15:08:16.353+0000] {logging_mixin.py:190} INFO - [2025-01-23T15:08:16.352+0000] {dagbag.py:588} INFO - Filling up the DagBag from /home/airflow/.local/lib/python3.12/site-packages/airflow/example_dags/example_sensor_decorator.py
[2025-01-23T15:08:16.363+0000] {processor.py:925} INFO - DAG(s) 'example_sensor_decorator' retrieved from /home/airflow/.local/lib/python3.12/site-packages/airflow/example_dags/example_sensor_decorator.py
[2025-01-23T15:08:16.392+0000] {logging_mixin.py:190} INFO - [2025-01-23T15:08:16.391+0000] {dag.py:3239} INFO - Sync 1 DAGs
[2025-01-23T15:08:16.413+0000] {logging_mixin.py:190} INFO - [2025-01-23T15:08:16.413+0000] {dag.py:4180} INFO - Setting next_dagrun for example_sensor_decorator to None, run_after=None
[2025-01-23T15:08:16.443+0000] {processor.py:208} INFO - Processing /home/airflow/.local/lib/python3.12/site-packages/airflow/example_dags/example_sensor_decorator.py took 0.104 seconds
