[2025-01-23T14:50:09.057+0000] {processor.py:186} INFO - Started process (PID=387) to work on /home/airflow/.local/lib/python3.12/site-packages/airflow/example_dags/example_branch_labels.py
[2025-01-23T14:50:09.058+0000] {processor.py:914} INFO - Processing file /home/airflow/.local/lib/python3.12/site-packages/airflow/example_dags/example_branch_labels.py for tasks to queue
[2025-01-23T14:50:09.061+0000] {logging_mixin.py:190} INFO - [2025-01-23T14:50:09.060+0000] {dagbag.py:588} INFO - Filling up the DagBag from /home/airflow/.local/lib/python3.12/site-packages/airflow/example_dags/example_branch_labels.py
[2025-01-23T14:50:09.073+0000] {processor.py:925} INFO - DAG(s) 'example_branch_labels' retrieved from /home/airflow/.local/lib/python3.12/site-packages/airflow/example_dags/example_branch_labels.py
[2025-01-23T14:50:09.095+0000] {logging_mixin.py:190} INFO - [2025-01-23T14:50:09.094+0000] {dag.py:3239} INFO - Sync 1 DAGs
[2025-01-23T14:50:09.117+0000] {logging_mixin.py:190} INFO - [2025-01-23T14:50:09.117+0000] {dag.py:4180} INFO - Setting next_dagrun for example_branch_labels to 2025-01-22 00:00:00+00:00, run_after=2025-01-23 00:00:00+00:00
[2025-01-23T14:50:09.135+0000] {processor.py:208} INFO - Processing /home/airflow/.local/lib/python3.12/site-packages/airflow/example_dags/example_branch_labels.py took 0.085 seconds
[2025-01-23T14:50:40.111+0000] {processor.py:186} INFO - Started process (PID=683) to work on /home/airflow/.local/lib/python3.12/site-packages/airflow/example_dags/example_branch_labels.py
[2025-01-23T14:50:40.112+0000] {processor.py:914} INFO - Processing file /home/airflow/.local/lib/python3.12/site-packages/airflow/example_dags/example_branch_labels.py for tasks to queue
[2025-01-23T14:50:40.114+0000] {logging_mixin.py:190} INFO - [2025-01-23T14:50:40.114+0000] {dagbag.py:588} INFO - Filling up the DagBag from /home/airflow/.local/lib/python3.12/site-packages/airflow/example_dags/example_branch_labels.py
[2025-01-23T14:50:40.123+0000] {processor.py:925} INFO - DAG(s) 'example_branch_labels' retrieved from /home/airflow/.local/lib/python3.12/site-packages/airflow/example_dags/example_branch_labels.py
[2025-01-23T14:50:40.142+0000] {logging_mixin.py:190} INFO - [2025-01-23T14:50:40.141+0000] {dag.py:3239} INFO - Sync 1 DAGs
[2025-01-23T14:50:40.162+0000] {logging_mixin.py:190} INFO - [2025-01-23T14:50:40.162+0000] {dag.py:4180} INFO - Setting next_dagrun for example_branch_labels to 2025-01-22 00:00:00+00:00, run_after=2025-01-23 00:00:00+00:00
[2025-01-23T14:50:40.178+0000] {processor.py:208} INFO - Processing /home/airflow/.local/lib/python3.12/site-packages/airflow/example_dags/example_branch_labels.py took 0.073 seconds
[2025-01-23T14:51:11.621+0000] {processor.py:186} INFO - Started process (PID=974) to work on /home/airflow/.local/lib/python3.12/site-packages/airflow/example_dags/example_branch_labels.py
[2025-01-23T14:51:11.622+0000] {processor.py:914} INFO - Processing file /home/airflow/.local/lib/python3.12/site-packages/airflow/example_dags/example_branch_labels.py for tasks to queue
[2025-01-23T14:51:11.624+0000] {logging_mixin.py:190} INFO - [2025-01-23T14:51:11.623+0000] {dagbag.py:588} INFO - Filling up the DagBag from /home/airflow/.local/lib/python3.12/site-packages/airflow/example_dags/example_branch_labels.py
[2025-01-23T14:51:11.632+0000] {processor.py:925} INFO - DAG(s) 'example_branch_labels' retrieved from /home/airflow/.local/lib/python3.12/site-packages/airflow/example_dags/example_branch_labels.py
[2025-01-23T14:51:11.651+0000] {logging_mixin.py:190} INFO - [2025-01-23T14:51:11.651+0000] {dag.py:3239} INFO - Sync 1 DAGs
[2025-01-23T14:51:11.673+0000] {logging_mixin.py:190} INFO - [2025-01-23T14:51:11.672+0000] {dag.py:4180} INFO - Setting next_dagrun for example_branch_labels to 2025-01-22 00:00:00+00:00, run_after=2025-01-23 00:00:00+00:00
[2025-01-23T14:51:11.690+0000] {processor.py:208} INFO - Processing /home/airflow/.local/lib/python3.12/site-packages/airflow/example_dags/example_branch_labels.py took 0.075 seconds
[2025-01-23T14:51:42.842+0000] {processor.py:186} INFO - Started process (PID=1275) to work on /home/airflow/.local/lib/python3.12/site-packages/airflow/example_dags/example_branch_labels.py
[2025-01-23T14:51:42.843+0000] {processor.py:914} INFO - Processing file /home/airflow/.local/lib/python3.12/site-packages/airflow/example_dags/example_branch_labels.py for tasks to queue
[2025-01-23T14:51:42.845+0000] {logging_mixin.py:190} INFO - [2025-01-23T14:51:42.845+0000] {dagbag.py:588} INFO - Filling up the DagBag from /home/airflow/.local/lib/python3.12/site-packages/airflow/example_dags/example_branch_labels.py
[2025-01-23T14:51:42.853+0000] {processor.py:925} INFO - DAG(s) 'example_branch_labels' retrieved from /home/airflow/.local/lib/python3.12/site-packages/airflow/example_dags/example_branch_labels.py
[2025-01-23T14:51:42.872+0000] {logging_mixin.py:190} INFO - [2025-01-23T14:51:42.872+0000] {dag.py:3239} INFO - Sync 1 DAGs
[2025-01-23T14:51:42.897+0000] {logging_mixin.py:190} INFO - [2025-01-23T14:51:42.897+0000] {dag.py:4180} INFO - Setting next_dagrun for example_branch_labels to 2025-01-22 00:00:00+00:00, run_after=2025-01-23 00:00:00+00:00
[2025-01-23T14:51:42.921+0000] {processor.py:208} INFO - Processing /home/airflow/.local/lib/python3.12/site-packages/airflow/example_dags/example_branch_labels.py took 0.085 seconds
[2025-01-23T14:52:14.242+0000] {processor.py:186} INFO - Started process (PID=1571) to work on /home/airflow/.local/lib/python3.12/site-packages/airflow/example_dags/example_branch_labels.py
[2025-01-23T14:52:14.244+0000] {processor.py:914} INFO - Processing file /home/airflow/.local/lib/python3.12/site-packages/airflow/example_dags/example_branch_labels.py for tasks to queue
[2025-01-23T14:52:14.245+0000] {logging_mixin.py:190} INFO - [2025-01-23T14:52:14.245+0000] {dagbag.py:588} INFO - Filling up the DagBag from /home/airflow/.local/lib/python3.12/site-packages/airflow/example_dags/example_branch_labels.py
[2025-01-23T14:52:14.254+0000] {processor.py:925} INFO - DAG(s) 'example_branch_labels' retrieved from /home/airflow/.local/lib/python3.12/site-packages/airflow/example_dags/example_branch_labels.py
[2025-01-23T14:52:14.273+0000] {logging_mixin.py:190} INFO - [2025-01-23T14:52:14.273+0000] {dag.py:3239} INFO - Sync 1 DAGs
[2025-01-23T14:52:14.295+0000] {logging_mixin.py:190} INFO - [2025-01-23T14:52:14.294+0000] {dag.py:4180} INFO - Setting next_dagrun for example_branch_labels to 2025-01-22 00:00:00+00:00, run_after=2025-01-23 00:00:00+00:00
[2025-01-23T14:52:14.310+0000] {processor.py:208} INFO - Processing /home/airflow/.local/lib/python3.12/site-packages/airflow/example_dags/example_branch_labels.py took 0.073 seconds
[2025-01-23T14:52:46.197+0000] {processor.py:186} INFO - Started process (PID=1867) to work on /home/airflow/.local/lib/python3.12/site-packages/airflow/example_dags/example_branch_labels.py
[2025-01-23T14:52:46.198+0000] {processor.py:914} INFO - Processing file /home/airflow/.local/lib/python3.12/site-packages/airflow/example_dags/example_branch_labels.py for tasks to queue
[2025-01-23T14:52:46.200+0000] {logging_mixin.py:190} INFO - [2025-01-23T14:52:46.199+0000] {dagbag.py:588} INFO - Filling up the DagBag from /home/airflow/.local/lib/python3.12/site-packages/airflow/example_dags/example_branch_labels.py
[2025-01-23T14:52:46.209+0000] {processor.py:925} INFO - DAG(s) 'example_branch_labels' retrieved from /home/airflow/.local/lib/python3.12/site-packages/airflow/example_dags/example_branch_labels.py
[2025-01-23T14:52:46.233+0000] {logging_mixin.py:190} INFO - [2025-01-23T14:52:46.232+0000] {dag.py:3239} INFO - Sync 1 DAGs
[2025-01-23T14:52:46.261+0000] {logging_mixin.py:190} INFO - [2025-01-23T14:52:46.261+0000] {dag.py:4180} INFO - Setting next_dagrun for example_branch_labels to 2025-01-22 00:00:00+00:00, run_after=2025-01-23 00:00:00+00:00
[2025-01-23T14:52:46.281+0000] {processor.py:208} INFO - Processing /home/airflow/.local/lib/python3.12/site-packages/airflow/example_dags/example_branch_labels.py took 0.092 seconds
[2025-01-23T14:53:16.440+0000] {processor.py:186} INFO - Started process (PID=2158) to work on /home/airflow/.local/lib/python3.12/site-packages/airflow/example_dags/example_branch_labels.py
[2025-01-23T14:53:16.442+0000] {processor.py:914} INFO - Processing file /home/airflow/.local/lib/python3.12/site-packages/airflow/example_dags/example_branch_labels.py for tasks to queue
[2025-01-23T14:53:16.444+0000] {logging_mixin.py:190} INFO - [2025-01-23T14:53:16.443+0000] {dagbag.py:588} INFO - Filling up the DagBag from /home/airflow/.local/lib/python3.12/site-packages/airflow/example_dags/example_branch_labels.py
[2025-01-23T14:53:16.452+0000] {processor.py:925} INFO - DAG(s) 'example_branch_labels' retrieved from /home/airflow/.local/lib/python3.12/site-packages/airflow/example_dags/example_branch_labels.py
[2025-01-23T14:53:16.471+0000] {logging_mixin.py:190} INFO - [2025-01-23T14:53:16.470+0000] {dag.py:3239} INFO - Sync 1 DAGs
[2025-01-23T14:53:16.492+0000] {logging_mixin.py:190} INFO - [2025-01-23T14:53:16.492+0000] {dag.py:4180} INFO - Setting next_dagrun for example_branch_labels to 2025-01-22 00:00:00+00:00, run_after=2025-01-23 00:00:00+00:00
[2025-01-23T14:53:16.510+0000] {processor.py:208} INFO - Processing /home/airflow/.local/lib/python3.12/site-packages/airflow/example_dags/example_branch_labels.py took 0.076 seconds
[2025-01-23T14:53:47.065+0000] {processor.py:186} INFO - Started process (PID=2456) to work on /home/airflow/.local/lib/python3.12/site-packages/airflow/example_dags/example_branch_labels.py
[2025-01-23T14:53:47.066+0000] {processor.py:914} INFO - Processing file /home/airflow/.local/lib/python3.12/site-packages/airflow/example_dags/example_branch_labels.py for tasks to queue
[2025-01-23T14:53:47.068+0000] {logging_mixin.py:190} INFO - [2025-01-23T14:53:47.067+0000] {dagbag.py:588} INFO - Filling up the DagBag from /home/airflow/.local/lib/python3.12/site-packages/airflow/example_dags/example_branch_labels.py
[2025-01-23T14:53:47.080+0000] {processor.py:925} INFO - DAG(s) 'example_branch_labels' retrieved from /home/airflow/.local/lib/python3.12/site-packages/airflow/example_dags/example_branch_labels.py
[2025-01-23T14:53:47.100+0000] {logging_mixin.py:190} INFO - [2025-01-23T14:53:47.100+0000] {dag.py:3239} INFO - Sync 1 DAGs
[2025-01-23T14:53:47.126+0000] {logging_mixin.py:190} INFO - [2025-01-23T14:53:47.125+0000] {dag.py:4180} INFO - Setting next_dagrun for example_branch_labels to 2025-01-22 00:00:00+00:00, run_after=2025-01-23 00:00:00+00:00
[2025-01-23T14:53:47.141+0000] {processor.py:208} INFO - Processing /home/airflow/.local/lib/python3.12/site-packages/airflow/example_dags/example_branch_labels.py took 0.088 seconds
[2025-01-23T14:54:17.803+0000] {processor.py:186} INFO - Started process (PID=2750) to work on /home/airflow/.local/lib/python3.12/site-packages/airflow/example_dags/example_branch_labels.py
[2025-01-23T14:54:17.804+0000] {processor.py:914} INFO - Processing file /home/airflow/.local/lib/python3.12/site-packages/airflow/example_dags/example_branch_labels.py for tasks to queue
[2025-01-23T14:54:17.806+0000] {logging_mixin.py:190} INFO - [2025-01-23T14:54:17.806+0000] {dagbag.py:588} INFO - Filling up the DagBag from /home/airflow/.local/lib/python3.12/site-packages/airflow/example_dags/example_branch_labels.py
[2025-01-23T14:54:17.819+0000] {processor.py:925} INFO - DAG(s) 'example_branch_labels' retrieved from /home/airflow/.local/lib/python3.12/site-packages/airflow/example_dags/example_branch_labels.py
[2025-01-23T14:54:17.841+0000] {logging_mixin.py:190} INFO - [2025-01-23T14:54:17.841+0000] {dag.py:3239} INFO - Sync 1 DAGs
[2025-01-23T14:54:17.869+0000] {logging_mixin.py:190} INFO - [2025-01-23T14:54:17.869+0000] {dag.py:4180} INFO - Setting next_dagrun for example_branch_labels to 2025-01-22 00:00:00+00:00, run_after=2025-01-23 00:00:00+00:00
[2025-01-23T14:54:17.891+0000] {processor.py:208} INFO - Processing /home/airflow/.local/lib/python3.12/site-packages/airflow/example_dags/example_branch_labels.py took 0.096 seconds
[2025-01-23T14:54:48.648+0000] {processor.py:186} INFO - Started process (PID=3046) to work on /home/airflow/.local/lib/python3.12/site-packages/airflow/example_dags/example_branch_labels.py
[2025-01-23T14:54:48.649+0000] {processor.py:914} INFO - Processing file /home/airflow/.local/lib/python3.12/site-packages/airflow/example_dags/example_branch_labels.py for tasks to queue
[2025-01-23T14:54:48.651+0000] {logging_mixin.py:190} INFO - [2025-01-23T14:54:48.651+0000] {dagbag.py:588} INFO - Filling up the DagBag from /home/airflow/.local/lib/python3.12/site-packages/airflow/example_dags/example_branch_labels.py
[2025-01-23T14:54:48.661+0000] {processor.py:925} INFO - DAG(s) 'example_branch_labels' retrieved from /home/airflow/.local/lib/python3.12/site-packages/airflow/example_dags/example_branch_labels.py
[2025-01-23T14:54:48.679+0000] {logging_mixin.py:190} INFO - [2025-01-23T14:54:48.678+0000] {dag.py:3239} INFO - Sync 1 DAGs
[2025-01-23T14:54:48.698+0000] {logging_mixin.py:190} INFO - [2025-01-23T14:54:48.698+0000] {dag.py:4180} INFO - Setting next_dagrun for example_branch_labels to 2025-01-22 00:00:00+00:00, run_after=2025-01-23 00:00:00+00:00
[2025-01-23T14:54:48.713+0000] {processor.py:208} INFO - Processing /home/airflow/.local/lib/python3.12/site-packages/airflow/example_dags/example_branch_labels.py took 0.071 seconds
[2025-01-23T14:55:20.209+0000] {processor.py:186} INFO - Started process (PID=3342) to work on /home/airflow/.local/lib/python3.12/site-packages/airflow/example_dags/example_branch_labels.py
[2025-01-23T14:55:20.210+0000] {processor.py:914} INFO - Processing file /home/airflow/.local/lib/python3.12/site-packages/airflow/example_dags/example_branch_labels.py for tasks to queue
[2025-01-23T14:55:20.212+0000] {logging_mixin.py:190} INFO - [2025-01-23T14:55:20.212+0000] {dagbag.py:588} INFO - Filling up the DagBag from /home/airflow/.local/lib/python3.12/site-packages/airflow/example_dags/example_branch_labels.py
[2025-01-23T14:55:20.221+0000] {processor.py:925} INFO - DAG(s) 'example_branch_labels' retrieved from /home/airflow/.local/lib/python3.12/site-packages/airflow/example_dags/example_branch_labels.py
[2025-01-23T14:55:20.240+0000] {logging_mixin.py:190} INFO - [2025-01-23T14:55:20.240+0000] {dag.py:3239} INFO - Sync 1 DAGs
[2025-01-23T14:55:20.261+0000] {logging_mixin.py:190} INFO - [2025-01-23T14:55:20.260+0000] {dag.py:4180} INFO - Setting next_dagrun for example_branch_labels to 2025-01-22 00:00:00+00:00, run_after=2025-01-23 00:00:00+00:00
[2025-01-23T14:55:20.276+0000] {processor.py:208} INFO - Processing /home/airflow/.local/lib/python3.12/site-packages/airflow/example_dags/example_branch_labels.py took 0.072 seconds
[2025-01-23T14:55:51.367+0000] {processor.py:186} INFO - Started process (PID=3638) to work on /home/airflow/.local/lib/python3.12/site-packages/airflow/example_dags/example_branch_labels.py
[2025-01-23T14:55:51.368+0000] {processor.py:914} INFO - Processing file /home/airflow/.local/lib/python3.12/site-packages/airflow/example_dags/example_branch_labels.py for tasks to queue
[2025-01-23T14:55:51.370+0000] {logging_mixin.py:190} INFO - [2025-01-23T14:55:51.370+0000] {dagbag.py:588} INFO - Filling up the DagBag from /home/airflow/.local/lib/python3.12/site-packages/airflow/example_dags/example_branch_labels.py
[2025-01-23T14:55:51.379+0000] {processor.py:925} INFO - DAG(s) 'example_branch_labels' retrieved from /home/airflow/.local/lib/python3.12/site-packages/airflow/example_dags/example_branch_labels.py
[2025-01-23T14:55:51.397+0000] {logging_mixin.py:190} INFO - [2025-01-23T14:55:51.397+0000] {dag.py:3239} INFO - Sync 1 DAGs
[2025-01-23T14:55:51.418+0000] {logging_mixin.py:190} INFO - [2025-01-23T14:55:51.418+0000] {dag.py:4180} INFO - Setting next_dagrun for example_branch_labels to 2025-01-22 00:00:00+00:00, run_after=2025-01-23 00:00:00+00:00
[2025-01-23T14:55:51.434+0000] {processor.py:208} INFO - Processing /home/airflow/.local/lib/python3.12/site-packages/airflow/example_dags/example_branch_labels.py took 0.073 seconds
[2025-01-23T14:56:22.626+0000] {processor.py:186} INFO - Started process (PID=3934) to work on /home/airflow/.local/lib/python3.12/site-packages/airflow/example_dags/example_branch_labels.py
[2025-01-23T14:56:22.627+0000] {processor.py:914} INFO - Processing file /home/airflow/.local/lib/python3.12/site-packages/airflow/example_dags/example_branch_labels.py for tasks to queue
[2025-01-23T14:56:22.629+0000] {logging_mixin.py:190} INFO - [2025-01-23T14:56:22.629+0000] {dagbag.py:588} INFO - Filling up the DagBag from /home/airflow/.local/lib/python3.12/site-packages/airflow/example_dags/example_branch_labels.py
[2025-01-23T14:56:22.643+0000] {processor.py:925} INFO - DAG(s) 'example_branch_labels' retrieved from /home/airflow/.local/lib/python3.12/site-packages/airflow/example_dags/example_branch_labels.py
[2025-01-23T14:56:22.668+0000] {logging_mixin.py:190} INFO - [2025-01-23T14:56:22.667+0000] {dag.py:3239} INFO - Sync 1 DAGs
[2025-01-23T14:56:22.697+0000] {logging_mixin.py:190} INFO - [2025-01-23T14:56:22.697+0000] {dag.py:4180} INFO - Setting next_dagrun for example_branch_labels to 2025-01-22 00:00:00+00:00, run_after=2025-01-23 00:00:00+00:00
[2025-01-23T14:56:22.720+0000] {processor.py:208} INFO - Processing /home/airflow/.local/lib/python3.12/site-packages/airflow/example_dags/example_branch_labels.py took 0.104 seconds
[2025-01-23T14:56:54.302+0000] {processor.py:186} INFO - Started process (PID=4235) to work on /home/airflow/.local/lib/python3.12/site-packages/airflow/example_dags/example_branch_labels.py
[2025-01-23T14:56:54.303+0000] {processor.py:914} INFO - Processing file /home/airflow/.local/lib/python3.12/site-packages/airflow/example_dags/example_branch_labels.py for tasks to queue
[2025-01-23T14:56:54.307+0000] {logging_mixin.py:190} INFO - [2025-01-23T14:56:54.306+0000] {dagbag.py:588} INFO - Filling up the DagBag from /home/airflow/.local/lib/python3.12/site-packages/airflow/example_dags/example_branch_labels.py
[2025-01-23T14:56:54.320+0000] {processor.py:925} INFO - DAG(s) 'example_branch_labels' retrieved from /home/airflow/.local/lib/python3.12/site-packages/airflow/example_dags/example_branch_labels.py
[2025-01-23T14:56:54.347+0000] {logging_mixin.py:190} INFO - [2025-01-23T14:56:54.346+0000] {dag.py:3239} INFO - Sync 1 DAGs
[2025-01-23T14:56:54.381+0000] {logging_mixin.py:190} INFO - [2025-01-23T14:56:54.381+0000] {dag.py:4180} INFO - Setting next_dagrun for example_branch_labels to 2025-01-22 00:00:00+00:00, run_after=2025-01-23 00:00:00+00:00
[2025-01-23T14:56:54.409+0000] {processor.py:208} INFO - Processing /home/airflow/.local/lib/python3.12/site-packages/airflow/example_dags/example_branch_labels.py took 0.114 seconds
[2025-01-23T14:57:25.587+0000] {processor.py:186} INFO - Started process (PID=4526) to work on /home/airflow/.local/lib/python3.12/site-packages/airflow/example_dags/example_branch_labels.py
[2025-01-23T14:57:25.589+0000] {processor.py:914} INFO - Processing file /home/airflow/.local/lib/python3.12/site-packages/airflow/example_dags/example_branch_labels.py for tasks to queue
[2025-01-23T14:57:25.592+0000] {logging_mixin.py:190} INFO - [2025-01-23T14:57:25.591+0000] {dagbag.py:588} INFO - Filling up the DagBag from /home/airflow/.local/lib/python3.12/site-packages/airflow/example_dags/example_branch_labels.py
[2025-01-23T14:57:25.604+0000] {processor.py:925} INFO - DAG(s) 'example_branch_labels' retrieved from /home/airflow/.local/lib/python3.12/site-packages/airflow/example_dags/example_branch_labels.py
[2025-01-23T14:57:25.629+0000] {logging_mixin.py:190} INFO - [2025-01-23T14:57:25.629+0000] {dag.py:3239} INFO - Sync 1 DAGs
[2025-01-23T14:57:25.680+0000] {logging_mixin.py:190} INFO - [2025-01-23T14:57:25.680+0000] {dag.py:4180} INFO - Setting next_dagrun for example_branch_labels to 2025-01-22 00:00:00+00:00, run_after=2025-01-23 00:00:00+00:00
[2025-01-23T14:57:25.714+0000] {processor.py:208} INFO - Processing /home/airflow/.local/lib/python3.12/site-packages/airflow/example_dags/example_branch_labels.py took 0.134 seconds
[2025-01-23T14:57:56.864+0000] {processor.py:186} INFO - Started process (PID=4828) to work on /home/airflow/.local/lib/python3.12/site-packages/airflow/example_dags/example_branch_labels.py
[2025-01-23T14:57:56.866+0000] {processor.py:914} INFO - Processing file /home/airflow/.local/lib/python3.12/site-packages/airflow/example_dags/example_branch_labels.py for tasks to queue
[2025-01-23T14:57:56.869+0000] {logging_mixin.py:190} INFO - [2025-01-23T14:57:56.868+0000] {dagbag.py:588} INFO - Filling up the DagBag from /home/airflow/.local/lib/python3.12/site-packages/airflow/example_dags/example_branch_labels.py
[2025-01-23T14:57:56.882+0000] {processor.py:925} INFO - DAG(s) 'example_branch_labels' retrieved from /home/airflow/.local/lib/python3.12/site-packages/airflow/example_dags/example_branch_labels.py
[2025-01-23T14:57:56.911+0000] {logging_mixin.py:190} INFO - [2025-01-23T14:57:56.910+0000] {dag.py:3239} INFO - Sync 1 DAGs
[2025-01-23T14:57:56.941+0000] {logging_mixin.py:190} INFO - [2025-01-23T14:57:56.941+0000] {dag.py:4180} INFO - Setting next_dagrun for example_branch_labels to 2025-01-22 00:00:00+00:00, run_after=2025-01-23 00:00:00+00:00
[2025-01-23T14:57:56.966+0000] {processor.py:208} INFO - Processing /home/airflow/.local/lib/python3.12/site-packages/airflow/example_dags/example_branch_labels.py took 0.110 seconds
[2025-01-23T14:58:28.596+0000] {processor.py:186} INFO - Started process (PID=5124) to work on /home/airflow/.local/lib/python3.12/site-packages/airflow/example_dags/example_branch_labels.py
[2025-01-23T14:58:28.597+0000] {processor.py:914} INFO - Processing file /home/airflow/.local/lib/python3.12/site-packages/airflow/example_dags/example_branch_labels.py for tasks to queue
[2025-01-23T14:58:28.600+0000] {logging_mixin.py:190} INFO - [2025-01-23T14:58:28.600+0000] {dagbag.py:588} INFO - Filling up the DagBag from /home/airflow/.local/lib/python3.12/site-packages/airflow/example_dags/example_branch_labels.py
[2025-01-23T14:58:28.614+0000] {processor.py:925} INFO - DAG(s) 'example_branch_labels' retrieved from /home/airflow/.local/lib/python3.12/site-packages/airflow/example_dags/example_branch_labels.py
[2025-01-23T14:58:28.643+0000] {logging_mixin.py:190} INFO - [2025-01-23T14:58:28.642+0000] {dag.py:3239} INFO - Sync 1 DAGs
[2025-01-23T14:58:28.676+0000] {logging_mixin.py:190} INFO - [2025-01-23T14:58:28.675+0000] {dag.py:4180} INFO - Setting next_dagrun for example_branch_labels to 2025-01-22 00:00:00+00:00, run_after=2025-01-23 00:00:00+00:00
[2025-01-23T14:58:28.704+0000] {processor.py:208} INFO - Processing /home/airflow/.local/lib/python3.12/site-packages/airflow/example_dags/example_branch_labels.py took 0.117 seconds
[2025-01-23T14:59:00.280+0000] {processor.py:186} INFO - Started process (PID=5422) to work on /home/airflow/.local/lib/python3.12/site-packages/airflow/example_dags/example_branch_labels.py
[2025-01-23T14:59:00.281+0000] {processor.py:914} INFO - Processing file /home/airflow/.local/lib/python3.12/site-packages/airflow/example_dags/example_branch_labels.py for tasks to queue
[2025-01-23T14:59:00.286+0000] {logging_mixin.py:190} INFO - [2025-01-23T14:59:00.285+0000] {dagbag.py:588} INFO - Filling up the DagBag from /home/airflow/.local/lib/python3.12/site-packages/airflow/example_dags/example_branch_labels.py
[2025-01-23T14:59:00.301+0000] {processor.py:925} INFO - DAG(s) 'example_branch_labels' retrieved from /home/airflow/.local/lib/python3.12/site-packages/airflow/example_dags/example_branch_labels.py
[2025-01-23T14:59:00.333+0000] {logging_mixin.py:190} INFO - [2025-01-23T14:59:00.332+0000] {dag.py:3239} INFO - Sync 1 DAGs
[2025-01-23T14:59:00.367+0000] {logging_mixin.py:190} INFO - [2025-01-23T14:59:00.367+0000] {dag.py:4180} INFO - Setting next_dagrun for example_branch_labels to 2025-01-22 00:00:00+00:00, run_after=2025-01-23 00:00:00+00:00
[2025-01-23T14:59:00.394+0000] {processor.py:208} INFO - Processing /home/airflow/.local/lib/python3.12/site-packages/airflow/example_dags/example_branch_labels.py took 0.123 seconds
[2025-01-23T14:59:31.296+0000] {processor.py:186} INFO - Started process (PID=5716) to work on /home/airflow/.local/lib/python3.12/site-packages/airflow/example_dags/example_branch_labels.py
[2025-01-23T14:59:31.297+0000] {processor.py:914} INFO - Processing file /home/airflow/.local/lib/python3.12/site-packages/airflow/example_dags/example_branch_labels.py for tasks to queue
[2025-01-23T14:59:31.300+0000] {logging_mixin.py:190} INFO - [2025-01-23T14:59:31.299+0000] {dagbag.py:588} INFO - Filling up the DagBag from /home/airflow/.local/lib/python3.12/site-packages/airflow/example_dags/example_branch_labels.py
[2025-01-23T14:59:31.311+0000] {processor.py:925} INFO - DAG(s) 'example_branch_labels' retrieved from /home/airflow/.local/lib/python3.12/site-packages/airflow/example_dags/example_branch_labels.py
[2025-01-23T14:59:31.338+0000] {logging_mixin.py:190} INFO - [2025-01-23T14:59:31.337+0000] {dag.py:3239} INFO - Sync 1 DAGs
[2025-01-23T14:59:31.369+0000] {logging_mixin.py:190} INFO - [2025-01-23T14:59:31.368+0000] {dag.py:4180} INFO - Setting next_dagrun for example_branch_labels to 2025-01-22 00:00:00+00:00, run_after=2025-01-23 00:00:00+00:00
[2025-01-23T14:59:31.394+0000] {processor.py:208} INFO - Processing /home/airflow/.local/lib/python3.12/site-packages/airflow/example_dags/example_branch_labels.py took 0.106 seconds
[2025-01-23T15:00:02.661+0000] {processor.py:186} INFO - Started process (PID=6012) to work on /home/airflow/.local/lib/python3.12/site-packages/airflow/example_dags/example_branch_labels.py
[2025-01-23T15:00:02.663+0000] {processor.py:914} INFO - Processing file /home/airflow/.local/lib/python3.12/site-packages/airflow/example_dags/example_branch_labels.py for tasks to queue
[2025-01-23T15:00:02.665+0000] {logging_mixin.py:190} INFO - [2025-01-23T15:00:02.665+0000] {dagbag.py:588} INFO - Filling up the DagBag from /home/airflow/.local/lib/python3.12/site-packages/airflow/example_dags/example_branch_labels.py
[2025-01-23T15:00:02.678+0000] {processor.py:925} INFO - DAG(s) 'example_branch_labels' retrieved from /home/airflow/.local/lib/python3.12/site-packages/airflow/example_dags/example_branch_labels.py
[2025-01-23T15:00:02.706+0000] {logging_mixin.py:190} INFO - [2025-01-23T15:00:02.706+0000] {dag.py:3239} INFO - Sync 1 DAGs
[2025-01-23T15:00:02.743+0000] {logging_mixin.py:190} INFO - [2025-01-23T15:00:02.743+0000] {dag.py:4180} INFO - Setting next_dagrun for example_branch_labels to 2025-01-22 00:00:00+00:00, run_after=2025-01-23 00:00:00+00:00
[2025-01-23T15:00:02.772+0000] {processor.py:208} INFO - Processing /home/airflow/.local/lib/python3.12/site-packages/airflow/example_dags/example_branch_labels.py took 0.120 seconds
[2025-01-23T15:00:34.127+0000] {processor.py:186} INFO - Started process (PID=6310) to work on /home/airflow/.local/lib/python3.12/site-packages/airflow/example_dags/example_branch_labels.py
[2025-01-23T15:00:34.128+0000] {processor.py:914} INFO - Processing file /home/airflow/.local/lib/python3.12/site-packages/airflow/example_dags/example_branch_labels.py for tasks to queue
[2025-01-23T15:00:34.133+0000] {logging_mixin.py:190} INFO - [2025-01-23T15:00:34.132+0000] {dagbag.py:588} INFO - Filling up the DagBag from /home/airflow/.local/lib/python3.12/site-packages/airflow/example_dags/example_branch_labels.py
[2025-01-23T15:00:34.149+0000] {processor.py:925} INFO - DAG(s) 'example_branch_labels' retrieved from /home/airflow/.local/lib/python3.12/site-packages/airflow/example_dags/example_branch_labels.py
[2025-01-23T15:00:34.184+0000] {logging_mixin.py:190} INFO - [2025-01-23T15:00:34.184+0000] {dag.py:3239} INFO - Sync 1 DAGs
[2025-01-23T15:00:34.217+0000] {logging_mixin.py:190} INFO - [2025-01-23T15:00:34.217+0000] {dag.py:4180} INFO - Setting next_dagrun for example_branch_labels to 2025-01-22 00:00:00+00:00, run_after=2025-01-23 00:00:00+00:00
[2025-01-23T15:00:34.241+0000] {processor.py:208} INFO - Processing /home/airflow/.local/lib/python3.12/site-packages/airflow/example_dags/example_branch_labels.py took 0.126 seconds
[2025-01-23T15:01:05.881+0000] {processor.py:186} INFO - Started process (PID=6604) to work on /home/airflow/.local/lib/python3.12/site-packages/airflow/example_dags/example_branch_labels.py
[2025-01-23T15:01:05.882+0000] {processor.py:914} INFO - Processing file /home/airflow/.local/lib/python3.12/site-packages/airflow/example_dags/example_branch_labels.py for tasks to queue
[2025-01-23T15:01:05.886+0000] {logging_mixin.py:190} INFO - [2025-01-23T15:01:05.885+0000] {dagbag.py:588} INFO - Filling up the DagBag from /home/airflow/.local/lib/python3.12/site-packages/airflow/example_dags/example_branch_labels.py
[2025-01-23T15:01:05.903+0000] {processor.py:925} INFO - DAG(s) 'example_branch_labels' retrieved from /home/airflow/.local/lib/python3.12/site-packages/airflow/example_dags/example_branch_labels.py
[2025-01-23T15:01:05.939+0000] {logging_mixin.py:190} INFO - [2025-01-23T15:01:05.938+0000] {dag.py:3239} INFO - Sync 1 DAGs
[2025-01-23T15:01:05.984+0000] {logging_mixin.py:190} INFO - [2025-01-23T15:01:05.984+0000] {dag.py:4180} INFO - Setting next_dagrun for example_branch_labels to 2025-01-22 00:00:00+00:00, run_after=2025-01-23 00:00:00+00:00
[2025-01-23T15:01:06.021+0000] {processor.py:208} INFO - Processing /home/airflow/.local/lib/python3.12/site-packages/airflow/example_dags/example_branch_labels.py took 0.151 seconds
[2025-01-23T15:01:37.658+0000] {processor.py:186} INFO - Started process (PID=6900) to work on /home/airflow/.local/lib/python3.12/site-packages/airflow/example_dags/example_branch_labels.py
[2025-01-23T15:01:37.665+0000] {processor.py:914} INFO - Processing file /home/airflow/.local/lib/python3.12/site-packages/airflow/example_dags/example_branch_labels.py for tasks to queue
[2025-01-23T15:01:37.669+0000] {logging_mixin.py:190} INFO - [2025-01-23T15:01:37.668+0000] {dagbag.py:588} INFO - Filling up the DagBag from /home/airflow/.local/lib/python3.12/site-packages/airflow/example_dags/example_branch_labels.py
[2025-01-23T15:01:37.683+0000] {processor.py:925} INFO - DAG(s) 'example_branch_labels' retrieved from /home/airflow/.local/lib/python3.12/site-packages/airflow/example_dags/example_branch_labels.py
[2025-01-23T15:01:37.724+0000] {logging_mixin.py:190} INFO - [2025-01-23T15:01:37.723+0000] {dag.py:3239} INFO - Sync 1 DAGs
[2025-01-23T15:01:37.773+0000] {logging_mixin.py:190} INFO - [2025-01-23T15:01:37.773+0000] {dag.py:4180} INFO - Setting next_dagrun for example_branch_labels to 2025-01-22 00:00:00+00:00, run_after=2025-01-23 00:00:00+00:00
[2025-01-23T15:01:37.814+0000] {processor.py:208} INFO - Processing /home/airflow/.local/lib/python3.12/site-packages/airflow/example_dags/example_branch_labels.py took 0.167 seconds
[2025-01-23T15:02:08.940+0000] {processor.py:186} INFO - Started process (PID=7201) to work on /home/airflow/.local/lib/python3.12/site-packages/airflow/example_dags/example_branch_labels.py
[2025-01-23T15:02:08.941+0000] {processor.py:914} INFO - Processing file /home/airflow/.local/lib/python3.12/site-packages/airflow/example_dags/example_branch_labels.py for tasks to queue
[2025-01-23T15:02:08.944+0000] {logging_mixin.py:190} INFO - [2025-01-23T15:02:08.944+0000] {dagbag.py:588} INFO - Filling up the DagBag from /home/airflow/.local/lib/python3.12/site-packages/airflow/example_dags/example_branch_labels.py
[2025-01-23T15:02:08.957+0000] {processor.py:925} INFO - DAG(s) 'example_branch_labels' retrieved from /home/airflow/.local/lib/python3.12/site-packages/airflow/example_dags/example_branch_labels.py
[2025-01-23T15:02:08.987+0000] {logging_mixin.py:190} INFO - [2025-01-23T15:02:08.986+0000] {dag.py:3239} INFO - Sync 1 DAGs
[2025-01-23T15:02:09.027+0000] {logging_mixin.py:190} INFO - [2025-01-23T15:02:09.026+0000] {dag.py:4180} INFO - Setting next_dagrun for example_branch_labels to 2025-01-22 00:00:00+00:00, run_after=2025-01-23 00:00:00+00:00
[2025-01-23T15:02:09.058+0000] {processor.py:208} INFO - Processing /home/airflow/.local/lib/python3.12/site-packages/airflow/example_dags/example_branch_labels.py took 0.128 seconds
[2025-01-23T15:02:39.910+0000] {processor.py:186} INFO - Started process (PID=7499) to work on /home/airflow/.local/lib/python3.12/site-packages/airflow/example_dags/example_branch_labels.py
[2025-01-23T15:02:39.911+0000] {processor.py:914} INFO - Processing file /home/airflow/.local/lib/python3.12/site-packages/airflow/example_dags/example_branch_labels.py for tasks to queue
[2025-01-23T15:02:39.914+0000] {logging_mixin.py:190} INFO - [2025-01-23T15:02:39.913+0000] {dagbag.py:588} INFO - Filling up the DagBag from /home/airflow/.local/lib/python3.12/site-packages/airflow/example_dags/example_branch_labels.py
[2025-01-23T15:02:39.927+0000] {processor.py:925} INFO - DAG(s) 'example_branch_labels' retrieved from /home/airflow/.local/lib/python3.12/site-packages/airflow/example_dags/example_branch_labels.py
[2025-01-23T15:02:39.955+0000] {logging_mixin.py:190} INFO - [2025-01-23T15:02:39.954+0000] {dag.py:3239} INFO - Sync 1 DAGs
[2025-01-23T15:02:39.985+0000] {logging_mixin.py:190} INFO - [2025-01-23T15:02:39.985+0000] {dag.py:4180} INFO - Setting next_dagrun for example_branch_labels to 2025-01-22 00:00:00+00:00, run_after=2025-01-23 00:00:00+00:00
[2025-01-23T15:02:40.014+0000] {processor.py:208} INFO - Processing /home/airflow/.local/lib/python3.12/site-packages/airflow/example_dags/example_branch_labels.py took 0.112 seconds
[2025-01-23T15:03:11.978+0000] {processor.py:186} INFO - Started process (PID=7793) to work on /home/airflow/.local/lib/python3.12/site-packages/airflow/example_dags/example_branch_labels.py
[2025-01-23T15:03:11.979+0000] {processor.py:914} INFO - Processing file /home/airflow/.local/lib/python3.12/site-packages/airflow/example_dags/example_branch_labels.py for tasks to queue
[2025-01-23T15:03:11.984+0000] {logging_mixin.py:190} INFO - [2025-01-23T15:03:11.983+0000] {dagbag.py:588} INFO - Filling up the DagBag from /home/airflow/.local/lib/python3.12/site-packages/airflow/example_dags/example_branch_labels.py
[2025-01-23T15:03:11.998+0000] {processor.py:925} INFO - DAG(s) 'example_branch_labels' retrieved from /home/airflow/.local/lib/python3.12/site-packages/airflow/example_dags/example_branch_labels.py
[2025-01-23T15:03:12.028+0000] {logging_mixin.py:190} INFO - [2025-01-23T15:03:12.028+0000] {dag.py:3239} INFO - Sync 1 DAGs
[2025-01-23T15:03:12.067+0000] {logging_mixin.py:190} INFO - [2025-01-23T15:03:12.067+0000] {dag.py:4180} INFO - Setting next_dagrun for example_branch_labels to 2025-01-22 00:00:00+00:00, run_after=2025-01-23 00:00:00+00:00
[2025-01-23T15:03:12.092+0000] {processor.py:208} INFO - Processing /home/airflow/.local/lib/python3.12/site-packages/airflow/example_dags/example_branch_labels.py took 0.123 seconds
[2025-01-23T15:03:43.235+0000] {processor.py:186} INFO - Started process (PID=8089) to work on /home/airflow/.local/lib/python3.12/site-packages/airflow/example_dags/example_branch_labels.py
[2025-01-23T15:03:43.237+0000] {processor.py:914} INFO - Processing file /home/airflow/.local/lib/python3.12/site-packages/airflow/example_dags/example_branch_labels.py for tasks to queue
[2025-01-23T15:03:43.240+0000] {logging_mixin.py:190} INFO - [2025-01-23T15:03:43.240+0000] {dagbag.py:588} INFO - Filling up the DagBag from /home/airflow/.local/lib/python3.12/site-packages/airflow/example_dags/example_branch_labels.py
[2025-01-23T15:03:43.254+0000] {processor.py:925} INFO - DAG(s) 'example_branch_labels' retrieved from /home/airflow/.local/lib/python3.12/site-packages/airflow/example_dags/example_branch_labels.py
[2025-01-23T15:03:43.283+0000] {logging_mixin.py:190} INFO - [2025-01-23T15:03:43.283+0000] {dag.py:3239} INFO - Sync 1 DAGs
[2025-01-23T15:03:43.318+0000] {logging_mixin.py:190} INFO - [2025-01-23T15:03:43.318+0000] {dag.py:4180} INFO - Setting next_dagrun for example_branch_labels to 2025-01-22 00:00:00+00:00, run_after=2025-01-23 00:00:00+00:00
[2025-01-23T15:03:43.344+0000] {processor.py:208} INFO - Processing /home/airflow/.local/lib/python3.12/site-packages/airflow/example_dags/example_branch_labels.py took 0.116 seconds
[2025-01-23T15:04:14.139+0000] {processor.py:186} INFO - Started process (PID=8385) to work on /home/airflow/.local/lib/python3.12/site-packages/airflow/example_dags/example_branch_labels.py
[2025-01-23T15:04:14.141+0000] {processor.py:914} INFO - Processing file /home/airflow/.local/lib/python3.12/site-packages/airflow/example_dags/example_branch_labels.py for tasks to queue
[2025-01-23T15:04:14.143+0000] {logging_mixin.py:190} INFO - [2025-01-23T15:04:14.143+0000] {dagbag.py:588} INFO - Filling up the DagBag from /home/airflow/.local/lib/python3.12/site-packages/airflow/example_dags/example_branch_labels.py
[2025-01-23T15:04:14.157+0000] {processor.py:925} INFO - DAG(s) 'example_branch_labels' retrieved from /home/airflow/.local/lib/python3.12/site-packages/airflow/example_dags/example_branch_labels.py
[2025-01-23T15:04:14.184+0000] {logging_mixin.py:190} INFO - [2025-01-23T15:04:14.184+0000] {dag.py:3239} INFO - Sync 1 DAGs
[2025-01-23T15:04:14.214+0000] {logging_mixin.py:190} INFO - [2025-01-23T15:04:14.213+0000] {dag.py:4180} INFO - Setting next_dagrun for example_branch_labels to 2025-01-22 00:00:00+00:00, run_after=2025-01-23 00:00:00+00:00
[2025-01-23T15:04:14.242+0000] {processor.py:208} INFO - Processing /home/airflow/.local/lib/python3.12/site-packages/airflow/example_dags/example_branch_labels.py took 0.112 seconds
[2025-01-23T15:04:44.718+0000] {processor.py:186} INFO - Started process (PID=8681) to work on /home/airflow/.local/lib/python3.12/site-packages/airflow/example_dags/example_branch_labels.py
[2025-01-23T15:04:44.719+0000] {processor.py:914} INFO - Processing file /home/airflow/.local/lib/python3.12/site-packages/airflow/example_dags/example_branch_labels.py for tasks to queue
[2025-01-23T15:04:44.722+0000] {logging_mixin.py:190} INFO - [2025-01-23T15:04:44.721+0000] {dagbag.py:588} INFO - Filling up the DagBag from /home/airflow/.local/lib/python3.12/site-packages/airflow/example_dags/example_branch_labels.py
[2025-01-23T15:04:44.734+0000] {processor.py:925} INFO - DAG(s) 'example_branch_labels' retrieved from /home/airflow/.local/lib/python3.12/site-packages/airflow/example_dags/example_branch_labels.py
[2025-01-23T15:04:44.762+0000] {logging_mixin.py:190} INFO - [2025-01-23T15:04:44.761+0000] {dag.py:3239} INFO - Sync 1 DAGs
[2025-01-23T15:04:44.795+0000] {logging_mixin.py:190} INFO - [2025-01-23T15:04:44.794+0000] {dag.py:4180} INFO - Setting next_dagrun for example_branch_labels to 2025-01-22 00:00:00+00:00, run_after=2025-01-23 00:00:00+00:00
[2025-01-23T15:04:44.816+0000] {processor.py:208} INFO - Processing /home/airflow/.local/lib/python3.12/site-packages/airflow/example_dags/example_branch_labels.py took 0.107 seconds
[2025-01-23T15:05:15.659+0000] {processor.py:186} INFO - Started process (PID=8977) to work on /home/airflow/.local/lib/python3.12/site-packages/airflow/example_dags/example_branch_labels.py
[2025-01-23T15:05:15.661+0000] {processor.py:914} INFO - Processing file /home/airflow/.local/lib/python3.12/site-packages/airflow/example_dags/example_branch_labels.py for tasks to queue
[2025-01-23T15:05:15.663+0000] {logging_mixin.py:190} INFO - [2025-01-23T15:05:15.663+0000] {dagbag.py:588} INFO - Filling up the DagBag from /home/airflow/.local/lib/python3.12/site-packages/airflow/example_dags/example_branch_labels.py
[2025-01-23T15:05:15.676+0000] {processor.py:925} INFO - DAG(s) 'example_branch_labels' retrieved from /home/airflow/.local/lib/python3.12/site-packages/airflow/example_dags/example_branch_labels.py
[2025-01-23T15:05:15.704+0000] {logging_mixin.py:190} INFO - [2025-01-23T15:05:15.703+0000] {dag.py:3239} INFO - Sync 1 DAGs
[2025-01-23T15:05:15.737+0000] {logging_mixin.py:190} INFO - [2025-01-23T15:05:15.736+0000] {dag.py:4180} INFO - Setting next_dagrun for example_branch_labels to 2025-01-22 00:00:00+00:00, run_after=2025-01-23 00:00:00+00:00
[2025-01-23T15:05:15.761+0000] {processor.py:208} INFO - Processing /home/airflow/.local/lib/python3.12/site-packages/airflow/example_dags/example_branch_labels.py took 0.110 seconds
[2025-01-23T15:05:47.057+0000] {processor.py:186} INFO - Started process (PID=9275) to work on /home/airflow/.local/lib/python3.12/site-packages/airflow/example_dags/example_branch_labels.py
[2025-01-23T15:05:47.058+0000] {processor.py:914} INFO - Processing file /home/airflow/.local/lib/python3.12/site-packages/airflow/example_dags/example_branch_labels.py for tasks to queue
[2025-01-23T15:05:47.061+0000] {logging_mixin.py:190} INFO - [2025-01-23T15:05:47.060+0000] {dagbag.py:588} INFO - Filling up the DagBag from /home/airflow/.local/lib/python3.12/site-packages/airflow/example_dags/example_branch_labels.py
[2025-01-23T15:05:47.073+0000] {processor.py:925} INFO - DAG(s) 'example_branch_labels' retrieved from /home/airflow/.local/lib/python3.12/site-packages/airflow/example_dags/example_branch_labels.py
[2025-01-23T15:05:47.101+0000] {logging_mixin.py:190} INFO - [2025-01-23T15:05:47.101+0000] {dag.py:3239} INFO - Sync 1 DAGs
[2025-01-23T15:05:47.133+0000] {logging_mixin.py:190} INFO - [2025-01-23T15:05:47.133+0000] {dag.py:4180} INFO - Setting next_dagrun for example_branch_labels to 2025-01-22 00:00:00+00:00, run_after=2025-01-23 00:00:00+00:00
[2025-01-23T15:05:47.162+0000] {processor.py:208} INFO - Processing /home/airflow/.local/lib/python3.12/site-packages/airflow/example_dags/example_branch_labels.py took 0.113 seconds
[2025-01-23T15:06:17.538+0000] {processor.py:186} INFO - Started process (PID=9568) to work on /home/airflow/.local/lib/python3.12/site-packages/airflow/example_dags/example_branch_labels.py
[2025-01-23T15:06:17.545+0000] {processor.py:914} INFO - Processing file /home/airflow/.local/lib/python3.12/site-packages/airflow/example_dags/example_branch_labels.py for tasks to queue
[2025-01-23T15:06:17.549+0000] {logging_mixin.py:190} INFO - [2025-01-23T15:06:17.549+0000] {dagbag.py:588} INFO - Filling up the DagBag from /home/airflow/.local/lib/python3.12/site-packages/airflow/example_dags/example_branch_labels.py
[2025-01-23T15:06:17.564+0000] {processor.py:925} INFO - DAG(s) 'example_branch_labels' retrieved from /home/airflow/.local/lib/python3.12/site-packages/airflow/example_dags/example_branch_labels.py
[2025-01-23T15:06:17.599+0000] {logging_mixin.py:190} INFO - [2025-01-23T15:06:17.599+0000] {dag.py:3239} INFO - Sync 1 DAGs
[2025-01-23T15:06:17.658+0000] {logging_mixin.py:190} INFO - [2025-01-23T15:06:17.658+0000] {dag.py:4180} INFO - Setting next_dagrun for example_branch_labels to 2025-01-22 00:00:00+00:00, run_after=2025-01-23 00:00:00+00:00
[2025-01-23T15:06:17.708+0000] {processor.py:208} INFO - Processing /home/airflow/.local/lib/python3.12/site-packages/airflow/example_dags/example_branch_labels.py took 0.180 seconds
[2025-01-23T15:06:48.930+0000] {processor.py:186} INFO - Started process (PID=9864) to work on /home/airflow/.local/lib/python3.12/site-packages/airflow/example_dags/example_branch_labels.py
[2025-01-23T15:06:48.932+0000] {processor.py:914} INFO - Processing file /home/airflow/.local/lib/python3.12/site-packages/airflow/example_dags/example_branch_labels.py for tasks to queue
[2025-01-23T15:06:48.937+0000] {logging_mixin.py:190} INFO - [2025-01-23T15:06:48.936+0000] {dagbag.py:588} INFO - Filling up the DagBag from /home/airflow/.local/lib/python3.12/site-packages/airflow/example_dags/example_branch_labels.py
[2025-01-23T15:06:48.951+0000] {processor.py:925} INFO - DAG(s) 'example_branch_labels' retrieved from /home/airflow/.local/lib/python3.12/site-packages/airflow/example_dags/example_branch_labels.py
[2025-01-23T15:06:48.986+0000] {logging_mixin.py:190} INFO - [2025-01-23T15:06:48.986+0000] {dag.py:3239} INFO - Sync 1 DAGs
[2025-01-23T15:06:49.026+0000] {logging_mixin.py:190} INFO - [2025-01-23T15:06:49.025+0000] {dag.py:4180} INFO - Setting next_dagrun for example_branch_labels to 2025-01-22 00:00:00+00:00, run_after=2025-01-23 00:00:00+00:00
[2025-01-23T15:06:49.064+0000] {processor.py:208} INFO - Processing /home/airflow/.local/lib/python3.12/site-packages/airflow/example_dags/example_branch_labels.py took 0.147 seconds
[2025-01-23T15:07:20.063+0000] {processor.py:186} INFO - Started process (PID=10160) to work on /home/airflow/.local/lib/python3.12/site-packages/airflow/example_dags/example_branch_labels.py
[2025-01-23T15:07:20.064+0000] {processor.py:914} INFO - Processing file /home/airflow/.local/lib/python3.12/site-packages/airflow/example_dags/example_branch_labels.py for tasks to queue
[2025-01-23T15:07:20.069+0000] {logging_mixin.py:190} INFO - [2025-01-23T15:07:20.068+0000] {dagbag.py:588} INFO - Filling up the DagBag from /home/airflow/.local/lib/python3.12/site-packages/airflow/example_dags/example_branch_labels.py
[2025-01-23T15:07:20.083+0000] {processor.py:925} INFO - DAG(s) 'example_branch_labels' retrieved from /home/airflow/.local/lib/python3.12/site-packages/airflow/example_dags/example_branch_labels.py
[2025-01-23T15:07:20.114+0000] {logging_mixin.py:190} INFO - [2025-01-23T15:07:20.114+0000] {dag.py:3239} INFO - Sync 1 DAGs
[2025-01-23T15:07:20.150+0000] {logging_mixin.py:190} INFO - [2025-01-23T15:07:20.149+0000] {dag.py:4180} INFO - Setting next_dagrun for example_branch_labels to 2025-01-22 00:00:00+00:00, run_after=2025-01-23 00:00:00+00:00
[2025-01-23T15:07:20.182+0000] {processor.py:208} INFO - Processing /home/airflow/.local/lib/python3.12/site-packages/airflow/example_dags/example_branch_labels.py took 0.128 seconds
[2025-01-23T15:07:50.696+0000] {processor.py:186} INFO - Started process (PID=10456) to work on /home/airflow/.local/lib/python3.12/site-packages/airflow/example_dags/example_branch_labels.py
[2025-01-23T15:07:50.703+0000] {processor.py:914} INFO - Processing file /home/airflow/.local/lib/python3.12/site-packages/airflow/example_dags/example_branch_labels.py for tasks to queue
[2025-01-23T15:07:50.708+0000] {logging_mixin.py:190} INFO - [2025-01-23T15:07:50.708+0000] {dagbag.py:588} INFO - Filling up the DagBag from /home/airflow/.local/lib/python3.12/site-packages/airflow/example_dags/example_branch_labels.py
[2025-01-23T15:07:50.733+0000] {processor.py:925} INFO - DAG(s) 'example_branch_labels' retrieved from /home/airflow/.local/lib/python3.12/site-packages/airflow/example_dags/example_branch_labels.py
[2025-01-23T15:07:50.766+0000] {logging_mixin.py:190} INFO - [2025-01-23T15:07:50.765+0000] {dag.py:3239} INFO - Sync 1 DAGs
[2025-01-23T15:07:50.814+0000] {logging_mixin.py:190} INFO - [2025-01-23T15:07:50.814+0000] {dag.py:4180} INFO - Setting next_dagrun for example_branch_labels to 2025-01-22 00:00:00+00:00, run_after=2025-01-23 00:00:00+00:00
[2025-01-23T15:07:50.851+0000] {processor.py:208} INFO - Processing /home/airflow/.local/lib/python3.12/site-packages/airflow/example_dags/example_branch_labels.py took 0.163 seconds
