[2025-01-23T14:50:08.589+0000] {processor.py:186} INFO - Started process (PID=347) to work on /home/airflow/.local/lib/python3.12/site-packages/airflow/example_dags/example_setup_teardown_taskflow.py
[2025-01-23T14:50:08.589+0000] {processor.py:914} INFO - Processing file /home/airflow/.local/lib/python3.12/site-packages/airflow/example_dags/example_setup_teardown_taskflow.py for tasks to queue
[2025-01-23T14:50:08.591+0000] {logging_mixin.py:190} INFO - [2025-01-23T14:50:08.591+0000] {dagbag.py:588} INFO - Filling up the DagBag from /home/airflow/.local/lib/python3.12/site-packages/airflow/example_dags/example_setup_teardown_taskflow.py
[2025-01-23T14:50:08.601+0000] {processor.py:925} INFO - DAG(s) 'example_setup_teardown_taskflow' retrieved from /home/airflow/.local/lib/python3.12/site-packages/airflow/example_dags/example_setup_teardown_taskflow.py
[2025-01-23T14:50:08.622+0000] {logging_mixin.py:190} INFO - [2025-01-23T14:50:08.622+0000] {dag.py:3239} INFO - Sync 1 DAGs
[2025-01-23T14:50:08.635+0000] {logging_mixin.py:190} INFO - [2025-01-23T14:50:08.635+0000] {dag.py:4180} INFO - Setting next_dagrun for example_setup_teardown_taskflow to None, run_after=None
[2025-01-23T14:50:08.652+0000] {processor.py:208} INFO - Processing /home/airflow/.local/lib/python3.12/site-packages/airflow/example_dags/example_setup_teardown_taskflow.py took 0.069 seconds
[2025-01-23T14:50:39.687+0000] {processor.py:186} INFO - Started process (PID=643) to work on /home/airflow/.local/lib/python3.12/site-packages/airflow/example_dags/example_setup_teardown_taskflow.py
[2025-01-23T14:50:39.689+0000] {processor.py:914} INFO - Processing file /home/airflow/.local/lib/python3.12/site-packages/airflow/example_dags/example_setup_teardown_taskflow.py for tasks to queue
[2025-01-23T14:50:39.691+0000] {logging_mixin.py:190} INFO - [2025-01-23T14:50:39.690+0000] {dagbag.py:588} INFO - Filling up the DagBag from /home/airflow/.local/lib/python3.12/site-packages/airflow/example_dags/example_setup_teardown_taskflow.py
[2025-01-23T14:50:39.700+0000] {processor.py:925} INFO - DAG(s) 'example_setup_teardown_taskflow' retrieved from /home/airflow/.local/lib/python3.12/site-packages/airflow/example_dags/example_setup_teardown_taskflow.py
[2025-01-23T14:50:39.722+0000] {logging_mixin.py:190} INFO - [2025-01-23T14:50:39.722+0000] {dag.py:3239} INFO - Sync 1 DAGs
[2025-01-23T14:50:39.736+0000] {logging_mixin.py:190} INFO - [2025-01-23T14:50:39.736+0000] {dag.py:4180} INFO - Setting next_dagrun for example_setup_teardown_taskflow to None, run_after=None
[2025-01-23T14:50:39.755+0000] {processor.py:208} INFO - Processing /home/airflow/.local/lib/python3.12/site-packages/airflow/example_dags/example_setup_teardown_taskflow.py took 0.074 seconds
[2025-01-23T14:51:11.190+0000] {processor.py:186} INFO - Started process (PID=939) to work on /home/airflow/.local/lib/python3.12/site-packages/airflow/example_dags/example_setup_teardown_taskflow.py
[2025-01-23T14:51:11.191+0000] {processor.py:914} INFO - Processing file /home/airflow/.local/lib/python3.12/site-packages/airflow/example_dags/example_setup_teardown_taskflow.py for tasks to queue
[2025-01-23T14:51:11.193+0000] {logging_mixin.py:190} INFO - [2025-01-23T14:51:11.193+0000] {dagbag.py:588} INFO - Filling up the DagBag from /home/airflow/.local/lib/python3.12/site-packages/airflow/example_dags/example_setup_teardown_taskflow.py
[2025-01-23T14:51:11.203+0000] {processor.py:925} INFO - DAG(s) 'example_setup_teardown_taskflow' retrieved from /home/airflow/.local/lib/python3.12/site-packages/airflow/example_dags/example_setup_teardown_taskflow.py
[2025-01-23T14:51:11.223+0000] {logging_mixin.py:190} INFO - [2025-01-23T14:51:11.223+0000] {dag.py:3239} INFO - Sync 1 DAGs
[2025-01-23T14:51:11.237+0000] {logging_mixin.py:190} INFO - [2025-01-23T14:51:11.237+0000] {dag.py:4180} INFO - Setting next_dagrun for example_setup_teardown_taskflow to None, run_after=None
[2025-01-23T14:51:11.255+0000] {processor.py:208} INFO - Processing /home/airflow/.local/lib/python3.12/site-packages/airflow/example_dags/example_setup_teardown_taskflow.py took 0.071 seconds
[2025-01-23T14:51:42.462+0000] {processor.py:186} INFO - Started process (PID=1236) to work on /home/airflow/.local/lib/python3.12/site-packages/airflow/example_dags/example_setup_teardown_taskflow.py
[2025-01-23T14:51:42.463+0000] {processor.py:914} INFO - Processing file /home/airflow/.local/lib/python3.12/site-packages/airflow/example_dags/example_setup_teardown_taskflow.py for tasks to queue
[2025-01-23T14:51:42.466+0000] {logging_mixin.py:190} INFO - [2025-01-23T14:51:42.465+0000] {dagbag.py:588} INFO - Filling up the DagBag from /home/airflow/.local/lib/python3.12/site-packages/airflow/example_dags/example_setup_teardown_taskflow.py
[2025-01-23T14:51:42.475+0000] {processor.py:925} INFO - DAG(s) 'example_setup_teardown_taskflow' retrieved from /home/airflow/.local/lib/python3.12/site-packages/airflow/example_dags/example_setup_teardown_taskflow.py
[2025-01-23T14:51:42.494+0000] {logging_mixin.py:190} INFO - [2025-01-23T14:51:42.493+0000] {dag.py:3239} INFO - Sync 1 DAGs
[2025-01-23T14:51:42.505+0000] {logging_mixin.py:190} INFO - [2025-01-23T14:51:42.505+0000] {dag.py:4180} INFO - Setting next_dagrun for example_setup_teardown_taskflow to None, run_after=None
[2025-01-23T14:51:42.523+0000] {processor.py:208} INFO - Processing /home/airflow/.local/lib/python3.12/site-packages/airflow/example_dags/example_setup_teardown_taskflow.py took 0.066 seconds
[2025-01-23T14:52:13.785+0000] {processor.py:186} INFO - Started process (PID=1531) to work on /home/airflow/.local/lib/python3.12/site-packages/airflow/example_dags/example_setup_teardown_taskflow.py
[2025-01-23T14:52:13.786+0000] {processor.py:914} INFO - Processing file /home/airflow/.local/lib/python3.12/site-packages/airflow/example_dags/example_setup_teardown_taskflow.py for tasks to queue
[2025-01-23T14:52:13.788+0000] {logging_mixin.py:190} INFO - [2025-01-23T14:52:13.788+0000] {dagbag.py:588} INFO - Filling up the DagBag from /home/airflow/.local/lib/python3.12/site-packages/airflow/example_dags/example_setup_teardown_taskflow.py
[2025-01-23T14:52:13.799+0000] {processor.py:925} INFO - DAG(s) 'example_setup_teardown_taskflow' retrieved from /home/airflow/.local/lib/python3.12/site-packages/airflow/example_dags/example_setup_teardown_taskflow.py
[2025-01-23T14:52:13.821+0000] {logging_mixin.py:190} INFO - [2025-01-23T14:52:13.820+0000] {dag.py:3239} INFO - Sync 1 DAGs
[2025-01-23T14:52:13.838+0000] {logging_mixin.py:190} INFO - [2025-01-23T14:52:13.838+0000] {dag.py:4180} INFO - Setting next_dagrun for example_setup_teardown_taskflow to None, run_after=None
[2025-01-23T14:52:13.859+0000] {processor.py:208} INFO - Processing /home/airflow/.local/lib/python3.12/site-packages/airflow/example_dags/example_setup_teardown_taskflow.py took 0.080 seconds
[2025-01-23T14:52:45.510+0000] {processor.py:186} INFO - Started process (PID=1827) to work on /home/airflow/.local/lib/python3.12/site-packages/airflow/example_dags/example_setup_teardown_taskflow.py
[2025-01-23T14:52:45.512+0000] {processor.py:914} INFO - Processing file /home/airflow/.local/lib/python3.12/site-packages/airflow/example_dags/example_setup_teardown_taskflow.py for tasks to queue
[2025-01-23T14:52:45.515+0000] {logging_mixin.py:190} INFO - [2025-01-23T14:52:45.514+0000] {dagbag.py:588} INFO - Filling up the DagBag from /home/airflow/.local/lib/python3.12/site-packages/airflow/example_dags/example_setup_teardown_taskflow.py
[2025-01-23T14:52:45.531+0000] {processor.py:925} INFO - DAG(s) 'example_setup_teardown_taskflow' retrieved from /home/airflow/.local/lib/python3.12/site-packages/airflow/example_dags/example_setup_teardown_taskflow.py
[2025-01-23T14:52:45.560+0000] {logging_mixin.py:190} INFO - [2025-01-23T14:52:45.559+0000] {dag.py:3239} INFO - Sync 1 DAGs
[2025-01-23T14:52:45.579+0000] {logging_mixin.py:190} INFO - [2025-01-23T14:52:45.578+0000] {dag.py:4180} INFO - Setting next_dagrun for example_setup_teardown_taskflow to None, run_after=None
[2025-01-23T14:52:45.601+0000] {processor.py:208} INFO - Processing /home/airflow/.local/lib/python3.12/site-packages/airflow/example_dags/example_setup_teardown_taskflow.py took 0.098 seconds
[2025-01-23T14:53:15.975+0000] {processor.py:186} INFO - Started process (PID=2123) to work on /home/airflow/.local/lib/python3.12/site-packages/airflow/example_dags/example_setup_teardown_taskflow.py
[2025-01-23T14:53:15.976+0000] {processor.py:914} INFO - Processing file /home/airflow/.local/lib/python3.12/site-packages/airflow/example_dags/example_setup_teardown_taskflow.py for tasks to queue
[2025-01-23T14:53:15.978+0000] {logging_mixin.py:190} INFO - [2025-01-23T14:53:15.978+0000] {dagbag.py:588} INFO - Filling up the DagBag from /home/airflow/.local/lib/python3.12/site-packages/airflow/example_dags/example_setup_teardown_taskflow.py
[2025-01-23T14:53:15.988+0000] {processor.py:925} INFO - DAG(s) 'example_setup_teardown_taskflow' retrieved from /home/airflow/.local/lib/python3.12/site-packages/airflow/example_dags/example_setup_teardown_taskflow.py
[2025-01-23T14:53:16.008+0000] {logging_mixin.py:190} INFO - [2025-01-23T14:53:16.008+0000] {dag.py:3239} INFO - Sync 1 DAGs
[2025-01-23T14:53:16.021+0000] {logging_mixin.py:190} INFO - [2025-01-23T14:53:16.021+0000] {dag.py:4180} INFO - Setting next_dagrun for example_setup_teardown_taskflow to None, run_after=None
[2025-01-23T14:53:16.039+0000] {processor.py:208} INFO - Processing /home/airflow/.local/lib/python3.12/site-packages/airflow/example_dags/example_setup_teardown_taskflow.py took 0.070 seconds
[2025-01-23T14:53:46.554+0000] {processor.py:186} INFO - Started process (PID=2419) to work on /home/airflow/.local/lib/python3.12/site-packages/airflow/example_dags/example_setup_teardown_taskflow.py
[2025-01-23T14:53:46.555+0000] {processor.py:914} INFO - Processing file /home/airflow/.local/lib/python3.12/site-packages/airflow/example_dags/example_setup_teardown_taskflow.py for tasks to queue
[2025-01-23T14:53:46.557+0000] {logging_mixin.py:190} INFO - [2025-01-23T14:53:46.557+0000] {dagbag.py:588} INFO - Filling up the DagBag from /home/airflow/.local/lib/python3.12/site-packages/airflow/example_dags/example_setup_teardown_taskflow.py
[2025-01-23T14:53:46.566+0000] {processor.py:925} INFO - DAG(s) 'example_setup_teardown_taskflow' retrieved from /home/airflow/.local/lib/python3.12/site-packages/airflow/example_dags/example_setup_teardown_taskflow.py
[2025-01-23T14:53:46.586+0000] {logging_mixin.py:190} INFO - [2025-01-23T14:53:46.585+0000] {dag.py:3239} INFO - Sync 1 DAGs
[2025-01-23T14:53:46.598+0000] {logging_mixin.py:190} INFO - [2025-01-23T14:53:46.597+0000] {dag.py:4180} INFO - Setting next_dagrun for example_setup_teardown_taskflow to None, run_after=None
[2025-01-23T14:53:46.616+0000] {processor.py:208} INFO - Processing /home/airflow/.local/lib/python3.12/site-packages/airflow/example_dags/example_setup_teardown_taskflow.py took 0.067 seconds
[2025-01-23T14:54:17.375+0000] {processor.py:186} INFO - Started process (PID=2715) to work on /home/airflow/.local/lib/python3.12/site-packages/airflow/example_dags/example_setup_teardown_taskflow.py
[2025-01-23T14:54:17.376+0000] {processor.py:914} INFO - Processing file /home/airflow/.local/lib/python3.12/site-packages/airflow/example_dags/example_setup_teardown_taskflow.py for tasks to queue
[2025-01-23T14:54:17.378+0000] {logging_mixin.py:190} INFO - [2025-01-23T14:54:17.378+0000] {dagbag.py:588} INFO - Filling up the DagBag from /home/airflow/.local/lib/python3.12/site-packages/airflow/example_dags/example_setup_teardown_taskflow.py
[2025-01-23T14:54:17.388+0000] {processor.py:925} INFO - DAG(s) 'example_setup_teardown_taskflow' retrieved from /home/airflow/.local/lib/python3.12/site-packages/airflow/example_dags/example_setup_teardown_taskflow.py
[2025-01-23T14:54:17.411+0000] {logging_mixin.py:190} INFO - [2025-01-23T14:54:17.410+0000] {dag.py:3239} INFO - Sync 1 DAGs
[2025-01-23T14:54:17.424+0000] {logging_mixin.py:190} INFO - [2025-01-23T14:54:17.424+0000] {dag.py:4180} INFO - Setting next_dagrun for example_setup_teardown_taskflow to None, run_after=None
[2025-01-23T14:54:17.443+0000] {processor.py:208} INFO - Processing /home/airflow/.local/lib/python3.12/site-packages/airflow/example_dags/example_setup_teardown_taskflow.py took 0.074 seconds
[2025-01-23T14:54:48.260+0000] {processor.py:186} INFO - Started process (PID=3011) to work on /home/airflow/.local/lib/python3.12/site-packages/airflow/example_dags/example_setup_teardown_taskflow.py
[2025-01-23T14:54:48.261+0000] {processor.py:914} INFO - Processing file /home/airflow/.local/lib/python3.12/site-packages/airflow/example_dags/example_setup_teardown_taskflow.py for tasks to queue
[2025-01-23T14:54:48.263+0000] {logging_mixin.py:190} INFO - [2025-01-23T14:54:48.263+0000] {dagbag.py:588} INFO - Filling up the DagBag from /home/airflow/.local/lib/python3.12/site-packages/airflow/example_dags/example_setup_teardown_taskflow.py
[2025-01-23T14:54:48.273+0000] {processor.py:925} INFO - DAG(s) 'example_setup_teardown_taskflow' retrieved from /home/airflow/.local/lib/python3.12/site-packages/airflow/example_dags/example_setup_teardown_taskflow.py
[2025-01-23T14:54:48.295+0000] {logging_mixin.py:190} INFO - [2025-01-23T14:54:48.295+0000] {dag.py:3239} INFO - Sync 1 DAGs
[2025-01-23T14:54:48.308+0000] {logging_mixin.py:190} INFO - [2025-01-23T14:54:48.308+0000] {dag.py:4180} INFO - Setting next_dagrun for example_setup_teardown_taskflow to None, run_after=None
[2025-01-23T14:54:48.326+0000] {processor.py:208} INFO - Processing /home/airflow/.local/lib/python3.12/site-packages/airflow/example_dags/example_setup_teardown_taskflow.py took 0.072 seconds
[2025-01-23T14:55:19.815+0000] {processor.py:186} INFO - Started process (PID=3309) to work on /home/airflow/.local/lib/python3.12/site-packages/airflow/example_dags/example_setup_teardown_taskflow.py
[2025-01-23T14:55:19.816+0000] {processor.py:914} INFO - Processing file /home/airflow/.local/lib/python3.12/site-packages/airflow/example_dags/example_setup_teardown_taskflow.py for tasks to queue
[2025-01-23T14:55:19.818+0000] {logging_mixin.py:190} INFO - [2025-01-23T14:55:19.818+0000] {dagbag.py:588} INFO - Filling up the DagBag from /home/airflow/.local/lib/python3.12/site-packages/airflow/example_dags/example_setup_teardown_taskflow.py
[2025-01-23T14:55:19.828+0000] {processor.py:925} INFO - DAG(s) 'example_setup_teardown_taskflow' retrieved from /home/airflow/.local/lib/python3.12/site-packages/airflow/example_dags/example_setup_teardown_taskflow.py
[2025-01-23T14:55:19.850+0000] {logging_mixin.py:190} INFO - [2025-01-23T14:55:19.850+0000] {dag.py:3239} INFO - Sync 1 DAGs
[2025-01-23T14:55:19.862+0000] {logging_mixin.py:190} INFO - [2025-01-23T14:55:19.862+0000] {dag.py:4180} INFO - Setting next_dagrun for example_setup_teardown_taskflow to None, run_after=None
[2025-01-23T14:55:19.878+0000] {processor.py:208} INFO - Processing /home/airflow/.local/lib/python3.12/site-packages/airflow/example_dags/example_setup_teardown_taskflow.py took 0.069 seconds
[2025-01-23T14:55:50.911+0000] {processor.py:186} INFO - Started process (PID=3603) to work on /home/airflow/.local/lib/python3.12/site-packages/airflow/example_dags/example_setup_teardown_taskflow.py
[2025-01-23T14:55:50.912+0000] {processor.py:914} INFO - Processing file /home/airflow/.local/lib/python3.12/site-packages/airflow/example_dags/example_setup_teardown_taskflow.py for tasks to queue
[2025-01-23T14:55:50.914+0000] {logging_mixin.py:190} INFO - [2025-01-23T14:55:50.914+0000] {dagbag.py:588} INFO - Filling up the DagBag from /home/airflow/.local/lib/python3.12/site-packages/airflow/example_dags/example_setup_teardown_taskflow.py
[2025-01-23T14:55:50.923+0000] {processor.py:925} INFO - DAG(s) 'example_setup_teardown_taskflow' retrieved from /home/airflow/.local/lib/python3.12/site-packages/airflow/example_dags/example_setup_teardown_taskflow.py
[2025-01-23T14:55:50.943+0000] {logging_mixin.py:190} INFO - [2025-01-23T14:55:50.942+0000] {dag.py:3239} INFO - Sync 1 DAGs
[2025-01-23T14:55:50.955+0000] {logging_mixin.py:190} INFO - [2025-01-23T14:55:50.954+0000] {dag.py:4180} INFO - Setting next_dagrun for example_setup_teardown_taskflow to None, run_after=None
[2025-01-23T14:55:50.971+0000] {processor.py:208} INFO - Processing /home/airflow/.local/lib/python3.12/site-packages/airflow/example_dags/example_setup_teardown_taskflow.py took 0.067 seconds
[2025-01-23T14:56:21.982+0000] {processor.py:186} INFO - Started process (PID=3899) to work on /home/airflow/.local/lib/python3.12/site-packages/airflow/example_dags/example_setup_teardown_taskflow.py
[2025-01-23T14:56:21.984+0000] {processor.py:914} INFO - Processing file /home/airflow/.local/lib/python3.12/site-packages/airflow/example_dags/example_setup_teardown_taskflow.py for tasks to queue
[2025-01-23T14:56:21.987+0000] {logging_mixin.py:190} INFO - [2025-01-23T14:56:21.987+0000] {dagbag.py:588} INFO - Filling up the DagBag from /home/airflow/.local/lib/python3.12/site-packages/airflow/example_dags/example_setup_teardown_taskflow.py
[2025-01-23T14:56:22.002+0000] {processor.py:925} INFO - DAG(s) 'example_setup_teardown_taskflow' retrieved from /home/airflow/.local/lib/python3.12/site-packages/airflow/example_dags/example_setup_teardown_taskflow.py
[2025-01-23T14:56:22.030+0000] {logging_mixin.py:190} INFO - [2025-01-23T14:56:22.030+0000] {dag.py:3239} INFO - Sync 1 DAGs
[2025-01-23T14:56:22.048+0000] {logging_mixin.py:190} INFO - [2025-01-23T14:56:22.048+0000] {dag.py:4180} INFO - Setting next_dagrun for example_setup_teardown_taskflow to None, run_after=None
[2025-01-23T14:56:22.072+0000] {processor.py:208} INFO - Processing /home/airflow/.local/lib/python3.12/site-packages/airflow/example_dags/example_setup_teardown_taskflow.py took 0.099 seconds
[2025-01-23T14:56:53.626+0000] {processor.py:186} INFO - Started process (PID=4195) to work on /home/airflow/.local/lib/python3.12/site-packages/airflow/example_dags/example_setup_teardown_taskflow.py
[2025-01-23T14:56:53.628+0000] {processor.py:914} INFO - Processing file /home/airflow/.local/lib/python3.12/site-packages/airflow/example_dags/example_setup_teardown_taskflow.py for tasks to queue
[2025-01-23T14:56:53.631+0000] {logging_mixin.py:190} INFO - [2025-01-23T14:56:53.631+0000] {dagbag.py:588} INFO - Filling up the DagBag from /home/airflow/.local/lib/python3.12/site-packages/airflow/example_dags/example_setup_teardown_taskflow.py
[2025-01-23T14:56:53.647+0000] {processor.py:925} INFO - DAG(s) 'example_setup_teardown_taskflow' retrieved from /home/airflow/.local/lib/python3.12/site-packages/airflow/example_dags/example_setup_teardown_taskflow.py
[2025-01-23T14:56:53.675+0000] {logging_mixin.py:190} INFO - [2025-01-23T14:56:53.675+0000] {dag.py:3239} INFO - Sync 1 DAGs
[2025-01-23T14:56:53.693+0000] {logging_mixin.py:190} INFO - [2025-01-23T14:56:53.692+0000] {dag.py:4180} INFO - Setting next_dagrun for example_setup_teardown_taskflow to None, run_after=None
[2025-01-23T14:56:53.717+0000] {processor.py:208} INFO - Processing /home/airflow/.local/lib/python3.12/site-packages/airflow/example_dags/example_setup_teardown_taskflow.py took 0.100 seconds
[2025-01-23T14:57:24.925+0000] {processor.py:186} INFO - Started process (PID=4491) to work on /home/airflow/.local/lib/python3.12/site-packages/airflow/example_dags/example_setup_teardown_taskflow.py
[2025-01-23T14:57:24.926+0000] {processor.py:914} INFO - Processing file /home/airflow/.local/lib/python3.12/site-packages/airflow/example_dags/example_setup_teardown_taskflow.py for tasks to queue
[2025-01-23T14:57:24.930+0000] {logging_mixin.py:190} INFO - [2025-01-23T14:57:24.930+0000] {dagbag.py:588} INFO - Filling up the DagBag from /home/airflow/.local/lib/python3.12/site-packages/airflow/example_dags/example_setup_teardown_taskflow.py
[2025-01-23T14:57:24.945+0000] {processor.py:925} INFO - DAG(s) 'example_setup_teardown_taskflow' retrieved from /home/airflow/.local/lib/python3.12/site-packages/airflow/example_dags/example_setup_teardown_taskflow.py
[2025-01-23T14:57:24.974+0000] {logging_mixin.py:190} INFO - [2025-01-23T14:57:24.973+0000] {dag.py:3239} INFO - Sync 1 DAGs
[2025-01-23T14:57:24.993+0000] {logging_mixin.py:190} INFO - [2025-01-23T14:57:24.993+0000] {dag.py:4180} INFO - Setting next_dagrun for example_setup_teardown_taskflow to None, run_after=None
[2025-01-23T14:57:25.020+0000] {processor.py:208} INFO - Processing /home/airflow/.local/lib/python3.12/site-packages/airflow/example_dags/example_setup_teardown_taskflow.py took 0.104 seconds
[2025-01-23T14:57:56.190+0000] {processor.py:186} INFO - Started process (PID=4793) to work on /home/airflow/.local/lib/python3.12/site-packages/airflow/example_dags/example_setup_teardown_taskflow.py
[2025-01-23T14:57:56.192+0000] {processor.py:914} INFO - Processing file /home/airflow/.local/lib/python3.12/site-packages/airflow/example_dags/example_setup_teardown_taskflow.py for tasks to queue
[2025-01-23T14:57:56.195+0000] {logging_mixin.py:190} INFO - [2025-01-23T14:57:56.195+0000] {dagbag.py:588} INFO - Filling up the DagBag from /home/airflow/.local/lib/python3.12/site-packages/airflow/example_dags/example_setup_teardown_taskflow.py
[2025-01-23T14:57:56.208+0000] {processor.py:925} INFO - DAG(s) 'example_setup_teardown_taskflow' retrieved from /home/airflow/.local/lib/python3.12/site-packages/airflow/example_dags/example_setup_teardown_taskflow.py
[2025-01-23T14:57:56.237+0000] {logging_mixin.py:190} INFO - [2025-01-23T14:57:56.237+0000] {dag.py:3239} INFO - Sync 1 DAGs
[2025-01-23T14:57:56.256+0000] {logging_mixin.py:190} INFO - [2025-01-23T14:57:56.256+0000] {dag.py:4180} INFO - Setting next_dagrun for example_setup_teardown_taskflow to None, run_after=None
[2025-01-23T14:57:56.283+0000] {processor.py:208} INFO - Processing /home/airflow/.local/lib/python3.12/site-packages/airflow/example_dags/example_setup_teardown_taskflow.py took 0.101 seconds
[2025-01-23T14:58:27.976+0000] {processor.py:186} INFO - Started process (PID=5091) to work on /home/airflow/.local/lib/python3.12/site-packages/airflow/example_dags/example_setup_teardown_taskflow.py
[2025-01-23T14:58:27.978+0000] {processor.py:914} INFO - Processing file /home/airflow/.local/lib/python3.12/site-packages/airflow/example_dags/example_setup_teardown_taskflow.py for tasks to queue
[2025-01-23T14:58:27.981+0000] {logging_mixin.py:190} INFO - [2025-01-23T14:58:27.980+0000] {dagbag.py:588} INFO - Filling up the DagBag from /home/airflow/.local/lib/python3.12/site-packages/airflow/example_dags/example_setup_teardown_taskflow.py
[2025-01-23T14:58:27.995+0000] {processor.py:925} INFO - DAG(s) 'example_setup_teardown_taskflow' retrieved from /home/airflow/.local/lib/python3.12/site-packages/airflow/example_dags/example_setup_teardown_taskflow.py
[2025-01-23T14:58:28.027+0000] {logging_mixin.py:190} INFO - [2025-01-23T14:58:28.026+0000] {dag.py:3239} INFO - Sync 1 DAGs
[2025-01-23T14:58:28.048+0000] {logging_mixin.py:190} INFO - [2025-01-23T14:58:28.047+0000] {dag.py:4180} INFO - Setting next_dagrun for example_setup_teardown_taskflow to None, run_after=None
[2025-01-23T14:58:28.074+0000] {processor.py:208} INFO - Processing /home/airflow/.local/lib/python3.12/site-packages/airflow/example_dags/example_setup_teardown_taskflow.py took 0.107 seconds
[2025-01-23T14:58:59.531+0000] {processor.py:186} INFO - Started process (PID=5387) to work on /home/airflow/.local/lib/python3.12/site-packages/airflow/example_dags/example_setup_teardown_taskflow.py
[2025-01-23T14:58:59.533+0000] {processor.py:914} INFO - Processing file /home/airflow/.local/lib/python3.12/site-packages/airflow/example_dags/example_setup_teardown_taskflow.py for tasks to queue
[2025-01-23T14:58:59.535+0000] {logging_mixin.py:190} INFO - [2025-01-23T14:58:59.535+0000] {dagbag.py:588} INFO - Filling up the DagBag from /home/airflow/.local/lib/python3.12/site-packages/airflow/example_dags/example_setup_teardown_taskflow.py
[2025-01-23T14:58:59.550+0000] {processor.py:925} INFO - DAG(s) 'example_setup_teardown_taskflow' retrieved from /home/airflow/.local/lib/python3.12/site-packages/airflow/example_dags/example_setup_teardown_taskflow.py
[2025-01-23T14:58:59.583+0000] {logging_mixin.py:190} INFO - [2025-01-23T14:58:59.582+0000] {dag.py:3239} INFO - Sync 1 DAGs
[2025-01-23T14:58:59.598+0000] {logging_mixin.py:190} INFO - [2025-01-23T14:58:59.598+0000] {dag.py:4180} INFO - Setting next_dagrun for example_setup_teardown_taskflow to None, run_after=None
[2025-01-23T14:58:59.623+0000] {processor.py:208} INFO - Processing /home/airflow/.local/lib/python3.12/site-packages/airflow/example_dags/example_setup_teardown_taskflow.py took 0.100 seconds
[2025-01-23T14:59:30.705+0000] {processor.py:186} INFO - Started process (PID=5683) to work on /home/airflow/.local/lib/python3.12/site-packages/airflow/example_dags/example_setup_teardown_taskflow.py
[2025-01-23T14:59:30.706+0000] {processor.py:914} INFO - Processing file /home/airflow/.local/lib/python3.12/site-packages/airflow/example_dags/example_setup_teardown_taskflow.py for tasks to queue
[2025-01-23T14:59:30.709+0000] {logging_mixin.py:190} INFO - [2025-01-23T14:59:30.708+0000] {dagbag.py:588} INFO - Filling up the DagBag from /home/airflow/.local/lib/python3.12/site-packages/airflow/example_dags/example_setup_teardown_taskflow.py
[2025-01-23T14:59:30.726+0000] {processor.py:925} INFO - DAG(s) 'example_setup_teardown_taskflow' retrieved from /home/airflow/.local/lib/python3.12/site-packages/airflow/example_dags/example_setup_teardown_taskflow.py
[2025-01-23T14:59:30.756+0000] {logging_mixin.py:190} INFO - [2025-01-23T14:59:30.756+0000] {dag.py:3239} INFO - Sync 1 DAGs
[2025-01-23T14:59:30.775+0000] {logging_mixin.py:190} INFO - [2025-01-23T14:59:30.774+0000] {dag.py:4180} INFO - Setting next_dagrun for example_setup_teardown_taskflow to None, run_after=None
[2025-01-23T14:59:30.800+0000] {processor.py:208} INFO - Processing /home/airflow/.local/lib/python3.12/site-packages/airflow/example_dags/example_setup_teardown_taskflow.py took 0.104 seconds
[2025-01-23T15:00:01.978+0000] {processor.py:186} INFO - Started process (PID=5977) to work on /home/airflow/.local/lib/python3.12/site-packages/airflow/example_dags/example_setup_teardown_taskflow.py
[2025-01-23T15:00:01.980+0000] {processor.py:914} INFO - Processing file /home/airflow/.local/lib/python3.12/site-packages/airflow/example_dags/example_setup_teardown_taskflow.py for tasks to queue
[2025-01-23T15:00:01.983+0000] {logging_mixin.py:190} INFO - [2025-01-23T15:00:01.982+0000] {dagbag.py:588} INFO - Filling up the DagBag from /home/airflow/.local/lib/python3.12/site-packages/airflow/example_dags/example_setup_teardown_taskflow.py
[2025-01-23T15:00:01.996+0000] {processor.py:925} INFO - DAG(s) 'example_setup_teardown_taskflow' retrieved from /home/airflow/.local/lib/python3.12/site-packages/airflow/example_dags/example_setup_teardown_taskflow.py
[2025-01-23T15:00:02.028+0000] {logging_mixin.py:190} INFO - [2025-01-23T15:00:02.028+0000] {dag.py:3239} INFO - Sync 1 DAGs
[2025-01-23T15:00:02.052+0000] {logging_mixin.py:190} INFO - [2025-01-23T15:00:02.051+0000] {dag.py:4180} INFO - Setting next_dagrun for example_setup_teardown_taskflow to None, run_after=None
[2025-01-23T15:00:02.078+0000] {processor.py:208} INFO - Processing /home/airflow/.local/lib/python3.12/site-packages/airflow/example_dags/example_setup_teardown_taskflow.py took 0.108 seconds
[2025-01-23T15:00:33.417+0000] {processor.py:186} INFO - Started process (PID=6275) to work on /home/airflow/.local/lib/python3.12/site-packages/airflow/example_dags/example_setup_teardown_taskflow.py
[2025-01-23T15:00:33.418+0000] {processor.py:914} INFO - Processing file /home/airflow/.local/lib/python3.12/site-packages/airflow/example_dags/example_setup_teardown_taskflow.py for tasks to queue
[2025-01-23T15:00:33.421+0000] {logging_mixin.py:190} INFO - [2025-01-23T15:00:33.421+0000] {dagbag.py:588} INFO - Filling up the DagBag from /home/airflow/.local/lib/python3.12/site-packages/airflow/example_dags/example_setup_teardown_taskflow.py
[2025-01-23T15:00:33.437+0000] {processor.py:925} INFO - DAG(s) 'example_setup_teardown_taskflow' retrieved from /home/airflow/.local/lib/python3.12/site-packages/airflow/example_dags/example_setup_teardown_taskflow.py
[2025-01-23T15:00:33.474+0000] {logging_mixin.py:190} INFO - [2025-01-23T15:00:33.473+0000] {dag.py:3239} INFO - Sync 1 DAGs
[2025-01-23T15:00:33.497+0000] {logging_mixin.py:190} INFO - [2025-01-23T15:00:33.497+0000] {dag.py:4180} INFO - Setting next_dagrun for example_setup_teardown_taskflow to None, run_after=None
[2025-01-23T15:00:33.532+0000] {processor.py:208} INFO - Processing /home/airflow/.local/lib/python3.12/site-packages/airflow/example_dags/example_setup_teardown_taskflow.py took 0.124 seconds
[2025-01-23T15:01:05.067+0000] {processor.py:186} INFO - Started process (PID=6571) to work on /home/airflow/.local/lib/python3.12/site-packages/airflow/example_dags/example_setup_teardown_taskflow.py
[2025-01-23T15:01:05.069+0000] {processor.py:914} INFO - Processing file /home/airflow/.local/lib/python3.12/site-packages/airflow/example_dags/example_setup_teardown_taskflow.py for tasks to queue
[2025-01-23T15:01:05.074+0000] {logging_mixin.py:190} INFO - [2025-01-23T15:01:05.074+0000] {dagbag.py:588} INFO - Filling up the DagBag from /home/airflow/.local/lib/python3.12/site-packages/airflow/example_dags/example_setup_teardown_taskflow.py
[2025-01-23T15:01:05.092+0000] {processor.py:925} INFO - DAG(s) 'example_setup_teardown_taskflow' retrieved from /home/airflow/.local/lib/python3.12/site-packages/airflow/example_dags/example_setup_teardown_taskflow.py
[2025-01-23T15:01:05.135+0000] {logging_mixin.py:190} INFO - [2025-01-23T15:01:05.134+0000] {dag.py:3239} INFO - Sync 1 DAGs
[2025-01-23T15:01:05.172+0000] {logging_mixin.py:190} INFO - [2025-01-23T15:01:05.172+0000] {dag.py:4180} INFO - Setting next_dagrun for example_setup_teardown_taskflow to None, run_after=None
[2025-01-23T15:01:05.211+0000] {processor.py:208} INFO - Processing /home/airflow/.local/lib/python3.12/site-packages/airflow/example_dags/example_setup_teardown_taskflow.py took 0.156 seconds
[2025-01-23T15:01:36.795+0000] {processor.py:186} INFO - Started process (PID=6867) to work on /home/airflow/.local/lib/python3.12/site-packages/airflow/example_dags/example_setup_teardown_taskflow.py
[2025-01-23T15:01:36.797+0000] {processor.py:914} INFO - Processing file /home/airflow/.local/lib/python3.12/site-packages/airflow/example_dags/example_setup_teardown_taskflow.py for tasks to queue
[2025-01-23T15:01:36.801+0000] {logging_mixin.py:190} INFO - [2025-01-23T15:01:36.801+0000] {dagbag.py:588} INFO - Filling up the DagBag from /home/airflow/.local/lib/python3.12/site-packages/airflow/example_dags/example_setup_teardown_taskflow.py
[2025-01-23T15:01:36.820+0000] {processor.py:925} INFO - DAG(s) 'example_setup_teardown_taskflow' retrieved from /home/airflow/.local/lib/python3.12/site-packages/airflow/example_dags/example_setup_teardown_taskflow.py
[2025-01-23T15:01:36.856+0000] {logging_mixin.py:190} INFO - [2025-01-23T15:01:36.855+0000] {dag.py:3239} INFO - Sync 1 DAGs
[2025-01-23T15:01:36.882+0000] {logging_mixin.py:190} INFO - [2025-01-23T15:01:36.882+0000] {dag.py:4180} INFO - Setting next_dagrun for example_setup_teardown_taskflow to None, run_after=None
[2025-01-23T15:01:36.919+0000] {processor.py:208} INFO - Processing /home/airflow/.local/lib/python3.12/site-packages/airflow/example_dags/example_setup_teardown_taskflow.py took 0.135 seconds
[2025-01-23T15:02:07.974+0000] {processor.py:186} INFO - Started process (PID=7161) to work on /home/airflow/.local/lib/python3.12/site-packages/airflow/example_dags/example_setup_teardown_taskflow.py
[2025-01-23T15:02:07.976+0000] {processor.py:914} INFO - Processing file /home/airflow/.local/lib/python3.12/site-packages/airflow/example_dags/example_setup_teardown_taskflow.py for tasks to queue
[2025-01-23T15:02:07.980+0000] {logging_mixin.py:190} INFO - [2025-01-23T15:02:07.979+0000] {dagbag.py:588} INFO - Filling up the DagBag from /home/airflow/.local/lib/python3.12/site-packages/airflow/example_dags/example_setup_teardown_taskflow.py
[2025-01-23T15:02:08.001+0000] {processor.py:925} INFO - DAG(s) 'example_setup_teardown_taskflow' retrieved from /home/airflow/.local/lib/python3.12/site-packages/airflow/example_dags/example_setup_teardown_taskflow.py
[2025-01-23T15:02:08.046+0000] {logging_mixin.py:190} INFO - [2025-01-23T15:02:08.045+0000] {dag.py:3239} INFO - Sync 1 DAGs
[2025-01-23T15:02:08.068+0000] {logging_mixin.py:190} INFO - [2025-01-23T15:02:08.068+0000] {dag.py:4180} INFO - Setting next_dagrun for example_setup_teardown_taskflow to None, run_after=None
[2025-01-23T15:02:08.099+0000] {processor.py:208} INFO - Processing /home/airflow/.local/lib/python3.12/site-packages/airflow/example_dags/example_setup_teardown_taskflow.py took 0.137 seconds
[2025-01-23T15:02:39.278+0000] {processor.py:186} INFO - Started process (PID=7462) to work on /home/airflow/.local/lib/python3.12/site-packages/airflow/example_dags/example_setup_teardown_taskflow.py
[2025-01-23T15:02:39.280+0000] {processor.py:914} INFO - Processing file /home/airflow/.local/lib/python3.12/site-packages/airflow/example_dags/example_setup_teardown_taskflow.py for tasks to queue
[2025-01-23T15:02:39.284+0000] {logging_mixin.py:190} INFO - [2025-01-23T15:02:39.283+0000] {dagbag.py:588} INFO - Filling up the DagBag from /home/airflow/.local/lib/python3.12/site-packages/airflow/example_dags/example_setup_teardown_taskflow.py
[2025-01-23T15:02:39.299+0000] {processor.py:925} INFO - DAG(s) 'example_setup_teardown_taskflow' retrieved from /home/airflow/.local/lib/python3.12/site-packages/airflow/example_dags/example_setup_teardown_taskflow.py
[2025-01-23T15:02:39.329+0000] {logging_mixin.py:190} INFO - [2025-01-23T15:02:39.329+0000] {dag.py:3239} INFO - Sync 1 DAGs
[2025-01-23T15:02:39.351+0000] {logging_mixin.py:190} INFO - [2025-01-23T15:02:39.350+0000] {dag.py:4180} INFO - Setting next_dagrun for example_setup_teardown_taskflow to None, run_after=None
[2025-01-23T15:02:39.379+0000] {processor.py:208} INFO - Processing /home/airflow/.local/lib/python3.12/site-packages/airflow/example_dags/example_setup_teardown_taskflow.py took 0.108 seconds
[2025-01-23T15:03:11.251+0000] {processor.py:186} INFO - Started process (PID=7760) to work on /home/airflow/.local/lib/python3.12/site-packages/airflow/example_dags/example_setup_teardown_taskflow.py
[2025-01-23T15:03:11.252+0000] {processor.py:914} INFO - Processing file /home/airflow/.local/lib/python3.12/site-packages/airflow/example_dags/example_setup_teardown_taskflow.py for tasks to queue
[2025-01-23T15:03:11.256+0000] {logging_mixin.py:190} INFO - [2025-01-23T15:03:11.255+0000] {dagbag.py:588} INFO - Filling up the DagBag from /home/airflow/.local/lib/python3.12/site-packages/airflow/example_dags/example_setup_teardown_taskflow.py
[2025-01-23T15:03:11.271+0000] {processor.py:925} INFO - DAG(s) 'example_setup_teardown_taskflow' retrieved from /home/airflow/.local/lib/python3.12/site-packages/airflow/example_dags/example_setup_teardown_taskflow.py
[2025-01-23T15:03:11.304+0000] {logging_mixin.py:190} INFO - [2025-01-23T15:03:11.303+0000] {dag.py:3239} INFO - Sync 1 DAGs
[2025-01-23T15:03:11.324+0000] {logging_mixin.py:190} INFO - [2025-01-23T15:03:11.323+0000] {dag.py:4180} INFO - Setting next_dagrun for example_setup_teardown_taskflow to None, run_after=None
[2025-01-23T15:03:11.346+0000] {processor.py:208} INFO - Processing /home/airflow/.local/lib/python3.12/site-packages/airflow/example_dags/example_setup_teardown_taskflow.py took 0.103 seconds
[2025-01-23T15:03:42.439+0000] {processor.py:186} INFO - Started process (PID=8054) to work on /home/airflow/.local/lib/python3.12/site-packages/airflow/example_dags/example_setup_teardown_taskflow.py
[2025-01-23T15:03:42.440+0000] {processor.py:914} INFO - Processing file /home/airflow/.local/lib/python3.12/site-packages/airflow/example_dags/example_setup_teardown_taskflow.py for tasks to queue
[2025-01-23T15:03:42.445+0000] {logging_mixin.py:190} INFO - [2025-01-23T15:03:42.444+0000] {dagbag.py:588} INFO - Filling up the DagBag from /home/airflow/.local/lib/python3.12/site-packages/airflow/example_dags/example_setup_teardown_taskflow.py
[2025-01-23T15:03:42.465+0000] {processor.py:925} INFO - DAG(s) 'example_setup_teardown_taskflow' retrieved from /home/airflow/.local/lib/python3.12/site-packages/airflow/example_dags/example_setup_teardown_taskflow.py
[2025-01-23T15:03:42.500+0000] {logging_mixin.py:190} INFO - [2025-01-23T15:03:42.499+0000] {dag.py:3239} INFO - Sync 1 DAGs
[2025-01-23T15:03:42.520+0000] {logging_mixin.py:190} INFO - [2025-01-23T15:03:42.520+0000] {dag.py:4180} INFO - Setting next_dagrun for example_setup_teardown_taskflow to None, run_after=None
[2025-01-23T15:03:42.550+0000] {processor.py:208} INFO - Processing /home/airflow/.local/lib/python3.12/site-packages/airflow/example_dags/example_setup_teardown_taskflow.py took 0.126 seconds
[2025-01-23T15:04:13.303+0000] {processor.py:186} INFO - Started process (PID=8350) to work on /home/airflow/.local/lib/python3.12/site-packages/airflow/example_dags/example_setup_teardown_taskflow.py
[2025-01-23T15:04:13.305+0000] {processor.py:914} INFO - Processing file /home/airflow/.local/lib/python3.12/site-packages/airflow/example_dags/example_setup_teardown_taskflow.py for tasks to queue
[2025-01-23T15:04:13.309+0000] {logging_mixin.py:190} INFO - [2025-01-23T15:04:13.309+0000] {dagbag.py:588} INFO - Filling up the DagBag from /home/airflow/.local/lib/python3.12/site-packages/airflow/example_dags/example_setup_teardown_taskflow.py
[2025-01-23T15:04:13.329+0000] {processor.py:925} INFO - DAG(s) 'example_setup_teardown_taskflow' retrieved from /home/airflow/.local/lib/python3.12/site-packages/airflow/example_dags/example_setup_teardown_taskflow.py
[2025-01-23T15:04:13.379+0000] {logging_mixin.py:190} INFO - [2025-01-23T15:04:13.378+0000] {dag.py:3239} INFO - Sync 1 DAGs
[2025-01-23T15:04:13.405+0000] {logging_mixin.py:190} INFO - [2025-01-23T15:04:13.405+0000] {dag.py:4180} INFO - Setting next_dagrun for example_setup_teardown_taskflow to None, run_after=None
[2025-01-23T15:04:13.455+0000] {processor.py:208} INFO - Processing /home/airflow/.local/lib/python3.12/site-packages/airflow/example_dags/example_setup_teardown_taskflow.py took 0.165 seconds
[2025-01-23T15:04:43.853+0000] {processor.py:186} INFO - Started process (PID=8646) to work on /home/airflow/.local/lib/python3.12/site-packages/airflow/example_dags/example_setup_teardown_taskflow.py
[2025-01-23T15:04:43.854+0000] {processor.py:914} INFO - Processing file /home/airflow/.local/lib/python3.12/site-packages/airflow/example_dags/example_setup_teardown_taskflow.py for tasks to queue
[2025-01-23T15:04:43.857+0000] {logging_mixin.py:190} INFO - [2025-01-23T15:04:43.857+0000] {dagbag.py:588} INFO - Filling up the DagBag from /home/airflow/.local/lib/python3.12/site-packages/airflow/example_dags/example_setup_teardown_taskflow.py
[2025-01-23T15:04:43.871+0000] {processor.py:925} INFO - DAG(s) 'example_setup_teardown_taskflow' retrieved from /home/airflow/.local/lib/python3.12/site-packages/airflow/example_dags/example_setup_teardown_taskflow.py
[2025-01-23T15:04:43.902+0000] {logging_mixin.py:190} INFO - [2025-01-23T15:04:43.901+0000] {dag.py:3239} INFO - Sync 1 DAGs
[2025-01-23T15:04:43.923+0000] {logging_mixin.py:190} INFO - [2025-01-23T15:04:43.923+0000] {dag.py:4180} INFO - Setting next_dagrun for example_setup_teardown_taskflow to None, run_after=None
[2025-01-23T15:04:43.953+0000] {processor.py:208} INFO - Processing /home/airflow/.local/lib/python3.12/site-packages/airflow/example_dags/example_setup_teardown_taskflow.py took 0.110 seconds
[2025-01-23T15:05:14.839+0000] {processor.py:186} INFO - Started process (PID=8942) to work on /home/airflow/.local/lib/python3.12/site-packages/airflow/example_dags/example_setup_teardown_taskflow.py
[2025-01-23T15:05:14.841+0000] {processor.py:914} INFO - Processing file /home/airflow/.local/lib/python3.12/site-packages/airflow/example_dags/example_setup_teardown_taskflow.py for tasks to queue
[2025-01-23T15:05:14.843+0000] {logging_mixin.py:190} INFO - [2025-01-23T15:05:14.843+0000] {dagbag.py:588} INFO - Filling up the DagBag from /home/airflow/.local/lib/python3.12/site-packages/airflow/example_dags/example_setup_teardown_taskflow.py
[2025-01-23T15:05:14.858+0000] {processor.py:925} INFO - DAG(s) 'example_setup_teardown_taskflow' retrieved from /home/airflow/.local/lib/python3.12/site-packages/airflow/example_dags/example_setup_teardown_taskflow.py
[2025-01-23T15:05:14.886+0000] {logging_mixin.py:190} INFO - [2025-01-23T15:05:14.886+0000] {dag.py:3239} INFO - Sync 1 DAGs
[2025-01-23T15:05:14.907+0000] {logging_mixin.py:190} INFO - [2025-01-23T15:05:14.906+0000] {dag.py:4180} INFO - Setting next_dagrun for example_setup_teardown_taskflow to None, run_after=None
[2025-01-23T15:05:14.934+0000] {processor.py:208} INFO - Processing /home/airflow/.local/lib/python3.12/site-packages/airflow/example_dags/example_setup_teardown_taskflow.py took 0.102 seconds
[2025-01-23T15:05:46.088+0000] {processor.py:186} INFO - Started process (PID=9235) to work on /home/airflow/.local/lib/python3.12/site-packages/airflow/example_dags/example_setup_teardown_taskflow.py
[2025-01-23T15:05:46.090+0000] {processor.py:914} INFO - Processing file /home/airflow/.local/lib/python3.12/site-packages/airflow/example_dags/example_setup_teardown_taskflow.py for tasks to queue
[2025-01-23T15:05:46.092+0000] {logging_mixin.py:190} INFO - [2025-01-23T15:05:46.092+0000] {dagbag.py:588} INFO - Filling up the DagBag from /home/airflow/.local/lib/python3.12/site-packages/airflow/example_dags/example_setup_teardown_taskflow.py
[2025-01-23T15:05:46.106+0000] {processor.py:925} INFO - DAG(s) 'example_setup_teardown_taskflow' retrieved from /home/airflow/.local/lib/python3.12/site-packages/airflow/example_dags/example_setup_teardown_taskflow.py
[2025-01-23T15:05:46.136+0000] {logging_mixin.py:190} INFO - [2025-01-23T15:05:46.135+0000] {dag.py:3239} INFO - Sync 1 DAGs
[2025-01-23T15:05:46.156+0000] {logging_mixin.py:190} INFO - [2025-01-23T15:05:46.156+0000] {dag.py:4180} INFO - Setting next_dagrun for example_setup_teardown_taskflow to None, run_after=None
[2025-01-23T15:05:46.181+0000] {processor.py:208} INFO - Processing /home/airflow/.local/lib/python3.12/site-packages/airflow/example_dags/example_setup_teardown_taskflow.py took 0.101 seconds
[2025-01-23T15:06:16.376+0000] {processor.py:186} INFO - Started process (PID=9528) to work on /home/airflow/.local/lib/python3.12/site-packages/airflow/example_dags/example_setup_teardown_taskflow.py
[2025-01-23T15:06:16.378+0000] {processor.py:914} INFO - Processing file /home/airflow/.local/lib/python3.12/site-packages/airflow/example_dags/example_setup_teardown_taskflow.py for tasks to queue
[2025-01-23T15:06:16.382+0000] {logging_mixin.py:190} INFO - [2025-01-23T15:06:16.381+0000] {dagbag.py:588} INFO - Filling up the DagBag from /home/airflow/.local/lib/python3.12/site-packages/airflow/example_dags/example_setup_teardown_taskflow.py
[2025-01-23T15:06:16.396+0000] {processor.py:925} INFO - DAG(s) 'example_setup_teardown_taskflow' retrieved from /home/airflow/.local/lib/python3.12/site-packages/airflow/example_dags/example_setup_teardown_taskflow.py
[2025-01-23T15:06:16.424+0000] {logging_mixin.py:190} INFO - [2025-01-23T15:06:16.424+0000] {dag.py:3239} INFO - Sync 1 DAGs
[2025-01-23T15:06:16.443+0000] {logging_mixin.py:190} INFO - [2025-01-23T15:06:16.442+0000] {dag.py:4180} INFO - Setting next_dagrun for example_setup_teardown_taskflow to None, run_after=None
[2025-01-23T15:06:16.473+0000] {processor.py:208} INFO - Processing /home/airflow/.local/lib/python3.12/site-packages/airflow/example_dags/example_setup_teardown_taskflow.py took 0.104 seconds
[2025-01-23T15:06:47.487+0000] {processor.py:186} INFO - Started process (PID=9824) to work on /home/airflow/.local/lib/python3.12/site-packages/airflow/example_dags/example_setup_teardown_taskflow.py
[2025-01-23T15:06:47.489+0000] {processor.py:914} INFO - Processing file /home/airflow/.local/lib/python3.12/site-packages/airflow/example_dags/example_setup_teardown_taskflow.py for tasks to queue
[2025-01-23T15:06:47.494+0000] {logging_mixin.py:190} INFO - [2025-01-23T15:06:47.493+0000] {dagbag.py:588} INFO - Filling up the DagBag from /home/airflow/.local/lib/python3.12/site-packages/airflow/example_dags/example_setup_teardown_taskflow.py
[2025-01-23T15:06:47.515+0000] {processor.py:925} INFO - DAG(s) 'example_setup_teardown_taskflow' retrieved from /home/airflow/.local/lib/python3.12/site-packages/airflow/example_dags/example_setup_teardown_taskflow.py
[2025-01-23T15:06:47.555+0000] {logging_mixin.py:190} INFO - [2025-01-23T15:06:47.555+0000] {dag.py:3239} INFO - Sync 1 DAGs
[2025-01-23T15:06:47.579+0000] {logging_mixin.py:190} INFO - [2025-01-23T15:06:47.579+0000] {dag.py:4180} INFO - Setting next_dagrun for example_setup_teardown_taskflow to None, run_after=None
[2025-01-23T15:06:47.620+0000] {processor.py:208} INFO - Processing /home/airflow/.local/lib/python3.12/site-packages/airflow/example_dags/example_setup_teardown_taskflow.py took 0.146 seconds
[2025-01-23T15:07:18.718+0000] {processor.py:186} INFO - Started process (PID=10120) to work on /home/airflow/.local/lib/python3.12/site-packages/airflow/example_dags/example_setup_teardown_taskflow.py
[2025-01-23T15:07:18.720+0000] {processor.py:914} INFO - Processing file /home/airflow/.local/lib/python3.12/site-packages/airflow/example_dags/example_setup_teardown_taskflow.py for tasks to queue
[2025-01-23T15:07:18.724+0000] {logging_mixin.py:190} INFO - [2025-01-23T15:07:18.723+0000] {dagbag.py:588} INFO - Filling up the DagBag from /home/airflow/.local/lib/python3.12/site-packages/airflow/example_dags/example_setup_teardown_taskflow.py
[2025-01-23T15:07:18.745+0000] {processor.py:925} INFO - DAG(s) 'example_setup_teardown_taskflow' retrieved from /home/airflow/.local/lib/python3.12/site-packages/airflow/example_dags/example_setup_teardown_taskflow.py
[2025-01-23T15:07:18.780+0000] {logging_mixin.py:190} INFO - [2025-01-23T15:07:18.780+0000] {dag.py:3239} INFO - Sync 1 DAGs
[2025-01-23T15:07:18.801+0000] {logging_mixin.py:190} INFO - [2025-01-23T15:07:18.801+0000] {dag.py:4180} INFO - Setting next_dagrun for example_setup_teardown_taskflow to None, run_after=None
[2025-01-23T15:07:18.840+0000] {processor.py:208} INFO - Processing /home/airflow/.local/lib/python3.12/site-packages/airflow/example_dags/example_setup_teardown_taskflow.py took 0.131 seconds
[2025-01-23T15:07:49.040+0000] {processor.py:186} INFO - Started process (PID=10411) to work on /home/airflow/.local/lib/python3.12/site-packages/airflow/example_dags/example_setup_teardown_taskflow.py
[2025-01-23T15:07:49.044+0000] {processor.py:914} INFO - Processing file /home/airflow/.local/lib/python3.12/site-packages/airflow/example_dags/example_setup_teardown_taskflow.py for tasks to queue
[2025-01-23T15:07:49.049+0000] {logging_mixin.py:190} INFO - [2025-01-23T15:07:49.049+0000] {dagbag.py:588} INFO - Filling up the DagBag from /home/airflow/.local/lib/python3.12/site-packages/airflow/example_dags/example_setup_teardown_taskflow.py
[2025-01-23T15:07:49.073+0000] {processor.py:925} INFO - DAG(s) 'example_setup_teardown_taskflow' retrieved from /home/airflow/.local/lib/python3.12/site-packages/airflow/example_dags/example_setup_teardown_taskflow.py
[2025-01-23T15:07:49.116+0000] {logging_mixin.py:190} INFO - [2025-01-23T15:07:49.115+0000] {dag.py:3239} INFO - Sync 1 DAGs
[2025-01-23T15:07:49.139+0000] {logging_mixin.py:190} INFO - [2025-01-23T15:07:49.139+0000] {dag.py:4180} INFO - Setting next_dagrun for example_setup_teardown_taskflow to None, run_after=None
[2025-01-23T15:07:49.178+0000] {processor.py:208} INFO - Processing /home/airflow/.local/lib/python3.12/site-packages/airflow/example_dags/example_setup_teardown_taskflow.py took 0.153 seconds
