[2025-01-23T14:50:07.259+0000] {processor.py:186} INFO - Started process (PID=302) to work on /home/airflow/.local/lib/python3.12/site-packages/airflow/example_dags/example_branch_operator.py
[2025-01-23T14:50:07.260+0000] {processor.py:914} INFO - Processing file /home/airflow/.local/lib/python3.12/site-packages/airflow/example_dags/example_branch_operator.py for tasks to queue
[2025-01-23T14:50:07.262+0000] {logging_mixin.py:190} INFO - [2025-01-23T14:50:07.262+0000] {dagbag.py:588} INFO - Filling up the DagBag from /home/airflow/.local/lib/python3.12/site-packages/airflow/example_dags/example_branch_operator.py
[2025-01-23T14:50:07.280+0000] {processor.py:925} INFO - DAG(s) 'example_branch_operator' retrieved from /home/airflow/.local/lib/python3.12/site-packages/airflow/example_dags/example_branch_operator.py
[2025-01-23T14:50:07.397+0000] {logging_mixin.py:190} INFO - [2025-01-23T14:50:07.396+0000] {dag.py:3239} INFO - Sync 1 DAGs
[2025-01-23T14:50:07.418+0000] {logging_mixin.py:190} INFO - [2025-01-23T14:50:07.418+0000] {dag.py:4180} INFO - Setting next_dagrun for example_branch_operator to 2025-01-22 00:00:00+00:00, run_after=2025-01-23 00:00:00+00:00
[2025-01-23T14:50:07.452+0000] {processor.py:208} INFO - Processing /home/airflow/.local/lib/python3.12/site-packages/airflow/example_dags/example_branch_operator.py took 0.198 seconds
[2025-01-23T14:50:37.713+0000] {processor.py:186} INFO - Started process (PID=598) to work on /home/airflow/.local/lib/python3.12/site-packages/airflow/example_dags/example_branch_operator.py
[2025-01-23T14:50:37.714+0000] {processor.py:914} INFO - Processing file /home/airflow/.local/lib/python3.12/site-packages/airflow/example_dags/example_branch_operator.py for tasks to queue
[2025-01-23T14:50:37.716+0000] {logging_mixin.py:190} INFO - [2025-01-23T14:50:37.716+0000] {dagbag.py:588} INFO - Filling up the DagBag from /home/airflow/.local/lib/python3.12/site-packages/airflow/example_dags/example_branch_operator.py
[2025-01-23T14:50:37.731+0000] {processor.py:925} INFO - DAG(s) 'example_branch_operator' retrieved from /home/airflow/.local/lib/python3.12/site-packages/airflow/example_dags/example_branch_operator.py
[2025-01-23T14:50:37.757+0000] {logging_mixin.py:190} INFO - [2025-01-23T14:50:37.757+0000] {dag.py:3239} INFO - Sync 1 DAGs
[2025-01-23T14:50:37.779+0000] {logging_mixin.py:190} INFO - [2025-01-23T14:50:37.779+0000] {dag.py:4180} INFO - Setting next_dagrun for example_branch_operator to 2025-01-22 00:00:00+00:00, run_after=2025-01-23 00:00:00+00:00
[2025-01-23T14:50:37.796+0000] {processor.py:208} INFO - Processing /home/airflow/.local/lib/python3.12/site-packages/airflow/example_dags/example_branch_operator.py took 0.089 seconds
[2025-01-23T14:51:09.150+0000] {processor.py:186} INFO - Started process (PID=894) to work on /home/airflow/.local/lib/python3.12/site-packages/airflow/example_dags/example_branch_operator.py
[2025-01-23T14:51:09.151+0000] {processor.py:914} INFO - Processing file /home/airflow/.local/lib/python3.12/site-packages/airflow/example_dags/example_branch_operator.py for tasks to queue
[2025-01-23T14:51:09.153+0000] {logging_mixin.py:190} INFO - [2025-01-23T14:51:09.153+0000] {dagbag.py:588} INFO - Filling up the DagBag from /home/airflow/.local/lib/python3.12/site-packages/airflow/example_dags/example_branch_operator.py
[2025-01-23T14:51:09.168+0000] {processor.py:925} INFO - DAG(s) 'example_branch_operator' retrieved from /home/airflow/.local/lib/python3.12/site-packages/airflow/example_dags/example_branch_operator.py
[2025-01-23T14:51:09.192+0000] {logging_mixin.py:190} INFO - [2025-01-23T14:51:09.191+0000] {dag.py:3239} INFO - Sync 1 DAGs
[2025-01-23T14:51:09.213+0000] {logging_mixin.py:190} INFO - [2025-01-23T14:51:09.212+0000] {dag.py:4180} INFO - Setting next_dagrun for example_branch_operator to 2025-01-22 00:00:00+00:00, run_after=2025-01-23 00:00:00+00:00
[2025-01-23T14:51:09.228+0000] {processor.py:208} INFO - Processing /home/airflow/.local/lib/python3.12/site-packages/airflow/example_dags/example_branch_operator.py took 0.084 seconds
[2025-01-23T14:51:40.455+0000] {processor.py:186} INFO - Started process (PID=1190) to work on /home/airflow/.local/lib/python3.12/site-packages/airflow/example_dags/example_branch_operator.py
[2025-01-23T14:51:40.456+0000] {processor.py:914} INFO - Processing file /home/airflow/.local/lib/python3.12/site-packages/airflow/example_dags/example_branch_operator.py for tasks to queue
[2025-01-23T14:51:40.458+0000] {logging_mixin.py:190} INFO - [2025-01-23T14:51:40.458+0000] {dagbag.py:588} INFO - Filling up the DagBag from /home/airflow/.local/lib/python3.12/site-packages/airflow/example_dags/example_branch_operator.py
[2025-01-23T14:51:40.475+0000] {processor.py:925} INFO - DAG(s) 'example_branch_operator' retrieved from /home/airflow/.local/lib/python3.12/site-packages/airflow/example_dags/example_branch_operator.py
[2025-01-23T14:51:40.500+0000] {logging_mixin.py:190} INFO - [2025-01-23T14:51:40.500+0000] {dag.py:3239} INFO - Sync 1 DAGs
[2025-01-23T14:51:40.522+0000] {logging_mixin.py:190} INFO - [2025-01-23T14:51:40.522+0000] {dag.py:4180} INFO - Setting next_dagrun for example_branch_operator to 2025-01-22 00:00:00+00:00, run_after=2025-01-23 00:00:00+00:00
[2025-01-23T14:51:40.539+0000] {processor.py:208} INFO - Processing /home/airflow/.local/lib/python3.12/site-packages/airflow/example_dags/example_branch_operator.py took 0.092 seconds
[2025-01-23T14:52:11.695+0000] {processor.py:186} INFO - Started process (PID=1486) to work on /home/airflow/.local/lib/python3.12/site-packages/airflow/example_dags/example_branch_operator.py
[2025-01-23T14:52:11.696+0000] {processor.py:914} INFO - Processing file /home/airflow/.local/lib/python3.12/site-packages/airflow/example_dags/example_branch_operator.py for tasks to queue
[2025-01-23T14:52:11.698+0000] {logging_mixin.py:190} INFO - [2025-01-23T14:52:11.698+0000] {dagbag.py:588} INFO - Filling up the DagBag from /home/airflow/.local/lib/python3.12/site-packages/airflow/example_dags/example_branch_operator.py
[2025-01-23T14:52:11.715+0000] {processor.py:925} INFO - DAG(s) 'example_branch_operator' retrieved from /home/airflow/.local/lib/python3.12/site-packages/airflow/example_dags/example_branch_operator.py
[2025-01-23T14:52:11.740+0000] {logging_mixin.py:190} INFO - [2025-01-23T14:52:11.740+0000] {dag.py:3239} INFO - Sync 1 DAGs
[2025-01-23T14:52:11.765+0000] {logging_mixin.py:190} INFO - [2025-01-23T14:52:11.764+0000] {dag.py:4180} INFO - Setting next_dagrun for example_branch_operator to 2025-01-22 00:00:00+00:00, run_after=2025-01-23 00:00:00+00:00
[2025-01-23T14:52:11.788+0000] {processor.py:208} INFO - Processing /home/airflow/.local/lib/python3.12/site-packages/airflow/example_dags/example_branch_operator.py took 0.099 seconds
[2025-01-23T14:52:43.187+0000] {processor.py:186} INFO - Started process (PID=1784) to work on /home/airflow/.local/lib/python3.12/site-packages/airflow/example_dags/example_branch_operator.py
[2025-01-23T14:52:43.188+0000] {processor.py:914} INFO - Processing file /home/airflow/.local/lib/python3.12/site-packages/airflow/example_dags/example_branch_operator.py for tasks to queue
[2025-01-23T14:52:43.190+0000] {logging_mixin.py:190} INFO - [2025-01-23T14:52:43.190+0000] {dagbag.py:588} INFO - Filling up the DagBag from /home/airflow/.local/lib/python3.12/site-packages/airflow/example_dags/example_branch_operator.py
[2025-01-23T14:52:43.206+0000] {processor.py:925} INFO - DAG(s) 'example_branch_operator' retrieved from /home/airflow/.local/lib/python3.12/site-packages/airflow/example_dags/example_branch_operator.py
[2025-01-23T14:52:43.232+0000] {logging_mixin.py:190} INFO - [2025-01-23T14:52:43.231+0000] {dag.py:3239} INFO - Sync 1 DAGs
[2025-01-23T14:52:43.253+0000] {logging_mixin.py:190} INFO - [2025-01-23T14:52:43.252+0000] {dag.py:4180} INFO - Setting next_dagrun for example_branch_operator to 2025-01-22 00:00:00+00:00, run_after=2025-01-23 00:00:00+00:00
[2025-01-23T14:52:43.268+0000] {processor.py:208} INFO - Processing /home/airflow/.local/lib/python3.12/site-packages/airflow/example_dags/example_branch_operator.py took 0.087 seconds
[2025-01-23T14:53:13.825+0000] {processor.py:186} INFO - Started process (PID=2078) to work on /home/airflow/.local/lib/python3.12/site-packages/airflow/example_dags/example_branch_operator.py
[2025-01-23T14:53:13.826+0000] {processor.py:914} INFO - Processing file /home/airflow/.local/lib/python3.12/site-packages/airflow/example_dags/example_branch_operator.py for tasks to queue
[2025-01-23T14:53:13.828+0000] {logging_mixin.py:190} INFO - [2025-01-23T14:53:13.828+0000] {dagbag.py:588} INFO - Filling up the DagBag from /home/airflow/.local/lib/python3.12/site-packages/airflow/example_dags/example_branch_operator.py
[2025-01-23T14:53:13.846+0000] {processor.py:925} INFO - DAG(s) 'example_branch_operator' retrieved from /home/airflow/.local/lib/python3.12/site-packages/airflow/example_dags/example_branch_operator.py
[2025-01-23T14:53:13.873+0000] {logging_mixin.py:190} INFO - [2025-01-23T14:53:13.873+0000] {dag.py:3239} INFO - Sync 1 DAGs
[2025-01-23T14:53:13.897+0000] {logging_mixin.py:190} INFO - [2025-01-23T14:53:13.897+0000] {dag.py:4180} INFO - Setting next_dagrun for example_branch_operator to 2025-01-22 00:00:00+00:00, run_after=2025-01-23 00:00:00+00:00
[2025-01-23T14:53:13.915+0000] {processor.py:208} INFO - Processing /home/airflow/.local/lib/python3.12/site-packages/airflow/example_dags/example_branch_operator.py took 0.096 seconds
[2025-01-23T14:53:44.503+0000] {processor.py:186} INFO - Started process (PID=2374) to work on /home/airflow/.local/lib/python3.12/site-packages/airflow/example_dags/example_branch_operator.py
[2025-01-23T14:53:44.505+0000] {processor.py:914} INFO - Processing file /home/airflow/.local/lib/python3.12/site-packages/airflow/example_dags/example_branch_operator.py for tasks to queue
[2025-01-23T14:53:44.507+0000] {logging_mixin.py:190} INFO - [2025-01-23T14:53:44.506+0000] {dagbag.py:588} INFO - Filling up the DagBag from /home/airflow/.local/lib/python3.12/site-packages/airflow/example_dags/example_branch_operator.py
[2025-01-23T14:53:44.522+0000] {processor.py:925} INFO - DAG(s) 'example_branch_operator' retrieved from /home/airflow/.local/lib/python3.12/site-packages/airflow/example_dags/example_branch_operator.py
[2025-01-23T14:53:44.547+0000] {logging_mixin.py:190} INFO - [2025-01-23T14:53:44.547+0000] {dag.py:3239} INFO - Sync 1 DAGs
[2025-01-23T14:53:44.571+0000] {logging_mixin.py:190} INFO - [2025-01-23T14:53:44.570+0000] {dag.py:4180} INFO - Setting next_dagrun for example_branch_operator to 2025-01-22 00:00:00+00:00, run_after=2025-01-23 00:00:00+00:00
[2025-01-23T14:53:44.588+0000] {processor.py:208} INFO - Processing /home/airflow/.local/lib/python3.12/site-packages/airflow/example_dags/example_branch_operator.py took 0.090 seconds
[2025-01-23T14:54:15.405+0000] {processor.py:186} INFO - Started process (PID=2672) to work on /home/airflow/.local/lib/python3.12/site-packages/airflow/example_dags/example_branch_operator.py
[2025-01-23T14:54:15.407+0000] {processor.py:914} INFO - Processing file /home/airflow/.local/lib/python3.12/site-packages/airflow/example_dags/example_branch_operator.py for tasks to queue
[2025-01-23T14:54:15.409+0000] {logging_mixin.py:190} INFO - [2025-01-23T14:54:15.408+0000] {dagbag.py:588} INFO - Filling up the DagBag from /home/airflow/.local/lib/python3.12/site-packages/airflow/example_dags/example_branch_operator.py
[2025-01-23T14:54:15.424+0000] {processor.py:925} INFO - DAG(s) 'example_branch_operator' retrieved from /home/airflow/.local/lib/python3.12/site-packages/airflow/example_dags/example_branch_operator.py
[2025-01-23T14:54:15.450+0000] {logging_mixin.py:190} INFO - [2025-01-23T14:54:15.450+0000] {dag.py:3239} INFO - Sync 1 DAGs
[2025-01-23T14:54:15.473+0000] {logging_mixin.py:190} INFO - [2025-01-23T14:54:15.472+0000] {dag.py:4180} INFO - Setting next_dagrun for example_branch_operator to 2025-01-22 00:00:00+00:00, run_after=2025-01-23 00:00:00+00:00
[2025-01-23T14:54:15.495+0000] {processor.py:208} INFO - Processing /home/airflow/.local/lib/python3.12/site-packages/airflow/example_dags/example_branch_operator.py took 0.095 seconds
[2025-01-23T14:54:46.438+0000] {processor.py:186} INFO - Started process (PID=2968) to work on /home/airflow/.local/lib/python3.12/site-packages/airflow/example_dags/example_branch_operator.py
[2025-01-23T14:54:46.440+0000] {processor.py:914} INFO - Processing file /home/airflow/.local/lib/python3.12/site-packages/airflow/example_dags/example_branch_operator.py for tasks to queue
[2025-01-23T14:54:46.442+0000] {logging_mixin.py:190} INFO - [2025-01-23T14:54:46.442+0000] {dagbag.py:588} INFO - Filling up the DagBag from /home/airflow/.local/lib/python3.12/site-packages/airflow/example_dags/example_branch_operator.py
[2025-01-23T14:54:46.457+0000] {processor.py:925} INFO - DAG(s) 'example_branch_operator' retrieved from /home/airflow/.local/lib/python3.12/site-packages/airflow/example_dags/example_branch_operator.py
[2025-01-23T14:54:46.483+0000] {logging_mixin.py:190} INFO - [2025-01-23T14:54:46.483+0000] {dag.py:3239} INFO - Sync 1 DAGs
[2025-01-23T14:54:46.503+0000] {logging_mixin.py:190} INFO - [2025-01-23T14:54:46.503+0000] {dag.py:4180} INFO - Setting next_dagrun for example_branch_operator to 2025-01-22 00:00:00+00:00, run_after=2025-01-23 00:00:00+00:00
[2025-01-23T14:54:46.519+0000] {processor.py:208} INFO - Processing /home/airflow/.local/lib/python3.12/site-packages/airflow/example_dags/example_branch_operator.py took 0.086 seconds
[2025-01-23T14:55:17.792+0000] {processor.py:186} INFO - Started process (PID=3264) to work on /home/airflow/.local/lib/python3.12/site-packages/airflow/example_dags/example_branch_operator.py
[2025-01-23T14:55:17.793+0000] {processor.py:914} INFO - Processing file /home/airflow/.local/lib/python3.12/site-packages/airflow/example_dags/example_branch_operator.py for tasks to queue
[2025-01-23T14:55:17.795+0000] {logging_mixin.py:190} INFO - [2025-01-23T14:55:17.795+0000] {dagbag.py:588} INFO - Filling up the DagBag from /home/airflow/.local/lib/python3.12/site-packages/airflow/example_dags/example_branch_operator.py
[2025-01-23T14:55:17.810+0000] {processor.py:925} INFO - DAG(s) 'example_branch_operator' retrieved from /home/airflow/.local/lib/python3.12/site-packages/airflow/example_dags/example_branch_operator.py
[2025-01-23T14:55:17.836+0000] {logging_mixin.py:190} INFO - [2025-01-23T14:55:17.836+0000] {dag.py:3239} INFO - Sync 1 DAGs
[2025-01-23T14:55:17.857+0000] {logging_mixin.py:190} INFO - [2025-01-23T14:55:17.856+0000] {dag.py:4180} INFO - Setting next_dagrun for example_branch_operator to 2025-01-22 00:00:00+00:00, run_after=2025-01-23 00:00:00+00:00
[2025-01-23T14:55:17.873+0000] {processor.py:208} INFO - Processing /home/airflow/.local/lib/python3.12/site-packages/airflow/example_dags/example_branch_operator.py took 0.087 seconds
[2025-01-23T14:55:48.976+0000] {processor.py:186} INFO - Started process (PID=3560) to work on /home/airflow/.local/lib/python3.12/site-packages/airflow/example_dags/example_branch_operator.py
[2025-01-23T14:55:48.977+0000] {processor.py:914} INFO - Processing file /home/airflow/.local/lib/python3.12/site-packages/airflow/example_dags/example_branch_operator.py for tasks to queue
[2025-01-23T14:55:48.979+0000] {logging_mixin.py:190} INFO - [2025-01-23T14:55:48.978+0000] {dagbag.py:588} INFO - Filling up the DagBag from /home/airflow/.local/lib/python3.12/site-packages/airflow/example_dags/example_branch_operator.py
[2025-01-23T14:55:48.993+0000] {processor.py:925} INFO - DAG(s) 'example_branch_operator' retrieved from /home/airflow/.local/lib/python3.12/site-packages/airflow/example_dags/example_branch_operator.py
[2025-01-23T14:55:49.019+0000] {logging_mixin.py:190} INFO - [2025-01-23T14:55:49.019+0000] {dag.py:3239} INFO - Sync 1 DAGs
[2025-01-23T14:55:49.039+0000] {logging_mixin.py:190} INFO - [2025-01-23T14:55:49.039+0000] {dag.py:4180} INFO - Setting next_dagrun for example_branch_operator to 2025-01-22 00:00:00+00:00, run_after=2025-01-23 00:00:00+00:00
[2025-01-23T14:55:49.060+0000] {processor.py:208} INFO - Processing /home/airflow/.local/lib/python3.12/site-packages/airflow/example_dags/example_branch_operator.py took 0.091 seconds
[2025-01-23T14:56:20.373+0000] {processor.py:186} INFO - Started process (PID=3854) to work on /home/airflow/.local/lib/python3.12/site-packages/airflow/example_dags/example_branch_operator.py
[2025-01-23T14:56:20.375+0000] {processor.py:914} INFO - Processing file /home/airflow/.local/lib/python3.12/site-packages/airflow/example_dags/example_branch_operator.py for tasks to queue
[2025-01-23T14:56:20.379+0000] {logging_mixin.py:190} INFO - [2025-01-23T14:56:20.378+0000] {dagbag.py:588} INFO - Filling up the DagBag from /home/airflow/.local/lib/python3.12/site-packages/airflow/example_dags/example_branch_operator.py
[2025-01-23T14:56:20.404+0000] {processor.py:925} INFO - DAG(s) 'example_branch_operator' retrieved from /home/airflow/.local/lib/python3.12/site-packages/airflow/example_dags/example_branch_operator.py
[2025-01-23T14:56:20.446+0000] {logging_mixin.py:190} INFO - [2025-01-23T14:56:20.446+0000] {dag.py:3239} INFO - Sync 1 DAGs
[2025-01-23T14:56:20.482+0000] {logging_mixin.py:190} INFO - [2025-01-23T14:56:20.482+0000] {dag.py:4180} INFO - Setting next_dagrun for example_branch_operator to 2025-01-22 00:00:00+00:00, run_after=2025-01-23 00:00:00+00:00
[2025-01-23T14:56:20.508+0000] {processor.py:208} INFO - Processing /home/airflow/.local/lib/python3.12/site-packages/airflow/example_dags/example_branch_operator.py took 0.144 seconds
[2025-01-23T14:56:51.210+0000] {processor.py:186} INFO - Started process (PID=4150) to work on /home/airflow/.local/lib/python3.12/site-packages/airflow/example_dags/example_branch_operator.py
[2025-01-23T14:56:51.211+0000] {processor.py:914} INFO - Processing file /home/airflow/.local/lib/python3.12/site-packages/airflow/example_dags/example_branch_operator.py for tasks to queue
[2025-01-23T14:56:51.213+0000] {logging_mixin.py:190} INFO - [2025-01-23T14:56:51.213+0000] {dagbag.py:588} INFO - Filling up the DagBag from /home/airflow/.local/lib/python3.12/site-packages/airflow/example_dags/example_branch_operator.py
[2025-01-23T14:56:51.237+0000] {processor.py:925} INFO - DAG(s) 'example_branch_operator' retrieved from /home/airflow/.local/lib/python3.12/site-packages/airflow/example_dags/example_branch_operator.py
[2025-01-23T14:56:51.273+0000] {logging_mixin.py:190} INFO - [2025-01-23T14:56:51.272+0000] {dag.py:3239} INFO - Sync 1 DAGs
[2025-01-23T14:56:51.307+0000] {logging_mixin.py:190} INFO - [2025-01-23T14:56:51.306+0000] {dag.py:4180} INFO - Setting next_dagrun for example_branch_operator to 2025-01-22 00:00:00+00:00, run_after=2025-01-23 00:00:00+00:00
[2025-01-23T14:56:51.328+0000] {processor.py:208} INFO - Processing /home/airflow/.local/lib/python3.12/site-packages/airflow/example_dags/example_branch_operator.py took 0.128 seconds
[2025-01-23T14:57:22.626+0000] {processor.py:186} INFO - Started process (PID=4448) to work on /home/airflow/.local/lib/python3.12/site-packages/airflow/example_dags/example_branch_operator.py
[2025-01-23T14:57:22.627+0000] {processor.py:914} INFO - Processing file /home/airflow/.local/lib/python3.12/site-packages/airflow/example_dags/example_branch_operator.py for tasks to queue
[2025-01-23T14:57:22.630+0000] {logging_mixin.py:190} INFO - [2025-01-23T14:57:22.629+0000] {dagbag.py:588} INFO - Filling up the DagBag from /home/airflow/.local/lib/python3.12/site-packages/airflow/example_dags/example_branch_operator.py
[2025-01-23T14:57:22.654+0000] {processor.py:925} INFO - DAG(s) 'example_branch_operator' retrieved from /home/airflow/.local/lib/python3.12/site-packages/airflow/example_dags/example_branch_operator.py
[2025-01-23T14:57:22.689+0000] {logging_mixin.py:190} INFO - [2025-01-23T14:57:22.689+0000] {dag.py:3239} INFO - Sync 1 DAGs
[2025-01-23T14:57:22.721+0000] {logging_mixin.py:190} INFO - [2025-01-23T14:57:22.720+0000] {dag.py:4180} INFO - Setting next_dagrun for example_branch_operator to 2025-01-22 00:00:00+00:00, run_after=2025-01-23 00:00:00+00:00
[2025-01-23T14:57:22.753+0000] {processor.py:208} INFO - Processing /home/airflow/.local/lib/python3.12/site-packages/airflow/example_dags/example_branch_operator.py took 0.137 seconds
[2025-01-23T14:57:53.736+0000] {processor.py:186} INFO - Started process (PID=4742) to work on /home/airflow/.local/lib/python3.12/site-packages/airflow/example_dags/example_branch_operator.py
[2025-01-23T14:57:53.737+0000] {processor.py:914} INFO - Processing file /home/airflow/.local/lib/python3.12/site-packages/airflow/example_dags/example_branch_operator.py for tasks to queue
[2025-01-23T14:57:53.740+0000] {logging_mixin.py:190} INFO - [2025-01-23T14:57:53.739+0000] {dagbag.py:588} INFO - Filling up the DagBag from /home/airflow/.local/lib/python3.12/site-packages/airflow/example_dags/example_branch_operator.py
[2025-01-23T14:57:53.764+0000] {processor.py:925} INFO - DAG(s) 'example_branch_operator' retrieved from /home/airflow/.local/lib/python3.12/site-packages/airflow/example_dags/example_branch_operator.py
[2025-01-23T14:57:53.800+0000] {logging_mixin.py:190} INFO - [2025-01-23T14:57:53.800+0000] {dag.py:3239} INFO - Sync 1 DAGs
[2025-01-23T14:57:53.830+0000] {logging_mixin.py:190} INFO - [2025-01-23T14:57:53.829+0000] {dag.py:4180} INFO - Setting next_dagrun for example_branch_operator to 2025-01-22 00:00:00+00:00, run_after=2025-01-23 00:00:00+00:00
[2025-01-23T14:57:53.854+0000] {processor.py:208} INFO - Processing /home/airflow/.local/lib/python3.12/site-packages/airflow/example_dags/example_branch_operator.py took 0.126 seconds
[2025-01-23T14:58:25.364+0000] {processor.py:186} INFO - Started process (PID=5040) to work on /home/airflow/.local/lib/python3.12/site-packages/airflow/example_dags/example_branch_operator.py
[2025-01-23T14:58:25.366+0000] {processor.py:914} INFO - Processing file /home/airflow/.local/lib/python3.12/site-packages/airflow/example_dags/example_branch_operator.py for tasks to queue
[2025-01-23T14:58:25.369+0000] {logging_mixin.py:190} INFO - [2025-01-23T14:58:25.369+0000] {dagbag.py:588} INFO - Filling up the DagBag from /home/airflow/.local/lib/python3.12/site-packages/airflow/example_dags/example_branch_operator.py
[2025-01-23T14:58:25.396+0000] {processor.py:925} INFO - DAG(s) 'example_branch_operator' retrieved from /home/airflow/.local/lib/python3.12/site-packages/airflow/example_dags/example_branch_operator.py
[2025-01-23T14:58:25.432+0000] {logging_mixin.py:190} INFO - [2025-01-23T14:58:25.432+0000] {dag.py:3239} INFO - Sync 1 DAGs
[2025-01-23T14:58:25.463+0000] {logging_mixin.py:190} INFO - [2025-01-23T14:58:25.463+0000] {dag.py:4180} INFO - Setting next_dagrun for example_branch_operator to 2025-01-22 00:00:00+00:00, run_after=2025-01-23 00:00:00+00:00
[2025-01-23T14:58:25.485+0000] {processor.py:208} INFO - Processing /home/airflow/.local/lib/python3.12/site-packages/airflow/example_dags/example_branch_operator.py took 0.130 seconds
[2025-01-23T14:58:56.064+0000] {processor.py:186} INFO - Started process (PID=5340) to work on /home/airflow/.local/lib/python3.12/site-packages/airflow/example_dags/example_branch_operator.py
[2025-01-23T14:58:56.065+0000] {processor.py:914} INFO - Processing file /home/airflow/.local/lib/python3.12/site-packages/airflow/example_dags/example_branch_operator.py for tasks to queue
[2025-01-23T14:58:56.069+0000] {logging_mixin.py:190} INFO - [2025-01-23T14:58:56.069+0000] {dagbag.py:588} INFO - Filling up the DagBag from /home/airflow/.local/lib/python3.12/site-packages/airflow/example_dags/example_branch_operator.py
[2025-01-23T14:58:56.102+0000] {processor.py:925} INFO - DAG(s) 'example_branch_operator' retrieved from /home/airflow/.local/lib/python3.12/site-packages/airflow/example_dags/example_branch_operator.py
[2025-01-23T14:58:56.144+0000] {logging_mixin.py:190} INFO - [2025-01-23T14:58:56.144+0000] {dag.py:3239} INFO - Sync 1 DAGs
[2025-01-23T14:58:56.178+0000] {logging_mixin.py:190} INFO - [2025-01-23T14:58:56.178+0000] {dag.py:4180} INFO - Setting next_dagrun for example_branch_operator to 2025-01-22 00:00:00+00:00, run_after=2025-01-23 00:00:00+00:00
[2025-01-23T14:58:56.206+0000] {processor.py:208} INFO - Processing /home/airflow/.local/lib/python3.12/site-packages/airflow/example_dags/example_branch_operator.py took 0.152 seconds
[2025-01-23T14:59:26.985+0000] {processor.py:186} INFO - Started process (PID=5636) to work on /home/airflow/.local/lib/python3.12/site-packages/airflow/example_dags/example_branch_operator.py
[2025-01-23T14:59:26.987+0000] {processor.py:914} INFO - Processing file /home/airflow/.local/lib/python3.12/site-packages/airflow/example_dags/example_branch_operator.py for tasks to queue
[2025-01-23T14:59:26.991+0000] {logging_mixin.py:190} INFO - [2025-01-23T14:59:26.990+0000] {dagbag.py:588} INFO - Filling up the DagBag from /home/airflow/.local/lib/python3.12/site-packages/airflow/example_dags/example_branch_operator.py
[2025-01-23T14:59:27.015+0000] {processor.py:925} INFO - DAG(s) 'example_branch_operator' retrieved from /home/airflow/.local/lib/python3.12/site-packages/airflow/example_dags/example_branch_operator.py
[2025-01-23T14:59:27.049+0000] {logging_mixin.py:190} INFO - [2025-01-23T14:59:27.049+0000] {dag.py:3239} INFO - Sync 1 DAGs
[2025-01-23T14:59:27.084+0000] {logging_mixin.py:190} INFO - [2025-01-23T14:59:27.083+0000] {dag.py:4180} INFO - Setting next_dagrun for example_branch_operator to 2025-01-22 00:00:00+00:00, run_after=2025-01-23 00:00:00+00:00
[2025-01-23T14:59:27.120+0000] {processor.py:208} INFO - Processing /home/airflow/.local/lib/python3.12/site-packages/airflow/example_dags/example_branch_operator.py took 0.144 seconds
[2025-01-23T14:59:58.464+0000] {processor.py:186} INFO - Started process (PID=5932) to work on /home/airflow/.local/lib/python3.12/site-packages/airflow/example_dags/example_branch_operator.py
[2025-01-23T14:59:58.468+0000] {processor.py:914} INFO - Processing file /home/airflow/.local/lib/python3.12/site-packages/airflow/example_dags/example_branch_operator.py for tasks to queue
[2025-01-23T14:59:58.471+0000] {logging_mixin.py:190} INFO - [2025-01-23T14:59:58.471+0000] {dagbag.py:588} INFO - Filling up the DagBag from /home/airflow/.local/lib/python3.12/site-packages/airflow/example_dags/example_branch_operator.py
[2025-01-23T14:59:58.498+0000] {processor.py:925} INFO - DAG(s) 'example_branch_operator' retrieved from /home/airflow/.local/lib/python3.12/site-packages/airflow/example_dags/example_branch_operator.py
[2025-01-23T14:59:58.541+0000] {logging_mixin.py:190} INFO - [2025-01-23T14:59:58.541+0000] {dag.py:3239} INFO - Sync 1 DAGs
[2025-01-23T14:59:58.576+0000] {logging_mixin.py:190} INFO - [2025-01-23T14:59:58.576+0000] {dag.py:4180} INFO - Setting next_dagrun for example_branch_operator to 2025-01-22 00:00:00+00:00, run_after=2025-01-23 00:00:00+00:00
[2025-01-23T14:59:58.604+0000] {processor.py:208} INFO - Processing /home/airflow/.local/lib/python3.12/site-packages/airflow/example_dags/example_branch_operator.py took 0.149 seconds
[2025-01-23T15:00:29.611+0000] {processor.py:186} INFO - Started process (PID=6228) to work on /home/airflow/.local/lib/python3.12/site-packages/airflow/example_dags/example_branch_operator.py
[2025-01-23T15:00:29.612+0000] {processor.py:914} INFO - Processing file /home/airflow/.local/lib/python3.12/site-packages/airflow/example_dags/example_branch_operator.py for tasks to queue
[2025-01-23T15:00:29.616+0000] {logging_mixin.py:190} INFO - [2025-01-23T15:00:29.615+0000] {dagbag.py:588} INFO - Filling up the DagBag from /home/airflow/.local/lib/python3.12/site-packages/airflow/example_dags/example_branch_operator.py
[2025-01-23T15:00:29.638+0000] {processor.py:925} INFO - DAG(s) 'example_branch_operator' retrieved from /home/airflow/.local/lib/python3.12/site-packages/airflow/example_dags/example_branch_operator.py
[2025-01-23T15:00:29.677+0000] {logging_mixin.py:190} INFO - [2025-01-23T15:00:29.677+0000] {dag.py:3239} INFO - Sync 1 DAGs
[2025-01-23T15:00:29.712+0000] {logging_mixin.py:190} INFO - [2025-01-23T15:00:29.712+0000] {dag.py:4180} INFO - Setting next_dagrun for example_branch_operator to 2025-01-22 00:00:00+00:00, run_after=2025-01-23 00:00:00+00:00
[2025-01-23T15:00:29.740+0000] {processor.py:208} INFO - Processing /home/airflow/.local/lib/python3.12/site-packages/airflow/example_dags/example_branch_operator.py took 0.139 seconds
[2025-01-23T15:01:02.073+0000] {processor.py:186} INFO - Started process (PID=6524) to work on /home/airflow/.local/lib/python3.12/site-packages/airflow/example_dags/example_branch_operator.py
[2025-01-23T15:01:02.074+0000] {processor.py:914} INFO - Processing file /home/airflow/.local/lib/python3.12/site-packages/airflow/example_dags/example_branch_operator.py for tasks to queue
[2025-01-23T15:01:02.079+0000] {logging_mixin.py:190} INFO - [2025-01-23T15:01:02.078+0000] {dagbag.py:588} INFO - Filling up the DagBag from /home/airflow/.local/lib/python3.12/site-packages/airflow/example_dags/example_branch_operator.py
[2025-01-23T15:01:02.109+0000] {processor.py:925} INFO - DAG(s) 'example_branch_operator' retrieved from /home/airflow/.local/lib/python3.12/site-packages/airflow/example_dags/example_branch_operator.py
[2025-01-23T15:01:02.155+0000] {logging_mixin.py:190} INFO - [2025-01-23T15:01:02.155+0000] {dag.py:3239} INFO - Sync 1 DAGs
[2025-01-23T15:01:02.204+0000] {logging_mixin.py:190} INFO - [2025-01-23T15:01:02.203+0000] {dag.py:4180} INFO - Setting next_dagrun for example_branch_operator to 2025-01-22 00:00:00+00:00, run_after=2025-01-23 00:00:00+00:00
[2025-01-23T15:01:02.239+0000] {processor.py:208} INFO - Processing /home/airflow/.local/lib/python3.12/site-packages/airflow/example_dags/example_branch_operator.py took 0.180 seconds
[2025-01-23T15:01:33.931+0000] {processor.py:186} INFO - Started process (PID=6820) to work on /home/airflow/.local/lib/python3.12/site-packages/airflow/example_dags/example_branch_operator.py
[2025-01-23T15:01:33.932+0000] {processor.py:914} INFO - Processing file /home/airflow/.local/lib/python3.12/site-packages/airflow/example_dags/example_branch_operator.py for tasks to queue
[2025-01-23T15:01:33.937+0000] {logging_mixin.py:190} INFO - [2025-01-23T15:01:33.936+0000] {dagbag.py:588} INFO - Filling up the DagBag from /home/airflow/.local/lib/python3.12/site-packages/airflow/example_dags/example_branch_operator.py
[2025-01-23T15:01:33.966+0000] {processor.py:925} INFO - DAG(s) 'example_branch_operator' retrieved from /home/airflow/.local/lib/python3.12/site-packages/airflow/example_dags/example_branch_operator.py
[2025-01-23T15:01:34.015+0000] {logging_mixin.py:190} INFO - [2025-01-23T15:01:34.014+0000] {dag.py:3239} INFO - Sync 1 DAGs
[2025-01-23T15:01:34.061+0000] {logging_mixin.py:190} INFO - [2025-01-23T15:01:34.060+0000] {dag.py:4180} INFO - Setting next_dagrun for example_branch_operator to 2025-01-22 00:00:00+00:00, run_after=2025-01-23 00:00:00+00:00
[2025-01-23T15:01:34.093+0000] {processor.py:208} INFO - Processing /home/airflow/.local/lib/python3.12/site-packages/airflow/example_dags/example_branch_operator.py took 0.176 seconds
[2025-01-23T15:02:05.148+0000] {processor.py:186} INFO - Started process (PID=7116) to work on /home/airflow/.local/lib/python3.12/site-packages/airflow/example_dags/example_branch_operator.py
[2025-01-23T15:02:05.149+0000] {processor.py:914} INFO - Processing file /home/airflow/.local/lib/python3.12/site-packages/airflow/example_dags/example_branch_operator.py for tasks to queue
[2025-01-23T15:02:05.153+0000] {logging_mixin.py:190} INFO - [2025-01-23T15:02:05.152+0000] {dagbag.py:588} INFO - Filling up the DagBag from /home/airflow/.local/lib/python3.12/site-packages/airflow/example_dags/example_branch_operator.py
[2025-01-23T15:02:05.182+0000] {processor.py:925} INFO - DAG(s) 'example_branch_operator' retrieved from /home/airflow/.local/lib/python3.12/site-packages/airflow/example_dags/example_branch_operator.py
[2025-01-23T15:02:05.225+0000] {logging_mixin.py:190} INFO - [2025-01-23T15:02:05.224+0000] {dag.py:3239} INFO - Sync 1 DAGs
[2025-01-23T15:02:05.258+0000] {logging_mixin.py:190} INFO - [2025-01-23T15:02:05.258+0000] {dag.py:4180} INFO - Setting next_dagrun for example_branch_operator to 2025-01-22 00:00:00+00:00, run_after=2025-01-23 00:00:00+00:00
[2025-01-23T15:02:05.288+0000] {processor.py:208} INFO - Processing /home/airflow/.local/lib/python3.12/site-packages/airflow/example_dags/example_branch_operator.py took 0.149 seconds
[2025-01-23T15:02:36.694+0000] {processor.py:186} INFO - Started process (PID=7412) to work on /home/airflow/.local/lib/python3.12/site-packages/airflow/example_dags/example_branch_operator.py
[2025-01-23T15:02:36.695+0000] {processor.py:914} INFO - Processing file /home/airflow/.local/lib/python3.12/site-packages/airflow/example_dags/example_branch_operator.py for tasks to queue
[2025-01-23T15:02:36.699+0000] {logging_mixin.py:190} INFO - [2025-01-23T15:02:36.698+0000] {dagbag.py:588} INFO - Filling up the DagBag from /home/airflow/.local/lib/python3.12/site-packages/airflow/example_dags/example_branch_operator.py
[2025-01-23T15:02:36.725+0000] {processor.py:925} INFO - DAG(s) 'example_branch_operator' retrieved from /home/airflow/.local/lib/python3.12/site-packages/airflow/example_dags/example_branch_operator.py
[2025-01-23T15:02:36.766+0000] {logging_mixin.py:190} INFO - [2025-01-23T15:02:36.766+0000] {dag.py:3239} INFO - Sync 1 DAGs
[2025-01-23T15:02:36.804+0000] {logging_mixin.py:190} INFO - [2025-01-23T15:02:36.803+0000] {dag.py:4180} INFO - Setting next_dagrun for example_branch_operator to 2025-01-22 00:00:00+00:00, run_after=2025-01-23 00:00:00+00:00
[2025-01-23T15:02:36.831+0000] {processor.py:208} INFO - Processing /home/airflow/.local/lib/python3.12/site-packages/airflow/example_dags/example_branch_operator.py took 0.148 seconds
[2025-01-23T15:03:08.471+0000] {processor.py:186} INFO - Started process (PID=7710) to work on /home/airflow/.local/lib/python3.12/site-packages/airflow/example_dags/example_branch_operator.py
[2025-01-23T15:03:08.472+0000] {processor.py:914} INFO - Processing file /home/airflow/.local/lib/python3.12/site-packages/airflow/example_dags/example_branch_operator.py for tasks to queue
[2025-01-23T15:03:08.475+0000] {logging_mixin.py:190} INFO - [2025-01-23T15:03:08.475+0000] {dagbag.py:588} INFO - Filling up the DagBag from /home/airflow/.local/lib/python3.12/site-packages/airflow/example_dags/example_branch_operator.py
[2025-01-23T15:03:08.505+0000] {processor.py:925} INFO - DAG(s) 'example_branch_operator' retrieved from /home/airflow/.local/lib/python3.12/site-packages/airflow/example_dags/example_branch_operator.py
[2025-01-23T15:03:08.557+0000] {logging_mixin.py:190} INFO - [2025-01-23T15:03:08.556+0000] {dag.py:3239} INFO - Sync 1 DAGs
[2025-01-23T15:03:08.595+0000] {logging_mixin.py:190} INFO - [2025-01-23T15:03:08.595+0000] {dag.py:4180} INFO - Setting next_dagrun for example_branch_operator to 2025-01-22 00:00:00+00:00, run_after=2025-01-23 00:00:00+00:00
[2025-01-23T15:03:08.631+0000] {processor.py:208} INFO - Processing /home/airflow/.local/lib/python3.12/site-packages/airflow/example_dags/example_branch_operator.py took 0.169 seconds
[2025-01-23T15:03:40.063+0000] {processor.py:186} INFO - Started process (PID=8009) to work on /home/airflow/.local/lib/python3.12/site-packages/airflow/example_dags/example_branch_operator.py
[2025-01-23T15:03:40.065+0000] {processor.py:914} INFO - Processing file /home/airflow/.local/lib/python3.12/site-packages/airflow/example_dags/example_branch_operator.py for tasks to queue
[2025-01-23T15:03:40.068+0000] {logging_mixin.py:190} INFO - [2025-01-23T15:03:40.068+0000] {dagbag.py:588} INFO - Filling up the DagBag from /home/airflow/.local/lib/python3.12/site-packages/airflow/example_dags/example_branch_operator.py
[2025-01-23T15:03:40.098+0000] {processor.py:925} INFO - DAG(s) 'example_branch_operator' retrieved from /home/airflow/.local/lib/python3.12/site-packages/airflow/example_dags/example_branch_operator.py
[2025-01-23T15:03:40.147+0000] {logging_mixin.py:190} INFO - [2025-01-23T15:03:40.147+0000] {dag.py:3239} INFO - Sync 1 DAGs
[2025-01-23T15:03:40.198+0000] {logging_mixin.py:190} INFO - [2025-01-23T15:03:40.198+0000] {dag.py:4180} INFO - Setting next_dagrun for example_branch_operator to 2025-01-22 00:00:00+00:00, run_after=2025-01-23 00:00:00+00:00
[2025-01-23T15:03:40.233+0000] {processor.py:208} INFO - Processing /home/airflow/.local/lib/python3.12/site-packages/airflow/example_dags/example_branch_operator.py took 0.178 seconds
[2025-01-23T15:04:11.487+0000] {processor.py:186} INFO - Started process (PID=8305) to work on /home/airflow/.local/lib/python3.12/site-packages/airflow/example_dags/example_branch_operator.py
[2025-01-23T15:04:11.488+0000] {processor.py:914} INFO - Processing file /home/airflow/.local/lib/python3.12/site-packages/airflow/example_dags/example_branch_operator.py for tasks to queue
[2025-01-23T15:04:11.491+0000] {logging_mixin.py:190} INFO - [2025-01-23T15:04:11.491+0000] {dagbag.py:588} INFO - Filling up the DagBag from /home/airflow/.local/lib/python3.12/site-packages/airflow/example_dags/example_branch_operator.py
[2025-01-23T15:04:11.520+0000] {processor.py:925} INFO - DAG(s) 'example_branch_operator' retrieved from /home/airflow/.local/lib/python3.12/site-packages/airflow/example_dags/example_branch_operator.py
[2025-01-23T15:04:11.557+0000] {logging_mixin.py:190} INFO - [2025-01-23T15:04:11.556+0000] {dag.py:3239} INFO - Sync 1 DAGs
[2025-01-23T15:04:11.589+0000] {logging_mixin.py:190} INFO - [2025-01-23T15:04:11.589+0000] {dag.py:4180} INFO - Setting next_dagrun for example_branch_operator to 2025-01-22 00:00:00+00:00, run_after=2025-01-23 00:00:00+00:00
[2025-01-23T15:04:11.615+0000] {processor.py:208} INFO - Processing /home/airflow/.local/lib/python3.12/site-packages/airflow/example_dags/example_branch_operator.py took 0.136 seconds
[2025-01-23T15:04:42.663+0000] {processor.py:186} INFO - Started process (PID=8601) to work on /home/airflow/.local/lib/python3.12/site-packages/airflow/example_dags/example_branch_operator.py
[2025-01-23T15:04:42.664+0000] {processor.py:914} INFO - Processing file /home/airflow/.local/lib/python3.12/site-packages/airflow/example_dags/example_branch_operator.py for tasks to queue
[2025-01-23T15:04:42.668+0000] {logging_mixin.py:190} INFO - [2025-01-23T15:04:42.667+0000] {dagbag.py:588} INFO - Filling up the DagBag from /home/airflow/.local/lib/python3.12/site-packages/airflow/example_dags/example_branch_operator.py
[2025-01-23T15:04:42.694+0000] {processor.py:925} INFO - DAG(s) 'example_branch_operator' retrieved from /home/airflow/.local/lib/python3.12/site-packages/airflow/example_dags/example_branch_operator.py
[2025-01-23T15:04:42.733+0000] {logging_mixin.py:190} INFO - [2025-01-23T15:04:42.733+0000] {dag.py:3239} INFO - Sync 1 DAGs
[2025-01-23T15:04:42.788+0000] {logging_mixin.py:190} INFO - [2025-01-23T15:04:42.788+0000] {dag.py:4180} INFO - Setting next_dagrun for example_branch_operator to 2025-01-22 00:00:00+00:00, run_after=2025-01-23 00:00:00+00:00
[2025-01-23T15:04:42.821+0000] {processor.py:208} INFO - Processing /home/airflow/.local/lib/python3.12/site-packages/airflow/example_dags/example_branch_operator.py took 0.165 seconds
[2025-01-23T15:05:13.840+0000] {processor.py:186} INFO - Started process (PID=8897) to work on /home/airflow/.local/lib/python3.12/site-packages/airflow/example_dags/example_branch_operator.py
[2025-01-23T15:05:13.841+0000] {processor.py:914} INFO - Processing file /home/airflow/.local/lib/python3.12/site-packages/airflow/example_dags/example_branch_operator.py for tasks to queue
[2025-01-23T15:05:13.844+0000] {logging_mixin.py:190} INFO - [2025-01-23T15:05:13.844+0000] {dagbag.py:588} INFO - Filling up the DagBag from /home/airflow/.local/lib/python3.12/site-packages/airflow/example_dags/example_branch_operator.py
[2025-01-23T15:05:13.868+0000] {processor.py:925} INFO - DAG(s) 'example_branch_operator' retrieved from /home/airflow/.local/lib/python3.12/site-packages/airflow/example_dags/example_branch_operator.py
[2025-01-23T15:05:13.902+0000] {logging_mixin.py:190} INFO - [2025-01-23T15:05:13.902+0000] {dag.py:3239} INFO - Sync 1 DAGs
[2025-01-23T15:05:13.935+0000] {logging_mixin.py:190} INFO - [2025-01-23T15:05:13.935+0000] {dag.py:4180} INFO - Setting next_dagrun for example_branch_operator to 2025-01-22 00:00:00+00:00, run_after=2025-01-23 00:00:00+00:00
[2025-01-23T15:05:13.960+0000] {processor.py:208} INFO - Processing /home/airflow/.local/lib/python3.12/site-packages/airflow/example_dags/example_branch_operator.py took 0.130 seconds
[2025-01-23T15:05:44.967+0000] {processor.py:186} INFO - Started process (PID=9193) to work on /home/airflow/.local/lib/python3.12/site-packages/airflow/example_dags/example_branch_operator.py
[2025-01-23T15:05:44.974+0000] {processor.py:914} INFO - Processing file /home/airflow/.local/lib/python3.12/site-packages/airflow/example_dags/example_branch_operator.py for tasks to queue
[2025-01-23T15:05:44.978+0000] {logging_mixin.py:190} INFO - [2025-01-23T15:05:44.977+0000] {dagbag.py:588} INFO - Filling up the DagBag from /home/airflow/.local/lib/python3.12/site-packages/airflow/example_dags/example_branch_operator.py
[2025-01-23T15:05:45.001+0000] {processor.py:925} INFO - DAG(s) 'example_branch_operator' retrieved from /home/airflow/.local/lib/python3.12/site-packages/airflow/example_dags/example_branch_operator.py
[2025-01-23T15:05:45.039+0000] {logging_mixin.py:190} INFO - [2025-01-23T15:05:45.039+0000] {dag.py:3239} INFO - Sync 1 DAGs
[2025-01-23T15:05:45.074+0000] {logging_mixin.py:190} INFO - [2025-01-23T15:05:45.073+0000] {dag.py:4180} INFO - Setting next_dagrun for example_branch_operator to 2025-01-22 00:00:00+00:00, run_after=2025-01-23 00:00:00+00:00
[2025-01-23T15:05:45.100+0000] {processor.py:208} INFO - Processing /home/airflow/.local/lib/python3.12/site-packages/airflow/example_dags/example_branch_operator.py took 0.145 seconds
[2025-01-23T15:06:15.410+0000] {processor.py:186} INFO - Started process (PID=9488) to work on /home/airflow/.local/lib/python3.12/site-packages/airflow/example_dags/example_branch_operator.py
[2025-01-23T15:06:15.412+0000] {processor.py:914} INFO - Processing file /home/airflow/.local/lib/python3.12/site-packages/airflow/example_dags/example_branch_operator.py for tasks to queue
[2025-01-23T15:06:15.416+0000] {logging_mixin.py:190} INFO - [2025-01-23T15:06:15.415+0000] {dagbag.py:588} INFO - Filling up the DagBag from /home/airflow/.local/lib/python3.12/site-packages/airflow/example_dags/example_branch_operator.py
[2025-01-23T15:06:15.441+0000] {processor.py:925} INFO - DAG(s) 'example_branch_operator' retrieved from /home/airflow/.local/lib/python3.12/site-packages/airflow/example_dags/example_branch_operator.py
[2025-01-23T15:06:15.479+0000] {logging_mixin.py:190} INFO - [2025-01-23T15:06:15.478+0000] {dag.py:3239} INFO - Sync 1 DAGs
[2025-01-23T15:06:15.508+0000] {logging_mixin.py:190} INFO - [2025-01-23T15:06:15.508+0000] {dag.py:4180} INFO - Setting next_dagrun for example_branch_operator to 2025-01-22 00:00:00+00:00, run_after=2025-01-23 00:00:00+00:00
[2025-01-23T15:06:15.532+0000] {processor.py:208} INFO - Processing /home/airflow/.local/lib/python3.12/site-packages/airflow/example_dags/example_branch_operator.py took 0.130 seconds
[2025-01-23T15:06:46.453+0000] {processor.py:186} INFO - Started process (PID=9784) to work on /home/airflow/.local/lib/python3.12/site-packages/airflow/example_dags/example_branch_operator.py
[2025-01-23T15:06:46.455+0000] {processor.py:914} INFO - Processing file /home/airflow/.local/lib/python3.12/site-packages/airflow/example_dags/example_branch_operator.py for tasks to queue
[2025-01-23T15:06:46.458+0000] {logging_mixin.py:190} INFO - [2025-01-23T15:06:46.458+0000] {dagbag.py:588} INFO - Filling up the DagBag from /home/airflow/.local/lib/python3.12/site-packages/airflow/example_dags/example_branch_operator.py
[2025-01-23T15:06:46.481+0000] {processor.py:925} INFO - DAG(s) 'example_branch_operator' retrieved from /home/airflow/.local/lib/python3.12/site-packages/airflow/example_dags/example_branch_operator.py
[2025-01-23T15:06:46.518+0000] {logging_mixin.py:190} INFO - [2025-01-23T15:06:46.518+0000] {dag.py:3239} INFO - Sync 1 DAGs
[2025-01-23T15:06:46.550+0000] {logging_mixin.py:190} INFO - [2025-01-23T15:06:46.550+0000] {dag.py:4180} INFO - Setting next_dagrun for example_branch_operator to 2025-01-22 00:00:00+00:00, run_after=2025-01-23 00:00:00+00:00
[2025-01-23T15:06:46.582+0000] {processor.py:208} INFO - Processing /home/airflow/.local/lib/python3.12/site-packages/airflow/example_dags/example_branch_operator.py took 0.137 seconds
[2025-01-23T15:07:16.967+0000] {processor.py:186} INFO - Started process (PID=10075) to work on /home/airflow/.local/lib/python3.12/site-packages/airflow/example_dags/example_branch_operator.py
[2025-01-23T15:07:16.968+0000] {processor.py:914} INFO - Processing file /home/airflow/.local/lib/python3.12/site-packages/airflow/example_dags/example_branch_operator.py for tasks to queue
[2025-01-23T15:07:16.972+0000] {logging_mixin.py:190} INFO - [2025-01-23T15:07:16.971+0000] {dagbag.py:588} INFO - Filling up the DagBag from /home/airflow/.local/lib/python3.12/site-packages/airflow/example_dags/example_branch_operator.py
[2025-01-23T15:07:17.004+0000] {processor.py:925} INFO - DAG(s) 'example_branch_operator' retrieved from /home/airflow/.local/lib/python3.12/site-packages/airflow/example_dags/example_branch_operator.py
[2025-01-23T15:07:17.047+0000] {logging_mixin.py:190} INFO - [2025-01-23T15:07:17.046+0000] {dag.py:3239} INFO - Sync 1 DAGs
[2025-01-23T15:07:17.084+0000] {logging_mixin.py:190} INFO - [2025-01-23T15:07:17.083+0000] {dag.py:4180} INFO - Setting next_dagrun for example_branch_operator to 2025-01-22 00:00:00+00:00, run_after=2025-01-23 00:00:00+00:00
[2025-01-23T15:07:17.122+0000] {processor.py:208} INFO - Processing /home/airflow/.local/lib/python3.12/site-packages/airflow/example_dags/example_branch_operator.py took 0.165 seconds
[2025-01-23T15:07:47.540+0000] {processor.py:186} INFO - Started process (PID=10366) to work on /home/airflow/.local/lib/python3.12/site-packages/airflow/example_dags/example_branch_operator.py
[2025-01-23T15:07:47.542+0000] {processor.py:914} INFO - Processing file /home/airflow/.local/lib/python3.12/site-packages/airflow/example_dags/example_branch_operator.py for tasks to queue
[2025-01-23T15:07:47.547+0000] {logging_mixin.py:190} INFO - [2025-01-23T15:07:47.546+0000] {dagbag.py:588} INFO - Filling up the DagBag from /home/airflow/.local/lib/python3.12/site-packages/airflow/example_dags/example_branch_operator.py
[2025-01-23T15:07:47.590+0000] {processor.py:925} INFO - DAG(s) 'example_branch_operator' retrieved from /home/airflow/.local/lib/python3.12/site-packages/airflow/example_dags/example_branch_operator.py
[2025-01-23T15:07:47.649+0000] {logging_mixin.py:190} INFO - [2025-01-23T15:07:47.648+0000] {dag.py:3239} INFO - Sync 1 DAGs
[2025-01-23T15:07:47.693+0000] {logging_mixin.py:190} INFO - [2025-01-23T15:07:47.692+0000] {dag.py:4180} INFO - Setting next_dagrun for example_branch_operator to 2025-01-22 00:00:00+00:00, run_after=2025-01-23 00:00:00+00:00
[2025-01-23T15:07:47.730+0000] {processor.py:208} INFO - Processing /home/airflow/.local/lib/python3.12/site-packages/airflow/example_dags/example_branch_operator.py took 0.203 seconds
[2025-01-23T15:08:18.740+0000] {processor.py:186} INFO - Started process (PID=10725) to work on /home/airflow/.local/lib/python3.12/site-packages/airflow/example_dags/example_branch_operator.py
[2025-01-23T15:08:18.745+0000] {processor.py:914} INFO - Processing file /home/airflow/.local/lib/python3.12/site-packages/airflow/example_dags/example_branch_operator.py for tasks to queue
[2025-01-23T15:08:18.763+0000] {logging_mixin.py:190} INFO - [2025-01-23T15:08:18.762+0000] {dagbag.py:588} INFO - Filling up the DagBag from /home/airflow/.local/lib/python3.12/site-packages/airflow/example_dags/example_branch_operator.py
[2025-01-23T15:08:18.801+0000] {processor.py:925} INFO - DAG(s) 'example_branch_operator' retrieved from /home/airflow/.local/lib/python3.12/site-packages/airflow/example_dags/example_branch_operator.py
[2025-01-23T15:08:18.865+0000] {logging_mixin.py:190} INFO - [2025-01-23T15:08:18.865+0000] {dag.py:3239} INFO - Sync 1 DAGs
[2025-01-23T15:08:18.913+0000] {logging_mixin.py:190} INFO - [2025-01-23T15:08:18.912+0000] {dag.py:4180} INFO - Setting next_dagrun for example_branch_operator to 2025-01-22 00:00:00+00:00, run_after=2025-01-23 00:00:00+00:00
[2025-01-23T15:08:18.948+0000] {processor.py:208} INFO - Processing /home/airflow/.local/lib/python3.12/site-packages/airflow/example_dags/example_branch_operator.py took 0.247 seconds
