[2025-01-23T14:50:08.912+0000] {processor.py:186} INFO - Started process (PID=377) to work on /home/airflow/.local/lib/python3.12/site-packages/airflow/example_dags/example_nested_branch_dag.py
[2025-01-23T14:50:08.913+0000] {processor.py:914} INFO - Processing file /home/airflow/.local/lib/python3.12/site-packages/airflow/example_dags/example_nested_branch_dag.py for tasks to queue
[2025-01-23T14:50:08.916+0000] {logging_mixin.py:190} INFO - [2025-01-23T14:50:08.915+0000] {dagbag.py:588} INFO - Filling up the DagBag from /home/airflow/.local/lib/python3.12/site-packages/airflow/example_dags/example_nested_branch_dag.py
[2025-01-23T14:50:08.927+0000] {processor.py:925} INFO - DAG(s) 'example_nested_branch_dag' retrieved from /home/airflow/.local/lib/python3.12/site-packages/airflow/example_dags/example_nested_branch_dag.py
[2025-01-23T14:50:08.949+0000] {logging_mixin.py:190} INFO - [2025-01-23T14:50:08.948+0000] {dag.py:3239} INFO - Sync 1 DAGs
[2025-01-23T14:50:08.972+0000] {logging_mixin.py:190} INFO - [2025-01-23T14:50:08.972+0000] {dag.py:4180} INFO - Setting next_dagrun for example_nested_branch_dag to 2025-01-22 00:00:00+00:00, run_after=2025-01-23 00:00:00+00:00
[2025-01-23T14:50:08.991+0000] {processor.py:208} INFO - Processing /home/airflow/.local/lib/python3.12/site-packages/airflow/example_dags/example_nested_branch_dag.py took 0.085 seconds
[2025-01-23T14:50:39.980+0000] {processor.py:186} INFO - Started process (PID=673) to work on /home/airflow/.local/lib/python3.12/site-packages/airflow/example_dags/example_nested_branch_dag.py
[2025-01-23T14:50:39.981+0000] {processor.py:914} INFO - Processing file /home/airflow/.local/lib/python3.12/site-packages/airflow/example_dags/example_nested_branch_dag.py for tasks to queue
[2025-01-23T14:50:39.983+0000] {logging_mixin.py:190} INFO - [2025-01-23T14:50:39.983+0000] {dagbag.py:588} INFO - Filling up the DagBag from /home/airflow/.local/lib/python3.12/site-packages/airflow/example_dags/example_nested_branch_dag.py
[2025-01-23T14:50:39.993+0000] {processor.py:925} INFO - DAG(s) 'example_nested_branch_dag' retrieved from /home/airflow/.local/lib/python3.12/site-packages/airflow/example_dags/example_nested_branch_dag.py
[2025-01-23T14:50:40.013+0000] {logging_mixin.py:190} INFO - [2025-01-23T14:50:40.013+0000] {dag.py:3239} INFO - Sync 1 DAGs
[2025-01-23T14:50:40.034+0000] {logging_mixin.py:190} INFO - [2025-01-23T14:50:40.034+0000] {dag.py:4180} INFO - Setting next_dagrun for example_nested_branch_dag to 2025-01-22 00:00:00+00:00, run_after=2025-01-23 00:00:00+00:00
[2025-01-23T14:50:40.050+0000] {processor.py:208} INFO - Processing /home/airflow/.local/lib/python3.12/site-packages/airflow/example_dags/example_nested_branch_dag.py took 0.075 seconds
[2025-01-23T14:51:11.519+0000] {processor.py:186} INFO - Started process (PID=969) to work on /home/airflow/.local/lib/python3.12/site-packages/airflow/example_dags/example_nested_branch_dag.py
[2025-01-23T14:51:11.520+0000] {processor.py:914} INFO - Processing file /home/airflow/.local/lib/python3.12/site-packages/airflow/example_dags/example_nested_branch_dag.py for tasks to queue
[2025-01-23T14:51:11.522+0000] {logging_mixin.py:190} INFO - [2025-01-23T14:51:11.522+0000] {dagbag.py:588} INFO - Filling up the DagBag from /home/airflow/.local/lib/python3.12/site-packages/airflow/example_dags/example_nested_branch_dag.py
[2025-01-23T14:51:11.533+0000] {processor.py:925} INFO - DAG(s) 'example_nested_branch_dag' retrieved from /home/airflow/.local/lib/python3.12/site-packages/airflow/example_dags/example_nested_branch_dag.py
[2025-01-23T14:51:11.553+0000] {logging_mixin.py:190} INFO - [2025-01-23T14:51:11.553+0000] {dag.py:3239} INFO - Sync 1 DAGs
[2025-01-23T14:51:11.576+0000] {logging_mixin.py:190} INFO - [2025-01-23T14:51:11.576+0000] {dag.py:4180} INFO - Setting next_dagrun for example_nested_branch_dag to 2025-01-22 00:00:00+00:00, run_after=2025-01-23 00:00:00+00:00
[2025-01-23T14:51:11.592+0000] {processor.py:208} INFO - Processing /home/airflow/.local/lib/python3.12/site-packages/airflow/example_dags/example_nested_branch_dag.py took 0.079 seconds
[2025-01-23T14:51:42.742+0000] {processor.py:186} INFO - Started process (PID=1265) to work on /home/airflow/.local/lib/python3.12/site-packages/airflow/example_dags/example_nested_branch_dag.py
[2025-01-23T14:51:42.743+0000] {processor.py:914} INFO - Processing file /home/airflow/.local/lib/python3.12/site-packages/airflow/example_dags/example_nested_branch_dag.py for tasks to queue
[2025-01-23T14:51:42.745+0000] {logging_mixin.py:190} INFO - [2025-01-23T14:51:42.745+0000] {dagbag.py:588} INFO - Filling up the DagBag from /home/airflow/.local/lib/python3.12/site-packages/airflow/example_dags/example_nested_branch_dag.py
[2025-01-23T14:51:42.755+0000] {processor.py:925} INFO - DAG(s) 'example_nested_branch_dag' retrieved from /home/airflow/.local/lib/python3.12/site-packages/airflow/example_dags/example_nested_branch_dag.py
[2025-01-23T14:51:42.774+0000] {logging_mixin.py:190} INFO - [2025-01-23T14:51:42.774+0000] {dag.py:3239} INFO - Sync 1 DAGs
[2025-01-23T14:51:42.794+0000] {logging_mixin.py:190} INFO - [2025-01-23T14:51:42.794+0000] {dag.py:4180} INFO - Setting next_dagrun for example_nested_branch_dag to 2025-01-22 00:00:00+00:00, run_after=2025-01-23 00:00:00+00:00
[2025-01-23T14:51:42.811+0000] {processor.py:208} INFO - Processing /home/airflow/.local/lib/python3.12/site-packages/airflow/example_dags/example_nested_branch_dag.py took 0.076 seconds
[2025-01-23T14:52:14.106+0000] {processor.py:186} INFO - Started process (PID=1561) to work on /home/airflow/.local/lib/python3.12/site-packages/airflow/example_dags/example_nested_branch_dag.py
[2025-01-23T14:52:14.107+0000] {processor.py:914} INFO - Processing file /home/airflow/.local/lib/python3.12/site-packages/airflow/example_dags/example_nested_branch_dag.py for tasks to queue
[2025-01-23T14:52:14.110+0000] {logging_mixin.py:190} INFO - [2025-01-23T14:52:14.109+0000] {dagbag.py:588} INFO - Filling up the DagBag from /home/airflow/.local/lib/python3.12/site-packages/airflow/example_dags/example_nested_branch_dag.py
[2025-01-23T14:52:14.121+0000] {processor.py:925} INFO - DAG(s) 'example_nested_branch_dag' retrieved from /home/airflow/.local/lib/python3.12/site-packages/airflow/example_dags/example_nested_branch_dag.py
[2025-01-23T14:52:14.143+0000] {logging_mixin.py:190} INFO - [2025-01-23T14:52:14.142+0000] {dag.py:3239} INFO - Sync 1 DAGs
[2025-01-23T14:52:14.166+0000] {logging_mixin.py:190} INFO - [2025-01-23T14:52:14.165+0000] {dag.py:4180} INFO - Setting next_dagrun for example_nested_branch_dag to 2025-01-22 00:00:00+00:00, run_after=2025-01-23 00:00:00+00:00
[2025-01-23T14:52:14.186+0000] {processor.py:208} INFO - Processing /home/airflow/.local/lib/python3.12/site-packages/airflow/example_dags/example_nested_branch_dag.py took 0.087 seconds
[2025-01-23T14:52:45.990+0000] {processor.py:186} INFO - Started process (PID=1857) to work on /home/airflow/.local/lib/python3.12/site-packages/airflow/example_dags/example_nested_branch_dag.py
[2025-01-23T14:52:45.992+0000] {processor.py:914} INFO - Processing file /home/airflow/.local/lib/python3.12/site-packages/airflow/example_dags/example_nested_branch_dag.py for tasks to queue
[2025-01-23T14:52:45.995+0000] {logging_mixin.py:190} INFO - [2025-01-23T14:52:45.994+0000] {dagbag.py:588} INFO - Filling up the DagBag from /home/airflow/.local/lib/python3.12/site-packages/airflow/example_dags/example_nested_branch_dag.py
[2025-01-23T14:52:46.006+0000] {processor.py:925} INFO - DAG(s) 'example_nested_branch_dag' retrieved from /home/airflow/.local/lib/python3.12/site-packages/airflow/example_dags/example_nested_branch_dag.py
[2025-01-23T14:52:46.029+0000] {logging_mixin.py:190} INFO - [2025-01-23T14:52:46.029+0000] {dag.py:3239} INFO - Sync 1 DAGs
[2025-01-23T14:52:46.053+0000] {logging_mixin.py:190} INFO - [2025-01-23T14:52:46.053+0000] {dag.py:4180} INFO - Setting next_dagrun for example_nested_branch_dag to 2025-01-22 00:00:00+00:00, run_after=2025-01-23 00:00:00+00:00
[2025-01-23T14:52:46.072+0000] {processor.py:208} INFO - Processing /home/airflow/.local/lib/python3.12/site-packages/airflow/example_dags/example_nested_branch_dag.py took 0.088 seconds
[2025-01-23T14:53:16.340+0000] {processor.py:186} INFO - Started process (PID=2153) to work on /home/airflow/.local/lib/python3.12/site-packages/airflow/example_dags/example_nested_branch_dag.py
[2025-01-23T14:53:16.341+0000] {processor.py:914} INFO - Processing file /home/airflow/.local/lib/python3.12/site-packages/airflow/example_dags/example_nested_branch_dag.py for tasks to queue
[2025-01-23T14:53:16.343+0000] {logging_mixin.py:190} INFO - [2025-01-23T14:53:16.343+0000] {dagbag.py:588} INFO - Filling up the DagBag from /home/airflow/.local/lib/python3.12/site-packages/airflow/example_dags/example_nested_branch_dag.py
[2025-01-23T14:53:16.354+0000] {processor.py:925} INFO - DAG(s) 'example_nested_branch_dag' retrieved from /home/airflow/.local/lib/python3.12/site-packages/airflow/example_dags/example_nested_branch_dag.py
[2025-01-23T14:53:16.372+0000] {logging_mixin.py:190} INFO - [2025-01-23T14:53:16.372+0000] {dag.py:3239} INFO - Sync 1 DAGs
[2025-01-23T14:53:16.392+0000] {logging_mixin.py:190} INFO - [2025-01-23T14:53:16.392+0000] {dag.py:4180} INFO - Setting next_dagrun for example_nested_branch_dag to 2025-01-22 00:00:00+00:00, run_after=2025-01-23 00:00:00+00:00
[2025-01-23T14:53:16.410+0000] {processor.py:208} INFO - Processing /home/airflow/.local/lib/python3.12/site-packages/airflow/example_dags/example_nested_branch_dag.py took 0.075 seconds
[2025-01-23T14:53:46.936+0000] {processor.py:186} INFO - Started process (PID=2449) to work on /home/airflow/.local/lib/python3.12/site-packages/airflow/example_dags/example_nested_branch_dag.py
[2025-01-23T14:53:46.937+0000] {processor.py:914} INFO - Processing file /home/airflow/.local/lib/python3.12/site-packages/airflow/example_dags/example_nested_branch_dag.py for tasks to queue
[2025-01-23T14:53:46.939+0000] {logging_mixin.py:190} INFO - [2025-01-23T14:53:46.939+0000] {dagbag.py:588} INFO - Filling up the DagBag from /home/airflow/.local/lib/python3.12/site-packages/airflow/example_dags/example_nested_branch_dag.py
[2025-01-23T14:53:46.952+0000] {processor.py:925} INFO - DAG(s) 'example_nested_branch_dag' retrieved from /home/airflow/.local/lib/python3.12/site-packages/airflow/example_dags/example_nested_branch_dag.py
[2025-01-23T14:53:46.983+0000] {logging_mixin.py:190} INFO - [2025-01-23T14:53:46.982+0000] {dag.py:3239} INFO - Sync 1 DAGs
[2025-01-23T14:53:47.021+0000] {logging_mixin.py:190} INFO - [2025-01-23T14:53:47.021+0000] {dag.py:4180} INFO - Setting next_dagrun for example_nested_branch_dag to 2025-01-22 00:00:00+00:00, run_after=2025-01-23 00:00:00+00:00
[2025-01-23T14:53:47.041+0000] {processor.py:208} INFO - Processing /home/airflow/.local/lib/python3.12/site-packages/airflow/example_dags/example_nested_branch_dag.py took 0.111 seconds
[2025-01-23T14:54:17.688+0000] {processor.py:186} INFO - Started process (PID=2745) to work on /home/airflow/.local/lib/python3.12/site-packages/airflow/example_dags/example_nested_branch_dag.py
[2025-01-23T14:54:17.689+0000] {processor.py:914} INFO - Processing file /home/airflow/.local/lib/python3.12/site-packages/airflow/example_dags/example_nested_branch_dag.py for tasks to queue
[2025-01-23T14:54:17.691+0000] {logging_mixin.py:190} INFO - [2025-01-23T14:54:17.691+0000] {dagbag.py:588} INFO - Filling up the DagBag from /home/airflow/.local/lib/python3.12/site-packages/airflow/example_dags/example_nested_branch_dag.py
[2025-01-23T14:54:17.702+0000] {processor.py:925} INFO - DAG(s) 'example_nested_branch_dag' retrieved from /home/airflow/.local/lib/python3.12/site-packages/airflow/example_dags/example_nested_branch_dag.py
[2025-01-23T14:54:17.725+0000] {logging_mixin.py:190} INFO - [2025-01-23T14:54:17.725+0000] {dag.py:3239} INFO - Sync 1 DAGs
[2025-01-23T14:54:17.749+0000] {logging_mixin.py:190} INFO - [2025-01-23T14:54:17.749+0000] {dag.py:4180} INFO - Setting next_dagrun for example_nested_branch_dag to 2025-01-22 00:00:00+00:00, run_after=2025-01-23 00:00:00+00:00
[2025-01-23T14:54:17.768+0000] {processor.py:208} INFO - Processing /home/airflow/.local/lib/python3.12/site-packages/airflow/example_dags/example_nested_branch_dag.py took 0.086 seconds
[2025-01-23T14:54:48.549+0000] {processor.py:186} INFO - Started process (PID=3041) to work on /home/airflow/.local/lib/python3.12/site-packages/airflow/example_dags/example_nested_branch_dag.py
[2025-01-23T14:54:48.550+0000] {processor.py:914} INFO - Processing file /home/airflow/.local/lib/python3.12/site-packages/airflow/example_dags/example_nested_branch_dag.py for tasks to queue
[2025-01-23T14:54:48.553+0000] {logging_mixin.py:190} INFO - [2025-01-23T14:54:48.552+0000] {dagbag.py:588} INFO - Filling up the DagBag from /home/airflow/.local/lib/python3.12/site-packages/airflow/example_dags/example_nested_branch_dag.py
[2025-01-23T14:54:48.562+0000] {processor.py:925} INFO - DAG(s) 'example_nested_branch_dag' retrieved from /home/airflow/.local/lib/python3.12/site-packages/airflow/example_dags/example_nested_branch_dag.py
[2025-01-23T14:54:48.582+0000] {logging_mixin.py:190} INFO - [2025-01-23T14:54:48.581+0000] {dag.py:3239} INFO - Sync 1 DAGs
[2025-01-23T14:54:48.602+0000] {logging_mixin.py:190} INFO - [2025-01-23T14:54:48.602+0000] {dag.py:4180} INFO - Setting next_dagrun for example_nested_branch_dag to 2025-01-22 00:00:00+00:00, run_after=2025-01-23 00:00:00+00:00
[2025-01-23T14:54:48.618+0000] {processor.py:208} INFO - Processing /home/airflow/.local/lib/python3.12/site-packages/airflow/example_dags/example_nested_branch_dag.py took 0.074 seconds
[2025-01-23T14:55:20.111+0000] {processor.py:186} INFO - Started process (PID=3337) to work on /home/airflow/.local/lib/python3.12/site-packages/airflow/example_dags/example_nested_branch_dag.py
[2025-01-23T14:55:20.112+0000] {processor.py:914} INFO - Processing file /home/airflow/.local/lib/python3.12/site-packages/airflow/example_dags/example_nested_branch_dag.py for tasks to queue
[2025-01-23T14:55:20.114+0000] {logging_mixin.py:190} INFO - [2025-01-23T14:55:20.114+0000] {dagbag.py:588} INFO - Filling up the DagBag from /home/airflow/.local/lib/python3.12/site-packages/airflow/example_dags/example_nested_branch_dag.py
[2025-01-23T14:55:20.125+0000] {processor.py:925} INFO - DAG(s) 'example_nested_branch_dag' retrieved from /home/airflow/.local/lib/python3.12/site-packages/airflow/example_dags/example_nested_branch_dag.py
[2025-01-23T14:55:20.145+0000] {logging_mixin.py:190} INFO - [2025-01-23T14:55:20.145+0000] {dag.py:3239} INFO - Sync 1 DAGs
[2025-01-23T14:55:20.165+0000] {logging_mixin.py:190} INFO - [2025-01-23T14:55:20.165+0000] {dag.py:4180} INFO - Setting next_dagrun for example_nested_branch_dag to 2025-01-22 00:00:00+00:00, run_after=2025-01-23 00:00:00+00:00
[2025-01-23T14:55:20.181+0000] {processor.py:208} INFO - Processing /home/airflow/.local/lib/python3.12/site-packages/airflow/example_dags/example_nested_branch_dag.py took 0.075 seconds
[2025-01-23T14:55:51.268+0000] {processor.py:186} INFO - Started process (PID=3633) to work on /home/airflow/.local/lib/python3.12/site-packages/airflow/example_dags/example_nested_branch_dag.py
[2025-01-23T14:55:51.269+0000] {processor.py:914} INFO - Processing file /home/airflow/.local/lib/python3.12/site-packages/airflow/example_dags/example_nested_branch_dag.py for tasks to queue
[2025-01-23T14:55:51.271+0000] {logging_mixin.py:190} INFO - [2025-01-23T14:55:51.271+0000] {dagbag.py:588} INFO - Filling up the DagBag from /home/airflow/.local/lib/python3.12/site-packages/airflow/example_dags/example_nested_branch_dag.py
[2025-01-23T14:55:51.282+0000] {processor.py:925} INFO - DAG(s) 'example_nested_branch_dag' retrieved from /home/airflow/.local/lib/python3.12/site-packages/airflow/example_dags/example_nested_branch_dag.py
[2025-01-23T14:55:51.301+0000] {logging_mixin.py:190} INFO - [2025-01-23T14:55:51.301+0000] {dag.py:3239} INFO - Sync 1 DAGs
[2025-01-23T14:55:51.320+0000] {logging_mixin.py:190} INFO - [2025-01-23T14:55:51.320+0000] {dag.py:4180} INFO - Setting next_dagrun for example_nested_branch_dag to 2025-01-22 00:00:00+00:00, run_after=2025-01-23 00:00:00+00:00
[2025-01-23T14:55:51.337+0000] {processor.py:208} INFO - Processing /home/airflow/.local/lib/python3.12/site-packages/airflow/example_dags/example_nested_branch_dag.py took 0.074 seconds
[2025-01-23T14:56:22.515+0000] {processor.py:186} INFO - Started process (PID=3929) to work on /home/airflow/.local/lib/python3.12/site-packages/airflow/example_dags/example_nested_branch_dag.py
[2025-01-23T14:56:22.516+0000] {processor.py:914} INFO - Processing file /home/airflow/.local/lib/python3.12/site-packages/airflow/example_dags/example_nested_branch_dag.py for tasks to queue
[2025-01-23T14:56:22.518+0000] {logging_mixin.py:190} INFO - [2025-01-23T14:56:22.518+0000] {dagbag.py:588} INFO - Filling up the DagBag from /home/airflow/.local/lib/python3.12/site-packages/airflow/example_dags/example_nested_branch_dag.py
[2025-01-23T14:56:22.533+0000] {processor.py:925} INFO - DAG(s) 'example_nested_branch_dag' retrieved from /home/airflow/.local/lib/python3.12/site-packages/airflow/example_dags/example_nested_branch_dag.py
[2025-01-23T14:56:22.560+0000] {logging_mixin.py:190} INFO - [2025-01-23T14:56:22.559+0000] {dag.py:3239} INFO - Sync 1 DAGs
[2025-01-23T14:56:22.590+0000] {logging_mixin.py:190} INFO - [2025-01-23T14:56:22.590+0000] {dag.py:4180} INFO - Setting next_dagrun for example_nested_branch_dag to 2025-01-22 00:00:00+00:00, run_after=2025-01-23 00:00:00+00:00
[2025-01-23T14:56:22.614+0000] {processor.py:208} INFO - Processing /home/airflow/.local/lib/python3.12/site-packages/airflow/example_dags/example_nested_branch_dag.py took 0.108 seconds
[2025-01-23T14:56:54.160+0000] {processor.py:186} INFO - Started process (PID=4225) to work on /home/airflow/.local/lib/python3.12/site-packages/airflow/example_dags/example_nested_branch_dag.py
[2025-01-23T14:56:54.161+0000] {processor.py:914} INFO - Processing file /home/airflow/.local/lib/python3.12/site-packages/airflow/example_dags/example_nested_branch_dag.py for tasks to queue
[2025-01-23T14:56:54.164+0000] {logging_mixin.py:190} INFO - [2025-01-23T14:56:54.163+0000] {dagbag.py:588} INFO - Filling up the DagBag from /home/airflow/.local/lib/python3.12/site-packages/airflow/example_dags/example_nested_branch_dag.py
[2025-01-23T14:56:54.178+0000] {processor.py:925} INFO - DAG(s) 'example_nested_branch_dag' retrieved from /home/airflow/.local/lib/python3.12/site-packages/airflow/example_dags/example_nested_branch_dag.py
[2025-01-23T14:56:54.207+0000] {logging_mixin.py:190} INFO - [2025-01-23T14:56:54.206+0000] {dag.py:3239} INFO - Sync 1 DAGs
[2025-01-23T14:56:54.237+0000] {logging_mixin.py:190} INFO - [2025-01-23T14:56:54.236+0000] {dag.py:4180} INFO - Setting next_dagrun for example_nested_branch_dag to 2025-01-22 00:00:00+00:00, run_after=2025-01-23 00:00:00+00:00
[2025-01-23T14:56:54.260+0000] {processor.py:208} INFO - Processing /home/airflow/.local/lib/python3.12/site-packages/airflow/example_dags/example_nested_branch_dag.py took 0.109 seconds
[2025-01-23T14:57:25.468+0000] {processor.py:186} INFO - Started process (PID=4521) to work on /home/airflow/.local/lib/python3.12/site-packages/airflow/example_dags/example_nested_branch_dag.py
[2025-01-23T14:57:25.469+0000] {processor.py:914} INFO - Processing file /home/airflow/.local/lib/python3.12/site-packages/airflow/example_dags/example_nested_branch_dag.py for tasks to queue
[2025-01-23T14:57:25.473+0000] {logging_mixin.py:190} INFO - [2025-01-23T14:57:25.473+0000] {dagbag.py:588} INFO - Filling up the DagBag from /home/airflow/.local/lib/python3.12/site-packages/airflow/example_dags/example_nested_branch_dag.py
[2025-01-23T14:57:25.487+0000] {processor.py:925} INFO - DAG(s) 'example_nested_branch_dag' retrieved from /home/airflow/.local/lib/python3.12/site-packages/airflow/example_dags/example_nested_branch_dag.py
[2025-01-23T14:57:25.515+0000] {logging_mixin.py:190} INFO - [2025-01-23T14:57:25.515+0000] {dag.py:3239} INFO - Sync 1 DAGs
[2025-01-23T14:57:25.546+0000] {logging_mixin.py:190} INFO - [2025-01-23T14:57:25.545+0000] {dag.py:4180} INFO - Setting next_dagrun for example_nested_branch_dag to 2025-01-22 00:00:00+00:00, run_after=2025-01-23 00:00:00+00:00
[2025-01-23T14:57:25.572+0000] {processor.py:208} INFO - Processing /home/airflow/.local/lib/python3.12/site-packages/airflow/example_dags/example_nested_branch_dag.py took 0.113 seconds
[2025-01-23T14:57:56.711+0000] {processor.py:186} INFO - Started process (PID=4823) to work on /home/airflow/.local/lib/python3.12/site-packages/airflow/example_dags/example_nested_branch_dag.py
[2025-01-23T14:57:56.713+0000] {processor.py:914} INFO - Processing file /home/airflow/.local/lib/python3.12/site-packages/airflow/example_dags/example_nested_branch_dag.py for tasks to queue
[2025-01-23T14:57:56.716+0000] {logging_mixin.py:190} INFO - [2025-01-23T14:57:56.716+0000] {dagbag.py:588} INFO - Filling up the DagBag from /home/airflow/.local/lib/python3.12/site-packages/airflow/example_dags/example_nested_branch_dag.py
[2025-01-23T14:57:56.734+0000] {processor.py:925} INFO - DAG(s) 'example_nested_branch_dag' retrieved from /home/airflow/.local/lib/python3.12/site-packages/airflow/example_dags/example_nested_branch_dag.py
[2025-01-23T14:57:56.761+0000] {logging_mixin.py:190} INFO - [2025-01-23T14:57:56.761+0000] {dag.py:3239} INFO - Sync 1 DAGs
[2025-01-23T14:57:56.794+0000] {logging_mixin.py:190} INFO - [2025-01-23T14:57:56.793+0000] {dag.py:4180} INFO - Setting next_dagrun for example_nested_branch_dag to 2025-01-22 00:00:00+00:00, run_after=2025-01-23 00:00:00+00:00
[2025-01-23T14:57:56.823+0000] {processor.py:208} INFO - Processing /home/airflow/.local/lib/python3.12/site-packages/airflow/example_dags/example_nested_branch_dag.py took 0.120 seconds
[2025-01-23T14:58:28.438+0000] {processor.py:186} INFO - Started process (PID=5119) to work on /home/airflow/.local/lib/python3.12/site-packages/airflow/example_dags/example_nested_branch_dag.py
[2025-01-23T14:58:28.440+0000] {processor.py:914} INFO - Processing file /home/airflow/.local/lib/python3.12/site-packages/airflow/example_dags/example_nested_branch_dag.py for tasks to queue
[2025-01-23T14:58:28.443+0000] {logging_mixin.py:190} INFO - [2025-01-23T14:58:28.443+0000] {dagbag.py:588} INFO - Filling up the DagBag from /home/airflow/.local/lib/python3.12/site-packages/airflow/example_dags/example_nested_branch_dag.py
[2025-01-23T14:58:28.458+0000] {processor.py:925} INFO - DAG(s) 'example_nested_branch_dag' retrieved from /home/airflow/.local/lib/python3.12/site-packages/airflow/example_dags/example_nested_branch_dag.py
[2025-01-23T14:58:28.488+0000] {logging_mixin.py:190} INFO - [2025-01-23T14:58:28.488+0000] {dag.py:3239} INFO - Sync 1 DAGs
[2025-01-23T14:58:28.523+0000] {logging_mixin.py:190} INFO - [2025-01-23T14:58:28.523+0000] {dag.py:4180} INFO - Setting next_dagrun for example_nested_branch_dag to 2025-01-22 00:00:00+00:00, run_after=2025-01-23 00:00:00+00:00
[2025-01-23T14:58:28.553+0000] {processor.py:208} INFO - Processing /home/airflow/.local/lib/python3.12/site-packages/airflow/example_dags/example_nested_branch_dag.py took 0.124 seconds
[2025-01-23T14:59:00.120+0000] {processor.py:186} INFO - Started process (PID=5415) to work on /home/airflow/.local/lib/python3.12/site-packages/airflow/example_dags/example_nested_branch_dag.py
[2025-01-23T14:59:00.122+0000] {processor.py:914} INFO - Processing file /home/airflow/.local/lib/python3.12/site-packages/airflow/example_dags/example_nested_branch_dag.py for tasks to queue
[2025-01-23T14:59:00.125+0000] {logging_mixin.py:190} INFO - [2025-01-23T14:59:00.124+0000] {dagbag.py:588} INFO - Filling up the DagBag from /home/airflow/.local/lib/python3.12/site-packages/airflow/example_dags/example_nested_branch_dag.py
[2025-01-23T14:59:00.142+0000] {processor.py:925} INFO - DAG(s) 'example_nested_branch_dag' retrieved from /home/airflow/.local/lib/python3.12/site-packages/airflow/example_dags/example_nested_branch_dag.py
[2025-01-23T14:59:00.175+0000] {logging_mixin.py:190} INFO - [2025-01-23T14:59:00.174+0000] {dag.py:3239} INFO - Sync 1 DAGs
[2025-01-23T14:59:00.216+0000] {logging_mixin.py:190} INFO - [2025-01-23T14:59:00.216+0000] {dag.py:4180} INFO - Setting next_dagrun for example_nested_branch_dag to 2025-01-22 00:00:00+00:00, run_after=2025-01-23 00:00:00+00:00
[2025-01-23T14:59:00.253+0000] {processor.py:208} INFO - Processing /home/airflow/.local/lib/python3.12/site-packages/airflow/example_dags/example_nested_branch_dag.py took 0.142 seconds
[2025-01-23T14:59:31.136+0000] {processor.py:186} INFO - Started process (PID=5711) to work on /home/airflow/.local/lib/python3.12/site-packages/airflow/example_dags/example_nested_branch_dag.py
[2025-01-23T14:59:31.138+0000] {processor.py:914} INFO - Processing file /home/airflow/.local/lib/python3.12/site-packages/airflow/example_dags/example_nested_branch_dag.py for tasks to queue
[2025-01-23T14:59:31.140+0000] {logging_mixin.py:190} INFO - [2025-01-23T14:59:31.140+0000] {dagbag.py:588} INFO - Filling up the DagBag from /home/airflow/.local/lib/python3.12/site-packages/airflow/example_dags/example_nested_branch_dag.py
[2025-01-23T14:59:31.156+0000] {processor.py:925} INFO - DAG(s) 'example_nested_branch_dag' retrieved from /home/airflow/.local/lib/python3.12/site-packages/airflow/example_dags/example_nested_branch_dag.py
[2025-01-23T14:59:31.187+0000] {logging_mixin.py:190} INFO - [2025-01-23T14:59:31.187+0000] {dag.py:3239} INFO - Sync 1 DAGs
[2025-01-23T14:59:31.222+0000] {logging_mixin.py:190} INFO - [2025-01-23T14:59:31.222+0000] {dag.py:4180} INFO - Setting next_dagrun for example_nested_branch_dag to 2025-01-22 00:00:00+00:00, run_after=2025-01-23 00:00:00+00:00
[2025-01-23T14:59:31.253+0000] {processor.py:208} INFO - Processing /home/airflow/.local/lib/python3.12/site-packages/airflow/example_dags/example_nested_branch_dag.py took 0.124 seconds
[2025-01-23T15:00:02.537+0000] {processor.py:186} INFO - Started process (PID=6007) to work on /home/airflow/.local/lib/python3.12/site-packages/airflow/example_dags/example_nested_branch_dag.py
[2025-01-23T15:00:02.538+0000] {processor.py:914} INFO - Processing file /home/airflow/.local/lib/python3.12/site-packages/airflow/example_dags/example_nested_branch_dag.py for tasks to queue
[2025-01-23T15:00:02.542+0000] {logging_mixin.py:190} INFO - [2025-01-23T15:00:02.541+0000] {dagbag.py:588} INFO - Filling up the DagBag from /home/airflow/.local/lib/python3.12/site-packages/airflow/example_dags/example_nested_branch_dag.py
[2025-01-23T15:00:02.562+0000] {processor.py:925} INFO - DAG(s) 'example_nested_branch_dag' retrieved from /home/airflow/.local/lib/python3.12/site-packages/airflow/example_dags/example_nested_branch_dag.py
[2025-01-23T15:00:02.589+0000] {logging_mixin.py:190} INFO - [2025-01-23T15:00:02.589+0000] {dag.py:3239} INFO - Sync 1 DAGs
[2025-01-23T15:00:02.619+0000] {logging_mixin.py:190} INFO - [2025-01-23T15:00:02.619+0000] {dag.py:4180} INFO - Setting next_dagrun for example_nested_branch_dag to 2025-01-22 00:00:00+00:00, run_after=2025-01-23 00:00:00+00:00
[2025-01-23T15:00:02.644+0000] {processor.py:208} INFO - Processing /home/airflow/.local/lib/python3.12/site-packages/airflow/example_dags/example_nested_branch_dag.py took 0.116 seconds
[2025-01-23T15:00:33.942+0000] {processor.py:186} INFO - Started process (PID=6303) to work on /home/airflow/.local/lib/python3.12/site-packages/airflow/example_dags/example_nested_branch_dag.py
[2025-01-23T15:00:33.945+0000] {processor.py:914} INFO - Processing file /home/airflow/.local/lib/python3.12/site-packages/airflow/example_dags/example_nested_branch_dag.py for tasks to queue
[2025-01-23T15:00:33.949+0000] {logging_mixin.py:190} INFO - [2025-01-23T15:00:33.948+0000] {dagbag.py:588} INFO - Filling up the DagBag from /home/airflow/.local/lib/python3.12/site-packages/airflow/example_dags/example_nested_branch_dag.py
[2025-01-23T15:00:33.968+0000] {processor.py:925} INFO - DAG(s) 'example_nested_branch_dag' retrieved from /home/airflow/.local/lib/python3.12/site-packages/airflow/example_dags/example_nested_branch_dag.py
[2025-01-23T15:00:34.009+0000] {logging_mixin.py:190} INFO - [2025-01-23T15:00:34.008+0000] {dag.py:3239} INFO - Sync 1 DAGs
[2025-01-23T15:00:34.048+0000] {logging_mixin.py:190} INFO - [2025-01-23T15:00:34.048+0000] {dag.py:4180} INFO - Setting next_dagrun for example_nested_branch_dag to 2025-01-22 00:00:00+00:00, run_after=2025-01-23 00:00:00+00:00
[2025-01-23T15:00:34.079+0000] {processor.py:208} INFO - Processing /home/airflow/.local/lib/python3.12/site-packages/airflow/example_dags/example_nested_branch_dag.py took 0.146 seconds
[2025-01-23T15:01:05.669+0000] {processor.py:186} INFO - Started process (PID=6599) to work on /home/airflow/.local/lib/python3.12/site-packages/airflow/example_dags/example_nested_branch_dag.py
[2025-01-23T15:01:05.671+0000] {processor.py:914} INFO - Processing file /home/airflow/.local/lib/python3.12/site-packages/airflow/example_dags/example_nested_branch_dag.py for tasks to queue
[2025-01-23T15:01:05.675+0000] {logging_mixin.py:190} INFO - [2025-01-23T15:01:05.675+0000] {dagbag.py:588} INFO - Filling up the DagBag from /home/airflow/.local/lib/python3.12/site-packages/airflow/example_dags/example_nested_branch_dag.py
[2025-01-23T15:01:05.699+0000] {processor.py:925} INFO - DAG(s) 'example_nested_branch_dag' retrieved from /home/airflow/.local/lib/python3.12/site-packages/airflow/example_dags/example_nested_branch_dag.py
[2025-01-23T15:01:05.739+0000] {logging_mixin.py:190} INFO - [2025-01-23T15:01:05.738+0000] {dag.py:3239} INFO - Sync 1 DAGs
[2025-01-23T15:01:05.787+0000] {logging_mixin.py:190} INFO - [2025-01-23T15:01:05.786+0000] {dag.py:4180} INFO - Setting next_dagrun for example_nested_branch_dag to 2025-01-22 00:00:00+00:00, run_after=2025-01-23 00:00:00+00:00
[2025-01-23T15:01:05.825+0000] {processor.py:208} INFO - Processing /home/airflow/.local/lib/python3.12/site-packages/airflow/example_dags/example_nested_branch_dag.py took 0.169 seconds
[2025-01-23T15:01:37.387+0000] {processor.py:186} INFO - Started process (PID=6895) to work on /home/airflow/.local/lib/python3.12/site-packages/airflow/example_dags/example_nested_branch_dag.py
[2025-01-23T15:01:37.389+0000] {processor.py:914} INFO - Processing file /home/airflow/.local/lib/python3.12/site-packages/airflow/example_dags/example_nested_branch_dag.py for tasks to queue
[2025-01-23T15:01:37.393+0000] {logging_mixin.py:190} INFO - [2025-01-23T15:01:37.393+0000] {dagbag.py:588} INFO - Filling up the DagBag from /home/airflow/.local/lib/python3.12/site-packages/airflow/example_dags/example_nested_branch_dag.py
[2025-01-23T15:01:37.416+0000] {processor.py:925} INFO - DAG(s) 'example_nested_branch_dag' retrieved from /home/airflow/.local/lib/python3.12/site-packages/airflow/example_dags/example_nested_branch_dag.py
[2025-01-23T15:01:37.462+0000] {logging_mixin.py:190} INFO - [2025-01-23T15:01:37.461+0000] {dag.py:3239} INFO - Sync 1 DAGs
[2025-01-23T15:01:37.526+0000] {logging_mixin.py:190} INFO - [2025-01-23T15:01:37.525+0000] {dag.py:4180} INFO - Setting next_dagrun for example_nested_branch_dag to 2025-01-22 00:00:00+00:00, run_after=2025-01-23 00:00:00+00:00
[2025-01-23T15:01:37.606+0000] {processor.py:208} INFO - Processing /home/airflow/.local/lib/python3.12/site-packages/airflow/example_dags/example_nested_branch_dag.py took 0.231 seconds
[2025-01-23T15:02:08.810+0000] {processor.py:186} INFO - Started process (PID=7196) to work on /home/airflow/.local/lib/python3.12/site-packages/airflow/example_dags/example_nested_branch_dag.py
[2025-01-23T15:02:08.812+0000] {processor.py:914} INFO - Processing file /home/airflow/.local/lib/python3.12/site-packages/airflow/example_dags/example_nested_branch_dag.py for tasks to queue
[2025-01-23T15:02:08.815+0000] {logging_mixin.py:190} INFO - [2025-01-23T15:02:08.814+0000] {dagbag.py:588} INFO - Filling up the DagBag from /home/airflow/.local/lib/python3.12/site-packages/airflow/example_dags/example_nested_branch_dag.py
[2025-01-23T15:02:08.830+0000] {processor.py:925} INFO - DAG(s) 'example_nested_branch_dag' retrieved from /home/airflow/.local/lib/python3.12/site-packages/airflow/example_dags/example_nested_branch_dag.py
[2025-01-23T15:02:08.861+0000] {logging_mixin.py:190} INFO - [2025-01-23T15:02:08.861+0000] {dag.py:3239} INFO - Sync 1 DAGs
[2025-01-23T15:02:08.896+0000] {logging_mixin.py:190} INFO - [2025-01-23T15:02:08.895+0000] {dag.py:4180} INFO - Setting next_dagrun for example_nested_branch_dag to 2025-01-22 00:00:00+00:00, run_after=2025-01-23 00:00:00+00:00
[2025-01-23T15:02:08.924+0000] {processor.py:208} INFO - Processing /home/airflow/.local/lib/python3.12/site-packages/airflow/example_dags/example_nested_branch_dag.py took 0.125 seconds
[2025-01-23T15:02:39.752+0000] {processor.py:186} INFO - Started process (PID=7492) to work on /home/airflow/.local/lib/python3.12/site-packages/airflow/example_dags/example_nested_branch_dag.py
[2025-01-23T15:02:39.754+0000] {processor.py:914} INFO - Processing file /home/airflow/.local/lib/python3.12/site-packages/airflow/example_dags/example_nested_branch_dag.py for tasks to queue
[2025-01-23T15:02:39.757+0000] {logging_mixin.py:190} INFO - [2025-01-23T15:02:39.757+0000] {dagbag.py:588} INFO - Filling up the DagBag from /home/airflow/.local/lib/python3.12/site-packages/airflow/example_dags/example_nested_branch_dag.py
[2025-01-23T15:02:39.772+0000] {processor.py:925} INFO - DAG(s) 'example_nested_branch_dag' retrieved from /home/airflow/.local/lib/python3.12/site-packages/airflow/example_dags/example_nested_branch_dag.py
[2025-01-23T15:02:39.804+0000] {logging_mixin.py:190} INFO - [2025-01-23T15:02:39.804+0000] {dag.py:3239} INFO - Sync 1 DAGs
[2025-01-23T15:02:39.837+0000] {logging_mixin.py:190} INFO - [2025-01-23T15:02:39.837+0000] {dag.py:4180} INFO - Setting next_dagrun for example_nested_branch_dag to 2025-01-22 00:00:00+00:00, run_after=2025-01-23 00:00:00+00:00
[2025-01-23T15:02:39.868+0000] {processor.py:208} INFO - Processing /home/airflow/.local/lib/python3.12/site-packages/airflow/example_dags/example_nested_branch_dag.py took 0.124 seconds
[2025-01-23T15:03:11.817+0000] {processor.py:186} INFO - Started process (PID=7788) to work on /home/airflow/.local/lib/python3.12/site-packages/airflow/example_dags/example_nested_branch_dag.py
[2025-01-23T15:03:11.819+0000] {processor.py:914} INFO - Processing file /home/airflow/.local/lib/python3.12/site-packages/airflow/example_dags/example_nested_branch_dag.py for tasks to queue
[2025-01-23T15:03:11.822+0000] {logging_mixin.py:190} INFO - [2025-01-23T15:03:11.821+0000] {dagbag.py:588} INFO - Filling up the DagBag from /home/airflow/.local/lib/python3.12/site-packages/airflow/example_dags/example_nested_branch_dag.py
[2025-01-23T15:03:11.839+0000] {processor.py:925} INFO - DAG(s) 'example_nested_branch_dag' retrieved from /home/airflow/.local/lib/python3.12/site-packages/airflow/example_dags/example_nested_branch_dag.py
[2025-01-23T15:03:11.869+0000] {logging_mixin.py:190} INFO - [2025-01-23T15:03:11.869+0000] {dag.py:3239} INFO - Sync 1 DAGs
[2025-01-23T15:03:11.906+0000] {logging_mixin.py:190} INFO - [2025-01-23T15:03:11.905+0000] {dag.py:4180} INFO - Setting next_dagrun for example_nested_branch_dag to 2025-01-22 00:00:00+00:00, run_after=2025-01-23 00:00:00+00:00
[2025-01-23T15:03:11.933+0000] {processor.py:208} INFO - Processing /home/airflow/.local/lib/python3.12/site-packages/airflow/example_dags/example_nested_branch_dag.py took 0.125 seconds
[2025-01-23T15:03:43.089+0000] {processor.py:186} INFO - Started process (PID=8084) to work on /home/airflow/.local/lib/python3.12/site-packages/airflow/example_dags/example_nested_branch_dag.py
[2025-01-23T15:03:43.091+0000] {processor.py:914} INFO - Processing file /home/airflow/.local/lib/python3.12/site-packages/airflow/example_dags/example_nested_branch_dag.py for tasks to queue
[2025-01-23T15:03:43.095+0000] {logging_mixin.py:190} INFO - [2025-01-23T15:03:43.094+0000] {dagbag.py:588} INFO - Filling up the DagBag from /home/airflow/.local/lib/python3.12/site-packages/airflow/example_dags/example_nested_branch_dag.py
[2025-01-23T15:03:43.109+0000] {processor.py:925} INFO - DAG(s) 'example_nested_branch_dag' retrieved from /home/airflow/.local/lib/python3.12/site-packages/airflow/example_dags/example_nested_branch_dag.py
[2025-01-23T15:03:43.139+0000] {logging_mixin.py:190} INFO - [2025-01-23T15:03:43.138+0000] {dag.py:3239} INFO - Sync 1 DAGs
[2025-01-23T15:03:43.170+0000] {logging_mixin.py:190} INFO - [2025-01-23T15:03:43.170+0000] {dag.py:4180} INFO - Setting next_dagrun for example_nested_branch_dag to 2025-01-22 00:00:00+00:00, run_after=2025-01-23 00:00:00+00:00
[2025-01-23T15:03:43.194+0000] {processor.py:208} INFO - Processing /home/airflow/.local/lib/python3.12/site-packages/airflow/example_dags/example_nested_branch_dag.py took 0.115 seconds
[2025-01-23T15:04:13.971+0000] {processor.py:186} INFO - Started process (PID=8377) to work on /home/airflow/.local/lib/python3.12/site-packages/airflow/example_dags/example_nested_branch_dag.py
[2025-01-23T15:04:13.973+0000] {processor.py:914} INFO - Processing file /home/airflow/.local/lib/python3.12/site-packages/airflow/example_dags/example_nested_branch_dag.py for tasks to queue
[2025-01-23T15:04:13.977+0000] {logging_mixin.py:190} INFO - [2025-01-23T15:04:13.977+0000] {dagbag.py:588} INFO - Filling up the DagBag from /home/airflow/.local/lib/python3.12/site-packages/airflow/example_dags/example_nested_branch_dag.py
[2025-01-23T15:04:13.993+0000] {processor.py:925} INFO - DAG(s) 'example_nested_branch_dag' retrieved from /home/airflow/.local/lib/python3.12/site-packages/airflow/example_dags/example_nested_branch_dag.py
[2025-01-23T15:04:14.023+0000] {logging_mixin.py:190} INFO - [2025-01-23T15:04:14.022+0000] {dag.py:3239} INFO - Sync 1 DAGs
[2025-01-23T15:04:14.057+0000] {logging_mixin.py:190} INFO - [2025-01-23T15:04:14.056+0000] {dag.py:4180} INFO - Setting next_dagrun for example_nested_branch_dag to 2025-01-22 00:00:00+00:00, run_after=2025-01-23 00:00:00+00:00
[2025-01-23T15:04:14.083+0000] {processor.py:208} INFO - Processing /home/airflow/.local/lib/python3.12/site-packages/airflow/example_dags/example_nested_branch_dag.py took 0.118 seconds
[2025-01-23T15:04:44.559+0000] {processor.py:186} INFO - Started process (PID=8676) to work on /home/airflow/.local/lib/python3.12/site-packages/airflow/example_dags/example_nested_branch_dag.py
[2025-01-23T15:04:44.560+0000] {processor.py:914} INFO - Processing file /home/airflow/.local/lib/python3.12/site-packages/airflow/example_dags/example_nested_branch_dag.py for tasks to queue
[2025-01-23T15:04:44.564+0000] {logging_mixin.py:190} INFO - [2025-01-23T15:04:44.563+0000] {dagbag.py:588} INFO - Filling up the DagBag from /home/airflow/.local/lib/python3.12/site-packages/airflow/example_dags/example_nested_branch_dag.py
[2025-01-23T15:04:44.579+0000] {processor.py:925} INFO - DAG(s) 'example_nested_branch_dag' retrieved from /home/airflow/.local/lib/python3.12/site-packages/airflow/example_dags/example_nested_branch_dag.py
[2025-01-23T15:04:44.611+0000] {logging_mixin.py:190} INFO - [2025-01-23T15:04:44.611+0000] {dag.py:3239} INFO - Sync 1 DAGs
[2025-01-23T15:04:44.648+0000] {logging_mixin.py:190} INFO - [2025-01-23T15:04:44.648+0000] {dag.py:4180} INFO - Setting next_dagrun for example_nested_branch_dag to 2025-01-22 00:00:00+00:00, run_after=2025-01-23 00:00:00+00:00
[2025-01-23T15:04:44.674+0000] {processor.py:208} INFO - Processing /home/airflow/.local/lib/python3.12/site-packages/airflow/example_dags/example_nested_branch_dag.py took 0.123 seconds
[2025-01-23T15:05:15.514+0000] {processor.py:186} INFO - Started process (PID=8967) to work on /home/airflow/.local/lib/python3.12/site-packages/airflow/example_dags/example_nested_branch_dag.py
[2025-01-23T15:05:15.515+0000] {processor.py:914} INFO - Processing file /home/airflow/.local/lib/python3.12/site-packages/airflow/example_dags/example_nested_branch_dag.py for tasks to queue
[2025-01-23T15:05:15.518+0000] {logging_mixin.py:190} INFO - [2025-01-23T15:05:15.517+0000] {dagbag.py:588} INFO - Filling up the DagBag from /home/airflow/.local/lib/python3.12/site-packages/airflow/example_dags/example_nested_branch_dag.py
[2025-01-23T15:05:15.534+0000] {processor.py:925} INFO - DAG(s) 'example_nested_branch_dag' retrieved from /home/airflow/.local/lib/python3.12/site-packages/airflow/example_dags/example_nested_branch_dag.py
[2025-01-23T15:05:15.562+0000] {logging_mixin.py:190} INFO - [2025-01-23T15:05:15.562+0000] {dag.py:3239} INFO - Sync 1 DAGs
[2025-01-23T15:05:15.595+0000] {logging_mixin.py:190} INFO - [2025-01-23T15:05:15.595+0000] {dag.py:4180} INFO - Setting next_dagrun for example_nested_branch_dag to 2025-01-22 00:00:00+00:00, run_after=2025-01-23 00:00:00+00:00
[2025-01-23T15:05:15.619+0000] {processor.py:208} INFO - Processing /home/airflow/.local/lib/python3.12/site-packages/airflow/example_dags/example_nested_branch_dag.py took 0.113 seconds
[2025-01-23T15:05:46.932+0000] {processor.py:186} INFO - Started process (PID=9268) to work on /home/airflow/.local/lib/python3.12/site-packages/airflow/example_dags/example_nested_branch_dag.py
[2025-01-23T15:05:46.934+0000] {processor.py:914} INFO - Processing file /home/airflow/.local/lib/python3.12/site-packages/airflow/example_dags/example_nested_branch_dag.py for tasks to queue
[2025-01-23T15:05:46.937+0000] {logging_mixin.py:190} INFO - [2025-01-23T15:05:46.936+0000] {dagbag.py:588} INFO - Filling up the DagBag from /home/airflow/.local/lib/python3.12/site-packages/airflow/example_dags/example_nested_branch_dag.py
[2025-01-23T15:05:46.951+0000] {processor.py:925} INFO - DAG(s) 'example_nested_branch_dag' retrieved from /home/airflow/.local/lib/python3.12/site-packages/airflow/example_dags/example_nested_branch_dag.py
[2025-01-23T15:05:46.980+0000] {logging_mixin.py:190} INFO - [2025-01-23T15:05:46.979+0000] {dag.py:3239} INFO - Sync 1 DAGs
[2025-01-23T15:05:47.014+0000] {logging_mixin.py:190} INFO - [2025-01-23T15:05:47.014+0000] {dag.py:4180} INFO - Setting next_dagrun for example_nested_branch_dag to 2025-01-22 00:00:00+00:00, run_after=2025-01-23 00:00:00+00:00
[2025-01-23T15:05:47.036+0000] {processor.py:208} INFO - Processing /home/airflow/.local/lib/python3.12/site-packages/airflow/example_dags/example_nested_branch_dag.py took 0.113 seconds
[2025-01-23T15:06:17.362+0000] {processor.py:186} INFO - Started process (PID=9563) to work on /home/airflow/.local/lib/python3.12/site-packages/airflow/example_dags/example_nested_branch_dag.py
[2025-01-23T15:06:17.364+0000] {processor.py:914} INFO - Processing file /home/airflow/.local/lib/python3.12/site-packages/airflow/example_dags/example_nested_branch_dag.py for tasks to queue
[2025-01-23T15:06:17.368+0000] {logging_mixin.py:190} INFO - [2025-01-23T15:06:17.367+0000] {dagbag.py:588} INFO - Filling up the DagBag from /home/airflow/.local/lib/python3.12/site-packages/airflow/example_dags/example_nested_branch_dag.py
[2025-01-23T15:06:17.382+0000] {processor.py:925} INFO - DAG(s) 'example_nested_branch_dag' retrieved from /home/airflow/.local/lib/python3.12/site-packages/airflow/example_dags/example_nested_branch_dag.py
[2025-01-23T15:06:17.411+0000] {logging_mixin.py:190} INFO - [2025-01-23T15:06:17.410+0000] {dag.py:3239} INFO - Sync 1 DAGs
[2025-01-23T15:06:17.457+0000] {logging_mixin.py:190} INFO - [2025-01-23T15:06:17.456+0000] {dag.py:4180} INFO - Setting next_dagrun for example_nested_branch_dag to 2025-01-22 00:00:00+00:00, run_after=2025-01-23 00:00:00+00:00
[2025-01-23T15:06:17.488+0000] {processor.py:208} INFO - Processing /home/airflow/.local/lib/python3.12/site-packages/airflow/example_dags/example_nested_branch_dag.py took 0.133 seconds
[2025-01-23T15:06:48.720+0000] {processor.py:186} INFO - Started process (PID=9859) to work on /home/airflow/.local/lib/python3.12/site-packages/airflow/example_dags/example_nested_branch_dag.py
[2025-01-23T15:06:48.722+0000] {processor.py:914} INFO - Processing file /home/airflow/.local/lib/python3.12/site-packages/airflow/example_dags/example_nested_branch_dag.py for tasks to queue
[2025-01-23T15:06:48.730+0000] {logging_mixin.py:190} INFO - [2025-01-23T15:06:48.727+0000] {dagbag.py:588} INFO - Filling up the DagBag from /home/airflow/.local/lib/python3.12/site-packages/airflow/example_dags/example_nested_branch_dag.py
[2025-01-23T15:06:48.751+0000] {processor.py:925} INFO - DAG(s) 'example_nested_branch_dag' retrieved from /home/airflow/.local/lib/python3.12/site-packages/airflow/example_dags/example_nested_branch_dag.py
[2025-01-23T15:06:48.791+0000] {logging_mixin.py:190} INFO - [2025-01-23T15:06:48.791+0000] {dag.py:3239} INFO - Sync 1 DAGs
[2025-01-23T15:06:48.835+0000] {logging_mixin.py:190} INFO - [2025-01-23T15:06:48.835+0000] {dag.py:4180} INFO - Setting next_dagrun for example_nested_branch_dag to 2025-01-22 00:00:00+00:00, run_after=2025-01-23 00:00:00+00:00
[2025-01-23T15:06:48.874+0000] {processor.py:208} INFO - Processing /home/airflow/.local/lib/python3.12/site-packages/airflow/example_dags/example_nested_branch_dag.py took 0.167 seconds
[2025-01-23T15:07:19.891+0000] {processor.py:186} INFO - Started process (PID=10155) to work on /home/airflow/.local/lib/python3.12/site-packages/airflow/example_dags/example_nested_branch_dag.py
[2025-01-23T15:07:19.893+0000] {processor.py:914} INFO - Processing file /home/airflow/.local/lib/python3.12/site-packages/airflow/example_dags/example_nested_branch_dag.py for tasks to queue
[2025-01-23T15:07:19.897+0000] {logging_mixin.py:190} INFO - [2025-01-23T15:07:19.896+0000] {dagbag.py:588} INFO - Filling up the DagBag from /home/airflow/.local/lib/python3.12/site-packages/airflow/example_dags/example_nested_branch_dag.py
[2025-01-23T15:07:19.915+0000] {processor.py:925} INFO - DAG(s) 'example_nested_branch_dag' retrieved from /home/airflow/.local/lib/python3.12/site-packages/airflow/example_dags/example_nested_branch_dag.py
[2025-01-23T15:07:19.952+0000] {logging_mixin.py:190} INFO - [2025-01-23T15:07:19.951+0000] {dag.py:3239} INFO - Sync 1 DAGs
[2025-01-23T15:07:19.991+0000] {logging_mixin.py:190} INFO - [2025-01-23T15:07:19.990+0000] {dag.py:4180} INFO - Setting next_dagrun for example_nested_branch_dag to 2025-01-22 00:00:00+00:00, run_after=2025-01-23 00:00:00+00:00
[2025-01-23T15:07:20.021+0000] {processor.py:208} INFO - Processing /home/airflow/.local/lib/python3.12/site-packages/airflow/example_dags/example_nested_branch_dag.py took 0.141 seconds
[2025-01-23T15:07:50.485+0000] {processor.py:186} INFO - Started process (PID=10446) to work on /home/airflow/.local/lib/python3.12/site-packages/airflow/example_dags/example_nested_branch_dag.py
[2025-01-23T15:07:50.490+0000] {processor.py:914} INFO - Processing file /home/airflow/.local/lib/python3.12/site-packages/airflow/example_dags/example_nested_branch_dag.py for tasks to queue
[2025-01-23T15:07:50.495+0000] {logging_mixin.py:190} INFO - [2025-01-23T15:07:50.494+0000] {dagbag.py:588} INFO - Filling up the DagBag from /home/airflow/.local/lib/python3.12/site-packages/airflow/example_dags/example_nested_branch_dag.py
[2025-01-23T15:07:50.515+0000] {processor.py:925} INFO - DAG(s) 'example_nested_branch_dag' retrieved from /home/airflow/.local/lib/python3.12/site-packages/airflow/example_dags/example_nested_branch_dag.py
[2025-01-23T15:07:50.556+0000] {logging_mixin.py:190} INFO - [2025-01-23T15:07:50.556+0000] {dag.py:3239} INFO - Sync 1 DAGs
[2025-01-23T15:07:50.602+0000] {logging_mixin.py:190} INFO - [2025-01-23T15:07:50.602+0000] {dag.py:4180} INFO - Setting next_dagrun for example_nested_branch_dag to 2025-01-22 00:00:00+00:00, run_after=2025-01-23 00:00:00+00:00
[2025-01-23T15:07:50.637+0000] {processor.py:208} INFO - Processing /home/airflow/.local/lib/python3.12/site-packages/airflow/example_dags/example_nested_branch_dag.py took 0.162 seconds
