[2025-01-23T14:50:09.788+0000] {processor.py:186} INFO - Started process (PID=417) to work on /home/airflow/.local/lib/python3.12/site-packages/airflow/example_dags/example_complex.py
[2025-01-23T14:50:09.789+0000] {processor.py:914} INFO - Processing file /home/airflow/.local/lib/python3.12/site-packages/airflow/example_dags/example_complex.py for tasks to queue
[2025-01-23T14:50:09.791+0000] {logging_mixin.py:190} INFO - [2025-01-23T14:50:09.791+0000] {dagbag.py:588} INFO - Filling up the DagBag from /home/airflow/.local/lib/python3.12/site-packages/airflow/example_dags/example_complex.py
[2025-01-23T14:50:09.804+0000] {processor.py:925} INFO - DAG(s) 'example_complex' retrieved from /home/airflow/.local/lib/python3.12/site-packages/airflow/example_dags/example_complex.py
[2025-01-23T14:50:09.841+0000] {logging_mixin.py:190} INFO - [2025-01-23T14:50:09.840+0000] {dag.py:3239} INFO - Sync 1 DAGs
[2025-01-23T14:50:09.860+0000] {logging_mixin.py:190} INFO - [2025-01-23T14:50:09.859+0000] {dag.py:4180} INFO - Setting next_dagrun for example_complex to None, run_after=None
[2025-01-23T14:50:09.890+0000] {processor.py:208} INFO - Processing /home/airflow/.local/lib/python3.12/site-packages/airflow/example_dags/example_complex.py took 0.109 seconds
[2025-01-23T14:50:40.683+0000] {processor.py:186} INFO - Started process (PID=713) to work on /home/airflow/.local/lib/python3.12/site-packages/airflow/example_dags/example_complex.py
[2025-01-23T14:50:40.684+0000] {processor.py:914} INFO - Processing file /home/airflow/.local/lib/python3.12/site-packages/airflow/example_dags/example_complex.py for tasks to queue
[2025-01-23T14:50:40.686+0000] {logging_mixin.py:190} INFO - [2025-01-23T14:50:40.685+0000] {dagbag.py:588} INFO - Filling up the DagBag from /home/airflow/.local/lib/python3.12/site-packages/airflow/example_dags/example_complex.py
[2025-01-23T14:50:40.696+0000] {processor.py:925} INFO - DAG(s) 'example_complex' retrieved from /home/airflow/.local/lib/python3.12/site-packages/airflow/example_dags/example_complex.py
[2025-01-23T14:50:40.722+0000] {logging_mixin.py:190} INFO - [2025-01-23T14:50:40.722+0000] {dag.py:3239} INFO - Sync 1 DAGs
[2025-01-23T14:50:40.736+0000] {logging_mixin.py:190} INFO - [2025-01-23T14:50:40.736+0000] {dag.py:4180} INFO - Setting next_dagrun for example_complex to None, run_after=None
[2025-01-23T14:50:40.754+0000] {processor.py:208} INFO - Processing /home/airflow/.local/lib/python3.12/site-packages/airflow/example_dags/example_complex.py took 0.076 seconds
[2025-01-23T14:51:12.253+0000] {processor.py:186} INFO - Started process (PID=1009) to work on /home/airflow/.local/lib/python3.12/site-packages/airflow/example_dags/example_complex.py
[2025-01-23T14:51:12.254+0000] {processor.py:914} INFO - Processing file /home/airflow/.local/lib/python3.12/site-packages/airflow/example_dags/example_complex.py for tasks to queue
[2025-01-23T14:51:12.256+0000] {logging_mixin.py:190} INFO - [2025-01-23T14:51:12.256+0000] {dagbag.py:588} INFO - Filling up the DagBag from /home/airflow/.local/lib/python3.12/site-packages/airflow/example_dags/example_complex.py
[2025-01-23T14:51:12.267+0000] {processor.py:925} INFO - DAG(s) 'example_complex' retrieved from /home/airflow/.local/lib/python3.12/site-packages/airflow/example_dags/example_complex.py
[2025-01-23T14:51:12.293+0000] {logging_mixin.py:190} INFO - [2025-01-23T14:51:12.293+0000] {dag.py:3239} INFO - Sync 1 DAGs
[2025-01-23T14:51:12.306+0000] {logging_mixin.py:190} INFO - [2025-01-23T14:51:12.306+0000] {dag.py:4180} INFO - Setting next_dagrun for example_complex to None, run_after=None
[2025-01-23T14:51:12.324+0000] {processor.py:208} INFO - Processing /home/airflow/.local/lib/python3.12/site-packages/airflow/example_dags/example_complex.py took 0.076 seconds
[2025-01-23T14:51:43.454+0000] {processor.py:186} INFO - Started process (PID=1305) to work on /home/airflow/.local/lib/python3.12/site-packages/airflow/example_dags/example_complex.py
[2025-01-23T14:51:43.455+0000] {processor.py:914} INFO - Processing file /home/airflow/.local/lib/python3.12/site-packages/airflow/example_dags/example_complex.py for tasks to queue
[2025-01-23T14:51:43.456+0000] {logging_mixin.py:190} INFO - [2025-01-23T14:51:43.456+0000] {dagbag.py:588} INFO - Filling up the DagBag from /home/airflow/.local/lib/python3.12/site-packages/airflow/example_dags/example_complex.py
[2025-01-23T14:51:43.467+0000] {processor.py:925} INFO - DAG(s) 'example_complex' retrieved from /home/airflow/.local/lib/python3.12/site-packages/airflow/example_dags/example_complex.py
[2025-01-23T14:51:43.493+0000] {logging_mixin.py:190} INFO - [2025-01-23T14:51:43.493+0000] {dag.py:3239} INFO - Sync 1 DAGs
[2025-01-23T14:51:43.508+0000] {logging_mixin.py:190} INFO - [2025-01-23T14:51:43.507+0000] {dag.py:4180} INFO - Setting next_dagrun for example_complex to None, run_after=None
[2025-01-23T14:51:43.524+0000] {processor.py:208} INFO - Processing /home/airflow/.local/lib/python3.12/site-packages/airflow/example_dags/example_complex.py took 0.076 seconds
[2025-01-23T14:52:14.823+0000] {processor.py:186} INFO - Started process (PID=1601) to work on /home/airflow/.local/lib/python3.12/site-packages/airflow/example_dags/example_complex.py
[2025-01-23T14:52:14.824+0000] {processor.py:914} INFO - Processing file /home/airflow/.local/lib/python3.12/site-packages/airflow/example_dags/example_complex.py for tasks to queue
[2025-01-23T14:52:14.827+0000] {logging_mixin.py:190} INFO - [2025-01-23T14:52:14.826+0000] {dagbag.py:588} INFO - Filling up the DagBag from /home/airflow/.local/lib/python3.12/site-packages/airflow/example_dags/example_complex.py
[2025-01-23T14:52:14.838+0000] {processor.py:925} INFO - DAG(s) 'example_complex' retrieved from /home/airflow/.local/lib/python3.12/site-packages/airflow/example_dags/example_complex.py
[2025-01-23T14:52:14.866+0000] {logging_mixin.py:190} INFO - [2025-01-23T14:52:14.866+0000] {dag.py:3239} INFO - Sync 1 DAGs
[2025-01-23T14:52:14.880+0000] {logging_mixin.py:190} INFO - [2025-01-23T14:52:14.879+0000] {dag.py:4180} INFO - Setting next_dagrun for example_complex to None, run_after=None
[2025-01-23T14:52:14.899+0000] {processor.py:208} INFO - Processing /home/airflow/.local/lib/python3.12/site-packages/airflow/example_dags/example_complex.py took 0.082 seconds
[2025-01-23T14:52:47.301+0000] {processor.py:186} INFO - Started process (PID=1899) to work on /home/airflow/.local/lib/python3.12/site-packages/airflow/example_dags/example_complex.py
[2025-01-23T14:52:47.302+0000] {processor.py:914} INFO - Processing file /home/airflow/.local/lib/python3.12/site-packages/airflow/example_dags/example_complex.py for tasks to queue
[2025-01-23T14:52:47.304+0000] {logging_mixin.py:190} INFO - [2025-01-23T14:52:47.304+0000] {dagbag.py:588} INFO - Filling up the DagBag from /home/airflow/.local/lib/python3.12/site-packages/airflow/example_dags/example_complex.py
[2025-01-23T14:52:47.323+0000] {processor.py:925} INFO - DAG(s) 'example_complex' retrieved from /home/airflow/.local/lib/python3.12/site-packages/airflow/example_dags/example_complex.py
[2025-01-23T14:52:47.358+0000] {logging_mixin.py:190} INFO - [2025-01-23T14:52:47.358+0000] {dag.py:3239} INFO - Sync 1 DAGs
[2025-01-23T14:52:47.374+0000] {logging_mixin.py:190} INFO - [2025-01-23T14:52:47.374+0000] {dag.py:4180} INFO - Setting next_dagrun for example_complex to None, run_after=None
[2025-01-23T14:52:47.392+0000] {processor.py:208} INFO - Processing /home/airflow/.local/lib/python3.12/site-packages/airflow/example_dags/example_complex.py took 0.097 seconds
[2025-01-23T14:53:18.014+0000] {processor.py:186} INFO - Started process (PID=2193) to work on /home/airflow/.local/lib/python3.12/site-packages/airflow/example_dags/example_complex.py
[2025-01-23T14:53:18.015+0000] {processor.py:914} INFO - Processing file /home/airflow/.local/lib/python3.12/site-packages/airflow/example_dags/example_complex.py for tasks to queue
[2025-01-23T14:53:18.017+0000] {logging_mixin.py:190} INFO - [2025-01-23T14:53:18.017+0000] {dagbag.py:588} INFO - Filling up the DagBag from /home/airflow/.local/lib/python3.12/site-packages/airflow/example_dags/example_complex.py
[2025-01-23T14:53:18.027+0000] {processor.py:925} INFO - DAG(s) 'example_complex' retrieved from /home/airflow/.local/lib/python3.12/site-packages/airflow/example_dags/example_complex.py
[2025-01-23T14:53:18.064+0000] {logging_mixin.py:190} INFO - [2025-01-23T14:53:18.064+0000] {dag.py:3239} INFO - Sync 1 DAGs
[2025-01-23T14:53:18.091+0000] {logging_mixin.py:190} INFO - [2025-01-23T14:53:18.091+0000] {dag.py:4180} INFO - Setting next_dagrun for example_complex to None, run_after=None
[2025-01-23T14:53:18.117+0000] {processor.py:208} INFO - Processing /home/airflow/.local/lib/python3.12/site-packages/airflow/example_dags/example_complex.py took 0.108 seconds
[2025-01-23T14:53:48.414+0000] {processor.py:186} INFO - Started process (PID=2484) to work on /home/airflow/.local/lib/python3.12/site-packages/airflow/example_dags/example_complex.py
[2025-01-23T14:53:48.415+0000] {processor.py:914} INFO - Processing file /home/airflow/.local/lib/python3.12/site-packages/airflow/example_dags/example_complex.py for tasks to queue
[2025-01-23T14:53:48.417+0000] {logging_mixin.py:190} INFO - [2025-01-23T14:53:48.417+0000] {dagbag.py:588} INFO - Filling up the DagBag from /home/airflow/.local/lib/python3.12/site-packages/airflow/example_dags/example_complex.py
[2025-01-23T14:53:48.427+0000] {processor.py:925} INFO - DAG(s) 'example_complex' retrieved from /home/airflow/.local/lib/python3.12/site-packages/airflow/example_dags/example_complex.py
[2025-01-23T14:53:48.453+0000] {logging_mixin.py:190} INFO - [2025-01-23T14:53:48.452+0000] {dag.py:3239} INFO - Sync 1 DAGs
[2025-01-23T14:53:48.465+0000] {logging_mixin.py:190} INFO - [2025-01-23T14:53:48.465+0000] {dag.py:4180} INFO - Setting next_dagrun for example_complex to None, run_after=None
[2025-01-23T14:53:48.481+0000] {processor.py:208} INFO - Processing /home/airflow/.local/lib/python3.12/site-packages/airflow/example_dags/example_complex.py took 0.073 seconds
[2025-01-23T14:54:19.095+0000] {processor.py:186} INFO - Started process (PID=2780) to work on /home/airflow/.local/lib/python3.12/site-packages/airflow/example_dags/example_complex.py
[2025-01-23T14:54:19.096+0000] {processor.py:914} INFO - Processing file /home/airflow/.local/lib/python3.12/site-packages/airflow/example_dags/example_complex.py for tasks to queue
[2025-01-23T14:54:19.098+0000] {logging_mixin.py:190} INFO - [2025-01-23T14:54:19.098+0000] {dagbag.py:588} INFO - Filling up the DagBag from /home/airflow/.local/lib/python3.12/site-packages/airflow/example_dags/example_complex.py
[2025-01-23T14:54:19.108+0000] {processor.py:925} INFO - DAG(s) 'example_complex' retrieved from /home/airflow/.local/lib/python3.12/site-packages/airflow/example_dags/example_complex.py
[2025-01-23T14:54:19.135+0000] {logging_mixin.py:190} INFO - [2025-01-23T14:54:19.134+0000] {dag.py:3239} INFO - Sync 1 DAGs
[2025-01-23T14:54:19.147+0000] {logging_mixin.py:190} INFO - [2025-01-23T14:54:19.147+0000] {dag.py:4180} INFO - Setting next_dagrun for example_complex to None, run_after=None
[2025-01-23T14:54:19.164+0000] {processor.py:208} INFO - Processing /home/airflow/.local/lib/python3.12/site-packages/airflow/example_dags/example_complex.py took 0.074 seconds
[2025-01-23T14:54:49.961+0000] {processor.py:186} INFO - Started process (PID=3076) to work on /home/airflow/.local/lib/python3.12/site-packages/airflow/example_dags/example_complex.py
[2025-01-23T14:54:49.962+0000] {processor.py:914} INFO - Processing file /home/airflow/.local/lib/python3.12/site-packages/airflow/example_dags/example_complex.py for tasks to queue
[2025-01-23T14:54:49.964+0000] {logging_mixin.py:190} INFO - [2025-01-23T14:54:49.964+0000] {dagbag.py:588} INFO - Filling up the DagBag from /home/airflow/.local/lib/python3.12/site-packages/airflow/example_dags/example_complex.py
[2025-01-23T14:54:49.974+0000] {processor.py:925} INFO - DAG(s) 'example_complex' retrieved from /home/airflow/.local/lib/python3.12/site-packages/airflow/example_dags/example_complex.py
[2025-01-23T14:54:50.000+0000] {logging_mixin.py:190} INFO - [2025-01-23T14:54:50.000+0000] {dag.py:3239} INFO - Sync 1 DAGs
[2025-01-23T14:54:50.013+0000] {logging_mixin.py:190} INFO - [2025-01-23T14:54:50.013+0000] {dag.py:4180} INFO - Setting next_dagrun for example_complex to None, run_after=None
[2025-01-23T14:54:50.029+0000] {processor.py:208} INFO - Processing /home/airflow/.local/lib/python3.12/site-packages/airflow/example_dags/example_complex.py took 0.074 seconds
[2025-01-23T14:55:20.522+0000] {processor.py:186} INFO - Started process (PID=3372) to work on /home/airflow/.local/lib/python3.12/site-packages/airflow/example_dags/example_complex.py
[2025-01-23T14:55:20.523+0000] {processor.py:914} INFO - Processing file /home/airflow/.local/lib/python3.12/site-packages/airflow/example_dags/example_complex.py for tasks to queue
[2025-01-23T14:55:20.525+0000] {logging_mixin.py:190} INFO - [2025-01-23T14:55:20.525+0000] {dagbag.py:588} INFO - Filling up the DagBag from /home/airflow/.local/lib/python3.12/site-packages/airflow/example_dags/example_complex.py
[2025-01-23T14:55:20.535+0000] {processor.py:925} INFO - DAG(s) 'example_complex' retrieved from /home/airflow/.local/lib/python3.12/site-packages/airflow/example_dags/example_complex.py
[2025-01-23T14:55:20.561+0000] {logging_mixin.py:190} INFO - [2025-01-23T14:55:20.561+0000] {dag.py:3239} INFO - Sync 1 DAGs
[2025-01-23T14:55:20.573+0000] {logging_mixin.py:190} INFO - [2025-01-23T14:55:20.573+0000] {dag.py:4180} INFO - Setting next_dagrun for example_complex to None, run_after=None
[2025-01-23T14:55:20.590+0000] {processor.py:208} INFO - Processing /home/airflow/.local/lib/python3.12/site-packages/airflow/example_dags/example_complex.py took 0.073 seconds
[2025-01-23T14:55:51.684+0000] {processor.py:186} INFO - Started process (PID=3668) to work on /home/airflow/.local/lib/python3.12/site-packages/airflow/example_dags/example_complex.py
[2025-01-23T14:55:51.685+0000] {processor.py:914} INFO - Processing file /home/airflow/.local/lib/python3.12/site-packages/airflow/example_dags/example_complex.py for tasks to queue
[2025-01-23T14:55:51.687+0000] {logging_mixin.py:190} INFO - [2025-01-23T14:55:51.687+0000] {dagbag.py:588} INFO - Filling up the DagBag from /home/airflow/.local/lib/python3.12/site-packages/airflow/example_dags/example_complex.py
[2025-01-23T14:55:51.697+0000] {processor.py:925} INFO - DAG(s) 'example_complex' retrieved from /home/airflow/.local/lib/python3.12/site-packages/airflow/example_dags/example_complex.py
[2025-01-23T14:55:51.724+0000] {logging_mixin.py:190} INFO - [2025-01-23T14:55:51.724+0000] {dag.py:3239} INFO - Sync 1 DAGs
[2025-01-23T14:55:51.737+0000] {logging_mixin.py:190} INFO - [2025-01-23T14:55:51.736+0000] {dag.py:4180} INFO - Setting next_dagrun for example_complex to None, run_after=None
[2025-01-23T14:55:51.753+0000] {processor.py:208} INFO - Processing /home/airflow/.local/lib/python3.12/site-packages/airflow/example_dags/example_complex.py took 0.074 seconds
[2025-01-23T14:56:23.821+0000] {processor.py:186} INFO - Started process (PID=3969) to work on /home/airflow/.local/lib/python3.12/site-packages/airflow/example_dags/example_complex.py
[2025-01-23T14:56:23.823+0000] {processor.py:914} INFO - Processing file /home/airflow/.local/lib/python3.12/site-packages/airflow/example_dags/example_complex.py for tasks to queue
[2025-01-23T14:56:23.826+0000] {logging_mixin.py:190} INFO - [2025-01-23T14:56:23.825+0000] {dagbag.py:588} INFO - Filling up the DagBag from /home/airflow/.local/lib/python3.12/site-packages/airflow/example_dags/example_complex.py
[2025-01-23T14:56:23.841+0000] {processor.py:925} INFO - DAG(s) 'example_complex' retrieved from /home/airflow/.local/lib/python3.12/site-packages/airflow/example_dags/example_complex.py
[2025-01-23T14:56:23.885+0000] {logging_mixin.py:190} INFO - [2025-01-23T14:56:23.885+0000] {dag.py:3239} INFO - Sync 1 DAGs
[2025-01-23T14:56:23.905+0000] {logging_mixin.py:190} INFO - [2025-01-23T14:56:23.905+0000] {dag.py:4180} INFO - Setting next_dagrun for example_complex to None, run_after=None
[2025-01-23T14:56:23.931+0000] {processor.py:208} INFO - Processing /home/airflow/.local/lib/python3.12/site-packages/airflow/example_dags/example_complex.py took 0.118 seconds
[2025-01-23T14:56:55.143+0000] {processor.py:186} INFO - Started process (PID=4265) to work on /home/airflow/.local/lib/python3.12/site-packages/airflow/example_dags/example_complex.py
[2025-01-23T14:56:55.144+0000] {processor.py:914} INFO - Processing file /home/airflow/.local/lib/python3.12/site-packages/airflow/example_dags/example_complex.py for tasks to queue
[2025-01-23T14:56:55.147+0000] {logging_mixin.py:190} INFO - [2025-01-23T14:56:55.147+0000] {dagbag.py:588} INFO - Filling up the DagBag from /home/airflow/.local/lib/python3.12/site-packages/airflow/example_dags/example_complex.py
[2025-01-23T14:56:55.162+0000] {processor.py:925} INFO - DAG(s) 'example_complex' retrieved from /home/airflow/.local/lib/python3.12/site-packages/airflow/example_dags/example_complex.py
[2025-01-23T14:56:55.205+0000] {logging_mixin.py:190} INFO - [2025-01-23T14:56:55.205+0000] {dag.py:3239} INFO - Sync 1 DAGs
[2025-01-23T14:56:55.225+0000] {logging_mixin.py:190} INFO - [2025-01-23T14:56:55.224+0000] {dag.py:4180} INFO - Setting next_dagrun for example_complex to None, run_after=None
[2025-01-23T14:56:55.251+0000] {processor.py:208} INFO - Processing /home/airflow/.local/lib/python3.12/site-packages/airflow/example_dags/example_complex.py took 0.117 seconds
[2025-01-23T14:57:26.270+0000] {processor.py:186} INFO - Started process (PID=4567) to work on /home/airflow/.local/lib/python3.12/site-packages/airflow/example_dags/example_complex.py
[2025-01-23T14:57:26.272+0000] {processor.py:914} INFO - Processing file /home/airflow/.local/lib/python3.12/site-packages/airflow/example_dags/example_complex.py for tasks to queue
[2025-01-23T14:57:26.274+0000] {logging_mixin.py:190} INFO - [2025-01-23T14:57:26.273+0000] {dagbag.py:588} INFO - Filling up the DagBag from /home/airflow/.local/lib/python3.12/site-packages/airflow/example_dags/example_complex.py
[2025-01-23T14:57:26.292+0000] {processor.py:925} INFO - DAG(s) 'example_complex' retrieved from /home/airflow/.local/lib/python3.12/site-packages/airflow/example_dags/example_complex.py
[2025-01-23T14:57:26.338+0000] {logging_mixin.py:190} INFO - [2025-01-23T14:57:26.338+0000] {dag.py:3239} INFO - Sync 1 DAGs
[2025-01-23T14:57:26.362+0000] {logging_mixin.py:190} INFO - [2025-01-23T14:57:26.362+0000] {dag.py:4180} INFO - Setting next_dagrun for example_complex to None, run_after=None
[2025-01-23T14:57:26.386+0000] {processor.py:208} INFO - Processing /home/airflow/.local/lib/python3.12/site-packages/airflow/example_dags/example_complex.py took 0.124 seconds
[2025-01-23T14:57:57.685+0000] {processor.py:186} INFO - Started process (PID=4863) to work on /home/airflow/.local/lib/python3.12/site-packages/airflow/example_dags/example_complex.py
[2025-01-23T14:57:57.687+0000] {processor.py:914} INFO - Processing file /home/airflow/.local/lib/python3.12/site-packages/airflow/example_dags/example_complex.py for tasks to queue
[2025-01-23T14:57:57.689+0000] {logging_mixin.py:190} INFO - [2025-01-23T14:57:57.689+0000] {dagbag.py:588} INFO - Filling up the DagBag from /home/airflow/.local/lib/python3.12/site-packages/airflow/example_dags/example_complex.py
[2025-01-23T14:57:57.705+0000] {processor.py:925} INFO - DAG(s) 'example_complex' retrieved from /home/airflow/.local/lib/python3.12/site-packages/airflow/example_dags/example_complex.py
[2025-01-23T14:57:57.744+0000] {logging_mixin.py:190} INFO - [2025-01-23T14:57:57.743+0000] {dag.py:3239} INFO - Sync 1 DAGs
[2025-01-23T14:57:57.765+0000] {logging_mixin.py:190} INFO - [2025-01-23T14:57:57.765+0000] {dag.py:4180} INFO - Setting next_dagrun for example_complex to None, run_after=None
[2025-01-23T14:57:57.794+0000] {processor.py:208} INFO - Processing /home/airflow/.local/lib/python3.12/site-packages/airflow/example_dags/example_complex.py took 0.117 seconds
[2025-01-23T14:58:29.157+0000] {processor.py:186} INFO - Started process (PID=5154) to work on /home/airflow/.local/lib/python3.12/site-packages/airflow/example_dags/example_complex.py
[2025-01-23T14:58:29.159+0000] {processor.py:914} INFO - Processing file /home/airflow/.local/lib/python3.12/site-packages/airflow/example_dags/example_complex.py for tasks to queue
[2025-01-23T14:58:29.162+0000] {logging_mixin.py:190} INFO - [2025-01-23T14:58:29.161+0000] {dagbag.py:588} INFO - Filling up the DagBag from /home/airflow/.local/lib/python3.12/site-packages/airflow/example_dags/example_complex.py
[2025-01-23T14:58:29.180+0000] {processor.py:925} INFO - DAG(s) 'example_complex' retrieved from /home/airflow/.local/lib/python3.12/site-packages/airflow/example_dags/example_complex.py
[2025-01-23T14:58:29.224+0000] {logging_mixin.py:190} INFO - [2025-01-23T14:58:29.224+0000] {dag.py:3239} INFO - Sync 1 DAGs
[2025-01-23T14:58:29.248+0000] {logging_mixin.py:190} INFO - [2025-01-23T14:58:29.247+0000] {dag.py:4180} INFO - Setting next_dagrun for example_complex to None, run_after=None
[2025-01-23T14:58:29.278+0000] {processor.py:208} INFO - Processing /home/airflow/.local/lib/python3.12/site-packages/airflow/example_dags/example_complex.py took 0.131 seconds
[2025-01-23T14:59:00.836+0000] {processor.py:186} INFO - Started process (PID=5450) to work on /home/airflow/.local/lib/python3.12/site-packages/airflow/example_dags/example_complex.py
[2025-01-23T14:59:00.840+0000] {processor.py:914} INFO - Processing file /home/airflow/.local/lib/python3.12/site-packages/airflow/example_dags/example_complex.py for tasks to queue
[2025-01-23T14:59:00.850+0000] {logging_mixin.py:190} INFO - [2025-01-23T14:59:00.849+0000] {dagbag.py:588} INFO - Filling up the DagBag from /home/airflow/.local/lib/python3.12/site-packages/airflow/example_dags/example_complex.py
[2025-01-23T14:59:00.873+0000] {processor.py:925} INFO - DAG(s) 'example_complex' retrieved from /home/airflow/.local/lib/python3.12/site-packages/airflow/example_dags/example_complex.py
[2025-01-23T14:59:00.926+0000] {logging_mixin.py:190} INFO - [2025-01-23T14:59:00.925+0000] {dag.py:3239} INFO - Sync 1 DAGs
[2025-01-23T14:59:00.955+0000] {logging_mixin.py:190} INFO - [2025-01-23T14:59:00.954+0000] {dag.py:4180} INFO - Setting next_dagrun for example_complex to None, run_after=None
[2025-01-23T14:59:00.989+0000] {processor.py:208} INFO - Processing /home/airflow/.local/lib/python3.12/site-packages/airflow/example_dags/example_complex.py took 0.173 seconds
[2025-01-23T14:59:31.765+0000] {processor.py:186} INFO - Started process (PID=5746) to work on /home/airflow/.local/lib/python3.12/site-packages/airflow/example_dags/example_complex.py
[2025-01-23T14:59:31.767+0000] {processor.py:914} INFO - Processing file /home/airflow/.local/lib/python3.12/site-packages/airflow/example_dags/example_complex.py for tasks to queue
[2025-01-23T14:59:31.771+0000] {logging_mixin.py:190} INFO - [2025-01-23T14:59:31.770+0000] {dagbag.py:588} INFO - Filling up the DagBag from /home/airflow/.local/lib/python3.12/site-packages/airflow/example_dags/example_complex.py
[2025-01-23T14:59:31.787+0000] {processor.py:925} INFO - DAG(s) 'example_complex' retrieved from /home/airflow/.local/lib/python3.12/site-packages/airflow/example_dags/example_complex.py
[2025-01-23T14:59:31.827+0000] {logging_mixin.py:190} INFO - [2025-01-23T14:59:31.826+0000] {dag.py:3239} INFO - Sync 1 DAGs
[2025-01-23T14:59:31.847+0000] {logging_mixin.py:190} INFO - [2025-01-23T14:59:31.847+0000] {dag.py:4180} INFO - Setting next_dagrun for example_complex to None, run_after=None
[2025-01-23T14:59:31.878+0000] {processor.py:208} INFO - Processing /home/airflow/.local/lib/python3.12/site-packages/airflow/example_dags/example_complex.py took 0.123 seconds
[2025-01-23T15:00:03.114+0000] {processor.py:186} INFO - Started process (PID=6042) to work on /home/airflow/.local/lib/python3.12/site-packages/airflow/example_dags/example_complex.py
[2025-01-23T15:00:03.115+0000] {processor.py:914} INFO - Processing file /home/airflow/.local/lib/python3.12/site-packages/airflow/example_dags/example_complex.py for tasks to queue
[2025-01-23T15:00:03.118+0000] {logging_mixin.py:190} INFO - [2025-01-23T15:00:03.117+0000] {dagbag.py:588} INFO - Filling up the DagBag from /home/airflow/.local/lib/python3.12/site-packages/airflow/example_dags/example_complex.py
[2025-01-23T15:00:03.135+0000] {processor.py:925} INFO - DAG(s) 'example_complex' retrieved from /home/airflow/.local/lib/python3.12/site-packages/airflow/example_dags/example_complex.py
[2025-01-23T15:00:03.177+0000] {logging_mixin.py:190} INFO - [2025-01-23T15:00:03.177+0000] {dag.py:3239} INFO - Sync 1 DAGs
[2025-01-23T15:00:03.195+0000] {logging_mixin.py:190} INFO - [2025-01-23T15:00:03.195+0000] {dag.py:4180} INFO - Setting next_dagrun for example_complex to None, run_after=None
[2025-01-23T15:00:03.217+0000] {processor.py:208} INFO - Processing /home/airflow/.local/lib/python3.12/site-packages/airflow/example_dags/example_complex.py took 0.114 seconds
[2025-01-23T15:00:34.769+0000] {processor.py:186} INFO - Started process (PID=6338) to work on /home/airflow/.local/lib/python3.12/site-packages/airflow/example_dags/example_complex.py
[2025-01-23T15:00:34.772+0000] {processor.py:914} INFO - Processing file /home/airflow/.local/lib/python3.12/site-packages/airflow/example_dags/example_complex.py for tasks to queue
[2025-01-23T15:00:34.777+0000] {logging_mixin.py:190} INFO - [2025-01-23T15:00:34.777+0000] {dagbag.py:588} INFO - Filling up the DagBag from /home/airflow/.local/lib/python3.12/site-packages/airflow/example_dags/example_complex.py
[2025-01-23T15:00:34.799+0000] {processor.py:925} INFO - DAG(s) 'example_complex' retrieved from /home/airflow/.local/lib/python3.12/site-packages/airflow/example_dags/example_complex.py
[2025-01-23T15:00:34.845+0000] {logging_mixin.py:190} INFO - [2025-01-23T15:00:34.845+0000] {dag.py:3239} INFO - Sync 1 DAGs
[2025-01-23T15:00:34.867+0000] {logging_mixin.py:190} INFO - [2025-01-23T15:00:34.866+0000] {dag.py:4180} INFO - Setting next_dagrun for example_complex to None, run_after=None
[2025-01-23T15:00:34.896+0000] {processor.py:208} INFO - Processing /home/airflow/.local/lib/python3.12/site-packages/airflow/example_dags/example_complex.py took 0.140 seconds
[2025-01-23T15:01:06.954+0000] {processor.py:186} INFO - Started process (PID=6644) to work on /home/airflow/.local/lib/python3.12/site-packages/airflow/example_dags/example_complex.py
[2025-01-23T15:01:06.961+0000] {processor.py:914} INFO - Processing file /home/airflow/.local/lib/python3.12/site-packages/airflow/example_dags/example_complex.py for tasks to queue
[2025-01-23T15:01:06.965+0000] {logging_mixin.py:190} INFO - [2025-01-23T15:01:06.964+0000] {dagbag.py:588} INFO - Filling up the DagBag from /home/airflow/.local/lib/python3.12/site-packages/airflow/example_dags/example_complex.py
[2025-01-23T15:01:06.984+0000] {processor.py:925} INFO - DAG(s) 'example_complex' retrieved from /home/airflow/.local/lib/python3.12/site-packages/airflow/example_dags/example_complex.py
[2025-01-23T15:01:07.037+0000] {logging_mixin.py:190} INFO - [2025-01-23T15:01:07.037+0000] {dag.py:3239} INFO - Sync 1 DAGs
[2025-01-23T15:01:07.059+0000] {logging_mixin.py:190} INFO - [2025-01-23T15:01:07.058+0000] {dag.py:4180} INFO - Setting next_dagrun for example_complex to None, run_after=None
[2025-01-23T15:01:07.100+0000] {processor.py:208} INFO - Processing /home/airflow/.local/lib/python3.12/site-packages/airflow/example_dags/example_complex.py took 0.157 seconds
[2025-01-23T15:01:38.482+0000] {processor.py:186} INFO - Started process (PID=6940) to work on /home/airflow/.local/lib/python3.12/site-packages/airflow/example_dags/example_complex.py
[2025-01-23T15:01:38.489+0000] {processor.py:914} INFO - Processing file /home/airflow/.local/lib/python3.12/site-packages/airflow/example_dags/example_complex.py for tasks to queue
[2025-01-23T15:01:38.494+0000] {logging_mixin.py:190} INFO - [2025-01-23T15:01:38.493+0000] {dagbag.py:588} INFO - Filling up the DagBag from /home/airflow/.local/lib/python3.12/site-packages/airflow/example_dags/example_complex.py
[2025-01-23T15:01:38.517+0000] {processor.py:925} INFO - DAG(s) 'example_complex' retrieved from /home/airflow/.local/lib/python3.12/site-packages/airflow/example_dags/example_complex.py
[2025-01-23T15:01:38.575+0000] {logging_mixin.py:190} INFO - [2025-01-23T15:01:38.574+0000] {dag.py:3239} INFO - Sync 1 DAGs
[2025-01-23T15:01:38.601+0000] {logging_mixin.py:190} INFO - [2025-01-23T15:01:38.600+0000] {dag.py:4180} INFO - Setting next_dagrun for example_complex to None, run_after=None
[2025-01-23T15:01:38.643+0000] {processor.py:208} INFO - Processing /home/airflow/.local/lib/python3.12/site-packages/airflow/example_dags/example_complex.py took 0.171 seconds
[2025-01-23T15:02:09.461+0000] {processor.py:186} INFO - Started process (PID=7231) to work on /home/airflow/.local/lib/python3.12/site-packages/airflow/example_dags/example_complex.py
[2025-01-23T15:02:09.467+0000] {processor.py:914} INFO - Processing file /home/airflow/.local/lib/python3.12/site-packages/airflow/example_dags/example_complex.py for tasks to queue
[2025-01-23T15:02:09.472+0000] {logging_mixin.py:190} INFO - [2025-01-23T15:02:09.472+0000] {dagbag.py:588} INFO - Filling up the DagBag from /home/airflow/.local/lib/python3.12/site-packages/airflow/example_dags/example_complex.py
[2025-01-23T15:02:09.494+0000] {processor.py:925} INFO - DAG(s) 'example_complex' retrieved from /home/airflow/.local/lib/python3.12/site-packages/airflow/example_dags/example_complex.py
[2025-01-23T15:02:09.550+0000] {logging_mixin.py:190} INFO - [2025-01-23T15:02:09.550+0000] {dag.py:3239} INFO - Sync 1 DAGs
[2025-01-23T15:02:09.572+0000] {logging_mixin.py:190} INFO - [2025-01-23T15:02:09.572+0000] {dag.py:4180} INFO - Setting next_dagrun for example_complex to None, run_after=None
[2025-01-23T15:02:09.602+0000] {processor.py:208} INFO - Processing /home/airflow/.local/lib/python3.12/site-packages/airflow/example_dags/example_complex.py took 0.152 seconds
[2025-01-23T15:02:40.503+0000] {processor.py:186} INFO - Started process (PID=7527) to work on /home/airflow/.local/lib/python3.12/site-packages/airflow/example_dags/example_complex.py
[2025-01-23T15:02:40.509+0000] {processor.py:914} INFO - Processing file /home/airflow/.local/lib/python3.12/site-packages/airflow/example_dags/example_complex.py for tasks to queue
[2025-01-23T15:02:40.513+0000] {logging_mixin.py:190} INFO - [2025-01-23T15:02:40.513+0000] {dagbag.py:588} INFO - Filling up the DagBag from /home/airflow/.local/lib/python3.12/site-packages/airflow/example_dags/example_complex.py
[2025-01-23T15:02:40.532+0000] {processor.py:925} INFO - DAG(s) 'example_complex' retrieved from /home/airflow/.local/lib/python3.12/site-packages/airflow/example_dags/example_complex.py
[2025-01-23T15:02:40.578+0000] {logging_mixin.py:190} INFO - [2025-01-23T15:02:40.578+0000] {dag.py:3239} INFO - Sync 1 DAGs
[2025-01-23T15:02:40.602+0000] {logging_mixin.py:190} INFO - [2025-01-23T15:02:40.601+0000] {dag.py:4180} INFO - Setting next_dagrun for example_complex to None, run_after=None
[2025-01-23T15:02:40.630+0000] {processor.py:208} INFO - Processing /home/airflow/.local/lib/python3.12/site-packages/airflow/example_dags/example_complex.py took 0.135 seconds
[2025-01-23T15:03:12.503+0000] {processor.py:186} INFO - Started process (PID=7823) to work on /home/airflow/.local/lib/python3.12/site-packages/airflow/example_dags/example_complex.py
[2025-01-23T15:03:12.505+0000] {processor.py:914} INFO - Processing file /home/airflow/.local/lib/python3.12/site-packages/airflow/example_dags/example_complex.py for tasks to queue
[2025-01-23T15:03:12.507+0000] {logging_mixin.py:190} INFO - [2025-01-23T15:03:12.507+0000] {dagbag.py:588} INFO - Filling up the DagBag from /home/airflow/.local/lib/python3.12/site-packages/airflow/example_dags/example_complex.py
[2025-01-23T15:03:12.525+0000] {processor.py:925} INFO - DAG(s) 'example_complex' retrieved from /home/airflow/.local/lib/python3.12/site-packages/airflow/example_dags/example_complex.py
[2025-01-23T15:03:12.569+0000] {logging_mixin.py:190} INFO - [2025-01-23T15:03:12.569+0000] {dag.py:3239} INFO - Sync 1 DAGs
[2025-01-23T15:03:12.591+0000] {logging_mixin.py:190} INFO - [2025-01-23T15:03:12.590+0000] {dag.py:4180} INFO - Setting next_dagrun for example_complex to None, run_after=None
[2025-01-23T15:03:12.617+0000] {processor.py:208} INFO - Processing /home/airflow/.local/lib/python3.12/site-packages/airflow/example_dags/example_complex.py took 0.124 seconds
[2025-01-23T15:03:43.736+0000] {processor.py:186} INFO - Started process (PID=8119) to work on /home/airflow/.local/lib/python3.12/site-packages/airflow/example_dags/example_complex.py
[2025-01-23T15:03:43.739+0000] {processor.py:914} INFO - Processing file /home/airflow/.local/lib/python3.12/site-packages/airflow/example_dags/example_complex.py for tasks to queue
[2025-01-23T15:03:43.741+0000] {logging_mixin.py:190} INFO - [2025-01-23T15:03:43.741+0000] {dagbag.py:588} INFO - Filling up the DagBag from /home/airflow/.local/lib/python3.12/site-packages/airflow/example_dags/example_complex.py
[2025-01-23T15:03:43.761+0000] {processor.py:925} INFO - DAG(s) 'example_complex' retrieved from /home/airflow/.local/lib/python3.12/site-packages/airflow/example_dags/example_complex.py
[2025-01-23T15:03:43.810+0000] {logging_mixin.py:190} INFO - [2025-01-23T15:03:43.809+0000] {dag.py:3239} INFO - Sync 1 DAGs
[2025-01-23T15:03:43.833+0000] {logging_mixin.py:190} INFO - [2025-01-23T15:03:43.832+0000] {dag.py:4180} INFO - Setting next_dagrun for example_complex to None, run_after=None
[2025-01-23T15:03:43.866+0000] {processor.py:208} INFO - Processing /home/airflow/.local/lib/python3.12/site-packages/airflow/example_dags/example_complex.py took 0.138 seconds
[2025-01-23T15:04:14.678+0000] {processor.py:186} INFO - Started process (PID=8415) to work on /home/airflow/.local/lib/python3.12/site-packages/airflow/example_dags/example_complex.py
[2025-01-23T15:04:14.679+0000] {processor.py:914} INFO - Processing file /home/airflow/.local/lib/python3.12/site-packages/airflow/example_dags/example_complex.py for tasks to queue
[2025-01-23T15:04:14.683+0000] {logging_mixin.py:190} INFO - [2025-01-23T15:04:14.682+0000] {dagbag.py:588} INFO - Filling up the DagBag from /home/airflow/.local/lib/python3.12/site-packages/airflow/example_dags/example_complex.py
[2025-01-23T15:04:14.698+0000] {processor.py:925} INFO - DAG(s) 'example_complex' retrieved from /home/airflow/.local/lib/python3.12/site-packages/airflow/example_dags/example_complex.py
[2025-01-23T15:04:14.740+0000] {logging_mixin.py:190} INFO - [2025-01-23T15:04:14.740+0000] {dag.py:3239} INFO - Sync 1 DAGs
[2025-01-23T15:04:14.758+0000] {logging_mixin.py:190} INFO - [2025-01-23T15:04:14.758+0000] {dag.py:4180} INFO - Setting next_dagrun for example_complex to None, run_after=None
[2025-01-23T15:04:14.781+0000] {processor.py:208} INFO - Processing /home/airflow/.local/lib/python3.12/site-packages/airflow/example_dags/example_complex.py took 0.111 seconds
[2025-01-23T15:04:45.303+0000] {processor.py:186} INFO - Started process (PID=8713) to work on /home/airflow/.local/lib/python3.12/site-packages/airflow/example_dags/example_complex.py
[2025-01-23T15:04:45.304+0000] {processor.py:914} INFO - Processing file /home/airflow/.local/lib/python3.12/site-packages/airflow/example_dags/example_complex.py for tasks to queue
[2025-01-23T15:04:45.308+0000] {logging_mixin.py:190} INFO - [2025-01-23T15:04:45.308+0000] {dagbag.py:588} INFO - Filling up the DagBag from /home/airflow/.local/lib/python3.12/site-packages/airflow/example_dags/example_complex.py
[2025-01-23T15:04:45.323+0000] {processor.py:925} INFO - DAG(s) 'example_complex' retrieved from /home/airflow/.local/lib/python3.12/site-packages/airflow/example_dags/example_complex.py
[2025-01-23T15:04:45.370+0000] {logging_mixin.py:190} INFO - [2025-01-23T15:04:45.370+0000] {dag.py:3239} INFO - Sync 1 DAGs
[2025-01-23T15:04:45.390+0000] {logging_mixin.py:190} INFO - [2025-01-23T15:04:45.390+0000] {dag.py:4180} INFO - Setting next_dagrun for example_complex to None, run_after=None
[2025-01-23T15:04:45.421+0000] {processor.py:208} INFO - Processing /home/airflow/.local/lib/python3.12/site-packages/airflow/example_dags/example_complex.py took 0.127 seconds
[2025-01-23T15:05:16.194+0000] {processor.py:186} INFO - Started process (PID=9007) to work on /home/airflow/.local/lib/python3.12/site-packages/airflow/example_dags/example_complex.py
[2025-01-23T15:05:16.196+0000] {processor.py:914} INFO - Processing file /home/airflow/.local/lib/python3.12/site-packages/airflow/example_dags/example_complex.py for tasks to queue
[2025-01-23T15:05:16.199+0000] {logging_mixin.py:190} INFO - [2025-01-23T15:05:16.199+0000] {dagbag.py:588} INFO - Filling up the DagBag from /home/airflow/.local/lib/python3.12/site-packages/airflow/example_dags/example_complex.py
[2025-01-23T15:05:16.214+0000] {processor.py:925} INFO - DAG(s) 'example_complex' retrieved from /home/airflow/.local/lib/python3.12/site-packages/airflow/example_dags/example_complex.py
[2025-01-23T15:05:16.253+0000] {logging_mixin.py:190} INFO - [2025-01-23T15:05:16.253+0000] {dag.py:3239} INFO - Sync 1 DAGs
[2025-01-23T15:05:16.272+0000] {logging_mixin.py:190} INFO - [2025-01-23T15:05:16.272+0000] {dag.py:4180} INFO - Setting next_dagrun for example_complex to None, run_after=None
[2025-01-23T15:05:16.295+0000] {processor.py:208} INFO - Processing /home/airflow/.local/lib/python3.12/site-packages/airflow/example_dags/example_complex.py took 0.110 seconds
[2025-01-23T15:05:47.532+0000] {processor.py:186} INFO - Started process (PID=9303) to work on /home/airflow/.local/lib/python3.12/site-packages/airflow/example_dags/example_complex.py
[2025-01-23T15:05:47.534+0000] {processor.py:914} INFO - Processing file /home/airflow/.local/lib/python3.12/site-packages/airflow/example_dags/example_complex.py for tasks to queue
[2025-01-23T15:05:47.538+0000] {logging_mixin.py:190} INFO - [2025-01-23T15:05:47.537+0000] {dagbag.py:588} INFO - Filling up the DagBag from /home/airflow/.local/lib/python3.12/site-packages/airflow/example_dags/example_complex.py
[2025-01-23T15:05:47.558+0000] {processor.py:925} INFO - DAG(s) 'example_complex' retrieved from /home/airflow/.local/lib/python3.12/site-packages/airflow/example_dags/example_complex.py
[2025-01-23T15:05:47.611+0000] {logging_mixin.py:190} INFO - [2025-01-23T15:05:47.610+0000] {dag.py:3239} INFO - Sync 1 DAGs
[2025-01-23T15:05:47.637+0000] {logging_mixin.py:190} INFO - [2025-01-23T15:05:47.636+0000] {dag.py:4180} INFO - Setting next_dagrun for example_complex to None, run_after=None
[2025-01-23T15:05:47.694+0000] {processor.py:208} INFO - Processing /home/airflow/.local/lib/python3.12/site-packages/airflow/example_dags/example_complex.py took 0.173 seconds
[2025-01-23T15:06:18.288+0000] {processor.py:186} INFO - Started process (PID=9598) to work on /home/airflow/.local/lib/python3.12/site-packages/airflow/example_dags/example_complex.py
[2025-01-23T15:06:18.289+0000] {processor.py:914} INFO - Processing file /home/airflow/.local/lib/python3.12/site-packages/airflow/example_dags/example_complex.py for tasks to queue
[2025-01-23T15:06:18.292+0000] {logging_mixin.py:190} INFO - [2025-01-23T15:06:18.292+0000] {dagbag.py:588} INFO - Filling up the DagBag from /home/airflow/.local/lib/python3.12/site-packages/airflow/example_dags/example_complex.py
[2025-01-23T15:06:18.308+0000] {processor.py:925} INFO - DAG(s) 'example_complex' retrieved from /home/airflow/.local/lib/python3.12/site-packages/airflow/example_dags/example_complex.py
[2025-01-23T15:06:18.349+0000] {logging_mixin.py:190} INFO - [2025-01-23T15:06:18.349+0000] {dag.py:3239} INFO - Sync 1 DAGs
[2025-01-23T15:06:18.369+0000] {logging_mixin.py:190} INFO - [2025-01-23T15:06:18.369+0000] {dag.py:4180} INFO - Setting next_dagrun for example_complex to None, run_after=None
[2025-01-23T15:06:18.395+0000] {processor.py:208} INFO - Processing /home/airflow/.local/lib/python3.12/site-packages/airflow/example_dags/example_complex.py took 0.116 seconds
[2025-01-23T15:06:49.789+0000] {processor.py:186} INFO - Started process (PID=9894) to work on /home/airflow/.local/lib/python3.12/site-packages/airflow/example_dags/example_complex.py
[2025-01-23T15:06:49.791+0000] {processor.py:914} INFO - Processing file /home/airflow/.local/lib/python3.12/site-packages/airflow/example_dags/example_complex.py for tasks to queue
[2025-01-23T15:06:49.796+0000] {logging_mixin.py:190} INFO - [2025-01-23T15:06:49.795+0000] {dagbag.py:588} INFO - Filling up the DagBag from /home/airflow/.local/lib/python3.12/site-packages/airflow/example_dags/example_complex.py
[2025-01-23T15:06:49.817+0000] {processor.py:925} INFO - DAG(s) 'example_complex' retrieved from /home/airflow/.local/lib/python3.12/site-packages/airflow/example_dags/example_complex.py
[2025-01-23T15:06:49.877+0000] {logging_mixin.py:190} INFO - [2025-01-23T15:06:49.877+0000] {dag.py:3239} INFO - Sync 1 DAGs
[2025-01-23T15:06:49.912+0000] {logging_mixin.py:190} INFO - [2025-01-23T15:06:49.911+0000] {dag.py:4180} INFO - Setting next_dagrun for example_complex to None, run_after=None
[2025-01-23T15:06:49.950+0000] {processor.py:208} INFO - Processing /home/airflow/.local/lib/python3.12/site-packages/airflow/example_dags/example_complex.py took 0.176 seconds
[2025-01-23T15:07:20.827+0000] {processor.py:186} INFO - Started process (PID=10190) to work on /home/airflow/.local/lib/python3.12/site-packages/airflow/example_dags/example_complex.py
[2025-01-23T15:07:20.829+0000] {processor.py:914} INFO - Processing file /home/airflow/.local/lib/python3.12/site-packages/airflow/example_dags/example_complex.py for tasks to queue
[2025-01-23T15:07:20.834+0000] {logging_mixin.py:190} INFO - [2025-01-23T15:07:20.834+0000] {dagbag.py:588} INFO - Filling up the DagBag from /home/airflow/.local/lib/python3.12/site-packages/airflow/example_dags/example_complex.py
[2025-01-23T15:07:20.853+0000] {processor.py:925} INFO - DAG(s) 'example_complex' retrieved from /home/airflow/.local/lib/python3.12/site-packages/airflow/example_dags/example_complex.py
[2025-01-23T15:07:20.912+0000] {logging_mixin.py:190} INFO - [2025-01-23T15:07:20.911+0000] {dag.py:3239} INFO - Sync 1 DAGs
[2025-01-23T15:07:20.937+0000] {logging_mixin.py:190} INFO - [2025-01-23T15:07:20.937+0000] {dag.py:4180} INFO - Setting next_dagrun for example_complex to None, run_after=None
[2025-01-23T15:07:20.964+0000] {processor.py:208} INFO - Processing /home/airflow/.local/lib/python3.12/site-packages/airflow/example_dags/example_complex.py took 0.144 seconds
[2025-01-23T15:07:51.651+0000] {processor.py:186} INFO - Started process (PID=10486) to work on /home/airflow/.local/lib/python3.12/site-packages/airflow/example_dags/example_complex.py
[2025-01-23T15:07:51.653+0000] {processor.py:914} INFO - Processing file /home/airflow/.local/lib/python3.12/site-packages/airflow/example_dags/example_complex.py for tasks to queue
[2025-01-23T15:07:51.657+0000] {logging_mixin.py:190} INFO - [2025-01-23T15:07:51.656+0000] {dagbag.py:588} INFO - Filling up the DagBag from /home/airflow/.local/lib/python3.12/site-packages/airflow/example_dags/example_complex.py
[2025-01-23T15:07:51.679+0000] {processor.py:925} INFO - DAG(s) 'example_complex' retrieved from /home/airflow/.local/lib/python3.12/site-packages/airflow/example_dags/example_complex.py
[2025-01-23T15:07:51.736+0000] {logging_mixin.py:190} INFO - [2025-01-23T15:07:51.736+0000] {dag.py:3239} INFO - Sync 1 DAGs
[2025-01-23T15:07:51.757+0000] {logging_mixin.py:190} INFO - [2025-01-23T15:07:51.756+0000] {dag.py:4180} INFO - Setting next_dagrun for example_complex to None, run_after=None
[2025-01-23T15:07:51.787+0000] {processor.py:208} INFO - Processing /home/airflow/.local/lib/python3.12/site-packages/airflow/example_dags/example_complex.py took 0.145 seconds
