[2025-01-23T14:50:07.303+0000] {processor.py:186} INFO - Started process (PID=307) to work on /home/airflow/.local/lib/python3.12/site-packages/airflow/example_dags/example_dataset_alias.py
[2025-01-23T14:50:07.304+0000] {processor.py:914} INFO - Processing file /home/airflow/.local/lib/python3.12/site-packages/airflow/example_dags/example_dataset_alias.py for tasks to queue
[2025-01-23T14:50:07.306+0000] {logging_mixin.py:190} INFO - [2025-01-23T14:50:07.305+0000] {dagbag.py:588} INFO - Filling up the DagBag from /home/airflow/.local/lib/python3.12/site-packages/airflow/example_dags/example_dataset_alias.py
[2025-01-23T14:50:07.995+0000] {processor.py:925} INFO - DAG(s) 'dataset_alias_example_alias_consumer', 'dataset_s3_bucket_producer', 'dataset_s3_bucket_consumer', 'dataset_alias_example_alias_producer' retrieved from /home/airflow/.local/lib/python3.12/site-packages/airflow/example_dags/example_dataset_alias.py
[2025-01-23T14:50:08.031+0000] {logging_mixin.py:190} INFO - [2025-01-23T14:50:08.030+0000] {dag.py:3239} INFO - Sync 4 DAGs
[2025-01-23T14:50:08.064+0000] {logging_mixin.py:190} INFO - [2025-01-23T14:50:08.064+0000] {dag.py:4180} INFO - Setting next_dagrun for dataset_alias_example_alias_consumer to None, run_after=None
[2025-01-23T14:50:08.068+0000] {logging_mixin.py:190} INFO - [2025-01-23T14:50:08.067+0000] {dag.py:4180} INFO - Setting next_dagrun for dataset_alias_example_alias_producer to None, run_after=None
[2025-01-23T14:50:08.069+0000] {logging_mixin.py:190} INFO - [2025-01-23T14:50:08.069+0000] {dag.py:4180} INFO - Setting next_dagrun for dataset_s3_bucket_consumer to None, run_after=None
[2025-01-23T14:50:08.070+0000] {logging_mixin.py:190} INFO - [2025-01-23T14:50:08.070+0000] {dag.py:4180} INFO - Setting next_dagrun for dataset_s3_bucket_producer to None, run_after=None
[2025-01-23T14:50:08.088+0000] {processor.py:208} INFO - Processing /home/airflow/.local/lib/python3.12/site-packages/airflow/example_dags/example_dataset_alias.py took 0.791 seconds
[2025-01-23T14:50:38.831+0000] {processor.py:186} INFO - Started process (PID=610) to work on /home/airflow/.local/lib/python3.12/site-packages/airflow/example_dags/example_dataset_alias.py
[2025-01-23T14:50:38.832+0000] {processor.py:914} INFO - Processing file /home/airflow/.local/lib/python3.12/site-packages/airflow/example_dags/example_dataset_alias.py for tasks to queue
[2025-01-23T14:50:38.834+0000] {logging_mixin.py:190} INFO - [2025-01-23T14:50:38.834+0000] {dagbag.py:588} INFO - Filling up the DagBag from /home/airflow/.local/lib/python3.12/site-packages/airflow/example_dags/example_dataset_alias.py
[2025-01-23T14:50:39.314+0000] {processor.py:925} INFO - DAG(s) 'dataset_alias_example_alias_consumer', 'dataset_alias_example_alias_producer', 'dataset_s3_bucket_producer', 'dataset_s3_bucket_consumer' retrieved from /home/airflow/.local/lib/python3.12/site-packages/airflow/example_dags/example_dataset_alias.py
[2025-01-23T14:50:39.335+0000] {logging_mixin.py:190} INFO - [2025-01-23T14:50:39.334+0000] {dag.py:3239} INFO - Sync 4 DAGs
[2025-01-23T14:50:39.358+0000] {logging_mixin.py:190} INFO - [2025-01-23T14:50:39.358+0000] {dag.py:4180} INFO - Setting next_dagrun for dataset_alias_example_alias_consumer to None, run_after=None
[2025-01-23T14:50:39.361+0000] {logging_mixin.py:190} INFO - [2025-01-23T14:50:39.361+0000] {dag.py:4180} INFO - Setting next_dagrun for dataset_alias_example_alias_producer to None, run_after=None
[2025-01-23T14:50:39.363+0000] {logging_mixin.py:190} INFO - [2025-01-23T14:50:39.363+0000] {dag.py:4180} INFO - Setting next_dagrun for dataset_s3_bucket_consumer to None, run_after=None
[2025-01-23T14:50:39.365+0000] {logging_mixin.py:190} INFO - [2025-01-23T14:50:39.365+0000] {dag.py:4180} INFO - Setting next_dagrun for dataset_s3_bucket_producer to None, run_after=None
[2025-01-23T14:50:39.385+0000] {processor.py:208} INFO - Processing /home/airflow/.local/lib/python3.12/site-packages/airflow/example_dags/example_dataset_alias.py took 0.560 seconds
[2025-01-23T14:51:10.263+0000] {processor.py:186} INFO - Started process (PID=906) to work on /home/airflow/.local/lib/python3.12/site-packages/airflow/example_dags/example_dataset_alias.py
[2025-01-23T14:51:10.265+0000] {processor.py:914} INFO - Processing file /home/airflow/.local/lib/python3.12/site-packages/airflow/example_dags/example_dataset_alias.py for tasks to queue
[2025-01-23T14:51:10.267+0000] {logging_mixin.py:190} INFO - [2025-01-23T14:51:10.266+0000] {dagbag.py:588} INFO - Filling up the DagBag from /home/airflow/.local/lib/python3.12/site-packages/airflow/example_dags/example_dataset_alias.py
[2025-01-23T14:51:10.819+0000] {processor.py:925} INFO - DAG(s) 'dataset_s3_bucket_producer', 'dataset_s3_bucket_consumer', 'dataset_alias_example_alias_consumer', 'dataset_alias_example_alias_producer' retrieved from /home/airflow/.local/lib/python3.12/site-packages/airflow/example_dags/example_dataset_alias.py
[2025-01-23T14:51:10.841+0000] {logging_mixin.py:190} INFO - [2025-01-23T14:51:10.840+0000] {dag.py:3239} INFO - Sync 4 DAGs
[2025-01-23T14:51:10.866+0000] {logging_mixin.py:190} INFO - [2025-01-23T14:51:10.866+0000] {dag.py:4180} INFO - Setting next_dagrun for dataset_alias_example_alias_consumer to None, run_after=None
[2025-01-23T14:51:10.870+0000] {logging_mixin.py:190} INFO - [2025-01-23T14:51:10.870+0000] {dag.py:4180} INFO - Setting next_dagrun for dataset_alias_example_alias_producer to None, run_after=None
[2025-01-23T14:51:10.872+0000] {logging_mixin.py:190} INFO - [2025-01-23T14:51:10.872+0000] {dag.py:4180} INFO - Setting next_dagrun for dataset_s3_bucket_consumer to None, run_after=None
[2025-01-23T14:51:10.874+0000] {logging_mixin.py:190} INFO - [2025-01-23T14:51:10.874+0000] {dag.py:4180} INFO - Setting next_dagrun for dataset_s3_bucket_producer to None, run_after=None
[2025-01-23T14:51:10.901+0000] {processor.py:208} INFO - Processing /home/airflow/.local/lib/python3.12/site-packages/airflow/example_dags/example_dataset_alias.py took 0.643 seconds
[2025-01-23T14:51:41.575+0000] {processor.py:186} INFO - Started process (PID=1202) to work on /home/airflow/.local/lib/python3.12/site-packages/airflow/example_dags/example_dataset_alias.py
[2025-01-23T14:51:41.576+0000] {processor.py:914} INFO - Processing file /home/airflow/.local/lib/python3.12/site-packages/airflow/example_dags/example_dataset_alias.py for tasks to queue
[2025-01-23T14:51:41.578+0000] {logging_mixin.py:190} INFO - [2025-01-23T14:51:41.578+0000] {dagbag.py:588} INFO - Filling up the DagBag from /home/airflow/.local/lib/python3.12/site-packages/airflow/example_dags/example_dataset_alias.py
[2025-01-23T14:51:42.041+0000] {processor.py:925} INFO - DAG(s) 'dataset_alias_example_alias_producer', 'dataset_s3_bucket_consumer', 'dataset_alias_example_alias_consumer', 'dataset_s3_bucket_producer' retrieved from /home/airflow/.local/lib/python3.12/site-packages/airflow/example_dags/example_dataset_alias.py
[2025-01-23T14:51:42.063+0000] {logging_mixin.py:190} INFO - [2025-01-23T14:51:42.062+0000] {dag.py:3239} INFO - Sync 4 DAGs
[2025-01-23T14:51:42.083+0000] {logging_mixin.py:190} INFO - [2025-01-23T14:51:42.082+0000] {dag.py:4180} INFO - Setting next_dagrun for dataset_alias_example_alias_consumer to None, run_after=None
[2025-01-23T14:51:42.087+0000] {logging_mixin.py:190} INFO - [2025-01-23T14:51:42.086+0000] {dag.py:4180} INFO - Setting next_dagrun for dataset_alias_example_alias_producer to None, run_after=None
[2025-01-23T14:51:42.088+0000] {logging_mixin.py:190} INFO - [2025-01-23T14:51:42.088+0000] {dag.py:4180} INFO - Setting next_dagrun for dataset_s3_bucket_consumer to None, run_after=None
[2025-01-23T14:51:42.089+0000] {logging_mixin.py:190} INFO - [2025-01-23T14:51:42.089+0000] {dag.py:4180} INFO - Setting next_dagrun for dataset_s3_bucket_producer to None, run_after=None
[2025-01-23T14:51:42.114+0000] {processor.py:208} INFO - Processing /home/airflow/.local/lib/python3.12/site-packages/airflow/example_dags/example_dataset_alias.py took 0.545 seconds
[2025-01-23T14:52:12.827+0000] {processor.py:186} INFO - Started process (PID=1498) to work on /home/airflow/.local/lib/python3.12/site-packages/airflow/example_dags/example_dataset_alias.py
[2025-01-23T14:52:12.834+0000] {processor.py:914} INFO - Processing file /home/airflow/.local/lib/python3.12/site-packages/airflow/example_dags/example_dataset_alias.py for tasks to queue
[2025-01-23T14:52:12.836+0000] {logging_mixin.py:190} INFO - [2025-01-23T14:52:12.836+0000] {dagbag.py:588} INFO - Filling up the DagBag from /home/airflow/.local/lib/python3.12/site-packages/airflow/example_dags/example_dataset_alias.py
[2025-01-23T14:52:13.410+0000] {processor.py:925} INFO - DAG(s) 'dataset_s3_bucket_producer', 'dataset_alias_example_alias_consumer', 'dataset_alias_example_alias_producer', 'dataset_s3_bucket_consumer' retrieved from /home/airflow/.local/lib/python3.12/site-packages/airflow/example_dags/example_dataset_alias.py
[2025-01-23T14:52:13.431+0000] {logging_mixin.py:190} INFO - [2025-01-23T14:52:13.431+0000] {dag.py:3239} INFO - Sync 4 DAGs
[2025-01-23T14:52:13.451+0000] {logging_mixin.py:190} INFO - [2025-01-23T14:52:13.451+0000] {dag.py:4180} INFO - Setting next_dagrun for dataset_alias_example_alias_consumer to None, run_after=None
[2025-01-23T14:52:13.454+0000] {logging_mixin.py:190} INFO - [2025-01-23T14:52:13.454+0000] {dag.py:4180} INFO - Setting next_dagrun for dataset_alias_example_alias_producer to None, run_after=None
[2025-01-23T14:52:13.456+0000] {logging_mixin.py:190} INFO - [2025-01-23T14:52:13.456+0000] {dag.py:4180} INFO - Setting next_dagrun for dataset_s3_bucket_consumer to None, run_after=None
[2025-01-23T14:52:13.458+0000] {logging_mixin.py:190} INFO - [2025-01-23T14:52:13.457+0000] {dag.py:4180} INFO - Setting next_dagrun for dataset_s3_bucket_producer to None, run_after=None
[2025-01-23T14:52:13.484+0000] {processor.py:208} INFO - Processing /home/airflow/.local/lib/python3.12/site-packages/airflow/example_dags/example_dataset_alias.py took 0.663 seconds
[2025-01-23T14:52:44.304+0000] {processor.py:186} INFO - Started process (PID=1794) to work on /home/airflow/.local/lib/python3.12/site-packages/airflow/example_dags/example_dataset_alias.py
[2025-01-23T14:52:44.310+0000] {processor.py:914} INFO - Processing file /home/airflow/.local/lib/python3.12/site-packages/airflow/example_dags/example_dataset_alias.py for tasks to queue
[2025-01-23T14:52:44.312+0000] {logging_mixin.py:190} INFO - [2025-01-23T14:52:44.312+0000] {dagbag.py:588} INFO - Filling up the DagBag from /home/airflow/.local/lib/python3.12/site-packages/airflow/example_dags/example_dataset_alias.py
[2025-01-23T14:52:44.820+0000] {processor.py:925} INFO - DAG(s) 'dataset_s3_bucket_producer', 'dataset_alias_example_alias_consumer', 'dataset_alias_example_alias_producer', 'dataset_s3_bucket_consumer' retrieved from /home/airflow/.local/lib/python3.12/site-packages/airflow/example_dags/example_dataset_alias.py
[2025-01-23T14:52:44.853+0000] {logging_mixin.py:190} INFO - [2025-01-23T14:52:44.852+0000] {dag.py:3239} INFO - Sync 4 DAGs
[2025-01-23T14:52:44.887+0000] {logging_mixin.py:190} INFO - [2025-01-23T14:52:44.887+0000] {dag.py:4180} INFO - Setting next_dagrun for dataset_alias_example_alias_consumer to None, run_after=None
[2025-01-23T14:52:44.891+0000] {logging_mixin.py:190} INFO - [2025-01-23T14:52:44.891+0000] {dag.py:4180} INFO - Setting next_dagrun for dataset_alias_example_alias_producer to None, run_after=None
[2025-01-23T14:52:44.894+0000] {logging_mixin.py:190} INFO - [2025-01-23T14:52:44.894+0000] {dag.py:4180} INFO - Setting next_dagrun for dataset_s3_bucket_consumer to None, run_after=None
[2025-01-23T14:52:44.897+0000] {logging_mixin.py:190} INFO - [2025-01-23T14:52:44.896+0000] {dag.py:4180} INFO - Setting next_dagrun for dataset_s3_bucket_producer to None, run_after=None
[2025-01-23T14:52:44.939+0000] {processor.py:208} INFO - Processing /home/airflow/.local/lib/python3.12/site-packages/airflow/example_dags/example_dataset_alias.py took 0.641 seconds
[2025-01-23T14:53:15.029+0000] {processor.py:186} INFO - Started process (PID=2090) to work on /home/airflow/.local/lib/python3.12/site-packages/airflow/example_dags/example_dataset_alias.py
[2025-01-23T14:53:15.034+0000] {processor.py:914} INFO - Processing file /home/airflow/.local/lib/python3.12/site-packages/airflow/example_dags/example_dataset_alias.py for tasks to queue
[2025-01-23T14:53:15.036+0000] {logging_mixin.py:190} INFO - [2025-01-23T14:53:15.036+0000] {dagbag.py:588} INFO - Filling up the DagBag from /home/airflow/.local/lib/python3.12/site-packages/airflow/example_dags/example_dataset_alias.py
[2025-01-23T14:53:15.548+0000] {processor.py:925} INFO - DAG(s) 'dataset_alias_example_alias_consumer', 'dataset_s3_bucket_consumer', 'dataset_s3_bucket_producer', 'dataset_alias_example_alias_producer' retrieved from /home/airflow/.local/lib/python3.12/site-packages/airflow/example_dags/example_dataset_alias.py
[2025-01-23T14:53:15.570+0000] {logging_mixin.py:190} INFO - [2025-01-23T14:53:15.569+0000] {dag.py:3239} INFO - Sync 4 DAGs
[2025-01-23T14:53:15.589+0000] {logging_mixin.py:190} INFO - [2025-01-23T14:53:15.589+0000] {dag.py:4180} INFO - Setting next_dagrun for dataset_alias_example_alias_consumer to None, run_after=None
[2025-01-23T14:53:15.591+0000] {logging_mixin.py:190} INFO - [2025-01-23T14:53:15.591+0000] {dag.py:4180} INFO - Setting next_dagrun for dataset_alias_example_alias_producer to None, run_after=None
[2025-01-23T14:53:15.592+0000] {logging_mixin.py:190} INFO - [2025-01-23T14:53:15.592+0000] {dag.py:4180} INFO - Setting next_dagrun for dataset_s3_bucket_consumer to None, run_after=None
[2025-01-23T14:53:15.593+0000] {logging_mixin.py:190} INFO - [2025-01-23T14:53:15.593+0000] {dag.py:4180} INFO - Setting next_dagrun for dataset_s3_bucket_producer to None, run_after=None
[2025-01-23T14:53:15.618+0000] {processor.py:208} INFO - Processing /home/airflow/.local/lib/python3.12/site-packages/airflow/example_dags/example_dataset_alias.py took 0.595 seconds
[2025-01-23T14:53:45.702+0000] {processor.py:186} INFO - Started process (PID=2386) to work on /home/airflow/.local/lib/python3.12/site-packages/airflow/example_dags/example_dataset_alias.py
[2025-01-23T14:53:45.703+0000] {processor.py:914} INFO - Processing file /home/airflow/.local/lib/python3.12/site-packages/airflow/example_dags/example_dataset_alias.py for tasks to queue
[2025-01-23T14:53:45.705+0000] {logging_mixin.py:190} INFO - [2025-01-23T14:53:45.705+0000] {dagbag.py:588} INFO - Filling up the DagBag from /home/airflow/.local/lib/python3.12/site-packages/airflow/example_dags/example_dataset_alias.py
[2025-01-23T14:53:46.153+0000] {processor.py:925} INFO - DAG(s) 'dataset_alias_example_alias_consumer', 'dataset_s3_bucket_producer', 'dataset_alias_example_alias_producer', 'dataset_s3_bucket_consumer' retrieved from /home/airflow/.local/lib/python3.12/site-packages/airflow/example_dags/example_dataset_alias.py
[2025-01-23T14:53:46.171+0000] {logging_mixin.py:190} INFO - [2025-01-23T14:53:46.170+0000] {dag.py:3239} INFO - Sync 4 DAGs
[2025-01-23T14:53:46.190+0000] {logging_mixin.py:190} INFO - [2025-01-23T14:53:46.190+0000] {dag.py:4180} INFO - Setting next_dagrun for dataset_alias_example_alias_consumer to None, run_after=None
[2025-01-23T14:53:46.193+0000] {logging_mixin.py:190} INFO - [2025-01-23T14:53:46.193+0000] {dag.py:4180} INFO - Setting next_dagrun for dataset_alias_example_alias_producer to None, run_after=None
[2025-01-23T14:53:46.194+0000] {logging_mixin.py:190} INFO - [2025-01-23T14:53:46.194+0000] {dag.py:4180} INFO - Setting next_dagrun for dataset_s3_bucket_consumer to None, run_after=None
[2025-01-23T14:53:46.195+0000] {logging_mixin.py:190} INFO - [2025-01-23T14:53:46.195+0000] {dag.py:4180} INFO - Setting next_dagrun for dataset_s3_bucket_producer to None, run_after=None
[2025-01-23T14:53:46.219+0000] {processor.py:208} INFO - Processing /home/airflow/.local/lib/python3.12/site-packages/airflow/example_dags/example_dataset_alias.py took 0.522 seconds
[2025-01-23T14:54:16.427+0000] {processor.py:186} INFO - Started process (PID=2682) to work on /home/airflow/.local/lib/python3.12/site-packages/airflow/example_dags/example_dataset_alias.py
[2025-01-23T14:54:16.428+0000] {processor.py:914} INFO - Processing file /home/airflow/.local/lib/python3.12/site-packages/airflow/example_dags/example_dataset_alias.py for tasks to queue
[2025-01-23T14:54:16.431+0000] {logging_mixin.py:190} INFO - [2025-01-23T14:54:16.430+0000] {dagbag.py:588} INFO - Filling up the DagBag from /home/airflow/.local/lib/python3.12/site-packages/airflow/example_dags/example_dataset_alias.py
[2025-01-23T14:54:16.966+0000] {processor.py:925} INFO - DAG(s) 'dataset_s3_bucket_consumer', 'dataset_alias_example_alias_consumer', 'dataset_s3_bucket_producer', 'dataset_alias_example_alias_producer' retrieved from /home/airflow/.local/lib/python3.12/site-packages/airflow/example_dags/example_dataset_alias.py
[2025-01-23T14:54:16.993+0000] {logging_mixin.py:190} INFO - [2025-01-23T14:54:16.993+0000] {dag.py:3239} INFO - Sync 4 DAGs
[2025-01-23T14:54:17.029+0000] {logging_mixin.py:190} INFO - [2025-01-23T14:54:17.029+0000] {dag.py:4180} INFO - Setting next_dagrun for dataset_alias_example_alias_consumer to None, run_after=None
[2025-01-23T14:54:17.033+0000] {logging_mixin.py:190} INFO - [2025-01-23T14:54:17.033+0000] {dag.py:4180} INFO - Setting next_dagrun for dataset_alias_example_alias_producer to None, run_after=None
[2025-01-23T14:54:17.036+0000] {logging_mixin.py:190} INFO - [2025-01-23T14:54:17.036+0000] {dag.py:4180} INFO - Setting next_dagrun for dataset_s3_bucket_consumer to None, run_after=None
[2025-01-23T14:54:17.037+0000] {logging_mixin.py:190} INFO - [2025-01-23T14:54:17.037+0000] {dag.py:4180} INFO - Setting next_dagrun for dataset_s3_bucket_producer to None, run_after=None
[2025-01-23T14:54:17.072+0000] {processor.py:208} INFO - Processing /home/airflow/.local/lib/python3.12/site-packages/airflow/example_dags/example_dataset_alias.py took 0.651 seconds
[2025-01-23T14:54:47.460+0000] {processor.py:186} INFO - Started process (PID=2978) to work on /home/airflow/.local/lib/python3.12/site-packages/airflow/example_dags/example_dataset_alias.py
[2025-01-23T14:54:47.466+0000] {processor.py:914} INFO - Processing file /home/airflow/.local/lib/python3.12/site-packages/airflow/example_dags/example_dataset_alias.py for tasks to queue
[2025-01-23T14:54:47.468+0000] {logging_mixin.py:190} INFO - [2025-01-23T14:54:47.468+0000] {dagbag.py:588} INFO - Filling up the DagBag from /home/airflow/.local/lib/python3.12/site-packages/airflow/example_dags/example_dataset_alias.py
[2025-01-23T14:54:47.952+0000] {processor.py:925} INFO - DAG(s) 'dataset_alias_example_alias_producer', 'dataset_alias_example_alias_consumer', 'dataset_s3_bucket_consumer', 'dataset_s3_bucket_producer' retrieved from /home/airflow/.local/lib/python3.12/site-packages/airflow/example_dags/example_dataset_alias.py
[2025-01-23T14:54:47.973+0000] {logging_mixin.py:190} INFO - [2025-01-23T14:54:47.972+0000] {dag.py:3239} INFO - Sync 4 DAGs
[2025-01-23T14:54:47.993+0000] {logging_mixin.py:190} INFO - [2025-01-23T14:54:47.992+0000] {dag.py:4180} INFO - Setting next_dagrun for dataset_alias_example_alias_consumer to None, run_after=None
[2025-01-23T14:54:47.996+0000] {logging_mixin.py:190} INFO - [2025-01-23T14:54:47.996+0000] {dag.py:4180} INFO - Setting next_dagrun for dataset_alias_example_alias_producer to None, run_after=None
[2025-01-23T14:54:47.997+0000] {logging_mixin.py:190} INFO - [2025-01-23T14:54:47.997+0000] {dag.py:4180} INFO - Setting next_dagrun for dataset_s3_bucket_consumer to None, run_after=None
[2025-01-23T14:54:47.999+0000] {logging_mixin.py:190} INFO - [2025-01-23T14:54:47.999+0000] {dag.py:4180} INFO - Setting next_dagrun for dataset_s3_bucket_producer to None, run_after=None
[2025-01-23T14:54:48.019+0000] {processor.py:208} INFO - Processing /home/airflow/.local/lib/python3.12/site-packages/airflow/example_dags/example_dataset_alias.py took 0.565 seconds
[2025-01-23T14:55:18.908+0000] {processor.py:186} INFO - Started process (PID=3274) to work on /home/airflow/.local/lib/python3.12/site-packages/airflow/example_dags/example_dataset_alias.py
[2025-01-23T14:55:18.913+0000] {processor.py:914} INFO - Processing file /home/airflow/.local/lib/python3.12/site-packages/airflow/example_dags/example_dataset_alias.py for tasks to queue
[2025-01-23T14:55:18.915+0000] {logging_mixin.py:190} INFO - [2025-01-23T14:55:18.915+0000] {dagbag.py:588} INFO - Filling up the DagBag from /home/airflow/.local/lib/python3.12/site-packages/airflow/example_dags/example_dataset_alias.py
[2025-01-23T14:55:19.391+0000] {processor.py:925} INFO - DAG(s) 'dataset_s3_bucket_consumer', 'dataset_alias_example_alias_consumer', 'dataset_alias_example_alias_producer', 'dataset_s3_bucket_producer' retrieved from /home/airflow/.local/lib/python3.12/site-packages/airflow/example_dags/example_dataset_alias.py
[2025-01-23T14:55:19.410+0000] {logging_mixin.py:190} INFO - [2025-01-23T14:55:19.410+0000] {dag.py:3239} INFO - Sync 4 DAGs
[2025-01-23T14:55:19.428+0000] {logging_mixin.py:190} INFO - [2025-01-23T14:55:19.428+0000] {dag.py:4180} INFO - Setting next_dagrun for dataset_alias_example_alias_consumer to None, run_after=None
[2025-01-23T14:55:19.430+0000] {logging_mixin.py:190} INFO - [2025-01-23T14:55:19.430+0000] {dag.py:4180} INFO - Setting next_dagrun for dataset_alias_example_alias_producer to None, run_after=None
[2025-01-23T14:55:19.431+0000] {logging_mixin.py:190} INFO - [2025-01-23T14:55:19.431+0000] {dag.py:4180} INFO - Setting next_dagrun for dataset_s3_bucket_consumer to None, run_after=None
[2025-01-23T14:55:19.433+0000] {logging_mixin.py:190} INFO - [2025-01-23T14:55:19.433+0000] {dag.py:4180} INFO - Setting next_dagrun for dataset_s3_bucket_producer to None, run_after=None
[2025-01-23T14:55:19.455+0000] {processor.py:208} INFO - Processing /home/airflow/.local/lib/python3.12/site-packages/airflow/example_dags/example_dataset_alias.py took 0.553 seconds
[2025-01-23T14:55:49.999+0000] {processor.py:186} INFO - Started process (PID=3570) to work on /home/airflow/.local/lib/python3.12/site-packages/airflow/example_dags/example_dataset_alias.py
[2025-01-23T14:55:50.000+0000] {processor.py:914} INFO - Processing file /home/airflow/.local/lib/python3.12/site-packages/airflow/example_dags/example_dataset_alias.py for tasks to queue
[2025-01-23T14:55:50.002+0000] {logging_mixin.py:190} INFO - [2025-01-23T14:55:50.002+0000] {dagbag.py:588} INFO - Filling up the DagBag from /home/airflow/.local/lib/python3.12/site-packages/airflow/example_dags/example_dataset_alias.py
[2025-01-23T14:55:50.510+0000] {processor.py:925} INFO - DAG(s) 'dataset_s3_bucket_producer', 'dataset_alias_example_alias_producer', 'dataset_alias_example_alias_consumer', 'dataset_s3_bucket_consumer' retrieved from /home/airflow/.local/lib/python3.12/site-packages/airflow/example_dags/example_dataset_alias.py
[2025-01-23T14:55:50.527+0000] {logging_mixin.py:190} INFO - [2025-01-23T14:55:50.527+0000] {dag.py:3239} INFO - Sync 4 DAGs
[2025-01-23T14:55:50.545+0000] {logging_mixin.py:190} INFO - [2025-01-23T14:55:50.544+0000] {dag.py:4180} INFO - Setting next_dagrun for dataset_alias_example_alias_consumer to None, run_after=None
[2025-01-23T14:55:50.546+0000] {logging_mixin.py:190} INFO - [2025-01-23T14:55:50.546+0000] {dag.py:4180} INFO - Setting next_dagrun for dataset_alias_example_alias_producer to None, run_after=None
[2025-01-23T14:55:50.547+0000] {logging_mixin.py:190} INFO - [2025-01-23T14:55:50.547+0000] {dag.py:4180} INFO - Setting next_dagrun for dataset_s3_bucket_consumer to None, run_after=None
[2025-01-23T14:55:50.548+0000] {logging_mixin.py:190} INFO - [2025-01-23T14:55:50.548+0000] {dag.py:4180} INFO - Setting next_dagrun for dataset_s3_bucket_producer to None, run_after=None
[2025-01-23T14:55:50.571+0000] {processor.py:208} INFO - Processing /home/airflow/.local/lib/python3.12/site-packages/airflow/example_dags/example_dataset_alias.py took 0.578 seconds
[2025-01-23T14:56:20.654+0000] {processor.py:186} INFO - Started process (PID=3866) to work on /home/airflow/.local/lib/python3.12/site-packages/airflow/example_dags/example_dataset_alias.py
[2025-01-23T14:56:20.656+0000] {processor.py:914} INFO - Processing file /home/airflow/.local/lib/python3.12/site-packages/airflow/example_dags/example_dataset_alias.py for tasks to queue
[2025-01-23T14:56:20.659+0000] {logging_mixin.py:190} INFO - [2025-01-23T14:56:20.658+0000] {dagbag.py:588} INFO - Filling up the DagBag from /home/airflow/.local/lib/python3.12/site-packages/airflow/example_dags/example_dataset_alias.py
[2025-01-23T14:56:21.385+0000] {processor.py:925} INFO - DAG(s) 'dataset_alias_example_alias_producer', 'dataset_s3_bucket_consumer', 'dataset_alias_example_alias_consumer', 'dataset_s3_bucket_producer' retrieved from /home/airflow/.local/lib/python3.12/site-packages/airflow/example_dags/example_dataset_alias.py
[2025-01-23T14:56:21.415+0000] {logging_mixin.py:190} INFO - [2025-01-23T14:56:21.414+0000] {dag.py:3239} INFO - Sync 4 DAGs
[2025-01-23T14:56:21.449+0000] {logging_mixin.py:190} INFO - [2025-01-23T14:56:21.448+0000] {dag.py:4180} INFO - Setting next_dagrun for dataset_alias_example_alias_consumer to None, run_after=None
[2025-01-23T14:56:21.453+0000] {logging_mixin.py:190} INFO - [2025-01-23T14:56:21.452+0000] {dag.py:4180} INFO - Setting next_dagrun for dataset_alias_example_alias_producer to None, run_after=None
[2025-01-23T14:56:21.454+0000] {logging_mixin.py:190} INFO - [2025-01-23T14:56:21.454+0000] {dag.py:4180} INFO - Setting next_dagrun for dataset_s3_bucket_consumer to None, run_after=None
[2025-01-23T14:56:21.456+0000] {logging_mixin.py:190} INFO - [2025-01-23T14:56:21.456+0000] {dag.py:4180} INFO - Setting next_dagrun for dataset_s3_bucket_producer to None, run_after=None
[2025-01-23T14:56:21.485+0000] {processor.py:208} INFO - Processing /home/airflow/.local/lib/python3.12/site-packages/airflow/example_dags/example_dataset_alias.py took 0.841 seconds
[2025-01-23T14:56:52.381+0000] {processor.py:186} INFO - Started process (PID=4162) to work on /home/airflow/.local/lib/python3.12/site-packages/airflow/example_dags/example_dataset_alias.py
[2025-01-23T14:56:52.387+0000] {processor.py:914} INFO - Processing file /home/airflow/.local/lib/python3.12/site-packages/airflow/example_dags/example_dataset_alias.py for tasks to queue
[2025-01-23T14:56:52.391+0000] {logging_mixin.py:190} INFO - [2025-01-23T14:56:52.391+0000] {dagbag.py:588} INFO - Filling up the DagBag from /home/airflow/.local/lib/python3.12/site-packages/airflow/example_dags/example_dataset_alias.py
[2025-01-23T14:56:53.045+0000] {processor.py:925} INFO - DAG(s) 'dataset_s3_bucket_consumer', 'dataset_alias_example_alias_producer', 'dataset_alias_example_alias_consumer', 'dataset_s3_bucket_producer' retrieved from /home/airflow/.local/lib/python3.12/site-packages/airflow/example_dags/example_dataset_alias.py
[2025-01-23T14:56:53.074+0000] {logging_mixin.py:190} INFO - [2025-01-23T14:56:53.073+0000] {dag.py:3239} INFO - Sync 4 DAGs
[2025-01-23T14:56:53.101+0000] {logging_mixin.py:190} INFO - [2025-01-23T14:56:53.101+0000] {dag.py:4180} INFO - Setting next_dagrun for dataset_alias_example_alias_consumer to None, run_after=None
[2025-01-23T14:56:53.106+0000] {logging_mixin.py:190} INFO - [2025-01-23T14:56:53.106+0000] {dag.py:4180} INFO - Setting next_dagrun for dataset_alias_example_alias_producer to None, run_after=None
[2025-01-23T14:56:53.108+0000] {logging_mixin.py:190} INFO - [2025-01-23T14:56:53.108+0000] {dag.py:4180} INFO - Setting next_dagrun for dataset_s3_bucket_consumer to None, run_after=None
[2025-01-23T14:56:53.109+0000] {logging_mixin.py:190} INFO - [2025-01-23T14:56:53.109+0000] {dag.py:4180} INFO - Setting next_dagrun for dataset_s3_bucket_producer to None, run_after=None
[2025-01-23T14:56:53.142+0000] {processor.py:208} INFO - Processing /home/airflow/.local/lib/python3.12/site-packages/airflow/example_dags/example_dataset_alias.py took 0.770 seconds
[2025-01-23T14:57:23.652+0000] {processor.py:186} INFO - Started process (PID=4458) to work on /home/airflow/.local/lib/python3.12/site-packages/airflow/example_dags/example_dataset_alias.py
[2025-01-23T14:57:23.657+0000] {processor.py:914} INFO - Processing file /home/airflow/.local/lib/python3.12/site-packages/airflow/example_dags/example_dataset_alias.py for tasks to queue
[2025-01-23T14:57:23.661+0000] {logging_mixin.py:190} INFO - [2025-01-23T14:57:23.660+0000] {dagbag.py:588} INFO - Filling up the DagBag from /home/airflow/.local/lib/python3.12/site-packages/airflow/example_dags/example_dataset_alias.py
[2025-01-23T14:57:24.315+0000] {processor.py:925} INFO - DAG(s) 'dataset_alias_example_alias_producer', 'dataset_s3_bucket_producer', 'dataset_s3_bucket_consumer', 'dataset_alias_example_alias_consumer' retrieved from /home/airflow/.local/lib/python3.12/site-packages/airflow/example_dags/example_dataset_alias.py
[2025-01-23T14:57:24.347+0000] {logging_mixin.py:190} INFO - [2025-01-23T14:57:24.345+0000] {dag.py:3239} INFO - Sync 4 DAGs
[2025-01-23T14:57:24.374+0000] {logging_mixin.py:190} INFO - [2025-01-23T14:57:24.373+0000] {dag.py:4180} INFO - Setting next_dagrun for dataset_alias_example_alias_consumer to None, run_after=None
[2025-01-23T14:57:24.377+0000] {logging_mixin.py:190} INFO - [2025-01-23T14:57:24.377+0000] {dag.py:4180} INFO - Setting next_dagrun for dataset_alias_example_alias_producer to None, run_after=None
[2025-01-23T14:57:24.379+0000] {logging_mixin.py:190} INFO - [2025-01-23T14:57:24.379+0000] {dag.py:4180} INFO - Setting next_dagrun for dataset_s3_bucket_consumer to None, run_after=None
[2025-01-23T14:57:24.382+0000] {logging_mixin.py:190} INFO - [2025-01-23T14:57:24.382+0000] {dag.py:4180} INFO - Setting next_dagrun for dataset_s3_bucket_producer to None, run_after=None
[2025-01-23T14:57:24.414+0000] {processor.py:208} INFO - Processing /home/airflow/.local/lib/python3.12/site-packages/airflow/example_dags/example_dataset_alias.py took 0.772 seconds
[2025-01-23T14:57:54.910+0000] {processor.py:186} INFO - Started process (PID=4754) to work on /home/airflow/.local/lib/python3.12/site-packages/airflow/example_dags/example_dataset_alias.py
[2025-01-23T14:57:54.916+0000] {processor.py:914} INFO - Processing file /home/airflow/.local/lib/python3.12/site-packages/airflow/example_dags/example_dataset_alias.py for tasks to queue
[2025-01-23T14:57:54.918+0000] {logging_mixin.py:190} INFO - [2025-01-23T14:57:54.918+0000] {dagbag.py:588} INFO - Filling up the DagBag from /home/airflow/.local/lib/python3.12/site-packages/airflow/example_dags/example_dataset_alias.py
[2025-01-23T14:57:55.564+0000] {processor.py:925} INFO - DAG(s) 'dataset_alias_example_alias_producer', 'dataset_s3_bucket_producer', 'dataset_s3_bucket_consumer', 'dataset_alias_example_alias_consumer' retrieved from /home/airflow/.local/lib/python3.12/site-packages/airflow/example_dags/example_dataset_alias.py
[2025-01-23T14:57:55.595+0000] {logging_mixin.py:190} INFO - [2025-01-23T14:57:55.594+0000] {dag.py:3239} INFO - Sync 4 DAGs
[2025-01-23T14:57:55.625+0000] {logging_mixin.py:190} INFO - [2025-01-23T14:57:55.625+0000] {dag.py:4180} INFO - Setting next_dagrun for dataset_alias_example_alias_consumer to None, run_after=None
[2025-01-23T14:57:55.628+0000] {logging_mixin.py:190} INFO - [2025-01-23T14:57:55.628+0000] {dag.py:4180} INFO - Setting next_dagrun for dataset_alias_example_alias_producer to None, run_after=None
[2025-01-23T14:57:55.631+0000] {logging_mixin.py:190} INFO - [2025-01-23T14:57:55.630+0000] {dag.py:4180} INFO - Setting next_dagrun for dataset_s3_bucket_consumer to None, run_after=None
[2025-01-23T14:57:55.632+0000] {logging_mixin.py:190} INFO - [2025-01-23T14:57:55.632+0000] {dag.py:4180} INFO - Setting next_dagrun for dataset_s3_bucket_producer to None, run_after=None
[2025-01-23T14:57:55.663+0000] {processor.py:208} INFO - Processing /home/airflow/.local/lib/python3.12/site-packages/airflow/example_dags/example_dataset_alias.py took 0.762 seconds
[2025-01-23T14:58:26.535+0000] {processor.py:186} INFO - Started process (PID=5056) to work on /home/airflow/.local/lib/python3.12/site-packages/airflow/example_dags/example_dataset_alias.py
[2025-01-23T14:58:26.541+0000] {processor.py:914} INFO - Processing file /home/airflow/.local/lib/python3.12/site-packages/airflow/example_dags/example_dataset_alias.py for tasks to queue
[2025-01-23T14:58:26.545+0000] {logging_mixin.py:190} INFO - [2025-01-23T14:58:26.544+0000] {dagbag.py:588} INFO - Filling up the DagBag from /home/airflow/.local/lib/python3.12/site-packages/airflow/example_dags/example_dataset_alias.py
[2025-01-23T14:58:27.267+0000] {processor.py:925} INFO - DAG(s) 'dataset_alias_example_alias_consumer', 'dataset_s3_bucket_producer', 'dataset_alias_example_alias_producer', 'dataset_s3_bucket_consumer' retrieved from /home/airflow/.local/lib/python3.12/site-packages/airflow/example_dags/example_dataset_alias.py
[2025-01-23T14:58:27.332+0000] {logging_mixin.py:190} INFO - [2025-01-23T14:58:27.330+0000] {dag.py:3239} INFO - Sync 4 DAGs
[2025-01-23T14:58:27.386+0000] {logging_mixin.py:190} INFO - [2025-01-23T14:58:27.385+0000] {dag.py:4180} INFO - Setting next_dagrun for dataset_alias_example_alias_consumer to None, run_after=None
[2025-01-23T14:58:27.389+0000] {logging_mixin.py:190} INFO - [2025-01-23T14:58:27.389+0000] {dag.py:4180} INFO - Setting next_dagrun for dataset_alias_example_alias_producer to None, run_after=None
[2025-01-23T14:58:27.391+0000] {logging_mixin.py:190} INFO - [2025-01-23T14:58:27.391+0000] {dag.py:4180} INFO - Setting next_dagrun for dataset_s3_bucket_consumer to None, run_after=None
[2025-01-23T14:58:27.394+0000] {logging_mixin.py:190} INFO - [2025-01-23T14:58:27.394+0000] {dag.py:4180} INFO - Setting next_dagrun for dataset_s3_bucket_producer to None, run_after=None
[2025-01-23T14:58:27.433+0000] {processor.py:208} INFO - Processing /home/airflow/.local/lib/python3.12/site-packages/airflow/example_dags/example_dataset_alias.py took 0.907 seconds
[2025-01-23T14:58:58.259+0000] {processor.py:186} INFO - Started process (PID=5352) to work on /home/airflow/.local/lib/python3.12/site-packages/airflow/example_dags/example_dataset_alias.py
[2025-01-23T14:58:58.262+0000] {processor.py:914} INFO - Processing file /home/airflow/.local/lib/python3.12/site-packages/airflow/example_dags/example_dataset_alias.py for tasks to queue
[2025-01-23T14:58:58.264+0000] {logging_mixin.py:190} INFO - [2025-01-23T14:58:58.263+0000] {dagbag.py:588} INFO - Filling up the DagBag from /home/airflow/.local/lib/python3.12/site-packages/airflow/example_dags/example_dataset_alias.py
[2025-01-23T14:58:58.928+0000] {processor.py:925} INFO - DAG(s) 'dataset_alias_example_alias_producer', 'dataset_alias_example_alias_consumer', 'dataset_s3_bucket_producer', 'dataset_s3_bucket_consumer' retrieved from /home/airflow/.local/lib/python3.12/site-packages/airflow/example_dags/example_dataset_alias.py
[2025-01-23T14:58:58.955+0000] {logging_mixin.py:190} INFO - [2025-01-23T14:58:58.955+0000] {dag.py:3239} INFO - Sync 4 DAGs
[2025-01-23T14:58:58.983+0000] {logging_mixin.py:190} INFO - [2025-01-23T14:58:58.983+0000] {dag.py:4180} INFO - Setting next_dagrun for dataset_alias_example_alias_consumer to None, run_after=None
[2025-01-23T14:58:58.986+0000] {logging_mixin.py:190} INFO - [2025-01-23T14:58:58.986+0000] {dag.py:4180} INFO - Setting next_dagrun for dataset_alias_example_alias_producer to None, run_after=None
[2025-01-23T14:58:58.988+0000] {logging_mixin.py:190} INFO - [2025-01-23T14:58:58.988+0000] {dag.py:4180} INFO - Setting next_dagrun for dataset_s3_bucket_consumer to None, run_after=None
[2025-01-23T14:58:58.990+0000] {logging_mixin.py:190} INFO - [2025-01-23T14:58:58.990+0000] {dag.py:4180} INFO - Setting next_dagrun for dataset_s3_bucket_producer to None, run_after=None
[2025-01-23T14:58:59.023+0000] {processor.py:208} INFO - Processing /home/airflow/.local/lib/python3.12/site-packages/airflow/example_dags/example_dataset_alias.py took 0.771 seconds
[2025-01-23T14:59:29.185+0000] {processor.py:186} INFO - Started process (PID=5648) to work on /home/airflow/.local/lib/python3.12/site-packages/airflow/example_dags/example_dataset_alias.py
[2025-01-23T14:59:29.186+0000] {processor.py:914} INFO - Processing file /home/airflow/.local/lib/python3.12/site-packages/airflow/example_dags/example_dataset_alias.py for tasks to queue
[2025-01-23T14:59:29.191+0000] {logging_mixin.py:190} INFO - [2025-01-23T14:59:29.190+0000] {dagbag.py:588} INFO - Filling up the DagBag from /home/airflow/.local/lib/python3.12/site-packages/airflow/example_dags/example_dataset_alias.py
[2025-01-23T14:59:29.873+0000] {processor.py:925} INFO - DAG(s) 'dataset_alias_example_alias_consumer', 'dataset_s3_bucket_consumer', 'dataset_s3_bucket_producer', 'dataset_alias_example_alias_producer' retrieved from /home/airflow/.local/lib/python3.12/site-packages/airflow/example_dags/example_dataset_alias.py
[2025-01-23T14:59:29.913+0000] {logging_mixin.py:190} INFO - [2025-01-23T14:59:29.912+0000] {dag.py:3239} INFO - Sync 4 DAGs
[2025-01-23T14:59:29.949+0000] {logging_mixin.py:190} INFO - [2025-01-23T14:59:29.948+0000] {dag.py:4180} INFO - Setting next_dagrun for dataset_alias_example_alias_consumer to None, run_after=None
[2025-01-23T14:59:29.952+0000] {logging_mixin.py:190} INFO - [2025-01-23T14:59:29.952+0000] {dag.py:4180} INFO - Setting next_dagrun for dataset_alias_example_alias_producer to None, run_after=None
[2025-01-23T14:59:29.954+0000] {logging_mixin.py:190} INFO - [2025-01-23T14:59:29.954+0000] {dag.py:4180} INFO - Setting next_dagrun for dataset_s3_bucket_consumer to None, run_after=None
[2025-01-23T14:59:29.957+0000] {logging_mixin.py:190} INFO - [2025-01-23T14:59:29.957+0000] {dag.py:4180} INFO - Setting next_dagrun for dataset_s3_bucket_producer to None, run_after=None
[2025-01-23T14:59:29.990+0000] {processor.py:208} INFO - Processing /home/airflow/.local/lib/python3.12/site-packages/airflow/example_dags/example_dataset_alias.py took 0.814 seconds
[2025-01-23T15:00:00.668+0000] {processor.py:186} INFO - Started process (PID=5944) to work on /home/airflow/.local/lib/python3.12/site-packages/airflow/example_dags/example_dataset_alias.py
[2025-01-23T15:00:00.674+0000] {processor.py:914} INFO - Processing file /home/airflow/.local/lib/python3.12/site-packages/airflow/example_dags/example_dataset_alias.py for tasks to queue
[2025-01-23T15:00:00.678+0000] {logging_mixin.py:190} INFO - [2025-01-23T15:00:00.677+0000] {dagbag.py:588} INFO - Filling up the DagBag from /home/airflow/.local/lib/python3.12/site-packages/airflow/example_dags/example_dataset_alias.py
[2025-01-23T15:00:01.365+0000] {processor.py:925} INFO - DAG(s) 'dataset_s3_bucket_consumer', 'dataset_s3_bucket_producer', 'dataset_alias_example_alias_producer', 'dataset_alias_example_alias_consumer' retrieved from /home/airflow/.local/lib/python3.12/site-packages/airflow/example_dags/example_dataset_alias.py
[2025-01-23T15:00:01.394+0000] {logging_mixin.py:190} INFO - [2025-01-23T15:00:01.393+0000] {dag.py:3239} INFO - Sync 4 DAGs
[2025-01-23T15:00:01.426+0000] {logging_mixin.py:190} INFO - [2025-01-23T15:00:01.425+0000] {dag.py:4180} INFO - Setting next_dagrun for dataset_alias_example_alias_consumer to None, run_after=None
[2025-01-23T15:00:01.429+0000] {logging_mixin.py:190} INFO - [2025-01-23T15:00:01.428+0000] {dag.py:4180} INFO - Setting next_dagrun for dataset_alias_example_alias_producer to None, run_after=None
[2025-01-23T15:00:01.430+0000] {logging_mixin.py:190} INFO - [2025-01-23T15:00:01.430+0000] {dag.py:4180} INFO - Setting next_dagrun for dataset_s3_bucket_consumer to None, run_after=None
[2025-01-23T15:00:01.433+0000] {logging_mixin.py:190} INFO - [2025-01-23T15:00:01.433+0000] {dag.py:4180} INFO - Setting next_dagrun for dataset_s3_bucket_producer to None, run_after=None
[2025-01-23T15:00:01.464+0000] {processor.py:208} INFO - Processing /home/airflow/.local/lib/python3.12/site-packages/airflow/example_dags/example_dataset_alias.py took 0.806 seconds
[2025-01-23T15:00:31.807+0000] {processor.py:186} INFO - Started process (PID=6240) to work on /home/airflow/.local/lib/python3.12/site-packages/airflow/example_dags/example_dataset_alias.py
[2025-01-23T15:00:31.809+0000] {processor.py:914} INFO - Processing file /home/airflow/.local/lib/python3.12/site-packages/airflow/example_dags/example_dataset_alias.py for tasks to queue
[2025-01-23T15:00:31.813+0000] {logging_mixin.py:190} INFO - [2025-01-23T15:00:31.812+0000] {dagbag.py:588} INFO - Filling up the DagBag from /home/airflow/.local/lib/python3.12/site-packages/airflow/example_dags/example_dataset_alias.py
[2025-01-23T15:00:32.772+0000] {processor.py:925} INFO - DAG(s) 'dataset_s3_bucket_producer', 'dataset_alias_example_alias_consumer', 'dataset_alias_example_alias_producer', 'dataset_s3_bucket_consumer' retrieved from /home/airflow/.local/lib/python3.12/site-packages/airflow/example_dags/example_dataset_alias.py
[2025-01-23T15:00:32.807+0000] {logging_mixin.py:190} INFO - [2025-01-23T15:00:32.807+0000] {dag.py:3239} INFO - Sync 4 DAGs
[2025-01-23T15:00:32.840+0000] {logging_mixin.py:190} INFO - [2025-01-23T15:00:32.839+0000] {dag.py:4180} INFO - Setting next_dagrun for dataset_alias_example_alias_consumer to None, run_after=None
[2025-01-23T15:00:32.844+0000] {logging_mixin.py:190} INFO - [2025-01-23T15:00:32.843+0000] {dag.py:4180} INFO - Setting next_dagrun for dataset_alias_example_alias_producer to None, run_after=None
[2025-01-23T15:00:32.846+0000] {logging_mixin.py:190} INFO - [2025-01-23T15:00:32.846+0000] {dag.py:4180} INFO - Setting next_dagrun for dataset_s3_bucket_consumer to None, run_after=None
[2025-01-23T15:00:32.849+0000] {logging_mixin.py:190} INFO - [2025-01-23T15:00:32.848+0000] {dag.py:4180} INFO - Setting next_dagrun for dataset_s3_bucket_producer to None, run_after=None
[2025-01-23T15:00:32.878+0000] {processor.py:208} INFO - Processing /home/airflow/.local/lib/python3.12/site-packages/airflow/example_dags/example_dataset_alias.py took 1.083 seconds
[2025-01-23T15:01:03.302+0000] {processor.py:186} INFO - Started process (PID=6536) to work on /home/airflow/.local/lib/python3.12/site-packages/airflow/example_dags/example_dataset_alias.py
[2025-01-23T15:01:03.304+0000] {processor.py:914} INFO - Processing file /home/airflow/.local/lib/python3.12/site-packages/airflow/example_dags/example_dataset_alias.py for tasks to queue
[2025-01-23T15:01:03.307+0000] {logging_mixin.py:190} INFO - [2025-01-23T15:01:03.307+0000] {dagbag.py:588} INFO - Filling up the DagBag from /home/airflow/.local/lib/python3.12/site-packages/airflow/example_dags/example_dataset_alias.py
[2025-01-23T15:01:04.196+0000] {processor.py:925} INFO - DAG(s) 'dataset_s3_bucket_producer', 'dataset_alias_example_alias_producer', 'dataset_s3_bucket_consumer', 'dataset_alias_example_alias_consumer' retrieved from /home/airflow/.local/lib/python3.12/site-packages/airflow/example_dags/example_dataset_alias.py
[2025-01-23T15:01:04.248+0000] {logging_mixin.py:190} INFO - [2025-01-23T15:01:04.247+0000] {dag.py:3239} INFO - Sync 4 DAGs
[2025-01-23T15:01:04.302+0000] {logging_mixin.py:190} INFO - [2025-01-23T15:01:04.301+0000] {dag.py:4180} INFO - Setting next_dagrun for dataset_alias_example_alias_consumer to None, run_after=None
[2025-01-23T15:01:04.311+0000] {logging_mixin.py:190} INFO - [2025-01-23T15:01:04.311+0000] {dag.py:4180} INFO - Setting next_dagrun for dataset_alias_example_alias_producer to None, run_after=None
[2025-01-23T15:01:04.315+0000] {logging_mixin.py:190} INFO - [2025-01-23T15:01:04.314+0000] {dag.py:4180} INFO - Setting next_dagrun for dataset_s3_bucket_consumer to None, run_after=None
[2025-01-23T15:01:04.318+0000] {logging_mixin.py:190} INFO - [2025-01-23T15:01:04.317+0000] {dag.py:4180} INFO - Setting next_dagrun for dataset_s3_bucket_producer to None, run_after=None
[2025-01-23T15:01:04.364+0000] {processor.py:208} INFO - Processing /home/airflow/.local/lib/python3.12/site-packages/airflow/example_dags/example_dataset_alias.py took 1.073 seconds
[2025-01-23T15:01:35.161+0000] {processor.py:186} INFO - Started process (PID=6832) to work on /home/airflow/.local/lib/python3.12/site-packages/airflow/example_dags/example_dataset_alias.py
[2025-01-23T15:01:35.167+0000] {processor.py:914} INFO - Processing file /home/airflow/.local/lib/python3.12/site-packages/airflow/example_dags/example_dataset_alias.py for tasks to queue
[2025-01-23T15:01:35.171+0000] {logging_mixin.py:190} INFO - [2025-01-23T15:01:35.170+0000] {dagbag.py:588} INFO - Filling up the DagBag from /home/airflow/.local/lib/python3.12/site-packages/airflow/example_dags/example_dataset_alias.py
[2025-01-23T15:01:36.005+0000] {processor.py:925} INFO - DAG(s) 'dataset_s3_bucket_consumer', 'dataset_s3_bucket_producer', 'dataset_alias_example_alias_consumer', 'dataset_alias_example_alias_producer' retrieved from /home/airflow/.local/lib/python3.12/site-packages/airflow/example_dags/example_dataset_alias.py
[2025-01-23T15:01:36.048+0000] {logging_mixin.py:190} INFO - [2025-01-23T15:01:36.047+0000] {dag.py:3239} INFO - Sync 4 DAGs
[2025-01-23T15:01:36.087+0000] {logging_mixin.py:190} INFO - [2025-01-23T15:01:36.087+0000] {dag.py:4180} INFO - Setting next_dagrun for dataset_alias_example_alias_consumer to None, run_after=None
[2025-01-23T15:01:36.092+0000] {logging_mixin.py:190} INFO - [2025-01-23T15:01:36.092+0000] {dag.py:4180} INFO - Setting next_dagrun for dataset_alias_example_alias_producer to None, run_after=None
[2025-01-23T15:01:36.095+0000] {logging_mixin.py:190} INFO - [2025-01-23T15:01:36.095+0000] {dag.py:4180} INFO - Setting next_dagrun for dataset_s3_bucket_consumer to None, run_after=None
[2025-01-23T15:01:36.098+0000] {logging_mixin.py:190} INFO - [2025-01-23T15:01:36.097+0000] {dag.py:4180} INFO - Setting next_dagrun for dataset_s3_bucket_producer to None, run_after=None
[2025-01-23T15:01:36.143+0000] {processor.py:208} INFO - Processing /home/airflow/.local/lib/python3.12/site-packages/airflow/example_dags/example_dataset_alias.py took 0.993 seconds
[2025-01-23T15:02:06.354+0000] {processor.py:186} INFO - Started process (PID=7128) to work on /home/airflow/.local/lib/python3.12/site-packages/airflow/example_dags/example_dataset_alias.py
[2025-01-23T15:02:06.356+0000] {processor.py:914} INFO - Processing file /home/airflow/.local/lib/python3.12/site-packages/airflow/example_dags/example_dataset_alias.py for tasks to queue
[2025-01-23T15:02:06.360+0000] {logging_mixin.py:190} INFO - [2025-01-23T15:02:06.360+0000] {dagbag.py:588} INFO - Filling up the DagBag from /home/airflow/.local/lib/python3.12/site-packages/airflow/example_dags/example_dataset_alias.py
[2025-01-23T15:02:07.141+0000] {processor.py:925} INFO - DAG(s) 'dataset_alias_example_alias_producer', 'dataset_s3_bucket_consumer', 'dataset_s3_bucket_producer', 'dataset_alias_example_alias_consumer' retrieved from /home/airflow/.local/lib/python3.12/site-packages/airflow/example_dags/example_dataset_alias.py
[2025-01-23T15:02:07.175+0000] {logging_mixin.py:190} INFO - [2025-01-23T15:02:07.174+0000] {dag.py:3239} INFO - Sync 4 DAGs
[2025-01-23T15:02:07.214+0000] {logging_mixin.py:190} INFO - [2025-01-23T15:02:07.213+0000] {dag.py:4180} INFO - Setting next_dagrun for dataset_alias_example_alias_consumer to None, run_after=None
[2025-01-23T15:02:07.219+0000] {logging_mixin.py:190} INFO - [2025-01-23T15:02:07.219+0000] {dag.py:4180} INFO - Setting next_dagrun for dataset_alias_example_alias_producer to None, run_after=None
[2025-01-23T15:02:07.222+0000] {logging_mixin.py:190} INFO - [2025-01-23T15:02:07.222+0000] {dag.py:4180} INFO - Setting next_dagrun for dataset_s3_bucket_consumer to None, run_after=None
[2025-01-23T15:02:07.225+0000] {logging_mixin.py:190} INFO - [2025-01-23T15:02:07.225+0000] {dag.py:4180} INFO - Setting next_dagrun for dataset_s3_bucket_producer to None, run_after=None
[2025-01-23T15:02:07.275+0000] {processor.py:208} INFO - Processing /home/airflow/.local/lib/python3.12/site-packages/airflow/example_dags/example_dataset_alias.py took 0.931 seconds
[2025-01-23T15:02:37.894+0000] {processor.py:186} INFO - Started process (PID=7424) to work on /home/airflow/.local/lib/python3.12/site-packages/airflow/example_dags/example_dataset_alias.py
[2025-01-23T15:02:37.900+0000] {processor.py:914} INFO - Processing file /home/airflow/.local/lib/python3.12/site-packages/airflow/example_dags/example_dataset_alias.py for tasks to queue
[2025-01-23T15:02:37.903+0000] {logging_mixin.py:190} INFO - [2025-01-23T15:02:37.903+0000] {dagbag.py:588} INFO - Filling up the DagBag from /home/airflow/.local/lib/python3.12/site-packages/airflow/example_dags/example_dataset_alias.py
[2025-01-23T15:02:38.660+0000] {processor.py:925} INFO - DAG(s) 'dataset_s3_bucket_producer', 'dataset_s3_bucket_consumer', 'dataset_alias_example_alias_producer', 'dataset_alias_example_alias_consumer' retrieved from /home/airflow/.local/lib/python3.12/site-packages/airflow/example_dags/example_dataset_alias.py
[2025-01-23T15:02:38.691+0000] {logging_mixin.py:190} INFO - [2025-01-23T15:02:38.690+0000] {dag.py:3239} INFO - Sync 4 DAGs
[2025-01-23T15:02:38.729+0000] {logging_mixin.py:190} INFO - [2025-01-23T15:02:38.729+0000] {dag.py:4180} INFO - Setting next_dagrun for dataset_alias_example_alias_consumer to None, run_after=None
[2025-01-23T15:02:38.732+0000] {logging_mixin.py:190} INFO - [2025-01-23T15:02:38.732+0000] {dag.py:4180} INFO - Setting next_dagrun for dataset_alias_example_alias_producer to None, run_after=None
[2025-01-23T15:02:38.735+0000] {logging_mixin.py:190} INFO - [2025-01-23T15:02:38.735+0000] {dag.py:4180} INFO - Setting next_dagrun for dataset_s3_bucket_consumer to None, run_after=None
[2025-01-23T15:02:38.737+0000] {logging_mixin.py:190} INFO - [2025-01-23T15:02:38.736+0000] {dag.py:4180} INFO - Setting next_dagrun for dataset_s3_bucket_producer to None, run_after=None
[2025-01-23T15:02:38.772+0000] {processor.py:208} INFO - Processing /home/airflow/.local/lib/python3.12/site-packages/airflow/example_dags/example_dataset_alias.py took 0.889 seconds
[2025-01-23T15:03:09.513+0000] {processor.py:186} INFO - Started process (PID=7723) to work on /home/airflow/.local/lib/python3.12/site-packages/airflow/example_dags/example_dataset_alias.py
[2025-01-23T15:03:09.515+0000] {processor.py:914} INFO - Processing file /home/airflow/.local/lib/python3.12/site-packages/airflow/example_dags/example_dataset_alias.py for tasks to queue
[2025-01-23T15:03:09.520+0000] {logging_mixin.py:190} INFO - [2025-01-23T15:03:09.519+0000] {dagbag.py:588} INFO - Filling up the DagBag from /home/airflow/.local/lib/python3.12/site-packages/airflow/example_dags/example_dataset_alias.py
[2025-01-23T15:03:10.195+0000] {processor.py:925} INFO - DAG(s) 'dataset_alias_example_alias_consumer', 'dataset_s3_bucket_consumer', 'dataset_alias_example_alias_producer', 'dataset_s3_bucket_producer' retrieved from /home/airflow/.local/lib/python3.12/site-packages/airflow/example_dags/example_dataset_alias.py
[2025-01-23T15:03:10.239+0000] {logging_mixin.py:190} INFO - [2025-01-23T15:03:10.237+0000] {dag.py:3239} INFO - Sync 4 DAGs
[2025-01-23T15:03:10.276+0000] {logging_mixin.py:190} INFO - [2025-01-23T15:03:10.275+0000] {dag.py:4180} INFO - Setting next_dagrun for dataset_alias_example_alias_consumer to None, run_after=None
[2025-01-23T15:03:10.280+0000] {logging_mixin.py:190} INFO - [2025-01-23T15:03:10.280+0000] {dag.py:4180} INFO - Setting next_dagrun for dataset_alias_example_alias_producer to None, run_after=None
[2025-01-23T15:03:10.285+0000] {logging_mixin.py:190} INFO - [2025-01-23T15:03:10.284+0000] {dag.py:4180} INFO - Setting next_dagrun for dataset_s3_bucket_consumer to None, run_after=None
[2025-01-23T15:03:10.286+0000] {logging_mixin.py:190} INFO - [2025-01-23T15:03:10.286+0000] {dag.py:4180} INFO - Setting next_dagrun for dataset_s3_bucket_producer to None, run_after=None
[2025-01-23T15:03:10.327+0000] {processor.py:208} INFO - Processing /home/airflow/.local/lib/python3.12/site-packages/airflow/example_dags/example_dataset_alias.py took 0.825 seconds
[2025-01-23T15:03:40.411+0000] {processor.py:186} INFO - Started process (PID=8021) to work on /home/airflow/.local/lib/python3.12/site-packages/airflow/example_dags/example_dataset_alias.py
[2025-01-23T15:03:40.413+0000] {processor.py:914} INFO - Processing file /home/airflow/.local/lib/python3.12/site-packages/airflow/example_dags/example_dataset_alias.py for tasks to queue
[2025-01-23T15:03:40.416+0000] {logging_mixin.py:190} INFO - [2025-01-23T15:03:40.415+0000] {dagbag.py:588} INFO - Filling up the DagBag from /home/airflow/.local/lib/python3.12/site-packages/airflow/example_dags/example_dataset_alias.py
[2025-01-23T15:03:41.096+0000] {processor.py:925} INFO - DAG(s) 'dataset_alias_example_alias_consumer', 'dataset_alias_example_alias_producer', 'dataset_s3_bucket_producer', 'dataset_s3_bucket_consumer' retrieved from /home/airflow/.local/lib/python3.12/site-packages/airflow/example_dags/example_dataset_alias.py
[2025-01-23T15:03:41.125+0000] {logging_mixin.py:190} INFO - [2025-01-23T15:03:41.124+0000] {dag.py:3239} INFO - Sync 4 DAGs
[2025-01-23T15:03:41.152+0000] {logging_mixin.py:190} INFO - [2025-01-23T15:03:41.152+0000] {dag.py:4180} INFO - Setting next_dagrun for dataset_alias_example_alias_consumer to None, run_after=None
[2025-01-23T15:03:41.156+0000] {logging_mixin.py:190} INFO - [2025-01-23T15:03:41.156+0000] {dag.py:4180} INFO - Setting next_dagrun for dataset_alias_example_alias_producer to None, run_after=None
[2025-01-23T15:03:41.158+0000] {logging_mixin.py:190} INFO - [2025-01-23T15:03:41.158+0000] {dag.py:4180} INFO - Setting next_dagrun for dataset_s3_bucket_consumer to None, run_after=None
[2025-01-23T15:03:41.159+0000] {logging_mixin.py:190} INFO - [2025-01-23T15:03:41.159+0000] {dag.py:4180} INFO - Setting next_dagrun for dataset_s3_bucket_producer to None, run_after=None
[2025-01-23T15:03:41.197+0000] {processor.py:208} INFO - Processing /home/airflow/.local/lib/python3.12/site-packages/airflow/example_dags/example_dataset_alias.py took 0.795 seconds
[2025-01-23T15:04:11.555+0000] {processor.py:186} INFO - Started process (PID=8310) to work on /home/airflow/.local/lib/python3.12/site-packages/airflow/example_dags/example_dataset_alias.py
[2025-01-23T15:04:11.556+0000] {processor.py:914} INFO - Processing file /home/airflow/.local/lib/python3.12/site-packages/airflow/example_dags/example_dataset_alias.py for tasks to queue
[2025-01-23T15:04:11.560+0000] {logging_mixin.py:190} INFO - [2025-01-23T15:04:11.560+0000] {dagbag.py:588} INFO - Filling up the DagBag from /home/airflow/.local/lib/python3.12/site-packages/airflow/example_dags/example_dataset_alias.py
[2025-01-23T15:04:12.212+0000] {processor.py:925} INFO - DAG(s) 'dataset_alias_example_alias_producer', 'dataset_s3_bucket_consumer', 'dataset_alias_example_alias_consumer', 'dataset_s3_bucket_producer' retrieved from /home/airflow/.local/lib/python3.12/site-packages/airflow/example_dags/example_dataset_alias.py
[2025-01-23T15:04:12.239+0000] {logging_mixin.py:190} INFO - [2025-01-23T15:04:12.239+0000] {dag.py:3239} INFO - Sync 4 DAGs
[2025-01-23T15:04:12.265+0000] {logging_mixin.py:190} INFO - [2025-01-23T15:04:12.264+0000] {dag.py:4180} INFO - Setting next_dagrun for dataset_alias_example_alias_consumer to None, run_after=None
[2025-01-23T15:04:12.269+0000] {logging_mixin.py:190} INFO - [2025-01-23T15:04:12.269+0000] {dag.py:4180} INFO - Setting next_dagrun for dataset_alias_example_alias_producer to None, run_after=None
[2025-01-23T15:04:12.271+0000] {logging_mixin.py:190} INFO - [2025-01-23T15:04:12.270+0000] {dag.py:4180} INFO - Setting next_dagrun for dataset_s3_bucket_consumer to None, run_after=None
[2025-01-23T15:04:12.272+0000] {logging_mixin.py:190} INFO - [2025-01-23T15:04:12.272+0000] {dag.py:4180} INFO - Setting next_dagrun for dataset_s3_bucket_producer to None, run_after=None
[2025-01-23T15:04:12.297+0000] {processor.py:208} INFO - Processing /home/airflow/.local/lib/python3.12/site-packages/airflow/example_dags/example_dataset_alias.py took 0.750 seconds
[2025-01-23T15:04:42.809+0000] {processor.py:186} INFO - Started process (PID=8606) to work on /home/airflow/.local/lib/python3.12/site-packages/airflow/example_dags/example_dataset_alias.py
[2025-01-23T15:04:42.810+0000] {processor.py:914} INFO - Processing file /home/airflow/.local/lib/python3.12/site-packages/airflow/example_dags/example_dataset_alias.py for tasks to queue
[2025-01-23T15:04:42.813+0000] {logging_mixin.py:190} INFO - [2025-01-23T15:04:42.813+0000] {dagbag.py:588} INFO - Filling up the DagBag from /home/airflow/.local/lib/python3.12/site-packages/airflow/example_dags/example_dataset_alias.py
[2025-01-23T15:04:43.476+0000] {processor.py:925} INFO - DAG(s) 'dataset_s3_bucket_producer', 'dataset_alias_example_alias_consumer', 'dataset_s3_bucket_consumer', 'dataset_alias_example_alias_producer' retrieved from /home/airflow/.local/lib/python3.12/site-packages/airflow/example_dags/example_dataset_alias.py
[2025-01-23T15:04:43.508+0000] {logging_mixin.py:190} INFO - [2025-01-23T15:04:43.507+0000] {dag.py:3239} INFO - Sync 4 DAGs
[2025-01-23T15:04:43.539+0000] {logging_mixin.py:190} INFO - [2025-01-23T15:04:43.539+0000] {dag.py:4180} INFO - Setting next_dagrun for dataset_alias_example_alias_consumer to None, run_after=None
[2025-01-23T15:04:43.543+0000] {logging_mixin.py:190} INFO - [2025-01-23T15:04:43.543+0000] {dag.py:4180} INFO - Setting next_dagrun for dataset_alias_example_alias_producer to None, run_after=None
[2025-01-23T15:04:43.545+0000] {logging_mixin.py:190} INFO - [2025-01-23T15:04:43.545+0000] {dag.py:4180} INFO - Setting next_dagrun for dataset_s3_bucket_consumer to None, run_after=None
[2025-01-23T15:04:43.546+0000] {logging_mixin.py:190} INFO - [2025-01-23T15:04:43.546+0000] {dag.py:4180} INFO - Setting next_dagrun for dataset_s3_bucket_producer to None, run_after=None
[2025-01-23T15:04:43.574+0000] {processor.py:208} INFO - Processing /home/airflow/.local/lib/python3.12/site-packages/airflow/example_dags/example_dataset_alias.py took 0.775 seconds
[2025-01-23T15:05:13.900+0000] {processor.py:186} INFO - Started process (PID=8902) to work on /home/airflow/.local/lib/python3.12/site-packages/airflow/example_dags/example_dataset_alias.py
[2025-01-23T15:05:13.901+0000] {processor.py:914} INFO - Processing file /home/airflow/.local/lib/python3.12/site-packages/airflow/example_dags/example_dataset_alias.py for tasks to queue
[2025-01-23T15:05:13.904+0000] {logging_mixin.py:190} INFO - [2025-01-23T15:05:13.904+0000] {dagbag.py:588} INFO - Filling up the DagBag from /home/airflow/.local/lib/python3.12/site-packages/airflow/example_dags/example_dataset_alias.py
[2025-01-23T15:05:14.571+0000] {processor.py:925} INFO - DAG(s) 'dataset_alias_example_alias_producer', 'dataset_s3_bucket_producer', 'dataset_alias_example_alias_consumer', 'dataset_s3_bucket_consumer' retrieved from /home/airflow/.local/lib/python3.12/site-packages/airflow/example_dags/example_dataset_alias.py
[2025-01-23T15:05:14.596+0000] {logging_mixin.py:190} INFO - [2025-01-23T15:05:14.596+0000] {dag.py:3239} INFO - Sync 4 DAGs
[2025-01-23T15:05:14.626+0000] {logging_mixin.py:190} INFO - [2025-01-23T15:05:14.626+0000] {dag.py:4180} INFO - Setting next_dagrun for dataset_alias_example_alias_consumer to None, run_after=None
[2025-01-23T15:05:14.630+0000] {logging_mixin.py:190} INFO - [2025-01-23T15:05:14.629+0000] {dag.py:4180} INFO - Setting next_dagrun for dataset_alias_example_alias_producer to None, run_after=None
[2025-01-23T15:05:14.632+0000] {logging_mixin.py:190} INFO - [2025-01-23T15:05:14.632+0000] {dag.py:4180} INFO - Setting next_dagrun for dataset_s3_bucket_consumer to None, run_after=None
[2025-01-23T15:05:14.634+0000] {logging_mixin.py:190} INFO - [2025-01-23T15:05:14.634+0000] {dag.py:4180} INFO - Setting next_dagrun for dataset_s3_bucket_producer to None, run_after=None
[2025-01-23T15:05:14.660+0000] {processor.py:208} INFO - Processing /home/airflow/.local/lib/python3.12/site-packages/airflow/example_dags/example_dataset_alias.py took 0.768 seconds
[2025-01-23T15:05:45.296+0000] {processor.py:186} INFO - Started process (PID=9205) to work on /home/airflow/.local/lib/python3.12/site-packages/airflow/example_dags/example_dataset_alias.py
[2025-01-23T15:05:45.299+0000] {processor.py:914} INFO - Processing file /home/airflow/.local/lib/python3.12/site-packages/airflow/example_dags/example_dataset_alias.py for tasks to queue
[2025-01-23T15:05:45.302+0000] {logging_mixin.py:190} INFO - [2025-01-23T15:05:45.301+0000] {dagbag.py:588} INFO - Filling up the DagBag from /home/airflow/.local/lib/python3.12/site-packages/airflow/example_dags/example_dataset_alias.py
[2025-01-23T15:05:45.970+0000] {processor.py:925} INFO - DAG(s) 'dataset_alias_example_alias_consumer', 'dataset_s3_bucket_producer', 'dataset_s3_bucket_consumer', 'dataset_alias_example_alias_producer' retrieved from /home/airflow/.local/lib/python3.12/site-packages/airflow/example_dags/example_dataset_alias.py
[2025-01-23T15:05:45.998+0000] {logging_mixin.py:190} INFO - [2025-01-23T15:05:45.997+0000] {dag.py:3239} INFO - Sync 4 DAGs
[2025-01-23T15:05:46.028+0000] {logging_mixin.py:190} INFO - [2025-01-23T15:05:46.028+0000] {dag.py:4180} INFO - Setting next_dagrun for dataset_alias_example_alias_consumer to None, run_after=None
[2025-01-23T15:05:46.031+0000] {logging_mixin.py:190} INFO - [2025-01-23T15:05:46.031+0000] {dag.py:4180} INFO - Setting next_dagrun for dataset_alias_example_alias_producer to None, run_after=None
[2025-01-23T15:05:46.032+0000] {logging_mixin.py:190} INFO - [2025-01-23T15:05:46.032+0000] {dag.py:4180} INFO - Setting next_dagrun for dataset_s3_bucket_consumer to None, run_after=None
[2025-01-23T15:05:46.035+0000] {logging_mixin.py:190} INFO - [2025-01-23T15:05:46.034+0000] {dag.py:4180} INFO - Setting next_dagrun for dataset_s3_bucket_producer to None, run_after=None
[2025-01-23T15:05:46.061+0000] {processor.py:208} INFO - Processing /home/airflow/.local/lib/python3.12/site-packages/airflow/example_dags/example_dataset_alias.py took 0.774 seconds
[2025-01-23T15:06:16.319+0000] {processor.py:186} INFO - Started process (PID=9523) to work on /home/airflow/.local/lib/python3.12/site-packages/airflow/example_dags/example_dataset_alias.py
[2025-01-23T15:06:16.320+0000] {processor.py:914} INFO - Processing file /home/airflow/.local/lib/python3.12/site-packages/airflow/example_dags/example_dataset_alias.py for tasks to queue
[2025-01-23T15:06:16.322+0000] {logging_mixin.py:190} INFO - [2025-01-23T15:06:16.322+0000] {dagbag.py:588} INFO - Filling up the DagBag from /home/airflow/.local/lib/python3.12/site-packages/airflow/example_dags/example_dataset_alias.py
[2025-01-23T15:06:16.994+0000] {processor.py:925} INFO - DAG(s) 'dataset_alias_example_alias_producer', 'dataset_s3_bucket_producer', 'dataset_alias_example_alias_consumer', 'dataset_s3_bucket_consumer' retrieved from /home/airflow/.local/lib/python3.12/site-packages/airflow/example_dags/example_dataset_alias.py
[2025-01-23T15:06:17.026+0000] {logging_mixin.py:190} INFO - [2025-01-23T15:06:17.025+0000] {dag.py:3239} INFO - Sync 4 DAGs
[2025-01-23T15:06:17.054+0000] {logging_mixin.py:190} INFO - [2025-01-23T15:06:17.053+0000] {dag.py:4180} INFO - Setting next_dagrun for dataset_alias_example_alias_consumer to None, run_after=None
[2025-01-23T15:06:17.057+0000] {logging_mixin.py:190} INFO - [2025-01-23T15:06:17.057+0000] {dag.py:4180} INFO - Setting next_dagrun for dataset_alias_example_alias_producer to None, run_after=None
[2025-01-23T15:06:17.059+0000] {logging_mixin.py:190} INFO - [2025-01-23T15:06:17.059+0000] {dag.py:4180} INFO - Setting next_dagrun for dataset_s3_bucket_consumer to None, run_after=None
[2025-01-23T15:06:17.061+0000] {logging_mixin.py:190} INFO - [2025-01-23T15:06:17.061+0000] {dag.py:4180} INFO - Setting next_dagrun for dataset_s3_bucket_producer to None, run_after=None
[2025-01-23T15:06:17.089+0000] {processor.py:208} INFO - Processing /home/airflow/.local/lib/python3.12/site-packages/airflow/example_dags/example_dataset_alias.py took 0.780 seconds
[2025-01-23T15:06:47.397+0000] {processor.py:186} INFO - Started process (PID=9819) to work on /home/airflow/.local/lib/python3.12/site-packages/airflow/example_dags/example_dataset_alias.py
[2025-01-23T15:06:47.399+0000] {processor.py:914} INFO - Processing file /home/airflow/.local/lib/python3.12/site-packages/airflow/example_dags/example_dataset_alias.py for tasks to queue
[2025-01-23T15:06:47.402+0000] {logging_mixin.py:190} INFO - [2025-01-23T15:06:47.402+0000] {dagbag.py:588} INFO - Filling up the DagBag from /home/airflow/.local/lib/python3.12/site-packages/airflow/example_dags/example_dataset_alias.py
[2025-01-23T15:06:48.223+0000] {processor.py:925} INFO - DAG(s) 'dataset_alias_example_alias_producer', 'dataset_alias_example_alias_consumer', 'dataset_s3_bucket_consumer', 'dataset_s3_bucket_producer' retrieved from /home/airflow/.local/lib/python3.12/site-packages/airflow/example_dags/example_dataset_alias.py
[2025-01-23T15:06:48.255+0000] {logging_mixin.py:190} INFO - [2025-01-23T15:06:48.254+0000] {dag.py:3239} INFO - Sync 4 DAGs
[2025-01-23T15:06:48.289+0000] {logging_mixin.py:190} INFO - [2025-01-23T15:06:48.288+0000] {dag.py:4180} INFO - Setting next_dagrun for dataset_alias_example_alias_consumer to None, run_after=None
[2025-01-23T15:06:48.293+0000] {logging_mixin.py:190} INFO - [2025-01-23T15:06:48.293+0000] {dag.py:4180} INFO - Setting next_dagrun for dataset_alias_example_alias_producer to None, run_after=None
[2025-01-23T15:06:48.295+0000] {logging_mixin.py:190} INFO - [2025-01-23T15:06:48.295+0000] {dag.py:4180} INFO - Setting next_dagrun for dataset_s3_bucket_consumer to None, run_after=None
[2025-01-23T15:06:48.298+0000] {logging_mixin.py:190} INFO - [2025-01-23T15:06:48.298+0000] {dag.py:4180} INFO - Setting next_dagrun for dataset_s3_bucket_producer to None, run_after=None
[2025-01-23T15:06:48.332+0000] {processor.py:208} INFO - Processing /home/airflow/.local/lib/python3.12/site-packages/airflow/example_dags/example_dataset_alias.py took 0.944 seconds
[2025-01-23T15:07:18.621+0000] {processor.py:186} INFO - Started process (PID=10115) to work on /home/airflow/.local/lib/python3.12/site-packages/airflow/example_dags/example_dataset_alias.py
[2025-01-23T15:07:18.627+0000] {processor.py:914} INFO - Processing file /home/airflow/.local/lib/python3.12/site-packages/airflow/example_dags/example_dataset_alias.py for tasks to queue
[2025-01-23T15:07:18.632+0000] {logging_mixin.py:190} INFO - [2025-01-23T15:07:18.631+0000] {dagbag.py:588} INFO - Filling up the DagBag from /home/airflow/.local/lib/python3.12/site-packages/airflow/example_dags/example_dataset_alias.py
[2025-01-23T15:07:19.414+0000] {processor.py:925} INFO - DAG(s) 'dataset_alias_example_alias_producer', 'dataset_s3_bucket_consumer', 'dataset_alias_example_alias_consumer', 'dataset_s3_bucket_producer' retrieved from /home/airflow/.local/lib/python3.12/site-packages/airflow/example_dags/example_dataset_alias.py
[2025-01-23T15:07:19.446+0000] {logging_mixin.py:190} INFO - [2025-01-23T15:07:19.445+0000] {dag.py:3239} INFO - Sync 4 DAGs
[2025-01-23T15:07:19.484+0000] {logging_mixin.py:190} INFO - [2025-01-23T15:07:19.483+0000] {dag.py:4180} INFO - Setting next_dagrun for dataset_alias_example_alias_consumer to None, run_after=None
[2025-01-23T15:07:19.488+0000] {logging_mixin.py:190} INFO - [2025-01-23T15:07:19.487+0000] {dag.py:4180} INFO - Setting next_dagrun for dataset_alias_example_alias_producer to None, run_after=None
[2025-01-23T15:07:19.490+0000] {logging_mixin.py:190} INFO - [2025-01-23T15:07:19.490+0000] {dag.py:4180} INFO - Setting next_dagrun for dataset_s3_bucket_consumer to None, run_after=None
[2025-01-23T15:07:19.492+0000] {logging_mixin.py:190} INFO - [2025-01-23T15:07:19.491+0000] {dag.py:4180} INFO - Setting next_dagrun for dataset_s3_bucket_producer to None, run_after=None
[2025-01-23T15:07:19.522+0000] {processor.py:208} INFO - Processing /home/airflow/.local/lib/python3.12/site-packages/airflow/example_dags/example_dataset_alias.py took 0.912 seconds
[2025-01-23T15:07:49.585+0000] {processor.py:186} INFO - Started process (PID=10426) to work on /home/airflow/.local/lib/python3.12/site-packages/airflow/example_dags/example_dataset_alias.py
[2025-01-23T15:07:49.591+0000] {processor.py:914} INFO - Processing file /home/airflow/.local/lib/python3.12/site-packages/airflow/example_dags/example_dataset_alias.py for tasks to queue
[2025-01-23T15:07:49.595+0000] {logging_mixin.py:190} INFO - [2025-01-23T15:07:49.595+0000] {dagbag.py:588} INFO - Filling up the DagBag from /home/airflow/.local/lib/python3.12/site-packages/airflow/example_dags/example_dataset_alias.py
[2025-01-23T15:07:50.400+0000] {processor.py:925} INFO - DAG(s) 'dataset_s3_bucket_consumer', 'dataset_alias_example_alias_producer', 'dataset_s3_bucket_producer', 'dataset_alias_example_alias_consumer' retrieved from /home/airflow/.local/lib/python3.12/site-packages/airflow/example_dags/example_dataset_alias.py
[2025-01-23T15:07:50.438+0000] {logging_mixin.py:190} INFO - [2025-01-23T15:07:50.437+0000] {dag.py:3239} INFO - Sync 4 DAGs
[2025-01-23T15:07:50.477+0000] {logging_mixin.py:190} INFO - [2025-01-23T15:07:50.477+0000] {dag.py:4180} INFO - Setting next_dagrun for dataset_alias_example_alias_consumer to None, run_after=None
[2025-01-23T15:07:50.483+0000] {logging_mixin.py:190} INFO - [2025-01-23T15:07:50.482+0000] {dag.py:4180} INFO - Setting next_dagrun for dataset_alias_example_alias_producer to None, run_after=None
[2025-01-23T15:07:50.485+0000] {logging_mixin.py:190} INFO - [2025-01-23T15:07:50.485+0000] {dag.py:4180} INFO - Setting next_dagrun for dataset_s3_bucket_consumer to None, run_after=None
[2025-01-23T15:07:50.488+0000] {logging_mixin.py:190} INFO - [2025-01-23T15:07:50.487+0000] {dag.py:4180} INFO - Setting next_dagrun for dataset_s3_bucket_producer to None, run_after=None
[2025-01-23T15:07:50.526+0000] {processor.py:208} INFO - Processing /home/airflow/.local/lib/python3.12/site-packages/airflow/example_dags/example_dataset_alias.py took 0.952 seconds
