[2025-01-23T14:50:06.251+0000] {processor.py:186} INFO - Started process (PID=252) to work on /home/airflow/.local/lib/python3.12/site-packages/airflow/example_dags/example_sensors.py
[2025-01-23T14:50:06.253+0000] {processor.py:914} INFO - Processing file /home/airflow/.local/lib/python3.12/site-packages/airflow/example_dags/example_sensors.py for tasks to queue
[2025-01-23T14:50:06.255+0000] {logging_mixin.py:190} INFO - [2025-01-23T14:50:06.254+0000] {dagbag.py:588} INFO - Filling up the DagBag from /home/airflow/.local/lib/python3.12/site-packages/airflow/example_dags/example_sensors.py
[2025-01-23T14:50:06.266+0000] {processor.py:925} INFO - DAG(s) 'example_sensors' retrieved from /home/airflow/.local/lib/python3.12/site-packages/airflow/example_dags/example_sensors.py
[2025-01-23T14:50:06.291+0000] {logging_mixin.py:190} INFO - [2025-01-23T14:50:06.291+0000] {dag.py:3239} INFO - Sync 1 DAGs
[2025-01-23T14:50:06.306+0000] {logging_mixin.py:190} INFO - [2025-01-23T14:50:06.306+0000] {dag.py:4180} INFO - Setting next_dagrun for example_sensors to None, run_after=None
[2025-01-23T14:50:06.325+0000] {processor.py:208} INFO - Processing /home/airflow/.local/lib/python3.12/site-packages/airflow/example_dags/example_sensors.py took 0.080 seconds
[2025-01-23T14:50:36.944+0000] {processor.py:186} INFO - Started process (PID=550) to work on /home/airflow/.local/lib/python3.12/site-packages/airflow/example_dags/example_sensors.py
[2025-01-23T14:50:36.945+0000] {processor.py:914} INFO - Processing file /home/airflow/.local/lib/python3.12/site-packages/airflow/example_dags/example_sensors.py for tasks to queue
[2025-01-23T14:50:36.947+0000] {logging_mixin.py:190} INFO - [2025-01-23T14:50:36.947+0000] {dagbag.py:588} INFO - Filling up the DagBag from /home/airflow/.local/lib/python3.12/site-packages/airflow/example_dags/example_sensors.py
[2025-01-23T14:50:36.957+0000] {processor.py:925} INFO - DAG(s) 'example_sensors' retrieved from /home/airflow/.local/lib/python3.12/site-packages/airflow/example_dags/example_sensors.py
[2025-01-23T14:50:36.983+0000] {logging_mixin.py:190} INFO - [2025-01-23T14:50:36.982+0000] {dag.py:3239} INFO - Sync 1 DAGs
[2025-01-23T14:50:37.001+0000] {logging_mixin.py:190} INFO - [2025-01-23T14:50:36.999+0000] {dag.py:4180} INFO - Setting next_dagrun for example_sensors to None, run_after=None
[2025-01-23T14:50:37.020+0000] {processor.py:208} INFO - Processing /home/airflow/.local/lib/python3.12/site-packages/airflow/example_dags/example_sensors.py took 0.081 seconds
[2025-01-23T14:51:07.856+0000] {processor.py:186} INFO - Started process (PID=844) to work on /home/airflow/.local/lib/python3.12/site-packages/airflow/example_dags/example_sensors.py
[2025-01-23T14:51:07.857+0000] {processor.py:914} INFO - Processing file /home/airflow/.local/lib/python3.12/site-packages/airflow/example_dags/example_sensors.py for tasks to queue
[2025-01-23T14:51:07.859+0000] {logging_mixin.py:190} INFO - [2025-01-23T14:51:07.859+0000] {dagbag.py:588} INFO - Filling up the DagBag from /home/airflow/.local/lib/python3.12/site-packages/airflow/example_dags/example_sensors.py
[2025-01-23T14:51:07.911+0000] {processor.py:925} INFO - DAG(s) 'example_sensors' retrieved from /home/airflow/.local/lib/python3.12/site-packages/airflow/example_dags/example_sensors.py
[2025-01-23T14:51:08.002+0000] {logging_mixin.py:190} INFO - [2025-01-23T14:51:08.002+0000] {dag.py:3239} INFO - Sync 1 DAGs
[2025-01-23T14:51:08.044+0000] {logging_mixin.py:190} INFO - [2025-01-23T14:51:08.043+0000] {dag.py:4180} INFO - Setting next_dagrun for example_sensors to None, run_after=None
[2025-01-23T14:51:08.108+0000] {processor.py:208} INFO - Processing /home/airflow/.local/lib/python3.12/site-packages/airflow/example_dags/example_sensors.py took 0.261 seconds
[2025-01-23T14:51:38.431+0000] {processor.py:186} INFO - Started process (PID=1137) to work on /home/airflow/.local/lib/python3.12/site-packages/airflow/example_dags/example_sensors.py
[2025-01-23T14:51:38.433+0000] {processor.py:914} INFO - Processing file /home/airflow/.local/lib/python3.12/site-packages/airflow/example_dags/example_sensors.py for tasks to queue
[2025-01-23T14:51:38.438+0000] {logging_mixin.py:190} INFO - [2025-01-23T14:51:38.437+0000] {dagbag.py:588} INFO - Filling up the DagBag from /home/airflow/.local/lib/python3.12/site-packages/airflow/example_dags/example_sensors.py
[2025-01-23T14:51:38.450+0000] {processor.py:925} INFO - DAG(s) 'example_sensors' retrieved from /home/airflow/.local/lib/python3.12/site-packages/airflow/example_dags/example_sensors.py
[2025-01-23T14:51:38.475+0000] {logging_mixin.py:190} INFO - [2025-01-23T14:51:38.474+0000] {dag.py:3239} INFO - Sync 1 DAGs
[2025-01-23T14:51:38.487+0000] {logging_mixin.py:190} INFO - [2025-01-23T14:51:38.487+0000] {dag.py:4180} INFO - Setting next_dagrun for example_sensors to None, run_after=None
[2025-01-23T14:51:38.504+0000] {processor.py:208} INFO - Processing /home/airflow/.local/lib/python3.12/site-packages/airflow/example_dags/example_sensors.py took 0.079 seconds
[2025-01-23T14:52:08.626+0000] {processor.py:186} INFO - Started process (PID=1433) to work on /home/airflow/.local/lib/python3.12/site-packages/airflow/example_dags/example_sensors.py
[2025-01-23T14:52:08.627+0000] {processor.py:914} INFO - Processing file /home/airflow/.local/lib/python3.12/site-packages/airflow/example_dags/example_sensors.py for tasks to queue
[2025-01-23T14:52:08.629+0000] {logging_mixin.py:190} INFO - [2025-01-23T14:52:08.629+0000] {dagbag.py:588} INFO - Filling up the DagBag from /home/airflow/.local/lib/python3.12/site-packages/airflow/example_dags/example_sensors.py
[2025-01-23T14:52:08.638+0000] {processor.py:925} INFO - DAG(s) 'example_sensors' retrieved from /home/airflow/.local/lib/python3.12/site-packages/airflow/example_dags/example_sensors.py
[2025-01-23T14:52:08.662+0000] {logging_mixin.py:190} INFO - [2025-01-23T14:52:08.662+0000] {dag.py:3239} INFO - Sync 1 DAGs
[2025-01-23T14:52:08.675+0000] {logging_mixin.py:190} INFO - [2025-01-23T14:52:08.674+0000] {dag.py:4180} INFO - Setting next_dagrun for example_sensors to None, run_after=None
[2025-01-23T14:52:08.692+0000] {processor.py:208} INFO - Processing /home/airflow/.local/lib/python3.12/site-packages/airflow/example_dags/example_sensors.py took 0.072 seconds
[2025-01-23T14:52:39.047+0000] {processor.py:186} INFO - Started process (PID=1729) to work on /home/airflow/.local/lib/python3.12/site-packages/airflow/example_dags/example_sensors.py
[2025-01-23T14:52:39.048+0000] {processor.py:914} INFO - Processing file /home/airflow/.local/lib/python3.12/site-packages/airflow/example_dags/example_sensors.py for tasks to queue
[2025-01-23T14:52:39.050+0000] {logging_mixin.py:190} INFO - [2025-01-23T14:52:39.050+0000] {dagbag.py:588} INFO - Filling up the DagBag from /home/airflow/.local/lib/python3.12/site-packages/airflow/example_dags/example_sensors.py
[2025-01-23T14:52:39.059+0000] {processor.py:925} INFO - DAG(s) 'example_sensors' retrieved from /home/airflow/.local/lib/python3.12/site-packages/airflow/example_dags/example_sensors.py
[2025-01-23T14:52:39.081+0000] {logging_mixin.py:190} INFO - [2025-01-23T14:52:39.081+0000] {dag.py:3239} INFO - Sync 1 DAGs
[2025-01-23T14:52:39.093+0000] {logging_mixin.py:190} INFO - [2025-01-23T14:52:39.093+0000] {dag.py:4180} INFO - Setting next_dagrun for example_sensors to None, run_after=None
[2025-01-23T14:52:39.110+0000] {processor.py:208} INFO - Processing /home/airflow/.local/lib/python3.12/site-packages/airflow/example_dags/example_sensors.py took 0.069 seconds
[2025-01-23T14:53:09.673+0000] {processor.py:186} INFO - Started process (PID=2024) to work on /home/airflow/.local/lib/python3.12/site-packages/airflow/example_dags/example_sensors.py
[2025-01-23T14:53:09.674+0000] {processor.py:914} INFO - Processing file /home/airflow/.local/lib/python3.12/site-packages/airflow/example_dags/example_sensors.py for tasks to queue
[2025-01-23T14:53:09.676+0000] {logging_mixin.py:190} INFO - [2025-01-23T14:53:09.676+0000] {dagbag.py:588} INFO - Filling up the DagBag from /home/airflow/.local/lib/python3.12/site-packages/airflow/example_dags/example_sensors.py
[2025-01-23T14:53:09.686+0000] {processor.py:925} INFO - DAG(s) 'example_sensors' retrieved from /home/airflow/.local/lib/python3.12/site-packages/airflow/example_dags/example_sensors.py
[2025-01-23T14:53:09.710+0000] {logging_mixin.py:190} INFO - [2025-01-23T14:53:09.710+0000] {dag.py:3239} INFO - Sync 1 DAGs
[2025-01-23T14:53:09.723+0000] {logging_mixin.py:190} INFO - [2025-01-23T14:53:09.723+0000] {dag.py:4180} INFO - Setting next_dagrun for example_sensors to None, run_after=None
[2025-01-23T14:53:09.742+0000] {processor.py:208} INFO - Processing /home/airflow/.local/lib/python3.12/site-packages/airflow/example_dags/example_sensors.py took 0.075 seconds
[2025-01-23T14:53:40.475+0000] {processor.py:186} INFO - Started process (PID=2321) to work on /home/airflow/.local/lib/python3.12/site-packages/airflow/example_dags/example_sensors.py
[2025-01-23T14:53:40.476+0000] {processor.py:914} INFO - Processing file /home/airflow/.local/lib/python3.12/site-packages/airflow/example_dags/example_sensors.py for tasks to queue
[2025-01-23T14:53:40.478+0000] {logging_mixin.py:190} INFO - [2025-01-23T14:53:40.478+0000] {dagbag.py:588} INFO - Filling up the DagBag from /home/airflow/.local/lib/python3.12/site-packages/airflow/example_dags/example_sensors.py
[2025-01-23T14:53:40.487+0000] {processor.py:925} INFO - DAG(s) 'example_sensors' retrieved from /home/airflow/.local/lib/python3.12/site-packages/airflow/example_dags/example_sensors.py
[2025-01-23T14:53:40.509+0000] {logging_mixin.py:190} INFO - [2025-01-23T14:53:40.509+0000] {dag.py:3239} INFO - Sync 1 DAGs
[2025-01-23T14:53:40.521+0000] {logging_mixin.py:190} INFO - [2025-01-23T14:53:40.521+0000] {dag.py:4180} INFO - Setting next_dagrun for example_sensors to None, run_after=None
[2025-01-23T14:53:40.539+0000] {processor.py:208} INFO - Processing /home/airflow/.local/lib/python3.12/site-packages/airflow/example_dags/example_sensors.py took 0.070 seconds
[2025-01-23T14:54:10.994+0000] {processor.py:186} INFO - Started process (PID=2617) to work on /home/airflow/.local/lib/python3.12/site-packages/airflow/example_dags/example_sensors.py
[2025-01-23T14:54:10.995+0000] {processor.py:914} INFO - Processing file /home/airflow/.local/lib/python3.12/site-packages/airflow/example_dags/example_sensors.py for tasks to queue
[2025-01-23T14:54:10.998+0000] {logging_mixin.py:190} INFO - [2025-01-23T14:54:10.997+0000] {dagbag.py:588} INFO - Filling up the DagBag from /home/airflow/.local/lib/python3.12/site-packages/airflow/example_dags/example_sensors.py
[2025-01-23T14:54:11.009+0000] {processor.py:925} INFO - DAG(s) 'example_sensors' retrieved from /home/airflow/.local/lib/python3.12/site-packages/airflow/example_dags/example_sensors.py
[2025-01-23T14:54:11.033+0000] {logging_mixin.py:190} INFO - [2025-01-23T14:54:11.033+0000] {dag.py:3239} INFO - Sync 1 DAGs
[2025-01-23T14:54:11.045+0000] {logging_mixin.py:190} INFO - [2025-01-23T14:54:11.045+0000] {dag.py:4180} INFO - Setting next_dagrun for example_sensors to None, run_after=None
[2025-01-23T14:54:11.062+0000] {processor.py:208} INFO - Processing /home/airflow/.local/lib/python3.12/site-packages/airflow/example_dags/example_sensors.py took 0.076 seconds
[2025-01-23T14:54:41.265+0000] {processor.py:186} INFO - Started process (PID=2913) to work on /home/airflow/.local/lib/python3.12/site-packages/airflow/example_dags/example_sensors.py
[2025-01-23T14:54:41.266+0000] {processor.py:914} INFO - Processing file /home/airflow/.local/lib/python3.12/site-packages/airflow/example_dags/example_sensors.py for tasks to queue
[2025-01-23T14:54:41.268+0000] {logging_mixin.py:190} INFO - [2025-01-23T14:54:41.268+0000] {dagbag.py:588} INFO - Filling up the DagBag from /home/airflow/.local/lib/python3.12/site-packages/airflow/example_dags/example_sensors.py
[2025-01-23T14:54:41.277+0000] {processor.py:925} INFO - DAG(s) 'example_sensors' retrieved from /home/airflow/.local/lib/python3.12/site-packages/airflow/example_dags/example_sensors.py
[2025-01-23T14:54:41.299+0000] {logging_mixin.py:190} INFO - [2025-01-23T14:54:41.299+0000] {dag.py:3239} INFO - Sync 1 DAGs
[2025-01-23T14:54:41.311+0000] {logging_mixin.py:190} INFO - [2025-01-23T14:54:41.311+0000] {dag.py:4180} INFO - Setting next_dagrun for example_sensors to None, run_after=None
[2025-01-23T14:54:41.328+0000] {processor.py:208} INFO - Processing /home/airflow/.local/lib/python3.12/site-packages/airflow/example_dags/example_sensors.py took 0.068 seconds
[2025-01-23T14:55:11.662+0000] {processor.py:186} INFO - Started process (PID=3209) to work on /home/airflow/.local/lib/python3.12/site-packages/airflow/example_dags/example_sensors.py
[2025-01-23T14:55:11.663+0000] {processor.py:914} INFO - Processing file /home/airflow/.local/lib/python3.12/site-packages/airflow/example_dags/example_sensors.py for tasks to queue
[2025-01-23T14:55:11.665+0000] {logging_mixin.py:190} INFO - [2025-01-23T14:55:11.665+0000] {dagbag.py:588} INFO - Filling up the DagBag from /home/airflow/.local/lib/python3.12/site-packages/airflow/example_dags/example_sensors.py
[2025-01-23T14:55:11.675+0000] {processor.py:925} INFO - DAG(s) 'example_sensors' retrieved from /home/airflow/.local/lib/python3.12/site-packages/airflow/example_dags/example_sensors.py
[2025-01-23T14:55:11.699+0000] {logging_mixin.py:190} INFO - [2025-01-23T14:55:11.698+0000] {dag.py:3239} INFO - Sync 1 DAGs
[2025-01-23T14:55:11.711+0000] {logging_mixin.py:190} INFO - [2025-01-23T14:55:11.711+0000] {dag.py:4180} INFO - Setting next_dagrun for example_sensors to None, run_after=None
[2025-01-23T14:55:11.728+0000] {processor.py:208} INFO - Processing /home/airflow/.local/lib/python3.12/site-packages/airflow/example_dags/example_sensors.py took 0.072 seconds
[2025-01-23T14:55:41.820+0000] {processor.py:186} INFO - Started process (PID=3505) to work on /home/airflow/.local/lib/python3.12/site-packages/airflow/example_dags/example_sensors.py
[2025-01-23T14:55:41.821+0000] {processor.py:914} INFO - Processing file /home/airflow/.local/lib/python3.12/site-packages/airflow/example_dags/example_sensors.py for tasks to queue
[2025-01-23T14:55:41.823+0000] {logging_mixin.py:190} INFO - [2025-01-23T14:55:41.823+0000] {dagbag.py:588} INFO - Filling up the DagBag from /home/airflow/.local/lib/python3.12/site-packages/airflow/example_dags/example_sensors.py
[2025-01-23T14:55:41.833+0000] {processor.py:925} INFO - DAG(s) 'example_sensors' retrieved from /home/airflow/.local/lib/python3.12/site-packages/airflow/example_dags/example_sensors.py
[2025-01-23T14:55:41.856+0000] {logging_mixin.py:190} INFO - [2025-01-23T14:55:41.856+0000] {dag.py:3239} INFO - Sync 1 DAGs
[2025-01-23T14:55:41.868+0000] {logging_mixin.py:190} INFO - [2025-01-23T14:55:41.868+0000] {dag.py:4180} INFO - Setting next_dagrun for example_sensors to None, run_after=None
[2025-01-23T14:55:41.885+0000] {processor.py:208} INFO - Processing /home/airflow/.local/lib/python3.12/site-packages/airflow/example_dags/example_sensors.py took 0.072 seconds
[2025-01-23T14:56:12.706+0000] {processor.py:186} INFO - Started process (PID=3801) to work on /home/airflow/.local/lib/python3.12/site-packages/airflow/example_dags/example_sensors.py
[2025-01-23T14:56:12.708+0000] {processor.py:914} INFO - Processing file /home/airflow/.local/lib/python3.12/site-packages/airflow/example_dags/example_sensors.py for tasks to queue
[2025-01-23T14:56:12.711+0000] {logging_mixin.py:190} INFO - [2025-01-23T14:56:12.711+0000] {dagbag.py:588} INFO - Filling up the DagBag from /home/airflow/.local/lib/python3.12/site-packages/airflow/example_dags/example_sensors.py
[2025-01-23T14:56:12.730+0000] {processor.py:925} INFO - DAG(s) 'example_sensors' retrieved from /home/airflow/.local/lib/python3.12/site-packages/airflow/example_dags/example_sensors.py
[2025-01-23T14:56:12.760+0000] {logging_mixin.py:190} INFO - [2025-01-23T14:56:12.760+0000] {dag.py:3239} INFO - Sync 1 DAGs
[2025-01-23T14:56:12.777+0000] {logging_mixin.py:190} INFO - [2025-01-23T14:56:12.776+0000] {dag.py:4180} INFO - Setting next_dagrun for example_sensors to None, run_after=None
[2025-01-23T14:56:12.804+0000] {processor.py:208} INFO - Processing /home/airflow/.local/lib/python3.12/site-packages/airflow/example_dags/example_sensors.py took 0.105 seconds
[2025-01-23T14:56:43.677+0000] {processor.py:186} INFO - Started process (PID=4097) to work on /home/airflow/.local/lib/python3.12/site-packages/airflow/example_dags/example_sensors.py
[2025-01-23T14:56:43.679+0000] {processor.py:914} INFO - Processing file /home/airflow/.local/lib/python3.12/site-packages/airflow/example_dags/example_sensors.py for tasks to queue
[2025-01-23T14:56:43.683+0000] {logging_mixin.py:190} INFO - [2025-01-23T14:56:43.682+0000] {dagbag.py:588} INFO - Filling up the DagBag from /home/airflow/.local/lib/python3.12/site-packages/airflow/example_dags/example_sensors.py
[2025-01-23T14:56:43.695+0000] {processor.py:925} INFO - DAG(s) 'example_sensors' retrieved from /home/airflow/.local/lib/python3.12/site-packages/airflow/example_dags/example_sensors.py
[2025-01-23T14:56:43.726+0000] {logging_mixin.py:190} INFO - [2025-01-23T14:56:43.725+0000] {dag.py:3239} INFO - Sync 1 DAGs
[2025-01-23T14:56:43.744+0000] {logging_mixin.py:190} INFO - [2025-01-23T14:56:43.744+0000] {dag.py:4180} INFO - Setting next_dagrun for example_sensors to None, run_after=None
[2025-01-23T14:56:43.772+0000] {processor.py:208} INFO - Processing /home/airflow/.local/lib/python3.12/site-packages/airflow/example_dags/example_sensors.py took 0.101 seconds
[2025-01-23T14:57:13.910+0000] {processor.py:186} INFO - Started process (PID=4393) to work on /home/airflow/.local/lib/python3.12/site-packages/airflow/example_dags/example_sensors.py
[2025-01-23T14:57:13.914+0000] {processor.py:914} INFO - Processing file /home/airflow/.local/lib/python3.12/site-packages/airflow/example_dags/example_sensors.py for tasks to queue
[2025-01-23T14:57:13.918+0000] {logging_mixin.py:190} INFO - [2025-01-23T14:57:13.917+0000] {dagbag.py:588} INFO - Filling up the DagBag from /home/airflow/.local/lib/python3.12/site-packages/airflow/example_dags/example_sensors.py
[2025-01-23T14:57:13.933+0000] {processor.py:925} INFO - DAG(s) 'example_sensors' retrieved from /home/airflow/.local/lib/python3.12/site-packages/airflow/example_dags/example_sensors.py
[2025-01-23T14:57:13.966+0000] {logging_mixin.py:190} INFO - [2025-01-23T14:57:13.966+0000] {dag.py:3239} INFO - Sync 1 DAGs
[2025-01-23T14:57:13.983+0000] {logging_mixin.py:190} INFO - [2025-01-23T14:57:13.982+0000] {dag.py:4180} INFO - Setting next_dagrun for example_sensors to None, run_after=None
[2025-01-23T14:57:14.008+0000] {processor.py:208} INFO - Processing /home/airflow/.local/lib/python3.12/site-packages/airflow/example_dags/example_sensors.py took 0.107 seconds
[2025-01-23T14:57:44.246+0000] {processor.py:186} INFO - Started process (PID=4689) to work on /home/airflow/.local/lib/python3.12/site-packages/airflow/example_dags/example_sensors.py
[2025-01-23T14:57:44.248+0000] {processor.py:914} INFO - Processing file /home/airflow/.local/lib/python3.12/site-packages/airflow/example_dags/example_sensors.py for tasks to queue
[2025-01-23T14:57:44.251+0000] {logging_mixin.py:190} INFO - [2025-01-23T14:57:44.251+0000] {dagbag.py:588} INFO - Filling up the DagBag from /home/airflow/.local/lib/python3.12/site-packages/airflow/example_dags/example_sensors.py
[2025-01-23T14:57:44.265+0000] {processor.py:925} INFO - DAG(s) 'example_sensors' retrieved from /home/airflow/.local/lib/python3.12/site-packages/airflow/example_dags/example_sensors.py
[2025-01-23T14:57:44.303+0000] {logging_mixin.py:190} INFO - [2025-01-23T14:57:44.303+0000] {dag.py:3239} INFO - Sync 1 DAGs
[2025-01-23T14:57:44.324+0000] {logging_mixin.py:190} INFO - [2025-01-23T14:57:44.324+0000] {dag.py:4180} INFO - Setting next_dagrun for example_sensors to None, run_after=None
[2025-01-23T14:57:44.357+0000] {processor.py:208} INFO - Processing /home/airflow/.local/lib/python3.12/site-packages/airflow/example_dags/example_sensors.py took 0.118 seconds
[2025-01-23T14:58:14.594+0000] {processor.py:186} INFO - Started process (PID=4985) to work on /home/airflow/.local/lib/python3.12/site-packages/airflow/example_dags/example_sensors.py
[2025-01-23T14:58:14.596+0000] {processor.py:914} INFO - Processing file /home/airflow/.local/lib/python3.12/site-packages/airflow/example_dags/example_sensors.py for tasks to queue
[2025-01-23T14:58:14.598+0000] {logging_mixin.py:190} INFO - [2025-01-23T14:58:14.598+0000] {dagbag.py:588} INFO - Filling up the DagBag from /home/airflow/.local/lib/python3.12/site-packages/airflow/example_dags/example_sensors.py
[2025-01-23T14:58:14.613+0000] {processor.py:925} INFO - DAG(s) 'example_sensors' retrieved from /home/airflow/.local/lib/python3.12/site-packages/airflow/example_dags/example_sensors.py
[2025-01-23T14:58:14.658+0000] {logging_mixin.py:190} INFO - [2025-01-23T14:58:14.658+0000] {dag.py:3239} INFO - Sync 1 DAGs
[2025-01-23T14:58:14.680+0000] {logging_mixin.py:190} INFO - [2025-01-23T14:58:14.680+0000] {dag.py:4180} INFO - Setting next_dagrun for example_sensors to None, run_after=None
[2025-01-23T14:58:14.713+0000] {processor.py:208} INFO - Processing /home/airflow/.local/lib/python3.12/site-packages/airflow/example_dags/example_sensors.py took 0.129 seconds
[2025-01-23T14:58:45.677+0000] {processor.py:186} INFO - Started process (PID=5281) to work on /home/airflow/.local/lib/python3.12/site-packages/airflow/example_dags/example_sensors.py
[2025-01-23T14:58:45.680+0000] {processor.py:914} INFO - Processing file /home/airflow/.local/lib/python3.12/site-packages/airflow/example_dags/example_sensors.py for tasks to queue
[2025-01-23T14:58:45.684+0000] {logging_mixin.py:190} INFO - [2025-01-23T14:58:45.683+0000] {dagbag.py:588} INFO - Filling up the DagBag from /home/airflow/.local/lib/python3.12/site-packages/airflow/example_dags/example_sensors.py
[2025-01-23T14:58:45.697+0000] {processor.py:925} INFO - DAG(s) 'example_sensors' retrieved from /home/airflow/.local/lib/python3.12/site-packages/airflow/example_dags/example_sensors.py
[2025-01-23T14:58:45.732+0000] {logging_mixin.py:190} INFO - [2025-01-23T14:58:45.731+0000] {dag.py:3239} INFO - Sync 1 DAGs
[2025-01-23T14:58:45.750+0000] {logging_mixin.py:190} INFO - [2025-01-23T14:58:45.750+0000] {dag.py:4180} INFO - Setting next_dagrun for example_sensors to None, run_after=None
[2025-01-23T14:58:45.778+0000] {processor.py:208} INFO - Processing /home/airflow/.local/lib/python3.12/site-packages/airflow/example_dags/example_sensors.py took 0.109 seconds
[2025-01-23T14:59:16.424+0000] {processor.py:186} INFO - Started process (PID=5577) to work on /home/airflow/.local/lib/python3.12/site-packages/airflow/example_dags/example_sensors.py
[2025-01-23T14:59:16.425+0000] {processor.py:914} INFO - Processing file /home/airflow/.local/lib/python3.12/site-packages/airflow/example_dags/example_sensors.py for tasks to queue
[2025-01-23T14:59:16.429+0000] {logging_mixin.py:190} INFO - [2025-01-23T14:59:16.428+0000] {dagbag.py:588} INFO - Filling up the DagBag from /home/airflow/.local/lib/python3.12/site-packages/airflow/example_dags/example_sensors.py
[2025-01-23T14:59:16.441+0000] {processor.py:925} INFO - DAG(s) 'example_sensors' retrieved from /home/airflow/.local/lib/python3.12/site-packages/airflow/example_dags/example_sensors.py
[2025-01-23T14:59:16.471+0000] {logging_mixin.py:190} INFO - [2025-01-23T14:59:16.470+0000] {dag.py:3239} INFO - Sync 1 DAGs
[2025-01-23T14:59:16.487+0000] {logging_mixin.py:190} INFO - [2025-01-23T14:59:16.486+0000] {dag.py:4180} INFO - Setting next_dagrun for example_sensors to None, run_after=None
[2025-01-23T14:59:16.514+0000] {processor.py:208} INFO - Processing /home/airflow/.local/lib/python3.12/site-packages/airflow/example_dags/example_sensors.py took 0.097 seconds
[2025-01-23T14:59:46.644+0000] {processor.py:186} INFO - Started process (PID=5873) to work on /home/airflow/.local/lib/python3.12/site-packages/airflow/example_dags/example_sensors.py
[2025-01-23T14:59:46.645+0000] {processor.py:914} INFO - Processing file /home/airflow/.local/lib/python3.12/site-packages/airflow/example_dags/example_sensors.py for tasks to queue
[2025-01-23T14:59:46.649+0000] {logging_mixin.py:190} INFO - [2025-01-23T14:59:46.648+0000] {dagbag.py:588} INFO - Filling up the DagBag from /home/airflow/.local/lib/python3.12/site-packages/airflow/example_dags/example_sensors.py
[2025-01-23T14:59:46.660+0000] {processor.py:925} INFO - DAG(s) 'example_sensors' retrieved from /home/airflow/.local/lib/python3.12/site-packages/airflow/example_dags/example_sensors.py
[2025-01-23T14:59:46.693+0000] {logging_mixin.py:190} INFO - [2025-01-23T14:59:46.693+0000] {dag.py:3239} INFO - Sync 1 DAGs
[2025-01-23T14:59:46.712+0000] {logging_mixin.py:190} INFO - [2025-01-23T14:59:46.712+0000] {dag.py:4180} INFO - Setting next_dagrun for example_sensors to None, run_after=None
[2025-01-23T14:59:46.740+0000] {processor.py:208} INFO - Processing /home/airflow/.local/lib/python3.12/site-packages/airflow/example_dags/example_sensors.py took 0.103 seconds
[2025-01-23T15:00:17.023+0000] {processor.py:186} INFO - Started process (PID=6169) to work on /home/airflow/.local/lib/python3.12/site-packages/airflow/example_dags/example_sensors.py
[2025-01-23T15:00:17.024+0000] {processor.py:914} INFO - Processing file /home/airflow/.local/lib/python3.12/site-packages/airflow/example_dags/example_sensors.py for tasks to queue
[2025-01-23T15:00:17.026+0000] {logging_mixin.py:190} INFO - [2025-01-23T15:00:17.026+0000] {dagbag.py:588} INFO - Filling up the DagBag from /home/airflow/.local/lib/python3.12/site-packages/airflow/example_dags/example_sensors.py
[2025-01-23T15:00:17.038+0000] {processor.py:925} INFO - DAG(s) 'example_sensors' retrieved from /home/airflow/.local/lib/python3.12/site-packages/airflow/example_dags/example_sensors.py
[2025-01-23T15:00:17.068+0000] {logging_mixin.py:190} INFO - [2025-01-23T15:00:17.067+0000] {dag.py:3239} INFO - Sync 1 DAGs
[2025-01-23T15:00:17.085+0000] {logging_mixin.py:190} INFO - [2025-01-23T15:00:17.085+0000] {dag.py:4180} INFO - Setting next_dagrun for example_sensors to None, run_after=None
[2025-01-23T15:00:17.108+0000] {processor.py:208} INFO - Processing /home/airflow/.local/lib/python3.12/site-packages/airflow/example_dags/example_sensors.py took 0.092 seconds
[2025-01-23T15:00:47.485+0000] {processor.py:186} INFO - Started process (PID=6465) to work on /home/airflow/.local/lib/python3.12/site-packages/airflow/example_dags/example_sensors.py
[2025-01-23T15:00:47.488+0000] {processor.py:914} INFO - Processing file /home/airflow/.local/lib/python3.12/site-packages/airflow/example_dags/example_sensors.py for tasks to queue
[2025-01-23T15:00:47.493+0000] {logging_mixin.py:190} INFO - [2025-01-23T15:00:47.492+0000] {dagbag.py:588} INFO - Filling up the DagBag from /home/airflow/.local/lib/python3.12/site-packages/airflow/example_dags/example_sensors.py
[2025-01-23T15:00:47.513+0000] {processor.py:925} INFO - DAG(s) 'example_sensors' retrieved from /home/airflow/.local/lib/python3.12/site-packages/airflow/example_dags/example_sensors.py
[2025-01-23T15:00:47.552+0000] {logging_mixin.py:190} INFO - [2025-01-23T15:00:47.551+0000] {dag.py:3239} INFO - Sync 1 DAGs
[2025-01-23T15:00:47.572+0000] {logging_mixin.py:190} INFO - [2025-01-23T15:00:47.571+0000] {dag.py:4180} INFO - Setting next_dagrun for example_sensors to None, run_after=None
[2025-01-23T15:00:47.606+0000] {processor.py:208} INFO - Processing /home/airflow/.local/lib/python3.12/site-packages/airflow/example_dags/example_sensors.py took 0.138 seconds
[2025-01-23T15:01:17.762+0000] {processor.py:186} INFO - Started process (PID=6761) to work on /home/airflow/.local/lib/python3.12/site-packages/airflow/example_dags/example_sensors.py
[2025-01-23T15:01:17.769+0000] {processor.py:914} INFO - Processing file /home/airflow/.local/lib/python3.12/site-packages/airflow/example_dags/example_sensors.py for tasks to queue
[2025-01-23T15:01:17.772+0000] {logging_mixin.py:190} INFO - [2025-01-23T15:01:17.772+0000] {dagbag.py:588} INFO - Filling up the DagBag from /home/airflow/.local/lib/python3.12/site-packages/airflow/example_dags/example_sensors.py
[2025-01-23T15:01:17.790+0000] {processor.py:925} INFO - DAG(s) 'example_sensors' retrieved from /home/airflow/.local/lib/python3.12/site-packages/airflow/example_dags/example_sensors.py
[2025-01-23T15:01:17.836+0000] {logging_mixin.py:190} INFO - [2025-01-23T15:01:17.836+0000] {dag.py:3239} INFO - Sync 1 DAGs
[2025-01-23T15:01:17.862+0000] {logging_mixin.py:190} INFO - [2025-01-23T15:01:17.862+0000] {dag.py:4180} INFO - Setting next_dagrun for example_sensors to None, run_after=None
[2025-01-23T15:01:17.899+0000] {processor.py:208} INFO - Processing /home/airflow/.local/lib/python3.12/site-packages/airflow/example_dags/example_sensors.py took 0.150 seconds
[2025-01-23T15:01:48.149+0000] {processor.py:186} INFO - Started process (PID=7057) to work on /home/airflow/.local/lib/python3.12/site-packages/airflow/example_dags/example_sensors.py
[2025-01-23T15:01:48.155+0000] {processor.py:914} INFO - Processing file /home/airflow/.local/lib/python3.12/site-packages/airflow/example_dags/example_sensors.py for tasks to queue
[2025-01-23T15:01:48.158+0000] {logging_mixin.py:190} INFO - [2025-01-23T15:01:48.158+0000] {dagbag.py:588} INFO - Filling up the DagBag from /home/airflow/.local/lib/python3.12/site-packages/airflow/example_dags/example_sensors.py
[2025-01-23T15:01:48.178+0000] {processor.py:925} INFO - DAG(s) 'example_sensors' retrieved from /home/airflow/.local/lib/python3.12/site-packages/airflow/example_dags/example_sensors.py
[2025-01-23T15:01:48.223+0000] {logging_mixin.py:190} INFO - [2025-01-23T15:01:48.223+0000] {dag.py:3239} INFO - Sync 1 DAGs
[2025-01-23T15:01:48.245+0000] {logging_mixin.py:190} INFO - [2025-01-23T15:01:48.245+0000] {dag.py:4180} INFO - Setting next_dagrun for example_sensors to None, run_after=None
[2025-01-23T15:01:48.275+0000] {processor.py:208} INFO - Processing /home/airflow/.local/lib/python3.12/site-packages/airflow/example_dags/example_sensors.py took 0.138 seconds
[2025-01-23T15:02:19.036+0000] {processor.py:186} INFO - Started process (PID=7351) to work on /home/airflow/.local/lib/python3.12/site-packages/airflow/example_dags/example_sensors.py
[2025-01-23T15:02:19.037+0000] {processor.py:914} INFO - Processing file /home/airflow/.local/lib/python3.12/site-packages/airflow/example_dags/example_sensors.py for tasks to queue
[2025-01-23T15:02:19.042+0000] {logging_mixin.py:190} INFO - [2025-01-23T15:02:19.041+0000] {dagbag.py:588} INFO - Filling up the DagBag from /home/airflow/.local/lib/python3.12/site-packages/airflow/example_dags/example_sensors.py
[2025-01-23T15:02:19.056+0000] {processor.py:925} INFO - DAG(s) 'example_sensors' retrieved from /home/airflow/.local/lib/python3.12/site-packages/airflow/example_dags/example_sensors.py
[2025-01-23T15:02:19.092+0000] {logging_mixin.py:190} INFO - [2025-01-23T15:02:19.091+0000] {dag.py:3239} INFO - Sync 1 DAGs
[2025-01-23T15:02:19.114+0000] {logging_mixin.py:190} INFO - [2025-01-23T15:02:19.114+0000] {dag.py:4180} INFO - Setting next_dagrun for example_sensors to None, run_after=None
[2025-01-23T15:02:19.141+0000] {processor.py:208} INFO - Processing /home/airflow/.local/lib/python3.12/site-packages/airflow/example_dags/example_sensors.py took 0.113 seconds
[2025-01-23T15:02:49.456+0000] {processor.py:186} INFO - Started process (PID=7649) to work on /home/airflow/.local/lib/python3.12/site-packages/airflow/example_dags/example_sensors.py
[2025-01-23T15:02:49.457+0000] {processor.py:914} INFO - Processing file /home/airflow/.local/lib/python3.12/site-packages/airflow/example_dags/example_sensors.py for tasks to queue
[2025-01-23T15:02:49.460+0000] {logging_mixin.py:190} INFO - [2025-01-23T15:02:49.460+0000] {dagbag.py:588} INFO - Filling up the DagBag from /home/airflow/.local/lib/python3.12/site-packages/airflow/example_dags/example_sensors.py
[2025-01-23T15:02:49.475+0000] {processor.py:925} INFO - DAG(s) 'example_sensors' retrieved from /home/airflow/.local/lib/python3.12/site-packages/airflow/example_dags/example_sensors.py
[2025-01-23T15:02:49.513+0000] {logging_mixin.py:190} INFO - [2025-01-23T15:02:49.513+0000] {dag.py:3239} INFO - Sync 1 DAGs
[2025-01-23T15:02:49.539+0000] {logging_mixin.py:190} INFO - [2025-01-23T15:02:49.538+0000] {dag.py:4180} INFO - Setting next_dagrun for example_sensors to None, run_after=None
[2025-01-23T15:02:49.586+0000] {processor.py:208} INFO - Processing /home/airflow/.local/lib/python3.12/site-packages/airflow/example_dags/example_sensors.py took 0.140 seconds
[2025-01-23T15:03:20.041+0000] {processor.py:186} INFO - Started process (PID=7943) to work on /home/airflow/.local/lib/python3.12/site-packages/airflow/example_dags/example_sensors.py
[2025-01-23T15:03:20.042+0000] {processor.py:914} INFO - Processing file /home/airflow/.local/lib/python3.12/site-packages/airflow/example_dags/example_sensors.py for tasks to queue
[2025-01-23T15:03:20.045+0000] {logging_mixin.py:190} INFO - [2025-01-23T15:03:20.045+0000] {dagbag.py:588} INFO - Filling up the DagBag from /home/airflow/.local/lib/python3.12/site-packages/airflow/example_dags/example_sensors.py
[2025-01-23T15:03:20.063+0000] {processor.py:925} INFO - DAG(s) 'example_sensors' retrieved from /home/airflow/.local/lib/python3.12/site-packages/airflow/example_dags/example_sensors.py
[2025-01-23T15:03:20.106+0000] {logging_mixin.py:190} INFO - [2025-01-23T15:03:20.106+0000] {dag.py:3239} INFO - Sync 1 DAGs
[2025-01-23T15:03:20.132+0000] {logging_mixin.py:190} INFO - [2025-01-23T15:03:20.131+0000] {dag.py:4180} INFO - Setting next_dagrun for example_sensors to None, run_after=None
[2025-01-23T15:03:20.165+0000] {processor.py:208} INFO - Processing /home/airflow/.local/lib/python3.12/site-packages/airflow/example_dags/example_sensors.py took 0.136 seconds
[2025-01-23T15:03:50.763+0000] {processor.py:186} INFO - Started process (PID=8239) to work on /home/airflow/.local/lib/python3.12/site-packages/airflow/example_dags/example_sensors.py
[2025-01-23T15:03:50.765+0000] {processor.py:914} INFO - Processing file /home/airflow/.local/lib/python3.12/site-packages/airflow/example_dags/example_sensors.py for tasks to queue
[2025-01-23T15:03:50.768+0000] {logging_mixin.py:190} INFO - [2025-01-23T15:03:50.768+0000] {dagbag.py:588} INFO - Filling up the DagBag from /home/airflow/.local/lib/python3.12/site-packages/airflow/example_dags/example_sensors.py
[2025-01-23T15:03:50.782+0000] {processor.py:925} INFO - DAG(s) 'example_sensors' retrieved from /home/airflow/.local/lib/python3.12/site-packages/airflow/example_dags/example_sensors.py
[2025-01-23T15:03:50.815+0000] {logging_mixin.py:190} INFO - [2025-01-23T15:03:50.814+0000] {dag.py:3239} INFO - Sync 1 DAGs
[2025-01-23T15:03:50.833+0000] {logging_mixin.py:190} INFO - [2025-01-23T15:03:50.833+0000] {dag.py:4180} INFO - Setting next_dagrun for example_sensors to None, run_after=None
[2025-01-23T15:03:50.859+0000] {processor.py:208} INFO - Processing /home/airflow/.local/lib/python3.12/site-packages/airflow/example_dags/example_sensors.py took 0.106 seconds
[2025-01-23T15:04:21.114+0000] {processor.py:186} INFO - Started process (PID=8537) to work on /home/airflow/.local/lib/python3.12/site-packages/airflow/example_dags/example_sensors.py
[2025-01-23T15:04:21.116+0000] {processor.py:914} INFO - Processing file /home/airflow/.local/lib/python3.12/site-packages/airflow/example_dags/example_sensors.py for tasks to queue
[2025-01-23T15:04:21.119+0000] {logging_mixin.py:190} INFO - [2025-01-23T15:04:21.119+0000] {dagbag.py:588} INFO - Filling up the DagBag from /home/airflow/.local/lib/python3.12/site-packages/airflow/example_dags/example_sensors.py
[2025-01-23T15:04:21.133+0000] {processor.py:925} INFO - DAG(s) 'example_sensors' retrieved from /home/airflow/.local/lib/python3.12/site-packages/airflow/example_dags/example_sensors.py
[2025-01-23T15:04:21.172+0000] {logging_mixin.py:190} INFO - [2025-01-23T15:04:21.172+0000] {dag.py:3239} INFO - Sync 1 DAGs
[2025-01-23T15:04:21.190+0000] {logging_mixin.py:190} INFO - [2025-01-23T15:04:21.189+0000] {dag.py:4180} INFO - Setting next_dagrun for example_sensors to None, run_after=None
[2025-01-23T15:04:21.222+0000] {processor.py:208} INFO - Processing /home/airflow/.local/lib/python3.12/site-packages/airflow/example_dags/example_sensors.py took 0.119 seconds
[2025-01-23T15:04:51.737+0000] {processor.py:186} INFO - Started process (PID=8833) to work on /home/airflow/.local/lib/python3.12/site-packages/airflow/example_dags/example_sensors.py
[2025-01-23T15:04:51.738+0000] {processor.py:914} INFO - Processing file /home/airflow/.local/lib/python3.12/site-packages/airflow/example_dags/example_sensors.py for tasks to queue
[2025-01-23T15:04:51.741+0000] {logging_mixin.py:190} INFO - [2025-01-23T15:04:51.740+0000] {dagbag.py:588} INFO - Filling up the DagBag from /home/airflow/.local/lib/python3.12/site-packages/airflow/example_dags/example_sensors.py
[2025-01-23T15:04:51.754+0000] {processor.py:925} INFO - DAG(s) 'example_sensors' retrieved from /home/airflow/.local/lib/python3.12/site-packages/airflow/example_dags/example_sensors.py
[2025-01-23T15:04:51.791+0000] {logging_mixin.py:190} INFO - [2025-01-23T15:04:51.790+0000] {dag.py:3239} INFO - Sync 1 DAGs
[2025-01-23T15:04:51.810+0000] {logging_mixin.py:190} INFO - [2025-01-23T15:04:51.810+0000] {dag.py:4180} INFO - Setting next_dagrun for example_sensors to None, run_after=None
[2025-01-23T15:04:51.843+0000] {processor.py:208} INFO - Processing /home/airflow/.local/lib/python3.12/site-packages/airflow/example_dags/example_sensors.py took 0.115 seconds
[2025-01-23T15:05:22.377+0000] {processor.py:186} INFO - Started process (PID=9129) to work on /home/airflow/.local/lib/python3.12/site-packages/airflow/example_dags/example_sensors.py
[2025-01-23T15:05:22.378+0000] {processor.py:914} INFO - Processing file /home/airflow/.local/lib/python3.12/site-packages/airflow/example_dags/example_sensors.py for tasks to queue
[2025-01-23T15:05:22.381+0000] {logging_mixin.py:190} INFO - [2025-01-23T15:05:22.381+0000] {dagbag.py:588} INFO - Filling up the DagBag from /home/airflow/.local/lib/python3.12/site-packages/airflow/example_dags/example_sensors.py
[2025-01-23T15:05:22.396+0000] {processor.py:925} INFO - DAG(s) 'example_sensors' retrieved from /home/airflow/.local/lib/python3.12/site-packages/airflow/example_dags/example_sensors.py
[2025-01-23T15:05:22.436+0000] {logging_mixin.py:190} INFO - [2025-01-23T15:05:22.436+0000] {dag.py:3239} INFO - Sync 1 DAGs
[2025-01-23T15:05:22.455+0000] {logging_mixin.py:190} INFO - [2025-01-23T15:05:22.454+0000] {dag.py:4180} INFO - Setting next_dagrun for example_sensors to None, run_after=None
[2025-01-23T15:05:22.478+0000] {processor.py:208} INFO - Processing /home/airflow/.local/lib/python3.12/site-packages/airflow/example_dags/example_sensors.py took 0.111 seconds
[2025-01-23T15:05:53.050+0000] {processor.py:186} INFO - Started process (PID=9425) to work on /home/airflow/.local/lib/python3.12/site-packages/airflow/example_dags/example_sensors.py
[2025-01-23T15:05:53.052+0000] {processor.py:914} INFO - Processing file /home/airflow/.local/lib/python3.12/site-packages/airflow/example_dags/example_sensors.py for tasks to queue
[2025-01-23T15:05:53.055+0000] {logging_mixin.py:190} INFO - [2025-01-23T15:05:53.054+0000] {dagbag.py:588} INFO - Filling up the DagBag from /home/airflow/.local/lib/python3.12/site-packages/airflow/example_dags/example_sensors.py
[2025-01-23T15:05:53.067+0000] {processor.py:925} INFO - DAG(s) 'example_sensors' retrieved from /home/airflow/.local/lib/python3.12/site-packages/airflow/example_dags/example_sensors.py
[2025-01-23T15:05:53.105+0000] {logging_mixin.py:190} INFO - [2025-01-23T15:05:53.105+0000] {dag.py:3239} INFO - Sync 1 DAGs
[2025-01-23T15:05:53.123+0000] {logging_mixin.py:190} INFO - [2025-01-23T15:05:53.122+0000] {dag.py:4180} INFO - Setting next_dagrun for example_sensors to None, run_after=None
[2025-01-23T15:05:53.146+0000] {processor.py:208} INFO - Processing /home/airflow/.local/lib/python3.12/site-packages/airflow/example_dags/example_sensors.py took 0.105 seconds
[2025-01-23T15:06:23.620+0000] {processor.py:186} INFO - Started process (PID=9718) to work on /home/airflow/.local/lib/python3.12/site-packages/airflow/example_dags/example_sensors.py
[2025-01-23T15:06:23.621+0000] {processor.py:914} INFO - Processing file /home/airflow/.local/lib/python3.12/site-packages/airflow/example_dags/example_sensors.py for tasks to queue
[2025-01-23T15:06:23.624+0000] {logging_mixin.py:190} INFO - [2025-01-23T15:06:23.624+0000] {dagbag.py:588} INFO - Filling up the DagBag from /home/airflow/.local/lib/python3.12/site-packages/airflow/example_dags/example_sensors.py
[2025-01-23T15:06:23.638+0000] {processor.py:925} INFO - DAG(s) 'example_sensors' retrieved from /home/airflow/.local/lib/python3.12/site-packages/airflow/example_dags/example_sensors.py
[2025-01-23T15:06:23.682+0000] {logging_mixin.py:190} INFO - [2025-01-23T15:06:23.682+0000] {dag.py:3239} INFO - Sync 1 DAGs
[2025-01-23T15:06:23.707+0000] {logging_mixin.py:190} INFO - [2025-01-23T15:06:23.706+0000] {dag.py:4180} INFO - Setting next_dagrun for example_sensors to None, run_after=None
[2025-01-23T15:06:23.746+0000] {processor.py:208} INFO - Processing /home/airflow/.local/lib/python3.12/site-packages/airflow/example_dags/example_sensors.py took 0.134 seconds
[2025-01-23T15:06:54.666+0000] {processor.py:186} INFO - Started process (PID=10016) to work on /home/airflow/.local/lib/python3.12/site-packages/airflow/example_dags/example_sensors.py
[2025-01-23T15:06:54.667+0000] {processor.py:914} INFO - Processing file /home/airflow/.local/lib/python3.12/site-packages/airflow/example_dags/example_sensors.py for tasks to queue
[2025-01-23T15:06:54.670+0000] {logging_mixin.py:190} INFO - [2025-01-23T15:06:54.669+0000] {dagbag.py:588} INFO - Filling up the DagBag from /home/airflow/.local/lib/python3.12/site-packages/airflow/example_dags/example_sensors.py
[2025-01-23T15:06:54.683+0000] {processor.py:925} INFO - DAG(s) 'example_sensors' retrieved from /home/airflow/.local/lib/python3.12/site-packages/airflow/example_dags/example_sensors.py
[2025-01-23T15:06:54.723+0000] {logging_mixin.py:190} INFO - [2025-01-23T15:06:54.723+0000] {dag.py:3239} INFO - Sync 1 DAGs
[2025-01-23T15:06:54.744+0000] {logging_mixin.py:190} INFO - [2025-01-23T15:06:54.743+0000] {dag.py:4180} INFO - Setting next_dagrun for example_sensors to None, run_after=None
[2025-01-23T15:06:54.774+0000] {processor.py:208} INFO - Processing /home/airflow/.local/lib/python3.12/site-packages/airflow/example_dags/example_sensors.py took 0.117 seconds
[2025-01-23T15:07:25.619+0000] {processor.py:186} INFO - Started process (PID=10307) to work on /home/airflow/.local/lib/python3.12/site-packages/airflow/example_dags/example_sensors.py
[2025-01-23T15:07:25.623+0000] {processor.py:914} INFO - Processing file /home/airflow/.local/lib/python3.12/site-packages/airflow/example_dags/example_sensors.py for tasks to queue
[2025-01-23T15:07:25.626+0000] {logging_mixin.py:190} INFO - [2025-01-23T15:07:25.625+0000] {dagbag.py:588} INFO - Filling up the DagBag from /home/airflow/.local/lib/python3.12/site-packages/airflow/example_dags/example_sensors.py
[2025-01-23T15:07:25.644+0000] {processor.py:925} INFO - DAG(s) 'example_sensors' retrieved from /home/airflow/.local/lib/python3.12/site-packages/airflow/example_dags/example_sensors.py
[2025-01-23T15:07:25.682+0000] {logging_mixin.py:190} INFO - [2025-01-23T15:07:25.682+0000] {dag.py:3239} INFO - Sync 1 DAGs
[2025-01-23T15:07:25.701+0000] {logging_mixin.py:190} INFO - [2025-01-23T15:07:25.701+0000] {dag.py:4180} INFO - Setting next_dagrun for example_sensors to None, run_after=None
[2025-01-23T15:07:25.729+0000] {processor.py:208} INFO - Processing /home/airflow/.local/lib/python3.12/site-packages/airflow/example_dags/example_sensors.py took 0.120 seconds
[2025-01-23T15:07:56.639+0000] {processor.py:186} INFO - Started process (PID=10603) to work on /home/airflow/.local/lib/python3.12/site-packages/airflow/example_dags/example_sensors.py
[2025-01-23T15:07:56.645+0000] {processor.py:914} INFO - Processing file /home/airflow/.local/lib/python3.12/site-packages/airflow/example_dags/example_sensors.py for tasks to queue
[2025-01-23T15:07:56.649+0000] {logging_mixin.py:190} INFO - [2025-01-23T15:07:56.649+0000] {dagbag.py:588} INFO - Filling up the DagBag from /home/airflow/.local/lib/python3.12/site-packages/airflow/example_dags/example_sensors.py
[2025-01-23T15:07:56.667+0000] {processor.py:925} INFO - DAG(s) 'example_sensors' retrieved from /home/airflow/.local/lib/python3.12/site-packages/airflow/example_dags/example_sensors.py
[2025-01-23T15:07:56.711+0000] {logging_mixin.py:190} INFO - [2025-01-23T15:07:56.710+0000] {dag.py:3239} INFO - Sync 1 DAGs
[2025-01-23T15:07:56.734+0000] {logging_mixin.py:190} INFO - [2025-01-23T15:07:56.734+0000] {dag.py:4180} INFO - Setting next_dagrun for example_sensors to None, run_after=None
[2025-01-23T15:07:56.763+0000] {processor.py:208} INFO - Processing /home/airflow/.local/lib/python3.12/site-packages/airflow/example_dags/example_sensors.py took 0.132 seconds
