[2025-01-23T14:50:06.357+0000] {processor.py:186} INFO - Started process (PID=262) to work on /home/airflow/.local/lib/python3.12/site-packages/airflow/example_dags/example_outlet_event_extra.py
[2025-01-23T14:50:06.358+0000] {processor.py:914} INFO - Processing file /home/airflow/.local/lib/python3.12/site-packages/airflow/example_dags/example_outlet_event_extra.py for tasks to queue
[2025-01-23T14:50:06.360+0000] {logging_mixin.py:190} INFO - [2025-01-23T14:50:06.360+0000] {dagbag.py:588} INFO - Filling up the DagBag from /home/airflow/.local/lib/python3.12/site-packages/airflow/example_dags/example_outlet_event_extra.py
[2025-01-23T14:50:06.975+0000] {processor.py:925} INFO - DAG(s) 'dataset_with_extra_from_classic_operator', 'dataset_with_extra_by_yield', 'dataset_with_extra_by_context' retrieved from /home/airflow/.local/lib/python3.12/site-packages/airflow/example_dags/example_outlet_event_extra.py
[2025-01-23T14:50:07.005+0000] {logging_mixin.py:190} INFO - [2025-01-23T14:50:07.004+0000] {dag.py:3239} INFO - Sync 3 DAGs
[2025-01-23T14:50:07.031+0000] {logging_mixin.py:190} INFO - [2025-01-23T14:50:07.030+0000] {dag.py:4180} INFO - Setting next_dagrun for dataset_with_extra_by_context to 2025-01-22 00:00:00+00:00, run_after=2025-01-23 00:00:00+00:00
[2025-01-23T14:50:07.041+0000] {logging_mixin.py:190} INFO - [2025-01-23T14:50:07.041+0000] {dag.py:4180} INFO - Setting next_dagrun for dataset_with_extra_by_yield to 2025-01-22 00:00:00+00:00, run_after=2025-01-23 00:00:00+00:00
[2025-01-23T14:50:07.044+0000] {logging_mixin.py:190} INFO - [2025-01-23T14:50:07.044+0000] {dag.py:4180} INFO - Setting next_dagrun for dataset_with_extra_from_classic_operator to 2025-01-22 00:00:00+00:00, run_after=2025-01-23 00:00:00+00:00
[2025-01-23T14:50:07.094+0000] {processor.py:208} INFO - Processing /home/airflow/.local/lib/python3.12/site-packages/airflow/example_dags/example_outlet_event_extra.py took 0.743 seconds
[2025-01-23T14:50:37.240+0000] {processor.py:186} INFO - Started process (PID=570) to work on /home/airflow/.local/lib/python3.12/site-packages/airflow/example_dags/example_outlet_event_extra.py
[2025-01-23T14:50:37.241+0000] {processor.py:914} INFO - Processing file /home/airflow/.local/lib/python3.12/site-packages/airflow/example_dags/example_outlet_event_extra.py for tasks to queue
[2025-01-23T14:50:37.243+0000] {logging_mixin.py:190} INFO - [2025-01-23T14:50:37.242+0000] {dagbag.py:588} INFO - Filling up the DagBag from /home/airflow/.local/lib/python3.12/site-packages/airflow/example_dags/example_outlet_event_extra.py
[2025-01-23T14:50:37.690+0000] {processor.py:925} INFO - DAG(s) 'dataset_with_extra_from_classic_operator', 'dataset_with_extra_by_context', 'dataset_with_extra_by_yield' retrieved from /home/airflow/.local/lib/python3.12/site-packages/airflow/example_dags/example_outlet_event_extra.py
[2025-01-23T14:50:37.712+0000] {logging_mixin.py:190} INFO - [2025-01-23T14:50:37.712+0000] {dag.py:3239} INFO - Sync 3 DAGs
[2025-01-23T14:50:37.734+0000] {logging_mixin.py:190} INFO - [2025-01-23T14:50:37.734+0000] {dag.py:4180} INFO - Setting next_dagrun for dataset_with_extra_by_context to 2025-01-22 00:00:00+00:00, run_after=2025-01-23 00:00:00+00:00
[2025-01-23T14:50:37.739+0000] {logging_mixin.py:190} INFO - [2025-01-23T14:50:37.738+0000] {dag.py:4180} INFO - Setting next_dagrun for dataset_with_extra_by_yield to 2025-01-22 00:00:00+00:00, run_after=2025-01-23 00:00:00+00:00
[2025-01-23T14:50:37.741+0000] {logging_mixin.py:190} INFO - [2025-01-23T14:50:37.741+0000] {dag.py:4180} INFO - Setting next_dagrun for dataset_with_extra_from_classic_operator to 2025-01-22 00:00:00+00:00, run_after=2025-01-23 00:00:00+00:00
[2025-01-23T14:50:37.760+0000] {processor.py:208} INFO - Processing /home/airflow/.local/lib/python3.12/site-packages/airflow/example_dags/example_outlet_event_extra.py took 0.526 seconds
[2025-01-23T14:51:08.318+0000] {processor.py:186} INFO - Started process (PID=854) to work on /home/airflow/.local/lib/python3.12/site-packages/airflow/example_dags/example_outlet_event_extra.py
[2025-01-23T14:51:08.319+0000] {processor.py:914} INFO - Processing file /home/airflow/.local/lib/python3.12/site-packages/airflow/example_dags/example_outlet_event_extra.py for tasks to queue
[2025-01-23T14:51:08.321+0000] {logging_mixin.py:190} INFO - [2025-01-23T14:51:08.321+0000] {dagbag.py:588} INFO - Filling up the DagBag from /home/airflow/.local/lib/python3.12/site-packages/airflow/example_dags/example_outlet_event_extra.py
[2025-01-23T14:51:08.941+0000] {processor.py:925} INFO - DAG(s) 'dataset_with_extra_from_classic_operator', 'dataset_with_extra_by_yield', 'dataset_with_extra_by_context' retrieved from /home/airflow/.local/lib/python3.12/site-packages/airflow/example_dags/example_outlet_event_extra.py
[2025-01-23T14:51:08.962+0000] {logging_mixin.py:190} INFO - [2025-01-23T14:51:08.962+0000] {dag.py:3239} INFO - Sync 3 DAGs
[2025-01-23T14:51:08.994+0000] {logging_mixin.py:190} INFO - [2025-01-23T14:51:08.994+0000] {dag.py:4180} INFO - Setting next_dagrun for dataset_with_extra_by_context to 2025-01-22 00:00:00+00:00, run_after=2025-01-23 00:00:00+00:00
[2025-01-23T14:51:08.998+0000] {logging_mixin.py:190} INFO - [2025-01-23T14:51:08.998+0000] {dag.py:4180} INFO - Setting next_dagrun for dataset_with_extra_by_yield to 2025-01-22 00:00:00+00:00, run_after=2025-01-23 00:00:00+00:00
[2025-01-23T14:51:09.003+0000] {logging_mixin.py:190} INFO - [2025-01-23T14:51:09.002+0000] {dag.py:4180} INFO - Setting next_dagrun for dataset_with_extra_from_classic_operator to 2025-01-22 00:00:00+00:00, run_after=2025-01-23 00:00:00+00:00
[2025-01-23T14:51:09.023+0000] {processor.py:208} INFO - Processing /home/airflow/.local/lib/python3.12/site-packages/airflow/example_dags/example_outlet_event_extra.py took 0.711 seconds
[2025-01-23T14:51:39.459+0000] {processor.py:186} INFO - Started process (PID=1150) to work on /home/airflow/.local/lib/python3.12/site-packages/airflow/example_dags/example_outlet_event_extra.py
[2025-01-23T14:51:39.460+0000] {processor.py:914} INFO - Processing file /home/airflow/.local/lib/python3.12/site-packages/airflow/example_dags/example_outlet_event_extra.py for tasks to queue
[2025-01-23T14:51:39.462+0000] {logging_mixin.py:190} INFO - [2025-01-23T14:51:39.462+0000] {dagbag.py:588} INFO - Filling up the DagBag from /home/airflow/.local/lib/python3.12/site-packages/airflow/example_dags/example_outlet_event_extra.py
[2025-01-23T14:51:39.988+0000] {processor.py:925} INFO - DAG(s) 'dataset_with_extra_by_yield', 'dataset_with_extra_by_context', 'dataset_with_extra_from_classic_operator' retrieved from /home/airflow/.local/lib/python3.12/site-packages/airflow/example_dags/example_outlet_event_extra.py
[2025-01-23T14:51:40.011+0000] {logging_mixin.py:190} INFO - [2025-01-23T14:51:40.011+0000] {dag.py:3239} INFO - Sync 3 DAGs
[2025-01-23T14:51:40.032+0000] {logging_mixin.py:190} INFO - [2025-01-23T14:51:40.032+0000] {dag.py:4180} INFO - Setting next_dagrun for dataset_with_extra_by_context to 2025-01-22 00:00:00+00:00, run_after=2025-01-23 00:00:00+00:00
[2025-01-23T14:51:40.037+0000] {logging_mixin.py:190} INFO - [2025-01-23T14:51:40.037+0000] {dag.py:4180} INFO - Setting next_dagrun for dataset_with_extra_by_yield to 2025-01-22 00:00:00+00:00, run_after=2025-01-23 00:00:00+00:00
[2025-01-23T14:51:40.039+0000] {logging_mixin.py:190} INFO - [2025-01-23T14:51:40.039+0000] {dag.py:4180} INFO - Setting next_dagrun for dataset_with_extra_from_classic_operator to 2025-01-22 00:00:00+00:00, run_after=2025-01-23 00:00:00+00:00
[2025-01-23T14:51:40.067+0000] {processor.py:208} INFO - Processing /home/airflow/.local/lib/python3.12/site-packages/airflow/example_dags/example_outlet_event_extra.py took 0.614 seconds
[2025-01-23T14:52:10.754+0000] {processor.py:186} INFO - Started process (PID=1446) to work on /home/airflow/.local/lib/python3.12/site-packages/airflow/example_dags/example_outlet_event_extra.py
[2025-01-23T14:52:10.755+0000] {processor.py:914} INFO - Processing file /home/airflow/.local/lib/python3.12/site-packages/airflow/example_dags/example_outlet_event_extra.py for tasks to queue
[2025-01-23T14:52:10.758+0000] {logging_mixin.py:190} INFO - [2025-01-23T14:52:10.758+0000] {dagbag.py:588} INFO - Filling up the DagBag from /home/airflow/.local/lib/python3.12/site-packages/airflow/example_dags/example_outlet_event_extra.py
[2025-01-23T14:52:11.247+0000] {processor.py:925} INFO - DAG(s) 'dataset_with_extra_by_context', 'dataset_with_extra_from_classic_operator', 'dataset_with_extra_by_yield' retrieved from /home/airflow/.local/lib/python3.12/site-packages/airflow/example_dags/example_outlet_event_extra.py
[2025-01-23T14:52:11.274+0000] {logging_mixin.py:190} INFO - [2025-01-23T14:52:11.273+0000] {dag.py:3239} INFO - Sync 3 DAGs
[2025-01-23T14:52:11.297+0000] {logging_mixin.py:190} INFO - [2025-01-23T14:52:11.297+0000] {dag.py:4180} INFO - Setting next_dagrun for dataset_with_extra_by_context to 2025-01-22 00:00:00+00:00, run_after=2025-01-23 00:00:00+00:00
[2025-01-23T14:52:11.303+0000] {logging_mixin.py:190} INFO - [2025-01-23T14:52:11.303+0000] {dag.py:4180} INFO - Setting next_dagrun for dataset_with_extra_by_yield to 2025-01-22 00:00:00+00:00, run_after=2025-01-23 00:00:00+00:00
[2025-01-23T14:52:11.306+0000] {logging_mixin.py:190} INFO - [2025-01-23T14:52:11.306+0000] {dag.py:4180} INFO - Setting next_dagrun for dataset_with_extra_from_classic_operator to 2025-01-22 00:00:00+00:00, run_after=2025-01-23 00:00:00+00:00
[2025-01-23T14:52:11.324+0000] {processor.py:208} INFO - Processing /home/airflow/.local/lib/python3.12/site-packages/airflow/example_dags/example_outlet_event_extra.py took 0.578 seconds
[2025-01-23T14:52:42.163+0000] {processor.py:186} INFO - Started process (PID=1742) to work on /home/airflow/.local/lib/python3.12/site-packages/airflow/example_dags/example_outlet_event_extra.py
[2025-01-23T14:52:42.164+0000] {processor.py:914} INFO - Processing file /home/airflow/.local/lib/python3.12/site-packages/airflow/example_dags/example_outlet_event_extra.py for tasks to queue
[2025-01-23T14:52:42.166+0000] {logging_mixin.py:190} INFO - [2025-01-23T14:52:42.166+0000] {dagbag.py:588} INFO - Filling up the DagBag from /home/airflow/.local/lib/python3.12/site-packages/airflow/example_dags/example_outlet_event_extra.py
[2025-01-23T14:52:42.606+0000] {processor.py:925} INFO - DAG(s) 'dataset_with_extra_by_yield', 'dataset_with_extra_from_classic_operator', 'dataset_with_extra_by_context' retrieved from /home/airflow/.local/lib/python3.12/site-packages/airflow/example_dags/example_outlet_event_extra.py
[2025-01-23T14:52:42.629+0000] {logging_mixin.py:190} INFO - [2025-01-23T14:52:42.628+0000] {dag.py:3239} INFO - Sync 3 DAGs
[2025-01-23T14:52:42.650+0000] {logging_mixin.py:190} INFO - [2025-01-23T14:52:42.649+0000] {dag.py:4180} INFO - Setting next_dagrun for dataset_with_extra_by_context to 2025-01-22 00:00:00+00:00, run_after=2025-01-23 00:00:00+00:00
[2025-01-23T14:52:42.654+0000] {logging_mixin.py:190} INFO - [2025-01-23T14:52:42.654+0000] {dag.py:4180} INFO - Setting next_dagrun for dataset_with_extra_by_yield to 2025-01-22 00:00:00+00:00, run_after=2025-01-23 00:00:00+00:00
[2025-01-23T14:52:42.656+0000] {logging_mixin.py:190} INFO - [2025-01-23T14:52:42.656+0000] {dag.py:4180} INFO - Setting next_dagrun for dataset_with_extra_from_classic_operator to 2025-01-22 00:00:00+00:00, run_after=2025-01-23 00:00:00+00:00
[2025-01-23T14:52:42.684+0000] {processor.py:208} INFO - Processing /home/airflow/.local/lib/python3.12/site-packages/airflow/example_dags/example_outlet_event_extra.py took 0.526 seconds
[2025-01-23T14:53:12.804+0000] {processor.py:186} INFO - Started process (PID=2038) to work on /home/airflow/.local/lib/python3.12/site-packages/airflow/example_dags/example_outlet_event_extra.py
[2025-01-23T14:53:12.805+0000] {processor.py:914} INFO - Processing file /home/airflow/.local/lib/python3.12/site-packages/airflow/example_dags/example_outlet_event_extra.py for tasks to queue
[2025-01-23T14:53:12.807+0000] {logging_mixin.py:190} INFO - [2025-01-23T14:53:12.807+0000] {dagbag.py:588} INFO - Filling up the DagBag from /home/airflow/.local/lib/python3.12/site-packages/airflow/example_dags/example_outlet_event_extra.py
[2025-01-23T14:53:13.427+0000] {processor.py:925} INFO - DAG(s) 'dataset_with_extra_from_classic_operator', 'dataset_with_extra_by_context', 'dataset_with_extra_by_yield' retrieved from /home/airflow/.local/lib/python3.12/site-packages/airflow/example_dags/example_outlet_event_extra.py
[2025-01-23T14:53:13.452+0000] {logging_mixin.py:190} INFO - [2025-01-23T14:53:13.451+0000] {dag.py:3239} INFO - Sync 3 DAGs
[2025-01-23T14:53:13.475+0000] {logging_mixin.py:190} INFO - [2025-01-23T14:53:13.475+0000] {dag.py:4180} INFO - Setting next_dagrun for dataset_with_extra_by_context to 2025-01-22 00:00:00+00:00, run_after=2025-01-23 00:00:00+00:00
[2025-01-23T14:53:13.479+0000] {logging_mixin.py:190} INFO - [2025-01-23T14:53:13.479+0000] {dag.py:4180} INFO - Setting next_dagrun for dataset_with_extra_by_yield to 2025-01-22 00:00:00+00:00, run_after=2025-01-23 00:00:00+00:00
[2025-01-23T14:53:13.482+0000] {logging_mixin.py:190} INFO - [2025-01-23T14:53:13.482+0000] {dag.py:4180} INFO - Setting next_dagrun for dataset_with_extra_from_classic_operator to 2025-01-22 00:00:00+00:00, run_after=2025-01-23 00:00:00+00:00
[2025-01-23T14:53:13.501+0000] {processor.py:208} INFO - Processing /home/airflow/.local/lib/python3.12/site-packages/airflow/example_dags/example_outlet_event_extra.py took 0.704 seconds
[2025-01-23T14:53:43.604+0000] {processor.py:186} INFO - Started process (PID=2334) to work on /home/airflow/.local/lib/python3.12/site-packages/airflow/example_dags/example_outlet_event_extra.py
[2025-01-23T14:53:43.605+0000] {processor.py:914} INFO - Processing file /home/airflow/.local/lib/python3.12/site-packages/airflow/example_dags/example_outlet_event_extra.py for tasks to queue
[2025-01-23T14:53:43.607+0000] {logging_mixin.py:190} INFO - [2025-01-23T14:53:43.607+0000] {dagbag.py:588} INFO - Filling up the DagBag from /home/airflow/.local/lib/python3.12/site-packages/airflow/example_dags/example_outlet_event_extra.py
[2025-01-23T14:53:44.112+0000] {processor.py:925} INFO - DAG(s) 'dataset_with_extra_by_yield', 'dataset_with_extra_from_classic_operator', 'dataset_with_extra_by_context' retrieved from /home/airflow/.local/lib/python3.12/site-packages/airflow/example_dags/example_outlet_event_extra.py
[2025-01-23T14:53:44.133+0000] {logging_mixin.py:190} INFO - [2025-01-23T14:53:44.133+0000] {dag.py:3239} INFO - Sync 3 DAGs
[2025-01-23T14:53:44.154+0000] {logging_mixin.py:190} INFO - [2025-01-23T14:53:44.154+0000] {dag.py:4180} INFO - Setting next_dagrun for dataset_with_extra_by_context to 2025-01-22 00:00:00+00:00, run_after=2025-01-23 00:00:00+00:00
[2025-01-23T14:53:44.158+0000] {logging_mixin.py:190} INFO - [2025-01-23T14:53:44.158+0000] {dag.py:4180} INFO - Setting next_dagrun for dataset_with_extra_by_yield to 2025-01-22 00:00:00+00:00, run_after=2025-01-23 00:00:00+00:00
[2025-01-23T14:53:44.160+0000] {logging_mixin.py:190} INFO - [2025-01-23T14:53:44.160+0000] {dag.py:4180} INFO - Setting next_dagrun for dataset_with_extra_from_classic_operator to 2025-01-22 00:00:00+00:00, run_after=2025-01-23 00:00:00+00:00
[2025-01-23T14:53:44.179+0000] {processor.py:208} INFO - Processing /home/airflow/.local/lib/python3.12/site-packages/airflow/example_dags/example_outlet_event_extra.py took 0.581 seconds
[2025-01-23T14:54:14.228+0000] {processor.py:186} INFO - Started process (PID=2630) to work on /home/airflow/.local/lib/python3.12/site-packages/airflow/example_dags/example_outlet_event_extra.py
[2025-01-23T14:54:14.229+0000] {processor.py:914} INFO - Processing file /home/airflow/.local/lib/python3.12/site-packages/airflow/example_dags/example_outlet_event_extra.py for tasks to queue
[2025-01-23T14:54:14.231+0000] {logging_mixin.py:190} INFO - [2025-01-23T14:54:14.231+0000] {dagbag.py:588} INFO - Filling up the DagBag from /home/airflow/.local/lib/python3.12/site-packages/airflow/example_dags/example_outlet_event_extra.py
[2025-01-23T14:54:14.794+0000] {processor.py:925} INFO - DAG(s) 'dataset_with_extra_by_context', 'dataset_with_extra_by_yield', 'dataset_with_extra_from_classic_operator' retrieved from /home/airflow/.local/lib/python3.12/site-packages/airflow/example_dags/example_outlet_event_extra.py
[2025-01-23T14:54:14.821+0000] {logging_mixin.py:190} INFO - [2025-01-23T14:54:14.821+0000] {dag.py:3239} INFO - Sync 3 DAGs
[2025-01-23T14:54:14.845+0000] {logging_mixin.py:190} INFO - [2025-01-23T14:54:14.845+0000] {dag.py:4180} INFO - Setting next_dagrun for dataset_with_extra_by_context to 2025-01-22 00:00:00+00:00, run_after=2025-01-23 00:00:00+00:00
[2025-01-23T14:54:14.852+0000] {logging_mixin.py:190} INFO - [2025-01-23T14:54:14.851+0000] {dag.py:4180} INFO - Setting next_dagrun for dataset_with_extra_by_yield to 2025-01-22 00:00:00+00:00, run_after=2025-01-23 00:00:00+00:00
[2025-01-23T14:54:14.854+0000] {logging_mixin.py:190} INFO - [2025-01-23T14:54:14.854+0000] {dag.py:4180} INFO - Setting next_dagrun for dataset_with_extra_from_classic_operator to 2025-01-22 00:00:00+00:00, run_after=2025-01-23 00:00:00+00:00
[2025-01-23T14:54:14.877+0000] {processor.py:208} INFO - Processing /home/airflow/.local/lib/python3.12/site-packages/airflow/example_dags/example_outlet_event_extra.py took 0.655 seconds
[2025-01-23T14:54:45.393+0000] {processor.py:186} INFO - Started process (PID=2926) to work on /home/airflow/.local/lib/python3.12/site-packages/airflow/example_dags/example_outlet_event_extra.py
[2025-01-23T14:54:45.394+0000] {processor.py:914} INFO - Processing file /home/airflow/.local/lib/python3.12/site-packages/airflow/example_dags/example_outlet_event_extra.py for tasks to queue
[2025-01-23T14:54:45.396+0000] {logging_mixin.py:190} INFO - [2025-01-23T14:54:45.396+0000] {dagbag.py:588} INFO - Filling up the DagBag from /home/airflow/.local/lib/python3.12/site-packages/airflow/example_dags/example_outlet_event_extra.py
[2025-01-23T14:54:45.848+0000] {processor.py:925} INFO - DAG(s) 'dataset_with_extra_by_context', 'dataset_with_extra_from_classic_operator', 'dataset_with_extra_by_yield' retrieved from /home/airflow/.local/lib/python3.12/site-packages/airflow/example_dags/example_outlet_event_extra.py
[2025-01-23T14:54:45.870+0000] {logging_mixin.py:190} INFO - [2025-01-23T14:54:45.870+0000] {dag.py:3239} INFO - Sync 3 DAGs
[2025-01-23T14:54:45.890+0000] {logging_mixin.py:190} INFO - [2025-01-23T14:54:45.890+0000] {dag.py:4180} INFO - Setting next_dagrun for dataset_with_extra_by_context to 2025-01-22 00:00:00+00:00, run_after=2025-01-23 00:00:00+00:00
[2025-01-23T14:54:45.895+0000] {logging_mixin.py:190} INFO - [2025-01-23T14:54:45.894+0000] {dag.py:4180} INFO - Setting next_dagrun for dataset_with_extra_by_yield to 2025-01-22 00:00:00+00:00, run_after=2025-01-23 00:00:00+00:00
[2025-01-23T14:54:45.897+0000] {logging_mixin.py:190} INFO - [2025-01-23T14:54:45.896+0000] {dag.py:4180} INFO - Setting next_dagrun for dataset_with_extra_from_classic_operator to 2025-01-22 00:00:00+00:00, run_after=2025-01-23 00:00:00+00:00
[2025-01-23T14:54:45.918+0000] {processor.py:208} INFO - Processing /home/airflow/.local/lib/python3.12/site-packages/airflow/example_dags/example_outlet_event_extra.py took 0.530 seconds
[2025-01-23T14:55:16.794+0000] {processor.py:186} INFO - Started process (PID=3222) to work on /home/airflow/.local/lib/python3.12/site-packages/airflow/example_dags/example_outlet_event_extra.py
[2025-01-23T14:55:16.795+0000] {processor.py:914} INFO - Processing file /home/airflow/.local/lib/python3.12/site-packages/airflow/example_dags/example_outlet_event_extra.py for tasks to queue
[2025-01-23T14:55:16.797+0000] {logging_mixin.py:190} INFO - [2025-01-23T14:55:16.797+0000] {dagbag.py:588} INFO - Filling up the DagBag from /home/airflow/.local/lib/python3.12/site-packages/airflow/example_dags/example_outlet_event_extra.py
[2025-01-23T14:55:17.323+0000] {processor.py:925} INFO - DAG(s) 'dataset_with_extra_by_yield', 'dataset_with_extra_by_context', 'dataset_with_extra_from_classic_operator' retrieved from /home/airflow/.local/lib/python3.12/site-packages/airflow/example_dags/example_outlet_event_extra.py
[2025-01-23T14:55:17.346+0000] {logging_mixin.py:190} INFO - [2025-01-23T14:55:17.345+0000] {dag.py:3239} INFO - Sync 3 DAGs
[2025-01-23T14:55:17.367+0000] {logging_mixin.py:190} INFO - [2025-01-23T14:55:17.367+0000] {dag.py:4180} INFO - Setting next_dagrun for dataset_with_extra_by_context to 2025-01-22 00:00:00+00:00, run_after=2025-01-23 00:00:00+00:00
[2025-01-23T14:55:17.371+0000] {logging_mixin.py:190} INFO - [2025-01-23T14:55:17.371+0000] {dag.py:4180} INFO - Setting next_dagrun for dataset_with_extra_by_yield to 2025-01-22 00:00:00+00:00, run_after=2025-01-23 00:00:00+00:00
[2025-01-23T14:55:17.373+0000] {logging_mixin.py:190} INFO - [2025-01-23T14:55:17.373+0000] {dag.py:4180} INFO - Setting next_dagrun for dataset_with_extra_from_classic_operator to 2025-01-22 00:00:00+00:00, run_after=2025-01-23 00:00:00+00:00
[2025-01-23T14:55:17.392+0000] {processor.py:208} INFO - Processing /home/airflow/.local/lib/python3.12/site-packages/airflow/example_dags/example_outlet_event_extra.py took 0.603 seconds
[2025-01-23T14:55:47.962+0000] {processor.py:186} INFO - Started process (PID=3518) to work on /home/airflow/.local/lib/python3.12/site-packages/airflow/example_dags/example_outlet_event_extra.py
[2025-01-23T14:55:47.963+0000] {processor.py:914} INFO - Processing file /home/airflow/.local/lib/python3.12/site-packages/airflow/example_dags/example_outlet_event_extra.py for tasks to queue
[2025-01-23T14:55:47.965+0000] {logging_mixin.py:190} INFO - [2025-01-23T14:55:47.965+0000] {dagbag.py:588} INFO - Filling up the DagBag from /home/airflow/.local/lib/python3.12/site-packages/airflow/example_dags/example_outlet_event_extra.py
[2025-01-23T14:55:48.423+0000] {processor.py:925} INFO - DAG(s) 'dataset_with_extra_by_yield', 'dataset_with_extra_from_classic_operator', 'dataset_with_extra_by_context' retrieved from /home/airflow/.local/lib/python3.12/site-packages/airflow/example_dags/example_outlet_event_extra.py
[2025-01-23T14:55:48.446+0000] {logging_mixin.py:190} INFO - [2025-01-23T14:55:48.445+0000] {dag.py:3239} INFO - Sync 3 DAGs
[2025-01-23T14:55:48.465+0000] {logging_mixin.py:190} INFO - [2025-01-23T14:55:48.465+0000] {dag.py:4180} INFO - Setting next_dagrun for dataset_with_extra_by_context to 2025-01-22 00:00:00+00:00, run_after=2025-01-23 00:00:00+00:00
[2025-01-23T14:55:48.470+0000] {logging_mixin.py:190} INFO - [2025-01-23T14:55:48.469+0000] {dag.py:4180} INFO - Setting next_dagrun for dataset_with_extra_by_yield to 2025-01-22 00:00:00+00:00, run_after=2025-01-23 00:00:00+00:00
[2025-01-23T14:55:48.471+0000] {logging_mixin.py:190} INFO - [2025-01-23T14:55:48.471+0000] {dag.py:4180} INFO - Setting next_dagrun for dataset_with_extra_from_classic_operator to 2025-01-22 00:00:00+00:00, run_after=2025-01-23 00:00:00+00:00
[2025-01-23T14:55:48.490+0000] {processor.py:208} INFO - Processing /home/airflow/.local/lib/python3.12/site-packages/airflow/example_dags/example_outlet_event_extra.py took 0.534 seconds
[2025-01-23T14:56:18.919+0000] {processor.py:186} INFO - Started process (PID=3814) to work on /home/airflow/.local/lib/python3.12/site-packages/airflow/example_dags/example_outlet_event_extra.py
[2025-01-23T14:56:18.921+0000] {processor.py:914} INFO - Processing file /home/airflow/.local/lib/python3.12/site-packages/airflow/example_dags/example_outlet_event_extra.py for tasks to queue
[2025-01-23T14:56:18.928+0000] {logging_mixin.py:190} INFO - [2025-01-23T14:56:18.927+0000] {dagbag.py:588} INFO - Filling up the DagBag from /home/airflow/.local/lib/python3.12/site-packages/airflow/example_dags/example_outlet_event_extra.py
[2025-01-23T14:56:19.665+0000] {processor.py:925} INFO - DAG(s) 'dataset_with_extra_from_classic_operator', 'dataset_with_extra_by_yield', 'dataset_with_extra_by_context' retrieved from /home/airflow/.local/lib/python3.12/site-packages/airflow/example_dags/example_outlet_event_extra.py
[2025-01-23T14:56:19.704+0000] {logging_mixin.py:190} INFO - [2025-01-23T14:56:19.704+0000] {dag.py:3239} INFO - Sync 3 DAGs
[2025-01-23T14:56:19.753+0000] {logging_mixin.py:190} INFO - [2025-01-23T14:56:19.753+0000] {dag.py:4180} INFO - Setting next_dagrun for dataset_with_extra_by_context to 2025-01-22 00:00:00+00:00, run_after=2025-01-23 00:00:00+00:00
[2025-01-23T14:56:19.761+0000] {logging_mixin.py:190} INFO - [2025-01-23T14:56:19.760+0000] {dag.py:4180} INFO - Setting next_dagrun for dataset_with_extra_by_yield to 2025-01-22 00:00:00+00:00, run_after=2025-01-23 00:00:00+00:00
[2025-01-23T14:56:19.765+0000] {logging_mixin.py:190} INFO - [2025-01-23T14:56:19.765+0000] {dag.py:4180} INFO - Setting next_dagrun for dataset_with_extra_from_classic_operator to 2025-01-22 00:00:00+00:00, run_after=2025-01-23 00:00:00+00:00
[2025-01-23T14:56:19.804+0000] {processor.py:208} INFO - Processing /home/airflow/.local/lib/python3.12/site-packages/airflow/example_dags/example_outlet_event_extra.py took 0.897 seconds
[2025-01-23T14:56:49.888+0000] {processor.py:186} INFO - Started process (PID=4110) to work on /home/airflow/.local/lib/python3.12/site-packages/airflow/example_dags/example_outlet_event_extra.py
[2025-01-23T14:56:49.890+0000] {processor.py:914} INFO - Processing file /home/airflow/.local/lib/python3.12/site-packages/airflow/example_dags/example_outlet_event_extra.py for tasks to queue
[2025-01-23T14:56:49.894+0000] {logging_mixin.py:190} INFO - [2025-01-23T14:56:49.893+0000] {dagbag.py:588} INFO - Filling up the DagBag from /home/airflow/.local/lib/python3.12/site-packages/airflow/example_dags/example_outlet_event_extra.py
[2025-01-23T14:56:50.630+0000] {processor.py:925} INFO - DAG(s) 'dataset_with_extra_by_context', 'dataset_with_extra_by_yield', 'dataset_with_extra_from_classic_operator' retrieved from /home/airflow/.local/lib/python3.12/site-packages/airflow/example_dags/example_outlet_event_extra.py
[2025-01-23T14:56:50.665+0000] {logging_mixin.py:190} INFO - [2025-01-23T14:56:50.665+0000] {dag.py:3239} INFO - Sync 3 DAGs
[2025-01-23T14:56:50.696+0000] {logging_mixin.py:190} INFO - [2025-01-23T14:56:50.696+0000] {dag.py:4180} INFO - Setting next_dagrun for dataset_with_extra_by_context to 2025-01-22 00:00:00+00:00, run_after=2025-01-23 00:00:00+00:00
[2025-01-23T14:56:50.703+0000] {logging_mixin.py:190} INFO - [2025-01-23T14:56:50.703+0000] {dag.py:4180} INFO - Setting next_dagrun for dataset_with_extra_by_yield to 2025-01-22 00:00:00+00:00, run_after=2025-01-23 00:00:00+00:00
[2025-01-23T14:56:50.706+0000] {logging_mixin.py:190} INFO - [2025-01-23T14:56:50.706+0000] {dag.py:4180} INFO - Setting next_dagrun for dataset_with_extra_from_classic_operator to 2025-01-22 00:00:00+00:00, run_after=2025-01-23 00:00:00+00:00
[2025-01-23T14:56:50.736+0000] {processor.py:208} INFO - Processing /home/airflow/.local/lib/python3.12/site-packages/airflow/example_dags/example_outlet_event_extra.py took 0.858 seconds
[2025-01-23T14:57:21.130+0000] {processor.py:186} INFO - Started process (PID=4406) to work on /home/airflow/.local/lib/python3.12/site-packages/airflow/example_dags/example_outlet_event_extra.py
[2025-01-23T14:57:21.132+0000] {processor.py:914} INFO - Processing file /home/airflow/.local/lib/python3.12/site-packages/airflow/example_dags/example_outlet_event_extra.py for tasks to queue
[2025-01-23T14:57:21.135+0000] {logging_mixin.py:190} INFO - [2025-01-23T14:57:21.135+0000] {dagbag.py:588} INFO - Filling up the DagBag from /home/airflow/.local/lib/python3.12/site-packages/airflow/example_dags/example_outlet_event_extra.py
[2025-01-23T14:57:21.767+0000] {processor.py:925} INFO - DAG(s) 'dataset_with_extra_from_classic_operator', 'dataset_with_extra_by_context', 'dataset_with_extra_by_yield' retrieved from /home/airflow/.local/lib/python3.12/site-packages/airflow/example_dags/example_outlet_event_extra.py
[2025-01-23T14:57:21.803+0000] {logging_mixin.py:190} INFO - [2025-01-23T14:57:21.802+0000] {dag.py:3239} INFO - Sync 3 DAGs
[2025-01-23T14:57:21.837+0000] {logging_mixin.py:190} INFO - [2025-01-23T14:57:21.837+0000] {dag.py:4180} INFO - Setting next_dagrun for dataset_with_extra_by_context to 2025-01-22 00:00:00+00:00, run_after=2025-01-23 00:00:00+00:00
[2025-01-23T14:57:21.844+0000] {logging_mixin.py:190} INFO - [2025-01-23T14:57:21.843+0000] {dag.py:4180} INFO - Setting next_dagrun for dataset_with_extra_by_yield to 2025-01-22 00:00:00+00:00, run_after=2025-01-23 00:00:00+00:00
[2025-01-23T14:57:21.848+0000] {logging_mixin.py:190} INFO - [2025-01-23T14:57:21.848+0000] {dag.py:4180} INFO - Setting next_dagrun for dataset_with_extra_from_classic_operator to 2025-01-22 00:00:00+00:00, run_after=2025-01-23 00:00:00+00:00
[2025-01-23T14:57:21.876+0000] {processor.py:208} INFO - Processing /home/airflow/.local/lib/python3.12/site-packages/airflow/example_dags/example_outlet_event_extra.py took 0.755 seconds
[2025-01-23T14:57:52.482+0000] {processor.py:186} INFO - Started process (PID=4702) to work on /home/airflow/.local/lib/python3.12/site-packages/airflow/example_dags/example_outlet_event_extra.py
[2025-01-23T14:57:52.484+0000] {processor.py:914} INFO - Processing file /home/airflow/.local/lib/python3.12/site-packages/airflow/example_dags/example_outlet_event_extra.py for tasks to queue
[2025-01-23T14:57:52.487+0000] {logging_mixin.py:190} INFO - [2025-01-23T14:57:52.487+0000] {dagbag.py:588} INFO - Filling up the DagBag from /home/airflow/.local/lib/python3.12/site-packages/airflow/example_dags/example_outlet_event_extra.py
[2025-01-23T14:57:53.170+0000] {processor.py:925} INFO - DAG(s) 'dataset_with_extra_by_yield', 'dataset_with_extra_from_classic_operator', 'dataset_with_extra_by_context' retrieved from /home/airflow/.local/lib/python3.12/site-packages/airflow/example_dags/example_outlet_event_extra.py
[2025-01-23T14:57:53.203+0000] {logging_mixin.py:190} INFO - [2025-01-23T14:57:53.202+0000] {dag.py:3239} INFO - Sync 3 DAGs
[2025-01-23T14:57:53.233+0000] {logging_mixin.py:190} INFO - [2025-01-23T14:57:53.233+0000] {dag.py:4180} INFO - Setting next_dagrun for dataset_with_extra_by_context to 2025-01-22 00:00:00+00:00, run_after=2025-01-23 00:00:00+00:00
[2025-01-23T14:57:53.242+0000] {logging_mixin.py:190} INFO - [2025-01-23T14:57:53.242+0000] {dag.py:4180} INFO - Setting next_dagrun for dataset_with_extra_by_yield to 2025-01-22 00:00:00+00:00, run_after=2025-01-23 00:00:00+00:00
[2025-01-23T14:57:53.246+0000] {logging_mixin.py:190} INFO - [2025-01-23T14:57:53.245+0000] {dag.py:4180} INFO - Setting next_dagrun for dataset_with_extra_from_classic_operator to 2025-01-22 00:00:00+00:00, run_after=2025-01-23 00:00:00+00:00
[2025-01-23T14:57:53.276+0000] {processor.py:208} INFO - Processing /home/airflow/.local/lib/python3.12/site-packages/airflow/example_dags/example_outlet_event_extra.py took 0.801 seconds
[2025-01-23T14:58:23.853+0000] {processor.py:186} INFO - Started process (PID=4998) to work on /home/airflow/.local/lib/python3.12/site-packages/airflow/example_dags/example_outlet_event_extra.py
[2025-01-23T14:58:23.856+0000] {processor.py:914} INFO - Processing file /home/airflow/.local/lib/python3.12/site-packages/airflow/example_dags/example_outlet_event_extra.py for tasks to queue
[2025-01-23T14:58:23.861+0000] {logging_mixin.py:190} INFO - [2025-01-23T14:58:23.860+0000] {dagbag.py:588} INFO - Filling up the DagBag from /home/airflow/.local/lib/python3.12/site-packages/airflow/example_dags/example_outlet_event_extra.py
[2025-01-23T14:58:24.516+0000] {processor.py:925} INFO - DAG(s) 'dataset_with_extra_by_context', 'dataset_with_extra_from_classic_operator', 'dataset_with_extra_by_yield' retrieved from /home/airflow/.local/lib/python3.12/site-packages/airflow/example_dags/example_outlet_event_extra.py
[2025-01-23T14:58:24.555+0000] {logging_mixin.py:190} INFO - [2025-01-23T14:58:24.554+0000] {dag.py:3239} INFO - Sync 3 DAGs
[2025-01-23T14:58:24.589+0000] {logging_mixin.py:190} INFO - [2025-01-23T14:58:24.589+0000] {dag.py:4180} INFO - Setting next_dagrun for dataset_with_extra_by_context to 2025-01-22 00:00:00+00:00, run_after=2025-01-23 00:00:00+00:00
[2025-01-23T14:58:24.597+0000] {logging_mixin.py:190} INFO - [2025-01-23T14:58:24.596+0000] {dag.py:4180} INFO - Setting next_dagrun for dataset_with_extra_by_yield to 2025-01-22 00:00:00+00:00, run_after=2025-01-23 00:00:00+00:00
[2025-01-23T14:58:24.601+0000] {logging_mixin.py:190} INFO - [2025-01-23T14:58:24.601+0000] {dag.py:4180} INFO - Setting next_dagrun for dataset_with_extra_from_classic_operator to 2025-01-22 00:00:00+00:00, run_after=2025-01-23 00:00:00+00:00
[2025-01-23T14:58:24.630+0000] {processor.py:208} INFO - Processing /home/airflow/.local/lib/python3.12/site-packages/airflow/example_dags/example_outlet_event_extra.py took 0.788 seconds
[2025-01-23T14:58:54.779+0000] {processor.py:186} INFO - Started process (PID=5294) to work on /home/airflow/.local/lib/python3.12/site-packages/airflow/example_dags/example_outlet_event_extra.py
[2025-01-23T14:58:54.781+0000] {processor.py:914} INFO - Processing file /home/airflow/.local/lib/python3.12/site-packages/airflow/example_dags/example_outlet_event_extra.py for tasks to queue
[2025-01-23T14:58:54.785+0000] {logging_mixin.py:190} INFO - [2025-01-23T14:58:54.784+0000] {dagbag.py:588} INFO - Filling up the DagBag from /home/airflow/.local/lib/python3.12/site-packages/airflow/example_dags/example_outlet_event_extra.py
[2025-01-23T14:58:55.430+0000] {processor.py:925} INFO - DAG(s) 'dataset_with_extra_by_yield', 'dataset_with_extra_from_classic_operator', 'dataset_with_extra_by_context' retrieved from /home/airflow/.local/lib/python3.12/site-packages/airflow/example_dags/example_outlet_event_extra.py
[2025-01-23T14:58:55.465+0000] {logging_mixin.py:190} INFO - [2025-01-23T14:58:55.464+0000] {dag.py:3239} INFO - Sync 3 DAGs
[2025-01-23T14:58:55.500+0000] {logging_mixin.py:190} INFO - [2025-01-23T14:58:55.499+0000] {dag.py:4180} INFO - Setting next_dagrun for dataset_with_extra_by_context to 2025-01-22 00:00:00+00:00, run_after=2025-01-23 00:00:00+00:00
[2025-01-23T14:58:55.507+0000] {logging_mixin.py:190} INFO - [2025-01-23T14:58:55.507+0000] {dag.py:4180} INFO - Setting next_dagrun for dataset_with_extra_by_yield to 2025-01-22 00:00:00+00:00, run_after=2025-01-23 00:00:00+00:00
[2025-01-23T14:58:55.512+0000] {logging_mixin.py:190} INFO - [2025-01-23T14:58:55.512+0000] {dag.py:4180} INFO - Setting next_dagrun for dataset_with_extra_from_classic_operator to 2025-01-22 00:00:00+00:00, run_after=2025-01-23 00:00:00+00:00
[2025-01-23T14:58:55.542+0000] {processor.py:208} INFO - Processing /home/airflow/.local/lib/python3.12/site-packages/airflow/example_dags/example_outlet_event_extra.py took 0.772 seconds
[2025-01-23T14:59:25.651+0000] {processor.py:186} INFO - Started process (PID=5590) to work on /home/airflow/.local/lib/python3.12/site-packages/airflow/example_dags/example_outlet_event_extra.py
[2025-01-23T14:59:25.653+0000] {processor.py:914} INFO - Processing file /home/airflow/.local/lib/python3.12/site-packages/airflow/example_dags/example_outlet_event_extra.py for tasks to queue
[2025-01-23T14:59:25.657+0000] {logging_mixin.py:190} INFO - [2025-01-23T14:59:25.657+0000] {dagbag.py:588} INFO - Filling up the DagBag from /home/airflow/.local/lib/python3.12/site-packages/airflow/example_dags/example_outlet_event_extra.py
[2025-01-23T14:59:26.373+0000] {processor.py:925} INFO - DAG(s) 'dataset_with_extra_from_classic_operator', 'dataset_with_extra_by_yield', 'dataset_with_extra_by_context' retrieved from /home/airflow/.local/lib/python3.12/site-packages/airflow/example_dags/example_outlet_event_extra.py
[2025-01-23T14:59:26.407+0000] {logging_mixin.py:190} INFO - [2025-01-23T14:59:26.407+0000] {dag.py:3239} INFO - Sync 3 DAGs
[2025-01-23T14:59:26.439+0000] {logging_mixin.py:190} INFO - [2025-01-23T14:59:26.438+0000] {dag.py:4180} INFO - Setting next_dagrun for dataset_with_extra_by_context to 2025-01-22 00:00:00+00:00, run_after=2025-01-23 00:00:00+00:00
[2025-01-23T14:59:26.447+0000] {logging_mixin.py:190} INFO - [2025-01-23T14:59:26.446+0000] {dag.py:4180} INFO - Setting next_dagrun for dataset_with_extra_by_yield to 2025-01-22 00:00:00+00:00, run_after=2025-01-23 00:00:00+00:00
[2025-01-23T14:59:26.451+0000] {logging_mixin.py:190} INFO - [2025-01-23T14:59:26.451+0000] {dag.py:4180} INFO - Setting next_dagrun for dataset_with_extra_from_classic_operator to 2025-01-22 00:00:00+00:00, run_after=2025-01-23 00:00:00+00:00
[2025-01-23T14:59:26.481+0000] {processor.py:208} INFO - Processing /home/airflow/.local/lib/python3.12/site-packages/airflow/example_dags/example_outlet_event_extra.py took 0.837 seconds
[2025-01-23T14:59:56.891+0000] {processor.py:186} INFO - Started process (PID=5892) to work on /home/airflow/.local/lib/python3.12/site-packages/airflow/example_dags/example_outlet_event_extra.py
[2025-01-23T14:59:56.893+0000] {processor.py:914} INFO - Processing file /home/airflow/.local/lib/python3.12/site-packages/airflow/example_dags/example_outlet_event_extra.py for tasks to queue
[2025-01-23T14:59:56.896+0000] {logging_mixin.py:190} INFO - [2025-01-23T14:59:56.896+0000] {dagbag.py:588} INFO - Filling up the DagBag from /home/airflow/.local/lib/python3.12/site-packages/airflow/example_dags/example_outlet_event_extra.py
[2025-01-23T14:59:57.785+0000] {processor.py:925} INFO - DAG(s) 'dataset_with_extra_by_context', 'dataset_with_extra_from_classic_operator', 'dataset_with_extra_by_yield' retrieved from /home/airflow/.local/lib/python3.12/site-packages/airflow/example_dags/example_outlet_event_extra.py
[2025-01-23T14:59:57.827+0000] {logging_mixin.py:190} INFO - [2025-01-23T14:59:57.826+0000] {dag.py:3239} INFO - Sync 3 DAGs
[2025-01-23T14:59:57.869+0000] {logging_mixin.py:190} INFO - [2025-01-23T14:59:57.868+0000] {dag.py:4180} INFO - Setting next_dagrun for dataset_with_extra_by_context to 2025-01-22 00:00:00+00:00, run_after=2025-01-23 00:00:00+00:00
[2025-01-23T14:59:57.877+0000] {logging_mixin.py:190} INFO - [2025-01-23T14:59:57.877+0000] {dag.py:4180} INFO - Setting next_dagrun for dataset_with_extra_by_yield to 2025-01-22 00:00:00+00:00, run_after=2025-01-23 00:00:00+00:00
[2025-01-23T14:59:57.882+0000] {logging_mixin.py:190} INFO - [2025-01-23T14:59:57.881+0000] {dag.py:4180} INFO - Setting next_dagrun for dataset_with_extra_from_classic_operator to 2025-01-22 00:00:00+00:00, run_after=2025-01-23 00:00:00+00:00
[2025-01-23T14:59:57.913+0000] {processor.py:208} INFO - Processing /home/airflow/.local/lib/python3.12/site-packages/airflow/example_dags/example_outlet_event_extra.py took 1.033 seconds
[2025-01-23T15:00:28.270+0000] {processor.py:186} INFO - Started process (PID=6188) to work on /home/airflow/.local/lib/python3.12/site-packages/airflow/example_dags/example_outlet_event_extra.py
[2025-01-23T15:00:28.272+0000] {processor.py:914} INFO - Processing file /home/airflow/.local/lib/python3.12/site-packages/airflow/example_dags/example_outlet_event_extra.py for tasks to queue
[2025-01-23T15:00:28.274+0000] {logging_mixin.py:190} INFO - [2025-01-23T15:00:28.274+0000] {dagbag.py:588} INFO - Filling up the DagBag from /home/airflow/.local/lib/python3.12/site-packages/airflow/example_dags/example_outlet_event_extra.py
[2025-01-23T15:00:28.957+0000] {processor.py:925} INFO - DAG(s) 'dataset_with_extra_by_yield', 'dataset_with_extra_by_context', 'dataset_with_extra_from_classic_operator' retrieved from /home/airflow/.local/lib/python3.12/site-packages/airflow/example_dags/example_outlet_event_extra.py
[2025-01-23T15:00:28.988+0000] {logging_mixin.py:190} INFO - [2025-01-23T15:00:28.988+0000] {dag.py:3239} INFO - Sync 3 DAGs
[2025-01-23T15:00:29.020+0000] {logging_mixin.py:190} INFO - [2025-01-23T15:00:29.020+0000] {dag.py:4180} INFO - Setting next_dagrun for dataset_with_extra_by_context to 2025-01-22 00:00:00+00:00, run_after=2025-01-23 00:00:00+00:00
[2025-01-23T15:00:29.026+0000] {logging_mixin.py:190} INFO - [2025-01-23T15:00:29.026+0000] {dag.py:4180} INFO - Setting next_dagrun for dataset_with_extra_by_yield to 2025-01-22 00:00:00+00:00, run_after=2025-01-23 00:00:00+00:00
[2025-01-23T15:00:29.031+0000] {logging_mixin.py:190} INFO - [2025-01-23T15:00:29.030+0000] {dag.py:4180} INFO - Setting next_dagrun for dataset_with_extra_from_classic_operator to 2025-01-22 00:00:00+00:00, run_after=2025-01-23 00:00:00+00:00
[2025-01-23T15:00:29.056+0000] {processor.py:208} INFO - Processing /home/airflow/.local/lib/python3.12/site-packages/airflow/example_dags/example_outlet_event_extra.py took 0.796 seconds
[2025-01-23T15:00:59.788+0000] {processor.py:186} INFO - Started process (PID=6484) to work on /home/airflow/.local/lib/python3.12/site-packages/airflow/example_dags/example_outlet_event_extra.py
[2025-01-23T15:00:59.789+0000] {processor.py:914} INFO - Processing file /home/airflow/.local/lib/python3.12/site-packages/airflow/example_dags/example_outlet_event_extra.py for tasks to queue
[2025-01-23T15:00:59.794+0000] {logging_mixin.py:190} INFO - [2025-01-23T15:00:59.793+0000] {dagbag.py:588} INFO - Filling up the DagBag from /home/airflow/.local/lib/python3.12/site-packages/airflow/example_dags/example_outlet_event_extra.py
[2025-01-23T15:01:01.089+0000] {processor.py:925} INFO - DAG(s) 'dataset_with_extra_by_context', 'dataset_with_extra_from_classic_operator', 'dataset_with_extra_by_yield' retrieved from /home/airflow/.local/lib/python3.12/site-packages/airflow/example_dags/example_outlet_event_extra.py
[2025-01-23T15:01:01.138+0000] {logging_mixin.py:190} INFO - [2025-01-23T15:01:01.138+0000] {dag.py:3239} INFO - Sync 3 DAGs
[2025-01-23T15:01:01.185+0000] {logging_mixin.py:190} INFO - [2025-01-23T15:01:01.184+0000] {dag.py:4180} INFO - Setting next_dagrun for dataset_with_extra_by_context to 2025-01-22 00:00:00+00:00, run_after=2025-01-23 00:00:00+00:00
[2025-01-23T15:01:01.195+0000] {logging_mixin.py:190} INFO - [2025-01-23T15:01:01.195+0000] {dag.py:4180} INFO - Setting next_dagrun for dataset_with_extra_by_yield to 2025-01-22 00:00:00+00:00, run_after=2025-01-23 00:00:00+00:00
[2025-01-23T15:01:01.199+0000] {logging_mixin.py:190} INFO - [2025-01-23T15:01:01.199+0000] {dag.py:4180} INFO - Setting next_dagrun for dataset_with_extra_from_classic_operator to 2025-01-22 00:00:00+00:00, run_after=2025-01-23 00:00:00+00:00
[2025-01-23T15:01:01.244+0000] {processor.py:208} INFO - Processing /home/airflow/.local/lib/python3.12/site-packages/airflow/example_dags/example_outlet_event_extra.py took 1.474 seconds
[2025-01-23T15:01:32.088+0000] {processor.py:186} INFO - Started process (PID=6780) to work on /home/airflow/.local/lib/python3.12/site-packages/airflow/example_dags/example_outlet_event_extra.py
[2025-01-23T15:01:32.091+0000] {processor.py:914} INFO - Processing file /home/airflow/.local/lib/python3.12/site-packages/airflow/example_dags/example_outlet_event_extra.py for tasks to queue
[2025-01-23T15:01:32.095+0000] {logging_mixin.py:190} INFO - [2025-01-23T15:01:32.094+0000] {dagbag.py:588} INFO - Filling up the DagBag from /home/airflow/.local/lib/python3.12/site-packages/airflow/example_dags/example_outlet_event_extra.py
[2025-01-23T15:01:33.000+0000] {processor.py:925} INFO - DAG(s) 'dataset_with_extra_by_yield', 'dataset_with_extra_from_classic_operator', 'dataset_with_extra_by_context' retrieved from /home/airflow/.local/lib/python3.12/site-packages/airflow/example_dags/example_outlet_event_extra.py
[2025-01-23T15:01:33.049+0000] {logging_mixin.py:190} INFO - [2025-01-23T15:01:33.048+0000] {dag.py:3239} INFO - Sync 3 DAGs
[2025-01-23T15:01:33.101+0000] {logging_mixin.py:190} INFO - [2025-01-23T15:01:33.100+0000] {dag.py:4180} INFO - Setting next_dagrun for dataset_with_extra_by_context to 2025-01-22 00:00:00+00:00, run_after=2025-01-23 00:00:00+00:00
[2025-01-23T15:01:33.110+0000] {logging_mixin.py:190} INFO - [2025-01-23T15:01:33.109+0000] {dag.py:4180} INFO - Setting next_dagrun for dataset_with_extra_by_yield to 2025-01-22 00:00:00+00:00, run_after=2025-01-23 00:00:00+00:00
[2025-01-23T15:01:33.116+0000] {logging_mixin.py:190} INFO - [2025-01-23T15:01:33.116+0000] {dag.py:4180} INFO - Setting next_dagrun for dataset_with_extra_from_classic_operator to 2025-01-22 00:00:00+00:00, run_after=2025-01-23 00:00:00+00:00
[2025-01-23T15:01:33.158+0000] {processor.py:208} INFO - Processing /home/airflow/.local/lib/python3.12/site-packages/airflow/example_dags/example_outlet_event_extra.py took 1.080 seconds
[2025-01-23T15:02:03.466+0000] {processor.py:186} INFO - Started process (PID=7076) to work on /home/airflow/.local/lib/python3.12/site-packages/airflow/example_dags/example_outlet_event_extra.py
[2025-01-23T15:02:03.469+0000] {processor.py:914} INFO - Processing file /home/airflow/.local/lib/python3.12/site-packages/airflow/example_dags/example_outlet_event_extra.py for tasks to queue
[2025-01-23T15:02:03.473+0000] {logging_mixin.py:190} INFO - [2025-01-23T15:02:03.472+0000] {dagbag.py:588} INFO - Filling up the DagBag from /home/airflow/.local/lib/python3.12/site-packages/airflow/example_dags/example_outlet_event_extra.py
[2025-01-23T15:02:04.420+0000] {processor.py:925} INFO - DAG(s) 'dataset_with_extra_by_context', 'dataset_with_extra_from_classic_operator', 'dataset_with_extra_by_yield' retrieved from /home/airflow/.local/lib/python3.12/site-packages/airflow/example_dags/example_outlet_event_extra.py
[2025-01-23T15:02:04.471+0000] {logging_mixin.py:190} INFO - [2025-01-23T15:02:04.470+0000] {dag.py:3239} INFO - Sync 3 DAGs
[2025-01-23T15:02:04.516+0000] {logging_mixin.py:190} INFO - [2025-01-23T15:02:04.515+0000] {dag.py:4180} INFO - Setting next_dagrun for dataset_with_extra_by_context to 2025-01-22 00:00:00+00:00, run_after=2025-01-23 00:00:00+00:00
[2025-01-23T15:02:04.526+0000] {logging_mixin.py:190} INFO - [2025-01-23T15:02:04.526+0000] {dag.py:4180} INFO - Setting next_dagrun for dataset_with_extra_by_yield to 2025-01-22 00:00:00+00:00, run_after=2025-01-23 00:00:00+00:00
[2025-01-23T15:02:04.531+0000] {logging_mixin.py:190} INFO - [2025-01-23T15:02:04.530+0000] {dag.py:4180} INFO - Setting next_dagrun for dataset_with_extra_from_classic_operator to 2025-01-22 00:00:00+00:00, run_after=2025-01-23 00:00:00+00:00
[2025-01-23T15:02:04.569+0000] {processor.py:208} INFO - Processing /home/airflow/.local/lib/python3.12/site-packages/airflow/example_dags/example_outlet_event_extra.py took 1.114 seconds
[2025-01-23T15:02:35.319+0000] {processor.py:186} INFO - Started process (PID=7372) to work on /home/airflow/.local/lib/python3.12/site-packages/airflow/example_dags/example_outlet_event_extra.py
[2025-01-23T15:02:35.321+0000] {processor.py:914} INFO - Processing file /home/airflow/.local/lib/python3.12/site-packages/airflow/example_dags/example_outlet_event_extra.py for tasks to queue
[2025-01-23T15:02:35.324+0000] {logging_mixin.py:190} INFO - [2025-01-23T15:02:35.323+0000] {dagbag.py:588} INFO - Filling up the DagBag from /home/airflow/.local/lib/python3.12/site-packages/airflow/example_dags/example_outlet_event_extra.py
[2025-01-23T15:02:36.049+0000] {processor.py:925} INFO - DAG(s) 'dataset_with_extra_from_classic_operator', 'dataset_with_extra_by_context', 'dataset_with_extra_by_yield' retrieved from /home/airflow/.local/lib/python3.12/site-packages/airflow/example_dags/example_outlet_event_extra.py
[2025-01-23T15:02:36.093+0000] {logging_mixin.py:190} INFO - [2025-01-23T15:02:36.092+0000] {dag.py:3239} INFO - Sync 3 DAGs
[2025-01-23T15:02:36.134+0000] {logging_mixin.py:190} INFO - [2025-01-23T15:02:36.134+0000] {dag.py:4180} INFO - Setting next_dagrun for dataset_with_extra_by_context to 2025-01-22 00:00:00+00:00, run_after=2025-01-23 00:00:00+00:00
[2025-01-23T15:02:36.143+0000] {logging_mixin.py:190} INFO - [2025-01-23T15:02:36.143+0000] {dag.py:4180} INFO - Setting next_dagrun for dataset_with_extra_by_yield to 2025-01-22 00:00:00+00:00, run_after=2025-01-23 00:00:00+00:00
[2025-01-23T15:02:36.151+0000] {logging_mixin.py:190} INFO - [2025-01-23T15:02:36.150+0000] {dag.py:4180} INFO - Setting next_dagrun for dataset_with_extra_from_classic_operator to 2025-01-22 00:00:00+00:00, run_after=2025-01-23 00:00:00+00:00
[2025-01-23T15:02:36.184+0000] {processor.py:208} INFO - Processing /home/airflow/.local/lib/python3.12/site-packages/airflow/example_dags/example_outlet_event_extra.py took 0.875 seconds
[2025-01-23T15:03:06.785+0000] {processor.py:186} INFO - Started process (PID=7668) to work on /home/airflow/.local/lib/python3.12/site-packages/airflow/example_dags/example_outlet_event_extra.py
[2025-01-23T15:03:06.786+0000] {processor.py:914} INFO - Processing file /home/airflow/.local/lib/python3.12/site-packages/airflow/example_dags/example_outlet_event_extra.py for tasks to queue
[2025-01-23T15:03:06.790+0000] {logging_mixin.py:190} INFO - [2025-01-23T15:03:06.790+0000] {dagbag.py:588} INFO - Filling up the DagBag from /home/airflow/.local/lib/python3.12/site-packages/airflow/example_dags/example_outlet_event_extra.py
[2025-01-23T15:03:07.666+0000] {processor.py:925} INFO - DAG(s) 'dataset_with_extra_by_context', 'dataset_with_extra_by_yield', 'dataset_with_extra_from_classic_operator' retrieved from /home/airflow/.local/lib/python3.12/site-packages/airflow/example_dags/example_outlet_event_extra.py
[2025-01-23T15:03:07.718+0000] {logging_mixin.py:190} INFO - [2025-01-23T15:03:07.717+0000] {dag.py:3239} INFO - Sync 3 DAGs
[2025-01-23T15:03:07.761+0000] {logging_mixin.py:190} INFO - [2025-01-23T15:03:07.760+0000] {dag.py:4180} INFO - Setting next_dagrun for dataset_with_extra_by_context to 2025-01-22 00:00:00+00:00, run_after=2025-01-23 00:00:00+00:00
[2025-01-23T15:03:07.767+0000] {logging_mixin.py:190} INFO - [2025-01-23T15:03:07.766+0000] {dag.py:4180} INFO - Setting next_dagrun for dataset_with_extra_by_yield to 2025-01-22 00:00:00+00:00, run_after=2025-01-23 00:00:00+00:00
[2025-01-23T15:03:07.771+0000] {logging_mixin.py:190} INFO - [2025-01-23T15:03:07.770+0000] {dag.py:4180} INFO - Setting next_dagrun for dataset_with_extra_from_classic_operator to 2025-01-22 00:00:00+00:00, run_after=2025-01-23 00:00:00+00:00
[2025-01-23T15:03:07.805+0000] {processor.py:208} INFO - Processing /home/airflow/.local/lib/python3.12/site-packages/airflow/example_dags/example_outlet_event_extra.py took 1.030 seconds
[2025-01-23T15:03:38.367+0000] {processor.py:186} INFO - Started process (PID=7964) to work on /home/airflow/.local/lib/python3.12/site-packages/airflow/example_dags/example_outlet_event_extra.py
[2025-01-23T15:03:38.369+0000] {processor.py:914} INFO - Processing file /home/airflow/.local/lib/python3.12/site-packages/airflow/example_dags/example_outlet_event_extra.py for tasks to queue
[2025-01-23T15:03:38.372+0000] {logging_mixin.py:190} INFO - [2025-01-23T15:03:38.372+0000] {dagbag.py:588} INFO - Filling up the DagBag from /home/airflow/.local/lib/python3.12/site-packages/airflow/example_dags/example_outlet_event_extra.py
[2025-01-23T15:03:39.203+0000] {processor.py:925} INFO - DAG(s) 'dataset_with_extra_by_context', 'dataset_with_extra_from_classic_operator', 'dataset_with_extra_by_yield' retrieved from /home/airflow/.local/lib/python3.12/site-packages/airflow/example_dags/example_outlet_event_extra.py
[2025-01-23T15:03:39.244+0000] {logging_mixin.py:190} INFO - [2025-01-23T15:03:39.243+0000] {dag.py:3239} INFO - Sync 3 DAGs
[2025-01-23T15:03:39.283+0000] {logging_mixin.py:190} INFO - [2025-01-23T15:03:39.283+0000] {dag.py:4180} INFO - Setting next_dagrun for dataset_with_extra_by_context to 2025-01-22 00:00:00+00:00, run_after=2025-01-23 00:00:00+00:00
[2025-01-23T15:03:39.294+0000] {logging_mixin.py:190} INFO - [2025-01-23T15:03:39.293+0000] {dag.py:4180} INFO - Setting next_dagrun for dataset_with_extra_by_yield to 2025-01-22 00:00:00+00:00, run_after=2025-01-23 00:00:00+00:00
[2025-01-23T15:03:39.298+0000] {logging_mixin.py:190} INFO - [2025-01-23T15:03:39.297+0000] {dag.py:4180} INFO - Setting next_dagrun for dataset_with_extra_from_classic_operator to 2025-01-22 00:00:00+00:00, run_after=2025-01-23 00:00:00+00:00
[2025-01-23T15:03:39.331+0000] {processor.py:208} INFO - Processing /home/airflow/.local/lib/python3.12/site-packages/airflow/example_dags/example_outlet_event_extra.py took 0.973 seconds
[2025-01-23T15:04:10.247+0000] {processor.py:186} INFO - Started process (PID=8265) to work on /home/airflow/.local/lib/python3.12/site-packages/airflow/example_dags/example_outlet_event_extra.py
[2025-01-23T15:04:10.248+0000] {processor.py:914} INFO - Processing file /home/airflow/.local/lib/python3.12/site-packages/airflow/example_dags/example_outlet_event_extra.py for tasks to queue
[2025-01-23T15:04:10.253+0000] {logging_mixin.py:190} INFO - [2025-01-23T15:04:10.253+0000] {dagbag.py:588} INFO - Filling up the DagBag from /home/airflow/.local/lib/python3.12/site-packages/airflow/example_dags/example_outlet_event_extra.py
[2025-01-23T15:04:10.949+0000] {processor.py:925} INFO - DAG(s) 'dataset_with_extra_from_classic_operator', 'dataset_with_extra_by_yield', 'dataset_with_extra_by_context' retrieved from /home/airflow/.local/lib/python3.12/site-packages/airflow/example_dags/example_outlet_event_extra.py
[2025-01-23T15:04:10.984+0000] {logging_mixin.py:190} INFO - [2025-01-23T15:04:10.983+0000] {dag.py:3239} INFO - Sync 3 DAGs
[2025-01-23T15:04:11.017+0000] {logging_mixin.py:190} INFO - [2025-01-23T15:04:11.017+0000] {dag.py:4180} INFO - Setting next_dagrun for dataset_with_extra_by_context to 2025-01-22 00:00:00+00:00, run_after=2025-01-23 00:00:00+00:00
[2025-01-23T15:04:11.025+0000] {logging_mixin.py:190} INFO - [2025-01-23T15:04:11.024+0000] {dag.py:4180} INFO - Setting next_dagrun for dataset_with_extra_by_yield to 2025-01-22 00:00:00+00:00, run_after=2025-01-23 00:00:00+00:00
[2025-01-23T15:04:11.028+0000] {logging_mixin.py:190} INFO - [2025-01-23T15:04:11.028+0000] {dag.py:4180} INFO - Setting next_dagrun for dataset_with_extra_from_classic_operator to 2025-01-22 00:00:00+00:00, run_after=2025-01-23 00:00:00+00:00
[2025-01-23T15:04:11.058+0000] {processor.py:208} INFO - Processing /home/airflow/.local/lib/python3.12/site-packages/airflow/example_dags/example_outlet_event_extra.py took 0.821 seconds
[2025-01-23T15:04:41.434+0000] {processor.py:186} INFO - Started process (PID=8561) to work on /home/airflow/.local/lib/python3.12/site-packages/airflow/example_dags/example_outlet_event_extra.py
[2025-01-23T15:04:41.435+0000] {processor.py:914} INFO - Processing file /home/airflow/.local/lib/python3.12/site-packages/airflow/example_dags/example_outlet_event_extra.py for tasks to queue
[2025-01-23T15:04:41.439+0000] {logging_mixin.py:190} INFO - [2025-01-23T15:04:41.438+0000] {dagbag.py:588} INFO - Filling up the DagBag from /home/airflow/.local/lib/python3.12/site-packages/airflow/example_dags/example_outlet_event_extra.py
[2025-01-23T15:04:42.079+0000] {processor.py:925} INFO - DAG(s) 'dataset_with_extra_by_yield', 'dataset_with_extra_by_context', 'dataset_with_extra_from_classic_operator' retrieved from /home/airflow/.local/lib/python3.12/site-packages/airflow/example_dags/example_outlet_event_extra.py
[2025-01-23T15:04:42.118+0000] {logging_mixin.py:190} INFO - [2025-01-23T15:04:42.117+0000] {dag.py:3239} INFO - Sync 3 DAGs
[2025-01-23T15:04:42.151+0000] {logging_mixin.py:190} INFO - [2025-01-23T15:04:42.151+0000] {dag.py:4180} INFO - Setting next_dagrun for dataset_with_extra_by_context to 2025-01-22 00:00:00+00:00, run_after=2025-01-23 00:00:00+00:00
[2025-01-23T15:04:42.157+0000] {logging_mixin.py:190} INFO - [2025-01-23T15:04:42.157+0000] {dag.py:4180} INFO - Setting next_dagrun for dataset_with_extra_by_yield to 2025-01-22 00:00:00+00:00, run_after=2025-01-23 00:00:00+00:00
[2025-01-23T15:04:42.162+0000] {logging_mixin.py:190} INFO - [2025-01-23T15:04:42.161+0000] {dag.py:4180} INFO - Setting next_dagrun for dataset_with_extra_from_classic_operator to 2025-01-22 00:00:00+00:00, run_after=2025-01-23 00:00:00+00:00
[2025-01-23T15:04:42.190+0000] {processor.py:208} INFO - Processing /home/airflow/.local/lib/python3.12/site-packages/airflow/example_dags/example_outlet_event_extra.py took 0.764 seconds
[2025-01-23T15:05:12.948+0000] {processor.py:186} INFO - Started process (PID=8859) to work on /home/airflow/.local/lib/python3.12/site-packages/airflow/example_dags/example_outlet_event_extra.py
[2025-01-23T15:05:12.950+0000] {processor.py:914} INFO - Processing file /home/airflow/.local/lib/python3.12/site-packages/airflow/example_dags/example_outlet_event_extra.py for tasks to queue
[2025-01-23T15:05:12.954+0000] {logging_mixin.py:190} INFO - [2025-01-23T15:05:12.954+0000] {dagbag.py:588} INFO - Filling up the DagBag from /home/airflow/.local/lib/python3.12/site-packages/airflow/example_dags/example_outlet_event_extra.py
[2025-01-23T15:05:13.602+0000] {processor.py:925} INFO - DAG(s) 'dataset_with_extra_by_context', 'dataset_with_extra_by_yield', 'dataset_with_extra_from_classic_operator' retrieved from /home/airflow/.local/lib/python3.12/site-packages/airflow/example_dags/example_outlet_event_extra.py
[2025-01-23T15:05:13.635+0000] {logging_mixin.py:190} INFO - [2025-01-23T15:05:13.635+0000] {dag.py:3239} INFO - Sync 3 DAGs
[2025-01-23T15:05:13.665+0000] {logging_mixin.py:190} INFO - [2025-01-23T15:05:13.664+0000] {dag.py:4180} INFO - Setting next_dagrun for dataset_with_extra_by_context to 2025-01-22 00:00:00+00:00, run_after=2025-01-23 00:00:00+00:00
[2025-01-23T15:05:13.671+0000] {logging_mixin.py:190} INFO - [2025-01-23T15:05:13.671+0000] {dag.py:4180} INFO - Setting next_dagrun for dataset_with_extra_by_yield to 2025-01-22 00:00:00+00:00, run_after=2025-01-23 00:00:00+00:00
[2025-01-23T15:05:13.676+0000] {logging_mixin.py:190} INFO - [2025-01-23T15:05:13.675+0000] {dag.py:4180} INFO - Setting next_dagrun for dataset_with_extra_from_classic_operator to 2025-01-22 00:00:00+00:00, run_after=2025-01-23 00:00:00+00:00
[2025-01-23T15:05:13.702+0000] {processor.py:208} INFO - Processing /home/airflow/.local/lib/python3.12/site-packages/airflow/example_dags/example_outlet_event_extra.py took 0.763 seconds
[2025-01-23T15:05:44.320+0000] {processor.py:186} INFO - Started process (PID=9173) to work on /home/airflow/.local/lib/python3.12/site-packages/airflow/example_dags/example_outlet_event_extra.py
[2025-01-23T15:05:44.321+0000] {processor.py:914} INFO - Processing file /home/airflow/.local/lib/python3.12/site-packages/airflow/example_dags/example_outlet_event_extra.py for tasks to queue
[2025-01-23T15:05:44.324+0000] {logging_mixin.py:190} INFO - [2025-01-23T15:05:44.323+0000] {dagbag.py:588} INFO - Filling up the DagBag from /home/airflow/.local/lib/python3.12/site-packages/airflow/example_dags/example_outlet_event_extra.py
[2025-01-23T15:05:44.992+0000] {processor.py:925} INFO - DAG(s) 'dataset_with_extra_by_context', 'dataset_with_extra_by_yield', 'dataset_with_extra_from_classic_operator' retrieved from /home/airflow/.local/lib/python3.12/site-packages/airflow/example_dags/example_outlet_event_extra.py
[2025-01-23T15:05:45.024+0000] {logging_mixin.py:190} INFO - [2025-01-23T15:05:45.024+0000] {dag.py:3239} INFO - Sync 3 DAGs
[2025-01-23T15:05:45.057+0000] {logging_mixin.py:190} INFO - [2025-01-23T15:05:45.057+0000] {dag.py:4180} INFO - Setting next_dagrun for dataset_with_extra_by_context to 2025-01-22 00:00:00+00:00, run_after=2025-01-23 00:00:00+00:00
[2025-01-23T15:05:45.063+0000] {logging_mixin.py:190} INFO - [2025-01-23T15:05:45.063+0000] {dag.py:4180} INFO - Setting next_dagrun for dataset_with_extra_by_yield to 2025-01-22 00:00:00+00:00, run_after=2025-01-23 00:00:00+00:00
[2025-01-23T15:05:45.066+0000] {logging_mixin.py:190} INFO - [2025-01-23T15:05:45.066+0000] {dag.py:4180} INFO - Setting next_dagrun for dataset_with_extra_from_classic_operator to 2025-01-22 00:00:00+00:00, run_after=2025-01-23 00:00:00+00:00
[2025-01-23T15:05:45.100+0000] {processor.py:208} INFO - Processing /home/airflow/.local/lib/python3.12/site-packages/airflow/example_dags/example_outlet_event_extra.py took 0.787 seconds
[2025-01-23T15:06:15.399+0000] {processor.py:186} INFO - Started process (PID=9485) to work on /home/airflow/.local/lib/python3.12/site-packages/airflow/example_dags/example_outlet_event_extra.py
[2025-01-23T15:06:15.401+0000] {processor.py:914} INFO - Processing file /home/airflow/.local/lib/python3.12/site-packages/airflow/example_dags/example_outlet_event_extra.py for tasks to queue
[2025-01-23T15:06:15.404+0000] {logging_mixin.py:190} INFO - [2025-01-23T15:06:15.404+0000] {dagbag.py:588} INFO - Filling up the DagBag from /home/airflow/.local/lib/python3.12/site-packages/airflow/example_dags/example_outlet_event_extra.py
[2025-01-23T15:06:16.029+0000] {processor.py:925} INFO - DAG(s) 'dataset_with_extra_by_yield', 'dataset_with_extra_from_classic_operator', 'dataset_with_extra_by_context' retrieved from /home/airflow/.local/lib/python3.12/site-packages/airflow/example_dags/example_outlet_event_extra.py
[2025-01-23T15:06:16.062+0000] {logging_mixin.py:190} INFO - [2025-01-23T15:06:16.062+0000] {dag.py:3239} INFO - Sync 3 DAGs
[2025-01-23T15:06:16.097+0000] {logging_mixin.py:190} INFO - [2025-01-23T15:06:16.097+0000] {dag.py:4180} INFO - Setting next_dagrun for dataset_with_extra_by_context to 2025-01-22 00:00:00+00:00, run_after=2025-01-23 00:00:00+00:00
[2025-01-23T15:06:16.103+0000] {logging_mixin.py:190} INFO - [2025-01-23T15:06:16.103+0000] {dag.py:4180} INFO - Setting next_dagrun for dataset_with_extra_by_yield to 2025-01-22 00:00:00+00:00, run_after=2025-01-23 00:00:00+00:00
[2025-01-23T15:06:16.107+0000] {logging_mixin.py:190} INFO - [2025-01-23T15:06:16.106+0000] {dag.py:4180} INFO - Setting next_dagrun for dataset_with_extra_from_classic_operator to 2025-01-22 00:00:00+00:00, run_after=2025-01-23 00:00:00+00:00
[2025-01-23T15:06:16.135+0000] {processor.py:208} INFO - Processing /home/airflow/.local/lib/python3.12/site-packages/airflow/example_dags/example_outlet_event_extra.py took 0.747 seconds
[2025-01-23T15:06:46.442+0000] {processor.py:186} INFO - Started process (PID=9781) to work on /home/airflow/.local/lib/python3.12/site-packages/airflow/example_dags/example_outlet_event_extra.py
[2025-01-23T15:06:46.444+0000] {processor.py:914} INFO - Processing file /home/airflow/.local/lib/python3.12/site-packages/airflow/example_dags/example_outlet_event_extra.py for tasks to queue
[2025-01-23T15:06:46.447+0000] {logging_mixin.py:190} INFO - [2025-01-23T15:06:46.447+0000] {dagbag.py:588} INFO - Filling up the DagBag from /home/airflow/.local/lib/python3.12/site-packages/airflow/example_dags/example_outlet_event_extra.py
[2025-01-23T15:06:47.097+0000] {processor.py:925} INFO - DAG(s) 'dataset_with_extra_from_classic_operator', 'dataset_with_extra_by_yield', 'dataset_with_extra_by_context' retrieved from /home/airflow/.local/lib/python3.12/site-packages/airflow/example_dags/example_outlet_event_extra.py
[2025-01-23T15:06:47.131+0000] {logging_mixin.py:190} INFO - [2025-01-23T15:06:47.131+0000] {dag.py:3239} INFO - Sync 3 DAGs
[2025-01-23T15:06:47.162+0000] {logging_mixin.py:190} INFO - [2025-01-23T15:06:47.162+0000] {dag.py:4180} INFO - Setting next_dagrun for dataset_with_extra_by_context to 2025-01-22 00:00:00+00:00, run_after=2025-01-23 00:00:00+00:00
[2025-01-23T15:06:47.169+0000] {logging_mixin.py:190} INFO - [2025-01-23T15:06:47.169+0000] {dag.py:4180} INFO - Setting next_dagrun for dataset_with_extra_by_yield to 2025-01-22 00:00:00+00:00, run_after=2025-01-23 00:00:00+00:00
[2025-01-23T15:06:47.175+0000] {logging_mixin.py:190} INFO - [2025-01-23T15:06:47.175+0000] {dag.py:4180} INFO - Setting next_dagrun for dataset_with_extra_from_classic_operator to 2025-01-22 00:00:00+00:00, run_after=2025-01-23 00:00:00+00:00
[2025-01-23T15:06:47.202+0000] {processor.py:208} INFO - Processing /home/airflow/.local/lib/python3.12/site-packages/airflow/example_dags/example_outlet_event_extra.py took 0.768 seconds
[2025-01-23T15:07:17.601+0000] {processor.py:186} INFO - Started process (PID=10090) to work on /home/airflow/.local/lib/python3.12/site-packages/airflow/example_dags/example_outlet_event_extra.py
[2025-01-23T15:07:17.607+0000] {processor.py:914} INFO - Processing file /home/airflow/.local/lib/python3.12/site-packages/airflow/example_dags/example_outlet_event_extra.py for tasks to queue
[2025-01-23T15:07:17.611+0000] {logging_mixin.py:190} INFO - [2025-01-23T15:07:17.610+0000] {dagbag.py:588} INFO - Filling up the DagBag from /home/airflow/.local/lib/python3.12/site-packages/airflow/example_dags/example_outlet_event_extra.py
[2025-01-23T15:07:18.536+0000] {processor.py:925} INFO - DAG(s) 'dataset_with_extra_from_classic_operator', 'dataset_with_extra_by_yield', 'dataset_with_extra_by_context' retrieved from /home/airflow/.local/lib/python3.12/site-packages/airflow/example_dags/example_outlet_event_extra.py
[2025-01-23T15:07:18.577+0000] {logging_mixin.py:190} INFO - [2025-01-23T15:07:18.577+0000] {dag.py:3239} INFO - Sync 3 DAGs
[2025-01-23T15:07:18.623+0000] {logging_mixin.py:190} INFO - [2025-01-23T15:07:18.623+0000] {dag.py:4180} INFO - Setting next_dagrun for dataset_with_extra_by_context to 2025-01-22 00:00:00+00:00, run_after=2025-01-23 00:00:00+00:00
[2025-01-23T15:07:18.630+0000] {logging_mixin.py:190} INFO - [2025-01-23T15:07:18.629+0000] {dag.py:4180} INFO - Setting next_dagrun for dataset_with_extra_by_yield to 2025-01-22 00:00:00+00:00, run_after=2025-01-23 00:00:00+00:00
[2025-01-23T15:07:18.633+0000] {logging_mixin.py:190} INFO - [2025-01-23T15:07:18.633+0000] {dag.py:4180} INFO - Setting next_dagrun for dataset_with_extra_from_classic_operator to 2025-01-22 00:00:00+00:00, run_after=2025-01-23 00:00:00+00:00
[2025-01-23T15:07:18.664+0000] {processor.py:208} INFO - Processing /home/airflow/.local/lib/python3.12/site-packages/airflow/example_dags/example_outlet_event_extra.py took 1.078 seconds
[2025-01-23T15:07:48.854+0000] {processor.py:186} INFO - Started process (PID=10406) to work on /home/airflow/.local/lib/python3.12/site-packages/airflow/example_dags/example_outlet_event_extra.py
[2025-01-23T15:07:48.861+0000] {processor.py:914} INFO - Processing file /home/airflow/.local/lib/python3.12/site-packages/airflow/example_dags/example_outlet_event_extra.py for tasks to queue
[2025-01-23T15:07:48.865+0000] {logging_mixin.py:190} INFO - [2025-01-23T15:07:48.864+0000] {dagbag.py:588} INFO - Filling up the DagBag from /home/airflow/.local/lib/python3.12/site-packages/airflow/example_dags/example_outlet_event_extra.py
[2025-01-23T15:07:49.597+0000] {processor.py:925} INFO - DAG(s) 'dataset_with_extra_from_classic_operator', 'dataset_with_extra_by_yield', 'dataset_with_extra_by_context' retrieved from /home/airflow/.local/lib/python3.12/site-packages/airflow/example_dags/example_outlet_event_extra.py
[2025-01-23T15:07:49.643+0000] {logging_mixin.py:190} INFO - [2025-01-23T15:07:49.643+0000] {dag.py:3239} INFO - Sync 3 DAGs
[2025-01-23T15:07:49.685+0000] {logging_mixin.py:190} INFO - [2025-01-23T15:07:49.685+0000] {dag.py:4180} INFO - Setting next_dagrun for dataset_with_extra_by_context to 2025-01-22 00:00:00+00:00, run_after=2025-01-23 00:00:00+00:00
[2025-01-23T15:07:49.697+0000] {logging_mixin.py:190} INFO - [2025-01-23T15:07:49.696+0000] {dag.py:4180} INFO - Setting next_dagrun for dataset_with_extra_by_yield to 2025-01-22 00:00:00+00:00, run_after=2025-01-23 00:00:00+00:00
[2025-01-23T15:07:49.702+0000] {logging_mixin.py:190} INFO - [2025-01-23T15:07:49.702+0000] {dag.py:4180} INFO - Setting next_dagrun for dataset_with_extra_from_classic_operator to 2025-01-22 00:00:00+00:00, run_after=2025-01-23 00:00:00+00:00
[2025-01-23T15:07:49.743+0000] {processor.py:208} INFO - Processing /home/airflow/.local/lib/python3.12/site-packages/airflow/example_dags/example_outlet_event_extra.py took 0.898 seconds
