[2025-01-23T14:50:09.520+0000] {processor.py:186} INFO - Started process (PID=407) to work on /home/airflow/.local/lib/python3.12/site-packages/airflow/example_dags/example_xcomargs.py
[2025-01-23T14:50:09.521+0000] {processor.py:914} INFO - Processing file /home/airflow/.local/lib/python3.12/site-packages/airflow/example_dags/example_xcomargs.py for tasks to queue
[2025-01-23T14:50:09.524+0000] {logging_mixin.py:190} INFO - [2025-01-23T14:50:09.524+0000] {dagbag.py:588} INFO - Filling up the DagBag from /home/airflow/.local/lib/python3.12/site-packages/airflow/example_dags/example_xcomargs.py
[2025-01-23T14:50:09.542+0000] {processor.py:925} INFO - DAG(s) 'example_xcom_args', 'example_xcom_args_with_operators' retrieved from /home/airflow/.local/lib/python3.12/site-packages/airflow/example_dags/example_xcomargs.py
[2025-01-23T14:50:09.574+0000] {logging_mixin.py:190} INFO - [2025-01-23T14:50:09.574+0000] {dag.py:3239} INFO - Sync 2 DAGs
[2025-01-23T14:50:09.605+0000] {logging_mixin.py:190} INFO - [2025-01-23T14:50:09.605+0000] {dag.py:4180} INFO - Setting next_dagrun for example_xcom_args to None, run_after=None
[2025-01-23T14:50:09.611+0000] {logging_mixin.py:190} INFO - [2025-01-23T14:50:09.611+0000] {dag.py:4180} INFO - Setting next_dagrun for example_xcom_args_with_operators to None, run_after=None
[2025-01-23T14:50:09.638+0000] {processor.py:208} INFO - Processing /home/airflow/.local/lib/python3.12/site-packages/airflow/example_dags/example_xcomargs.py took 0.126 seconds
[2025-01-23T14:50:40.514+0000] {processor.py:186} INFO - Started process (PID=703) to work on /home/airflow/.local/lib/python3.12/site-packages/airflow/example_dags/example_xcomargs.py
[2025-01-23T14:50:40.515+0000] {processor.py:914} INFO - Processing file /home/airflow/.local/lib/python3.12/site-packages/airflow/example_dags/example_xcomargs.py for tasks to queue
[2025-01-23T14:50:40.517+0000] {logging_mixin.py:190} INFO - [2025-01-23T14:50:40.516+0000] {dagbag.py:588} INFO - Filling up the DagBag from /home/airflow/.local/lib/python3.12/site-packages/airflow/example_dags/example_xcomargs.py
[2025-01-23T14:50:40.526+0000] {processor.py:925} INFO - DAG(s) 'example_xcom_args_with_operators', 'example_xcom_args' retrieved from /home/airflow/.local/lib/python3.12/site-packages/airflow/example_dags/example_xcomargs.py
[2025-01-23T14:50:40.549+0000] {logging_mixin.py:190} INFO - [2025-01-23T14:50:40.549+0000] {dag.py:3239} INFO - Sync 2 DAGs
[2025-01-23T14:50:40.563+0000] {logging_mixin.py:190} INFO - [2025-01-23T14:50:40.563+0000] {dag.py:4180} INFO - Setting next_dagrun for example_xcom_args to None, run_after=None
[2025-01-23T14:50:40.567+0000] {logging_mixin.py:190} INFO - [2025-01-23T14:50:40.567+0000] {dag.py:4180} INFO - Setting next_dagrun for example_xcom_args_with_operators to None, run_after=None
[2025-01-23T14:50:40.581+0000] {processor.py:208} INFO - Processing /home/airflow/.local/lib/python3.12/site-packages/airflow/example_dags/example_xcomargs.py took 0.073 seconds
[2025-01-23T14:51:12.040+0000] {processor.py:186} INFO - Started process (PID=999) to work on /home/airflow/.local/lib/python3.12/site-packages/airflow/example_dags/example_xcomargs.py
[2025-01-23T14:51:12.041+0000] {processor.py:914} INFO - Processing file /home/airflow/.local/lib/python3.12/site-packages/airflow/example_dags/example_xcomargs.py for tasks to queue
[2025-01-23T14:51:12.044+0000] {logging_mixin.py:190} INFO - [2025-01-23T14:51:12.043+0000] {dagbag.py:588} INFO - Filling up the DagBag from /home/airflow/.local/lib/python3.12/site-packages/airflow/example_dags/example_xcomargs.py
[2025-01-23T14:51:12.053+0000] {processor.py:925} INFO - DAG(s) 'example_xcom_args_with_operators', 'example_xcom_args' retrieved from /home/airflow/.local/lib/python3.12/site-packages/airflow/example_dags/example_xcomargs.py
[2025-01-23T14:51:12.076+0000] {logging_mixin.py:190} INFO - [2025-01-23T14:51:12.075+0000] {dag.py:3239} INFO - Sync 2 DAGs
[2025-01-23T14:51:12.088+0000] {logging_mixin.py:190} INFO - [2025-01-23T14:51:12.088+0000] {dag.py:4180} INFO - Setting next_dagrun for example_xcom_args to None, run_after=None
[2025-01-23T14:51:12.092+0000] {logging_mixin.py:190} INFO - [2025-01-23T14:51:12.092+0000] {dag.py:4180} INFO - Setting next_dagrun for example_xcom_args_with_operators to None, run_after=None
[2025-01-23T14:51:12.106+0000] {processor.py:208} INFO - Processing /home/airflow/.local/lib/python3.12/site-packages/airflow/example_dags/example_xcomargs.py took 0.072 seconds
[2025-01-23T14:51:43.266+0000] {processor.py:186} INFO - Started process (PID=1295) to work on /home/airflow/.local/lib/python3.12/site-packages/airflow/example_dags/example_xcomargs.py
[2025-01-23T14:51:43.267+0000] {processor.py:914} INFO - Processing file /home/airflow/.local/lib/python3.12/site-packages/airflow/example_dags/example_xcomargs.py for tasks to queue
[2025-01-23T14:51:43.269+0000] {logging_mixin.py:190} INFO - [2025-01-23T14:51:43.268+0000] {dagbag.py:588} INFO - Filling up the DagBag from /home/airflow/.local/lib/python3.12/site-packages/airflow/example_dags/example_xcomargs.py
[2025-01-23T14:51:43.278+0000] {processor.py:925} INFO - DAG(s) 'example_xcom_args', 'example_xcom_args_with_operators' retrieved from /home/airflow/.local/lib/python3.12/site-packages/airflow/example_dags/example_xcomargs.py
[2025-01-23T14:51:43.305+0000] {logging_mixin.py:190} INFO - [2025-01-23T14:51:43.305+0000] {dag.py:3239} INFO - Sync 2 DAGs
[2025-01-23T14:51:43.319+0000] {logging_mixin.py:190} INFO - [2025-01-23T14:51:43.319+0000] {dag.py:4180} INFO - Setting next_dagrun for example_xcom_args to None, run_after=None
[2025-01-23T14:51:43.323+0000] {logging_mixin.py:190} INFO - [2025-01-23T14:51:43.322+0000] {dag.py:4180} INFO - Setting next_dagrun for example_xcom_args_with_operators to None, run_after=None
[2025-01-23T14:51:43.346+0000] {processor.py:208} INFO - Processing /home/airflow/.local/lib/python3.12/site-packages/airflow/example_dags/example_xcomargs.py took 0.086 seconds
[2025-01-23T14:52:14.652+0000] {processor.py:186} INFO - Started process (PID=1591) to work on /home/airflow/.local/lib/python3.12/site-packages/airflow/example_dags/example_xcomargs.py
[2025-01-23T14:52:14.653+0000] {processor.py:914} INFO - Processing file /home/airflow/.local/lib/python3.12/site-packages/airflow/example_dags/example_xcomargs.py for tasks to queue
[2025-01-23T14:52:14.655+0000] {logging_mixin.py:190} INFO - [2025-01-23T14:52:14.655+0000] {dagbag.py:588} INFO - Filling up the DagBag from /home/airflow/.local/lib/python3.12/site-packages/airflow/example_dags/example_xcomargs.py
[2025-01-23T14:52:14.664+0000] {processor.py:925} INFO - DAG(s) 'example_xcom_args_with_operators', 'example_xcom_args' retrieved from /home/airflow/.local/lib/python3.12/site-packages/airflow/example_dags/example_xcomargs.py
[2025-01-23T14:52:14.688+0000] {logging_mixin.py:190} INFO - [2025-01-23T14:52:14.687+0000] {dag.py:3239} INFO - Sync 2 DAGs
[2025-01-23T14:52:14.700+0000] {logging_mixin.py:190} INFO - [2025-01-23T14:52:14.700+0000] {dag.py:4180} INFO - Setting next_dagrun for example_xcom_args to None, run_after=None
[2025-01-23T14:52:14.704+0000] {logging_mixin.py:190} INFO - [2025-01-23T14:52:14.704+0000] {dag.py:4180} INFO - Setting next_dagrun for example_xcom_args_with_operators to None, run_after=None
[2025-01-23T14:52:14.719+0000] {processor.py:208} INFO - Processing /home/airflow/.local/lib/python3.12/site-packages/airflow/example_dags/example_xcomargs.py took 0.072 seconds
[2025-01-23T14:52:46.747+0000] {processor.py:186} INFO - Started process (PID=1887) to work on /home/airflow/.local/lib/python3.12/site-packages/airflow/example_dags/example_xcomargs.py
[2025-01-23T14:52:46.748+0000] {processor.py:914} INFO - Processing file /home/airflow/.local/lib/python3.12/site-packages/airflow/example_dags/example_xcomargs.py for tasks to queue
[2025-01-23T14:52:46.751+0000] {logging_mixin.py:190} INFO - [2025-01-23T14:52:46.751+0000] {dagbag.py:588} INFO - Filling up the DagBag from /home/airflow/.local/lib/python3.12/site-packages/airflow/example_dags/example_xcomargs.py
[2025-01-23T14:52:46.766+0000] {processor.py:925} INFO - DAG(s) 'example_xcom_args', 'example_xcom_args_with_operators' retrieved from /home/airflow/.local/lib/python3.12/site-packages/airflow/example_dags/example_xcomargs.py
[2025-01-23T14:52:46.809+0000] {logging_mixin.py:190} INFO - [2025-01-23T14:52:46.807+0000] {dag.py:3239} INFO - Sync 2 DAGs
[2025-01-23T14:52:46.974+0000] {logging_mixin.py:190} INFO - [2025-01-23T14:52:46.973+0000] {dag.py:4180} INFO - Setting next_dagrun for example_xcom_args to None, run_after=None
[2025-01-23T14:52:46.983+0000] {logging_mixin.py:190} INFO - [2025-01-23T14:52:46.983+0000] {dag.py:4180} INFO - Setting next_dagrun for example_xcom_args_with_operators to None, run_after=None
[2025-01-23T14:52:47.045+0000] {processor.py:208} INFO - Processing /home/airflow/.local/lib/python3.12/site-packages/airflow/example_dags/example_xcomargs.py took 0.325 seconds
[2025-01-23T14:53:17.753+0000] {processor.py:186} INFO - Started process (PID=2183) to work on /home/airflow/.local/lib/python3.12/site-packages/airflow/example_dags/example_xcomargs.py
[2025-01-23T14:53:17.755+0000] {processor.py:914} INFO - Processing file /home/airflow/.local/lib/python3.12/site-packages/airflow/example_dags/example_xcomargs.py for tasks to queue
[2025-01-23T14:53:17.757+0000] {logging_mixin.py:190} INFO - [2025-01-23T14:53:17.757+0000] {dagbag.py:588} INFO - Filling up the DagBag from /home/airflow/.local/lib/python3.12/site-packages/airflow/example_dags/example_xcomargs.py
[2025-01-23T14:53:17.767+0000] {processor.py:925} INFO - DAG(s) 'example_xcom_args', 'example_xcom_args_with_operators' retrieved from /home/airflow/.local/lib/python3.12/site-packages/airflow/example_dags/example_xcomargs.py
[2025-01-23T14:53:17.799+0000] {logging_mixin.py:190} INFO - [2025-01-23T14:53:17.799+0000] {dag.py:3239} INFO - Sync 2 DAGs
[2025-01-23T14:53:17.820+0000] {logging_mixin.py:190} INFO - [2025-01-23T14:53:17.819+0000] {dag.py:4180} INFO - Setting next_dagrun for example_xcom_args to None, run_after=None
[2025-01-23T14:53:17.824+0000] {logging_mixin.py:190} INFO - [2025-01-23T14:53:17.824+0000] {dag.py:4180} INFO - Setting next_dagrun for example_xcom_args_with_operators to None, run_after=None
[2025-01-23T14:53:17.847+0000] {processor.py:208} INFO - Processing /home/airflow/.local/lib/python3.12/site-packages/airflow/example_dags/example_xcomargs.py took 0.101 seconds
[2025-01-23T14:53:48.314+0000] {processor.py:186} INFO - Started process (PID=2476) to work on /home/airflow/.local/lib/python3.12/site-packages/airflow/example_dags/example_xcomargs.py
[2025-01-23T14:53:48.319+0000] {processor.py:914} INFO - Processing file /home/airflow/.local/lib/python3.12/site-packages/airflow/example_dags/example_xcomargs.py for tasks to queue
[2025-01-23T14:53:48.322+0000] {logging_mixin.py:190} INFO - [2025-01-23T14:53:48.321+0000] {dagbag.py:588} INFO - Filling up the DagBag from /home/airflow/.local/lib/python3.12/site-packages/airflow/example_dags/example_xcomargs.py
[2025-01-23T14:53:48.330+0000] {processor.py:925} INFO - DAG(s) 'example_xcom_args_with_operators', 'example_xcom_args' retrieved from /home/airflow/.local/lib/python3.12/site-packages/airflow/example_dags/example_xcomargs.py
[2025-01-23T14:53:48.352+0000] {logging_mixin.py:190} INFO - [2025-01-23T14:53:48.352+0000] {dag.py:3239} INFO - Sync 2 DAGs
[2025-01-23T14:53:48.365+0000] {logging_mixin.py:190} INFO - [2025-01-23T14:53:48.365+0000] {dag.py:4180} INFO - Setting next_dagrun for example_xcom_args to None, run_after=None
[2025-01-23T14:53:48.368+0000] {logging_mixin.py:190} INFO - [2025-01-23T14:53:48.368+0000] {dag.py:4180} INFO - Setting next_dagrun for example_xcom_args_with_operators to None, run_after=None
[2025-01-23T14:53:48.384+0000] {processor.py:208} INFO - Processing /home/airflow/.local/lib/python3.12/site-packages/airflow/example_dags/example_xcomargs.py took 0.075 seconds
[2025-01-23T14:54:18.991+0000] {processor.py:186} INFO - Started process (PID=2772) to work on /home/airflow/.local/lib/python3.12/site-packages/airflow/example_dags/example_xcomargs.py
[2025-01-23T14:54:18.997+0000] {processor.py:914} INFO - Processing file /home/airflow/.local/lib/python3.12/site-packages/airflow/example_dags/example_xcomargs.py for tasks to queue
[2025-01-23T14:54:18.999+0000] {logging_mixin.py:190} INFO - [2025-01-23T14:54:18.999+0000] {dagbag.py:588} INFO - Filling up the DagBag from /home/airflow/.local/lib/python3.12/site-packages/airflow/example_dags/example_xcomargs.py
[2025-01-23T14:54:19.008+0000] {processor.py:925} INFO - DAG(s) 'example_xcom_args_with_operators', 'example_xcom_args' retrieved from /home/airflow/.local/lib/python3.12/site-packages/airflow/example_dags/example_xcomargs.py
[2025-01-23T14:54:19.028+0000] {logging_mixin.py:190} INFO - [2025-01-23T14:54:19.028+0000] {dag.py:3239} INFO - Sync 2 DAGs
[2025-01-23T14:54:19.043+0000] {logging_mixin.py:190} INFO - [2025-01-23T14:54:19.043+0000] {dag.py:4180} INFO - Setting next_dagrun for example_xcom_args to None, run_after=None
[2025-01-23T14:54:19.049+0000] {logging_mixin.py:190} INFO - [2025-01-23T14:54:19.048+0000] {dag.py:4180} INFO - Setting next_dagrun for example_xcom_args_with_operators to None, run_after=None
[2025-01-23T14:54:19.064+0000] {processor.py:208} INFO - Processing /home/airflow/.local/lib/python3.12/site-packages/airflow/example_dags/example_xcomargs.py took 0.078 seconds
[2025-01-23T14:54:49.860+0000] {processor.py:186} INFO - Started process (PID=3068) to work on /home/airflow/.local/lib/python3.12/site-packages/airflow/example_dags/example_xcomargs.py
[2025-01-23T14:54:49.862+0000] {processor.py:914} INFO - Processing file /home/airflow/.local/lib/python3.12/site-packages/airflow/example_dags/example_xcomargs.py for tasks to queue
[2025-01-23T14:54:49.865+0000] {logging_mixin.py:190} INFO - [2025-01-23T14:54:49.865+0000] {dagbag.py:588} INFO - Filling up the DagBag from /home/airflow/.local/lib/python3.12/site-packages/airflow/example_dags/example_xcomargs.py
[2025-01-23T14:54:49.876+0000] {processor.py:925} INFO - DAG(s) 'example_xcom_args_with_operators', 'example_xcom_args' retrieved from /home/airflow/.local/lib/python3.12/site-packages/airflow/example_dags/example_xcomargs.py
[2025-01-23T14:54:49.898+0000] {logging_mixin.py:190} INFO - [2025-01-23T14:54:49.897+0000] {dag.py:3239} INFO - Sync 2 DAGs
[2025-01-23T14:54:49.912+0000] {logging_mixin.py:190} INFO - [2025-01-23T14:54:49.911+0000] {dag.py:4180} INFO - Setting next_dagrun for example_xcom_args to None, run_after=None
[2025-01-23T14:54:49.916+0000] {logging_mixin.py:190} INFO - [2025-01-23T14:54:49.916+0000] {dag.py:4180} INFO - Setting next_dagrun for example_xcom_args_with_operators to None, run_after=None
[2025-01-23T14:54:49.931+0000] {processor.py:208} INFO - Processing /home/airflow/.local/lib/python3.12/site-packages/airflow/example_dags/example_xcomargs.py took 0.077 seconds
[2025-01-23T14:55:20.425+0000] {processor.py:186} INFO - Started process (PID=3364) to work on /home/airflow/.local/lib/python3.12/site-packages/airflow/example_dags/example_xcomargs.py
[2025-01-23T14:55:20.426+0000] {processor.py:914} INFO - Processing file /home/airflow/.local/lib/python3.12/site-packages/airflow/example_dags/example_xcomargs.py for tasks to queue
[2025-01-23T14:55:20.428+0000] {logging_mixin.py:190} INFO - [2025-01-23T14:55:20.428+0000] {dagbag.py:588} INFO - Filling up the DagBag from /home/airflow/.local/lib/python3.12/site-packages/airflow/example_dags/example_xcomargs.py
[2025-01-23T14:55:20.437+0000] {processor.py:925} INFO - DAG(s) 'example_xcom_args', 'example_xcom_args_with_operators' retrieved from /home/airflow/.local/lib/python3.12/site-packages/airflow/example_dags/example_xcomargs.py
[2025-01-23T14:55:20.458+0000] {logging_mixin.py:190} INFO - [2025-01-23T14:55:20.457+0000] {dag.py:3239} INFO - Sync 2 DAGs
[2025-01-23T14:55:20.470+0000] {logging_mixin.py:190} INFO - [2025-01-23T14:55:20.470+0000] {dag.py:4180} INFO - Setting next_dagrun for example_xcom_args to None, run_after=None
[2025-01-23T14:55:20.473+0000] {logging_mixin.py:190} INFO - [2025-01-23T14:55:20.473+0000] {dag.py:4180} INFO - Setting next_dagrun for example_xcom_args_with_operators to None, run_after=None
[2025-01-23T14:55:20.486+0000] {processor.py:208} INFO - Processing /home/airflow/.local/lib/python3.12/site-packages/airflow/example_dags/example_xcomargs.py took 0.067 seconds
[2025-01-23T14:55:51.586+0000] {processor.py:186} INFO - Started process (PID=3660) to work on /home/airflow/.local/lib/python3.12/site-packages/airflow/example_dags/example_xcomargs.py
[2025-01-23T14:55:51.587+0000] {processor.py:914} INFO - Processing file /home/airflow/.local/lib/python3.12/site-packages/airflow/example_dags/example_xcomargs.py for tasks to queue
[2025-01-23T14:55:51.589+0000] {logging_mixin.py:190} INFO - [2025-01-23T14:55:51.589+0000] {dagbag.py:588} INFO - Filling up the DagBag from /home/airflow/.local/lib/python3.12/site-packages/airflow/example_dags/example_xcomargs.py
[2025-01-23T14:55:51.597+0000] {processor.py:925} INFO - DAG(s) 'example_xcom_args_with_operators', 'example_xcom_args' retrieved from /home/airflow/.local/lib/python3.12/site-packages/airflow/example_dags/example_xcomargs.py
[2025-01-23T14:55:51.618+0000] {logging_mixin.py:190} INFO - [2025-01-23T14:55:51.618+0000] {dag.py:3239} INFO - Sync 2 DAGs
[2025-01-23T14:55:51.631+0000] {logging_mixin.py:190} INFO - [2025-01-23T14:55:51.630+0000] {dag.py:4180} INFO - Setting next_dagrun for example_xcom_args to None, run_after=None
[2025-01-23T14:55:51.634+0000] {logging_mixin.py:190} INFO - [2025-01-23T14:55:51.634+0000] {dag.py:4180} INFO - Setting next_dagrun for example_xcom_args_with_operators to None, run_after=None
[2025-01-23T14:55:51.648+0000] {processor.py:208} INFO - Processing /home/airflow/.local/lib/python3.12/site-packages/airflow/example_dags/example_xcomargs.py took 0.068 seconds
[2025-01-23T14:56:23.676+0000] {processor.py:186} INFO - Started process (PID=3959) to work on /home/airflow/.local/lib/python3.12/site-packages/airflow/example_dags/example_xcomargs.py
[2025-01-23T14:56:23.677+0000] {processor.py:914} INFO - Processing file /home/airflow/.local/lib/python3.12/site-packages/airflow/example_dags/example_xcomargs.py for tasks to queue
[2025-01-23T14:56:23.680+0000] {logging_mixin.py:190} INFO - [2025-01-23T14:56:23.679+0000] {dagbag.py:588} INFO - Filling up the DagBag from /home/airflow/.local/lib/python3.12/site-packages/airflow/example_dags/example_xcomargs.py
[2025-01-23T14:56:23.695+0000] {processor.py:925} INFO - DAG(s) 'example_xcom_args_with_operators', 'example_xcom_args' retrieved from /home/airflow/.local/lib/python3.12/site-packages/airflow/example_dags/example_xcomargs.py
[2025-01-23T14:56:23.728+0000] {logging_mixin.py:190} INFO - [2025-01-23T14:56:23.728+0000] {dag.py:3239} INFO - Sync 2 DAGs
[2025-01-23T14:56:23.747+0000] {logging_mixin.py:190} INFO - [2025-01-23T14:56:23.747+0000] {dag.py:4180} INFO - Setting next_dagrun for example_xcom_args to None, run_after=None
[2025-01-23T14:56:23.753+0000] {logging_mixin.py:190} INFO - [2025-01-23T14:56:23.753+0000] {dag.py:4180} INFO - Setting next_dagrun for example_xcom_args_with_operators to None, run_after=None
[2025-01-23T14:56:23.775+0000] {processor.py:208} INFO - Processing /home/airflow/.local/lib/python3.12/site-packages/airflow/example_dags/example_xcomargs.py took 0.108 seconds
[2025-01-23T14:56:54.890+0000] {processor.py:186} INFO - Started process (PID=4255) to work on /home/airflow/.local/lib/python3.12/site-packages/airflow/example_dags/example_xcomargs.py
[2025-01-23T14:56:54.891+0000] {processor.py:914} INFO - Processing file /home/airflow/.local/lib/python3.12/site-packages/airflow/example_dags/example_xcomargs.py for tasks to queue
[2025-01-23T14:56:54.894+0000] {logging_mixin.py:190} INFO - [2025-01-23T14:56:54.894+0000] {dagbag.py:588} INFO - Filling up the DagBag from /home/airflow/.local/lib/python3.12/site-packages/airflow/example_dags/example_xcomargs.py
[2025-01-23T14:56:54.909+0000] {processor.py:925} INFO - DAG(s) 'example_xcom_args', 'example_xcom_args_with_operators' retrieved from /home/airflow/.local/lib/python3.12/site-packages/airflow/example_dags/example_xcomargs.py
[2025-01-23T14:56:54.945+0000] {logging_mixin.py:190} INFO - [2025-01-23T14:56:54.944+0000] {dag.py:3239} INFO - Sync 2 DAGs
[2025-01-23T14:56:54.963+0000] {logging_mixin.py:190} INFO - [2025-01-23T14:56:54.963+0000] {dag.py:4180} INFO - Setting next_dagrun for example_xcom_args to None, run_after=None
[2025-01-23T14:56:54.968+0000] {logging_mixin.py:190} INFO - [2025-01-23T14:56:54.968+0000] {dag.py:4180} INFO - Setting next_dagrun for example_xcom_args_with_operators to None, run_after=None
[2025-01-23T14:56:54.993+0000] {processor.py:208} INFO - Processing /home/airflow/.local/lib/python3.12/site-packages/airflow/example_dags/example_xcomargs.py took 0.111 seconds
[2025-01-23T14:57:25.948+0000] {processor.py:186} INFO - Started process (PID=4557) to work on /home/airflow/.local/lib/python3.12/site-packages/airflow/example_dags/example_xcomargs.py
[2025-01-23T14:57:25.950+0000] {processor.py:914} INFO - Processing file /home/airflow/.local/lib/python3.12/site-packages/airflow/example_dags/example_xcomargs.py for tasks to queue
[2025-01-23T14:57:25.953+0000] {logging_mixin.py:190} INFO - [2025-01-23T14:57:25.952+0000] {dagbag.py:588} INFO - Filling up the DagBag from /home/airflow/.local/lib/python3.12/site-packages/airflow/example_dags/example_xcomargs.py
[2025-01-23T14:57:25.966+0000] {processor.py:925} INFO - DAG(s) 'example_xcom_args', 'example_xcom_args_with_operators' retrieved from /home/airflow/.local/lib/python3.12/site-packages/airflow/example_dags/example_xcomargs.py
[2025-01-23T14:57:25.995+0000] {logging_mixin.py:190} INFO - [2025-01-23T14:57:25.995+0000] {dag.py:3239} INFO - Sync 2 DAGs
[2025-01-23T14:57:26.016+0000] {logging_mixin.py:190} INFO - [2025-01-23T14:57:26.015+0000] {dag.py:4180} INFO - Setting next_dagrun for example_xcom_args to None, run_after=None
[2025-01-23T14:57:26.021+0000] {logging_mixin.py:190} INFO - [2025-01-23T14:57:26.021+0000] {dag.py:4180} INFO - Setting next_dagrun for example_xcom_args_with_operators to None, run_after=None
[2025-01-23T14:57:26.043+0000] {processor.py:208} INFO - Processing /home/airflow/.local/lib/python3.12/site-packages/airflow/example_dags/example_xcomargs.py took 0.103 seconds
[2025-01-23T14:57:57.305+0000] {processor.py:186} INFO - Started process (PID=4853) to work on /home/airflow/.local/lib/python3.12/site-packages/airflow/example_dags/example_xcomargs.py
[2025-01-23T14:57:57.307+0000] {processor.py:914} INFO - Processing file /home/airflow/.local/lib/python3.12/site-packages/airflow/example_dags/example_xcomargs.py for tasks to queue
[2025-01-23T14:57:57.312+0000] {logging_mixin.py:190} INFO - [2025-01-23T14:57:57.311+0000] {dagbag.py:588} INFO - Filling up the DagBag from /home/airflow/.local/lib/python3.12/site-packages/airflow/example_dags/example_xcomargs.py
[2025-01-23T14:57:57.333+0000] {processor.py:925} INFO - DAG(s) 'example_xcom_args', 'example_xcom_args_with_operators' retrieved from /home/airflow/.local/lib/python3.12/site-packages/airflow/example_dags/example_xcomargs.py
[2025-01-23T14:57:57.371+0000] {logging_mixin.py:190} INFO - [2025-01-23T14:57:57.371+0000] {dag.py:3239} INFO - Sync 2 DAGs
[2025-01-23T14:57:57.397+0000] {logging_mixin.py:190} INFO - [2025-01-23T14:57:57.397+0000] {dag.py:4180} INFO - Setting next_dagrun for example_xcom_args to None, run_after=None
[2025-01-23T14:57:57.403+0000] {logging_mixin.py:190} INFO - [2025-01-23T14:57:57.402+0000] {dag.py:4180} INFO - Setting next_dagrun for example_xcom_args_with_operators to None, run_after=None
[2025-01-23T14:57:57.436+0000] {processor.py:208} INFO - Processing /home/airflow/.local/lib/python3.12/site-packages/airflow/example_dags/example_xcomargs.py took 0.151 seconds
[2025-01-23T14:58:28.986+0000] {processor.py:186} INFO - Started process (PID=5146) to work on /home/airflow/.local/lib/python3.12/site-packages/airflow/example_dags/example_xcomargs.py
[2025-01-23T14:58:28.987+0000] {processor.py:914} INFO - Processing file /home/airflow/.local/lib/python3.12/site-packages/airflow/example_dags/example_xcomargs.py for tasks to queue
[2025-01-23T14:58:28.991+0000] {logging_mixin.py:190} INFO - [2025-01-23T14:58:28.991+0000] {dagbag.py:588} INFO - Filling up the DagBag from /home/airflow/.local/lib/python3.12/site-packages/airflow/example_dags/example_xcomargs.py
[2025-01-23T14:58:29.006+0000] {processor.py:925} INFO - DAG(s) 'example_xcom_args', 'example_xcom_args_with_operators' retrieved from /home/airflow/.local/lib/python3.12/site-packages/airflow/example_dags/example_xcomargs.py
[2025-01-23T14:58:29.044+0000] {logging_mixin.py:190} INFO - [2025-01-23T14:58:29.043+0000] {dag.py:3239} INFO - Sync 2 DAGs
[2025-01-23T14:58:29.067+0000] {logging_mixin.py:190} INFO - [2025-01-23T14:58:29.067+0000] {dag.py:4180} INFO - Setting next_dagrun for example_xcom_args to None, run_after=None
[2025-01-23T14:58:29.072+0000] {logging_mixin.py:190} INFO - [2025-01-23T14:58:29.072+0000] {dag.py:4180} INFO - Setting next_dagrun for example_xcom_args_with_operators to None, run_after=None
[2025-01-23T14:58:29.099+0000] {processor.py:208} INFO - Processing /home/airflow/.local/lib/python3.12/site-packages/airflow/example_dags/example_xcomargs.py took 0.125 seconds
[2025-01-23T14:59:00.619+0000] {processor.py:186} INFO - Started process (PID=5440) to work on /home/airflow/.local/lib/python3.12/site-packages/airflow/example_dags/example_xcomargs.py
[2025-01-23T14:59:00.621+0000] {processor.py:914} INFO - Processing file /home/airflow/.local/lib/python3.12/site-packages/airflow/example_dags/example_xcomargs.py for tasks to queue
[2025-01-23T14:59:00.624+0000] {logging_mixin.py:190} INFO - [2025-01-23T14:59:00.624+0000] {dagbag.py:588} INFO - Filling up the DagBag from /home/airflow/.local/lib/python3.12/site-packages/airflow/example_dags/example_xcomargs.py
[2025-01-23T14:59:00.652+0000] {processor.py:925} INFO - DAG(s) 'example_xcom_args', 'example_xcom_args_with_operators' retrieved from /home/airflow/.local/lib/python3.12/site-packages/airflow/example_dags/example_xcomargs.py
[2025-01-23T14:59:00.701+0000] {logging_mixin.py:190} INFO - [2025-01-23T14:59:00.701+0000] {dag.py:3239} INFO - Sync 2 DAGs
[2025-01-23T14:59:00.736+0000] {logging_mixin.py:190} INFO - [2025-01-23T14:59:00.736+0000] {dag.py:4180} INFO - Setting next_dagrun for example_xcom_args to None, run_after=None
[2025-01-23T14:59:00.743+0000] {logging_mixin.py:190} INFO - [2025-01-23T14:59:00.742+0000] {dag.py:4180} INFO - Setting next_dagrun for example_xcom_args_with_operators to None, run_after=None
[2025-01-23T14:59:00.768+0000] {processor.py:208} INFO - Processing /home/airflow/.local/lib/python3.12/site-packages/airflow/example_dags/example_xcomargs.py took 0.156 seconds
[2025-01-23T14:59:31.621+0000] {processor.py:186} INFO - Started process (PID=5738) to work on /home/airflow/.local/lib/python3.12/site-packages/airflow/example_dags/example_xcomargs.py
[2025-01-23T14:59:31.622+0000] {processor.py:914} INFO - Processing file /home/airflow/.local/lib/python3.12/site-packages/airflow/example_dags/example_xcomargs.py for tasks to queue
[2025-01-23T14:59:31.625+0000] {logging_mixin.py:190} INFO - [2025-01-23T14:59:31.625+0000] {dagbag.py:588} INFO - Filling up the DagBag from /home/airflow/.local/lib/python3.12/site-packages/airflow/example_dags/example_xcomargs.py
[2025-01-23T14:59:31.637+0000] {processor.py:925} INFO - DAG(s) 'example_xcom_args_with_operators', 'example_xcom_args' retrieved from /home/airflow/.local/lib/python3.12/site-packages/airflow/example_dags/example_xcomargs.py
[2025-01-23T14:59:31.665+0000] {logging_mixin.py:190} INFO - [2025-01-23T14:59:31.664+0000] {dag.py:3239} INFO - Sync 2 DAGs
[2025-01-23T14:59:31.683+0000] {logging_mixin.py:190} INFO - [2025-01-23T14:59:31.683+0000] {dag.py:4180} INFO - Setting next_dagrun for example_xcom_args to None, run_after=None
[2025-01-23T14:59:31.688+0000] {logging_mixin.py:190} INFO - [2025-01-23T14:59:31.688+0000] {dag.py:4180} INFO - Setting next_dagrun for example_xcom_args_with_operators to None, run_after=None
[2025-01-23T14:59:31.708+0000] {processor.py:208} INFO - Processing /home/airflow/.local/lib/python3.12/site-packages/airflow/example_dags/example_xcomargs.py took 0.095 seconds
[2025-01-23T15:00:02.972+0000] {processor.py:186} INFO - Started process (PID=6032) to work on /home/airflow/.local/lib/python3.12/site-packages/airflow/example_dags/example_xcomargs.py
[2025-01-23T15:00:02.974+0000] {processor.py:914} INFO - Processing file /home/airflow/.local/lib/python3.12/site-packages/airflow/example_dags/example_xcomargs.py for tasks to queue
[2025-01-23T15:00:02.978+0000] {logging_mixin.py:190} INFO - [2025-01-23T15:00:02.977+0000] {dagbag.py:588} INFO - Filling up the DagBag from /home/airflow/.local/lib/python3.12/site-packages/airflow/example_dags/example_xcomargs.py
[2025-01-23T15:00:02.991+0000] {processor.py:925} INFO - DAG(s) 'example_xcom_args_with_operators', 'example_xcom_args' retrieved from /home/airflow/.local/lib/python3.12/site-packages/airflow/example_dags/example_xcomargs.py
[2025-01-23T15:00:03.023+0000] {logging_mixin.py:190} INFO - [2025-01-23T15:00:03.022+0000] {dag.py:3239} INFO - Sync 2 DAGs
[2025-01-23T15:00:03.041+0000] {logging_mixin.py:190} INFO - [2025-01-23T15:00:03.041+0000] {dag.py:4180} INFO - Setting next_dagrun for example_xcom_args to None, run_after=None
[2025-01-23T15:00:03.046+0000] {logging_mixin.py:190} INFO - [2025-01-23T15:00:03.046+0000] {dag.py:4180} INFO - Setting next_dagrun for example_xcom_args_with_operators to None, run_after=None
[2025-01-23T15:00:03.067+0000] {processor.py:208} INFO - Processing /home/airflow/.local/lib/python3.12/site-packages/airflow/example_dags/example_xcomargs.py took 0.103 seconds
[2025-01-23T15:00:34.586+0000] {processor.py:186} INFO - Started process (PID=6328) to work on /home/airflow/.local/lib/python3.12/site-packages/airflow/example_dags/example_xcomargs.py
[2025-01-23T15:00:34.587+0000] {processor.py:914} INFO - Processing file /home/airflow/.local/lib/python3.12/site-packages/airflow/example_dags/example_xcomargs.py for tasks to queue
[2025-01-23T15:00:34.591+0000] {logging_mixin.py:190} INFO - [2025-01-23T15:00:34.591+0000] {dagbag.py:588} INFO - Filling up the DagBag from /home/airflow/.local/lib/python3.12/site-packages/airflow/example_dags/example_xcomargs.py
[2025-01-23T15:00:34.606+0000] {processor.py:925} INFO - DAG(s) 'example_xcom_args', 'example_xcom_args_with_operators' retrieved from /home/airflow/.local/lib/python3.12/site-packages/airflow/example_dags/example_xcomargs.py
[2025-01-23T15:00:34.644+0000] {logging_mixin.py:190} INFO - [2025-01-23T15:00:34.644+0000] {dag.py:3239} INFO - Sync 2 DAGs
[2025-01-23T15:00:34.673+0000] {logging_mixin.py:190} INFO - [2025-01-23T15:00:34.672+0000] {dag.py:4180} INFO - Setting next_dagrun for example_xcom_args to None, run_after=None
[2025-01-23T15:00:34.680+0000] {logging_mixin.py:190} INFO - [2025-01-23T15:00:34.679+0000] {dag.py:4180} INFO - Setting next_dagrun for example_xcom_args_with_operators to None, run_after=None
[2025-01-23T15:00:34.711+0000] {processor.py:208} INFO - Processing /home/airflow/.local/lib/python3.12/site-packages/airflow/example_dags/example_xcomargs.py took 0.135 seconds
[2025-01-23T15:01:06.327+0000] {processor.py:186} INFO - Started process (PID=6626) to work on /home/airflow/.local/lib/python3.12/site-packages/airflow/example_dags/example_xcomargs.py
[2025-01-23T15:01:06.331+0000] {processor.py:914} INFO - Processing file /home/airflow/.local/lib/python3.12/site-packages/airflow/example_dags/example_xcomargs.py for tasks to queue
[2025-01-23T15:01:06.337+0000] {logging_mixin.py:190} INFO - [2025-01-23T15:01:06.336+0000] {dagbag.py:588} INFO - Filling up the DagBag from /home/airflow/.local/lib/python3.12/site-packages/airflow/example_dags/example_xcomargs.py
[2025-01-23T15:01:06.357+0000] {processor.py:925} INFO - DAG(s) 'example_xcom_args_with_operators', 'example_xcom_args' retrieved from /home/airflow/.local/lib/python3.12/site-packages/airflow/example_dags/example_xcomargs.py
[2025-01-23T15:01:06.396+0000] {logging_mixin.py:190} INFO - [2025-01-23T15:01:06.396+0000] {dag.py:3239} INFO - Sync 2 DAGs
[2025-01-23T15:01:06.424+0000] {logging_mixin.py:190} INFO - [2025-01-23T15:01:06.423+0000] {dag.py:4180} INFO - Setting next_dagrun for example_xcom_args to None, run_after=None
[2025-01-23T15:01:06.431+0000] {logging_mixin.py:190} INFO - [2025-01-23T15:01:06.431+0000] {dag.py:4180} INFO - Setting next_dagrun for example_xcom_args_with_operators to None, run_after=None
[2025-01-23T15:01:06.460+0000] {processor.py:208} INFO - Processing /home/airflow/.local/lib/python3.12/site-packages/airflow/example_dags/example_xcomargs.py took 0.144 seconds
[2025-01-23T15:01:38.121+0000] {processor.py:186} INFO - Started process (PID=6922) to work on /home/airflow/.local/lib/python3.12/site-packages/airflow/example_dags/example_xcomargs.py
[2025-01-23T15:01:38.124+0000] {processor.py:914} INFO - Processing file /home/airflow/.local/lib/python3.12/site-packages/airflow/example_dags/example_xcomargs.py for tasks to queue
[2025-01-23T15:01:38.128+0000] {logging_mixin.py:190} INFO - [2025-01-23T15:01:38.127+0000] {dagbag.py:588} INFO - Filling up the DagBag from /home/airflow/.local/lib/python3.12/site-packages/airflow/example_dags/example_xcomargs.py
[2025-01-23T15:01:38.147+0000] {processor.py:925} INFO - DAG(s) 'example_xcom_args_with_operators', 'example_xcom_args' retrieved from /home/airflow/.local/lib/python3.12/site-packages/airflow/example_dags/example_xcomargs.py
[2025-01-23T15:01:38.189+0000] {logging_mixin.py:190} INFO - [2025-01-23T15:01:38.189+0000] {dag.py:3239} INFO - Sync 2 DAGs
[2025-01-23T15:01:38.214+0000] {logging_mixin.py:190} INFO - [2025-01-23T15:01:38.213+0000] {dag.py:4180} INFO - Setting next_dagrun for example_xcom_args to None, run_after=None
[2025-01-23T15:01:38.220+0000] {logging_mixin.py:190} INFO - [2025-01-23T15:01:38.219+0000] {dag.py:4180} INFO - Setting next_dagrun for example_xcom_args_with_operators to None, run_after=None
[2025-01-23T15:01:38.255+0000] {processor.py:208} INFO - Processing /home/airflow/.local/lib/python3.12/site-packages/airflow/example_dags/example_xcomargs.py took 0.146 seconds
[2025-01-23T15:02:09.274+0000] {processor.py:186} INFO - Started process (PID=7221) to work on /home/airflow/.local/lib/python3.12/site-packages/airflow/example_dags/example_xcomargs.py
[2025-01-23T15:02:09.275+0000] {processor.py:914} INFO - Processing file /home/airflow/.local/lib/python3.12/site-packages/airflow/example_dags/example_xcomargs.py for tasks to queue
[2025-01-23T15:02:09.279+0000] {logging_mixin.py:190} INFO - [2025-01-23T15:02:09.279+0000] {dagbag.py:588} INFO - Filling up the DagBag from /home/airflow/.local/lib/python3.12/site-packages/airflow/example_dags/example_xcomargs.py
[2025-01-23T15:02:09.296+0000] {processor.py:925} INFO - DAG(s) 'example_xcom_args_with_operators', 'example_xcom_args' retrieved from /home/airflow/.local/lib/python3.12/site-packages/airflow/example_dags/example_xcomargs.py
[2025-01-23T15:02:09.339+0000] {logging_mixin.py:190} INFO - [2025-01-23T15:02:09.339+0000] {dag.py:3239} INFO - Sync 2 DAGs
[2025-01-23T15:02:09.366+0000] {logging_mixin.py:190} INFO - [2025-01-23T15:02:09.366+0000] {dag.py:4180} INFO - Setting next_dagrun for example_xcom_args to None, run_after=None
[2025-01-23T15:02:09.374+0000] {logging_mixin.py:190} INFO - [2025-01-23T15:02:09.374+0000] {dag.py:4180} INFO - Setting next_dagrun for example_xcom_args_with_operators to None, run_after=None
[2025-01-23T15:02:09.401+0000] {processor.py:208} INFO - Processing /home/airflow/.local/lib/python3.12/site-packages/airflow/example_dags/example_xcomargs.py took 0.136 seconds
[2025-01-23T15:02:40.304+0000] {processor.py:186} INFO - Started process (PID=7517) to work on /home/airflow/.local/lib/python3.12/site-packages/airflow/example_dags/example_xcomargs.py
[2025-01-23T15:02:40.311+0000] {processor.py:914} INFO - Processing file /home/airflow/.local/lib/python3.12/site-packages/airflow/example_dags/example_xcomargs.py for tasks to queue
[2025-01-23T15:02:40.314+0000] {logging_mixin.py:190} INFO - [2025-01-23T15:02:40.314+0000] {dagbag.py:588} INFO - Filling up the DagBag from /home/airflow/.local/lib/python3.12/site-packages/airflow/example_dags/example_xcomargs.py
[2025-01-23T15:02:40.333+0000] {processor.py:925} INFO - DAG(s) 'example_xcom_args_with_operators', 'example_xcom_args' retrieved from /home/airflow/.local/lib/python3.12/site-packages/airflow/example_dags/example_xcomargs.py
[2025-01-23T15:02:40.382+0000] {logging_mixin.py:190} INFO - [2025-01-23T15:02:40.382+0000] {dag.py:3239} INFO - Sync 2 DAGs
[2025-01-23T15:02:40.415+0000] {logging_mixin.py:190} INFO - [2025-01-23T15:02:40.415+0000] {dag.py:4180} INFO - Setting next_dagrun for example_xcom_args to None, run_after=None
[2025-01-23T15:02:40.423+0000] {logging_mixin.py:190} INFO - [2025-01-23T15:02:40.422+0000] {dag.py:4180} INFO - Setting next_dagrun for example_xcom_args_with_operators to None, run_after=None
[2025-01-23T15:02:40.454+0000] {processor.py:208} INFO - Processing /home/airflow/.local/lib/python3.12/site-packages/airflow/example_dags/example_xcomargs.py took 0.162 seconds
[2025-01-23T15:03:12.353+0000] {processor.py:186} INFO - Started process (PID=7813) to work on /home/airflow/.local/lib/python3.12/site-packages/airflow/example_dags/example_xcomargs.py
[2025-01-23T15:03:12.355+0000] {processor.py:914} INFO - Processing file /home/airflow/.local/lib/python3.12/site-packages/airflow/example_dags/example_xcomargs.py for tasks to queue
[2025-01-23T15:03:12.359+0000] {logging_mixin.py:190} INFO - [2025-01-23T15:03:12.358+0000] {dagbag.py:588} INFO - Filling up the DagBag from /home/airflow/.local/lib/python3.12/site-packages/airflow/example_dags/example_xcomargs.py
[2025-01-23T15:03:12.374+0000] {processor.py:925} INFO - DAG(s) 'example_xcom_args_with_operators', 'example_xcom_args' retrieved from /home/airflow/.local/lib/python3.12/site-packages/airflow/example_dags/example_xcomargs.py
[2025-01-23T15:03:12.406+0000] {logging_mixin.py:190} INFO - [2025-01-23T15:03:12.405+0000] {dag.py:3239} INFO - Sync 2 DAGs
[2025-01-23T15:03:12.428+0000] {logging_mixin.py:190} INFO - [2025-01-23T15:03:12.427+0000] {dag.py:4180} INFO - Setting next_dagrun for example_xcom_args to None, run_after=None
[2025-01-23T15:03:12.433+0000] {logging_mixin.py:190} INFO - [2025-01-23T15:03:12.433+0000] {dag.py:4180} INFO - Setting next_dagrun for example_xcom_args_with_operators to None, run_after=None
[2025-01-23T15:03:12.457+0000] {processor.py:208} INFO - Processing /home/airflow/.local/lib/python3.12/site-packages/airflow/example_dags/example_xcomargs.py took 0.112 seconds
[2025-01-23T15:03:43.581+0000] {processor.py:186} INFO - Started process (PID=8111) to work on /home/airflow/.local/lib/python3.12/site-packages/airflow/example_dags/example_xcomargs.py
[2025-01-23T15:03:43.582+0000] {processor.py:914} INFO - Processing file /home/airflow/.local/lib/python3.12/site-packages/airflow/example_dags/example_xcomargs.py for tasks to queue
[2025-01-23T15:03:43.586+0000] {logging_mixin.py:190} INFO - [2025-01-23T15:03:43.586+0000] {dagbag.py:588} INFO - Filling up the DagBag from /home/airflow/.local/lib/python3.12/site-packages/airflow/example_dags/example_xcomargs.py
[2025-01-23T15:03:43.598+0000] {processor.py:925} INFO - DAG(s) 'example_xcom_args_with_operators', 'example_xcom_args' retrieved from /home/airflow/.local/lib/python3.12/site-packages/airflow/example_dags/example_xcomargs.py
[2025-01-23T15:03:43.634+0000] {logging_mixin.py:190} INFO - [2025-01-23T15:03:43.634+0000] {dag.py:3239} INFO - Sync 2 DAGs
[2025-01-23T15:03:43.653+0000] {logging_mixin.py:190} INFO - [2025-01-23T15:03:43.653+0000] {dag.py:4180} INFO - Setting next_dagrun for example_xcom_args to None, run_after=None
[2025-01-23T15:03:43.659+0000] {logging_mixin.py:190} INFO - [2025-01-23T15:03:43.659+0000] {dag.py:4180} INFO - Setting next_dagrun for example_xcom_args_with_operators to None, run_after=None
[2025-01-23T15:03:43.683+0000] {processor.py:208} INFO - Processing /home/airflow/.local/lib/python3.12/site-packages/airflow/example_dags/example_xcomargs.py took 0.111 seconds
[2025-01-23T15:04:14.539+0000] {processor.py:186} INFO - Started process (PID=8405) to work on /home/airflow/.local/lib/python3.12/site-packages/airflow/example_dags/example_xcomargs.py
[2025-01-23T15:04:14.540+0000] {processor.py:914} INFO - Processing file /home/airflow/.local/lib/python3.12/site-packages/airflow/example_dags/example_xcomargs.py for tasks to queue
[2025-01-23T15:04:14.544+0000] {logging_mixin.py:190} INFO - [2025-01-23T15:04:14.544+0000] {dagbag.py:588} INFO - Filling up the DagBag from /home/airflow/.local/lib/python3.12/site-packages/airflow/example_dags/example_xcomargs.py
[2025-01-23T15:04:14.556+0000] {processor.py:925} INFO - DAG(s) 'example_xcom_args', 'example_xcom_args_with_operators' retrieved from /home/airflow/.local/lib/python3.12/site-packages/airflow/example_dags/example_xcomargs.py
[2025-01-23T15:04:14.588+0000] {logging_mixin.py:190} INFO - [2025-01-23T15:04:14.587+0000] {dag.py:3239} INFO - Sync 2 DAGs
[2025-01-23T15:04:14.608+0000] {logging_mixin.py:190} INFO - [2025-01-23T15:04:14.608+0000] {dag.py:4180} INFO - Setting next_dagrun for example_xcom_args to None, run_after=None
[2025-01-23T15:04:14.612+0000] {logging_mixin.py:190} INFO - [2025-01-23T15:04:14.612+0000] {dag.py:4180} INFO - Setting next_dagrun for example_xcom_args_with_operators to None, run_after=None
[2025-01-23T15:04:14.633+0000] {processor.py:208} INFO - Processing /home/airflow/.local/lib/python3.12/site-packages/airflow/example_dags/example_xcomargs.py took 0.102 seconds
[2025-01-23T15:04:44.991+0000] {processor.py:186} INFO - Started process (PID=8701) to work on /home/airflow/.local/lib/python3.12/site-packages/airflow/example_dags/example_xcomargs.py
[2025-01-23T15:04:44.992+0000] {processor.py:914} INFO - Processing file /home/airflow/.local/lib/python3.12/site-packages/airflow/example_dags/example_xcomargs.py for tasks to queue
[2025-01-23T15:04:44.996+0000] {logging_mixin.py:190} INFO - [2025-01-23T15:04:44.996+0000] {dagbag.py:588} INFO - Filling up the DagBag from /home/airflow/.local/lib/python3.12/site-packages/airflow/example_dags/example_xcomargs.py
[2025-01-23T15:04:45.010+0000] {processor.py:925} INFO - DAG(s) 'example_xcom_args', 'example_xcom_args_with_operators' retrieved from /home/airflow/.local/lib/python3.12/site-packages/airflow/example_dags/example_xcomargs.py
[2025-01-23T15:04:45.039+0000] {logging_mixin.py:190} INFO - [2025-01-23T15:04:45.039+0000] {dag.py:3239} INFO - Sync 2 DAGs
[2025-01-23T15:04:45.059+0000] {logging_mixin.py:190} INFO - [2025-01-23T15:04:45.059+0000] {dag.py:4180} INFO - Setting next_dagrun for example_xcom_args to None, run_after=None
[2025-01-23T15:04:45.066+0000] {logging_mixin.py:190} INFO - [2025-01-23T15:04:45.066+0000] {dag.py:4180} INFO - Setting next_dagrun for example_xcom_args_with_operators to None, run_after=None
[2025-01-23T15:04:45.092+0000] {processor.py:208} INFO - Processing /home/airflow/.local/lib/python3.12/site-packages/airflow/example_dags/example_xcomargs.py took 0.109 seconds
[2025-01-23T15:05:16.041+0000] {processor.py:186} INFO - Started process (PID=8999) to work on /home/airflow/.local/lib/python3.12/site-packages/airflow/example_dags/example_xcomargs.py
[2025-01-23T15:05:16.043+0000] {processor.py:914} INFO - Processing file /home/airflow/.local/lib/python3.12/site-packages/airflow/example_dags/example_xcomargs.py for tasks to queue
[2025-01-23T15:05:16.046+0000] {logging_mixin.py:190} INFO - [2025-01-23T15:05:16.046+0000] {dagbag.py:588} INFO - Filling up the DagBag from /home/airflow/.local/lib/python3.12/site-packages/airflow/example_dags/example_xcomargs.py
[2025-01-23T15:05:16.060+0000] {processor.py:925} INFO - DAG(s) 'example_xcom_args', 'example_xcom_args_with_operators' retrieved from /home/airflow/.local/lib/python3.12/site-packages/airflow/example_dags/example_xcomargs.py
[2025-01-23T15:05:16.094+0000] {logging_mixin.py:190} INFO - [2025-01-23T15:05:16.093+0000] {dag.py:3239} INFO - Sync 2 DAGs
[2025-01-23T15:05:16.119+0000] {logging_mixin.py:190} INFO - [2025-01-23T15:05:16.119+0000] {dag.py:4180} INFO - Setting next_dagrun for example_xcom_args to None, run_after=None
[2025-01-23T15:05:16.124+0000] {logging_mixin.py:190} INFO - [2025-01-23T15:05:16.124+0000] {dag.py:4180} INFO - Setting next_dagrun for example_xcom_args_with_operators to None, run_after=None
[2025-01-23T15:05:16.151+0000] {processor.py:208} INFO - Processing /home/airflow/.local/lib/python3.12/site-packages/airflow/example_dags/example_xcomargs.py took 0.117 seconds
[2025-01-23T15:05:47.357+0000] {processor.py:186} INFO - Started process (PID=9293) to work on /home/airflow/.local/lib/python3.12/site-packages/airflow/example_dags/example_xcomargs.py
[2025-01-23T15:05:47.358+0000] {processor.py:914} INFO - Processing file /home/airflow/.local/lib/python3.12/site-packages/airflow/example_dags/example_xcomargs.py for tasks to queue
[2025-01-23T15:05:47.362+0000] {logging_mixin.py:190} INFO - [2025-01-23T15:05:47.362+0000] {dagbag.py:588} INFO - Filling up the DagBag from /home/airflow/.local/lib/python3.12/site-packages/airflow/example_dags/example_xcomargs.py
[2025-01-23T15:05:47.375+0000] {processor.py:925} INFO - DAG(s) 'example_xcom_args', 'example_xcom_args_with_operators' retrieved from /home/airflow/.local/lib/python3.12/site-packages/airflow/example_dags/example_xcomargs.py
[2025-01-23T15:05:47.411+0000] {logging_mixin.py:190} INFO - [2025-01-23T15:05:47.410+0000] {dag.py:3239} INFO - Sync 2 DAGs
[2025-01-23T15:05:47.439+0000] {logging_mixin.py:190} INFO - [2025-01-23T15:05:47.439+0000] {dag.py:4180} INFO - Setting next_dagrun for example_xcom_args to None, run_after=None
[2025-01-23T15:05:47.447+0000] {logging_mixin.py:190} INFO - [2025-01-23T15:05:47.446+0000] {dag.py:4180} INFO - Setting next_dagrun for example_xcom_args_with_operators to None, run_after=None
[2025-01-23T15:05:47.478+0000] {processor.py:208} INFO - Processing /home/airflow/.local/lib/python3.12/site-packages/airflow/example_dags/example_xcomargs.py took 0.130 seconds
[2025-01-23T15:06:18.134+0000] {processor.py:186} INFO - Started process (PID=9588) to work on /home/airflow/.local/lib/python3.12/site-packages/airflow/example_dags/example_xcomargs.py
[2025-01-23T15:06:18.135+0000] {processor.py:914} INFO - Processing file /home/airflow/.local/lib/python3.12/site-packages/airflow/example_dags/example_xcomargs.py for tasks to queue
[2025-01-23T15:06:18.139+0000] {logging_mixin.py:190} INFO - [2025-01-23T15:06:18.139+0000] {dagbag.py:588} INFO - Filling up the DagBag from /home/airflow/.local/lib/python3.12/site-packages/airflow/example_dags/example_xcomargs.py
[2025-01-23T15:06:18.155+0000] {processor.py:925} INFO - DAG(s) 'example_xcom_args', 'example_xcom_args_with_operators' retrieved from /home/airflow/.local/lib/python3.12/site-packages/airflow/example_dags/example_xcomargs.py
[2025-01-23T15:06:18.192+0000] {logging_mixin.py:190} INFO - [2025-01-23T15:06:18.191+0000] {dag.py:3239} INFO - Sync 2 DAGs
[2025-01-23T15:06:18.213+0000] {logging_mixin.py:190} INFO - [2025-01-23T15:06:18.212+0000] {dag.py:4180} INFO - Setting next_dagrun for example_xcom_args to None, run_after=None
[2025-01-23T15:06:18.218+0000] {logging_mixin.py:190} INFO - [2025-01-23T15:06:18.218+0000] {dag.py:4180} INFO - Setting next_dagrun for example_xcom_args_with_operators to None, run_after=None
[2025-01-23T15:06:18.241+0000] {processor.py:208} INFO - Processing /home/airflow/.local/lib/python3.12/site-packages/airflow/example_dags/example_xcomargs.py took 0.116 seconds
[2025-01-23T15:06:49.569+0000] {processor.py:186} INFO - Started process (PID=9886) to work on /home/airflow/.local/lib/python3.12/site-packages/airflow/example_dags/example_xcomargs.py
[2025-01-23T15:06:49.572+0000] {processor.py:914} INFO - Processing file /home/airflow/.local/lib/python3.12/site-packages/airflow/example_dags/example_xcomargs.py for tasks to queue
[2025-01-23T15:06:49.578+0000] {logging_mixin.py:190} INFO - [2025-01-23T15:06:49.577+0000] {dagbag.py:588} INFO - Filling up the DagBag from /home/airflow/.local/lib/python3.12/site-packages/airflow/example_dags/example_xcomargs.py
[2025-01-23T15:06:49.598+0000] {processor.py:925} INFO - DAG(s) 'example_xcom_args', 'example_xcom_args_with_operators' retrieved from /home/airflow/.local/lib/python3.12/site-packages/airflow/example_dags/example_xcomargs.py
[2025-01-23T15:06:49.642+0000] {logging_mixin.py:190} INFO - [2025-01-23T15:06:49.642+0000] {dag.py:3239} INFO - Sync 2 DAGs
[2025-01-23T15:06:49.667+0000] {logging_mixin.py:190} INFO - [2025-01-23T15:06:49.667+0000] {dag.py:4180} INFO - Setting next_dagrun for example_xcom_args to None, run_after=None
[2025-01-23T15:06:49.673+0000] {logging_mixin.py:190} INFO - [2025-01-23T15:06:49.673+0000] {dag.py:4180} INFO - Setting next_dagrun for example_xcom_args_with_operators to None, run_after=None
[2025-01-23T15:06:49.707+0000] {processor.py:208} INFO - Processing /home/airflow/.local/lib/python3.12/site-packages/airflow/example_dags/example_xcomargs.py took 0.150 seconds
[2025-01-23T15:07:20.646+0000] {processor.py:186} INFO - Started process (PID=10182) to work on /home/airflow/.local/lib/python3.12/site-packages/airflow/example_dags/example_xcomargs.py
[2025-01-23T15:07:20.648+0000] {processor.py:914} INFO - Processing file /home/airflow/.local/lib/python3.12/site-packages/airflow/example_dags/example_xcomargs.py for tasks to queue
[2025-01-23T15:07:20.653+0000] {logging_mixin.py:190} INFO - [2025-01-23T15:07:20.652+0000] {dagbag.py:588} INFO - Filling up the DagBag from /home/airflow/.local/lib/python3.12/site-packages/airflow/example_dags/example_xcomargs.py
[2025-01-23T15:07:20.671+0000] {processor.py:925} INFO - DAG(s) 'example_xcom_args_with_operators', 'example_xcom_args' retrieved from /home/airflow/.local/lib/python3.12/site-packages/airflow/example_dags/example_xcomargs.py
[2025-01-23T15:07:20.709+0000] {logging_mixin.py:190} INFO - [2025-01-23T15:07:20.708+0000] {dag.py:3239} INFO - Sync 2 DAGs
[2025-01-23T15:07:20.735+0000] {logging_mixin.py:190} INFO - [2025-01-23T15:07:20.734+0000] {dag.py:4180} INFO - Setting next_dagrun for example_xcom_args to None, run_after=None
[2025-01-23T15:07:20.741+0000] {logging_mixin.py:190} INFO - [2025-01-23T15:07:20.741+0000] {dag.py:4180} INFO - Setting next_dagrun for example_xcom_args_with_operators to None, run_after=None
[2025-01-23T15:07:20.771+0000] {processor.py:208} INFO - Processing /home/airflow/.local/lib/python3.12/site-packages/airflow/example_dags/example_xcomargs.py took 0.136 seconds
[2025-01-23T15:07:51.454+0000] {processor.py:186} INFO - Started process (PID=10476) to work on /home/airflow/.local/lib/python3.12/site-packages/airflow/example_dags/example_xcomargs.py
[2025-01-23T15:07:51.461+0000] {processor.py:914} INFO - Processing file /home/airflow/.local/lib/python3.12/site-packages/airflow/example_dags/example_xcomargs.py for tasks to queue
[2025-01-23T15:07:51.467+0000] {logging_mixin.py:190} INFO - [2025-01-23T15:07:51.466+0000] {dagbag.py:588} INFO - Filling up the DagBag from /home/airflow/.local/lib/python3.12/site-packages/airflow/example_dags/example_xcomargs.py
[2025-01-23T15:07:51.485+0000] {processor.py:925} INFO - DAG(s) 'example_xcom_args', 'example_xcom_args_with_operators' retrieved from /home/airflow/.local/lib/python3.12/site-packages/airflow/example_dags/example_xcomargs.py
[2025-01-23T15:07:51.527+0000] {logging_mixin.py:190} INFO - [2025-01-23T15:07:51.526+0000] {dag.py:3239} INFO - Sync 2 DAGs
[2025-01-23T15:07:51.560+0000] {logging_mixin.py:190} INFO - [2025-01-23T15:07:51.560+0000] {dag.py:4180} INFO - Setting next_dagrun for example_xcom_args to None, run_after=None
[2025-01-23T15:07:51.566+0000] {logging_mixin.py:190} INFO - [2025-01-23T15:07:51.565+0000] {dag.py:4180} INFO - Setting next_dagrun for example_xcom_args_with_operators to None, run_after=None
[2025-01-23T15:07:51.594+0000] {processor.py:208} INFO - Processing /home/airflow/.local/lib/python3.12/site-packages/airflow/example_dags/example_xcomargs.py took 0.148 seconds
