[2025-01-23T14:50:07.135+0000] {processor.py:186} INFO - Started process (PID=292) to work on /home/airflow/.local/lib/python3.12/site-packages/airflow/example_dags/example_display_name.py
[2025-01-23T14:50:07.136+0000] {processor.py:914} INFO - Processing file /home/airflow/.local/lib/python3.12/site-packages/airflow/example_dags/example_display_name.py for tasks to queue
[2025-01-23T14:50:07.139+0000] {logging_mixin.py:190} INFO - [2025-01-23T14:50:07.138+0000] {dagbag.py:588} INFO - Filling up the DagBag from /home/airflow/.local/lib/python3.12/site-packages/airflow/example_dags/example_display_name.py
[2025-01-23T14:50:07.146+0000] {processor.py:925} INFO - DAG(s) 'example_display_name' retrieved from /home/airflow/.local/lib/python3.12/site-packages/airflow/example_dags/example_display_name.py
[2025-01-23T14:50:07.166+0000] {logging_mixin.py:190} INFO - [2025-01-23T14:50:07.166+0000] {dag.py:3239} INFO - Sync 1 DAGs
[2025-01-23T14:50:07.200+0000] {logging_mixin.py:190} INFO - [2025-01-23T14:50:07.199+0000] {dag.py:4180} INFO - Setting next_dagrun for example_display_name to None, run_after=None
[2025-01-23T14:50:07.223+0000] {processor.py:208} INFO - Processing /home/airflow/.local/lib/python3.12/site-packages/airflow/example_dags/example_display_name.py took 0.094 seconds
[2025-01-23T14:50:37.526+0000] {processor.py:186} INFO - Started process (PID=588) to work on /home/airflow/.local/lib/python3.12/site-packages/airflow/example_dags/example_display_name.py
[2025-01-23T14:50:37.527+0000] {processor.py:914} INFO - Processing file /home/airflow/.local/lib/python3.12/site-packages/airflow/example_dags/example_display_name.py for tasks to queue
[2025-01-23T14:50:37.529+0000] {logging_mixin.py:190} INFO - [2025-01-23T14:50:37.529+0000] {dagbag.py:588} INFO - Filling up the DagBag from /home/airflow/.local/lib/python3.12/site-packages/airflow/example_dags/example_display_name.py
[2025-01-23T14:50:37.536+0000] {processor.py:925} INFO - DAG(s) 'example_display_name' retrieved from /home/airflow/.local/lib/python3.12/site-packages/airflow/example_dags/example_display_name.py
[2025-01-23T14:50:37.553+0000] {logging_mixin.py:190} INFO - [2025-01-23T14:50:37.553+0000] {dag.py:3239} INFO - Sync 1 DAGs
[2025-01-23T14:50:37.565+0000] {logging_mixin.py:190} INFO - [2025-01-23T14:50:37.565+0000] {dag.py:4180} INFO - Setting next_dagrun for example_display_name to None, run_after=None
[2025-01-23T14:50:37.584+0000] {processor.py:208} INFO - Processing /home/airflow/.local/lib/python3.12/site-packages/airflow/example_dags/example_display_name.py took 0.064 seconds
[2025-01-23T14:51:09.060+0000] {processor.py:186} INFO - Started process (PID=884) to work on /home/airflow/.local/lib/python3.12/site-packages/airflow/example_dags/example_display_name.py
[2025-01-23T14:51:09.061+0000] {processor.py:914} INFO - Processing file /home/airflow/.local/lib/python3.12/site-packages/airflow/example_dags/example_display_name.py for tasks to queue
[2025-01-23T14:51:09.063+0000] {logging_mixin.py:190} INFO - [2025-01-23T14:51:09.063+0000] {dagbag.py:588} INFO - Filling up the DagBag from /home/airflow/.local/lib/python3.12/site-packages/airflow/example_dags/example_display_name.py
[2025-01-23T14:51:09.070+0000] {processor.py:925} INFO - DAG(s) 'example_display_name' retrieved from /home/airflow/.local/lib/python3.12/site-packages/airflow/example_dags/example_display_name.py
[2025-01-23T14:51:09.090+0000] {logging_mixin.py:190} INFO - [2025-01-23T14:51:09.089+0000] {dag.py:3239} INFO - Sync 1 DAGs
[2025-01-23T14:51:09.103+0000] {logging_mixin.py:190} INFO - [2025-01-23T14:51:09.103+0000] {dag.py:4180} INFO - Setting next_dagrun for example_display_name to None, run_after=None
[2025-01-23T14:51:09.120+0000] {processor.py:208} INFO - Processing /home/airflow/.local/lib/python3.12/site-packages/airflow/example_dags/example_display_name.py took 0.066 seconds
[2025-01-23T14:51:40.351+0000] {processor.py:186} INFO - Started process (PID=1180) to work on /home/airflow/.local/lib/python3.12/site-packages/airflow/example_dags/example_display_name.py
[2025-01-23T14:51:40.352+0000] {processor.py:914} INFO - Processing file /home/airflow/.local/lib/python3.12/site-packages/airflow/example_dags/example_display_name.py for tasks to queue
[2025-01-23T14:51:40.354+0000] {logging_mixin.py:190} INFO - [2025-01-23T14:51:40.353+0000] {dagbag.py:588} INFO - Filling up the DagBag from /home/airflow/.local/lib/python3.12/site-packages/airflow/example_dags/example_display_name.py
[2025-01-23T14:51:40.361+0000] {processor.py:925} INFO - DAG(s) 'example_display_name' retrieved from /home/airflow/.local/lib/python3.12/site-packages/airflow/example_dags/example_display_name.py
[2025-01-23T14:51:40.380+0000] {logging_mixin.py:190} INFO - [2025-01-23T14:51:40.380+0000] {dag.py:3239} INFO - Sync 1 DAGs
[2025-01-23T14:51:40.398+0000] {logging_mixin.py:190} INFO - [2025-01-23T14:51:40.398+0000] {dag.py:4180} INFO - Setting next_dagrun for example_display_name to None, run_after=None
[2025-01-23T14:51:40.419+0000] {processor.py:208} INFO - Processing /home/airflow/.local/lib/python3.12/site-packages/airflow/example_dags/example_display_name.py took 0.074 seconds
[2025-01-23T14:52:11.586+0000] {processor.py:186} INFO - Started process (PID=1476) to work on /home/airflow/.local/lib/python3.12/site-packages/airflow/example_dags/example_display_name.py
[2025-01-23T14:52:11.587+0000] {processor.py:914} INFO - Processing file /home/airflow/.local/lib/python3.12/site-packages/airflow/example_dags/example_display_name.py for tasks to queue
[2025-01-23T14:52:11.590+0000] {logging_mixin.py:190} INFO - [2025-01-23T14:52:11.589+0000] {dagbag.py:588} INFO - Filling up the DagBag from /home/airflow/.local/lib/python3.12/site-packages/airflow/example_dags/example_display_name.py
[2025-01-23T14:52:11.599+0000] {processor.py:925} INFO - DAG(s) 'example_display_name' retrieved from /home/airflow/.local/lib/python3.12/site-packages/airflow/example_dags/example_display_name.py
[2025-01-23T14:52:11.621+0000] {logging_mixin.py:190} INFO - [2025-01-23T14:52:11.621+0000] {dag.py:3239} INFO - Sync 1 DAGs
[2025-01-23T14:52:11.639+0000] {logging_mixin.py:190} INFO - [2025-01-23T14:52:11.638+0000] {dag.py:4180} INFO - Setting next_dagrun for example_display_name to None, run_after=None
[2025-01-23T14:52:11.662+0000] {processor.py:208} INFO - Processing /home/airflow/.local/lib/python3.12/site-packages/airflow/example_dags/example_display_name.py took 0.084 seconds
[2025-01-23T14:52:43.009+0000] {processor.py:186} INFO - Started process (PID=1772) to work on /home/airflow/.local/lib/python3.12/site-packages/airflow/example_dags/example_display_name.py
[2025-01-23T14:52:43.010+0000] {processor.py:914} INFO - Processing file /home/airflow/.local/lib/python3.12/site-packages/airflow/example_dags/example_display_name.py for tasks to queue
[2025-01-23T14:52:43.012+0000] {logging_mixin.py:190} INFO - [2025-01-23T14:52:43.012+0000] {dagbag.py:588} INFO - Filling up the DagBag from /home/airflow/.local/lib/python3.12/site-packages/airflow/example_dags/example_display_name.py
[2025-01-23T14:52:43.018+0000] {processor.py:925} INFO - DAG(s) 'example_display_name' retrieved from /home/airflow/.local/lib/python3.12/site-packages/airflow/example_dags/example_display_name.py
[2025-01-23T14:52:43.035+0000] {logging_mixin.py:190} INFO - [2025-01-23T14:52:43.035+0000] {dag.py:3239} INFO - Sync 1 DAGs
[2025-01-23T14:52:43.047+0000] {logging_mixin.py:190} INFO - [2025-01-23T14:52:43.047+0000] {dag.py:4180} INFO - Setting next_dagrun for example_display_name to None, run_after=None
[2025-01-23T14:52:43.064+0000] {processor.py:208} INFO - Processing /home/airflow/.local/lib/python3.12/site-packages/airflow/example_dags/example_display_name.py took 0.060 seconds
[2025-01-23T14:53:13.735+0000] {processor.py:186} INFO - Started process (PID=2068) to work on /home/airflow/.local/lib/python3.12/site-packages/airflow/example_dags/example_display_name.py
[2025-01-23T14:53:13.736+0000] {processor.py:914} INFO - Processing file /home/airflow/.local/lib/python3.12/site-packages/airflow/example_dags/example_display_name.py for tasks to queue
[2025-01-23T14:53:13.739+0000] {logging_mixin.py:190} INFO - [2025-01-23T14:53:13.738+0000] {dagbag.py:588} INFO - Filling up the DagBag from /home/airflow/.local/lib/python3.12/site-packages/airflow/example_dags/example_display_name.py
[2025-01-23T14:53:13.745+0000] {processor.py:925} INFO - DAG(s) 'example_display_name' retrieved from /home/airflow/.local/lib/python3.12/site-packages/airflow/example_dags/example_display_name.py
[2025-01-23T14:53:13.764+0000] {logging_mixin.py:190} INFO - [2025-01-23T14:53:13.764+0000] {dag.py:3239} INFO - Sync 1 DAGs
[2025-01-23T14:53:13.776+0000] {logging_mixin.py:190} INFO - [2025-01-23T14:53:13.776+0000] {dag.py:4180} INFO - Setting next_dagrun for example_display_name to None, run_after=None
[2025-01-23T14:53:13.794+0000] {processor.py:208} INFO - Processing /home/airflow/.local/lib/python3.12/site-packages/airflow/example_dags/example_display_name.py took 0.064 seconds
[2025-01-23T14:53:44.414+0000] {processor.py:186} INFO - Started process (PID=2364) to work on /home/airflow/.local/lib/python3.12/site-packages/airflow/example_dags/example_display_name.py
[2025-01-23T14:53:44.415+0000] {processor.py:914} INFO - Processing file /home/airflow/.local/lib/python3.12/site-packages/airflow/example_dags/example_display_name.py for tasks to queue
[2025-01-23T14:53:44.417+0000] {logging_mixin.py:190} INFO - [2025-01-23T14:53:44.417+0000] {dagbag.py:588} INFO - Filling up the DagBag from /home/airflow/.local/lib/python3.12/site-packages/airflow/example_dags/example_display_name.py
[2025-01-23T14:53:44.424+0000] {processor.py:925} INFO - DAG(s) 'example_display_name' retrieved from /home/airflow/.local/lib/python3.12/site-packages/airflow/example_dags/example_display_name.py
[2025-01-23T14:53:44.442+0000] {logging_mixin.py:190} INFO - [2025-01-23T14:53:44.441+0000] {dag.py:3239} INFO - Sync 1 DAGs
[2025-01-23T14:53:44.454+0000] {logging_mixin.py:190} INFO - [2025-01-23T14:53:44.454+0000] {dag.py:4180} INFO - Setting next_dagrun for example_display_name to None, run_after=None
[2025-01-23T14:53:44.472+0000] {processor.py:208} INFO - Processing /home/airflow/.local/lib/python3.12/site-packages/airflow/example_dags/example_display_name.py took 0.064 seconds
[2025-01-23T14:54:15.220+0000] {processor.py:186} INFO - Started process (PID=2660) to work on /home/airflow/.local/lib/python3.12/site-packages/airflow/example_dags/example_display_name.py
[2025-01-23T14:54:15.221+0000] {processor.py:914} INFO - Processing file /home/airflow/.local/lib/python3.12/site-packages/airflow/example_dags/example_display_name.py for tasks to queue
[2025-01-23T14:54:15.223+0000] {logging_mixin.py:190} INFO - [2025-01-23T14:54:15.223+0000] {dagbag.py:588} INFO - Filling up the DagBag from /home/airflow/.local/lib/python3.12/site-packages/airflow/example_dags/example_display_name.py
[2025-01-23T14:54:15.229+0000] {processor.py:925} INFO - DAG(s) 'example_display_name' retrieved from /home/airflow/.local/lib/python3.12/site-packages/airflow/example_dags/example_display_name.py
[2025-01-23T14:54:15.248+0000] {logging_mixin.py:190} INFO - [2025-01-23T14:54:15.248+0000] {dag.py:3239} INFO - Sync 1 DAGs
[2025-01-23T14:54:15.260+0000] {logging_mixin.py:190} INFO - [2025-01-23T14:54:15.260+0000] {dag.py:4180} INFO - Setting next_dagrun for example_display_name to None, run_after=None
[2025-01-23T14:54:15.280+0000] {processor.py:208} INFO - Processing /home/airflow/.local/lib/python3.12/site-packages/airflow/example_dags/example_display_name.py took 0.068 seconds
[2025-01-23T14:54:46.241+0000] {processor.py:186} INFO - Started process (PID=2956) to work on /home/airflow/.local/lib/python3.12/site-packages/airflow/example_dags/example_display_name.py
[2025-01-23T14:54:46.242+0000] {processor.py:914} INFO - Processing file /home/airflow/.local/lib/python3.12/site-packages/airflow/example_dags/example_display_name.py for tasks to queue
[2025-01-23T14:54:46.244+0000] {logging_mixin.py:190} INFO - [2025-01-23T14:54:46.244+0000] {dagbag.py:588} INFO - Filling up the DagBag from /home/airflow/.local/lib/python3.12/site-packages/airflow/example_dags/example_display_name.py
[2025-01-23T14:54:46.251+0000] {processor.py:925} INFO - DAG(s) 'example_display_name' retrieved from /home/airflow/.local/lib/python3.12/site-packages/airflow/example_dags/example_display_name.py
[2025-01-23T14:54:46.271+0000] {logging_mixin.py:190} INFO - [2025-01-23T14:54:46.270+0000] {dag.py:3239} INFO - Sync 1 DAGs
[2025-01-23T14:54:46.285+0000] {logging_mixin.py:190} INFO - [2025-01-23T14:54:46.285+0000] {dag.py:4180} INFO - Setting next_dagrun for example_display_name to None, run_after=None
[2025-01-23T14:54:46.305+0000] {processor.py:208} INFO - Processing /home/airflow/.local/lib/python3.12/site-packages/airflow/example_dags/example_display_name.py took 0.071 seconds
[2025-01-23T14:55:17.620+0000] {processor.py:186} INFO - Started process (PID=3252) to work on /home/airflow/.local/lib/python3.12/site-packages/airflow/example_dags/example_display_name.py
[2025-01-23T14:55:17.621+0000] {processor.py:914} INFO - Processing file /home/airflow/.local/lib/python3.12/site-packages/airflow/example_dags/example_display_name.py for tasks to queue
[2025-01-23T14:55:17.624+0000] {logging_mixin.py:190} INFO - [2025-01-23T14:55:17.623+0000] {dagbag.py:588} INFO - Filling up the DagBag from /home/airflow/.local/lib/python3.12/site-packages/airflow/example_dags/example_display_name.py
[2025-01-23T14:55:17.630+0000] {processor.py:925} INFO - DAG(s) 'example_display_name' retrieved from /home/airflow/.local/lib/python3.12/site-packages/airflow/example_dags/example_display_name.py
[2025-01-23T14:55:17.648+0000] {logging_mixin.py:190} INFO - [2025-01-23T14:55:17.648+0000] {dag.py:3239} INFO - Sync 1 DAGs
[2025-01-23T14:55:17.661+0000] {logging_mixin.py:190} INFO - [2025-01-23T14:55:17.661+0000] {dag.py:4180} INFO - Setting next_dagrun for example_display_name to None, run_after=None
[2025-01-23T14:55:17.677+0000] {processor.py:208} INFO - Processing /home/airflow/.local/lib/python3.12/site-packages/airflow/example_dags/example_display_name.py took 0.062 seconds
[2025-01-23T14:55:48.800+0000] {processor.py:186} INFO - Started process (PID=3548) to work on /home/airflow/.local/lib/python3.12/site-packages/airflow/example_dags/example_display_name.py
[2025-01-23T14:55:48.801+0000] {processor.py:914} INFO - Processing file /home/airflow/.local/lib/python3.12/site-packages/airflow/example_dags/example_display_name.py for tasks to queue
[2025-01-23T14:55:48.803+0000] {logging_mixin.py:190} INFO - [2025-01-23T14:55:48.802+0000] {dagbag.py:588} INFO - Filling up the DagBag from /home/airflow/.local/lib/python3.12/site-packages/airflow/example_dags/example_display_name.py
[2025-01-23T14:55:48.809+0000] {processor.py:925} INFO - DAG(s) 'example_display_name' retrieved from /home/airflow/.local/lib/python3.12/site-packages/airflow/example_dags/example_display_name.py
[2025-01-23T14:55:48.825+0000] {logging_mixin.py:190} INFO - [2025-01-23T14:55:48.825+0000] {dag.py:3239} INFO - Sync 1 DAGs
[2025-01-23T14:55:48.837+0000] {logging_mixin.py:190} INFO - [2025-01-23T14:55:48.837+0000] {dag.py:4180} INFO - Setting next_dagrun for example_display_name to None, run_after=None
[2025-01-23T14:55:48.852+0000] {processor.py:208} INFO - Processing /home/airflow/.local/lib/python3.12/site-packages/airflow/example_dags/example_display_name.py took 0.058 seconds
[2025-01-23T14:56:20.233+0000] {processor.py:186} INFO - Started process (PID=3844) to work on /home/airflow/.local/lib/python3.12/site-packages/airflow/example_dags/example_display_name.py
[2025-01-23T14:56:20.236+0000] {processor.py:914} INFO - Processing file /home/airflow/.local/lib/python3.12/site-packages/airflow/example_dags/example_display_name.py for tasks to queue
[2025-01-23T14:56:20.239+0000] {logging_mixin.py:190} INFO - [2025-01-23T14:56:20.239+0000] {dagbag.py:588} INFO - Filling up the DagBag from /home/airflow/.local/lib/python3.12/site-packages/airflow/example_dags/example_display_name.py
[2025-01-23T14:56:20.252+0000] {processor.py:925} INFO - DAG(s) 'example_display_name' retrieved from /home/airflow/.local/lib/python3.12/site-packages/airflow/example_dags/example_display_name.py
[2025-01-23T14:56:20.278+0000] {logging_mixin.py:190} INFO - [2025-01-23T14:56:20.277+0000] {dag.py:3239} INFO - Sync 1 DAGs
[2025-01-23T14:56:20.296+0000] {logging_mixin.py:190} INFO - [2025-01-23T14:56:20.296+0000] {dag.py:4180} INFO - Setting next_dagrun for example_display_name to None, run_after=None
[2025-01-23T14:56:20.325+0000] {processor.py:208} INFO - Processing /home/airflow/.local/lib/python3.12/site-packages/airflow/example_dags/example_display_name.py took 0.099 seconds
[2025-01-23T14:56:51.067+0000] {processor.py:186} INFO - Started process (PID=4140) to work on /home/airflow/.local/lib/python3.12/site-packages/airflow/example_dags/example_display_name.py
[2025-01-23T14:56:51.068+0000] {processor.py:914} INFO - Processing file /home/airflow/.local/lib/python3.12/site-packages/airflow/example_dags/example_display_name.py for tasks to queue
[2025-01-23T14:56:51.071+0000] {logging_mixin.py:190} INFO - [2025-01-23T14:56:51.071+0000] {dagbag.py:588} INFO - Filling up the DagBag from /home/airflow/.local/lib/python3.12/site-packages/airflow/example_dags/example_display_name.py
[2025-01-23T14:56:51.084+0000] {processor.py:925} INFO - DAG(s) 'example_display_name' retrieved from /home/airflow/.local/lib/python3.12/site-packages/airflow/example_dags/example_display_name.py
[2025-01-23T14:56:51.117+0000] {logging_mixin.py:190} INFO - [2025-01-23T14:56:51.117+0000] {dag.py:3239} INFO - Sync 1 DAGs
[2025-01-23T14:56:51.136+0000] {logging_mixin.py:190} INFO - [2025-01-23T14:56:51.136+0000] {dag.py:4180} INFO - Setting next_dagrun for example_display_name to None, run_after=None
[2025-01-23T14:56:51.162+0000] {processor.py:208} INFO - Processing /home/airflow/.local/lib/python3.12/site-packages/airflow/example_dags/example_display_name.py took 0.104 seconds
[2025-01-23T14:57:22.355+0000] {processor.py:186} INFO - Started process (PID=4436) to work on /home/airflow/.local/lib/python3.12/site-packages/airflow/example_dags/example_display_name.py
[2025-01-23T14:57:22.357+0000] {processor.py:914} INFO - Processing file /home/airflow/.local/lib/python3.12/site-packages/airflow/example_dags/example_display_name.py for tasks to queue
[2025-01-23T14:57:22.361+0000] {logging_mixin.py:190} INFO - [2025-01-23T14:57:22.360+0000] {dagbag.py:588} INFO - Filling up the DagBag from /home/airflow/.local/lib/python3.12/site-packages/airflow/example_dags/example_display_name.py
[2025-01-23T14:57:22.370+0000] {processor.py:925} INFO - DAG(s) 'example_display_name' retrieved from /home/airflow/.local/lib/python3.12/site-packages/airflow/example_dags/example_display_name.py
[2025-01-23T14:57:22.399+0000] {logging_mixin.py:190} INFO - [2025-01-23T14:57:22.399+0000] {dag.py:3239} INFO - Sync 1 DAGs
[2025-01-23T14:57:22.418+0000] {logging_mixin.py:190} INFO - [2025-01-23T14:57:22.418+0000] {dag.py:4180} INFO - Setting next_dagrun for example_display_name to None, run_after=None
[2025-01-23T14:57:22.446+0000] {processor.py:208} INFO - Processing /home/airflow/.local/lib/python3.12/site-packages/airflow/example_dags/example_display_name.py took 0.103 seconds
[2025-01-23T14:57:53.606+0000] {processor.py:186} INFO - Started process (PID=4732) to work on /home/airflow/.local/lib/python3.12/site-packages/airflow/example_dags/example_display_name.py
[2025-01-23T14:57:53.607+0000] {processor.py:914} INFO - Processing file /home/airflow/.local/lib/python3.12/site-packages/airflow/example_dags/example_display_name.py for tasks to queue
[2025-01-23T14:57:53.610+0000] {logging_mixin.py:190} INFO - [2025-01-23T14:57:53.610+0000] {dagbag.py:588} INFO - Filling up the DagBag from /home/airflow/.local/lib/python3.12/site-packages/airflow/example_dags/example_display_name.py
[2025-01-23T14:57:53.620+0000] {processor.py:925} INFO - DAG(s) 'example_display_name' retrieved from /home/airflow/.local/lib/python3.12/site-packages/airflow/example_dags/example_display_name.py
[2025-01-23T14:57:53.645+0000] {logging_mixin.py:190} INFO - [2025-01-23T14:57:53.645+0000] {dag.py:3239} INFO - Sync 1 DAGs
[2025-01-23T14:57:53.667+0000] {logging_mixin.py:190} INFO - [2025-01-23T14:57:53.666+0000] {dag.py:4180} INFO - Setting next_dagrun for example_display_name to None, run_after=None
[2025-01-23T14:57:53.691+0000] {processor.py:208} INFO - Processing /home/airflow/.local/lib/python3.12/site-packages/airflow/example_dags/example_display_name.py took 0.093 seconds
[2025-01-23T14:58:25.083+0000] {processor.py:186} INFO - Started process (PID=5028) to work on /home/airflow/.local/lib/python3.12/site-packages/airflow/example_dags/example_display_name.py
[2025-01-23T14:58:25.084+0000] {processor.py:914} INFO - Processing file /home/airflow/.local/lib/python3.12/site-packages/airflow/example_dags/example_display_name.py for tasks to queue
[2025-01-23T14:58:25.087+0000] {logging_mixin.py:190} INFO - [2025-01-23T14:58:25.087+0000] {dagbag.py:588} INFO - Filling up the DagBag from /home/airflow/.local/lib/python3.12/site-packages/airflow/example_dags/example_display_name.py
[2025-01-23T14:58:25.102+0000] {processor.py:925} INFO - DAG(s) 'example_display_name' retrieved from /home/airflow/.local/lib/python3.12/site-packages/airflow/example_dags/example_display_name.py
[2025-01-23T14:58:25.133+0000] {logging_mixin.py:190} INFO - [2025-01-23T14:58:25.133+0000] {dag.py:3239} INFO - Sync 1 DAGs
[2025-01-23T14:58:25.156+0000] {logging_mixin.py:190} INFO - [2025-01-23T14:58:25.156+0000] {dag.py:4180} INFO - Setting next_dagrun for example_display_name to None, run_after=None
[2025-01-23T14:58:25.189+0000] {processor.py:208} INFO - Processing /home/airflow/.local/lib/python3.12/site-packages/airflow/example_dags/example_display_name.py took 0.116 seconds
[2025-01-23T14:58:55.902+0000] {processor.py:186} INFO - Started process (PID=5330) to work on /home/airflow/.local/lib/python3.12/site-packages/airflow/example_dags/example_display_name.py
[2025-01-23T14:58:55.904+0000] {processor.py:914} INFO - Processing file /home/airflow/.local/lib/python3.12/site-packages/airflow/example_dags/example_display_name.py for tasks to queue
[2025-01-23T14:58:55.908+0000] {logging_mixin.py:190} INFO - [2025-01-23T14:58:55.908+0000] {dagbag.py:588} INFO - Filling up the DagBag from /home/airflow/.local/lib/python3.12/site-packages/airflow/example_dags/example_display_name.py
[2025-01-23T14:58:55.922+0000] {processor.py:925} INFO - DAG(s) 'example_display_name' retrieved from /home/airflow/.local/lib/python3.12/site-packages/airflow/example_dags/example_display_name.py
[2025-01-23T14:58:55.955+0000] {logging_mixin.py:190} INFO - [2025-01-23T14:58:55.955+0000] {dag.py:3239} INFO - Sync 1 DAGs
[2025-01-23T14:58:55.980+0000] {logging_mixin.py:190} INFO - [2025-01-23T14:58:55.980+0000] {dag.py:4180} INFO - Setting next_dagrun for example_display_name to None, run_after=None
[2025-01-23T14:58:56.012+0000] {processor.py:208} INFO - Processing /home/airflow/.local/lib/python3.12/site-packages/airflow/example_dags/example_display_name.py took 0.123 seconds
[2025-01-23T14:59:26.844+0000] {processor.py:186} INFO - Started process (PID=5626) to work on /home/airflow/.local/lib/python3.12/site-packages/airflow/example_dags/example_display_name.py
[2025-01-23T14:59:26.846+0000] {processor.py:914} INFO - Processing file /home/airflow/.local/lib/python3.12/site-packages/airflow/example_dags/example_display_name.py for tasks to queue
[2025-01-23T14:59:26.850+0000] {logging_mixin.py:190} INFO - [2025-01-23T14:59:26.849+0000] {dagbag.py:588} INFO - Filling up the DagBag from /home/airflow/.local/lib/python3.12/site-packages/airflow/example_dags/example_display_name.py
[2025-01-23T14:59:26.864+0000] {processor.py:925} INFO - DAG(s) 'example_display_name' retrieved from /home/airflow/.local/lib/python3.12/site-packages/airflow/example_dags/example_display_name.py
[2025-01-23T14:59:26.892+0000] {logging_mixin.py:190} INFO - [2025-01-23T14:59:26.892+0000] {dag.py:3239} INFO - Sync 1 DAGs
[2025-01-23T14:59:26.908+0000] {logging_mixin.py:190} INFO - [2025-01-23T14:59:26.908+0000] {dag.py:4180} INFO - Setting next_dagrun for example_display_name to None, run_after=None
[2025-01-23T14:59:26.936+0000] {processor.py:208} INFO - Processing /home/airflow/.local/lib/python3.12/site-packages/airflow/example_dags/example_display_name.py took 0.102 seconds
[2025-01-23T14:59:58.315+0000] {processor.py:186} INFO - Started process (PID=5922) to work on /home/airflow/.local/lib/python3.12/site-packages/airflow/example_dags/example_display_name.py
[2025-01-23T14:59:58.317+0000] {processor.py:914} INFO - Processing file /home/airflow/.local/lib/python3.12/site-packages/airflow/example_dags/example_display_name.py for tasks to queue
[2025-01-23T14:59:58.320+0000] {logging_mixin.py:190} INFO - [2025-01-23T14:59:58.319+0000] {dagbag.py:588} INFO - Filling up the DagBag from /home/airflow/.local/lib/python3.12/site-packages/airflow/example_dags/example_display_name.py
[2025-01-23T14:59:58.335+0000] {processor.py:925} INFO - DAG(s) 'example_display_name' retrieved from /home/airflow/.local/lib/python3.12/site-packages/airflow/example_dags/example_display_name.py
[2025-01-23T14:59:58.367+0000] {logging_mixin.py:190} INFO - [2025-01-23T14:59:58.366+0000] {dag.py:3239} INFO - Sync 1 DAGs
[2025-01-23T14:59:58.390+0000] {logging_mixin.py:190} INFO - [2025-01-23T14:59:58.390+0000] {dag.py:4180} INFO - Setting next_dagrun for example_display_name to None, run_after=None
[2025-01-23T14:59:58.417+0000] {processor.py:208} INFO - Processing /home/airflow/.local/lib/python3.12/site-packages/airflow/example_dags/example_display_name.py took 0.113 seconds
[2025-01-23T15:00:29.451+0000] {processor.py:186} INFO - Started process (PID=6218) to work on /home/airflow/.local/lib/python3.12/site-packages/airflow/example_dags/example_display_name.py
[2025-01-23T15:00:29.453+0000] {processor.py:914} INFO - Processing file /home/airflow/.local/lib/python3.12/site-packages/airflow/example_dags/example_display_name.py for tasks to queue
[2025-01-23T15:00:29.456+0000] {logging_mixin.py:190} INFO - [2025-01-23T15:00:29.456+0000] {dagbag.py:588} INFO - Filling up the DagBag from /home/airflow/.local/lib/python3.12/site-packages/airflow/example_dags/example_display_name.py
[2025-01-23T15:00:29.470+0000] {processor.py:925} INFO - DAG(s) 'example_display_name' retrieved from /home/airflow/.local/lib/python3.12/site-packages/airflow/example_dags/example_display_name.py
[2025-01-23T15:00:29.504+0000] {logging_mixin.py:190} INFO - [2025-01-23T15:00:29.504+0000] {dag.py:3239} INFO - Sync 1 DAGs
[2025-01-23T15:00:29.527+0000] {logging_mixin.py:190} INFO - [2025-01-23T15:00:29.527+0000] {dag.py:4180} INFO - Setting next_dagrun for example_display_name to None, run_after=None
[2025-01-23T15:00:29.559+0000] {processor.py:208} INFO - Processing /home/airflow/.local/lib/python3.12/site-packages/airflow/example_dags/example_display_name.py took 0.119 seconds
[2025-01-23T15:01:01.905+0000] {processor.py:186} INFO - Started process (PID=6516) to work on /home/airflow/.local/lib/python3.12/site-packages/airflow/example_dags/example_display_name.py
[2025-01-23T15:01:01.907+0000] {processor.py:914} INFO - Processing file /home/airflow/.local/lib/python3.12/site-packages/airflow/example_dags/example_display_name.py for tasks to queue
[2025-01-23T15:01:01.911+0000] {logging_mixin.py:190} INFO - [2025-01-23T15:01:01.911+0000] {dagbag.py:588} INFO - Filling up the DagBag from /home/airflow/.local/lib/python3.12/site-packages/airflow/example_dags/example_display_name.py
[2025-01-23T15:01:01.925+0000] {processor.py:925} INFO - DAG(s) 'example_display_name' retrieved from /home/airflow/.local/lib/python3.12/site-packages/airflow/example_dags/example_display_name.py
[2025-01-23T15:01:01.956+0000] {logging_mixin.py:190} INFO - [2025-01-23T15:01:01.956+0000] {dag.py:3239} INFO - Sync 1 DAGs
[2025-01-23T15:01:01.980+0000] {logging_mixin.py:190} INFO - [2025-01-23T15:01:01.980+0000] {dag.py:4180} INFO - Setting next_dagrun for example_display_name to None, run_after=None
[2025-01-23T15:01:02.012+0000] {processor.py:208} INFO - Processing /home/airflow/.local/lib/python3.12/site-packages/airflow/example_dags/example_display_name.py took 0.119 seconds
[2025-01-23T15:01:33.741+0000] {processor.py:186} INFO - Started process (PID=6810) to work on /home/airflow/.local/lib/python3.12/site-packages/airflow/example_dags/example_display_name.py
[2025-01-23T15:01:33.743+0000] {processor.py:914} INFO - Processing file /home/airflow/.local/lib/python3.12/site-packages/airflow/example_dags/example_display_name.py for tasks to queue
[2025-01-23T15:01:33.747+0000] {logging_mixin.py:190} INFO - [2025-01-23T15:01:33.746+0000] {dagbag.py:588} INFO - Filling up the DagBag from /home/airflow/.local/lib/python3.12/site-packages/airflow/example_dags/example_display_name.py
[2025-01-23T15:01:33.760+0000] {processor.py:925} INFO - DAG(s) 'example_display_name' retrieved from /home/airflow/.local/lib/python3.12/site-packages/airflow/example_dags/example_display_name.py
[2025-01-23T15:01:33.793+0000] {logging_mixin.py:190} INFO - [2025-01-23T15:01:33.793+0000] {dag.py:3239} INFO - Sync 1 DAGs
[2025-01-23T15:01:33.818+0000] {logging_mixin.py:190} INFO - [2025-01-23T15:01:33.817+0000] {dag.py:4180} INFO - Setting next_dagrun for example_display_name to None, run_after=None
[2025-01-23T15:01:33.854+0000] {processor.py:208} INFO - Processing /home/airflow/.local/lib/python3.12/site-packages/airflow/example_dags/example_display_name.py took 0.124 seconds
[2025-01-23T15:02:04.990+0000] {processor.py:186} INFO - Started process (PID=7106) to work on /home/airflow/.local/lib/python3.12/site-packages/airflow/example_dags/example_display_name.py
[2025-01-23T15:02:04.992+0000] {processor.py:914} INFO - Processing file /home/airflow/.local/lib/python3.12/site-packages/airflow/example_dags/example_display_name.py for tasks to queue
[2025-01-23T15:02:04.996+0000] {logging_mixin.py:190} INFO - [2025-01-23T15:02:04.995+0000] {dagbag.py:588} INFO - Filling up the DagBag from /home/airflow/.local/lib/python3.12/site-packages/airflow/example_dags/example_display_name.py
[2025-01-23T15:02:05.009+0000] {processor.py:925} INFO - DAG(s) 'example_display_name' retrieved from /home/airflow/.local/lib/python3.12/site-packages/airflow/example_dags/example_display_name.py
[2025-01-23T15:02:05.039+0000] {logging_mixin.py:190} INFO - [2025-01-23T15:02:05.039+0000] {dag.py:3239} INFO - Sync 1 DAGs
[2025-01-23T15:02:05.062+0000] {logging_mixin.py:190} INFO - [2025-01-23T15:02:05.062+0000] {dag.py:4180} INFO - Setting next_dagrun for example_display_name to None, run_after=None
[2025-01-23T15:02:05.093+0000] {processor.py:208} INFO - Processing /home/airflow/.local/lib/python3.12/site-packages/airflow/example_dags/example_display_name.py took 0.113 seconds
[2025-01-23T15:02:36.549+0000] {processor.py:186} INFO - Started process (PID=7402) to work on /home/airflow/.local/lib/python3.12/site-packages/airflow/example_dags/example_display_name.py
[2025-01-23T15:02:36.550+0000] {processor.py:914} INFO - Processing file /home/airflow/.local/lib/python3.12/site-packages/airflow/example_dags/example_display_name.py for tasks to queue
[2025-01-23T15:02:36.555+0000] {logging_mixin.py:190} INFO - [2025-01-23T15:02:36.555+0000] {dagbag.py:588} INFO - Filling up the DagBag from /home/airflow/.local/lib/python3.12/site-packages/airflow/example_dags/example_display_name.py
[2025-01-23T15:02:36.565+0000] {processor.py:925} INFO - DAG(s) 'example_display_name' retrieved from /home/airflow/.local/lib/python3.12/site-packages/airflow/example_dags/example_display_name.py
[2025-01-23T15:02:36.592+0000] {logging_mixin.py:190} INFO - [2025-01-23T15:02:36.592+0000] {dag.py:3239} INFO - Sync 1 DAGs
[2025-01-23T15:02:36.613+0000] {logging_mixin.py:190} INFO - [2025-01-23T15:02:36.613+0000] {dag.py:4180} INFO - Setting next_dagrun for example_display_name to None, run_after=None
[2025-01-23T15:02:36.642+0000] {processor.py:208} INFO - Processing /home/airflow/.local/lib/python3.12/site-packages/airflow/example_dags/example_display_name.py took 0.101 seconds
[2025-01-23T15:03:08.186+0000] {processor.py:186} INFO - Started process (PID=7698) to work on /home/airflow/.local/lib/python3.12/site-packages/airflow/example_dags/example_display_name.py
[2025-01-23T15:03:08.187+0000] {processor.py:914} INFO - Processing file /home/airflow/.local/lib/python3.12/site-packages/airflow/example_dags/example_display_name.py for tasks to queue
[2025-01-23T15:03:08.191+0000] {logging_mixin.py:190} INFO - [2025-01-23T15:03:08.190+0000] {dagbag.py:588} INFO - Filling up the DagBag from /home/airflow/.local/lib/python3.12/site-packages/airflow/example_dags/example_display_name.py
[2025-01-23T15:03:08.201+0000] {processor.py:925} INFO - DAG(s) 'example_display_name' retrieved from /home/airflow/.local/lib/python3.12/site-packages/airflow/example_dags/example_display_name.py
[2025-01-23T15:03:08.227+0000] {logging_mixin.py:190} INFO - [2025-01-23T15:03:08.227+0000] {dag.py:3239} INFO - Sync 1 DAGs
[2025-01-23T15:03:08.257+0000] {logging_mixin.py:190} INFO - [2025-01-23T15:03:08.257+0000] {dag.py:4180} INFO - Setting next_dagrun for example_display_name to None, run_after=None
[2025-01-23T15:03:08.283+0000] {processor.py:208} INFO - Processing /home/airflow/.local/lib/python3.12/site-packages/airflow/example_dags/example_display_name.py took 0.106 seconds
[2025-01-23T15:03:39.773+0000] {processor.py:186} INFO - Started process (PID=7994) to work on /home/airflow/.local/lib/python3.12/site-packages/airflow/example_dags/example_display_name.py
[2025-01-23T15:03:39.775+0000] {processor.py:914} INFO - Processing file /home/airflow/.local/lib/python3.12/site-packages/airflow/example_dags/example_display_name.py for tasks to queue
[2025-01-23T15:03:39.778+0000] {logging_mixin.py:190} INFO - [2025-01-23T15:03:39.778+0000] {dagbag.py:588} INFO - Filling up the DagBag from /home/airflow/.local/lib/python3.12/site-packages/airflow/example_dags/example_display_name.py
[2025-01-23T15:03:39.790+0000] {processor.py:925} INFO - DAG(s) 'example_display_name' retrieved from /home/airflow/.local/lib/python3.12/site-packages/airflow/example_dags/example_display_name.py
[2025-01-23T15:03:39.819+0000] {logging_mixin.py:190} INFO - [2025-01-23T15:03:39.818+0000] {dag.py:3239} INFO - Sync 1 DAGs
[2025-01-23T15:03:39.840+0000] {logging_mixin.py:190} INFO - [2025-01-23T15:03:39.840+0000] {dag.py:4180} INFO - Setting next_dagrun for example_display_name to None, run_after=None
[2025-01-23T15:03:39.869+0000] {processor.py:208} INFO - Processing /home/airflow/.local/lib/python3.12/site-packages/airflow/example_dags/example_display_name.py took 0.106 seconds
[2025-01-23T15:04:11.357+0000] {processor.py:186} INFO - Started process (PID=8295) to work on /home/airflow/.local/lib/python3.12/site-packages/airflow/example_dags/example_display_name.py
[2025-01-23T15:04:11.358+0000] {processor.py:914} INFO - Processing file /home/airflow/.local/lib/python3.12/site-packages/airflow/example_dags/example_display_name.py for tasks to queue
[2025-01-23T15:04:11.361+0000] {logging_mixin.py:190} INFO - [2025-01-23T15:04:11.361+0000] {dagbag.py:588} INFO - Filling up the DagBag from /home/airflow/.local/lib/python3.12/site-packages/airflow/example_dags/example_display_name.py
[2025-01-23T15:04:11.372+0000] {processor.py:925} INFO - DAG(s) 'example_display_name' retrieved from /home/airflow/.local/lib/python3.12/site-packages/airflow/example_dags/example_display_name.py
[2025-01-23T15:04:11.398+0000] {logging_mixin.py:190} INFO - [2025-01-23T15:04:11.398+0000] {dag.py:3239} INFO - Sync 1 DAGs
[2025-01-23T15:04:11.420+0000] {logging_mixin.py:190} INFO - [2025-01-23T15:04:11.420+0000] {dag.py:4180} INFO - Setting next_dagrun for example_display_name to None, run_after=None
[2025-01-23T15:04:11.444+0000] {processor.py:208} INFO - Processing /home/airflow/.local/lib/python3.12/site-packages/airflow/example_dags/example_display_name.py took 0.096 seconds
[2025-01-23T15:04:42.532+0000] {processor.py:186} INFO - Started process (PID=8591) to work on /home/airflow/.local/lib/python3.12/site-packages/airflow/example_dags/example_display_name.py
[2025-01-23T15:04:42.534+0000] {processor.py:914} INFO - Processing file /home/airflow/.local/lib/python3.12/site-packages/airflow/example_dags/example_display_name.py for tasks to queue
[2025-01-23T15:04:42.537+0000] {logging_mixin.py:190} INFO - [2025-01-23T15:04:42.536+0000] {dagbag.py:588} INFO - Filling up the DagBag from /home/airflow/.local/lib/python3.12/site-packages/airflow/example_dags/example_display_name.py
[2025-01-23T15:04:42.550+0000] {processor.py:925} INFO - DAG(s) 'example_display_name' retrieved from /home/airflow/.local/lib/python3.12/site-packages/airflow/example_dags/example_display_name.py
[2025-01-23T15:04:42.575+0000] {logging_mixin.py:190} INFO - [2025-01-23T15:04:42.575+0000] {dag.py:3239} INFO - Sync 1 DAGs
[2025-01-23T15:04:42.593+0000] {logging_mixin.py:190} INFO - [2025-01-23T15:04:42.593+0000] {dag.py:4180} INFO - Setting next_dagrun for example_display_name to None, run_after=None
[2025-01-23T15:04:42.620+0000] {processor.py:208} INFO - Processing /home/airflow/.local/lib/python3.12/site-packages/airflow/example_dags/example_display_name.py took 0.096 seconds
[2025-01-23T15:05:13.712+0000] {processor.py:186} INFO - Started process (PID=8887) to work on /home/airflow/.local/lib/python3.12/site-packages/airflow/example_dags/example_display_name.py
[2025-01-23T15:05:13.713+0000] {processor.py:914} INFO - Processing file /home/airflow/.local/lib/python3.12/site-packages/airflow/example_dags/example_display_name.py for tasks to queue
[2025-01-23T15:05:13.716+0000] {logging_mixin.py:190} INFO - [2025-01-23T15:05:13.716+0000] {dagbag.py:588} INFO - Filling up the DagBag from /home/airflow/.local/lib/python3.12/site-packages/airflow/example_dags/example_display_name.py
[2025-01-23T15:05:13.727+0000] {processor.py:925} INFO - DAG(s) 'example_display_name' retrieved from /home/airflow/.local/lib/python3.12/site-packages/airflow/example_dags/example_display_name.py
[2025-01-23T15:05:13.751+0000] {logging_mixin.py:190} INFO - [2025-01-23T15:05:13.750+0000] {dag.py:3239} INFO - Sync 1 DAGs
[2025-01-23T15:05:13.773+0000] {logging_mixin.py:190} INFO - [2025-01-23T15:05:13.773+0000] {dag.py:4180} INFO - Setting next_dagrun for example_display_name to None, run_after=None
[2025-01-23T15:05:13.796+0000] {processor.py:208} INFO - Processing /home/airflow/.local/lib/python3.12/site-packages/airflow/example_dags/example_display_name.py took 0.093 seconds
[2025-01-23T15:05:44.658+0000] {processor.py:186} INFO - Started process (PID=9183) to work on /home/airflow/.local/lib/python3.12/site-packages/airflow/example_dags/example_display_name.py
[2025-01-23T15:05:44.660+0000] {processor.py:914} INFO - Processing file /home/airflow/.local/lib/python3.12/site-packages/airflow/example_dags/example_display_name.py for tasks to queue
[2025-01-23T15:05:44.662+0000] {logging_mixin.py:190} INFO - [2025-01-23T15:05:44.662+0000] {dagbag.py:588} INFO - Filling up the DagBag from /home/airflow/.local/lib/python3.12/site-packages/airflow/example_dags/example_display_name.py
[2025-01-23T15:05:44.671+0000] {processor.py:925} INFO - DAG(s) 'example_display_name' retrieved from /home/airflow/.local/lib/python3.12/site-packages/airflow/example_dags/example_display_name.py
[2025-01-23T15:05:44.696+0000] {logging_mixin.py:190} INFO - [2025-01-23T15:05:44.695+0000] {dag.py:3239} INFO - Sync 1 DAGs
[2025-01-23T15:05:44.717+0000] {logging_mixin.py:190} INFO - [2025-01-23T15:05:44.717+0000] {dag.py:4180} INFO - Setting next_dagrun for example_display_name to None, run_after=None
[2025-01-23T15:05:44.748+0000] {processor.py:208} INFO - Processing /home/airflow/.local/lib/python3.12/site-packages/airflow/example_dags/example_display_name.py took 0.100 seconds
[2025-01-23T15:06:14.852+0000] {processor.py:186} INFO - Started process (PID=9473) to work on /home/airflow/.local/lib/python3.12/site-packages/airflow/example_dags/example_display_name.py
[2025-01-23T15:06:14.855+0000] {processor.py:914} INFO - Processing file /home/airflow/.local/lib/python3.12/site-packages/airflow/example_dags/example_display_name.py for tasks to queue
[2025-01-23T15:06:14.858+0000] {logging_mixin.py:190} INFO - [2025-01-23T15:06:14.858+0000] {dagbag.py:588} INFO - Filling up the DagBag from /home/airflow/.local/lib/python3.12/site-packages/airflow/example_dags/example_display_name.py
[2025-01-23T15:06:14.870+0000] {processor.py:925} INFO - DAG(s) 'example_display_name' retrieved from /home/airflow/.local/lib/python3.12/site-packages/airflow/example_dags/example_display_name.py
[2025-01-23T15:06:14.897+0000] {logging_mixin.py:190} INFO - [2025-01-23T15:06:14.897+0000] {dag.py:3239} INFO - Sync 1 DAGs
[2025-01-23T15:06:14.914+0000] {logging_mixin.py:190} INFO - [2025-01-23T15:06:14.913+0000] {dag.py:4180} INFO - Setting next_dagrun for example_display_name to None, run_after=None
[2025-01-23T15:06:14.941+0000] {processor.py:208} INFO - Processing /home/airflow/.local/lib/python3.12/site-packages/airflow/example_dags/example_display_name.py took 0.098 seconds
[2025-01-23T15:06:45.327+0000] {processor.py:186} INFO - Started process (PID=9764) to work on /home/airflow/.local/lib/python3.12/site-packages/airflow/example_dags/example_display_name.py
[2025-01-23T15:06:45.328+0000] {processor.py:914} INFO - Processing file /home/airflow/.local/lib/python3.12/site-packages/airflow/example_dags/example_display_name.py for tasks to queue
[2025-01-23T15:06:45.331+0000] {logging_mixin.py:190} INFO - [2025-01-23T15:06:45.330+0000] {dagbag.py:588} INFO - Filling up the DagBag from /home/airflow/.local/lib/python3.12/site-packages/airflow/example_dags/example_display_name.py
[2025-01-23T15:06:45.343+0000] {processor.py:925} INFO - DAG(s) 'example_display_name' retrieved from /home/airflow/.local/lib/python3.12/site-packages/airflow/example_dags/example_display_name.py
[2025-01-23T15:06:45.375+0000] {logging_mixin.py:190} INFO - [2025-01-23T15:06:45.375+0000] {dag.py:3239} INFO - Sync 1 DAGs
[2025-01-23T15:06:45.398+0000] {logging_mixin.py:190} INFO - [2025-01-23T15:06:45.398+0000] {dag.py:4180} INFO - Setting next_dagrun for example_display_name to None, run_after=None
[2025-01-23T15:06:45.425+0000] {processor.py:208} INFO - Processing /home/airflow/.local/lib/python3.12/site-packages/airflow/example_dags/example_display_name.py took 0.106 seconds
[2025-01-23T15:07:15.632+0000] {processor.py:186} INFO - Started process (PID=10060) to work on /home/airflow/.local/lib/python3.12/site-packages/airflow/example_dags/example_display_name.py
[2025-01-23T15:07:15.634+0000] {processor.py:914} INFO - Processing file /home/airflow/.local/lib/python3.12/site-packages/airflow/example_dags/example_display_name.py for tasks to queue
[2025-01-23T15:07:15.638+0000] {logging_mixin.py:190} INFO - [2025-01-23T15:07:15.637+0000] {dagbag.py:588} INFO - Filling up the DagBag from /home/airflow/.local/lib/python3.12/site-packages/airflow/example_dags/example_display_name.py
[2025-01-23T15:07:15.647+0000] {processor.py:925} INFO - DAG(s) 'example_display_name' retrieved from /home/airflow/.local/lib/python3.12/site-packages/airflow/example_dags/example_display_name.py
[2025-01-23T15:07:15.677+0000] {logging_mixin.py:190} INFO - [2025-01-23T15:07:15.676+0000] {dag.py:3239} INFO - Sync 1 DAGs
[2025-01-23T15:07:15.700+0000] {logging_mixin.py:190} INFO - [2025-01-23T15:07:15.699+0000] {dag.py:4180} INFO - Setting next_dagrun for example_display_name to None, run_after=None
[2025-01-23T15:07:15.724+0000] {processor.py:208} INFO - Processing /home/airflow/.local/lib/python3.12/site-packages/airflow/example_dags/example_display_name.py took 0.100 seconds
[2025-01-23T15:07:46.499+0000] {processor.py:186} INFO - Started process (PID=10358) to work on /home/airflow/.local/lib/python3.12/site-packages/airflow/example_dags/example_display_name.py
[2025-01-23T15:07:46.505+0000] {processor.py:914} INFO - Processing file /home/airflow/.local/lib/python3.12/site-packages/airflow/example_dags/example_display_name.py for tasks to queue
[2025-01-23T15:07:46.509+0000] {logging_mixin.py:190} INFO - [2025-01-23T15:07:46.508+0000] {dagbag.py:588} INFO - Filling up the DagBag from /home/airflow/.local/lib/python3.12/site-packages/airflow/example_dags/example_display_name.py
[2025-01-23T15:07:46.520+0000] {processor.py:925} INFO - DAG(s) 'example_display_name' retrieved from /home/airflow/.local/lib/python3.12/site-packages/airflow/example_dags/example_display_name.py
[2025-01-23T15:07:46.552+0000] {logging_mixin.py:190} INFO - [2025-01-23T15:07:46.551+0000] {dag.py:3239} INFO - Sync 1 DAGs
[2025-01-23T15:07:46.576+0000] {logging_mixin.py:190} INFO - [2025-01-23T15:07:46.575+0000] {dag.py:4180} INFO - Setting next_dagrun for example_display_name to None, run_after=None
[2025-01-23T15:07:46.608+0000] {processor.py:208} INFO - Processing /home/airflow/.local/lib/python3.12/site-packages/airflow/example_dags/example_display_name.py took 0.120 seconds
[2025-01-23T15:08:17.513+0000] {processor.py:186} INFO - Started process (PID=10654) to work on /home/airflow/.local/lib/python3.12/site-packages/airflow/example_dags/example_display_name.py
[2025-01-23T15:08:17.516+0000] {processor.py:914} INFO - Processing file /home/airflow/.local/lib/python3.12/site-packages/airflow/example_dags/example_display_name.py for tasks to queue
[2025-01-23T15:08:17.520+0000] {logging_mixin.py:190} INFO - [2025-01-23T15:08:17.519+0000] {dagbag.py:588} INFO - Filling up the DagBag from /home/airflow/.local/lib/python3.12/site-packages/airflow/example_dags/example_display_name.py
[2025-01-23T15:08:17.535+0000] {processor.py:925} INFO - DAG(s) 'example_display_name' retrieved from /home/airflow/.local/lib/python3.12/site-packages/airflow/example_dags/example_display_name.py
[2025-01-23T15:08:17.572+0000] {logging_mixin.py:190} INFO - [2025-01-23T15:08:17.571+0000] {dag.py:3239} INFO - Sync 1 DAGs
[2025-01-23T15:08:17.598+0000] {logging_mixin.py:190} INFO - [2025-01-23T15:08:17.598+0000] {dag.py:4180} INFO - Setting next_dagrun for example_display_name to None, run_after=None
[2025-01-23T15:08:17.636+0000] {processor.py:208} INFO - Processing /home/airflow/.local/lib/python3.12/site-packages/airflow/example_dags/example_display_name.py took 0.135 seconds
