[2025-01-23T14:50:05.427+0000] {processor.py:186} INFO - Started process (PID=222) to work on /home/airflow/.local/lib/python3.12/site-packages/airflow/example_dags/example_latest_only_with_trigger.py
[2025-01-23T14:50:05.428+0000] {processor.py:914} INFO - Processing file /home/airflow/.local/lib/python3.12/site-packages/airflow/example_dags/example_latest_only_with_trigger.py for tasks to queue
[2025-01-23T14:50:05.431+0000] {logging_mixin.py:190} INFO - [2025-01-23T14:50:05.430+0000] {dagbag.py:588} INFO - Filling up the DagBag from /home/airflow/.local/lib/python3.12/site-packages/airflow/example_dags/example_latest_only_with_trigger.py
[2025-01-23T14:50:05.441+0000] {processor.py:925} INFO - DAG(s) 'latest_only_with_trigger' retrieved from /home/airflow/.local/lib/python3.12/site-packages/airflow/example_dags/example_latest_only_with_trigger.py
[2025-01-23T14:50:05.527+0000] {logging_mixin.py:190} INFO - [2025-01-23T14:50:05.527+0000] {dag.py:3239} INFO - Sync 1 DAGs
[2025-01-23T14:50:05.650+0000] {logging_mixin.py:190} INFO - [2025-01-23T14:50:05.649+0000] {dag.py:4180} INFO - Setting next_dagrun for latest_only_with_trigger to 2025-01-23 08:00:00+00:00, run_after=2025-01-23 12:00:00+00:00
[2025-01-23T14:50:05.691+0000] {processor.py:208} INFO - Processing /home/airflow/.local/lib/python3.12/site-packages/airflow/example_dags/example_latest_only_with_trigger.py took 0.276 seconds
[2025-01-23T14:50:36.350+0000] {processor.py:186} INFO - Started process (PID=518) to work on /home/airflow/.local/lib/python3.12/site-packages/airflow/example_dags/example_latest_only_with_trigger.py
[2025-01-23T14:50:36.351+0000] {processor.py:914} INFO - Processing file /home/airflow/.local/lib/python3.12/site-packages/airflow/example_dags/example_latest_only_with_trigger.py for tasks to queue
[2025-01-23T14:50:36.353+0000] {logging_mixin.py:190} INFO - [2025-01-23T14:50:36.353+0000] {dagbag.py:588} INFO - Filling up the DagBag from /home/airflow/.local/lib/python3.12/site-packages/airflow/example_dags/example_latest_only_with_trigger.py
[2025-01-23T14:50:36.360+0000] {processor.py:925} INFO - DAG(s) 'latest_only_with_trigger' retrieved from /home/airflow/.local/lib/python3.12/site-packages/airflow/example_dags/example_latest_only_with_trigger.py
[2025-01-23T14:50:36.381+0000] {logging_mixin.py:190} INFO - [2025-01-23T14:50:36.381+0000] {dag.py:3239} INFO - Sync 1 DAGs
[2025-01-23T14:50:36.403+0000] {logging_mixin.py:190} INFO - [2025-01-23T14:50:36.402+0000] {dag.py:4180} INFO - Setting next_dagrun for latest_only_with_trigger to 2025-01-23 08:00:00+00:00, run_after=2025-01-23 12:00:00+00:00
[2025-01-23T14:50:36.420+0000] {processor.py:208} INFO - Processing /home/airflow/.local/lib/python3.12/site-packages/airflow/example_dags/example_latest_only_with_trigger.py took 0.076 seconds
[2025-01-23T14:51:06.646+0000] {processor.py:186} INFO - Started process (PID=809) to work on /home/airflow/.local/lib/python3.12/site-packages/airflow/example_dags/example_latest_only_with_trigger.py
[2025-01-23T14:51:06.648+0000] {processor.py:914} INFO - Processing file /home/airflow/.local/lib/python3.12/site-packages/airflow/example_dags/example_latest_only_with_trigger.py for tasks to queue
[2025-01-23T14:51:06.650+0000] {logging_mixin.py:190} INFO - [2025-01-23T14:51:06.650+0000] {dagbag.py:588} INFO - Filling up the DagBag from /home/airflow/.local/lib/python3.12/site-packages/airflow/example_dags/example_latest_only_with_trigger.py
[2025-01-23T14:51:06.658+0000] {processor.py:925} INFO - DAG(s) 'latest_only_with_trigger' retrieved from /home/airflow/.local/lib/python3.12/site-packages/airflow/example_dags/example_latest_only_with_trigger.py
[2025-01-23T14:51:06.678+0000] {logging_mixin.py:190} INFO - [2025-01-23T14:51:06.678+0000] {dag.py:3239} INFO - Sync 1 DAGs
[2025-01-23T14:51:06.711+0000] {logging_mixin.py:190} INFO - [2025-01-23T14:51:06.711+0000] {dag.py:4180} INFO - Setting next_dagrun for latest_only_with_trigger to 2025-01-23 08:00:00+00:00, run_after=2025-01-23 12:00:00+00:00
[2025-01-23T14:51:06.737+0000] {processor.py:208} INFO - Processing /home/airflow/.local/lib/python3.12/site-packages/airflow/example_dags/example_latest_only_with_trigger.py took 0.096 seconds
[2025-01-23T14:51:37.139+0000] {processor.py:186} INFO - Started process (PID=1105) to work on /home/airflow/.local/lib/python3.12/site-packages/airflow/example_dags/example_latest_only_with_trigger.py
[2025-01-23T14:51:37.140+0000] {processor.py:914} INFO - Processing file /home/airflow/.local/lib/python3.12/site-packages/airflow/example_dags/example_latest_only_with_trigger.py for tasks to queue
[2025-01-23T14:51:37.142+0000] {logging_mixin.py:190} INFO - [2025-01-23T14:51:37.141+0000] {dagbag.py:588} INFO - Filling up the DagBag from /home/airflow/.local/lib/python3.12/site-packages/airflow/example_dags/example_latest_only_with_trigger.py
[2025-01-23T14:51:37.149+0000] {processor.py:925} INFO - DAG(s) 'latest_only_with_trigger' retrieved from /home/airflow/.local/lib/python3.12/site-packages/airflow/example_dags/example_latest_only_with_trigger.py
[2025-01-23T14:51:37.168+0000] {logging_mixin.py:190} INFO - [2025-01-23T14:51:37.168+0000] {dag.py:3239} INFO - Sync 1 DAGs
[2025-01-23T14:51:37.188+0000] {logging_mixin.py:190} INFO - [2025-01-23T14:51:37.188+0000] {dag.py:4180} INFO - Setting next_dagrun for latest_only_with_trigger to 2025-01-23 08:00:00+00:00, run_after=2025-01-23 12:00:00+00:00
[2025-01-23T14:51:37.208+0000] {processor.py:208} INFO - Processing /home/airflow/.local/lib/python3.12/site-packages/airflow/example_dags/example_latest_only_with_trigger.py took 0.074 seconds
[2025-01-23T14:52:07.246+0000] {processor.py:186} INFO - Started process (PID=1398) to work on /home/airflow/.local/lib/python3.12/site-packages/airflow/example_dags/example_latest_only_with_trigger.py
[2025-01-23T14:52:07.247+0000] {processor.py:914} INFO - Processing file /home/airflow/.local/lib/python3.12/site-packages/airflow/example_dags/example_latest_only_with_trigger.py for tasks to queue
[2025-01-23T14:52:07.250+0000] {logging_mixin.py:190} INFO - [2025-01-23T14:52:07.250+0000] {dagbag.py:588} INFO - Filling up the DagBag from /home/airflow/.local/lib/python3.12/site-packages/airflow/example_dags/example_latest_only_with_trigger.py
[2025-01-23T14:52:07.257+0000] {processor.py:925} INFO - DAG(s) 'latest_only_with_trigger' retrieved from /home/airflow/.local/lib/python3.12/site-packages/airflow/example_dags/example_latest_only_with_trigger.py
[2025-01-23T14:52:07.278+0000] {logging_mixin.py:190} INFO - [2025-01-23T14:52:07.278+0000] {dag.py:3239} INFO - Sync 1 DAGs
[2025-01-23T14:52:07.298+0000] {logging_mixin.py:190} INFO - [2025-01-23T14:52:07.298+0000] {dag.py:4180} INFO - Setting next_dagrun for latest_only_with_trigger to 2025-01-23 08:00:00+00:00, run_after=2025-01-23 12:00:00+00:00
[2025-01-23T14:52:07.314+0000] {processor.py:208} INFO - Processing /home/airflow/.local/lib/python3.12/site-packages/airflow/example_dags/example_latest_only_with_trigger.py took 0.074 seconds
[2025-01-23T14:52:37.675+0000] {processor.py:186} INFO - Started process (PID=1697) to work on /home/airflow/.local/lib/python3.12/site-packages/airflow/example_dags/example_latest_only_with_trigger.py
[2025-01-23T14:52:37.676+0000] {processor.py:914} INFO - Processing file /home/airflow/.local/lib/python3.12/site-packages/airflow/example_dags/example_latest_only_with_trigger.py for tasks to queue
[2025-01-23T14:52:37.679+0000] {logging_mixin.py:190} INFO - [2025-01-23T14:52:37.678+0000] {dagbag.py:588} INFO - Filling up the DagBag from /home/airflow/.local/lib/python3.12/site-packages/airflow/example_dags/example_latest_only_with_trigger.py
[2025-01-23T14:52:37.687+0000] {processor.py:925} INFO - DAG(s) 'latest_only_with_trigger' retrieved from /home/airflow/.local/lib/python3.12/site-packages/airflow/example_dags/example_latest_only_with_trigger.py
[2025-01-23T14:52:37.705+0000] {logging_mixin.py:190} INFO - [2025-01-23T14:52:37.705+0000] {dag.py:3239} INFO - Sync 1 DAGs
[2025-01-23T14:52:37.728+0000] {logging_mixin.py:190} INFO - [2025-01-23T14:52:37.728+0000] {dag.py:4180} INFO - Setting next_dagrun for latest_only_with_trigger to 2025-01-23 08:00:00+00:00, run_after=2025-01-23 12:00:00+00:00
[2025-01-23T14:52:37.748+0000] {processor.py:208} INFO - Processing /home/airflow/.local/lib/python3.12/site-packages/airflow/example_dags/example_latest_only_with_trigger.py took 0.079 seconds
[2025-01-23T14:53:08.271+0000] {processor.py:186} INFO - Started process (PID=1993) to work on /home/airflow/.local/lib/python3.12/site-packages/airflow/example_dags/example_latest_only_with_trigger.py
[2025-01-23T14:53:08.272+0000] {processor.py:914} INFO - Processing file /home/airflow/.local/lib/python3.12/site-packages/airflow/example_dags/example_latest_only_with_trigger.py for tasks to queue
[2025-01-23T14:53:08.274+0000] {logging_mixin.py:190} INFO - [2025-01-23T14:53:08.274+0000] {dagbag.py:588} INFO - Filling up the DagBag from /home/airflow/.local/lib/python3.12/site-packages/airflow/example_dags/example_latest_only_with_trigger.py
[2025-01-23T14:53:08.281+0000] {processor.py:925} INFO - DAG(s) 'latest_only_with_trigger' retrieved from /home/airflow/.local/lib/python3.12/site-packages/airflow/example_dags/example_latest_only_with_trigger.py
[2025-01-23T14:53:08.300+0000] {logging_mixin.py:190} INFO - [2025-01-23T14:53:08.300+0000] {dag.py:3239} INFO - Sync 1 DAGs
[2025-01-23T14:53:08.323+0000] {logging_mixin.py:190} INFO - [2025-01-23T14:53:08.323+0000] {dag.py:4180} INFO - Setting next_dagrun for latest_only_with_trigger to 2025-01-23 08:00:00+00:00, run_after=2025-01-23 12:00:00+00:00
[2025-01-23T14:53:08.343+0000] {processor.py:208} INFO - Processing /home/airflow/.local/lib/python3.12/site-packages/airflow/example_dags/example_latest_only_with_trigger.py took 0.077 seconds
[2025-01-23T14:53:39.188+0000] {processor.py:186} INFO - Started process (PID=2289) to work on /home/airflow/.local/lib/python3.12/site-packages/airflow/example_dags/example_latest_only_with_trigger.py
[2025-01-23T14:53:39.189+0000] {processor.py:914} INFO - Processing file /home/airflow/.local/lib/python3.12/site-packages/airflow/example_dags/example_latest_only_with_trigger.py for tasks to queue
[2025-01-23T14:53:39.191+0000] {logging_mixin.py:190} INFO - [2025-01-23T14:53:39.191+0000] {dagbag.py:588} INFO - Filling up the DagBag from /home/airflow/.local/lib/python3.12/site-packages/airflow/example_dags/example_latest_only_with_trigger.py
[2025-01-23T14:53:39.197+0000] {processor.py:925} INFO - DAG(s) 'latest_only_with_trigger' retrieved from /home/airflow/.local/lib/python3.12/site-packages/airflow/example_dags/example_latest_only_with_trigger.py
[2025-01-23T14:53:39.215+0000] {logging_mixin.py:190} INFO - [2025-01-23T14:53:39.215+0000] {dag.py:3239} INFO - Sync 1 DAGs
[2025-01-23T14:53:39.235+0000] {logging_mixin.py:190} INFO - [2025-01-23T14:53:39.234+0000] {dag.py:4180} INFO - Setting next_dagrun for latest_only_with_trigger to 2025-01-23 08:00:00+00:00, run_after=2025-01-23 12:00:00+00:00
[2025-01-23T14:53:39.251+0000] {processor.py:208} INFO - Processing /home/airflow/.local/lib/python3.12/site-packages/airflow/example_dags/example_latest_only_with_trigger.py took 0.068 seconds
[2025-01-23T14:54:09.583+0000] {processor.py:186} INFO - Started process (PID=2585) to work on /home/airflow/.local/lib/python3.12/site-packages/airflow/example_dags/example_latest_only_with_trigger.py
[2025-01-23T14:54:09.584+0000] {processor.py:914} INFO - Processing file /home/airflow/.local/lib/python3.12/site-packages/airflow/example_dags/example_latest_only_with_trigger.py for tasks to queue
[2025-01-23T14:54:09.586+0000] {logging_mixin.py:190} INFO - [2025-01-23T14:54:09.586+0000] {dagbag.py:588} INFO - Filling up the DagBag from /home/airflow/.local/lib/python3.12/site-packages/airflow/example_dags/example_latest_only_with_trigger.py
[2025-01-23T14:54:09.594+0000] {processor.py:925} INFO - DAG(s) 'latest_only_with_trigger' retrieved from /home/airflow/.local/lib/python3.12/site-packages/airflow/example_dags/example_latest_only_with_trigger.py
[2025-01-23T14:54:09.614+0000] {logging_mixin.py:190} INFO - [2025-01-23T14:54:09.614+0000] {dag.py:3239} INFO - Sync 1 DAGs
[2025-01-23T14:54:09.638+0000] {logging_mixin.py:190} INFO - [2025-01-23T14:54:09.637+0000] {dag.py:4180} INFO - Setting next_dagrun for latest_only_with_trigger to 2025-01-23 08:00:00+00:00, run_after=2025-01-23 12:00:00+00:00
[2025-01-23T14:54:09.658+0000] {processor.py:208} INFO - Processing /home/airflow/.local/lib/python3.12/site-packages/airflow/example_dags/example_latest_only_with_trigger.py took 0.083 seconds
[2025-01-23T14:54:39.979+0000] {processor.py:186} INFO - Started process (PID=2881) to work on /home/airflow/.local/lib/python3.12/site-packages/airflow/example_dags/example_latest_only_with_trigger.py
[2025-01-23T14:54:39.980+0000] {processor.py:914} INFO - Processing file /home/airflow/.local/lib/python3.12/site-packages/airflow/example_dags/example_latest_only_with_trigger.py for tasks to queue
[2025-01-23T14:54:39.982+0000] {logging_mixin.py:190} INFO - [2025-01-23T14:54:39.982+0000] {dagbag.py:588} INFO - Filling up the DagBag from /home/airflow/.local/lib/python3.12/site-packages/airflow/example_dags/example_latest_only_with_trigger.py
[2025-01-23T14:54:39.988+0000] {processor.py:925} INFO - DAG(s) 'latest_only_with_trigger' retrieved from /home/airflow/.local/lib/python3.12/site-packages/airflow/example_dags/example_latest_only_with_trigger.py
[2025-01-23T14:54:40.006+0000] {logging_mixin.py:190} INFO - [2025-01-23T14:54:40.006+0000] {dag.py:3239} INFO - Sync 1 DAGs
[2025-01-23T14:54:40.026+0000] {logging_mixin.py:190} INFO - [2025-01-23T14:54:40.026+0000] {dag.py:4180} INFO - Setting next_dagrun for latest_only_with_trigger to 2025-01-23 08:00:00+00:00, run_after=2025-01-23 12:00:00+00:00
[2025-01-23T14:54:40.041+0000] {processor.py:208} INFO - Processing /home/airflow/.local/lib/python3.12/site-packages/airflow/example_dags/example_latest_only_with_trigger.py took 0.067 seconds
[2025-01-23T14:55:10.374+0000] {processor.py:186} INFO - Started process (PID=3177) to work on /home/airflow/.local/lib/python3.12/site-packages/airflow/example_dags/example_latest_only_with_trigger.py
[2025-01-23T14:55:10.375+0000] {processor.py:914} INFO - Processing file /home/airflow/.local/lib/python3.12/site-packages/airflow/example_dags/example_latest_only_with_trigger.py for tasks to queue
[2025-01-23T14:55:10.377+0000] {logging_mixin.py:190} INFO - [2025-01-23T14:55:10.377+0000] {dagbag.py:588} INFO - Filling up the DagBag from /home/airflow/.local/lib/python3.12/site-packages/airflow/example_dags/example_latest_only_with_trigger.py
[2025-01-23T14:55:10.383+0000] {processor.py:925} INFO - DAG(s) 'latest_only_with_trigger' retrieved from /home/airflow/.local/lib/python3.12/site-packages/airflow/example_dags/example_latest_only_with_trigger.py
[2025-01-23T14:55:10.401+0000] {logging_mixin.py:190} INFO - [2025-01-23T14:55:10.401+0000] {dag.py:3239} INFO - Sync 1 DAGs
[2025-01-23T14:55:10.421+0000] {logging_mixin.py:190} INFO - [2025-01-23T14:55:10.421+0000] {dag.py:4180} INFO - Setting next_dagrun for latest_only_with_trigger to 2025-01-23 08:00:00+00:00, run_after=2025-01-23 12:00:00+00:00
[2025-01-23T14:55:10.438+0000] {processor.py:208} INFO - Processing /home/airflow/.local/lib/python3.12/site-packages/airflow/example_dags/example_latest_only_with_trigger.py took 0.069 seconds
[2025-01-23T14:55:40.523+0000] {processor.py:186} INFO - Started process (PID=3473) to work on /home/airflow/.local/lib/python3.12/site-packages/airflow/example_dags/example_latest_only_with_trigger.py
[2025-01-23T14:55:40.524+0000] {processor.py:914} INFO - Processing file /home/airflow/.local/lib/python3.12/site-packages/airflow/example_dags/example_latest_only_with_trigger.py for tasks to queue
[2025-01-23T14:55:40.526+0000] {logging_mixin.py:190} INFO - [2025-01-23T14:55:40.526+0000] {dagbag.py:588} INFO - Filling up the DagBag from /home/airflow/.local/lib/python3.12/site-packages/airflow/example_dags/example_latest_only_with_trigger.py
[2025-01-23T14:55:40.532+0000] {processor.py:925} INFO - DAG(s) 'latest_only_with_trigger' retrieved from /home/airflow/.local/lib/python3.12/site-packages/airflow/example_dags/example_latest_only_with_trigger.py
[2025-01-23T14:55:40.551+0000] {logging_mixin.py:190} INFO - [2025-01-23T14:55:40.551+0000] {dag.py:3239} INFO - Sync 1 DAGs
[2025-01-23T14:55:40.572+0000] {logging_mixin.py:190} INFO - [2025-01-23T14:55:40.572+0000] {dag.py:4180} INFO - Setting next_dagrun for latest_only_with_trigger to 2025-01-23 08:00:00+00:00, run_after=2025-01-23 12:00:00+00:00
[2025-01-23T14:55:40.591+0000] {processor.py:208} INFO - Processing /home/airflow/.local/lib/python3.12/site-packages/airflow/example_dags/example_latest_only_with_trigger.py took 0.073 seconds
[2025-01-23T14:56:11.246+0000] {processor.py:186} INFO - Started process (PID=3769) to work on /home/airflow/.local/lib/python3.12/site-packages/airflow/example_dags/example_latest_only_with_trigger.py
[2025-01-23T14:56:11.248+0000] {processor.py:914} INFO - Processing file /home/airflow/.local/lib/python3.12/site-packages/airflow/example_dags/example_latest_only_with_trigger.py for tasks to queue
[2025-01-23T14:56:11.252+0000] {logging_mixin.py:190} INFO - [2025-01-23T14:56:11.252+0000] {dagbag.py:588} INFO - Filling up the DagBag from /home/airflow/.local/lib/python3.12/site-packages/airflow/example_dags/example_latest_only_with_trigger.py
[2025-01-23T14:56:11.263+0000] {processor.py:925} INFO - DAG(s) 'latest_only_with_trigger' retrieved from /home/airflow/.local/lib/python3.12/site-packages/airflow/example_dags/example_latest_only_with_trigger.py
[2025-01-23T14:56:11.293+0000] {logging_mixin.py:190} INFO - [2025-01-23T14:56:11.293+0000] {dag.py:3239} INFO - Sync 1 DAGs
[2025-01-23T14:56:11.325+0000] {logging_mixin.py:190} INFO - [2025-01-23T14:56:11.324+0000] {dag.py:4180} INFO - Setting next_dagrun for latest_only_with_trigger to 2025-01-23 08:00:00+00:00, run_after=2025-01-23 12:00:00+00:00
[2025-01-23T14:56:11.354+0000] {processor.py:208} INFO - Processing /home/airflow/.local/lib/python3.12/site-packages/airflow/example_dags/example_latest_only_with_trigger.py took 0.116 seconds
[2025-01-23T14:56:42.115+0000] {processor.py:186} INFO - Started process (PID=4065) to work on /home/airflow/.local/lib/python3.12/site-packages/airflow/example_dags/example_latest_only_with_trigger.py
[2025-01-23T14:56:42.117+0000] {processor.py:914} INFO - Processing file /home/airflow/.local/lib/python3.12/site-packages/airflow/example_dags/example_latest_only_with_trigger.py for tasks to queue
[2025-01-23T14:56:42.121+0000] {logging_mixin.py:190} INFO - [2025-01-23T14:56:42.121+0000] {dagbag.py:588} INFO - Filling up the DagBag from /home/airflow/.local/lib/python3.12/site-packages/airflow/example_dags/example_latest_only_with_trigger.py
[2025-01-23T14:56:42.132+0000] {processor.py:925} INFO - DAG(s) 'latest_only_with_trigger' retrieved from /home/airflow/.local/lib/python3.12/site-packages/airflow/example_dags/example_latest_only_with_trigger.py
[2025-01-23T14:56:42.163+0000] {logging_mixin.py:190} INFO - [2025-01-23T14:56:42.162+0000] {dag.py:3239} INFO - Sync 1 DAGs
[2025-01-23T14:56:42.192+0000] {logging_mixin.py:190} INFO - [2025-01-23T14:56:42.192+0000] {dag.py:4180} INFO - Setting next_dagrun for latest_only_with_trigger to 2025-01-23 08:00:00+00:00, run_after=2025-01-23 12:00:00+00:00
[2025-01-23T14:56:42.223+0000] {processor.py:208} INFO - Processing /home/airflow/.local/lib/python3.12/site-packages/airflow/example_dags/example_latest_only_with_trigger.py took 0.118 seconds
[2025-01-23T14:57:12.438+0000] {processor.py:186} INFO - Started process (PID=4361) to work on /home/airflow/.local/lib/python3.12/site-packages/airflow/example_dags/example_latest_only_with_trigger.py
[2025-01-23T14:57:12.441+0000] {processor.py:914} INFO - Processing file /home/airflow/.local/lib/python3.12/site-packages/airflow/example_dags/example_latest_only_with_trigger.py for tasks to queue
[2025-01-23T14:57:12.445+0000] {logging_mixin.py:190} INFO - [2025-01-23T14:57:12.444+0000] {dagbag.py:588} INFO - Filling up the DagBag from /home/airflow/.local/lib/python3.12/site-packages/airflow/example_dags/example_latest_only_with_trigger.py
[2025-01-23T14:57:12.454+0000] {processor.py:925} INFO - DAG(s) 'latest_only_with_trigger' retrieved from /home/airflow/.local/lib/python3.12/site-packages/airflow/example_dags/example_latest_only_with_trigger.py
[2025-01-23T14:57:12.483+0000] {logging_mixin.py:190} INFO - [2025-01-23T14:57:12.482+0000] {dag.py:3239} INFO - Sync 1 DAGs
[2025-01-23T14:57:12.512+0000] {logging_mixin.py:190} INFO - [2025-01-23T14:57:12.512+0000] {dag.py:4180} INFO - Setting next_dagrun for latest_only_with_trigger to 2025-01-23 08:00:00+00:00, run_after=2025-01-23 12:00:00+00:00
[2025-01-23T14:57:12.546+0000] {processor.py:208} INFO - Processing /home/airflow/.local/lib/python3.12/site-packages/airflow/example_dags/example_latest_only_with_trigger.py took 0.118 seconds
[2025-01-23T14:57:42.763+0000] {processor.py:186} INFO - Started process (PID=4657) to work on /home/airflow/.local/lib/python3.12/site-packages/airflow/example_dags/example_latest_only_with_trigger.py
[2025-01-23T14:57:42.765+0000] {processor.py:914} INFO - Processing file /home/airflow/.local/lib/python3.12/site-packages/airflow/example_dags/example_latest_only_with_trigger.py for tasks to queue
[2025-01-23T14:57:42.768+0000] {logging_mixin.py:190} INFO - [2025-01-23T14:57:42.768+0000] {dagbag.py:588} INFO - Filling up the DagBag from /home/airflow/.local/lib/python3.12/site-packages/airflow/example_dags/example_latest_only_with_trigger.py
[2025-01-23T14:57:42.778+0000] {processor.py:925} INFO - DAG(s) 'latest_only_with_trigger' retrieved from /home/airflow/.local/lib/python3.12/site-packages/airflow/example_dags/example_latest_only_with_trigger.py
[2025-01-23T14:57:42.812+0000] {logging_mixin.py:190} INFO - [2025-01-23T14:57:42.811+0000] {dag.py:3239} INFO - Sync 1 DAGs
[2025-01-23T14:57:42.849+0000] {logging_mixin.py:190} INFO - [2025-01-23T14:57:42.849+0000] {dag.py:4180} INFO - Setting next_dagrun for latest_only_with_trigger to 2025-01-23 08:00:00+00:00, run_after=2025-01-23 12:00:00+00:00
[2025-01-23T14:57:42.884+0000] {processor.py:208} INFO - Processing /home/airflow/.local/lib/python3.12/site-packages/airflow/example_dags/example_latest_only_with_trigger.py took 0.131 seconds
[2025-01-23T14:58:13.125+0000] {processor.py:186} INFO - Started process (PID=4953) to work on /home/airflow/.local/lib/python3.12/site-packages/airflow/example_dags/example_latest_only_with_trigger.py
[2025-01-23T14:58:13.126+0000] {processor.py:914} INFO - Processing file /home/airflow/.local/lib/python3.12/site-packages/airflow/example_dags/example_latest_only_with_trigger.py for tasks to queue
[2025-01-23T14:58:13.128+0000] {logging_mixin.py:190} INFO - [2025-01-23T14:58:13.128+0000] {dagbag.py:588} INFO - Filling up the DagBag from /home/airflow/.local/lib/python3.12/site-packages/airflow/example_dags/example_latest_only_with_trigger.py
[2025-01-23T14:58:13.139+0000] {processor.py:925} INFO - DAG(s) 'latest_only_with_trigger' retrieved from /home/airflow/.local/lib/python3.12/site-packages/airflow/example_dags/example_latest_only_with_trigger.py
[2025-01-23T14:58:13.168+0000] {logging_mixin.py:190} INFO - [2025-01-23T14:58:13.167+0000] {dag.py:3239} INFO - Sync 1 DAGs
[2025-01-23T14:58:13.196+0000] {logging_mixin.py:190} INFO - [2025-01-23T14:58:13.196+0000] {dag.py:4180} INFO - Setting next_dagrun for latest_only_with_trigger to 2025-01-23 08:00:00+00:00, run_after=2025-01-23 12:00:00+00:00
[2025-01-23T14:58:13.227+0000] {processor.py:208} INFO - Processing /home/airflow/.local/lib/python3.12/site-packages/airflow/example_dags/example_latest_only_with_trigger.py took 0.111 seconds
[2025-01-23T14:58:44.115+0000] {processor.py:186} INFO - Started process (PID=5249) to work on /home/airflow/.local/lib/python3.12/site-packages/airflow/example_dags/example_latest_only_with_trigger.py
[2025-01-23T14:58:44.117+0000] {processor.py:914} INFO - Processing file /home/airflow/.local/lib/python3.12/site-packages/airflow/example_dags/example_latest_only_with_trigger.py for tasks to queue
[2025-01-23T14:58:44.120+0000] {logging_mixin.py:190} INFO - [2025-01-23T14:58:44.119+0000] {dagbag.py:588} INFO - Filling up the DagBag from /home/airflow/.local/lib/python3.12/site-packages/airflow/example_dags/example_latest_only_with_trigger.py
[2025-01-23T14:58:44.132+0000] {processor.py:925} INFO - DAG(s) 'latest_only_with_trigger' retrieved from /home/airflow/.local/lib/python3.12/site-packages/airflow/example_dags/example_latest_only_with_trigger.py
[2025-01-23T14:58:44.166+0000] {logging_mixin.py:190} INFO - [2025-01-23T14:58:44.166+0000] {dag.py:3239} INFO - Sync 1 DAGs
[2025-01-23T14:58:44.199+0000] {logging_mixin.py:190} INFO - [2025-01-23T14:58:44.199+0000] {dag.py:4180} INFO - Setting next_dagrun for latest_only_with_trigger to 2025-01-23 08:00:00+00:00, run_after=2025-01-23 12:00:00+00:00
[2025-01-23T14:58:44.225+0000] {processor.py:208} INFO - Processing /home/airflow/.local/lib/python3.12/site-packages/airflow/example_dags/example_latest_only_with_trigger.py took 0.121 seconds
[2025-01-23T14:59:14.846+0000] {processor.py:186} INFO - Started process (PID=5545) to work on /home/airflow/.local/lib/python3.12/site-packages/airflow/example_dags/example_latest_only_with_trigger.py
[2025-01-23T14:59:14.848+0000] {processor.py:914} INFO - Processing file /home/airflow/.local/lib/python3.12/site-packages/airflow/example_dags/example_latest_only_with_trigger.py for tasks to queue
[2025-01-23T14:59:14.852+0000] {logging_mixin.py:190} INFO - [2025-01-23T14:59:14.851+0000] {dagbag.py:588} INFO - Filling up the DagBag from /home/airflow/.local/lib/python3.12/site-packages/airflow/example_dags/example_latest_only_with_trigger.py
[2025-01-23T14:59:14.866+0000] {processor.py:925} INFO - DAG(s) 'latest_only_with_trigger' retrieved from /home/airflow/.local/lib/python3.12/site-packages/airflow/example_dags/example_latest_only_with_trigger.py
[2025-01-23T14:59:14.897+0000] {logging_mixin.py:190} INFO - [2025-01-23T14:59:14.897+0000] {dag.py:3239} INFO - Sync 1 DAGs
[2025-01-23T14:59:14.933+0000] {logging_mixin.py:190} INFO - [2025-01-23T14:59:14.933+0000] {dag.py:4180} INFO - Setting next_dagrun for latest_only_with_trigger to 2025-01-23 08:00:00+00:00, run_after=2025-01-23 12:00:00+00:00
[2025-01-23T14:59:14.965+0000] {processor.py:208} INFO - Processing /home/airflow/.local/lib/python3.12/site-packages/airflow/example_dags/example_latest_only_with_trigger.py took 0.131 seconds
[2025-01-23T14:59:45.213+0000] {processor.py:186} INFO - Started process (PID=5841) to work on /home/airflow/.local/lib/python3.12/site-packages/airflow/example_dags/example_latest_only_with_trigger.py
[2025-01-23T14:59:45.215+0000] {processor.py:914} INFO - Processing file /home/airflow/.local/lib/python3.12/site-packages/airflow/example_dags/example_latest_only_with_trigger.py for tasks to queue
[2025-01-23T14:59:45.219+0000] {logging_mixin.py:190} INFO - [2025-01-23T14:59:45.218+0000] {dagbag.py:588} INFO - Filling up the DagBag from /home/airflow/.local/lib/python3.12/site-packages/airflow/example_dags/example_latest_only_with_trigger.py
[2025-01-23T14:59:45.230+0000] {processor.py:925} INFO - DAG(s) 'latest_only_with_trigger' retrieved from /home/airflow/.local/lib/python3.12/site-packages/airflow/example_dags/example_latest_only_with_trigger.py
[2025-01-23T14:59:45.267+0000] {logging_mixin.py:190} INFO - [2025-01-23T14:59:45.266+0000] {dag.py:3239} INFO - Sync 1 DAGs
[2025-01-23T14:59:45.300+0000] {logging_mixin.py:190} INFO - [2025-01-23T14:59:45.300+0000] {dag.py:4180} INFO - Setting next_dagrun for latest_only_with_trigger to 2025-01-23 08:00:00+00:00, run_after=2025-01-23 12:00:00+00:00
[2025-01-23T14:59:45.324+0000] {processor.py:208} INFO - Processing /home/airflow/.local/lib/python3.12/site-packages/airflow/example_dags/example_latest_only_with_trigger.py took 0.122 seconds
[2025-01-23T15:00:15.457+0000] {processor.py:186} INFO - Started process (PID=6137) to work on /home/airflow/.local/lib/python3.12/site-packages/airflow/example_dags/example_latest_only_with_trigger.py
[2025-01-23T15:00:15.458+0000] {processor.py:914} INFO - Processing file /home/airflow/.local/lib/python3.12/site-packages/airflow/example_dags/example_latest_only_with_trigger.py for tasks to queue
[2025-01-23T15:00:15.462+0000] {logging_mixin.py:190} INFO - [2025-01-23T15:00:15.461+0000] {dagbag.py:588} INFO - Filling up the DagBag from /home/airflow/.local/lib/python3.12/site-packages/airflow/example_dags/example_latest_only_with_trigger.py
[2025-01-23T15:00:15.472+0000] {processor.py:925} INFO - DAG(s) 'latest_only_with_trigger' retrieved from /home/airflow/.local/lib/python3.12/site-packages/airflow/example_dags/example_latest_only_with_trigger.py
[2025-01-23T15:00:15.501+0000] {logging_mixin.py:190} INFO - [2025-01-23T15:00:15.501+0000] {dag.py:3239} INFO - Sync 1 DAGs
[2025-01-23T15:00:15.533+0000] {logging_mixin.py:190} INFO - [2025-01-23T15:00:15.532+0000] {dag.py:4180} INFO - Setting next_dagrun for latest_only_with_trigger to 2025-01-23 08:00:00+00:00, run_after=2025-01-23 12:00:00+00:00
[2025-01-23T15:00:15.566+0000] {processor.py:208} INFO - Processing /home/airflow/.local/lib/python3.12/site-packages/airflow/example_dags/example_latest_only_with_trigger.py took 0.118 seconds
[2025-01-23T15:00:45.912+0000] {processor.py:186} INFO - Started process (PID=6433) to work on /home/airflow/.local/lib/python3.12/site-packages/airflow/example_dags/example_latest_only_with_trigger.py
[2025-01-23T15:00:45.914+0000] {processor.py:914} INFO - Processing file /home/airflow/.local/lib/python3.12/site-packages/airflow/example_dags/example_latest_only_with_trigger.py for tasks to queue
[2025-01-23T15:00:45.920+0000] {logging_mixin.py:190} INFO - [2025-01-23T15:00:45.919+0000] {dagbag.py:588} INFO - Filling up the DagBag from /home/airflow/.local/lib/python3.12/site-packages/airflow/example_dags/example_latest_only_with_trigger.py
[2025-01-23T15:00:45.934+0000] {processor.py:925} INFO - DAG(s) 'latest_only_with_trigger' retrieved from /home/airflow/.local/lib/python3.12/site-packages/airflow/example_dags/example_latest_only_with_trigger.py
[2025-01-23T15:00:45.965+0000] {logging_mixin.py:190} INFO - [2025-01-23T15:00:45.964+0000] {dag.py:3239} INFO - Sync 1 DAGs
[2025-01-23T15:00:45.999+0000] {logging_mixin.py:190} INFO - [2025-01-23T15:00:45.999+0000] {dag.py:4180} INFO - Setting next_dagrun for latest_only_with_trigger to 2025-01-23 08:00:00+00:00, run_after=2025-01-23 12:00:00+00:00
[2025-01-23T15:00:46.036+0000] {processor.py:208} INFO - Processing /home/airflow/.local/lib/python3.12/site-packages/airflow/example_dags/example_latest_only_with_trigger.py took 0.137 seconds
[2025-01-23T15:01:16.903+0000] {processor.py:186} INFO - Started process (PID=6729) to work on /home/airflow/.local/lib/python3.12/site-packages/airflow/example_dags/example_latest_only_with_trigger.py
[2025-01-23T15:01:16.906+0000] {processor.py:914} INFO - Processing file /home/airflow/.local/lib/python3.12/site-packages/airflow/example_dags/example_latest_only_with_trigger.py for tasks to queue
[2025-01-23T15:01:16.913+0000] {logging_mixin.py:190} INFO - [2025-01-23T15:01:16.912+0000] {dagbag.py:588} INFO - Filling up the DagBag from /home/airflow/.local/lib/python3.12/site-packages/airflow/example_dags/example_latest_only_with_trigger.py
[2025-01-23T15:01:16.929+0000] {processor.py:925} INFO - DAG(s) 'latest_only_with_trigger' retrieved from /home/airflow/.local/lib/python3.12/site-packages/airflow/example_dags/example_latest_only_with_trigger.py
[2025-01-23T15:01:16.968+0000] {logging_mixin.py:190} INFO - [2025-01-23T15:01:16.967+0000] {dag.py:3239} INFO - Sync 1 DAGs
[2025-01-23T15:01:17.020+0000] {logging_mixin.py:190} INFO - [2025-01-23T15:01:17.019+0000] {dag.py:4180} INFO - Setting next_dagrun for latest_only_with_trigger to 2025-01-23 08:00:00+00:00, run_after=2025-01-23 12:00:00+00:00
[2025-01-23T15:01:17.063+0000] {processor.py:208} INFO - Processing /home/airflow/.local/lib/python3.12/site-packages/airflow/example_dags/example_latest_only_with_trigger.py took 0.177 seconds
[2025-01-23T15:01:47.372+0000] {processor.py:186} INFO - Started process (PID=7025) to work on /home/airflow/.local/lib/python3.12/site-packages/airflow/example_dags/example_latest_only_with_trigger.py
[2025-01-23T15:01:47.374+0000] {processor.py:914} INFO - Processing file /home/airflow/.local/lib/python3.12/site-packages/airflow/example_dags/example_latest_only_with_trigger.py for tasks to queue
[2025-01-23T15:01:47.379+0000] {logging_mixin.py:190} INFO - [2025-01-23T15:01:47.378+0000] {dagbag.py:588} INFO - Filling up the DagBag from /home/airflow/.local/lib/python3.12/site-packages/airflow/example_dags/example_latest_only_with_trigger.py
[2025-01-23T15:01:47.394+0000] {processor.py:925} INFO - DAG(s) 'latest_only_with_trigger' retrieved from /home/airflow/.local/lib/python3.12/site-packages/airflow/example_dags/example_latest_only_with_trigger.py
[2025-01-23T15:01:47.436+0000] {logging_mixin.py:190} INFO - [2025-01-23T15:01:47.435+0000] {dag.py:3239} INFO - Sync 1 DAGs
[2025-01-23T15:01:47.514+0000] {logging_mixin.py:190} INFO - [2025-01-23T15:01:47.514+0000] {dag.py:4180} INFO - Setting next_dagrun for latest_only_with_trigger to 2025-01-23 08:00:00+00:00, run_after=2025-01-23 12:00:00+00:00
[2025-01-23T15:01:47.563+0000] {processor.py:208} INFO - Processing /home/airflow/.local/lib/python3.12/site-packages/airflow/example_dags/example_latest_only_with_trigger.py took 0.204 seconds
[2025-01-23T15:02:18.423+0000] {processor.py:186} INFO - Started process (PID=7321) to work on /home/airflow/.local/lib/python3.12/site-packages/airflow/example_dags/example_latest_only_with_trigger.py
[2025-01-23T15:02:18.425+0000] {processor.py:914} INFO - Processing file /home/airflow/.local/lib/python3.12/site-packages/airflow/example_dags/example_latest_only_with_trigger.py for tasks to queue
[2025-01-23T15:02:18.428+0000] {logging_mixin.py:190} INFO - [2025-01-23T15:02:18.427+0000] {dagbag.py:588} INFO - Filling up the DagBag from /home/airflow/.local/lib/python3.12/site-packages/airflow/example_dags/example_latest_only_with_trigger.py
[2025-01-23T15:02:18.442+0000] {processor.py:925} INFO - DAG(s) 'latest_only_with_trigger' retrieved from /home/airflow/.local/lib/python3.12/site-packages/airflow/example_dags/example_latest_only_with_trigger.py
[2025-01-23T15:02:18.473+0000] {logging_mixin.py:190} INFO - [2025-01-23T15:02:18.473+0000] {dag.py:3239} INFO - Sync 1 DAGs
[2025-01-23T15:02:18.524+0000] {logging_mixin.py:190} INFO - [2025-01-23T15:02:18.523+0000] {dag.py:4180} INFO - Setting next_dagrun for latest_only_with_trigger to 2025-01-23 08:00:00+00:00, run_after=2025-01-23 12:00:00+00:00
[2025-01-23T15:02:18.565+0000] {processor.py:208} INFO - Processing /home/airflow/.local/lib/python3.12/site-packages/airflow/example_dags/example_latest_only_with_trigger.py took 0.149 seconds
[2025-01-23T15:02:48.772+0000] {processor.py:186} INFO - Started process (PID=7617) to work on /home/airflow/.local/lib/python3.12/site-packages/airflow/example_dags/example_latest_only_with_trigger.py
[2025-01-23T15:02:48.773+0000] {processor.py:914} INFO - Processing file /home/airflow/.local/lib/python3.12/site-packages/airflow/example_dags/example_latest_only_with_trigger.py for tasks to queue
[2025-01-23T15:02:48.777+0000] {logging_mixin.py:190} INFO - [2025-01-23T15:02:48.776+0000] {dagbag.py:588} INFO - Filling up the DagBag from /home/airflow/.local/lib/python3.12/site-packages/airflow/example_dags/example_latest_only_with_trigger.py
[2025-01-23T15:02:48.787+0000] {processor.py:925} INFO - DAG(s) 'latest_only_with_trigger' retrieved from /home/airflow/.local/lib/python3.12/site-packages/airflow/example_dags/example_latest_only_with_trigger.py
[2025-01-23T15:02:48.817+0000] {logging_mixin.py:190} INFO - [2025-01-23T15:02:48.817+0000] {dag.py:3239} INFO - Sync 1 DAGs
[2025-01-23T15:02:48.854+0000] {logging_mixin.py:190} INFO - [2025-01-23T15:02:48.853+0000] {dag.py:4180} INFO - Setting next_dagrun for latest_only_with_trigger to 2025-01-23 08:00:00+00:00, run_after=2025-01-23 12:00:00+00:00
[2025-01-23T15:02:48.886+0000] {processor.py:208} INFO - Processing /home/airflow/.local/lib/python3.12/site-packages/airflow/example_dags/example_latest_only_with_trigger.py took 0.123 seconds
[2025-01-23T15:03:19.442+0000] {processor.py:186} INFO - Started process (PID=7913) to work on /home/airflow/.local/lib/python3.12/site-packages/airflow/example_dags/example_latest_only_with_trigger.py
[2025-01-23T15:03:19.443+0000] {processor.py:914} INFO - Processing file /home/airflow/.local/lib/python3.12/site-packages/airflow/example_dags/example_latest_only_with_trigger.py for tasks to queue
[2025-01-23T15:03:19.447+0000] {logging_mixin.py:190} INFO - [2025-01-23T15:03:19.447+0000] {dagbag.py:588} INFO - Filling up the DagBag from /home/airflow/.local/lib/python3.12/site-packages/airflow/example_dags/example_latest_only_with_trigger.py
[2025-01-23T15:03:19.459+0000] {processor.py:925} INFO - DAG(s) 'latest_only_with_trigger' retrieved from /home/airflow/.local/lib/python3.12/site-packages/airflow/example_dags/example_latest_only_with_trigger.py
[2025-01-23T15:03:19.492+0000] {logging_mixin.py:190} INFO - [2025-01-23T15:03:19.491+0000] {dag.py:3239} INFO - Sync 1 DAGs
[2025-01-23T15:03:19.525+0000] {logging_mixin.py:190} INFO - [2025-01-23T15:03:19.525+0000] {dag.py:4180} INFO - Setting next_dagrun for latest_only_with_trigger to 2025-01-23 08:00:00+00:00, run_after=2025-01-23 12:00:00+00:00
[2025-01-23T15:03:19.559+0000] {processor.py:208} INFO - Processing /home/airflow/.local/lib/python3.12/site-packages/airflow/example_dags/example_latest_only_with_trigger.py took 0.126 seconds
[2025-01-23T15:03:50.277+0000] {processor.py:186} INFO - Started process (PID=8209) to work on /home/airflow/.local/lib/python3.12/site-packages/airflow/example_dags/example_latest_only_with_trigger.py
[2025-01-23T15:03:50.278+0000] {processor.py:914} INFO - Processing file /home/airflow/.local/lib/python3.12/site-packages/airflow/example_dags/example_latest_only_with_trigger.py for tasks to queue
[2025-01-23T15:03:50.282+0000] {logging_mixin.py:190} INFO - [2025-01-23T15:03:50.281+0000] {dagbag.py:588} INFO - Filling up the DagBag from /home/airflow/.local/lib/python3.12/site-packages/airflow/example_dags/example_latest_only_with_trigger.py
[2025-01-23T15:03:50.292+0000] {processor.py:925} INFO - DAG(s) 'latest_only_with_trigger' retrieved from /home/airflow/.local/lib/python3.12/site-packages/airflow/example_dags/example_latest_only_with_trigger.py
[2025-01-23T15:03:50.323+0000] {logging_mixin.py:190} INFO - [2025-01-23T15:03:50.322+0000] {dag.py:3239} INFO - Sync 1 DAGs
[2025-01-23T15:03:50.360+0000] {logging_mixin.py:190} INFO - [2025-01-23T15:03:50.360+0000] {dag.py:4180} INFO - Setting next_dagrun for latest_only_with_trigger to 2025-01-23 08:00:00+00:00, run_after=2025-01-23 12:00:00+00:00
[2025-01-23T15:03:50.402+0000] {processor.py:208} INFO - Processing /home/airflow/.local/lib/python3.12/site-packages/airflow/example_dags/example_latest_only_with_trigger.py took 0.134 seconds
[2025-01-23T15:04:20.583+0000] {processor.py:186} INFO - Started process (PID=8505) to work on /home/airflow/.local/lib/python3.12/site-packages/airflow/example_dags/example_latest_only_with_trigger.py
[2025-01-23T15:04:20.584+0000] {processor.py:914} INFO - Processing file /home/airflow/.local/lib/python3.12/site-packages/airflow/example_dags/example_latest_only_with_trigger.py for tasks to queue
[2025-01-23T15:04:20.588+0000] {logging_mixin.py:190} INFO - [2025-01-23T15:04:20.588+0000] {dagbag.py:588} INFO - Filling up the DagBag from /home/airflow/.local/lib/python3.12/site-packages/airflow/example_dags/example_latest_only_with_trigger.py
[2025-01-23T15:04:20.600+0000] {processor.py:925} INFO - DAG(s) 'latest_only_with_trigger' retrieved from /home/airflow/.local/lib/python3.12/site-packages/airflow/example_dags/example_latest_only_with_trigger.py
[2025-01-23T15:04:20.627+0000] {logging_mixin.py:190} INFO - [2025-01-23T15:04:20.627+0000] {dag.py:3239} INFO - Sync 1 DAGs
[2025-01-23T15:04:20.657+0000] {logging_mixin.py:190} INFO - [2025-01-23T15:04:20.657+0000] {dag.py:4180} INFO - Setting next_dagrun for latest_only_with_trigger to 2025-01-23 08:00:00+00:00, run_after=2025-01-23 12:00:00+00:00
[2025-01-23T15:04:20.688+0000] {processor.py:208} INFO - Processing /home/airflow/.local/lib/python3.12/site-packages/airflow/example_dags/example_latest_only_with_trigger.py took 0.113 seconds
[2025-01-23T15:04:51.206+0000] {processor.py:186} INFO - Started process (PID=8801) to work on /home/airflow/.local/lib/python3.12/site-packages/airflow/example_dags/example_latest_only_with_trigger.py
[2025-01-23T15:04:51.208+0000] {processor.py:914} INFO - Processing file /home/airflow/.local/lib/python3.12/site-packages/airflow/example_dags/example_latest_only_with_trigger.py for tasks to queue
[2025-01-23T15:04:51.211+0000] {logging_mixin.py:190} INFO - [2025-01-23T15:04:51.211+0000] {dagbag.py:588} INFO - Filling up the DagBag from /home/airflow/.local/lib/python3.12/site-packages/airflow/example_dags/example_latest_only_with_trigger.py
[2025-01-23T15:04:51.220+0000] {processor.py:925} INFO - DAG(s) 'latest_only_with_trigger' retrieved from /home/airflow/.local/lib/python3.12/site-packages/airflow/example_dags/example_latest_only_with_trigger.py
[2025-01-23T15:04:51.246+0000] {logging_mixin.py:190} INFO - [2025-01-23T15:04:51.246+0000] {dag.py:3239} INFO - Sync 1 DAGs
[2025-01-23T15:04:51.278+0000] {logging_mixin.py:190} INFO - [2025-01-23T15:04:51.277+0000] {dag.py:4180} INFO - Setting next_dagrun for latest_only_with_trigger to 2025-01-23 08:00:00+00:00, run_after=2025-01-23 12:00:00+00:00
[2025-01-23T15:04:51.308+0000] {processor.py:208} INFO - Processing /home/airflow/.local/lib/python3.12/site-packages/airflow/example_dags/example_latest_only_with_trigger.py took 0.111 seconds
[2025-01-23T15:05:21.849+0000] {processor.py:186} INFO - Started process (PID=9097) to work on /home/airflow/.local/lib/python3.12/site-packages/airflow/example_dags/example_latest_only_with_trigger.py
[2025-01-23T15:05:21.850+0000] {processor.py:914} INFO - Processing file /home/airflow/.local/lib/python3.12/site-packages/airflow/example_dags/example_latest_only_with_trigger.py for tasks to queue
[2025-01-23T15:05:21.852+0000] {logging_mixin.py:190} INFO - [2025-01-23T15:05:21.852+0000] {dagbag.py:588} INFO - Filling up the DagBag from /home/airflow/.local/lib/python3.12/site-packages/airflow/example_dags/example_latest_only_with_trigger.py
[2025-01-23T15:05:21.862+0000] {processor.py:925} INFO - DAG(s) 'latest_only_with_trigger' retrieved from /home/airflow/.local/lib/python3.12/site-packages/airflow/example_dags/example_latest_only_with_trigger.py
[2025-01-23T15:05:21.890+0000] {logging_mixin.py:190} INFO - [2025-01-23T15:05:21.890+0000] {dag.py:3239} INFO - Sync 1 DAGs
[2025-01-23T15:05:21.924+0000] {logging_mixin.py:190} INFO - [2025-01-23T15:05:21.923+0000] {dag.py:4180} INFO - Setting next_dagrun for latest_only_with_trigger to 2025-01-23 08:00:00+00:00, run_after=2025-01-23 12:00:00+00:00
[2025-01-23T15:05:21.953+0000] {processor.py:208} INFO - Processing /home/airflow/.local/lib/python3.12/site-packages/airflow/example_dags/example_latest_only_with_trigger.py took 0.113 seconds
[2025-01-23T15:05:52.504+0000] {processor.py:186} INFO - Started process (PID=9393) to work on /home/airflow/.local/lib/python3.12/site-packages/airflow/example_dags/example_latest_only_with_trigger.py
[2025-01-23T15:05:52.505+0000] {processor.py:914} INFO - Processing file /home/airflow/.local/lib/python3.12/site-packages/airflow/example_dags/example_latest_only_with_trigger.py for tasks to queue
[2025-01-23T15:05:52.509+0000] {logging_mixin.py:190} INFO - [2025-01-23T15:05:52.508+0000] {dagbag.py:588} INFO - Filling up the DagBag from /home/airflow/.local/lib/python3.12/site-packages/airflow/example_dags/example_latest_only_with_trigger.py
[2025-01-23T15:05:52.519+0000] {processor.py:925} INFO - DAG(s) 'latest_only_with_trigger' retrieved from /home/airflow/.local/lib/python3.12/site-packages/airflow/example_dags/example_latest_only_with_trigger.py
[2025-01-23T15:05:52.548+0000] {logging_mixin.py:190} INFO - [2025-01-23T15:05:52.548+0000] {dag.py:3239} INFO - Sync 1 DAGs
[2025-01-23T15:05:52.579+0000] {logging_mixin.py:190} INFO - [2025-01-23T15:05:52.579+0000] {dag.py:4180} INFO - Setting next_dagrun for latest_only_with_trigger to 2025-01-23 08:00:00+00:00, run_after=2025-01-23 12:00:00+00:00
[2025-01-23T15:05:52.612+0000] {processor.py:208} INFO - Processing /home/airflow/.local/lib/python3.12/site-packages/airflow/example_dags/example_latest_only_with_trigger.py took 0.116 seconds
[2025-01-23T15:06:23.094+0000] {processor.py:186} INFO - Started process (PID=9688) to work on /home/airflow/.local/lib/python3.12/site-packages/airflow/example_dags/example_latest_only_with_trigger.py
[2025-01-23T15:06:23.096+0000] {processor.py:914} INFO - Processing file /home/airflow/.local/lib/python3.12/site-packages/airflow/example_dags/example_latest_only_with_trigger.py for tasks to queue
[2025-01-23T15:06:23.099+0000] {logging_mixin.py:190} INFO - [2025-01-23T15:06:23.098+0000] {dagbag.py:588} INFO - Filling up the DagBag from /home/airflow/.local/lib/python3.12/site-packages/airflow/example_dags/example_latest_only_with_trigger.py
[2025-01-23T15:06:23.109+0000] {processor.py:925} INFO - DAG(s) 'latest_only_with_trigger' retrieved from /home/airflow/.local/lib/python3.12/site-packages/airflow/example_dags/example_latest_only_with_trigger.py
[2025-01-23T15:06:23.138+0000] {logging_mixin.py:190} INFO - [2025-01-23T15:06:23.138+0000] {dag.py:3239} INFO - Sync 1 DAGs
[2025-01-23T15:06:23.172+0000] {logging_mixin.py:190} INFO - [2025-01-23T15:06:23.171+0000] {dag.py:4180} INFO - Setting next_dagrun for latest_only_with_trigger to 2025-01-23 08:00:00+00:00, run_after=2025-01-23 12:00:00+00:00
[2025-01-23T15:06:23.201+0000] {processor.py:208} INFO - Processing /home/airflow/.local/lib/python3.12/site-packages/airflow/example_dags/example_latest_only_with_trigger.py took 0.115 seconds
[2025-01-23T15:06:54.097+0000] {processor.py:186} INFO - Started process (PID=9984) to work on /home/airflow/.local/lib/python3.12/site-packages/airflow/example_dags/example_latest_only_with_trigger.py
[2025-01-23T15:06:54.099+0000] {processor.py:914} INFO - Processing file /home/airflow/.local/lib/python3.12/site-packages/airflow/example_dags/example_latest_only_with_trigger.py for tasks to queue
[2025-01-23T15:06:54.104+0000] {logging_mixin.py:190} INFO - [2025-01-23T15:06:54.103+0000] {dagbag.py:588} INFO - Filling up the DagBag from /home/airflow/.local/lib/python3.12/site-packages/airflow/example_dags/example_latest_only_with_trigger.py
[2025-01-23T15:06:54.117+0000] {processor.py:925} INFO - DAG(s) 'latest_only_with_trigger' retrieved from /home/airflow/.local/lib/python3.12/site-packages/airflow/example_dags/example_latest_only_with_trigger.py
[2025-01-23T15:06:54.150+0000] {logging_mixin.py:190} INFO - [2025-01-23T15:06:54.149+0000] {dag.py:3239} INFO - Sync 1 DAGs
[2025-01-23T15:06:54.183+0000] {logging_mixin.py:190} INFO - [2025-01-23T15:06:54.183+0000] {dag.py:4180} INFO - Setting next_dagrun for latest_only_with_trigger to 2025-01-23 08:00:00+00:00, run_after=2025-01-23 12:00:00+00:00
[2025-01-23T15:06:54.211+0000] {processor.py:208} INFO - Processing /home/airflow/.local/lib/python3.12/site-packages/airflow/example_dags/example_latest_only_with_trigger.py took 0.125 seconds
[2025-01-23T15:07:25.074+0000] {processor.py:186} INFO - Started process (PID=10275) to work on /home/airflow/.local/lib/python3.12/site-packages/airflow/example_dags/example_latest_only_with_trigger.py
[2025-01-23T15:07:25.075+0000] {processor.py:914} INFO - Processing file /home/airflow/.local/lib/python3.12/site-packages/airflow/example_dags/example_latest_only_with_trigger.py for tasks to queue
[2025-01-23T15:07:25.079+0000] {logging_mixin.py:190} INFO - [2025-01-23T15:07:25.078+0000] {dagbag.py:588} INFO - Filling up the DagBag from /home/airflow/.local/lib/python3.12/site-packages/airflow/example_dags/example_latest_only_with_trigger.py
[2025-01-23T15:07:25.090+0000] {processor.py:925} INFO - DAG(s) 'latest_only_with_trigger' retrieved from /home/airflow/.local/lib/python3.12/site-packages/airflow/example_dags/example_latest_only_with_trigger.py
[2025-01-23T15:07:25.120+0000] {logging_mixin.py:190} INFO - [2025-01-23T15:07:25.120+0000] {dag.py:3239} INFO - Sync 1 DAGs
[2025-01-23T15:07:25.150+0000] {logging_mixin.py:190} INFO - [2025-01-23T15:07:25.150+0000] {dag.py:4180} INFO - Setting next_dagrun for latest_only_with_trigger to 2025-01-23 08:00:00+00:00, run_after=2025-01-23 12:00:00+00:00
[2025-01-23T15:07:25.181+0000] {processor.py:208} INFO - Processing /home/airflow/.local/lib/python3.12/site-packages/airflow/example_dags/example_latest_only_with_trigger.py took 0.116 seconds
[2025-01-23T15:07:55.945+0000] {processor.py:186} INFO - Started process (PID=10571) to work on /home/airflow/.local/lib/python3.12/site-packages/airflow/example_dags/example_latest_only_with_trigger.py
[2025-01-23T15:07:55.946+0000] {processor.py:914} INFO - Processing file /home/airflow/.local/lib/python3.12/site-packages/airflow/example_dags/example_latest_only_with_trigger.py for tasks to queue
[2025-01-23T15:07:55.950+0000] {logging_mixin.py:190} INFO - [2025-01-23T15:07:55.949+0000] {dagbag.py:588} INFO - Filling up the DagBag from /home/airflow/.local/lib/python3.12/site-packages/airflow/example_dags/example_latest_only_with_trigger.py
[2025-01-23T15:07:55.962+0000] {processor.py:925} INFO - DAG(s) 'latest_only_with_trigger' retrieved from /home/airflow/.local/lib/python3.12/site-packages/airflow/example_dags/example_latest_only_with_trigger.py
[2025-01-23T15:07:55.998+0000] {logging_mixin.py:190} INFO - [2025-01-23T15:07:55.997+0000] {dag.py:3239} INFO - Sync 1 DAGs
[2025-01-23T15:07:56.036+0000] {logging_mixin.py:190} INFO - [2025-01-23T15:07:56.035+0000] {dag.py:4180} INFO - Setting next_dagrun for latest_only_with_trigger to 2025-01-23 08:00:00+00:00, run_after=2025-01-23 12:00:00+00:00
[2025-01-23T15:07:56.073+0000] {processor.py:208} INFO - Processing /home/airflow/.local/lib/python3.12/site-packages/airflow/example_dags/example_latest_only_with_trigger.py took 0.137 seconds
