[2025-01-23T14:50:03.944+0000] {processor.py:186} INFO - Started process (PID=192) to work on /home/airflow/.local/lib/python3.12/site-packages/airflow/example_dags/example_latest_only.py
[2025-01-23T14:50:03.945+0000] {processor.py:914} INFO - Processing file /home/airflow/.local/lib/python3.12/site-packages/airflow/example_dags/example_latest_only.py for tasks to queue
[2025-01-23T14:50:03.948+0000] {logging_mixin.py:190} INFO - [2025-01-23T14:50:03.947+0000] {dagbag.py:588} INFO - Filling up the DagBag from /home/airflow/.local/lib/python3.12/site-packages/airflow/example_dags/example_latest_only.py
[2025-01-23T14:50:03.955+0000] {processor.py:925} INFO - DAG(s) 'latest_only' retrieved from /home/airflow/.local/lib/python3.12/site-packages/airflow/example_dags/example_latest_only.py
[2025-01-23T14:50:03.980+0000] {logging_mixin.py:190} INFO - [2025-01-23T14:50:03.980+0000] {dag.py:3239} INFO - Sync 1 DAGs
[2025-01-23T14:50:04.006+0000] {logging_mixin.py:190} INFO - [2025-01-23T14:50:04.006+0000] {dag.py:4180} INFO - Setting next_dagrun for latest_only to 2025-01-23 08:00:00+00:00, run_after=2025-01-23 12:00:00+00:00
[2025-01-23T14:50:04.031+0000] {processor.py:208} INFO - Processing /home/airflow/.local/lib/python3.12/site-packages/airflow/example_dags/example_latest_only.py took 0.093 seconds
[2025-01-23T14:50:34.835+0000] {processor.py:186} INFO - Started process (PID=485) to work on /home/airflow/.local/lib/python3.12/site-packages/airflow/example_dags/example_latest_only.py
[2025-01-23T14:50:34.836+0000] {processor.py:914} INFO - Processing file /home/airflow/.local/lib/python3.12/site-packages/airflow/example_dags/example_latest_only.py for tasks to queue
[2025-01-23T14:50:34.838+0000] {logging_mixin.py:190} INFO - [2025-01-23T14:50:34.838+0000] {dagbag.py:588} INFO - Filling up the DagBag from /home/airflow/.local/lib/python3.12/site-packages/airflow/example_dags/example_latest_only.py
[2025-01-23T14:50:34.845+0000] {processor.py:925} INFO - DAG(s) 'latest_only' retrieved from /home/airflow/.local/lib/python3.12/site-packages/airflow/example_dags/example_latest_only.py
[2025-01-23T14:50:34.863+0000] {logging_mixin.py:190} INFO - [2025-01-23T14:50:34.863+0000] {dag.py:3239} INFO - Sync 1 DAGs
[2025-01-23T14:50:34.885+0000] {logging_mixin.py:190} INFO - [2025-01-23T14:50:34.885+0000] {dag.py:4180} INFO - Setting next_dagrun for latest_only to 2025-01-23 08:00:00+00:00, run_after=2025-01-23 12:00:00+00:00
[2025-01-23T14:50:34.905+0000] {processor.py:208} INFO - Processing /home/airflow/.local/lib/python3.12/site-packages/airflow/example_dags/example_latest_only.py took 0.076 seconds
[2025-01-23T14:51:05.335+0000] {processor.py:186} INFO - Started process (PID=781) to work on /home/airflow/.local/lib/python3.12/site-packages/airflow/example_dags/example_latest_only.py
[2025-01-23T14:51:05.337+0000] {processor.py:914} INFO - Processing file /home/airflow/.local/lib/python3.12/site-packages/airflow/example_dags/example_latest_only.py for tasks to queue
[2025-01-23T14:51:05.339+0000] {logging_mixin.py:190} INFO - [2025-01-23T14:51:05.339+0000] {dagbag.py:588} INFO - Filling up the DagBag from /home/airflow/.local/lib/python3.12/site-packages/airflow/example_dags/example_latest_only.py
[2025-01-23T14:51:05.346+0000] {processor.py:925} INFO - DAG(s) 'latest_only' retrieved from /home/airflow/.local/lib/python3.12/site-packages/airflow/example_dags/example_latest_only.py
[2025-01-23T14:51:05.363+0000] {logging_mixin.py:190} INFO - [2025-01-23T14:51:05.363+0000] {dag.py:3239} INFO - Sync 1 DAGs
[2025-01-23T14:51:05.383+0000] {logging_mixin.py:190} INFO - [2025-01-23T14:51:05.383+0000] {dag.py:4180} INFO - Setting next_dagrun for latest_only to 2025-01-23 08:00:00+00:00, run_after=2025-01-23 12:00:00+00:00
[2025-01-23T14:51:05.401+0000] {processor.py:208} INFO - Processing /home/airflow/.local/lib/python3.12/site-packages/airflow/example_dags/example_latest_only.py took 0.072 seconds
[2025-01-23T14:51:35.854+0000] {processor.py:186} INFO - Started process (PID=1077) to work on /home/airflow/.local/lib/python3.12/site-packages/airflow/example_dags/example_latest_only.py
[2025-01-23T14:51:35.855+0000] {processor.py:914} INFO - Processing file /home/airflow/.local/lib/python3.12/site-packages/airflow/example_dags/example_latest_only.py for tasks to queue
[2025-01-23T14:51:35.857+0000] {logging_mixin.py:190} INFO - [2025-01-23T14:51:35.856+0000] {dagbag.py:588} INFO - Filling up the DagBag from /home/airflow/.local/lib/python3.12/site-packages/airflow/example_dags/example_latest_only.py
[2025-01-23T14:51:35.862+0000] {processor.py:925} INFO - DAG(s) 'latest_only' retrieved from /home/airflow/.local/lib/python3.12/site-packages/airflow/example_dags/example_latest_only.py
[2025-01-23T14:51:35.880+0000] {logging_mixin.py:190} INFO - [2025-01-23T14:51:35.880+0000] {dag.py:3239} INFO - Sync 1 DAGs
[2025-01-23T14:51:35.900+0000] {logging_mixin.py:190} INFO - [2025-01-23T14:51:35.899+0000] {dag.py:4180} INFO - Setting next_dagrun for latest_only to 2025-01-23 08:00:00+00:00, run_after=2025-01-23 12:00:00+00:00
[2025-01-23T14:51:35.916+0000] {processor.py:208} INFO - Processing /home/airflow/.local/lib/python3.12/site-packages/airflow/example_dags/example_latest_only.py took 0.068 seconds
[2025-01-23T14:52:06.045+0000] {processor.py:186} INFO - Started process (PID=1373) to work on /home/airflow/.local/lib/python3.12/site-packages/airflow/example_dags/example_latest_only.py
[2025-01-23T14:52:06.046+0000] {processor.py:914} INFO - Processing file /home/airflow/.local/lib/python3.12/site-packages/airflow/example_dags/example_latest_only.py for tasks to queue
[2025-01-23T14:52:06.048+0000] {logging_mixin.py:190} INFO - [2025-01-23T14:52:06.048+0000] {dagbag.py:588} INFO - Filling up the DagBag from /home/airflow/.local/lib/python3.12/site-packages/airflow/example_dags/example_latest_only.py
[2025-01-23T14:52:06.054+0000] {processor.py:925} INFO - DAG(s) 'latest_only' retrieved from /home/airflow/.local/lib/python3.12/site-packages/airflow/example_dags/example_latest_only.py
[2025-01-23T14:52:06.071+0000] {logging_mixin.py:190} INFO - [2025-01-23T14:52:06.070+0000] {dag.py:3239} INFO - Sync 1 DAGs
[2025-01-23T14:52:06.091+0000] {logging_mixin.py:190} INFO - [2025-01-23T14:52:06.091+0000] {dag.py:4180} INFO - Setting next_dagrun for latest_only to 2025-01-23 08:00:00+00:00, run_after=2025-01-23 12:00:00+00:00
[2025-01-23T14:52:06.108+0000] {processor.py:208} INFO - Processing /home/airflow/.local/lib/python3.12/site-packages/airflow/example_dags/example_latest_only.py took 0.069 seconds
[2025-01-23T14:52:36.450+0000] {processor.py:186} INFO - Started process (PID=1669) to work on /home/airflow/.local/lib/python3.12/site-packages/airflow/example_dags/example_latest_only.py
[2025-01-23T14:52:36.451+0000] {processor.py:914} INFO - Processing file /home/airflow/.local/lib/python3.12/site-packages/airflow/example_dags/example_latest_only.py for tasks to queue
[2025-01-23T14:52:36.453+0000] {logging_mixin.py:190} INFO - [2025-01-23T14:52:36.453+0000] {dagbag.py:588} INFO - Filling up the DagBag from /home/airflow/.local/lib/python3.12/site-packages/airflow/example_dags/example_latest_only.py
[2025-01-23T14:52:36.459+0000] {processor.py:925} INFO - DAG(s) 'latest_only' retrieved from /home/airflow/.local/lib/python3.12/site-packages/airflow/example_dags/example_latest_only.py
[2025-01-23T14:52:36.477+0000] {logging_mixin.py:190} INFO - [2025-01-23T14:52:36.476+0000] {dag.py:3239} INFO - Sync 1 DAGs
[2025-01-23T14:52:36.497+0000] {logging_mixin.py:190} INFO - [2025-01-23T14:52:36.497+0000] {dag.py:4180} INFO - Setting next_dagrun for latest_only to 2025-01-23 08:00:00+00:00, run_after=2025-01-23 12:00:00+00:00
[2025-01-23T14:52:36.514+0000] {processor.py:208} INFO - Processing /home/airflow/.local/lib/python3.12/site-packages/airflow/example_dags/example_latest_only.py took 0.069 seconds
[2025-01-23T14:53:07.008+0000] {processor.py:186} INFO - Started process (PID=1965) to work on /home/airflow/.local/lib/python3.12/site-packages/airflow/example_dags/example_latest_only.py
[2025-01-23T14:53:07.010+0000] {processor.py:914} INFO - Processing file /home/airflow/.local/lib/python3.12/site-packages/airflow/example_dags/example_latest_only.py for tasks to queue
[2025-01-23T14:53:07.016+0000] {logging_mixin.py:190} INFO - [2025-01-23T14:53:07.015+0000] {dagbag.py:588} INFO - Filling up the DagBag from /home/airflow/.local/lib/python3.12/site-packages/airflow/example_dags/example_latest_only.py
[2025-01-23T14:53:07.028+0000] {processor.py:925} INFO - DAG(s) 'latest_only' retrieved from /home/airflow/.local/lib/python3.12/site-packages/airflow/example_dags/example_latest_only.py
[2025-01-23T14:53:07.047+0000] {logging_mixin.py:190} INFO - [2025-01-23T14:53:07.047+0000] {dag.py:3239} INFO - Sync 1 DAGs
[2025-01-23T14:53:07.075+0000] {logging_mixin.py:190} INFO - [2025-01-23T14:53:07.075+0000] {dag.py:4180} INFO - Setting next_dagrun for latest_only to 2025-01-23 08:00:00+00:00, run_after=2025-01-23 12:00:00+00:00
[2025-01-23T14:53:07.107+0000] {processor.py:208} INFO - Processing /home/airflow/.local/lib/python3.12/site-packages/airflow/example_dags/example_latest_only.py took 0.110 seconds
[2025-01-23T14:53:37.973+0000] {processor.py:186} INFO - Started process (PID=2261) to work on /home/airflow/.local/lib/python3.12/site-packages/airflow/example_dags/example_latest_only.py
[2025-01-23T14:53:37.974+0000] {processor.py:914} INFO - Processing file /home/airflow/.local/lib/python3.12/site-packages/airflow/example_dags/example_latest_only.py for tasks to queue
[2025-01-23T14:53:37.976+0000] {logging_mixin.py:190} INFO - [2025-01-23T14:53:37.976+0000] {dagbag.py:588} INFO - Filling up the DagBag from /home/airflow/.local/lib/python3.12/site-packages/airflow/example_dags/example_latest_only.py
[2025-01-23T14:53:37.983+0000] {processor.py:925} INFO - DAG(s) 'latest_only' retrieved from /home/airflow/.local/lib/python3.12/site-packages/airflow/example_dags/example_latest_only.py
[2025-01-23T14:53:38.000+0000] {logging_mixin.py:190} INFO - [2025-01-23T14:53:38.000+0000] {dag.py:3239} INFO - Sync 1 DAGs
[2025-01-23T14:53:38.021+0000] {logging_mixin.py:190} INFO - [2025-01-23T14:53:38.020+0000] {dag.py:4180} INFO - Setting next_dagrun for latest_only to 2025-01-23 08:00:00+00:00, run_after=2025-01-23 12:00:00+00:00
[2025-01-23T14:53:38.036+0000] {processor.py:208} INFO - Processing /home/airflow/.local/lib/python3.12/site-packages/airflow/example_dags/example_latest_only.py took 0.069 seconds
[2025-01-23T14:54:08.271+0000] {processor.py:186} INFO - Started process (PID=2557) to work on /home/airflow/.local/lib/python3.12/site-packages/airflow/example_dags/example_latest_only.py
[2025-01-23T14:54:08.272+0000] {processor.py:914} INFO - Processing file /home/airflow/.local/lib/python3.12/site-packages/airflow/example_dags/example_latest_only.py for tasks to queue
[2025-01-23T14:54:08.275+0000] {logging_mixin.py:190} INFO - [2025-01-23T14:54:08.274+0000] {dagbag.py:588} INFO - Filling up the DagBag from /home/airflow/.local/lib/python3.12/site-packages/airflow/example_dags/example_latest_only.py
[2025-01-23T14:54:08.281+0000] {processor.py:925} INFO - DAG(s) 'latest_only' retrieved from /home/airflow/.local/lib/python3.12/site-packages/airflow/example_dags/example_latest_only.py
[2025-01-23T14:54:08.298+0000] {logging_mixin.py:190} INFO - [2025-01-23T14:54:08.297+0000] {dag.py:3239} INFO - Sync 1 DAGs
[2025-01-23T14:54:08.317+0000] {logging_mixin.py:190} INFO - [2025-01-23T14:54:08.317+0000] {dag.py:4180} INFO - Setting next_dagrun for latest_only to 2025-01-23 08:00:00+00:00, run_after=2025-01-23 12:00:00+00:00
[2025-01-23T14:54:08.332+0000] {processor.py:208} INFO - Processing /home/airflow/.local/lib/python3.12/site-packages/airflow/example_dags/example_latest_only.py took 0.067 seconds
[2025-01-23T14:54:38.767+0000] {processor.py:186} INFO - Started process (PID=2853) to work on /home/airflow/.local/lib/python3.12/site-packages/airflow/example_dags/example_latest_only.py
[2025-01-23T14:54:38.768+0000] {processor.py:914} INFO - Processing file /home/airflow/.local/lib/python3.12/site-packages/airflow/example_dags/example_latest_only.py for tasks to queue
[2025-01-23T14:54:38.771+0000] {logging_mixin.py:190} INFO - [2025-01-23T14:54:38.770+0000] {dagbag.py:588} INFO - Filling up the DagBag from /home/airflow/.local/lib/python3.12/site-packages/airflow/example_dags/example_latest_only.py
[2025-01-23T14:54:38.776+0000] {processor.py:925} INFO - DAG(s) 'latest_only' retrieved from /home/airflow/.local/lib/python3.12/site-packages/airflow/example_dags/example_latest_only.py
[2025-01-23T14:54:38.794+0000] {logging_mixin.py:190} INFO - [2025-01-23T14:54:38.794+0000] {dag.py:3239} INFO - Sync 1 DAGs
[2025-01-23T14:54:38.814+0000] {logging_mixin.py:190} INFO - [2025-01-23T14:54:38.814+0000] {dag.py:4180} INFO - Setting next_dagrun for latest_only to 2025-01-23 08:00:00+00:00, run_after=2025-01-23 12:00:00+00:00
[2025-01-23T14:54:38.829+0000] {processor.py:208} INFO - Processing /home/airflow/.local/lib/python3.12/site-packages/airflow/example_dags/example_latest_only.py took 0.067 seconds
[2025-01-23T14:55:09.073+0000] {processor.py:186} INFO - Started process (PID=3149) to work on /home/airflow/.local/lib/python3.12/site-packages/airflow/example_dags/example_latest_only.py
[2025-01-23T14:55:09.074+0000] {processor.py:914} INFO - Processing file /home/airflow/.local/lib/python3.12/site-packages/airflow/example_dags/example_latest_only.py for tasks to queue
[2025-01-23T14:55:09.077+0000] {logging_mixin.py:190} INFO - [2025-01-23T14:55:09.076+0000] {dagbag.py:588} INFO - Filling up the DagBag from /home/airflow/.local/lib/python3.12/site-packages/airflow/example_dags/example_latest_only.py
[2025-01-23T14:55:09.083+0000] {processor.py:925} INFO - DAG(s) 'latest_only' retrieved from /home/airflow/.local/lib/python3.12/site-packages/airflow/example_dags/example_latest_only.py
[2025-01-23T14:55:09.102+0000] {logging_mixin.py:190} INFO - [2025-01-23T14:55:09.101+0000] {dag.py:3239} INFO - Sync 1 DAGs
[2025-01-23T14:55:09.121+0000] {logging_mixin.py:190} INFO - [2025-01-23T14:55:09.121+0000] {dag.py:4180} INFO - Setting next_dagrun for latest_only to 2025-01-23 08:00:00+00:00, run_after=2025-01-23 12:00:00+00:00
[2025-01-23T14:55:09.137+0000] {processor.py:208} INFO - Processing /home/airflow/.local/lib/python3.12/site-packages/airflow/example_dags/example_latest_only.py took 0.070 seconds
[2025-01-23T14:55:39.236+0000] {processor.py:186} INFO - Started process (PID=3445) to work on /home/airflow/.local/lib/python3.12/site-packages/airflow/example_dags/example_latest_only.py
[2025-01-23T14:55:39.237+0000] {processor.py:914} INFO - Processing file /home/airflow/.local/lib/python3.12/site-packages/airflow/example_dags/example_latest_only.py for tasks to queue
[2025-01-23T14:55:39.239+0000] {logging_mixin.py:190} INFO - [2025-01-23T14:55:39.238+0000] {dagbag.py:588} INFO - Filling up the DagBag from /home/airflow/.local/lib/python3.12/site-packages/airflow/example_dags/example_latest_only.py
[2025-01-23T14:55:39.245+0000] {processor.py:925} INFO - DAG(s) 'latest_only' retrieved from /home/airflow/.local/lib/python3.12/site-packages/airflow/example_dags/example_latest_only.py
[2025-01-23T14:55:39.261+0000] {logging_mixin.py:190} INFO - [2025-01-23T14:55:39.261+0000] {dag.py:3239} INFO - Sync 1 DAGs
[2025-01-23T14:55:39.281+0000] {logging_mixin.py:190} INFO - [2025-01-23T14:55:39.281+0000] {dag.py:4180} INFO - Setting next_dagrun for latest_only to 2025-01-23 08:00:00+00:00, run_after=2025-01-23 12:00:00+00:00
[2025-01-23T14:55:39.297+0000] {processor.py:208} INFO - Processing /home/airflow/.local/lib/python3.12/site-packages/airflow/example_dags/example_latest_only.py took 0.067 seconds
[2025-01-23T14:56:09.711+0000] {processor.py:186} INFO - Started process (PID=3741) to work on /home/airflow/.local/lib/python3.12/site-packages/airflow/example_dags/example_latest_only.py
[2025-01-23T14:56:09.712+0000] {processor.py:914} INFO - Processing file /home/airflow/.local/lib/python3.12/site-packages/airflow/example_dags/example_latest_only.py for tasks to queue
[2025-01-23T14:56:09.715+0000] {logging_mixin.py:190} INFO - [2025-01-23T14:56:09.715+0000] {dagbag.py:588} INFO - Filling up the DagBag from /home/airflow/.local/lib/python3.12/site-packages/airflow/example_dags/example_latest_only.py
[2025-01-23T14:56:09.724+0000] {processor.py:925} INFO - DAG(s) 'latest_only' retrieved from /home/airflow/.local/lib/python3.12/site-packages/airflow/example_dags/example_latest_only.py
[2025-01-23T14:56:09.756+0000] {logging_mixin.py:190} INFO - [2025-01-23T14:56:09.755+0000] {dag.py:3239} INFO - Sync 1 DAGs
[2025-01-23T14:56:09.793+0000] {logging_mixin.py:190} INFO - [2025-01-23T14:56:09.793+0000] {dag.py:4180} INFO - Setting next_dagrun for latest_only to 2025-01-23 08:00:00+00:00, run_after=2025-01-23 12:00:00+00:00
[2025-01-23T14:56:09.825+0000] {processor.py:208} INFO - Processing /home/airflow/.local/lib/python3.12/site-packages/airflow/example_dags/example_latest_only.py took 0.122 seconds
[2025-01-23T14:56:40.682+0000] {processor.py:186} INFO - Started process (PID=4037) to work on /home/airflow/.local/lib/python3.12/site-packages/airflow/example_dags/example_latest_only.py
[2025-01-23T14:56:40.683+0000] {processor.py:914} INFO - Processing file /home/airflow/.local/lib/python3.12/site-packages/airflow/example_dags/example_latest_only.py for tasks to queue
[2025-01-23T14:56:40.686+0000] {logging_mixin.py:190} INFO - [2025-01-23T14:56:40.686+0000] {dagbag.py:588} INFO - Filling up the DagBag from /home/airflow/.local/lib/python3.12/site-packages/airflow/example_dags/example_latest_only.py
[2025-01-23T14:56:40.694+0000] {processor.py:925} INFO - DAG(s) 'latest_only' retrieved from /home/airflow/.local/lib/python3.12/site-packages/airflow/example_dags/example_latest_only.py
[2025-01-23T14:56:40.718+0000] {logging_mixin.py:190} INFO - [2025-01-23T14:56:40.718+0000] {dag.py:3239} INFO - Sync 1 DAGs
[2025-01-23T14:56:40.746+0000] {logging_mixin.py:190} INFO - [2025-01-23T14:56:40.746+0000] {dag.py:4180} INFO - Setting next_dagrun for latest_only to 2025-01-23 08:00:00+00:00, run_after=2025-01-23 12:00:00+00:00
[2025-01-23T14:56:40.773+0000] {processor.py:208} INFO - Processing /home/airflow/.local/lib/python3.12/site-packages/airflow/example_dags/example_latest_only.py took 0.099 seconds
[2025-01-23T14:57:11.010+0000] {processor.py:186} INFO - Started process (PID=4333) to work on /home/airflow/.local/lib/python3.12/site-packages/airflow/example_dags/example_latest_only.py
[2025-01-23T14:57:11.011+0000] {processor.py:914} INFO - Processing file /home/airflow/.local/lib/python3.12/site-packages/airflow/example_dags/example_latest_only.py for tasks to queue
[2025-01-23T14:57:11.015+0000] {logging_mixin.py:190} INFO - [2025-01-23T14:57:11.014+0000] {dagbag.py:588} INFO - Filling up the DagBag from /home/airflow/.local/lib/python3.12/site-packages/airflow/example_dags/example_latest_only.py
[2025-01-23T14:57:11.024+0000] {processor.py:925} INFO - DAG(s) 'latest_only' retrieved from /home/airflow/.local/lib/python3.12/site-packages/airflow/example_dags/example_latest_only.py
[2025-01-23T14:57:11.049+0000] {logging_mixin.py:190} INFO - [2025-01-23T14:57:11.048+0000] {dag.py:3239} INFO - Sync 1 DAGs
[2025-01-23T14:57:11.076+0000] {logging_mixin.py:190} INFO - [2025-01-23T14:57:11.076+0000] {dag.py:4180} INFO - Setting next_dagrun for latest_only to 2025-01-23 08:00:00+00:00, run_after=2025-01-23 12:00:00+00:00
[2025-01-23T14:57:11.104+0000] {processor.py:208} INFO - Processing /home/airflow/.local/lib/python3.12/site-packages/airflow/example_dags/example_latest_only.py took 0.106 seconds
[2025-01-23T14:57:41.383+0000] {processor.py:186} INFO - Started process (PID=4628) to work on /home/airflow/.local/lib/python3.12/site-packages/airflow/example_dags/example_latest_only.py
[2025-01-23T14:57:41.385+0000] {processor.py:914} INFO - Processing file /home/airflow/.local/lib/python3.12/site-packages/airflow/example_dags/example_latest_only.py for tasks to queue
[2025-01-23T14:57:41.389+0000] {logging_mixin.py:190} INFO - [2025-01-23T14:57:41.389+0000] {dagbag.py:588} INFO - Filling up the DagBag from /home/airflow/.local/lib/python3.12/site-packages/airflow/example_dags/example_latest_only.py
[2025-01-23T14:57:41.402+0000] {processor.py:925} INFO - DAG(s) 'latest_only' retrieved from /home/airflow/.local/lib/python3.12/site-packages/airflow/example_dags/example_latest_only.py
[2025-01-23T14:57:41.432+0000] {logging_mixin.py:190} INFO - [2025-01-23T14:57:41.431+0000] {dag.py:3239} INFO - Sync 1 DAGs
[2025-01-23T14:57:41.469+0000] {logging_mixin.py:190} INFO - [2025-01-23T14:57:41.469+0000] {dag.py:4180} INFO - Setting next_dagrun for latest_only to 2025-01-23 08:00:00+00:00, run_after=2025-01-23 12:00:00+00:00
[2025-01-23T14:57:41.498+0000] {processor.py:208} INFO - Processing /home/airflow/.local/lib/python3.12/site-packages/airflow/example_dags/example_latest_only.py took 0.124 seconds
[2025-01-23T14:58:11.766+0000] {processor.py:186} INFO - Started process (PID=4925) to work on /home/airflow/.local/lib/python3.12/site-packages/airflow/example_dags/example_latest_only.py
[2025-01-23T14:58:11.768+0000] {processor.py:914} INFO - Processing file /home/airflow/.local/lib/python3.12/site-packages/airflow/example_dags/example_latest_only.py for tasks to queue
[2025-01-23T14:58:11.771+0000] {logging_mixin.py:190} INFO - [2025-01-23T14:58:11.770+0000] {dagbag.py:588} INFO - Filling up the DagBag from /home/airflow/.local/lib/python3.12/site-packages/airflow/example_dags/example_latest_only.py
[2025-01-23T14:58:11.782+0000] {processor.py:925} INFO - DAG(s) 'latest_only' retrieved from /home/airflow/.local/lib/python3.12/site-packages/airflow/example_dags/example_latest_only.py
[2025-01-23T14:58:11.810+0000] {logging_mixin.py:190} INFO - [2025-01-23T14:58:11.810+0000] {dag.py:3239} INFO - Sync 1 DAGs
[2025-01-23T14:58:11.849+0000] {logging_mixin.py:190} INFO - [2025-01-23T14:58:11.848+0000] {dag.py:4180} INFO - Setting next_dagrun for latest_only to 2025-01-23 08:00:00+00:00, run_after=2025-01-23 12:00:00+00:00
[2025-01-23T14:58:11.883+0000] {processor.py:208} INFO - Processing /home/airflow/.local/lib/python3.12/site-packages/airflow/example_dags/example_latest_only.py took 0.126 seconds
[2025-01-23T14:58:42.724+0000] {processor.py:186} INFO - Started process (PID=5221) to work on /home/airflow/.local/lib/python3.12/site-packages/airflow/example_dags/example_latest_only.py
[2025-01-23T14:58:42.727+0000] {processor.py:914} INFO - Processing file /home/airflow/.local/lib/python3.12/site-packages/airflow/example_dags/example_latest_only.py for tasks to queue
[2025-01-23T14:58:42.735+0000] {logging_mixin.py:190} INFO - [2025-01-23T14:58:42.734+0000] {dagbag.py:588} INFO - Filling up the DagBag from /home/airflow/.local/lib/python3.12/site-packages/airflow/example_dags/example_latest_only.py
[2025-01-23T14:58:42.751+0000] {processor.py:925} INFO - DAG(s) 'latest_only' retrieved from /home/airflow/.local/lib/python3.12/site-packages/airflow/example_dags/example_latest_only.py
[2025-01-23T14:58:42.791+0000] {logging_mixin.py:190} INFO - [2025-01-23T14:58:42.791+0000] {dag.py:3239} INFO - Sync 1 DAGs
[2025-01-23T14:58:42.835+0000] {logging_mixin.py:190} INFO - [2025-01-23T14:58:42.834+0000] {dag.py:4180} INFO - Setting next_dagrun for latest_only to 2025-01-23 08:00:00+00:00, run_after=2025-01-23 12:00:00+00:00
[2025-01-23T14:58:42.868+0000] {processor.py:208} INFO - Processing /home/airflow/.local/lib/python3.12/site-packages/airflow/example_dags/example_latest_only.py took 0.158 seconds
[2025-01-23T14:59:13.499+0000] {processor.py:186} INFO - Started process (PID=5517) to work on /home/airflow/.local/lib/python3.12/site-packages/airflow/example_dags/example_latest_only.py
[2025-01-23T14:59:13.501+0000] {processor.py:914} INFO - Processing file /home/airflow/.local/lib/python3.12/site-packages/airflow/example_dags/example_latest_only.py for tasks to queue
[2025-01-23T14:59:13.504+0000] {logging_mixin.py:190} INFO - [2025-01-23T14:59:13.504+0000] {dagbag.py:588} INFO - Filling up the DagBag from /home/airflow/.local/lib/python3.12/site-packages/airflow/example_dags/example_latest_only.py
[2025-01-23T14:59:13.517+0000] {processor.py:925} INFO - DAG(s) 'latest_only' retrieved from /home/airflow/.local/lib/python3.12/site-packages/airflow/example_dags/example_latest_only.py
[2025-01-23T14:59:13.551+0000] {logging_mixin.py:190} INFO - [2025-01-23T14:59:13.550+0000] {dag.py:3239} INFO - Sync 1 DAGs
[2025-01-23T14:59:13.591+0000] {logging_mixin.py:190} INFO - [2025-01-23T14:59:13.591+0000] {dag.py:4180} INFO - Setting next_dagrun for latest_only to 2025-01-23 08:00:00+00:00, run_after=2025-01-23 12:00:00+00:00
[2025-01-23T14:59:13.624+0000] {processor.py:208} INFO - Processing /home/airflow/.local/lib/python3.12/site-packages/airflow/example_dags/example_latest_only.py took 0.132 seconds
[2025-01-23T14:59:43.756+0000] {processor.py:186} INFO - Started process (PID=5813) to work on /home/airflow/.local/lib/python3.12/site-packages/airflow/example_dags/example_latest_only.py
[2025-01-23T14:59:43.758+0000] {processor.py:914} INFO - Processing file /home/airflow/.local/lib/python3.12/site-packages/airflow/example_dags/example_latest_only.py for tasks to queue
[2025-01-23T14:59:43.761+0000] {logging_mixin.py:190} INFO - [2025-01-23T14:59:43.761+0000] {dagbag.py:588} INFO - Filling up the DagBag from /home/airflow/.local/lib/python3.12/site-packages/airflow/example_dags/example_latest_only.py
[2025-01-23T14:59:43.770+0000] {processor.py:925} INFO - DAG(s) 'latest_only' retrieved from /home/airflow/.local/lib/python3.12/site-packages/airflow/example_dags/example_latest_only.py
[2025-01-23T14:59:43.793+0000] {logging_mixin.py:190} INFO - [2025-01-23T14:59:43.792+0000] {dag.py:3239} INFO - Sync 1 DAGs
[2025-01-23T14:59:43.826+0000] {logging_mixin.py:190} INFO - [2025-01-23T14:59:43.826+0000] {dag.py:4180} INFO - Setting next_dagrun for latest_only to 2025-01-23 08:00:00+00:00, run_after=2025-01-23 12:00:00+00:00
[2025-01-23T14:59:43.853+0000] {processor.py:208} INFO - Processing /home/airflow/.local/lib/python3.12/site-packages/airflow/example_dags/example_latest_only.py took 0.105 seconds
[2025-01-23T15:00:13.972+0000] {processor.py:186} INFO - Started process (PID=6107) to work on /home/airflow/.local/lib/python3.12/site-packages/airflow/example_dags/example_latest_only.py
[2025-01-23T15:00:13.974+0000] {processor.py:914} INFO - Processing file /home/airflow/.local/lib/python3.12/site-packages/airflow/example_dags/example_latest_only.py for tasks to queue
[2025-01-23T15:00:13.976+0000] {logging_mixin.py:190} INFO - [2025-01-23T15:00:13.976+0000] {dagbag.py:588} INFO - Filling up the DagBag from /home/airflow/.local/lib/python3.12/site-packages/airflow/example_dags/example_latest_only.py
[2025-01-23T15:00:13.986+0000] {processor.py:925} INFO - DAG(s) 'latest_only' retrieved from /home/airflow/.local/lib/python3.12/site-packages/airflow/example_dags/example_latest_only.py
[2025-01-23T15:00:14.012+0000] {logging_mixin.py:190} INFO - [2025-01-23T15:00:14.012+0000] {dag.py:3239} INFO - Sync 1 DAGs
[2025-01-23T15:00:14.043+0000] {logging_mixin.py:190} INFO - [2025-01-23T15:00:14.043+0000] {dag.py:4180} INFO - Setting next_dagrun for latest_only to 2025-01-23 08:00:00+00:00, run_after=2025-01-23 12:00:00+00:00
[2025-01-23T15:00:14.066+0000] {processor.py:208} INFO - Processing /home/airflow/.local/lib/python3.12/site-packages/airflow/example_dags/example_latest_only.py took 0.102 seconds
[2025-01-23T15:00:44.442+0000] {processor.py:186} INFO - Started process (PID=6403) to work on /home/airflow/.local/lib/python3.12/site-packages/airflow/example_dags/example_latest_only.py
[2025-01-23T15:00:44.443+0000] {processor.py:914} INFO - Processing file /home/airflow/.local/lib/python3.12/site-packages/airflow/example_dags/example_latest_only.py for tasks to queue
[2025-01-23T15:00:44.447+0000] {logging_mixin.py:190} INFO - [2025-01-23T15:00:44.446+0000] {dagbag.py:588} INFO - Filling up the DagBag from /home/airflow/.local/lib/python3.12/site-packages/airflow/example_dags/example_latest_only.py
[2025-01-23T15:00:44.456+0000] {processor.py:925} INFO - DAG(s) 'latest_only' retrieved from /home/airflow/.local/lib/python3.12/site-packages/airflow/example_dags/example_latest_only.py
[2025-01-23T15:00:44.485+0000] {logging_mixin.py:190} INFO - [2025-01-23T15:00:44.484+0000] {dag.py:3239} INFO - Sync 1 DAGs
[2025-01-23T15:00:44.520+0000] {logging_mixin.py:190} INFO - [2025-01-23T15:00:44.520+0000] {dag.py:4180} INFO - Setting next_dagrun for latest_only to 2025-01-23 08:00:00+00:00, run_after=2025-01-23 12:00:00+00:00
[2025-01-23T15:00:44.553+0000] {processor.py:208} INFO - Processing /home/airflow/.local/lib/python3.12/site-packages/airflow/example_dags/example_latest_only.py took 0.119 seconds
[2025-01-23T15:01:15.361+0000] {processor.py:186} INFO - Started process (PID=6699) to work on /home/airflow/.local/lib/python3.12/site-packages/airflow/example_dags/example_latest_only.py
[2025-01-23T15:01:15.362+0000] {processor.py:914} INFO - Processing file /home/airflow/.local/lib/python3.12/site-packages/airflow/example_dags/example_latest_only.py for tasks to queue
[2025-01-23T15:01:15.367+0000] {logging_mixin.py:190} INFO - [2025-01-23T15:01:15.366+0000] {dagbag.py:588} INFO - Filling up the DagBag from /home/airflow/.local/lib/python3.12/site-packages/airflow/example_dags/example_latest_only.py
[2025-01-23T15:01:15.378+0000] {processor.py:925} INFO - DAG(s) 'latest_only' retrieved from /home/airflow/.local/lib/python3.12/site-packages/airflow/example_dags/example_latest_only.py
[2025-01-23T15:01:15.413+0000] {logging_mixin.py:190} INFO - [2025-01-23T15:01:15.413+0000] {dag.py:3239} INFO - Sync 1 DAGs
[2025-01-23T15:01:15.453+0000] {logging_mixin.py:190} INFO - [2025-01-23T15:01:15.453+0000] {dag.py:4180} INFO - Setting next_dagrun for latest_only to 2025-01-23 08:00:00+00:00, run_after=2025-01-23 12:00:00+00:00
[2025-01-23T15:01:15.488+0000] {processor.py:208} INFO - Processing /home/airflow/.local/lib/python3.12/site-packages/airflow/example_dags/example_latest_only.py took 0.138 seconds
[2025-01-23T15:01:45.791+0000] {processor.py:186} INFO - Started process (PID=6995) to work on /home/airflow/.local/lib/python3.12/site-packages/airflow/example_dags/example_latest_only.py
[2025-01-23T15:01:45.793+0000] {processor.py:914} INFO - Processing file /home/airflow/.local/lib/python3.12/site-packages/airflow/example_dags/example_latest_only.py for tasks to queue
[2025-01-23T15:01:45.798+0000] {logging_mixin.py:190} INFO - [2025-01-23T15:01:45.798+0000] {dagbag.py:588} INFO - Filling up the DagBag from /home/airflow/.local/lib/python3.12/site-packages/airflow/example_dags/example_latest_only.py
[2025-01-23T15:01:45.810+0000] {processor.py:925} INFO - DAG(s) 'latest_only' retrieved from /home/airflow/.local/lib/python3.12/site-packages/airflow/example_dags/example_latest_only.py
[2025-01-23T15:01:45.844+0000] {logging_mixin.py:190} INFO - [2025-01-23T15:01:45.844+0000] {dag.py:3239} INFO - Sync 1 DAGs
[2025-01-23T15:01:45.885+0000] {logging_mixin.py:190} INFO - [2025-01-23T15:01:45.885+0000] {dag.py:4180} INFO - Setting next_dagrun for latest_only to 2025-01-23 08:00:00+00:00, run_after=2025-01-23 12:00:00+00:00
[2025-01-23T15:01:45.917+0000] {processor.py:208} INFO - Processing /home/airflow/.local/lib/python3.12/site-packages/airflow/example_dags/example_latest_only.py took 0.137 seconds
[2025-01-23T15:02:16.004+0000] {processor.py:186} INFO - Started process (PID=7291) to work on /home/airflow/.local/lib/python3.12/site-packages/airflow/example_dags/example_latest_only.py
[2025-01-23T15:02:16.006+0000] {processor.py:914} INFO - Processing file /home/airflow/.local/lib/python3.12/site-packages/airflow/example_dags/example_latest_only.py for tasks to queue
[2025-01-23T15:02:16.010+0000] {logging_mixin.py:190} INFO - [2025-01-23T15:02:16.009+0000] {dagbag.py:588} INFO - Filling up the DagBag from /home/airflow/.local/lib/python3.12/site-packages/airflow/example_dags/example_latest_only.py
[2025-01-23T15:02:16.019+0000] {processor.py:925} INFO - DAG(s) 'latest_only' retrieved from /home/airflow/.local/lib/python3.12/site-packages/airflow/example_dags/example_latest_only.py
[2025-01-23T15:02:16.049+0000] {logging_mixin.py:190} INFO - [2025-01-23T15:02:16.049+0000] {dag.py:3239} INFO - Sync 1 DAGs
[2025-01-23T15:02:16.090+0000] {logging_mixin.py:190} INFO - [2025-01-23T15:02:16.090+0000] {dag.py:4180} INFO - Setting next_dagrun for latest_only to 2025-01-23 08:00:00+00:00, run_after=2025-01-23 12:00:00+00:00
[2025-01-23T15:02:16.121+0000] {processor.py:208} INFO - Processing /home/airflow/.local/lib/python3.12/site-packages/airflow/example_dags/example_latest_only.py took 0.127 seconds
[2025-01-23T15:02:46.204+0000] {processor.py:186} INFO - Started process (PID=7587) to work on /home/airflow/.local/lib/python3.12/site-packages/airflow/example_dags/example_latest_only.py
[2025-01-23T15:02:46.207+0000] {processor.py:914} INFO - Processing file /home/airflow/.local/lib/python3.12/site-packages/airflow/example_dags/example_latest_only.py for tasks to queue
[2025-01-23T15:02:46.210+0000] {logging_mixin.py:190} INFO - [2025-01-23T15:02:46.209+0000] {dagbag.py:588} INFO - Filling up the DagBag from /home/airflow/.local/lib/python3.12/site-packages/airflow/example_dags/example_latest_only.py
[2025-01-23T15:02:46.219+0000] {processor.py:925} INFO - DAG(s) 'latest_only' retrieved from /home/airflow/.local/lib/python3.12/site-packages/airflow/example_dags/example_latest_only.py
[2025-01-23T15:02:46.248+0000] {logging_mixin.py:190} INFO - [2025-01-23T15:02:46.248+0000] {dag.py:3239} INFO - Sync 1 DAGs
[2025-01-23T15:02:46.284+0000] {logging_mixin.py:190} INFO - [2025-01-23T15:02:46.283+0000] {dag.py:4180} INFO - Setting next_dagrun for latest_only to 2025-01-23 08:00:00+00:00, run_after=2025-01-23 12:00:00+00:00
[2025-01-23T15:02:46.314+0000] {processor.py:208} INFO - Processing /home/airflow/.local/lib/python3.12/site-packages/airflow/example_dags/example_latest_only.py took 0.120 seconds
[2025-01-23T15:03:17.056+0000] {processor.py:186} INFO - Started process (PID=7883) to work on /home/airflow/.local/lib/python3.12/site-packages/airflow/example_dags/example_latest_only.py
[2025-01-23T15:03:17.058+0000] {processor.py:914} INFO - Processing file /home/airflow/.local/lib/python3.12/site-packages/airflow/example_dags/example_latest_only.py for tasks to queue
[2025-01-23T15:03:17.063+0000] {logging_mixin.py:190} INFO - [2025-01-23T15:03:17.062+0000] {dagbag.py:588} INFO - Filling up the DagBag from /home/airflow/.local/lib/python3.12/site-packages/airflow/example_dags/example_latest_only.py
[2025-01-23T15:03:17.074+0000] {processor.py:925} INFO - DAG(s) 'latest_only' retrieved from /home/airflow/.local/lib/python3.12/site-packages/airflow/example_dags/example_latest_only.py
[2025-01-23T15:03:17.104+0000] {logging_mixin.py:190} INFO - [2025-01-23T15:03:17.104+0000] {dag.py:3239} INFO - Sync 1 DAGs
[2025-01-23T15:03:17.141+0000] {logging_mixin.py:190} INFO - [2025-01-23T15:03:17.141+0000] {dag.py:4180} INFO - Setting next_dagrun for latest_only to 2025-01-23 08:00:00+00:00, run_after=2025-01-23 12:00:00+00:00
[2025-01-23T15:03:17.173+0000] {processor.py:208} INFO - Processing /home/airflow/.local/lib/python3.12/site-packages/airflow/example_dags/example_latest_only.py took 0.126 seconds
[2025-01-23T15:03:47.910+0000] {processor.py:186} INFO - Started process (PID=8179) to work on /home/airflow/.local/lib/python3.12/site-packages/airflow/example_dags/example_latest_only.py
[2025-01-23T15:03:47.911+0000] {processor.py:914} INFO - Processing file /home/airflow/.local/lib/python3.12/site-packages/airflow/example_dags/example_latest_only.py for tasks to queue
[2025-01-23T15:03:47.916+0000] {logging_mixin.py:190} INFO - [2025-01-23T15:03:47.915+0000] {dagbag.py:588} INFO - Filling up the DagBag from /home/airflow/.local/lib/python3.12/site-packages/airflow/example_dags/example_latest_only.py
[2025-01-23T15:03:47.926+0000] {processor.py:925} INFO - DAG(s) 'latest_only' retrieved from /home/airflow/.local/lib/python3.12/site-packages/airflow/example_dags/example_latest_only.py
[2025-01-23T15:03:47.958+0000] {logging_mixin.py:190} INFO - [2025-01-23T15:03:47.958+0000] {dag.py:3239} INFO - Sync 1 DAGs
[2025-01-23T15:03:47.994+0000] {logging_mixin.py:190} INFO - [2025-01-23T15:03:47.994+0000] {dag.py:4180} INFO - Setting next_dagrun for latest_only to 2025-01-23 08:00:00+00:00, run_after=2025-01-23 12:00:00+00:00
[2025-01-23T15:03:48.026+0000] {processor.py:208} INFO - Processing /home/airflow/.local/lib/python3.12/site-packages/airflow/example_dags/example_latest_only.py took 0.126 seconds
[2025-01-23T15:04:18.075+0000] {processor.py:186} INFO - Started process (PID=8472) to work on /home/airflow/.local/lib/python3.12/site-packages/airflow/example_dags/example_latest_only.py
[2025-01-23T15:04:18.082+0000] {processor.py:914} INFO - Processing file /home/airflow/.local/lib/python3.12/site-packages/airflow/example_dags/example_latest_only.py for tasks to queue
[2025-01-23T15:04:18.085+0000] {logging_mixin.py:190} INFO - [2025-01-23T15:04:18.085+0000] {dagbag.py:588} INFO - Filling up the DagBag from /home/airflow/.local/lib/python3.12/site-packages/airflow/example_dags/example_latest_only.py
[2025-01-23T15:04:18.096+0000] {processor.py:925} INFO - DAG(s) 'latest_only' retrieved from /home/airflow/.local/lib/python3.12/site-packages/airflow/example_dags/example_latest_only.py
[2025-01-23T15:04:18.127+0000] {logging_mixin.py:190} INFO - [2025-01-23T15:04:18.126+0000] {dag.py:3239} INFO - Sync 1 DAGs
[2025-01-23T15:04:18.168+0000] {logging_mixin.py:190} INFO - [2025-01-23T15:04:18.168+0000] {dag.py:4180} INFO - Setting next_dagrun for latest_only to 2025-01-23 08:00:00+00:00, run_after=2025-01-23 12:00:00+00:00
[2025-01-23T15:04:18.202+0000] {processor.py:208} INFO - Processing /home/airflow/.local/lib/python3.12/site-packages/airflow/example_dags/example_latest_only.py took 0.137 seconds
[2025-01-23T15:04:48.843+0000] {processor.py:186} INFO - Started process (PID=8771) to work on /home/airflow/.local/lib/python3.12/site-packages/airflow/example_dags/example_latest_only.py
[2025-01-23T15:04:48.844+0000] {processor.py:914} INFO - Processing file /home/airflow/.local/lib/python3.12/site-packages/airflow/example_dags/example_latest_only.py for tasks to queue
[2025-01-23T15:04:48.847+0000] {logging_mixin.py:190} INFO - [2025-01-23T15:04:48.846+0000] {dagbag.py:588} INFO - Filling up the DagBag from /home/airflow/.local/lib/python3.12/site-packages/airflow/example_dags/example_latest_only.py
[2025-01-23T15:04:48.856+0000] {processor.py:925} INFO - DAG(s) 'latest_only' retrieved from /home/airflow/.local/lib/python3.12/site-packages/airflow/example_dags/example_latest_only.py
[2025-01-23T15:04:48.885+0000] {logging_mixin.py:190} INFO - [2025-01-23T15:04:48.884+0000] {dag.py:3239} INFO - Sync 1 DAGs
[2025-01-23T15:04:48.916+0000] {logging_mixin.py:190} INFO - [2025-01-23T15:04:48.916+0000] {dag.py:4180} INFO - Setting next_dagrun for latest_only to 2025-01-23 08:00:00+00:00, run_after=2025-01-23 12:00:00+00:00
[2025-01-23T15:04:48.948+0000] {processor.py:208} INFO - Processing /home/airflow/.local/lib/python3.12/site-packages/airflow/example_dags/example_latest_only.py took 0.114 seconds
[2025-01-23T15:05:19.525+0000] {processor.py:186} INFO - Started process (PID=9067) to work on /home/airflow/.local/lib/python3.12/site-packages/airflow/example_dags/example_latest_only.py
[2025-01-23T15:05:19.526+0000] {processor.py:914} INFO - Processing file /home/airflow/.local/lib/python3.12/site-packages/airflow/example_dags/example_latest_only.py for tasks to queue
[2025-01-23T15:05:19.529+0000] {logging_mixin.py:190} INFO - [2025-01-23T15:05:19.529+0000] {dagbag.py:588} INFO - Filling up the DagBag from /home/airflow/.local/lib/python3.12/site-packages/airflow/example_dags/example_latest_only.py
[2025-01-23T15:05:19.538+0000] {processor.py:925} INFO - DAG(s) 'latest_only' retrieved from /home/airflow/.local/lib/python3.12/site-packages/airflow/example_dags/example_latest_only.py
[2025-01-23T15:05:19.564+0000] {logging_mixin.py:190} INFO - [2025-01-23T15:05:19.563+0000] {dag.py:3239} INFO - Sync 1 DAGs
[2025-01-23T15:05:19.594+0000] {logging_mixin.py:190} INFO - [2025-01-23T15:05:19.594+0000] {dag.py:4180} INFO - Setting next_dagrun for latest_only to 2025-01-23 08:00:00+00:00, run_after=2025-01-23 12:00:00+00:00
[2025-01-23T15:05:19.631+0000] {processor.py:208} INFO - Processing /home/airflow/.local/lib/python3.12/site-packages/airflow/example_dags/example_latest_only.py took 0.115 seconds
[2025-01-23T15:05:50.259+0000] {processor.py:186} INFO - Started process (PID=9358) to work on /home/airflow/.local/lib/python3.12/site-packages/airflow/example_dags/example_latest_only.py
[2025-01-23T15:05:50.261+0000] {processor.py:914} INFO - Processing file /home/airflow/.local/lib/python3.12/site-packages/airflow/example_dags/example_latest_only.py for tasks to queue
[2025-01-23T15:05:50.264+0000] {logging_mixin.py:190} INFO - [2025-01-23T15:05:50.264+0000] {dagbag.py:588} INFO - Filling up the DagBag from /home/airflow/.local/lib/python3.12/site-packages/airflow/example_dags/example_latest_only.py
[2025-01-23T15:05:50.275+0000] {processor.py:925} INFO - DAG(s) 'latest_only' retrieved from /home/airflow/.local/lib/python3.12/site-packages/airflow/example_dags/example_latest_only.py
[2025-01-23T15:05:50.308+0000] {logging_mixin.py:190} INFO - [2025-01-23T15:05:50.308+0000] {dag.py:3239} INFO - Sync 1 DAGs
[2025-01-23T15:05:50.345+0000] {logging_mixin.py:190} INFO - [2025-01-23T15:05:50.344+0000] {dag.py:4180} INFO - Setting next_dagrun for latest_only to 2025-01-23 08:00:00+00:00, run_after=2025-01-23 12:00:00+00:00
[2025-01-23T15:05:50.378+0000] {processor.py:208} INFO - Processing /home/airflow/.local/lib/python3.12/site-packages/airflow/example_dags/example_latest_only.py took 0.128 seconds
[2025-01-23T15:06:20.997+0000] {processor.py:186} INFO - Started process (PID=9653) to work on /home/airflow/.local/lib/python3.12/site-packages/airflow/example_dags/example_latest_only.py
[2025-01-23T15:06:20.999+0000] {processor.py:914} INFO - Processing file /home/airflow/.local/lib/python3.12/site-packages/airflow/example_dags/example_latest_only.py for tasks to queue
[2025-01-23T15:06:21.003+0000] {logging_mixin.py:190} INFO - [2025-01-23T15:06:21.003+0000] {dagbag.py:588} INFO - Filling up the DagBag from /home/airflow/.local/lib/python3.12/site-packages/airflow/example_dags/example_latest_only.py
[2025-01-23T15:06:21.016+0000] {processor.py:925} INFO - DAG(s) 'latest_only' retrieved from /home/airflow/.local/lib/python3.12/site-packages/airflow/example_dags/example_latest_only.py
[2025-01-23T15:06:21.045+0000] {logging_mixin.py:190} INFO - [2025-01-23T15:06:21.044+0000] {dag.py:3239} INFO - Sync 1 DAGs
[2025-01-23T15:06:21.079+0000] {logging_mixin.py:190} INFO - [2025-01-23T15:06:21.079+0000] {dag.py:4180} INFO - Setting next_dagrun for latest_only to 2025-01-23 08:00:00+00:00, run_after=2025-01-23 12:00:00+00:00
[2025-01-23T15:06:21.113+0000] {processor.py:208} INFO - Processing /home/airflow/.local/lib/python3.12/site-packages/airflow/example_dags/example_latest_only.py took 0.124 seconds
[2025-01-23T15:06:51.729+0000] {processor.py:186} INFO - Started process (PID=9949) to work on /home/airflow/.local/lib/python3.12/site-packages/airflow/example_dags/example_latest_only.py
[2025-01-23T15:06:51.730+0000] {processor.py:914} INFO - Processing file /home/airflow/.local/lib/python3.12/site-packages/airflow/example_dags/example_latest_only.py for tasks to queue
[2025-01-23T15:06:51.734+0000] {logging_mixin.py:190} INFO - [2025-01-23T15:06:51.734+0000] {dagbag.py:588} INFO - Filling up the DagBag from /home/airflow/.local/lib/python3.12/site-packages/airflow/example_dags/example_latest_only.py
[2025-01-23T15:06:51.746+0000] {processor.py:925} INFO - DAG(s) 'latest_only' retrieved from /home/airflow/.local/lib/python3.12/site-packages/airflow/example_dags/example_latest_only.py
[2025-01-23T15:06:51.784+0000] {logging_mixin.py:190} INFO - [2025-01-23T15:06:51.783+0000] {dag.py:3239} INFO - Sync 1 DAGs
[2025-01-23T15:06:51.821+0000] {logging_mixin.py:190} INFO - [2025-01-23T15:06:51.820+0000] {dag.py:4180} INFO - Setting next_dagrun for latest_only to 2025-01-23 08:00:00+00:00, run_after=2025-01-23 12:00:00+00:00
[2025-01-23T15:06:51.860+0000] {processor.py:208} INFO - Processing /home/airflow/.local/lib/python3.12/site-packages/airflow/example_dags/example_latest_only.py took 0.144 seconds
[2025-01-23T15:07:22.695+0000] {processor.py:186} INFO - Started process (PID=10245) to work on /home/airflow/.local/lib/python3.12/site-packages/airflow/example_dags/example_latest_only.py
[2025-01-23T15:07:22.697+0000] {processor.py:914} INFO - Processing file /home/airflow/.local/lib/python3.12/site-packages/airflow/example_dags/example_latest_only.py for tasks to queue
[2025-01-23T15:07:22.700+0000] {logging_mixin.py:190} INFO - [2025-01-23T15:07:22.700+0000] {dagbag.py:588} INFO - Filling up the DagBag from /home/airflow/.local/lib/python3.12/site-packages/airflow/example_dags/example_latest_only.py
[2025-01-23T15:07:22.708+0000] {processor.py:925} INFO - DAG(s) 'latest_only' retrieved from /home/airflow/.local/lib/python3.12/site-packages/airflow/example_dags/example_latest_only.py
[2025-01-23T15:07:22.738+0000] {logging_mixin.py:190} INFO - [2025-01-23T15:07:22.738+0000] {dag.py:3239} INFO - Sync 1 DAGs
[2025-01-23T15:07:22.776+0000] {logging_mixin.py:190} INFO - [2025-01-23T15:07:22.776+0000] {dag.py:4180} INFO - Setting next_dagrun for latest_only to 2025-01-23 08:00:00+00:00, run_after=2025-01-23 12:00:00+00:00
[2025-01-23T15:07:22.804+0000] {processor.py:208} INFO - Processing /home/airflow/.local/lib/python3.12/site-packages/airflow/example_dags/example_latest_only.py took 0.117 seconds
[2025-01-23T15:07:53.476+0000] {processor.py:186} INFO - Started process (PID=10541) to work on /home/airflow/.local/lib/python3.12/site-packages/airflow/example_dags/example_latest_only.py
[2025-01-23T15:07:53.478+0000] {processor.py:914} INFO - Processing file /home/airflow/.local/lib/python3.12/site-packages/airflow/example_dags/example_latest_only.py for tasks to queue
[2025-01-23T15:07:53.483+0000] {logging_mixin.py:190} INFO - [2025-01-23T15:07:53.482+0000] {dagbag.py:588} INFO - Filling up the DagBag from /home/airflow/.local/lib/python3.12/site-packages/airflow/example_dags/example_latest_only.py
[2025-01-23T15:07:53.495+0000] {processor.py:925} INFO - DAG(s) 'latest_only' retrieved from /home/airflow/.local/lib/python3.12/site-packages/airflow/example_dags/example_latest_only.py
[2025-01-23T15:07:53.532+0000] {logging_mixin.py:190} INFO - [2025-01-23T15:07:53.532+0000] {dag.py:3239} INFO - Sync 1 DAGs
[2025-01-23T15:07:53.578+0000] {logging_mixin.py:190} INFO - [2025-01-23T15:07:53.577+0000] {dag.py:4180} INFO - Setting next_dagrun for latest_only to 2025-01-23 08:00:00+00:00, run_after=2025-01-23 12:00:00+00:00
[2025-01-23T15:07:53.616+0000] {processor.py:208} INFO - Processing /home/airflow/.local/lib/python3.12/site-packages/airflow/example_dags/example_latest_only.py took 0.151 seconds
