[2025-01-23T14:50:04.778+0000] {processor.py:186} INFO - Started process (PID=207) to work on /home/airflow/.local/lib/python3.12/site-packages/airflow/example_dags/example_branch_python_dop_operator_3.py
[2025-01-23T14:50:04.779+0000] {processor.py:914} INFO - Processing file /home/airflow/.local/lib/python3.12/site-packages/airflow/example_dags/example_branch_python_dop_operator_3.py for tasks to queue
[2025-01-23T14:50:04.782+0000] {logging_mixin.py:190} INFO - [2025-01-23T14:50:04.781+0000] {dagbag.py:588} INFO - Filling up the DagBag from /home/airflow/.local/lib/python3.12/site-packages/airflow/example_dags/example_branch_python_dop_operator_3.py
[2025-01-23T14:50:04.792+0000] {processor.py:925} INFO - DAG(s) 'example_branch_dop_operator_v3' retrieved from /home/airflow/.local/lib/python3.12/site-packages/airflow/example_dags/example_branch_python_dop_operator_3.py
[2025-01-23T14:50:04.840+0000] {logging_mixin.py:190} INFO - [2025-01-23T14:50:04.840+0000] {dag.py:3239} INFO - Sync 1 DAGs
[2025-01-23T14:50:04.873+0000] {logging_mixin.py:190} INFO - [2025-01-23T14:50:04.873+0000] {dag.py:4180} INFO - Setting next_dagrun for example_branch_dop_operator_v3 to 2025-01-23 14:49:00+00:00, run_after=2025-01-23 14:50:00+00:00
[2025-01-23T14:50:04.891+0000] {processor.py:208} INFO - Processing /home/airflow/.local/lib/python3.12/site-packages/airflow/example_dags/example_branch_python_dop_operator_3.py took 0.118 seconds
[2025-01-23T14:50:35.047+0000] {processor.py:186} INFO - Started process (PID=498) to work on /home/airflow/.local/lib/python3.12/site-packages/airflow/example_dags/example_branch_python_dop_operator_3.py
[2025-01-23T14:50:35.048+0000] {processor.py:914} INFO - Processing file /home/airflow/.local/lib/python3.12/site-packages/airflow/example_dags/example_branch_python_dop_operator_3.py for tasks to queue
[2025-01-23T14:50:35.050+0000] {logging_mixin.py:190} INFO - [2025-01-23T14:50:35.050+0000] {dagbag.py:588} INFO - Filling up the DagBag from /home/airflow/.local/lib/python3.12/site-packages/airflow/example_dags/example_branch_python_dop_operator_3.py
[2025-01-23T14:50:35.063+0000] {processor.py:925} INFO - DAG(s) 'example_branch_dop_operator_v3' retrieved from /home/airflow/.local/lib/python3.12/site-packages/airflow/example_dags/example_branch_python_dop_operator_3.py
[2025-01-23T14:50:35.109+0000] {logging_mixin.py:190} INFO - [2025-01-23T14:50:35.109+0000] {dag.py:3239} INFO - Sync 1 DAGs
[2025-01-23T14:50:35.170+0000] {logging_mixin.py:190} INFO - [2025-01-23T14:50:35.169+0000] {dag.py:4180} INFO - Setting next_dagrun for example_branch_dop_operator_v3 to 2025-01-23 14:49:00+00:00, run_after=2025-01-23 14:50:00+00:00
[2025-01-23T14:50:35.187+0000] {processor.py:208} INFO - Processing /home/airflow/.local/lib/python3.12/site-packages/airflow/example_dags/example_branch_python_dop_operator_3.py took 0.146 seconds
[2025-01-23T14:51:05.523+0000] {processor.py:186} INFO - Started process (PID=796) to work on /home/airflow/.local/lib/python3.12/site-packages/airflow/example_dags/example_branch_python_dop_operator_3.py
[2025-01-23T14:51:05.524+0000] {processor.py:914} INFO - Processing file /home/airflow/.local/lib/python3.12/site-packages/airflow/example_dags/example_branch_python_dop_operator_3.py for tasks to queue
[2025-01-23T14:51:05.526+0000] {logging_mixin.py:190} INFO - [2025-01-23T14:51:05.526+0000] {dagbag.py:588} INFO - Filling up the DagBag from /home/airflow/.local/lib/python3.12/site-packages/airflow/example_dags/example_branch_python_dop_operator_3.py
[2025-01-23T14:51:05.535+0000] {processor.py:925} INFO - DAG(s) 'example_branch_dop_operator_v3' retrieved from /home/airflow/.local/lib/python3.12/site-packages/airflow/example_dags/example_branch_python_dop_operator_3.py
[2025-01-23T14:51:05.554+0000] {logging_mixin.py:190} INFO - [2025-01-23T14:51:05.554+0000] {dag.py:3239} INFO - Sync 1 DAGs
[2025-01-23T14:51:05.578+0000] {logging_mixin.py:190} INFO - [2025-01-23T14:51:05.577+0000] {dag.py:4180} INFO - Setting next_dagrun for example_branch_dop_operator_v3 to 2025-01-23 14:50:00+00:00, run_after=2025-01-23 14:51:00+00:00
[2025-01-23T14:51:05.597+0000] {processor.py:208} INFO - Processing /home/airflow/.local/lib/python3.12/site-packages/airflow/example_dags/example_branch_python_dop_operator_3.py took 0.080 seconds
[2025-01-23T14:51:36.030+0000] {processor.py:186} INFO - Started process (PID=1091) to work on /home/airflow/.local/lib/python3.12/site-packages/airflow/example_dags/example_branch_python_dop_operator_3.py
[2025-01-23T14:51:36.031+0000] {processor.py:914} INFO - Processing file /home/airflow/.local/lib/python3.12/site-packages/airflow/example_dags/example_branch_python_dop_operator_3.py for tasks to queue
[2025-01-23T14:51:36.033+0000] {logging_mixin.py:190} INFO - [2025-01-23T14:51:36.033+0000] {dagbag.py:588} INFO - Filling up the DagBag from /home/airflow/.local/lib/python3.12/site-packages/airflow/example_dags/example_branch_python_dop_operator_3.py
[2025-01-23T14:51:36.041+0000] {processor.py:925} INFO - DAG(s) 'example_branch_dop_operator_v3' retrieved from /home/airflow/.local/lib/python3.12/site-packages/airflow/example_dags/example_branch_python_dop_operator_3.py
[2025-01-23T14:51:36.058+0000] {logging_mixin.py:190} INFO - [2025-01-23T14:51:36.058+0000] {dag.py:3239} INFO - Sync 1 DAGs
[2025-01-23T14:51:36.080+0000] {logging_mixin.py:190} INFO - [2025-01-23T14:51:36.080+0000] {dag.py:4180} INFO - Setting next_dagrun for example_branch_dop_operator_v3 to 2025-01-23 14:50:00+00:00, run_after=2025-01-23 14:51:00+00:00
[2025-01-23T14:51:36.096+0000] {processor.py:208} INFO - Processing /home/airflow/.local/lib/python3.12/site-packages/airflow/example_dags/example_branch_python_dop_operator_3.py took 0.071 seconds
[2025-01-23T14:52:06.226+0000] {processor.py:186} INFO - Started process (PID=1388) to work on /home/airflow/.local/lib/python3.12/site-packages/airflow/example_dags/example_branch_python_dop_operator_3.py
[2025-01-23T14:52:06.227+0000] {processor.py:914} INFO - Processing file /home/airflow/.local/lib/python3.12/site-packages/airflow/example_dags/example_branch_python_dop_operator_3.py for tasks to queue
[2025-01-23T14:52:06.229+0000] {logging_mixin.py:190} INFO - [2025-01-23T14:52:06.229+0000] {dagbag.py:588} INFO - Filling up the DagBag from /home/airflow/.local/lib/python3.12/site-packages/airflow/example_dags/example_branch_python_dop_operator_3.py
[2025-01-23T14:52:06.238+0000] {processor.py:925} INFO - DAG(s) 'example_branch_dop_operator_v3' retrieved from /home/airflow/.local/lib/python3.12/site-packages/airflow/example_dags/example_branch_python_dop_operator_3.py
[2025-01-23T14:52:06.257+0000] {logging_mixin.py:190} INFO - [2025-01-23T14:52:06.257+0000] {dag.py:3239} INFO - Sync 1 DAGs
[2025-01-23T14:52:06.280+0000] {logging_mixin.py:190} INFO - [2025-01-23T14:52:06.279+0000] {dag.py:4180} INFO - Setting next_dagrun for example_branch_dop_operator_v3 to 2025-01-23 14:51:00+00:00, run_after=2025-01-23 14:52:00+00:00
[2025-01-23T14:52:06.296+0000] {processor.py:208} INFO - Processing /home/airflow/.local/lib/python3.12/site-packages/airflow/example_dags/example_branch_python_dop_operator_3.py took 0.076 seconds
[2025-01-23T14:52:36.557+0000] {processor.py:186} INFO - Started process (PID=1682) to work on /home/airflow/.local/lib/python3.12/site-packages/airflow/example_dags/example_branch_python_dop_operator_3.py
[2025-01-23T14:52:36.558+0000] {processor.py:914} INFO - Processing file /home/airflow/.local/lib/python3.12/site-packages/airflow/example_dags/example_branch_python_dop_operator_3.py for tasks to queue
[2025-01-23T14:52:36.560+0000] {logging_mixin.py:190} INFO - [2025-01-23T14:52:36.560+0000] {dagbag.py:588} INFO - Filling up the DagBag from /home/airflow/.local/lib/python3.12/site-packages/airflow/example_dags/example_branch_python_dop_operator_3.py
[2025-01-23T14:52:36.570+0000] {processor.py:925} INFO - DAG(s) 'example_branch_dop_operator_v3' retrieved from /home/airflow/.local/lib/python3.12/site-packages/airflow/example_dags/example_branch_python_dop_operator_3.py
[2025-01-23T14:52:36.590+0000] {logging_mixin.py:190} INFO - [2025-01-23T14:52:36.589+0000] {dag.py:3239} INFO - Sync 1 DAGs
[2025-01-23T14:52:36.614+0000] {logging_mixin.py:190} INFO - [2025-01-23T14:52:36.614+0000] {dag.py:4180} INFO - Setting next_dagrun for example_branch_dop_operator_v3 to 2025-01-23 14:51:00+00:00, run_after=2025-01-23 14:52:00+00:00
[2025-01-23T14:52:36.632+0000] {processor.py:208} INFO - Processing /home/airflow/.local/lib/python3.12/site-packages/airflow/example_dags/example_branch_python_dop_operator_3.py took 0.081 seconds
[2025-01-23T14:53:07.239+0000] {processor.py:186} INFO - Started process (PID=1980) to work on /home/airflow/.local/lib/python3.12/site-packages/airflow/example_dags/example_branch_python_dop_operator_3.py
[2025-01-23T14:53:07.240+0000] {processor.py:914} INFO - Processing file /home/airflow/.local/lib/python3.12/site-packages/airflow/example_dags/example_branch_python_dop_operator_3.py for tasks to queue
[2025-01-23T14:53:07.242+0000] {logging_mixin.py:190} INFO - [2025-01-23T14:53:07.242+0000] {dagbag.py:588} INFO - Filling up the DagBag from /home/airflow/.local/lib/python3.12/site-packages/airflow/example_dags/example_branch_python_dop_operator_3.py
[2025-01-23T14:53:07.253+0000] {processor.py:925} INFO - DAG(s) 'example_branch_dop_operator_v3' retrieved from /home/airflow/.local/lib/python3.12/site-packages/airflow/example_dags/example_branch_python_dop_operator_3.py
[2025-01-23T14:53:07.277+0000] {logging_mixin.py:190} INFO - [2025-01-23T14:53:07.277+0000] {dag.py:3239} INFO - Sync 1 DAGs
[2025-01-23T14:53:07.302+0000] {logging_mixin.py:190} INFO - [2025-01-23T14:53:07.302+0000] {dag.py:4180} INFO - Setting next_dagrun for example_branch_dop_operator_v3 to 2025-01-23 14:52:00+00:00, run_after=2025-01-23 14:53:00+00:00
[2025-01-23T14:53:07.319+0000] {processor.py:208} INFO - Processing /home/airflow/.local/lib/python3.12/site-packages/airflow/example_dags/example_branch_python_dop_operator_3.py took 0.086 seconds
[2025-01-23T14:53:38.156+0000] {processor.py:186} INFO - Started process (PID=2276) to work on /home/airflow/.local/lib/python3.12/site-packages/airflow/example_dags/example_branch_python_dop_operator_3.py
[2025-01-23T14:53:38.157+0000] {processor.py:914} INFO - Processing file /home/airflow/.local/lib/python3.12/site-packages/airflow/example_dags/example_branch_python_dop_operator_3.py for tasks to queue
[2025-01-23T14:53:38.159+0000] {logging_mixin.py:190} INFO - [2025-01-23T14:53:38.159+0000] {dagbag.py:588} INFO - Filling up the DagBag from /home/airflow/.local/lib/python3.12/site-packages/airflow/example_dags/example_branch_python_dop_operator_3.py
[2025-01-23T14:53:38.168+0000] {processor.py:925} INFO - DAG(s) 'example_branch_dop_operator_v3' retrieved from /home/airflow/.local/lib/python3.12/site-packages/airflow/example_dags/example_branch_python_dop_operator_3.py
[2025-01-23T14:53:38.186+0000] {logging_mixin.py:190} INFO - [2025-01-23T14:53:38.186+0000] {dag.py:3239} INFO - Sync 1 DAGs
[2025-01-23T14:53:38.209+0000] {logging_mixin.py:190} INFO - [2025-01-23T14:53:38.209+0000] {dag.py:4180} INFO - Setting next_dagrun for example_branch_dop_operator_v3 to 2025-01-23 14:52:00+00:00, run_after=2025-01-23 14:53:00+00:00
[2025-01-23T14:53:38.226+0000] {processor.py:208} INFO - Processing /home/airflow/.local/lib/python3.12/site-packages/airflow/example_dags/example_branch_python_dop_operator_3.py took 0.076 seconds
[2025-01-23T14:54:08.458+0000] {processor.py:186} INFO - Started process (PID=2570) to work on /home/airflow/.local/lib/python3.12/site-packages/airflow/example_dags/example_branch_python_dop_operator_3.py
[2025-01-23T14:54:08.459+0000] {processor.py:914} INFO - Processing file /home/airflow/.local/lib/python3.12/site-packages/airflow/example_dags/example_branch_python_dop_operator_3.py for tasks to queue
[2025-01-23T14:54:08.461+0000] {logging_mixin.py:190} INFO - [2025-01-23T14:54:08.461+0000] {dagbag.py:588} INFO - Filling up the DagBag from /home/airflow/.local/lib/python3.12/site-packages/airflow/example_dags/example_branch_python_dop_operator_3.py
[2025-01-23T14:54:08.471+0000] {processor.py:925} INFO - DAG(s) 'example_branch_dop_operator_v3' retrieved from /home/airflow/.local/lib/python3.12/site-packages/airflow/example_dags/example_branch_python_dop_operator_3.py
[2025-01-23T14:54:08.489+0000] {logging_mixin.py:190} INFO - [2025-01-23T14:54:08.489+0000] {dag.py:3239} INFO - Sync 1 DAGs
[2025-01-23T14:54:08.514+0000] {logging_mixin.py:190} INFO - [2025-01-23T14:54:08.514+0000] {dag.py:4180} INFO - Setting next_dagrun for example_branch_dop_operator_v3 to 2025-01-23 14:53:00+00:00, run_after=2025-01-23 14:54:00+00:00
[2025-01-23T14:54:08.533+0000] {processor.py:208} INFO - Processing /home/airflow/.local/lib/python3.12/site-packages/airflow/example_dags/example_branch_python_dop_operator_3.py took 0.081 seconds
[2025-01-23T14:54:38.950+0000] {processor.py:186} INFO - Started process (PID=2868) to work on /home/airflow/.local/lib/python3.12/site-packages/airflow/example_dags/example_branch_python_dop_operator_3.py
[2025-01-23T14:54:38.951+0000] {processor.py:914} INFO - Processing file /home/airflow/.local/lib/python3.12/site-packages/airflow/example_dags/example_branch_python_dop_operator_3.py for tasks to queue
[2025-01-23T14:54:38.953+0000] {logging_mixin.py:190} INFO - [2025-01-23T14:54:38.952+0000] {dagbag.py:588} INFO - Filling up the DagBag from /home/airflow/.local/lib/python3.12/site-packages/airflow/example_dags/example_branch_python_dop_operator_3.py
[2025-01-23T14:54:38.961+0000] {processor.py:925} INFO - DAG(s) 'example_branch_dop_operator_v3' retrieved from /home/airflow/.local/lib/python3.12/site-packages/airflow/example_dags/example_branch_python_dop_operator_3.py
[2025-01-23T14:54:38.979+0000] {logging_mixin.py:190} INFO - [2025-01-23T14:54:38.979+0000] {dag.py:3239} INFO - Sync 1 DAGs
[2025-01-23T14:54:39.001+0000] {logging_mixin.py:190} INFO - [2025-01-23T14:54:39.001+0000] {dag.py:4180} INFO - Setting next_dagrun for example_branch_dop_operator_v3 to 2025-01-23 14:53:00+00:00, run_after=2025-01-23 14:54:00+00:00
[2025-01-23T14:54:39.017+0000] {processor.py:208} INFO - Processing /home/airflow/.local/lib/python3.12/site-packages/airflow/example_dags/example_branch_python_dop_operator_3.py took 0.073 seconds
[2025-01-23T14:55:09.254+0000] {processor.py:186} INFO - Started process (PID=3164) to work on /home/airflow/.local/lib/python3.12/site-packages/airflow/example_dags/example_branch_python_dop_operator_3.py
[2025-01-23T14:55:09.255+0000] {processor.py:914} INFO - Processing file /home/airflow/.local/lib/python3.12/site-packages/airflow/example_dags/example_branch_python_dop_operator_3.py for tasks to queue
[2025-01-23T14:55:09.257+0000] {logging_mixin.py:190} INFO - [2025-01-23T14:55:09.257+0000] {dagbag.py:588} INFO - Filling up the DagBag from /home/airflow/.local/lib/python3.12/site-packages/airflow/example_dags/example_branch_python_dop_operator_3.py
[2025-01-23T14:55:09.267+0000] {processor.py:925} INFO - DAG(s) 'example_branch_dop_operator_v3' retrieved from /home/airflow/.local/lib/python3.12/site-packages/airflow/example_dags/example_branch_python_dop_operator_3.py
[2025-01-23T14:55:09.284+0000] {logging_mixin.py:190} INFO - [2025-01-23T14:55:09.284+0000] {dag.py:3239} INFO - Sync 1 DAGs
[2025-01-23T14:55:09.305+0000] {logging_mixin.py:190} INFO - [2025-01-23T14:55:09.305+0000] {dag.py:4180} INFO - Setting next_dagrun for example_branch_dop_operator_v3 to 2025-01-23 14:54:00+00:00, run_after=2025-01-23 14:55:00+00:00
[2025-01-23T14:55:09.323+0000] {processor.py:208} INFO - Processing /home/airflow/.local/lib/python3.12/site-packages/airflow/example_dags/example_branch_python_dop_operator_3.py took 0.074 seconds
[2025-01-23T14:55:39.410+0000] {processor.py:186} INFO - Started process (PID=3460) to work on /home/airflow/.local/lib/python3.12/site-packages/airflow/example_dags/example_branch_python_dop_operator_3.py
[2025-01-23T14:55:39.411+0000] {processor.py:914} INFO - Processing file /home/airflow/.local/lib/python3.12/site-packages/airflow/example_dags/example_branch_python_dop_operator_3.py for tasks to queue
[2025-01-23T14:55:39.413+0000] {logging_mixin.py:190} INFO - [2025-01-23T14:55:39.413+0000] {dagbag.py:588} INFO - Filling up the DagBag from /home/airflow/.local/lib/python3.12/site-packages/airflow/example_dags/example_branch_python_dop_operator_3.py
[2025-01-23T14:55:39.422+0000] {processor.py:925} INFO - DAG(s) 'example_branch_dop_operator_v3' retrieved from /home/airflow/.local/lib/python3.12/site-packages/airflow/example_dags/example_branch_python_dop_operator_3.py
[2025-01-23T14:55:39.439+0000] {logging_mixin.py:190} INFO - [2025-01-23T14:55:39.438+0000] {dag.py:3239} INFO - Sync 1 DAGs
[2025-01-23T14:55:39.461+0000] {logging_mixin.py:190} INFO - [2025-01-23T14:55:39.461+0000] {dag.py:4180} INFO - Setting next_dagrun for example_branch_dop_operator_v3 to 2025-01-23 14:54:00+00:00, run_after=2025-01-23 14:55:00+00:00
[2025-01-23T14:55:39.476+0000] {processor.py:208} INFO - Processing /home/airflow/.local/lib/python3.12/site-packages/airflow/example_dags/example_branch_python_dop_operator_3.py took 0.071 seconds
[2025-01-23T14:56:10.060+0000] {processor.py:186} INFO - Started process (PID=3756) to work on /home/airflow/.local/lib/python3.12/site-packages/airflow/example_dags/example_branch_python_dop_operator_3.py
[2025-01-23T14:56:10.066+0000] {processor.py:914} INFO - Processing file /home/airflow/.local/lib/python3.12/site-packages/airflow/example_dags/example_branch_python_dop_operator_3.py for tasks to queue
[2025-01-23T14:56:10.071+0000] {logging_mixin.py:190} INFO - [2025-01-23T14:56:10.070+0000] {dagbag.py:588} INFO - Filling up the DagBag from /home/airflow/.local/lib/python3.12/site-packages/airflow/example_dags/example_branch_python_dop_operator_3.py
[2025-01-23T14:56:10.085+0000] {processor.py:925} INFO - DAG(s) 'example_branch_dop_operator_v3' retrieved from /home/airflow/.local/lib/python3.12/site-packages/airflow/example_dags/example_branch_python_dop_operator_3.py
[2025-01-23T14:56:10.114+0000] {logging_mixin.py:190} INFO - [2025-01-23T14:56:10.113+0000] {dag.py:3239} INFO - Sync 1 DAGs
[2025-01-23T14:56:10.143+0000] {logging_mixin.py:190} INFO - [2025-01-23T14:56:10.143+0000] {dag.py:4180} INFO - Setting next_dagrun for example_branch_dop_operator_v3 to 2025-01-23 14:55:00+00:00, run_after=2025-01-23 14:56:00+00:00
[2025-01-23T14:56:10.177+0000] {processor.py:208} INFO - Processing /home/airflow/.local/lib/python3.12/site-packages/airflow/example_dags/example_branch_python_dop_operator_3.py took 0.130 seconds
[2025-01-23T14:56:40.943+0000] {processor.py:186} INFO - Started process (PID=4052) to work on /home/airflow/.local/lib/python3.12/site-packages/airflow/example_dags/example_branch_python_dop_operator_3.py
[2025-01-23T14:56:40.945+0000] {processor.py:914} INFO - Processing file /home/airflow/.local/lib/python3.12/site-packages/airflow/example_dags/example_branch_python_dop_operator_3.py for tasks to queue
[2025-01-23T14:56:40.947+0000] {logging_mixin.py:190} INFO - [2025-01-23T14:56:40.947+0000] {dagbag.py:588} INFO - Filling up the DagBag from /home/airflow/.local/lib/python3.12/site-packages/airflow/example_dags/example_branch_python_dop_operator_3.py
[2025-01-23T14:56:40.962+0000] {processor.py:925} INFO - DAG(s) 'example_branch_dop_operator_v3' retrieved from /home/airflow/.local/lib/python3.12/site-packages/airflow/example_dags/example_branch_python_dop_operator_3.py
[2025-01-23T14:56:40.988+0000] {logging_mixin.py:190} INFO - [2025-01-23T14:56:40.988+0000] {dag.py:3239} INFO - Sync 1 DAGs
[2025-01-23T14:56:41.023+0000] {logging_mixin.py:190} INFO - [2025-01-23T14:56:41.023+0000] {dag.py:4180} INFO - Setting next_dagrun for example_branch_dop_operator_v3 to 2025-01-23 14:55:00+00:00, run_after=2025-01-23 14:56:00+00:00
[2025-01-23T14:56:41.045+0000] {processor.py:208} INFO - Processing /home/airflow/.local/lib/python3.12/site-packages/airflow/example_dags/example_branch_python_dop_operator_3.py took 0.109 seconds
[2025-01-23T14:57:11.273+0000] {processor.py:186} INFO - Started process (PID=4346) to work on /home/airflow/.local/lib/python3.12/site-packages/airflow/example_dags/example_branch_python_dop_operator_3.py
[2025-01-23T14:57:11.274+0000] {processor.py:914} INFO - Processing file /home/airflow/.local/lib/python3.12/site-packages/airflow/example_dags/example_branch_python_dop_operator_3.py for tasks to queue
[2025-01-23T14:57:11.277+0000] {logging_mixin.py:190} INFO - [2025-01-23T14:57:11.276+0000] {dagbag.py:588} INFO - Filling up the DagBag from /home/airflow/.local/lib/python3.12/site-packages/airflow/example_dags/example_branch_python_dop_operator_3.py
[2025-01-23T14:57:11.290+0000] {processor.py:925} INFO - DAG(s) 'example_branch_dop_operator_v3' retrieved from /home/airflow/.local/lib/python3.12/site-packages/airflow/example_dags/example_branch_python_dop_operator_3.py
[2025-01-23T14:57:11.317+0000] {logging_mixin.py:190} INFO - [2025-01-23T14:57:11.317+0000] {dag.py:3239} INFO - Sync 1 DAGs
[2025-01-23T14:57:11.354+0000] {logging_mixin.py:190} INFO - [2025-01-23T14:57:11.354+0000] {dag.py:4180} INFO - Setting next_dagrun for example_branch_dop_operator_v3 to 2025-01-23 14:56:00+00:00, run_after=2025-01-23 14:57:00+00:00
[2025-01-23T14:57:11.378+0000] {processor.py:208} INFO - Processing /home/airflow/.local/lib/python3.12/site-packages/airflow/example_dags/example_branch_python_dop_operator_3.py took 0.113 seconds
[2025-01-23T14:57:41.565+0000] {processor.py:186} INFO - Started process (PID=4642) to work on /home/airflow/.local/lib/python3.12/site-packages/airflow/example_dags/example_branch_python_dop_operator_3.py
[2025-01-23T14:57:41.566+0000] {processor.py:914} INFO - Processing file /home/airflow/.local/lib/python3.12/site-packages/airflow/example_dags/example_branch_python_dop_operator_3.py for tasks to queue
[2025-01-23T14:57:41.570+0000] {logging_mixin.py:190} INFO - [2025-01-23T14:57:41.569+0000] {dagbag.py:588} INFO - Filling up the DagBag from /home/airflow/.local/lib/python3.12/site-packages/airflow/example_dags/example_branch_python_dop_operator_3.py
[2025-01-23T14:57:41.586+0000] {processor.py:925} INFO - DAG(s) 'example_branch_dop_operator_v3' retrieved from /home/airflow/.local/lib/python3.12/site-packages/airflow/example_dags/example_branch_python_dop_operator_3.py
[2025-01-23T14:57:41.616+0000] {logging_mixin.py:190} INFO - [2025-01-23T14:57:41.615+0000] {dag.py:3239} INFO - Sync 1 DAGs
[2025-01-23T14:57:41.653+0000] {logging_mixin.py:190} INFO - [2025-01-23T14:57:41.653+0000] {dag.py:4180} INFO - Setting next_dagrun for example_branch_dop_operator_v3 to 2025-01-23 14:56:00+00:00, run_after=2025-01-23 14:57:00+00:00
[2025-01-23T14:57:41.678+0000] {processor.py:208} INFO - Processing /home/airflow/.local/lib/python3.12/site-packages/airflow/example_dags/example_branch_python_dop_operator_3.py took 0.122 seconds
[2025-01-23T14:58:11.953+0000] {processor.py:186} INFO - Started process (PID=4938) to work on /home/airflow/.local/lib/python3.12/site-packages/airflow/example_dags/example_branch_python_dop_operator_3.py
[2025-01-23T14:58:11.955+0000] {processor.py:914} INFO - Processing file /home/airflow/.local/lib/python3.12/site-packages/airflow/example_dags/example_branch_python_dop_operator_3.py for tasks to queue
[2025-01-23T14:58:11.959+0000] {logging_mixin.py:190} INFO - [2025-01-23T14:58:11.958+0000] {dagbag.py:588} INFO - Filling up the DagBag from /home/airflow/.local/lib/python3.12/site-packages/airflow/example_dags/example_branch_python_dop_operator_3.py
[2025-01-23T14:58:11.973+0000] {processor.py:925} INFO - DAG(s) 'example_branch_dop_operator_v3' retrieved from /home/airflow/.local/lib/python3.12/site-packages/airflow/example_dags/example_branch_python_dop_operator_3.py
[2025-01-23T14:58:12.001+0000] {logging_mixin.py:190} INFO - [2025-01-23T14:58:12.001+0000] {dag.py:3239} INFO - Sync 1 DAGs
[2025-01-23T14:58:12.034+0000] {logging_mixin.py:190} INFO - [2025-01-23T14:58:12.034+0000] {dag.py:4180} INFO - Setting next_dagrun for example_branch_dop_operator_v3 to 2025-01-23 14:57:00+00:00, run_after=2025-01-23 14:58:00+00:00
[2025-01-23T14:58:12.061+0000] {processor.py:208} INFO - Processing /home/airflow/.local/lib/python3.12/site-packages/airflow/example_dags/example_branch_python_dop_operator_3.py took 0.116 seconds
[2025-01-23T14:58:42.932+0000] {processor.py:186} INFO - Started process (PID=5234) to work on /home/airflow/.local/lib/python3.12/site-packages/airflow/example_dags/example_branch_python_dop_operator_3.py
[2025-01-23T14:58:42.934+0000] {processor.py:914} INFO - Processing file /home/airflow/.local/lib/python3.12/site-packages/airflow/example_dags/example_branch_python_dop_operator_3.py for tasks to queue
[2025-01-23T14:58:42.938+0000] {logging_mixin.py:190} INFO - [2025-01-23T14:58:42.937+0000] {dagbag.py:588} INFO - Filling up the DagBag from /home/airflow/.local/lib/python3.12/site-packages/airflow/example_dags/example_branch_python_dop_operator_3.py
[2025-01-23T14:58:42.956+0000] {processor.py:925} INFO - DAG(s) 'example_branch_dop_operator_v3' retrieved from /home/airflow/.local/lib/python3.12/site-packages/airflow/example_dags/example_branch_python_dop_operator_3.py
[2025-01-23T14:58:42.987+0000] {logging_mixin.py:190} INFO - [2025-01-23T14:58:42.986+0000] {dag.py:3239} INFO - Sync 1 DAGs
[2025-01-23T14:58:43.022+0000] {logging_mixin.py:190} INFO - [2025-01-23T14:58:43.021+0000] {dag.py:4180} INFO - Setting next_dagrun for example_branch_dop_operator_v3 to 2025-01-23 14:57:00+00:00, run_after=2025-01-23 14:58:00+00:00
[2025-01-23T14:58:43.044+0000] {processor.py:208} INFO - Processing /home/airflow/.local/lib/python3.12/site-packages/airflow/example_dags/example_branch_python_dop_operator_3.py took 0.122 seconds
[2025-01-23T14:59:13.802+0000] {processor.py:186} INFO - Started process (PID=5532) to work on /home/airflow/.local/lib/python3.12/site-packages/airflow/example_dags/example_branch_python_dop_operator_3.py
[2025-01-23T14:59:13.804+0000] {processor.py:914} INFO - Processing file /home/airflow/.local/lib/python3.12/site-packages/airflow/example_dags/example_branch_python_dop_operator_3.py for tasks to queue
[2025-01-23T14:59:13.806+0000] {logging_mixin.py:190} INFO - [2025-01-23T14:59:13.806+0000] {dagbag.py:588} INFO - Filling up the DagBag from /home/airflow/.local/lib/python3.12/site-packages/airflow/example_dags/example_branch_python_dop_operator_3.py
[2025-01-23T14:59:13.821+0000] {processor.py:925} INFO - DAG(s) 'example_branch_dop_operator_v3' retrieved from /home/airflow/.local/lib/python3.12/site-packages/airflow/example_dags/example_branch_python_dop_operator_3.py
[2025-01-23T14:59:13.847+0000] {logging_mixin.py:190} INFO - [2025-01-23T14:59:13.847+0000] {dag.py:3239} INFO - Sync 1 DAGs
[2025-01-23T14:59:13.882+0000] {logging_mixin.py:190} INFO - [2025-01-23T14:59:13.882+0000] {dag.py:4180} INFO - Setting next_dagrun for example_branch_dop_operator_v3 to 2025-01-23 14:58:00+00:00, run_after=2025-01-23 14:59:00+00:00
[2025-01-23T14:59:13.911+0000] {processor.py:208} INFO - Processing /home/airflow/.local/lib/python3.12/site-packages/airflow/example_dags/example_branch_python_dop_operator_3.py took 0.118 seconds
[2025-01-23T14:59:44.039+0000] {processor.py:186} INFO - Started process (PID=5826) to work on /home/airflow/.local/lib/python3.12/site-packages/airflow/example_dags/example_branch_python_dop_operator_3.py
[2025-01-23T14:59:44.041+0000] {processor.py:914} INFO - Processing file /home/airflow/.local/lib/python3.12/site-packages/airflow/example_dags/example_branch_python_dop_operator_3.py for tasks to queue
[2025-01-23T14:59:44.044+0000] {logging_mixin.py:190} INFO - [2025-01-23T14:59:44.044+0000] {dagbag.py:588} INFO - Filling up the DagBag from /home/airflow/.local/lib/python3.12/site-packages/airflow/example_dags/example_branch_python_dop_operator_3.py
[2025-01-23T14:59:44.058+0000] {processor.py:925} INFO - DAG(s) 'example_branch_dop_operator_v3' retrieved from /home/airflow/.local/lib/python3.12/site-packages/airflow/example_dags/example_branch_python_dop_operator_3.py
[2025-01-23T14:59:44.082+0000] {logging_mixin.py:190} INFO - [2025-01-23T14:59:44.082+0000] {dag.py:3239} INFO - Sync 1 DAGs
[2025-01-23T14:59:44.117+0000] {logging_mixin.py:190} INFO - [2025-01-23T14:59:44.117+0000] {dag.py:4180} INFO - Setting next_dagrun for example_branch_dop_operator_v3 to 2025-01-23 14:58:00+00:00, run_after=2025-01-23 14:59:00+00:00
[2025-01-23T14:59:44.143+0000] {processor.py:208} INFO - Processing /home/airflow/.local/lib/python3.12/site-packages/airflow/example_dags/example_branch_python_dop_operator_3.py took 0.114 seconds
[2025-01-23T15:00:14.197+0000] {processor.py:186} INFO - Started process (PID=6122) to work on /home/airflow/.local/lib/python3.12/site-packages/airflow/example_dags/example_branch_python_dop_operator_3.py
[2025-01-23T15:00:14.198+0000] {processor.py:914} INFO - Processing file /home/airflow/.local/lib/python3.12/site-packages/airflow/example_dags/example_branch_python_dop_operator_3.py for tasks to queue
[2025-01-23T15:00:14.201+0000] {logging_mixin.py:190} INFO - [2025-01-23T15:00:14.200+0000] {dagbag.py:588} INFO - Filling up the DagBag from /home/airflow/.local/lib/python3.12/site-packages/airflow/example_dags/example_branch_python_dop_operator_3.py
[2025-01-23T15:00:14.214+0000] {processor.py:925} INFO - DAG(s) 'example_branch_dop_operator_v3' retrieved from /home/airflow/.local/lib/python3.12/site-packages/airflow/example_dags/example_branch_python_dop_operator_3.py
[2025-01-23T15:00:14.240+0000] {logging_mixin.py:190} INFO - [2025-01-23T15:00:14.240+0000] {dag.py:3239} INFO - Sync 1 DAGs
[2025-01-23T15:00:14.270+0000] {logging_mixin.py:190} INFO - [2025-01-23T15:00:14.270+0000] {dag.py:4180} INFO - Setting next_dagrun for example_branch_dop_operator_v3 to 2025-01-23 14:59:00+00:00, run_after=2025-01-23 15:00:00+00:00
[2025-01-23T15:00:14.294+0000] {processor.py:208} INFO - Processing /home/airflow/.local/lib/python3.12/site-packages/airflow/example_dags/example_branch_python_dop_operator_3.py took 0.105 seconds
[2025-01-23T15:00:44.736+0000] {processor.py:186} INFO - Started process (PID=6420) to work on /home/airflow/.local/lib/python3.12/site-packages/airflow/example_dags/example_branch_python_dop_operator_3.py
[2025-01-23T15:00:44.738+0000] {processor.py:914} INFO - Processing file /home/airflow/.local/lib/python3.12/site-packages/airflow/example_dags/example_branch_python_dop_operator_3.py for tasks to queue
[2025-01-23T15:00:44.741+0000] {logging_mixin.py:190} INFO - [2025-01-23T15:00:44.740+0000] {dagbag.py:588} INFO - Filling up the DagBag from /home/airflow/.local/lib/python3.12/site-packages/airflow/example_dags/example_branch_python_dop_operator_3.py
[2025-01-23T15:00:44.753+0000] {processor.py:925} INFO - DAG(s) 'example_branch_dop_operator_v3' retrieved from /home/airflow/.local/lib/python3.12/site-packages/airflow/example_dags/example_branch_python_dop_operator_3.py
[2025-01-23T15:00:44.779+0000] {logging_mixin.py:190} INFO - [2025-01-23T15:00:44.778+0000] {dag.py:3239} INFO - Sync 1 DAGs
[2025-01-23T15:00:44.812+0000] {logging_mixin.py:190} INFO - [2025-01-23T15:00:44.811+0000] {dag.py:4180} INFO - Setting next_dagrun for example_branch_dop_operator_v3 to 2025-01-23 14:59:00+00:00, run_after=2025-01-23 15:00:00+00:00
[2025-01-23T15:00:44.839+0000] {processor.py:208} INFO - Processing /home/airflow/.local/lib/python3.12/site-packages/airflow/example_dags/example_branch_python_dop_operator_3.py took 0.112 seconds
[2025-01-23T15:01:15.697+0000] {processor.py:186} INFO - Started process (PID=6714) to work on /home/airflow/.local/lib/python3.12/site-packages/airflow/example_dags/example_branch_python_dop_operator_3.py
[2025-01-23T15:01:15.698+0000] {processor.py:914} INFO - Processing file /home/airflow/.local/lib/python3.12/site-packages/airflow/example_dags/example_branch_python_dop_operator_3.py for tasks to queue
[2025-01-23T15:01:15.702+0000] {logging_mixin.py:190} INFO - [2025-01-23T15:01:15.701+0000] {dagbag.py:588} INFO - Filling up the DagBag from /home/airflow/.local/lib/python3.12/site-packages/airflow/example_dags/example_branch_python_dop_operator_3.py
[2025-01-23T15:01:15.719+0000] {processor.py:925} INFO - DAG(s) 'example_branch_dop_operator_v3' retrieved from /home/airflow/.local/lib/python3.12/site-packages/airflow/example_dags/example_branch_python_dop_operator_3.py
[2025-01-23T15:01:15.750+0000] {logging_mixin.py:190} INFO - [2025-01-23T15:01:15.749+0000] {dag.py:3239} INFO - Sync 1 DAGs
[2025-01-23T15:01:15.794+0000] {logging_mixin.py:190} INFO - [2025-01-23T15:01:15.794+0000] {dag.py:4180} INFO - Setting next_dagrun for example_branch_dop_operator_v3 to 2025-01-23 15:00:00+00:00, run_after=2025-01-23 15:01:00+00:00
[2025-01-23T15:01:15.825+0000] {processor.py:208} INFO - Processing /home/airflow/.local/lib/python3.12/site-packages/airflow/example_dags/example_branch_python_dop_operator_3.py took 0.141 seconds
[2025-01-23T15:01:46.154+0000] {processor.py:186} INFO - Started process (PID=7010) to work on /home/airflow/.local/lib/python3.12/site-packages/airflow/example_dags/example_branch_python_dop_operator_3.py
[2025-01-23T15:01:46.156+0000] {processor.py:914} INFO - Processing file /home/airflow/.local/lib/python3.12/site-packages/airflow/example_dags/example_branch_python_dop_operator_3.py for tasks to queue
[2025-01-23T15:01:46.160+0000] {logging_mixin.py:190} INFO - [2025-01-23T15:01:46.159+0000] {dagbag.py:588} INFO - Filling up the DagBag from /home/airflow/.local/lib/python3.12/site-packages/airflow/example_dags/example_branch_python_dop_operator_3.py
[2025-01-23T15:01:46.176+0000] {processor.py:925} INFO - DAG(s) 'example_branch_dop_operator_v3' retrieved from /home/airflow/.local/lib/python3.12/site-packages/airflow/example_dags/example_branch_python_dop_operator_3.py
[2025-01-23T15:01:46.210+0000] {logging_mixin.py:190} INFO - [2025-01-23T15:01:46.210+0000] {dag.py:3239} INFO - Sync 1 DAGs
[2025-01-23T15:01:46.258+0000] {logging_mixin.py:190} INFO - [2025-01-23T15:01:46.257+0000] {dag.py:4180} INFO - Setting next_dagrun for example_branch_dop_operator_v3 to 2025-01-23 15:00:00+00:00, run_after=2025-01-23 15:01:00+00:00
[2025-01-23T15:01:46.292+0000] {processor.py:208} INFO - Processing /home/airflow/.local/lib/python3.12/site-packages/airflow/example_dags/example_branch_python_dop_operator_3.py took 0.148 seconds
[2025-01-23T15:02:17.197+0000] {processor.py:186} INFO - Started process (PID=7306) to work on /home/airflow/.local/lib/python3.12/site-packages/airflow/example_dags/example_branch_python_dop_operator_3.py
[2025-01-23T15:02:17.199+0000] {processor.py:914} INFO - Processing file /home/airflow/.local/lib/python3.12/site-packages/airflow/example_dags/example_branch_python_dop_operator_3.py for tasks to queue
[2025-01-23T15:02:17.202+0000] {logging_mixin.py:190} INFO - [2025-01-23T15:02:17.201+0000] {dagbag.py:588} INFO - Filling up the DagBag from /home/airflow/.local/lib/python3.12/site-packages/airflow/example_dags/example_branch_python_dop_operator_3.py
[2025-01-23T15:02:17.218+0000] {processor.py:925} INFO - DAG(s) 'example_branch_dop_operator_v3' retrieved from /home/airflow/.local/lib/python3.12/site-packages/airflow/example_dags/example_branch_python_dop_operator_3.py
[2025-01-23T15:02:17.260+0000] {logging_mixin.py:190} INFO - [2025-01-23T15:02:17.259+0000] {dag.py:3239} INFO - Sync 1 DAGs
[2025-01-23T15:02:17.317+0000] {logging_mixin.py:190} INFO - [2025-01-23T15:02:17.317+0000] {dag.py:4180} INFO - Setting next_dagrun for example_branch_dop_operator_v3 to 2025-01-23 15:01:00+00:00, run_after=2025-01-23 15:02:00+00:00
[2025-01-23T15:02:17.351+0000] {processor.py:208} INFO - Processing /home/airflow/.local/lib/python3.12/site-packages/airflow/example_dags/example_branch_python_dop_operator_3.py took 0.165 seconds
[2025-01-23T15:02:47.521+0000] {processor.py:186} INFO - Started process (PID=7602) to work on /home/airflow/.local/lib/python3.12/site-packages/airflow/example_dags/example_branch_python_dop_operator_3.py
[2025-01-23T15:02:47.523+0000] {processor.py:914} INFO - Processing file /home/airflow/.local/lib/python3.12/site-packages/airflow/example_dags/example_branch_python_dop_operator_3.py for tasks to queue
[2025-01-23T15:02:47.537+0000] {logging_mixin.py:190} INFO - [2025-01-23T15:02:47.536+0000] {dagbag.py:588} INFO - Filling up the DagBag from /home/airflow/.local/lib/python3.12/site-packages/airflow/example_dags/example_branch_python_dop_operator_3.py
[2025-01-23T15:02:47.565+0000] {processor.py:925} INFO - DAG(s) 'example_branch_dop_operator_v3' retrieved from /home/airflow/.local/lib/python3.12/site-packages/airflow/example_dags/example_branch_python_dop_operator_3.py
[2025-01-23T15:02:47.617+0000] {logging_mixin.py:190} INFO - [2025-01-23T15:02:47.617+0000] {dag.py:3239} INFO - Sync 1 DAGs
[2025-01-23T15:02:47.672+0000] {logging_mixin.py:190} INFO - [2025-01-23T15:02:47.672+0000] {dag.py:4180} INFO - Setting next_dagrun for example_branch_dop_operator_v3 to 2025-01-23 15:01:00+00:00, run_after=2025-01-23 15:02:00+00:00
[2025-01-23T15:02:47.706+0000] {processor.py:208} INFO - Processing /home/airflow/.local/lib/python3.12/site-packages/airflow/example_dags/example_branch_python_dop_operator_3.py took 0.205 seconds
[2025-01-23T15:03:18.250+0000] {processor.py:186} INFO - Started process (PID=7898) to work on /home/airflow/.local/lib/python3.12/site-packages/airflow/example_dags/example_branch_python_dop_operator_3.py
[2025-01-23T15:03:18.252+0000] {processor.py:914} INFO - Processing file /home/airflow/.local/lib/python3.12/site-packages/airflow/example_dags/example_branch_python_dop_operator_3.py for tasks to queue
[2025-01-23T15:03:18.257+0000] {logging_mixin.py:190} INFO - [2025-01-23T15:03:18.256+0000] {dagbag.py:588} INFO - Filling up the DagBag from /home/airflow/.local/lib/python3.12/site-packages/airflow/example_dags/example_branch_python_dop_operator_3.py
[2025-01-23T15:03:18.272+0000] {processor.py:925} INFO - DAG(s) 'example_branch_dop_operator_v3' retrieved from /home/airflow/.local/lib/python3.12/site-packages/airflow/example_dags/example_branch_python_dop_operator_3.py
[2025-01-23T15:03:18.303+0000] {logging_mixin.py:190} INFO - [2025-01-23T15:03:18.302+0000] {dag.py:3239} INFO - Sync 1 DAGs
[2025-01-23T15:03:18.343+0000] {logging_mixin.py:190} INFO - [2025-01-23T15:03:18.342+0000] {dag.py:4180} INFO - Setting next_dagrun for example_branch_dop_operator_v3 to 2025-01-23 15:02:00+00:00, run_after=2025-01-23 15:03:00+00:00
[2025-01-23T15:03:18.372+0000] {processor.py:208} INFO - Processing /home/airflow/.local/lib/python3.12/site-packages/airflow/example_dags/example_branch_python_dop_operator_3.py took 0.130 seconds
[2025-01-23T15:03:49.095+0000] {processor.py:186} INFO - Started process (PID=8194) to work on /home/airflow/.local/lib/python3.12/site-packages/airflow/example_dags/example_branch_python_dop_operator_3.py
[2025-01-23T15:03:49.096+0000] {processor.py:914} INFO - Processing file /home/airflow/.local/lib/python3.12/site-packages/airflow/example_dags/example_branch_python_dop_operator_3.py for tasks to queue
[2025-01-23T15:03:49.099+0000] {logging_mixin.py:190} INFO - [2025-01-23T15:03:49.099+0000] {dagbag.py:588} INFO - Filling up the DagBag from /home/airflow/.local/lib/python3.12/site-packages/airflow/example_dags/example_branch_python_dop_operator_3.py
[2025-01-23T15:03:49.116+0000] {processor.py:925} INFO - DAG(s) 'example_branch_dop_operator_v3' retrieved from /home/airflow/.local/lib/python3.12/site-packages/airflow/example_dags/example_branch_python_dop_operator_3.py
[2025-01-23T15:03:49.146+0000] {logging_mixin.py:190} INFO - [2025-01-23T15:03:49.145+0000] {dag.py:3239} INFO - Sync 1 DAGs
[2025-01-23T15:03:49.185+0000] {logging_mixin.py:190} INFO - [2025-01-23T15:03:49.185+0000] {dag.py:4180} INFO - Setting next_dagrun for example_branch_dop_operator_v3 to 2025-01-23 15:02:00+00:00, run_after=2025-01-23 15:03:00+00:00
[2025-01-23T15:03:49.212+0000] {processor.py:208} INFO - Processing /home/airflow/.local/lib/python3.12/site-packages/airflow/example_dags/example_branch_python_dop_operator_3.py took 0.128 seconds
[2025-01-23T15:04:19.284+0000] {processor.py:186} INFO - Started process (PID=8490) to work on /home/airflow/.local/lib/python3.12/site-packages/airflow/example_dags/example_branch_python_dop_operator_3.py
[2025-01-23T15:04:19.286+0000] {processor.py:914} INFO - Processing file /home/airflow/.local/lib/python3.12/site-packages/airflow/example_dags/example_branch_python_dop_operator_3.py for tasks to queue
[2025-01-23T15:04:19.289+0000] {logging_mixin.py:190} INFO - [2025-01-23T15:04:19.288+0000] {dagbag.py:588} INFO - Filling up the DagBag from /home/airflow/.local/lib/python3.12/site-packages/airflow/example_dags/example_branch_python_dop_operator_3.py
[2025-01-23T15:04:19.303+0000] {processor.py:925} INFO - DAG(s) 'example_branch_dop_operator_v3' retrieved from /home/airflow/.local/lib/python3.12/site-packages/airflow/example_dags/example_branch_python_dop_operator_3.py
[2025-01-23T15:04:19.330+0000] {logging_mixin.py:190} INFO - [2025-01-23T15:04:19.330+0000] {dag.py:3239} INFO - Sync 1 DAGs
[2025-01-23T15:04:19.365+0000] {logging_mixin.py:190} INFO - [2025-01-23T15:04:19.365+0000] {dag.py:4180} INFO - Setting next_dagrun for example_branch_dop_operator_v3 to 2025-01-23 15:03:00+00:00, run_after=2025-01-23 15:04:00+00:00
[2025-01-23T15:04:19.393+0000] {processor.py:208} INFO - Processing /home/airflow/.local/lib/python3.12/site-packages/airflow/example_dags/example_branch_python_dop_operator_3.py took 0.118 seconds
[2025-01-23T15:04:50.028+0000] {processor.py:186} INFO - Started process (PID=8786) to work on /home/airflow/.local/lib/python3.12/site-packages/airflow/example_dags/example_branch_python_dop_operator_3.py
[2025-01-23T15:04:50.030+0000] {processor.py:914} INFO - Processing file /home/airflow/.local/lib/python3.12/site-packages/airflow/example_dags/example_branch_python_dop_operator_3.py for tasks to queue
[2025-01-23T15:04:50.032+0000] {logging_mixin.py:190} INFO - [2025-01-23T15:04:50.032+0000] {dagbag.py:588} INFO - Filling up the DagBag from /home/airflow/.local/lib/python3.12/site-packages/airflow/example_dags/example_branch_python_dop_operator_3.py
[2025-01-23T15:04:50.046+0000] {processor.py:925} INFO - DAG(s) 'example_branch_dop_operator_v3' retrieved from /home/airflow/.local/lib/python3.12/site-packages/airflow/example_dags/example_branch_python_dop_operator_3.py
[2025-01-23T15:04:50.074+0000] {logging_mixin.py:190} INFO - [2025-01-23T15:04:50.073+0000] {dag.py:3239} INFO - Sync 1 DAGs
[2025-01-23T15:04:50.109+0000] {logging_mixin.py:190} INFO - [2025-01-23T15:04:50.109+0000] {dag.py:4180} INFO - Setting next_dagrun for example_branch_dop_operator_v3 to 2025-01-23 15:03:00+00:00, run_after=2025-01-23 15:04:00+00:00
[2025-01-23T15:04:50.136+0000] {processor.py:208} INFO - Processing /home/airflow/.local/lib/python3.12/site-packages/airflow/example_dags/example_branch_python_dop_operator_3.py took 0.115 seconds
[2025-01-23T15:05:20.686+0000] {processor.py:186} INFO - Started process (PID=9084) to work on /home/airflow/.local/lib/python3.12/site-packages/airflow/example_dags/example_branch_python_dop_operator_3.py
[2025-01-23T15:05:20.687+0000] {processor.py:914} INFO - Processing file /home/airflow/.local/lib/python3.12/site-packages/airflow/example_dags/example_branch_python_dop_operator_3.py for tasks to queue
[2025-01-23T15:05:20.690+0000] {logging_mixin.py:190} INFO - [2025-01-23T15:05:20.690+0000] {dagbag.py:588} INFO - Filling up the DagBag from /home/airflow/.local/lib/python3.12/site-packages/airflow/example_dags/example_branch_python_dop_operator_3.py
[2025-01-23T15:05:20.705+0000] {processor.py:925} INFO - DAG(s) 'example_branch_dop_operator_v3' retrieved from /home/airflow/.local/lib/python3.12/site-packages/airflow/example_dags/example_branch_python_dop_operator_3.py
[2025-01-23T15:05:20.731+0000] {logging_mixin.py:190} INFO - [2025-01-23T15:05:20.731+0000] {dag.py:3239} INFO - Sync 1 DAGs
[2025-01-23T15:05:20.765+0000] {logging_mixin.py:190} INFO - [2025-01-23T15:05:20.765+0000] {dag.py:4180} INFO - Setting next_dagrun for example_branch_dop_operator_v3 to 2025-01-23 15:04:00+00:00, run_after=2025-01-23 15:05:00+00:00
[2025-01-23T15:05:20.788+0000] {processor.py:208} INFO - Processing /home/airflow/.local/lib/python3.12/site-packages/airflow/example_dags/example_branch_python_dop_operator_3.py took 0.110 seconds
[2025-01-23T15:05:51.346+0000] {processor.py:186} INFO - Started process (PID=9379) to work on /home/airflow/.local/lib/python3.12/site-packages/airflow/example_dags/example_branch_python_dop_operator_3.py
[2025-01-23T15:05:51.348+0000] {processor.py:914} INFO - Processing file /home/airflow/.local/lib/python3.12/site-packages/airflow/example_dags/example_branch_python_dop_operator_3.py for tasks to queue
[2025-01-23T15:05:51.350+0000] {logging_mixin.py:190} INFO - [2025-01-23T15:05:51.350+0000] {dagbag.py:588} INFO - Filling up the DagBag from /home/airflow/.local/lib/python3.12/site-packages/airflow/example_dags/example_branch_python_dop_operator_3.py
[2025-01-23T15:05:51.364+0000] {processor.py:925} INFO - DAG(s) 'example_branch_dop_operator_v3' retrieved from /home/airflow/.local/lib/python3.12/site-packages/airflow/example_dags/example_branch_python_dop_operator_3.py
[2025-01-23T15:05:51.390+0000] {logging_mixin.py:190} INFO - [2025-01-23T15:05:51.389+0000] {dag.py:3239} INFO - Sync 1 DAGs
[2025-01-23T15:05:51.424+0000] {logging_mixin.py:190} INFO - [2025-01-23T15:05:51.424+0000] {dag.py:4180} INFO - Setting next_dagrun for example_branch_dop_operator_v3 to 2025-01-23 15:04:00+00:00, run_after=2025-01-23 15:05:00+00:00
[2025-01-23T15:05:51.446+0000] {processor.py:208} INFO - Processing /home/airflow/.local/lib/python3.12/site-packages/airflow/example_dags/example_branch_python_dop_operator_3.py took 0.109 seconds
[2025-01-23T15:06:22.197+0000] {processor.py:186} INFO - Started process (PID=9670) to work on /home/airflow/.local/lib/python3.12/site-packages/airflow/example_dags/example_branch_python_dop_operator_3.py
[2025-01-23T15:06:22.198+0000] {processor.py:914} INFO - Processing file /home/airflow/.local/lib/python3.12/site-packages/airflow/example_dags/example_branch_python_dop_operator_3.py for tasks to queue
[2025-01-23T15:06:22.201+0000] {logging_mixin.py:190} INFO - [2025-01-23T15:06:22.201+0000] {dagbag.py:588} INFO - Filling up the DagBag from /home/airflow/.local/lib/python3.12/site-packages/airflow/example_dags/example_branch_python_dop_operator_3.py
[2025-01-23T15:06:22.215+0000] {processor.py:925} INFO - DAG(s) 'example_branch_dop_operator_v3' retrieved from /home/airflow/.local/lib/python3.12/site-packages/airflow/example_dags/example_branch_python_dop_operator_3.py
[2025-01-23T15:06:22.238+0000] {logging_mixin.py:190} INFO - [2025-01-23T15:06:22.238+0000] {dag.py:3239} INFO - Sync 1 DAGs
[2025-01-23T15:06:22.277+0000] {logging_mixin.py:190} INFO - [2025-01-23T15:06:22.276+0000] {dag.py:4180} INFO - Setting next_dagrun for example_branch_dop_operator_v3 to 2025-01-23 15:05:00+00:00, run_after=2025-01-23 15:06:00+00:00
[2025-01-23T15:06:22.304+0000] {processor.py:208} INFO - Processing /home/airflow/.local/lib/python3.12/site-packages/airflow/example_dags/example_branch_python_dop_operator_3.py took 0.115 seconds
[2025-01-23T15:06:52.988+0000] {processor.py:186} INFO - Started process (PID=9966) to work on /home/airflow/.local/lib/python3.12/site-packages/airflow/example_dags/example_branch_python_dop_operator_3.py
[2025-01-23T15:06:52.990+0000] {processor.py:914} INFO - Processing file /home/airflow/.local/lib/python3.12/site-packages/airflow/example_dags/example_branch_python_dop_operator_3.py for tasks to queue
[2025-01-23T15:06:52.994+0000] {logging_mixin.py:190} INFO - [2025-01-23T15:06:52.993+0000] {dagbag.py:588} INFO - Filling up the DagBag from /home/airflow/.local/lib/python3.12/site-packages/airflow/example_dags/example_branch_python_dop_operator_3.py
[2025-01-23T15:06:53.013+0000] {processor.py:925} INFO - DAG(s) 'example_branch_dop_operator_v3' retrieved from /home/airflow/.local/lib/python3.12/site-packages/airflow/example_dags/example_branch_python_dop_operator_3.py
[2025-01-23T15:06:53.048+0000] {logging_mixin.py:190} INFO - [2025-01-23T15:06:53.047+0000] {dag.py:3239} INFO - Sync 1 DAGs
[2025-01-23T15:06:53.089+0000] {logging_mixin.py:190} INFO - [2025-01-23T15:06:53.089+0000] {dag.py:4180} INFO - Setting next_dagrun for example_branch_dop_operator_v3 to 2025-01-23 15:05:00+00:00, run_after=2025-01-23 15:06:00+00:00
[2025-01-23T15:06:53.121+0000] {processor.py:208} INFO - Processing /home/airflow/.local/lib/python3.12/site-packages/airflow/example_dags/example_branch_python_dop_operator_3.py took 0.145 seconds
[2025-01-23T15:07:23.895+0000] {processor.py:186} INFO - Started process (PID=10262) to work on /home/airflow/.local/lib/python3.12/site-packages/airflow/example_dags/example_branch_python_dop_operator_3.py
[2025-01-23T15:07:23.896+0000] {processor.py:914} INFO - Processing file /home/airflow/.local/lib/python3.12/site-packages/airflow/example_dags/example_branch_python_dop_operator_3.py for tasks to queue
[2025-01-23T15:07:23.899+0000] {logging_mixin.py:190} INFO - [2025-01-23T15:07:23.899+0000] {dagbag.py:588} INFO - Filling up the DagBag from /home/airflow/.local/lib/python3.12/site-packages/airflow/example_dags/example_branch_python_dop_operator_3.py
[2025-01-23T15:07:23.915+0000] {processor.py:925} INFO - DAG(s) 'example_branch_dop_operator_v3' retrieved from /home/airflow/.local/lib/python3.12/site-packages/airflow/example_dags/example_branch_python_dop_operator_3.py
[2025-01-23T15:07:23.943+0000] {logging_mixin.py:190} INFO - [2025-01-23T15:07:23.943+0000] {dag.py:3239} INFO - Sync 1 DAGs
[2025-01-23T15:07:23.984+0000] {logging_mixin.py:190} INFO - [2025-01-23T15:07:23.984+0000] {dag.py:4180} INFO - Setting next_dagrun for example_branch_dop_operator_v3 to 2025-01-23 15:06:00+00:00, run_after=2025-01-23 15:07:00+00:00
[2025-01-23T15:07:24.009+0000] {processor.py:208} INFO - Processing /home/airflow/.local/lib/python3.12/site-packages/airflow/example_dags/example_branch_python_dop_operator_3.py took 0.124 seconds
[2025-01-23T15:07:54.743+0000] {processor.py:186} INFO - Started process (PID=10556) to work on /home/airflow/.local/lib/python3.12/site-packages/airflow/example_dags/example_branch_python_dop_operator_3.py
[2025-01-23T15:07:54.745+0000] {processor.py:914} INFO - Processing file /home/airflow/.local/lib/python3.12/site-packages/airflow/example_dags/example_branch_python_dop_operator_3.py for tasks to queue
[2025-01-23T15:07:54.749+0000] {logging_mixin.py:190} INFO - [2025-01-23T15:07:54.749+0000] {dagbag.py:588} INFO - Filling up the DagBag from /home/airflow/.local/lib/python3.12/site-packages/airflow/example_dags/example_branch_python_dop_operator_3.py
[2025-01-23T15:07:54.765+0000] {processor.py:925} INFO - DAG(s) 'example_branch_dop_operator_v3' retrieved from /home/airflow/.local/lib/python3.12/site-packages/airflow/example_dags/example_branch_python_dop_operator_3.py
[2025-01-23T15:07:54.799+0000] {logging_mixin.py:190} INFO - [2025-01-23T15:07:54.799+0000] {dag.py:3239} INFO - Sync 1 DAGs
[2025-01-23T15:07:54.836+0000] {logging_mixin.py:190} INFO - [2025-01-23T15:07:54.836+0000] {dag.py:4180} INFO - Setting next_dagrun for example_branch_dop_operator_v3 to 2025-01-23 15:06:00+00:00, run_after=2025-01-23 15:07:00+00:00
[2025-01-23T15:07:54.869+0000] {processor.py:208} INFO - Processing /home/airflow/.local/lib/python3.12/site-packages/airflow/example_dags/example_branch_python_dop_operator_3.py took 0.135 seconds
