[2025-01-23T14:50:08.433+0000] {processor.py:186} INFO - Started process (PID=332) to work on /home/airflow/.local/lib/python3.12/site-packages/airflow/example_dags/example_kubernetes_executor.py
[2025-01-23T14:50:08.434+0000] {processor.py:914} INFO - Processing file /home/airflow/.local/lib/python3.12/site-packages/airflow/example_dags/example_kubernetes_executor.py for tasks to queue
[2025-01-23T14:50:08.436+0000] {logging_mixin.py:190} INFO - [2025-01-23T14:50:08.436+0000] {dagbag.py:588} INFO - Filling up the DagBag from /home/airflow/.local/lib/python3.12/site-packages/airflow/example_dags/example_kubernetes_executor.py
[2025-01-23T14:50:08.456+0000] {processor.py:925} INFO - DAG(s) 'example_kubernetes_executor' retrieved from /home/airflow/.local/lib/python3.12/site-packages/airflow/example_dags/example_kubernetes_executor.py
[2025-01-23T14:50:08.489+0000] {logging_mixin.py:190} INFO - [2025-01-23T14:50:08.489+0000] {dag.py:3239} INFO - Sync 1 DAGs
[2025-01-23T14:50:08.505+0000] {logging_mixin.py:190} INFO - [2025-01-23T14:50:08.505+0000] {dag.py:4180} INFO - Setting next_dagrun for example_kubernetes_executor to None, run_after=None
[2025-01-23T14:50:08.527+0000] {processor.py:208} INFO - Processing /home/airflow/.local/lib/python3.12/site-packages/airflow/example_dags/example_kubernetes_executor.py took 0.100 seconds
[2025-01-23T14:50:39.551+0000] {processor.py:186} INFO - Started process (PID=628) to work on /home/airflow/.local/lib/python3.12/site-packages/airflow/example_dags/example_kubernetes_executor.py
[2025-01-23T14:50:39.552+0000] {processor.py:914} INFO - Processing file /home/airflow/.local/lib/python3.12/site-packages/airflow/example_dags/example_kubernetes_executor.py for tasks to queue
[2025-01-23T14:50:39.554+0000] {logging_mixin.py:190} INFO - [2025-01-23T14:50:39.554+0000] {dagbag.py:588} INFO - Filling up the DagBag from /home/airflow/.local/lib/python3.12/site-packages/airflow/example_dags/example_kubernetes_executor.py
[2025-01-23T14:50:39.566+0000] {processor.py:925} INFO - DAG(s) 'example_kubernetes_executor' retrieved from /home/airflow/.local/lib/python3.12/site-packages/airflow/example_dags/example_kubernetes_executor.py
[2025-01-23T14:50:39.601+0000] {logging_mixin.py:190} INFO - [2025-01-23T14:50:39.601+0000] {dag.py:3239} INFO - Sync 1 DAGs
[2025-01-23T14:50:39.617+0000] {logging_mixin.py:190} INFO - [2025-01-23T14:50:39.617+0000] {dag.py:4180} INFO - Setting next_dagrun for example_kubernetes_executor to None, run_after=None
[2025-01-23T14:50:39.639+0000] {processor.py:208} INFO - Processing /home/airflow/.local/lib/python3.12/site-packages/airflow/example_dags/example_kubernetes_executor.py took 0.095 seconds
[2025-01-23T14:51:11.055+0000] {processor.py:186} INFO - Started process (PID=924) to work on /home/airflow/.local/lib/python3.12/site-packages/airflow/example_dags/example_kubernetes_executor.py
[2025-01-23T14:51:11.057+0000] {processor.py:914} INFO - Processing file /home/airflow/.local/lib/python3.12/site-packages/airflow/example_dags/example_kubernetes_executor.py for tasks to queue
[2025-01-23T14:51:11.059+0000] {logging_mixin.py:190} INFO - [2025-01-23T14:51:11.058+0000] {dagbag.py:588} INFO - Filling up the DagBag from /home/airflow/.local/lib/python3.12/site-packages/airflow/example_dags/example_kubernetes_executor.py
[2025-01-23T14:51:11.071+0000] {processor.py:925} INFO - DAG(s) 'example_kubernetes_executor' retrieved from /home/airflow/.local/lib/python3.12/site-packages/airflow/example_dags/example_kubernetes_executor.py
[2025-01-23T14:51:11.094+0000] {logging_mixin.py:190} INFO - [2025-01-23T14:51:11.094+0000] {dag.py:3239} INFO - Sync 1 DAGs
[2025-01-23T14:51:11.107+0000] {logging_mixin.py:190} INFO - [2025-01-23T14:51:11.107+0000] {dag.py:4180} INFO - Setting next_dagrun for example_kubernetes_executor to None, run_after=None
[2025-01-23T14:51:11.124+0000] {processor.py:208} INFO - Processing /home/airflow/.local/lib/python3.12/site-packages/airflow/example_dags/example_kubernetes_executor.py took 0.075 seconds
[2025-01-23T14:51:42.282+0000] {processor.py:186} INFO - Started process (PID=1220) to work on /home/airflow/.local/lib/python3.12/site-packages/airflow/example_dags/example_kubernetes_executor.py
[2025-01-23T14:51:42.283+0000] {processor.py:914} INFO - Processing file /home/airflow/.local/lib/python3.12/site-packages/airflow/example_dags/example_kubernetes_executor.py for tasks to queue
[2025-01-23T14:51:42.285+0000] {logging_mixin.py:190} INFO - [2025-01-23T14:51:42.285+0000] {dagbag.py:588} INFO - Filling up the DagBag from /home/airflow/.local/lib/python3.12/site-packages/airflow/example_dags/example_kubernetes_executor.py
[2025-01-23T14:51:42.298+0000] {processor.py:925} INFO - DAG(s) 'example_kubernetes_executor' retrieved from /home/airflow/.local/lib/python3.12/site-packages/airflow/example_dags/example_kubernetes_executor.py
[2025-01-23T14:51:42.321+0000] {logging_mixin.py:190} INFO - [2025-01-23T14:51:42.321+0000] {dag.py:3239} INFO - Sync 1 DAGs
[2025-01-23T14:51:42.334+0000] {logging_mixin.py:190} INFO - [2025-01-23T14:51:42.334+0000] {dag.py:4180} INFO - Setting next_dagrun for example_kubernetes_executor to None, run_after=None
[2025-01-23T14:51:42.349+0000] {processor.py:208} INFO - Processing /home/airflow/.local/lib/python3.12/site-packages/airflow/example_dags/example_kubernetes_executor.py took 0.073 seconds
[2025-01-23T14:52:13.649+0000] {processor.py:186} INFO - Started process (PID=1516) to work on /home/airflow/.local/lib/python3.12/site-packages/airflow/example_dags/example_kubernetes_executor.py
[2025-01-23T14:52:13.650+0000] {processor.py:914} INFO - Processing file /home/airflow/.local/lib/python3.12/site-packages/airflow/example_dags/example_kubernetes_executor.py for tasks to queue
[2025-01-23T14:52:13.653+0000] {logging_mixin.py:190} INFO - [2025-01-23T14:52:13.652+0000] {dagbag.py:588} INFO - Filling up the DagBag from /home/airflow/.local/lib/python3.12/site-packages/airflow/example_dags/example_kubernetes_executor.py
[2025-01-23T14:52:13.665+0000] {processor.py:925} INFO - DAG(s) 'example_kubernetes_executor' retrieved from /home/airflow/.local/lib/python3.12/site-packages/airflow/example_dags/example_kubernetes_executor.py
[2025-01-23T14:52:13.689+0000] {logging_mixin.py:190} INFO - [2025-01-23T14:52:13.689+0000] {dag.py:3239} INFO - Sync 1 DAGs
[2025-01-23T14:52:13.704+0000] {logging_mixin.py:190} INFO - [2025-01-23T14:52:13.704+0000] {dag.py:4180} INFO - Setting next_dagrun for example_kubernetes_executor to None, run_after=None
[2025-01-23T14:52:13.723+0000] {processor.py:208} INFO - Processing /home/airflow/.local/lib/python3.12/site-packages/airflow/example_dags/example_kubernetes_executor.py took 0.080 seconds
[2025-01-23T14:52:45.250+0000] {processor.py:186} INFO - Started process (PID=1812) to work on /home/airflow/.local/lib/python3.12/site-packages/airflow/example_dags/example_kubernetes_executor.py
[2025-01-23T14:52:45.251+0000] {processor.py:914} INFO - Processing file /home/airflow/.local/lib/python3.12/site-packages/airflow/example_dags/example_kubernetes_executor.py for tasks to queue
[2025-01-23T14:52:45.254+0000] {logging_mixin.py:190} INFO - [2025-01-23T14:52:45.253+0000] {dagbag.py:588} INFO - Filling up the DagBag from /home/airflow/.local/lib/python3.12/site-packages/airflow/example_dags/example_kubernetes_executor.py
[2025-01-23T14:52:45.274+0000] {processor.py:925} INFO - DAG(s) 'example_kubernetes_executor' retrieved from /home/airflow/.local/lib/python3.12/site-packages/airflow/example_dags/example_kubernetes_executor.py
[2025-01-23T14:52:45.312+0000] {logging_mixin.py:190} INFO - [2025-01-23T14:52:45.311+0000] {dag.py:3239} INFO - Sync 1 DAGs
[2025-01-23T14:52:45.327+0000] {logging_mixin.py:190} INFO - [2025-01-23T14:52:45.327+0000] {dag.py:4180} INFO - Setting next_dagrun for example_kubernetes_executor to None, run_after=None
[2025-01-23T14:52:45.353+0000] {processor.py:208} INFO - Processing /home/airflow/.local/lib/python3.12/site-packages/airflow/example_dags/example_kubernetes_executor.py took 0.109 seconds
[2025-01-23T14:53:15.779+0000] {processor.py:186} INFO - Started process (PID=2108) to work on /home/airflow/.local/lib/python3.12/site-packages/airflow/example_dags/example_kubernetes_executor.py
[2025-01-23T14:53:15.780+0000] {processor.py:914} INFO - Processing file /home/airflow/.local/lib/python3.12/site-packages/airflow/example_dags/example_kubernetes_executor.py for tasks to queue
[2025-01-23T14:53:15.782+0000] {logging_mixin.py:190} INFO - [2025-01-23T14:53:15.781+0000] {dagbag.py:588} INFO - Filling up the DagBag from /home/airflow/.local/lib/python3.12/site-packages/airflow/example_dags/example_kubernetes_executor.py
[2025-01-23T14:53:15.795+0000] {processor.py:925} INFO - DAG(s) 'example_kubernetes_executor' retrieved from /home/airflow/.local/lib/python3.12/site-packages/airflow/example_dags/example_kubernetes_executor.py
[2025-01-23T14:53:15.819+0000] {logging_mixin.py:190} INFO - [2025-01-23T14:53:15.819+0000] {dag.py:3239} INFO - Sync 1 DAGs
[2025-01-23T14:53:15.832+0000] {logging_mixin.py:190} INFO - [2025-01-23T14:53:15.832+0000] {dag.py:4180} INFO - Setting next_dagrun for example_kubernetes_executor to None, run_after=None
[2025-01-23T14:53:15.851+0000] {processor.py:208} INFO - Processing /home/airflow/.local/lib/python3.12/site-packages/airflow/example_dags/example_kubernetes_executor.py took 0.078 seconds
[2025-01-23T14:53:46.370+0000] {processor.py:186} INFO - Started process (PID=2404) to work on /home/airflow/.local/lib/python3.12/site-packages/airflow/example_dags/example_kubernetes_executor.py
[2025-01-23T14:53:46.371+0000] {processor.py:914} INFO - Processing file /home/airflow/.local/lib/python3.12/site-packages/airflow/example_dags/example_kubernetes_executor.py for tasks to queue
[2025-01-23T14:53:46.373+0000] {logging_mixin.py:190} INFO - [2025-01-23T14:53:46.373+0000] {dagbag.py:588} INFO - Filling up the DagBag from /home/airflow/.local/lib/python3.12/site-packages/airflow/example_dags/example_kubernetes_executor.py
[2025-01-23T14:53:46.385+0000] {processor.py:925} INFO - DAG(s) 'example_kubernetes_executor' retrieved from /home/airflow/.local/lib/python3.12/site-packages/airflow/example_dags/example_kubernetes_executor.py
[2025-01-23T14:53:46.408+0000] {logging_mixin.py:190} INFO - [2025-01-23T14:53:46.408+0000] {dag.py:3239} INFO - Sync 1 DAGs
[2025-01-23T14:53:46.421+0000] {logging_mixin.py:190} INFO - [2025-01-23T14:53:46.420+0000] {dag.py:4180} INFO - Setting next_dagrun for example_kubernetes_executor to None, run_after=None
[2025-01-23T14:53:46.437+0000] {processor.py:208} INFO - Processing /home/airflow/.local/lib/python3.12/site-packages/airflow/example_dags/example_kubernetes_executor.py took 0.072 seconds
[2025-01-23T14:54:17.248+0000] {processor.py:186} INFO - Started process (PID=2701) to work on /home/airflow/.local/lib/python3.12/site-packages/airflow/example_dags/example_kubernetes_executor.py
[2025-01-23T14:54:17.249+0000] {processor.py:914} INFO - Processing file /home/airflow/.local/lib/python3.12/site-packages/airflow/example_dags/example_kubernetes_executor.py for tasks to queue
[2025-01-23T14:54:17.251+0000] {logging_mixin.py:190} INFO - [2025-01-23T14:54:17.251+0000] {dagbag.py:588} INFO - Filling up the DagBag from /home/airflow/.local/lib/python3.12/site-packages/airflow/example_dags/example_kubernetes_executor.py
[2025-01-23T14:54:17.265+0000] {processor.py:925} INFO - DAG(s) 'example_kubernetes_executor' retrieved from /home/airflow/.local/lib/python3.12/site-packages/airflow/example_dags/example_kubernetes_executor.py
[2025-01-23T14:54:17.291+0000] {logging_mixin.py:190} INFO - [2025-01-23T14:54:17.291+0000] {dag.py:3239} INFO - Sync 1 DAGs
[2025-01-23T14:54:17.306+0000] {logging_mixin.py:190} INFO - [2025-01-23T14:54:17.306+0000] {dag.py:4180} INFO - Setting next_dagrun for example_kubernetes_executor to None, run_after=None
[2025-01-23T14:54:17.326+0000] {processor.py:208} INFO - Processing /home/airflow/.local/lib/python3.12/site-packages/airflow/example_dags/example_kubernetes_executor.py took 0.085 seconds
[2025-01-23T14:54:48.147+0000] {processor.py:186} INFO - Started process (PID=2996) to work on /home/airflow/.local/lib/python3.12/site-packages/airflow/example_dags/example_kubernetes_executor.py
[2025-01-23T14:54:48.148+0000] {processor.py:914} INFO - Processing file /home/airflow/.local/lib/python3.12/site-packages/airflow/example_dags/example_kubernetes_executor.py for tasks to queue
[2025-01-23T14:54:48.150+0000] {logging_mixin.py:190} INFO - [2025-01-23T14:54:48.150+0000] {dagbag.py:588} INFO - Filling up the DagBag from /home/airflow/.local/lib/python3.12/site-packages/airflow/example_dags/example_kubernetes_executor.py
[2025-01-23T14:54:48.162+0000] {processor.py:925} INFO - DAG(s) 'example_kubernetes_executor' retrieved from /home/airflow/.local/lib/python3.12/site-packages/airflow/example_dags/example_kubernetes_executor.py
[2025-01-23T14:54:48.182+0000] {logging_mixin.py:190} INFO - [2025-01-23T14:54:48.182+0000] {dag.py:3239} INFO - Sync 1 DAGs
[2025-01-23T14:54:48.194+0000] {logging_mixin.py:190} INFO - [2025-01-23T14:54:48.193+0000] {dag.py:4180} INFO - Setting next_dagrun for example_kubernetes_executor to None, run_after=None
[2025-01-23T14:54:48.211+0000] {processor.py:208} INFO - Processing /home/airflow/.local/lib/python3.12/site-packages/airflow/example_dags/example_kubernetes_executor.py took 0.069 seconds
[2025-01-23T14:55:19.604+0000] {processor.py:186} INFO - Started process (PID=3294) to work on /home/airflow/.local/lib/python3.12/site-packages/airflow/example_dags/example_kubernetes_executor.py
[2025-01-23T14:55:19.605+0000] {processor.py:914} INFO - Processing file /home/airflow/.local/lib/python3.12/site-packages/airflow/example_dags/example_kubernetes_executor.py for tasks to queue
[2025-01-23T14:55:19.607+0000] {logging_mixin.py:190} INFO - [2025-01-23T14:55:19.607+0000] {dagbag.py:588} INFO - Filling up the DagBag from /home/airflow/.local/lib/python3.12/site-packages/airflow/example_dags/example_kubernetes_executor.py
[2025-01-23T14:55:19.621+0000] {processor.py:925} INFO - DAG(s) 'example_kubernetes_executor' retrieved from /home/airflow/.local/lib/python3.12/site-packages/airflow/example_dags/example_kubernetes_executor.py
[2025-01-23T14:55:19.645+0000] {logging_mixin.py:190} INFO - [2025-01-23T14:55:19.645+0000] {dag.py:3239} INFO - Sync 1 DAGs
[2025-01-23T14:55:19.658+0000] {logging_mixin.py:190} INFO - [2025-01-23T14:55:19.658+0000] {dag.py:4180} INFO - Setting next_dagrun for example_kubernetes_executor to None, run_after=None
[2025-01-23T14:55:19.677+0000] {processor.py:208} INFO - Processing /home/airflow/.local/lib/python3.12/site-packages/airflow/example_dags/example_kubernetes_executor.py took 0.079 seconds
[2025-01-23T14:55:50.724+0000] {processor.py:186} INFO - Started process (PID=3588) to work on /home/airflow/.local/lib/python3.12/site-packages/airflow/example_dags/example_kubernetes_executor.py
[2025-01-23T14:55:50.725+0000] {processor.py:914} INFO - Processing file /home/airflow/.local/lib/python3.12/site-packages/airflow/example_dags/example_kubernetes_executor.py for tasks to queue
[2025-01-23T14:55:50.727+0000] {logging_mixin.py:190} INFO - [2025-01-23T14:55:50.726+0000] {dagbag.py:588} INFO - Filling up the DagBag from /home/airflow/.local/lib/python3.12/site-packages/airflow/example_dags/example_kubernetes_executor.py
[2025-01-23T14:55:50.739+0000] {processor.py:925} INFO - DAG(s) 'example_kubernetes_executor' retrieved from /home/airflow/.local/lib/python3.12/site-packages/airflow/example_dags/example_kubernetes_executor.py
[2025-01-23T14:55:50.760+0000] {logging_mixin.py:190} INFO - [2025-01-23T14:55:50.760+0000] {dag.py:3239} INFO - Sync 1 DAGs
[2025-01-23T14:55:50.772+0000] {logging_mixin.py:190} INFO - [2025-01-23T14:55:50.771+0000] {dag.py:4180} INFO - Setting next_dagrun for example_kubernetes_executor to None, run_after=None
[2025-01-23T14:55:50.789+0000] {processor.py:208} INFO - Processing /home/airflow/.local/lib/python3.12/site-packages/airflow/example_dags/example_kubernetes_executor.py took 0.071 seconds
[2025-01-23T14:56:21.707+0000] {processor.py:186} INFO - Started process (PID=3884) to work on /home/airflow/.local/lib/python3.12/site-packages/airflow/example_dags/example_kubernetes_executor.py
[2025-01-23T14:56:21.709+0000] {processor.py:914} INFO - Processing file /home/airflow/.local/lib/python3.12/site-packages/airflow/example_dags/example_kubernetes_executor.py for tasks to queue
[2025-01-23T14:56:21.712+0000] {logging_mixin.py:190} INFO - [2025-01-23T14:56:21.712+0000] {dagbag.py:588} INFO - Filling up the DagBag from /home/airflow/.local/lib/python3.12/site-packages/airflow/example_dags/example_kubernetes_executor.py
[2025-01-23T14:56:21.734+0000] {processor.py:925} INFO - DAG(s) 'example_kubernetes_executor' retrieved from /home/airflow/.local/lib/python3.12/site-packages/airflow/example_dags/example_kubernetes_executor.py
[2025-01-23T14:56:21.768+0000] {logging_mixin.py:190} INFO - [2025-01-23T14:56:21.768+0000] {dag.py:3239} INFO - Sync 1 DAGs
[2025-01-23T14:56:21.789+0000] {logging_mixin.py:190} INFO - [2025-01-23T14:56:21.788+0000] {dag.py:4180} INFO - Setting next_dagrun for example_kubernetes_executor to None, run_after=None
[2025-01-23T14:56:21.815+0000] {processor.py:208} INFO - Processing /home/airflow/.local/lib/python3.12/site-packages/airflow/example_dags/example_kubernetes_executor.py took 0.118 seconds
[2025-01-23T14:56:53.349+0000] {processor.py:186} INFO - Started process (PID=4180) to work on /home/airflow/.local/lib/python3.12/site-packages/airflow/example_dags/example_kubernetes_executor.py
[2025-01-23T14:56:53.350+0000] {processor.py:914} INFO - Processing file /home/airflow/.local/lib/python3.12/site-packages/airflow/example_dags/example_kubernetes_executor.py for tasks to queue
[2025-01-23T14:56:53.352+0000] {logging_mixin.py:190} INFO - [2025-01-23T14:56:53.352+0000] {dagbag.py:588} INFO - Filling up the DagBag from /home/airflow/.local/lib/python3.12/site-packages/airflow/example_dags/example_kubernetes_executor.py
[2025-01-23T14:56:53.375+0000] {processor.py:925} INFO - DAG(s) 'example_kubernetes_executor' retrieved from /home/airflow/.local/lib/python3.12/site-packages/airflow/example_dags/example_kubernetes_executor.py
[2025-01-23T14:56:53.406+0000] {logging_mixin.py:190} INFO - [2025-01-23T14:56:53.406+0000] {dag.py:3239} INFO - Sync 1 DAGs
[2025-01-23T14:56:53.425+0000] {logging_mixin.py:190} INFO - [2025-01-23T14:56:53.425+0000] {dag.py:4180} INFO - Setting next_dagrun for example_kubernetes_executor to None, run_after=None
[2025-01-23T14:56:53.453+0000] {processor.py:208} INFO - Processing /home/airflow/.local/lib/python3.12/site-packages/airflow/example_dags/example_kubernetes_executor.py took 0.112 seconds
[2025-01-23T14:57:24.638+0000] {processor.py:186} INFO - Started process (PID=4478) to work on /home/airflow/.local/lib/python3.12/site-packages/airflow/example_dags/example_kubernetes_executor.py
[2025-01-23T14:57:24.640+0000] {processor.py:914} INFO - Processing file /home/airflow/.local/lib/python3.12/site-packages/airflow/example_dags/example_kubernetes_executor.py for tasks to queue
[2025-01-23T14:57:24.642+0000] {logging_mixin.py:190} INFO - [2025-01-23T14:57:24.642+0000] {dagbag.py:588} INFO - Filling up the DagBag from /home/airflow/.local/lib/python3.12/site-packages/airflow/example_dags/example_kubernetes_executor.py
[2025-01-23T14:57:24.661+0000] {processor.py:925} INFO - DAG(s) 'example_kubernetes_executor' retrieved from /home/airflow/.local/lib/python3.12/site-packages/airflow/example_dags/example_kubernetes_executor.py
[2025-01-23T14:57:24.691+0000] {logging_mixin.py:190} INFO - [2025-01-23T14:57:24.691+0000] {dag.py:3239} INFO - Sync 1 DAGs
[2025-01-23T14:57:24.709+0000] {logging_mixin.py:190} INFO - [2025-01-23T14:57:24.709+0000] {dag.py:4180} INFO - Setting next_dagrun for example_kubernetes_executor to None, run_after=None
[2025-01-23T14:57:24.738+0000] {processor.py:208} INFO - Processing /home/airflow/.local/lib/python3.12/site-packages/airflow/example_dags/example_kubernetes_executor.py took 0.108 seconds
[2025-01-23T14:57:55.911+0000] {processor.py:186} INFO - Started process (PID=4778) to work on /home/airflow/.local/lib/python3.12/site-packages/airflow/example_dags/example_kubernetes_executor.py
[2025-01-23T14:57:55.913+0000] {processor.py:914} INFO - Processing file /home/airflow/.local/lib/python3.12/site-packages/airflow/example_dags/example_kubernetes_executor.py for tasks to queue
[2025-01-23T14:57:55.916+0000] {logging_mixin.py:190} INFO - [2025-01-23T14:57:55.916+0000] {dagbag.py:588} INFO - Filling up the DagBag from /home/airflow/.local/lib/python3.12/site-packages/airflow/example_dags/example_kubernetes_executor.py
[2025-01-23T14:57:55.934+0000] {processor.py:925} INFO - DAG(s) 'example_kubernetes_executor' retrieved from /home/airflow/.local/lib/python3.12/site-packages/airflow/example_dags/example_kubernetes_executor.py
[2025-01-23T14:57:55.968+0000] {logging_mixin.py:190} INFO - [2025-01-23T14:57:55.968+0000] {dag.py:3239} INFO - Sync 1 DAGs
[2025-01-23T14:57:55.986+0000] {logging_mixin.py:190} INFO - [2025-01-23T14:57:55.986+0000] {dag.py:4180} INFO - Setting next_dagrun for example_kubernetes_executor to None, run_after=None
[2025-01-23T14:57:56.014+0000] {processor.py:208} INFO - Processing /home/airflow/.local/lib/python3.12/site-packages/airflow/example_dags/example_kubernetes_executor.py took 0.112 seconds
[2025-01-23T14:58:27.682+0000] {processor.py:186} INFO - Started process (PID=5076) to work on /home/airflow/.local/lib/python3.12/site-packages/airflow/example_dags/example_kubernetes_executor.py
[2025-01-23T14:58:27.683+0000] {processor.py:914} INFO - Processing file /home/airflow/.local/lib/python3.12/site-packages/airflow/example_dags/example_kubernetes_executor.py for tasks to queue
[2025-01-23T14:58:27.687+0000] {logging_mixin.py:190} INFO - [2025-01-23T14:58:27.686+0000] {dagbag.py:588} INFO - Filling up the DagBag from /home/airflow/.local/lib/python3.12/site-packages/airflow/example_dags/example_kubernetes_executor.py
[2025-01-23T14:58:27.703+0000] {processor.py:925} INFO - DAG(s) 'example_kubernetes_executor' retrieved from /home/airflow/.local/lib/python3.12/site-packages/airflow/example_dags/example_kubernetes_executor.py
[2025-01-23T14:58:27.740+0000] {logging_mixin.py:190} INFO - [2025-01-23T14:58:27.739+0000] {dag.py:3239} INFO - Sync 1 DAGs
[2025-01-23T14:58:27.761+0000] {logging_mixin.py:190} INFO - [2025-01-23T14:58:27.761+0000] {dag.py:4180} INFO - Setting next_dagrun for example_kubernetes_executor to None, run_after=None
[2025-01-23T14:58:27.791+0000] {processor.py:208} INFO - Processing /home/airflow/.local/lib/python3.12/site-packages/airflow/example_dags/example_kubernetes_executor.py took 0.118 seconds
[2025-01-23T14:58:59.235+0000] {processor.py:186} INFO - Started process (PID=5372) to work on /home/airflow/.local/lib/python3.12/site-packages/airflow/example_dags/example_kubernetes_executor.py
[2025-01-23T14:58:59.236+0000] {processor.py:914} INFO - Processing file /home/airflow/.local/lib/python3.12/site-packages/airflow/example_dags/example_kubernetes_executor.py for tasks to queue
[2025-01-23T14:58:59.240+0000] {logging_mixin.py:190} INFO - [2025-01-23T14:58:59.239+0000] {dagbag.py:588} INFO - Filling up the DagBag from /home/airflow/.local/lib/python3.12/site-packages/airflow/example_dags/example_kubernetes_executor.py
[2025-01-23T14:58:59.256+0000] {processor.py:925} INFO - DAG(s) 'example_kubernetes_executor' retrieved from /home/airflow/.local/lib/python3.12/site-packages/airflow/example_dags/example_kubernetes_executor.py
[2025-01-23T14:58:59.291+0000] {logging_mixin.py:190} INFO - [2025-01-23T14:58:59.291+0000] {dag.py:3239} INFO - Sync 1 DAGs
[2025-01-23T14:58:59.309+0000] {logging_mixin.py:190} INFO - [2025-01-23T14:58:59.308+0000] {dag.py:4180} INFO - Setting next_dagrun for example_kubernetes_executor to None, run_after=None
[2025-01-23T14:58:59.338+0000] {processor.py:208} INFO - Processing /home/airflow/.local/lib/python3.12/site-packages/airflow/example_dags/example_kubernetes_executor.py took 0.110 seconds
[2025-01-23T14:59:30.428+0000] {processor.py:186} INFO - Started process (PID=5668) to work on /home/airflow/.local/lib/python3.12/site-packages/airflow/example_dags/example_kubernetes_executor.py
[2025-01-23T14:59:30.430+0000] {processor.py:914} INFO - Processing file /home/airflow/.local/lib/python3.12/site-packages/airflow/example_dags/example_kubernetes_executor.py for tasks to queue
[2025-01-23T14:59:30.433+0000] {logging_mixin.py:190} INFO - [2025-01-23T14:59:30.432+0000] {dagbag.py:588} INFO - Filling up the DagBag from /home/airflow/.local/lib/python3.12/site-packages/airflow/example_dags/example_kubernetes_executor.py
[2025-01-23T14:59:30.450+0000] {processor.py:925} INFO - DAG(s) 'example_kubernetes_executor' retrieved from /home/airflow/.local/lib/python3.12/site-packages/airflow/example_dags/example_kubernetes_executor.py
[2025-01-23T14:59:30.485+0000] {logging_mixin.py:190} INFO - [2025-01-23T14:59:30.485+0000] {dag.py:3239} INFO - Sync 1 DAGs
[2025-01-23T14:59:30.504+0000] {logging_mixin.py:190} INFO - [2025-01-23T14:59:30.504+0000] {dag.py:4180} INFO - Setting next_dagrun for example_kubernetes_executor to None, run_after=None
[2025-01-23T14:59:30.528+0000] {processor.py:208} INFO - Processing /home/airflow/.local/lib/python3.12/site-packages/airflow/example_dags/example_kubernetes_executor.py took 0.110 seconds
[2025-01-23T15:00:01.685+0000] {processor.py:186} INFO - Started process (PID=5962) to work on /home/airflow/.local/lib/python3.12/site-packages/airflow/example_dags/example_kubernetes_executor.py
[2025-01-23T15:00:01.687+0000] {processor.py:914} INFO - Processing file /home/airflow/.local/lib/python3.12/site-packages/airflow/example_dags/example_kubernetes_executor.py for tasks to queue
[2025-01-23T15:00:01.690+0000] {logging_mixin.py:190} INFO - [2025-01-23T15:00:01.690+0000] {dagbag.py:588} INFO - Filling up the DagBag from /home/airflow/.local/lib/python3.12/site-packages/airflow/example_dags/example_kubernetes_executor.py
[2025-01-23T15:00:01.708+0000] {processor.py:925} INFO - DAG(s) 'example_kubernetes_executor' retrieved from /home/airflow/.local/lib/python3.12/site-packages/airflow/example_dags/example_kubernetes_executor.py
[2025-01-23T15:00:01.742+0000] {logging_mixin.py:190} INFO - [2025-01-23T15:00:01.742+0000] {dag.py:3239} INFO - Sync 1 DAGs
[2025-01-23T15:00:01.762+0000] {logging_mixin.py:190} INFO - [2025-01-23T15:00:01.762+0000] {dag.py:4180} INFO - Setting next_dagrun for example_kubernetes_executor to None, run_after=None
[2025-01-23T15:00:01.790+0000] {processor.py:208} INFO - Processing /home/airflow/.local/lib/python3.12/site-packages/airflow/example_dags/example_kubernetes_executor.py took 0.114 seconds
[2025-01-23T15:00:33.109+0000] {processor.py:186} INFO - Started process (PID=6260) to work on /home/airflow/.local/lib/python3.12/site-packages/airflow/example_dags/example_kubernetes_executor.py
[2025-01-23T15:00:33.111+0000] {processor.py:914} INFO - Processing file /home/airflow/.local/lib/python3.12/site-packages/airflow/example_dags/example_kubernetes_executor.py for tasks to queue
[2025-01-23T15:00:33.114+0000] {logging_mixin.py:190} INFO - [2025-01-23T15:00:33.114+0000] {dagbag.py:588} INFO - Filling up the DagBag from /home/airflow/.local/lib/python3.12/site-packages/airflow/example_dags/example_kubernetes_executor.py
[2025-01-23T15:00:33.135+0000] {processor.py:925} INFO - DAG(s) 'example_kubernetes_executor' retrieved from /home/airflow/.local/lib/python3.12/site-packages/airflow/example_dags/example_kubernetes_executor.py
[2025-01-23T15:00:33.174+0000] {logging_mixin.py:190} INFO - [2025-01-23T15:00:33.174+0000] {dag.py:3239} INFO - Sync 1 DAGs
[2025-01-23T15:00:33.196+0000] {logging_mixin.py:190} INFO - [2025-01-23T15:00:33.196+0000] {dag.py:4180} INFO - Setting next_dagrun for example_kubernetes_executor to None, run_after=None
[2025-01-23T15:00:33.222+0000] {processor.py:208} INFO - Processing /home/airflow/.local/lib/python3.12/site-packages/airflow/example_dags/example_kubernetes_executor.py took 0.123 seconds
[2025-01-23T15:01:04.682+0000] {processor.py:186} INFO - Started process (PID=6556) to work on /home/airflow/.local/lib/python3.12/site-packages/airflow/example_dags/example_kubernetes_executor.py
[2025-01-23T15:01:04.684+0000] {processor.py:914} INFO - Processing file /home/airflow/.local/lib/python3.12/site-packages/airflow/example_dags/example_kubernetes_executor.py for tasks to queue
[2025-01-23T15:01:04.688+0000] {logging_mixin.py:190} INFO - [2025-01-23T15:01:04.687+0000] {dagbag.py:588} INFO - Filling up the DagBag from /home/airflow/.local/lib/python3.12/site-packages/airflow/example_dags/example_kubernetes_executor.py
[2025-01-23T15:01:04.711+0000] {processor.py:925} INFO - DAG(s) 'example_kubernetes_executor' retrieved from /home/airflow/.local/lib/python3.12/site-packages/airflow/example_dags/example_kubernetes_executor.py
[2025-01-23T15:01:04.754+0000] {logging_mixin.py:190} INFO - [2025-01-23T15:01:04.753+0000] {dag.py:3239} INFO - Sync 1 DAGs
[2025-01-23T15:01:04.782+0000] {logging_mixin.py:190} INFO - [2025-01-23T15:01:04.782+0000] {dag.py:4180} INFO - Setting next_dagrun for example_kubernetes_executor to None, run_after=None
[2025-01-23T15:01:04.821+0000] {processor.py:208} INFO - Processing /home/airflow/.local/lib/python3.12/site-packages/airflow/example_dags/example_kubernetes_executor.py took 0.150 seconds
[2025-01-23T15:01:36.440+0000] {processor.py:186} INFO - Started process (PID=6852) to work on /home/airflow/.local/lib/python3.12/site-packages/airflow/example_dags/example_kubernetes_executor.py
[2025-01-23T15:01:36.442+0000] {processor.py:914} INFO - Processing file /home/airflow/.local/lib/python3.12/site-packages/airflow/example_dags/example_kubernetes_executor.py for tasks to queue
[2025-01-23T15:01:36.446+0000] {logging_mixin.py:190} INFO - [2025-01-23T15:01:36.445+0000] {dagbag.py:588} INFO - Filling up the DagBag from /home/airflow/.local/lib/python3.12/site-packages/airflow/example_dags/example_kubernetes_executor.py
[2025-01-23T15:01:36.469+0000] {processor.py:925} INFO - DAG(s) 'example_kubernetes_executor' retrieved from /home/airflow/.local/lib/python3.12/site-packages/airflow/example_dags/example_kubernetes_executor.py
[2025-01-23T15:01:36.509+0000] {logging_mixin.py:190} INFO - [2025-01-23T15:01:36.508+0000] {dag.py:3239} INFO - Sync 1 DAGs
[2025-01-23T15:01:36.532+0000] {logging_mixin.py:190} INFO - [2025-01-23T15:01:36.531+0000] {dag.py:4180} INFO - Setting next_dagrun for example_kubernetes_executor to None, run_after=None
[2025-01-23T15:01:36.567+0000] {processor.py:208} INFO - Processing /home/airflow/.local/lib/python3.12/site-packages/airflow/example_dags/example_kubernetes_executor.py took 0.140 seconds
[2025-01-23T15:02:07.596+0000] {processor.py:186} INFO - Started process (PID=7146) to work on /home/airflow/.local/lib/python3.12/site-packages/airflow/example_dags/example_kubernetes_executor.py
[2025-01-23T15:02:07.598+0000] {processor.py:914} INFO - Processing file /home/airflow/.local/lib/python3.12/site-packages/airflow/example_dags/example_kubernetes_executor.py for tasks to queue
[2025-01-23T15:02:07.602+0000] {logging_mixin.py:190} INFO - [2025-01-23T15:02:07.601+0000] {dagbag.py:588} INFO - Filling up the DagBag from /home/airflow/.local/lib/python3.12/site-packages/airflow/example_dags/example_kubernetes_executor.py
[2025-01-23T15:02:07.625+0000] {processor.py:925} INFO - DAG(s) 'example_kubernetes_executor' retrieved from /home/airflow/.local/lib/python3.12/site-packages/airflow/example_dags/example_kubernetes_executor.py
[2025-01-23T15:02:07.666+0000] {logging_mixin.py:190} INFO - [2025-01-23T15:02:07.665+0000] {dag.py:3239} INFO - Sync 1 DAGs
[2025-01-23T15:02:07.689+0000] {logging_mixin.py:190} INFO - [2025-01-23T15:02:07.689+0000] {dag.py:4180} INFO - Setting next_dagrun for example_kubernetes_executor to None, run_after=None
[2025-01-23T15:02:07.723+0000] {processor.py:208} INFO - Processing /home/airflow/.local/lib/python3.12/site-packages/airflow/example_dags/example_kubernetes_executor.py took 0.141 seconds
[2025-01-23T15:02:38.984+0000] {processor.py:186} INFO - Started process (PID=7444) to work on /home/airflow/.local/lib/python3.12/site-packages/airflow/example_dags/example_kubernetes_executor.py
[2025-01-23T15:02:38.985+0000] {processor.py:914} INFO - Processing file /home/airflow/.local/lib/python3.12/site-packages/airflow/example_dags/example_kubernetes_executor.py for tasks to queue
[2025-01-23T15:02:38.989+0000] {logging_mixin.py:190} INFO - [2025-01-23T15:02:38.988+0000] {dagbag.py:588} INFO - Filling up the DagBag from /home/airflow/.local/lib/python3.12/site-packages/airflow/example_dags/example_kubernetes_executor.py
[2025-01-23T15:02:39.009+0000] {processor.py:925} INFO - DAG(s) 'example_kubernetes_executor' retrieved from /home/airflow/.local/lib/python3.12/site-packages/airflow/example_dags/example_kubernetes_executor.py
[2025-01-23T15:02:39.043+0000] {logging_mixin.py:190} INFO - [2025-01-23T15:02:39.043+0000] {dag.py:3239} INFO - Sync 1 DAGs
[2025-01-23T15:02:39.067+0000] {logging_mixin.py:190} INFO - [2025-01-23T15:02:39.067+0000] {dag.py:4180} INFO - Setting next_dagrun for example_kubernetes_executor to None, run_after=None
[2025-01-23T15:02:39.092+0000] {processor.py:208} INFO - Processing /home/airflow/.local/lib/python3.12/site-packages/airflow/example_dags/example_kubernetes_executor.py took 0.117 seconds
[2025-01-23T15:03:10.806+0000] {processor.py:186} INFO - Started process (PID=7743) to work on /home/airflow/.local/lib/python3.12/site-packages/airflow/example_dags/example_kubernetes_executor.py
[2025-01-23T15:03:10.813+0000] {processor.py:914} INFO - Processing file /home/airflow/.local/lib/python3.12/site-packages/airflow/example_dags/example_kubernetes_executor.py for tasks to queue
[2025-01-23T15:03:10.816+0000] {logging_mixin.py:190} INFO - [2025-01-23T15:03:10.815+0000] {dagbag.py:588} INFO - Filling up the DagBag from /home/airflow/.local/lib/python3.12/site-packages/airflow/example_dags/example_kubernetes_executor.py
[2025-01-23T15:03:10.836+0000] {processor.py:925} INFO - DAG(s) 'example_kubernetes_executor' retrieved from /home/airflow/.local/lib/python3.12/site-packages/airflow/example_dags/example_kubernetes_executor.py
[2025-01-23T15:03:10.870+0000] {logging_mixin.py:190} INFO - [2025-01-23T15:03:10.870+0000] {dag.py:3239} INFO - Sync 1 DAGs
[2025-01-23T15:03:10.891+0000] {logging_mixin.py:190} INFO - [2025-01-23T15:03:10.890+0000] {dag.py:4180} INFO - Setting next_dagrun for example_kubernetes_executor to None, run_after=None
[2025-01-23T15:03:10.915+0000] {processor.py:208} INFO - Processing /home/airflow/.local/lib/python3.12/site-packages/airflow/example_dags/example_kubernetes_executor.py took 0.119 seconds
[2025-01-23T15:03:41.435+0000] {processor.py:186} INFO - Started process (PID=8036) to work on /home/airflow/.local/lib/python3.12/site-packages/airflow/example_dags/example_kubernetes_executor.py
[2025-01-23T15:03:41.436+0000] {processor.py:914} INFO - Processing file /home/airflow/.local/lib/python3.12/site-packages/airflow/example_dags/example_kubernetes_executor.py for tasks to queue
[2025-01-23T15:03:41.439+0000] {logging_mixin.py:190} INFO - [2025-01-23T15:03:41.439+0000] {dagbag.py:588} INFO - Filling up the DagBag from /home/airflow/.local/lib/python3.12/site-packages/airflow/example_dags/example_kubernetes_executor.py
[2025-01-23T15:03:41.461+0000] {processor.py:925} INFO - DAG(s) 'example_kubernetes_executor' retrieved from /home/airflow/.local/lib/python3.12/site-packages/airflow/example_dags/example_kubernetes_executor.py
[2025-01-23T15:03:41.498+0000] {logging_mixin.py:190} INFO - [2025-01-23T15:03:41.497+0000] {dag.py:3239} INFO - Sync 1 DAGs
[2025-01-23T15:03:41.515+0000] {logging_mixin.py:190} INFO - [2025-01-23T15:03:41.515+0000] {dag.py:4180} INFO - Setting next_dagrun for example_kubernetes_executor to None, run_after=None
[2025-01-23T15:03:41.546+0000] {processor.py:208} INFO - Processing /home/airflow/.local/lib/python3.12/site-packages/airflow/example_dags/example_kubernetes_executor.py took 0.119 seconds
[2025-01-23T15:04:12.157+0000] {processor.py:186} INFO - Started process (PID=8330) to work on /home/airflow/.local/lib/python3.12/site-packages/airflow/example_dags/example_kubernetes_executor.py
[2025-01-23T15:04:12.158+0000] {processor.py:914} INFO - Processing file /home/airflow/.local/lib/python3.12/site-packages/airflow/example_dags/example_kubernetes_executor.py for tasks to queue
[2025-01-23T15:04:12.162+0000] {logging_mixin.py:190} INFO - [2025-01-23T15:04:12.161+0000] {dagbag.py:588} INFO - Filling up the DagBag from /home/airflow/.local/lib/python3.12/site-packages/airflow/example_dags/example_kubernetes_executor.py
[2025-01-23T15:04:12.179+0000] {processor.py:925} INFO - DAG(s) 'example_kubernetes_executor' retrieved from /home/airflow/.local/lib/python3.12/site-packages/airflow/example_dags/example_kubernetes_executor.py
[2025-01-23T15:04:12.213+0000] {logging_mixin.py:190} INFO - [2025-01-23T15:04:12.213+0000] {dag.py:3239} INFO - Sync 1 DAGs
[2025-01-23T15:04:12.231+0000] {logging_mixin.py:190} INFO - [2025-01-23T15:04:12.230+0000] {dag.py:4180} INFO - Setting next_dagrun for example_kubernetes_executor to None, run_after=None
[2025-01-23T15:04:12.256+0000] {processor.py:208} INFO - Processing /home/airflow/.local/lib/python3.12/site-packages/airflow/example_dags/example_kubernetes_executor.py took 0.107 seconds
[2025-01-23T15:04:43.420+0000] {processor.py:186} INFO - Started process (PID=8626) to work on /home/airflow/.local/lib/python3.12/site-packages/airflow/example_dags/example_kubernetes_executor.py
[2025-01-23T15:04:43.421+0000] {processor.py:914} INFO - Processing file /home/airflow/.local/lib/python3.12/site-packages/airflow/example_dags/example_kubernetes_executor.py for tasks to queue
[2025-01-23T15:04:43.423+0000] {logging_mixin.py:190} INFO - [2025-01-23T15:04:43.423+0000] {dagbag.py:588} INFO - Filling up the DagBag from /home/airflow/.local/lib/python3.12/site-packages/airflow/example_dags/example_kubernetes_executor.py
[2025-01-23T15:04:43.448+0000] {processor.py:925} INFO - DAG(s) 'example_kubernetes_executor' retrieved from /home/airflow/.local/lib/python3.12/site-packages/airflow/example_dags/example_kubernetes_executor.py
[2025-01-23T15:04:43.482+0000] {logging_mixin.py:190} INFO - [2025-01-23T15:04:43.482+0000] {dag.py:3239} INFO - Sync 1 DAGs
[2025-01-23T15:04:43.504+0000] {logging_mixin.py:190} INFO - [2025-01-23T15:04:43.504+0000] {dag.py:4180} INFO - Setting next_dagrun for example_kubernetes_executor to None, run_after=None
[2025-01-23T15:04:43.531+0000] {processor.py:208} INFO - Processing /home/airflow/.local/lib/python3.12/site-packages/airflow/example_dags/example_kubernetes_executor.py took 0.119 seconds
[2025-01-23T15:05:14.517+0000] {processor.py:186} INFO - Started process (PID=8922) to work on /home/airflow/.local/lib/python3.12/site-packages/airflow/example_dags/example_kubernetes_executor.py
[2025-01-23T15:05:14.519+0000] {processor.py:914} INFO - Processing file /home/airflow/.local/lib/python3.12/site-packages/airflow/example_dags/example_kubernetes_executor.py for tasks to queue
[2025-01-23T15:05:14.524+0000] {logging_mixin.py:190} INFO - [2025-01-23T15:05:14.523+0000] {dagbag.py:588} INFO - Filling up the DagBag from /home/airflow/.local/lib/python3.12/site-packages/airflow/example_dags/example_kubernetes_executor.py
[2025-01-23T15:05:14.543+0000] {processor.py:925} INFO - DAG(s) 'example_kubernetes_executor' retrieved from /home/airflow/.local/lib/python3.12/site-packages/airflow/example_dags/example_kubernetes_executor.py
[2025-01-23T15:05:14.575+0000] {logging_mixin.py:190} INFO - [2025-01-23T15:05:14.575+0000] {dag.py:3239} INFO - Sync 1 DAGs
[2025-01-23T15:05:14.596+0000] {logging_mixin.py:190} INFO - [2025-01-23T15:05:14.595+0000] {dag.py:4180} INFO - Setting next_dagrun for example_kubernetes_executor to None, run_after=None
[2025-01-23T15:05:14.624+0000] {processor.py:208} INFO - Processing /home/airflow/.local/lib/python3.12/site-packages/airflow/example_dags/example_kubernetes_executor.py took 0.114 seconds
[2025-01-23T15:05:45.655+0000] {processor.py:186} INFO - Started process (PID=9218) to work on /home/airflow/.local/lib/python3.12/site-packages/airflow/example_dags/example_kubernetes_executor.py
[2025-01-23T15:05:45.656+0000] {processor.py:914} INFO - Processing file /home/airflow/.local/lib/python3.12/site-packages/airflow/example_dags/example_kubernetes_executor.py for tasks to queue
[2025-01-23T15:05:45.660+0000] {logging_mixin.py:190} INFO - [2025-01-23T15:05:45.659+0000] {dagbag.py:588} INFO - Filling up the DagBag from /home/airflow/.local/lib/python3.12/site-packages/airflow/example_dags/example_kubernetes_executor.py
[2025-01-23T15:05:45.675+0000] {processor.py:925} INFO - DAG(s) 'example_kubernetes_executor' retrieved from /home/airflow/.local/lib/python3.12/site-packages/airflow/example_dags/example_kubernetes_executor.py
[2025-01-23T15:05:45.705+0000] {logging_mixin.py:190} INFO - [2025-01-23T15:05:45.704+0000] {dag.py:3239} INFO - Sync 1 DAGs
[2025-01-23T15:05:45.724+0000] {logging_mixin.py:190} INFO - [2025-01-23T15:05:45.724+0000] {dag.py:4180} INFO - Setting next_dagrun for example_kubernetes_executor to None, run_after=None
[2025-01-23T15:05:45.754+0000] {processor.py:208} INFO - Processing /home/airflow/.local/lib/python3.12/site-packages/airflow/example_dags/example_kubernetes_executor.py took 0.107 seconds
[2025-01-23T15:06:16.094+0000] {processor.py:186} INFO - Started process (PID=9508) to work on /home/airflow/.local/lib/python3.12/site-packages/airflow/example_dags/example_kubernetes_executor.py
[2025-01-23T15:06:16.096+0000] {processor.py:914} INFO - Processing file /home/airflow/.local/lib/python3.12/site-packages/airflow/example_dags/example_kubernetes_executor.py for tasks to queue
[2025-01-23T15:06:16.098+0000] {logging_mixin.py:190} INFO - [2025-01-23T15:06:16.098+0000] {dagbag.py:588} INFO - Filling up the DagBag from /home/airflow/.local/lib/python3.12/site-packages/airflow/example_dags/example_kubernetes_executor.py
[2025-01-23T15:06:16.120+0000] {processor.py:925} INFO - DAG(s) 'example_kubernetes_executor' retrieved from /home/airflow/.local/lib/python3.12/site-packages/airflow/example_dags/example_kubernetes_executor.py
[2025-01-23T15:06:16.153+0000] {logging_mixin.py:190} INFO - [2025-01-23T15:06:16.153+0000] {dag.py:3239} INFO - Sync 1 DAGs
[2025-01-23T15:06:16.176+0000] {logging_mixin.py:190} INFO - [2025-01-23T15:06:16.175+0000] {dag.py:4180} INFO - Setting next_dagrun for example_kubernetes_executor to None, run_after=None
[2025-01-23T15:06:16.201+0000] {processor.py:208} INFO - Processing /home/airflow/.local/lib/python3.12/site-packages/airflow/example_dags/example_kubernetes_executor.py took 0.115 seconds
[2025-01-23T15:06:47.174+0000] {processor.py:186} INFO - Started process (PID=9804) to work on /home/airflow/.local/lib/python3.12/site-packages/airflow/example_dags/example_kubernetes_executor.py
[2025-01-23T15:06:47.175+0000] {processor.py:914} INFO - Processing file /home/airflow/.local/lib/python3.12/site-packages/airflow/example_dags/example_kubernetes_executor.py for tasks to queue
[2025-01-23T15:06:47.179+0000] {logging_mixin.py:190} INFO - [2025-01-23T15:06:47.179+0000] {dagbag.py:588} INFO - Filling up the DagBag from /home/airflow/.local/lib/python3.12/site-packages/airflow/example_dags/example_kubernetes_executor.py
[2025-01-23T15:06:47.196+0000] {processor.py:925} INFO - DAG(s) 'example_kubernetes_executor' retrieved from /home/airflow/.local/lib/python3.12/site-packages/airflow/example_dags/example_kubernetes_executor.py
[2025-01-23T15:06:47.233+0000] {logging_mixin.py:190} INFO - [2025-01-23T15:06:47.233+0000] {dag.py:3239} INFO - Sync 1 DAGs
[2025-01-23T15:06:47.254+0000] {logging_mixin.py:190} INFO - [2025-01-23T15:06:47.254+0000] {dag.py:4180} INFO - Setting next_dagrun for example_kubernetes_executor to None, run_after=None
[2025-01-23T15:06:47.286+0000] {processor.py:208} INFO - Processing /home/airflow/.local/lib/python3.12/site-packages/airflow/example_dags/example_kubernetes_executor.py took 0.119 seconds
[2025-01-23T15:07:18.055+0000] {processor.py:186} INFO - Started process (PID=10100) to work on /home/airflow/.local/lib/python3.12/site-packages/airflow/example_dags/example_kubernetes_executor.py
[2025-01-23T15:07:18.062+0000] {processor.py:914} INFO - Processing file /home/airflow/.local/lib/python3.12/site-packages/airflow/example_dags/example_kubernetes_executor.py for tasks to queue
[2025-01-23T15:07:18.066+0000] {logging_mixin.py:190} INFO - [2025-01-23T15:07:18.065+0000] {dagbag.py:588} INFO - Filling up the DagBag from /home/airflow/.local/lib/python3.12/site-packages/airflow/example_dags/example_kubernetes_executor.py
[2025-01-23T15:07:18.090+0000] {processor.py:925} INFO - DAG(s) 'example_kubernetes_executor' retrieved from /home/airflow/.local/lib/python3.12/site-packages/airflow/example_dags/example_kubernetes_executor.py
[2025-01-23T15:07:18.134+0000] {logging_mixin.py:190} INFO - [2025-01-23T15:07:18.134+0000] {dag.py:3239} INFO - Sync 1 DAGs
[2025-01-23T15:07:18.161+0000] {logging_mixin.py:190} INFO - [2025-01-23T15:07:18.160+0000] {dag.py:4180} INFO - Setting next_dagrun for example_kubernetes_executor to None, run_after=None
[2025-01-23T15:07:18.197+0000] {processor.py:208} INFO - Processing /home/airflow/.local/lib/python3.12/site-packages/airflow/example_dags/example_kubernetes_executor.py took 0.153 seconds
[2025-01-23T15:07:48.279+0000] {processor.py:186} INFO - Started process (PID=10391) to work on /home/airflow/.local/lib/python3.12/site-packages/airflow/example_dags/example_kubernetes_executor.py
[2025-01-23T15:07:48.280+0000] {processor.py:914} INFO - Processing file /home/airflow/.local/lib/python3.12/site-packages/airflow/example_dags/example_kubernetes_executor.py for tasks to queue
[2025-01-23T15:07:48.285+0000] {logging_mixin.py:190} INFO - [2025-01-23T15:07:48.284+0000] {dagbag.py:588} INFO - Filling up the DagBag from /home/airflow/.local/lib/python3.12/site-packages/airflow/example_dags/example_kubernetes_executor.py
[2025-01-23T15:07:48.309+0000] {processor.py:925} INFO - DAG(s) 'example_kubernetes_executor' retrieved from /home/airflow/.local/lib/python3.12/site-packages/airflow/example_dags/example_kubernetes_executor.py
[2025-01-23T15:07:48.353+0000] {logging_mixin.py:190} INFO - [2025-01-23T15:07:48.352+0000] {dag.py:3239} INFO - Sync 1 DAGs
[2025-01-23T15:07:48.375+0000] {logging_mixin.py:190} INFO - [2025-01-23T15:07:48.375+0000] {dag.py:4180} INFO - Setting next_dagrun for example_kubernetes_executor to None, run_after=None
[2025-01-23T15:07:48.409+0000] {processor.py:208} INFO - Processing /home/airflow/.local/lib/python3.12/site-packages/airflow/example_dags/example_kubernetes_executor.py took 0.138 seconds
[2025-01-23T15:08:19.272+0000] {processor.py:186} INFO - Started process (PID=10732) to work on /home/airflow/.local/lib/python3.12/site-packages/airflow/example_dags/example_kubernetes_executor.py
[2025-01-23T15:08:19.275+0000] {processor.py:914} INFO - Processing file /home/airflow/.local/lib/python3.12/site-packages/airflow/example_dags/example_kubernetes_executor.py for tasks to queue
[2025-01-23T15:08:19.281+0000] {logging_mixin.py:190} INFO - [2025-01-23T15:08:19.280+0000] {dagbag.py:588} INFO - Filling up the DagBag from /home/airflow/.local/lib/python3.12/site-packages/airflow/example_dags/example_kubernetes_executor.py
[2025-01-23T15:08:19.319+0000] {processor.py:925} INFO - DAG(s) 'example_kubernetes_executor' retrieved from /home/airflow/.local/lib/python3.12/site-packages/airflow/example_dags/example_kubernetes_executor.py
[2025-01-23T15:08:19.383+0000] {logging_mixin.py:190} INFO - [2025-01-23T15:08:19.382+0000] {dag.py:3239} INFO - Sync 1 DAGs
[2025-01-23T15:08:20.089+0000] {logging_mixin.py:190} INFO - [2025-01-23T15:08:20.088+0000] {process_utils.py:266} INFO - Waiting up to 5 seconds for processes to exit...
