[2025-01-23T14:50:09.843+0000] {processor.py:186} INFO - Started process (PID=422) to work on /home/airflow/.local/lib/python3.12/site-packages/airflow/example_dags/example_sla_dag.py
[2025-01-23T14:50:09.845+0000] {processor.py:914} INFO - Processing file /home/airflow/.local/lib/python3.12/site-packages/airflow/example_dags/example_sla_dag.py for tasks to queue
[2025-01-23T14:50:09.848+0000] {logging_mixin.py:190} INFO - [2025-01-23T14:50:09.847+0000] {dagbag.py:588} INFO - Filling up the DagBag from /home/airflow/.local/lib/python3.12/site-packages/airflow/example_dags/example_sla_dag.py
[2025-01-23T14:50:09.862+0000] {processor.py:925} INFO - DAG(s) 'example_sla_dag' retrieved from /home/airflow/.local/lib/python3.12/site-packages/airflow/example_dags/example_sla_dag.py
[2025-01-23T14:50:09.886+0000] {logging_mixin.py:190} INFO - [2025-01-23T14:50:09.885+0000] {dag.py:3239} INFO - Sync 1 DAGs
[2025-01-23T14:50:09.918+0000] {logging_mixin.py:190} INFO - [2025-01-23T14:50:09.917+0000] {dag.py:4180} INFO - Setting next_dagrun for example_sla_dag to 2025-01-23 14:48:00+00:00, run_after=2025-01-23 14:50:00+00:00
[2025-01-23T14:50:09.938+0000] {processor.py:208} INFO - Processing /home/airflow/.local/lib/python3.12/site-packages/airflow/example_dags/example_sla_dag.py took 0.104 seconds
[2025-01-23T14:50:40.722+0000] {processor.py:186} INFO - Started process (PID=718) to work on /home/airflow/.local/lib/python3.12/site-packages/airflow/example_dags/example_sla_dag.py
[2025-01-23T14:50:40.724+0000] {processor.py:914} INFO - Processing file /home/airflow/.local/lib/python3.12/site-packages/airflow/example_dags/example_sla_dag.py for tasks to queue
[2025-01-23T14:50:40.726+0000] {logging_mixin.py:190} INFO - [2025-01-23T14:50:40.725+0000] {dagbag.py:588} INFO - Filling up the DagBag from /home/airflow/.local/lib/python3.12/site-packages/airflow/example_dags/example_sla_dag.py
[2025-01-23T14:50:40.735+0000] {processor.py:925} INFO - DAG(s) 'example_sla_dag' retrieved from /home/airflow/.local/lib/python3.12/site-packages/airflow/example_dags/example_sla_dag.py
[2025-01-23T14:50:40.754+0000] {logging_mixin.py:190} INFO - [2025-01-23T14:50:40.753+0000] {dag.py:3239} INFO - Sync 1 DAGs
[2025-01-23T14:50:40.775+0000] {logging_mixin.py:190} INFO - [2025-01-23T14:50:40.775+0000] {dag.py:4180} INFO - Setting next_dagrun for example_sla_dag to 2025-01-23 14:48:00+00:00, run_after=2025-01-23 14:50:00+00:00
[2025-01-23T14:50:40.792+0000] {processor.py:208} INFO - Processing /home/airflow/.local/lib/python3.12/site-packages/airflow/example_dags/example_sla_dag.py took 0.075 seconds
[2025-01-23T14:51:12.284+0000] {processor.py:186} INFO - Started process (PID=1014) to work on /home/airflow/.local/lib/python3.12/site-packages/airflow/example_dags/example_sla_dag.py
[2025-01-23T14:51:12.285+0000] {processor.py:914} INFO - Processing file /home/airflow/.local/lib/python3.12/site-packages/airflow/example_dags/example_sla_dag.py for tasks to queue
[2025-01-23T14:51:12.287+0000] {logging_mixin.py:190} INFO - [2025-01-23T14:51:12.287+0000] {dagbag.py:588} INFO - Filling up the DagBag from /home/airflow/.local/lib/python3.12/site-packages/airflow/example_dags/example_sla_dag.py
[2025-01-23T14:51:12.297+0000] {processor.py:925} INFO - DAG(s) 'example_sla_dag' retrieved from /home/airflow/.local/lib/python3.12/site-packages/airflow/example_dags/example_sla_dag.py
[2025-01-23T14:51:12.315+0000] {logging_mixin.py:190} INFO - [2025-01-23T14:51:12.315+0000] {dag.py:3239} INFO - Sync 1 DAGs
[2025-01-23T14:51:12.338+0000] {logging_mixin.py:190} INFO - [2025-01-23T14:51:12.338+0000] {dag.py:4180} INFO - Setting next_dagrun for example_sla_dag to 2025-01-23 14:48:00+00:00, run_after=2025-01-23 14:50:00+00:00
[2025-01-23T14:51:12.357+0000] {processor.py:208} INFO - Processing /home/airflow/.local/lib/python3.12/site-packages/airflow/example_dags/example_sla_dag.py took 0.079 seconds
[2025-01-23T14:51:43.496+0000] {processor.py:186} INFO - Started process (PID=1310) to work on /home/airflow/.local/lib/python3.12/site-packages/airflow/example_dags/example_sla_dag.py
[2025-01-23T14:51:43.497+0000] {processor.py:914} INFO - Processing file /home/airflow/.local/lib/python3.12/site-packages/airflow/example_dags/example_sla_dag.py for tasks to queue
[2025-01-23T14:51:43.500+0000] {logging_mixin.py:190} INFO - [2025-01-23T14:51:43.499+0000] {dagbag.py:588} INFO - Filling up the DagBag from /home/airflow/.local/lib/python3.12/site-packages/airflow/example_dags/example_sla_dag.py
[2025-01-23T14:51:43.510+0000] {processor.py:925} INFO - DAG(s) 'example_sla_dag' retrieved from /home/airflow/.local/lib/python3.12/site-packages/airflow/example_dags/example_sla_dag.py
[2025-01-23T14:51:43.528+0000] {logging_mixin.py:190} INFO - [2025-01-23T14:51:43.527+0000] {dag.py:3239} INFO - Sync 1 DAGs
[2025-01-23T14:51:43.550+0000] {logging_mixin.py:190} INFO - [2025-01-23T14:51:43.550+0000] {dag.py:4180} INFO - Setting next_dagrun for example_sla_dag to 2025-01-23 14:48:00+00:00, run_after=2025-01-23 14:50:00+00:00
[2025-01-23T14:51:43.566+0000] {processor.py:208} INFO - Processing /home/airflow/.local/lib/python3.12/site-packages/airflow/example_dags/example_sla_dag.py took 0.076 seconds
[2025-01-23T14:52:14.867+0000] {processor.py:186} INFO - Started process (PID=1606) to work on /home/airflow/.local/lib/python3.12/site-packages/airflow/example_dags/example_sla_dag.py
[2025-01-23T14:52:14.868+0000] {processor.py:914} INFO - Processing file /home/airflow/.local/lib/python3.12/site-packages/airflow/example_dags/example_sla_dag.py for tasks to queue
[2025-01-23T14:52:14.870+0000] {logging_mixin.py:190} INFO - [2025-01-23T14:52:14.870+0000] {dagbag.py:588} INFO - Filling up the DagBag from /home/airflow/.local/lib/python3.12/site-packages/airflow/example_dags/example_sla_dag.py
[2025-01-23T14:52:14.880+0000] {processor.py:925} INFO - DAG(s) 'example_sla_dag' retrieved from /home/airflow/.local/lib/python3.12/site-packages/airflow/example_dags/example_sla_dag.py
[2025-01-23T14:52:14.899+0000] {logging_mixin.py:190} INFO - [2025-01-23T14:52:14.899+0000] {dag.py:3239} INFO - Sync 1 DAGs
[2025-01-23T14:52:14.922+0000] {logging_mixin.py:190} INFO - [2025-01-23T14:52:14.922+0000] {dag.py:4180} INFO - Setting next_dagrun for example_sla_dag to 2025-01-23 14:50:00+00:00, run_after=2025-01-23 14:52:00+00:00
[2025-01-23T14:52:14.942+0000] {processor.py:208} INFO - Processing /home/airflow/.local/lib/python3.12/site-packages/airflow/example_dags/example_sla_dag.py took 0.080 seconds
[2025-01-23T14:52:47.316+0000] {processor.py:186} INFO - Started process (PID=1902) to work on /home/airflow/.local/lib/python3.12/site-packages/airflow/example_dags/example_sla_dag.py
[2025-01-23T14:52:47.317+0000] {processor.py:914} INFO - Processing file /home/airflow/.local/lib/python3.12/site-packages/airflow/example_dags/example_sla_dag.py for tasks to queue
[2025-01-23T14:52:47.319+0000] {logging_mixin.py:190} INFO - [2025-01-23T14:52:47.319+0000] {dagbag.py:588} INFO - Filling up the DagBag from /home/airflow/.local/lib/python3.12/site-packages/airflow/example_dags/example_sla_dag.py
[2025-01-23T14:52:47.334+0000] {processor.py:925} INFO - DAG(s) 'example_sla_dag' retrieved from /home/airflow/.local/lib/python3.12/site-packages/airflow/example_dags/example_sla_dag.py
[2025-01-23T14:52:47.358+0000] {logging_mixin.py:190} INFO - [2025-01-23T14:52:47.358+0000] {dag.py:3239} INFO - Sync 1 DAGs
[2025-01-23T14:52:47.384+0000] {logging_mixin.py:190} INFO - [2025-01-23T14:52:47.384+0000] {dag.py:4180} INFO - Setting next_dagrun for example_sla_dag to 2025-01-23 14:50:00+00:00, run_after=2025-01-23 14:52:00+00:00
[2025-01-23T14:52:47.405+0000] {processor.py:208} INFO - Processing /home/airflow/.local/lib/python3.12/site-packages/airflow/example_dags/example_sla_dag.py took 0.101 seconds
[2025-01-23T14:53:18.153+0000] {processor.py:186} INFO - Started process (PID=2198) to work on /home/airflow/.local/lib/python3.12/site-packages/airflow/example_dags/example_sla_dag.py
[2025-01-23T14:53:18.155+0000] {processor.py:914} INFO - Processing file /home/airflow/.local/lib/python3.12/site-packages/airflow/example_dags/example_sla_dag.py for tasks to queue
[2025-01-23T14:53:18.157+0000] {logging_mixin.py:190} INFO - [2025-01-23T14:53:18.157+0000] {dagbag.py:588} INFO - Filling up the DagBag from /home/airflow/.local/lib/python3.12/site-packages/airflow/example_dags/example_sla_dag.py
[2025-01-23T14:53:18.171+0000] {processor.py:925} INFO - DAG(s) 'example_sla_dag' retrieved from /home/airflow/.local/lib/python3.12/site-packages/airflow/example_dags/example_sla_dag.py
[2025-01-23T14:53:18.195+0000] {logging_mixin.py:190} INFO - [2025-01-23T14:53:18.195+0000] {dag.py:3239} INFO - Sync 1 DAGs
[2025-01-23T14:53:18.225+0000] {logging_mixin.py:190} INFO - [2025-01-23T14:53:18.224+0000] {dag.py:4180} INFO - Setting next_dagrun for example_sla_dag to 2025-01-23 14:50:00+00:00, run_after=2025-01-23 14:52:00+00:00
[2025-01-23T14:53:18.249+0000] {processor.py:208} INFO - Processing /home/airflow/.local/lib/python3.12/site-packages/airflow/example_dags/example_sla_dag.py took 0.105 seconds
[2025-01-23T14:53:48.438+0000] {processor.py:186} INFO - Started process (PID=2489) to work on /home/airflow/.local/lib/python3.12/site-packages/airflow/example_dags/example_sla_dag.py
[2025-01-23T14:53:48.439+0000] {processor.py:914} INFO - Processing file /home/airflow/.local/lib/python3.12/site-packages/airflow/example_dags/example_sla_dag.py for tasks to queue
[2025-01-23T14:53:48.441+0000] {logging_mixin.py:190} INFO - [2025-01-23T14:53:48.440+0000] {dagbag.py:588} INFO - Filling up the DagBag from /home/airflow/.local/lib/python3.12/site-packages/airflow/example_dags/example_sla_dag.py
[2025-01-23T14:53:48.449+0000] {processor.py:925} INFO - DAG(s) 'example_sla_dag' retrieved from /home/airflow/.local/lib/python3.12/site-packages/airflow/example_dags/example_sla_dag.py
[2025-01-23T14:53:48.466+0000] {logging_mixin.py:190} INFO - [2025-01-23T14:53:48.466+0000] {dag.py:3239} INFO - Sync 1 DAGs
[2025-01-23T14:53:48.488+0000] {logging_mixin.py:190} INFO - [2025-01-23T14:53:48.488+0000] {dag.py:4180} INFO - Setting next_dagrun for example_sla_dag to 2025-01-23 14:50:00+00:00, run_after=2025-01-23 14:52:00+00:00
[2025-01-23T14:53:48.505+0000] {processor.py:208} INFO - Processing /home/airflow/.local/lib/python3.12/site-packages/airflow/example_dags/example_sla_dag.py took 0.073 seconds
[2025-01-23T14:54:19.122+0000] {processor.py:186} INFO - Started process (PID=2785) to work on /home/airflow/.local/lib/python3.12/site-packages/airflow/example_dags/example_sla_dag.py
[2025-01-23T14:54:19.123+0000] {processor.py:914} INFO - Processing file /home/airflow/.local/lib/python3.12/site-packages/airflow/example_dags/example_sla_dag.py for tasks to queue
[2025-01-23T14:54:19.125+0000] {logging_mixin.py:190} INFO - [2025-01-23T14:54:19.125+0000] {dagbag.py:588} INFO - Filling up the DagBag from /home/airflow/.local/lib/python3.12/site-packages/airflow/example_dags/example_sla_dag.py
[2025-01-23T14:54:19.134+0000] {processor.py:925} INFO - DAG(s) 'example_sla_dag' retrieved from /home/airflow/.local/lib/python3.12/site-packages/airflow/example_dags/example_sla_dag.py
[2025-01-23T14:54:19.152+0000] {logging_mixin.py:190} INFO - [2025-01-23T14:54:19.152+0000] {dag.py:3239} INFO - Sync 1 DAGs
[2025-01-23T14:54:19.174+0000] {logging_mixin.py:190} INFO - [2025-01-23T14:54:19.174+0000] {dag.py:4180} INFO - Setting next_dagrun for example_sla_dag to 2025-01-23 14:52:00+00:00, run_after=2025-01-23 14:54:00+00:00
[2025-01-23T14:54:19.190+0000] {processor.py:208} INFO - Processing /home/airflow/.local/lib/python3.12/site-packages/airflow/example_dags/example_sla_dag.py took 0.074 seconds
[2025-01-23T14:54:49.987+0000] {processor.py:186} INFO - Started process (PID=3081) to work on /home/airflow/.local/lib/python3.12/site-packages/airflow/example_dags/example_sla_dag.py
[2025-01-23T14:54:49.989+0000] {processor.py:914} INFO - Processing file /home/airflow/.local/lib/python3.12/site-packages/airflow/example_dags/example_sla_dag.py for tasks to queue
[2025-01-23T14:54:49.991+0000] {logging_mixin.py:190} INFO - [2025-01-23T14:54:49.991+0000] {dagbag.py:588} INFO - Filling up the DagBag from /home/airflow/.local/lib/python3.12/site-packages/airflow/example_dags/example_sla_dag.py
[2025-01-23T14:54:50.000+0000] {processor.py:925} INFO - DAG(s) 'example_sla_dag' retrieved from /home/airflow/.local/lib/python3.12/site-packages/airflow/example_dags/example_sla_dag.py
[2025-01-23T14:54:50.017+0000] {logging_mixin.py:190} INFO - [2025-01-23T14:54:50.016+0000] {dag.py:3239} INFO - Sync 1 DAGs
[2025-01-23T14:54:50.038+0000] {logging_mixin.py:190} INFO - [2025-01-23T14:54:50.038+0000] {dag.py:4180} INFO - Setting next_dagrun for example_sla_dag to 2025-01-23 14:52:00+00:00, run_after=2025-01-23 14:54:00+00:00
[2025-01-23T14:54:50.055+0000] {processor.py:208} INFO - Processing /home/airflow/.local/lib/python3.12/site-packages/airflow/example_dags/example_sla_dag.py took 0.073 seconds
[2025-01-23T14:55:20.618+0000] {processor.py:186} INFO - Started process (PID=3379) to work on /home/airflow/.local/lib/python3.12/site-packages/airflow/example_dags/example_sla_dag.py
[2025-01-23T14:55:20.619+0000] {processor.py:914} INFO - Processing file /home/airflow/.local/lib/python3.12/site-packages/airflow/example_dags/example_sla_dag.py for tasks to queue
[2025-01-23T14:55:20.621+0000] {logging_mixin.py:190} INFO - [2025-01-23T14:55:20.621+0000] {dagbag.py:588} INFO - Filling up the DagBag from /home/airflow/.local/lib/python3.12/site-packages/airflow/example_dags/example_sla_dag.py
[2025-01-23T14:55:20.630+0000] {processor.py:925} INFO - DAG(s) 'example_sla_dag' retrieved from /home/airflow/.local/lib/python3.12/site-packages/airflow/example_dags/example_sla_dag.py
[2025-01-23T14:55:20.648+0000] {logging_mixin.py:190} INFO - [2025-01-23T14:55:20.648+0000] {dag.py:3239} INFO - Sync 1 DAGs
[2025-01-23T14:55:20.668+0000] {logging_mixin.py:190} INFO - [2025-01-23T14:55:20.667+0000] {dag.py:4180} INFO - Setting next_dagrun for example_sla_dag to 2025-01-23 14:52:00+00:00, run_after=2025-01-23 14:54:00+00:00
[2025-01-23T14:55:20.684+0000] {processor.py:208} INFO - Processing /home/airflow/.local/lib/python3.12/site-packages/airflow/example_dags/example_sla_dag.py took 0.072 seconds
[2025-01-23T14:55:51.779+0000] {processor.py:186} INFO - Started process (PID=3675) to work on /home/airflow/.local/lib/python3.12/site-packages/airflow/example_dags/example_sla_dag.py
[2025-01-23T14:55:51.780+0000] {processor.py:914} INFO - Processing file /home/airflow/.local/lib/python3.12/site-packages/airflow/example_dags/example_sla_dag.py for tasks to queue
[2025-01-23T14:55:51.782+0000] {logging_mixin.py:190} INFO - [2025-01-23T14:55:51.782+0000] {dagbag.py:588} INFO - Filling up the DagBag from /home/airflow/.local/lib/python3.12/site-packages/airflow/example_dags/example_sla_dag.py
[2025-01-23T14:55:51.791+0000] {processor.py:925} INFO - DAG(s) 'example_sla_dag' retrieved from /home/airflow/.local/lib/python3.12/site-packages/airflow/example_dags/example_sla_dag.py
[2025-01-23T14:55:51.808+0000] {logging_mixin.py:190} INFO - [2025-01-23T14:55:51.808+0000] {dag.py:3239} INFO - Sync 1 DAGs
[2025-01-23T14:55:51.828+0000] {logging_mixin.py:190} INFO - [2025-01-23T14:55:51.828+0000] {dag.py:4180} INFO - Setting next_dagrun for example_sla_dag to 2025-01-23 14:52:00+00:00, run_after=2025-01-23 14:54:00+00:00
[2025-01-23T14:55:51.844+0000] {processor.py:208} INFO - Processing /home/airflow/.local/lib/python3.12/site-packages/airflow/example_dags/example_sla_dag.py took 0.070 seconds
[2025-01-23T14:56:23.886+0000] {processor.py:186} INFO - Started process (PID=3974) to work on /home/airflow/.local/lib/python3.12/site-packages/airflow/example_dags/example_sla_dag.py
[2025-01-23T14:56:23.887+0000] {processor.py:914} INFO - Processing file /home/airflow/.local/lib/python3.12/site-packages/airflow/example_dags/example_sla_dag.py for tasks to queue
[2025-01-23T14:56:23.891+0000] {logging_mixin.py:190} INFO - [2025-01-23T14:56:23.890+0000] {dagbag.py:588} INFO - Filling up the DagBag from /home/airflow/.local/lib/python3.12/site-packages/airflow/example_dags/example_sla_dag.py
[2025-01-23T14:56:23.904+0000] {processor.py:925} INFO - DAG(s) 'example_sla_dag' retrieved from /home/airflow/.local/lib/python3.12/site-packages/airflow/example_dags/example_sla_dag.py
[2025-01-23T14:56:23.931+0000] {logging_mixin.py:190} INFO - [2025-01-23T14:56:23.930+0000] {dag.py:3239} INFO - Sync 1 DAGs
[2025-01-23T14:56:23.962+0000] {logging_mixin.py:190} INFO - [2025-01-23T14:56:23.962+0000] {dag.py:4180} INFO - Setting next_dagrun for example_sla_dag to 2025-01-23 14:54:00+00:00, run_after=2025-01-23 14:56:00+00:00
[2025-01-23T14:56:23.985+0000] {processor.py:208} INFO - Processing /home/airflow/.local/lib/python3.12/site-packages/airflow/example_dags/example_sla_dag.py took 0.107 seconds
[2025-01-23T14:56:55.209+0000] {processor.py:186} INFO - Started process (PID=4270) to work on /home/airflow/.local/lib/python3.12/site-packages/airflow/example_dags/example_sla_dag.py
[2025-01-23T14:56:55.211+0000] {processor.py:914} INFO - Processing file /home/airflow/.local/lib/python3.12/site-packages/airflow/example_dags/example_sla_dag.py for tasks to queue
[2025-01-23T14:56:55.213+0000] {logging_mixin.py:190} INFO - [2025-01-23T14:56:55.213+0000] {dagbag.py:588} INFO - Filling up the DagBag from /home/airflow/.local/lib/python3.12/site-packages/airflow/example_dags/example_sla_dag.py
[2025-01-23T14:56:55.227+0000] {processor.py:925} INFO - DAG(s) 'example_sla_dag' retrieved from /home/airflow/.local/lib/python3.12/site-packages/airflow/example_dags/example_sla_dag.py
[2025-01-23T14:56:55.255+0000] {logging_mixin.py:190} INFO - [2025-01-23T14:56:55.254+0000] {dag.py:3239} INFO - Sync 1 DAGs
[2025-01-23T14:56:55.288+0000] {logging_mixin.py:190} INFO - [2025-01-23T14:56:55.288+0000] {dag.py:4180} INFO - Setting next_dagrun for example_sla_dag to 2025-01-23 14:54:00+00:00, run_after=2025-01-23 14:56:00+00:00
[2025-01-23T14:56:55.311+0000] {processor.py:208} INFO - Processing /home/airflow/.local/lib/python3.12/site-packages/airflow/example_dags/example_sla_dag.py took 0.110 seconds
[2025-01-23T14:57:26.428+0000] {processor.py:186} INFO - Started process (PID=4572) to work on /home/airflow/.local/lib/python3.12/site-packages/airflow/example_dags/example_sla_dag.py
[2025-01-23T14:57:26.430+0000] {processor.py:914} INFO - Processing file /home/airflow/.local/lib/python3.12/site-packages/airflow/example_dags/example_sla_dag.py for tasks to queue
[2025-01-23T14:57:26.432+0000] {logging_mixin.py:190} INFO - [2025-01-23T14:57:26.432+0000] {dagbag.py:588} INFO - Filling up the DagBag from /home/airflow/.local/lib/python3.12/site-packages/airflow/example_dags/example_sla_dag.py
[2025-01-23T14:57:26.447+0000] {processor.py:925} INFO - DAG(s) 'example_sla_dag' retrieved from /home/airflow/.local/lib/python3.12/site-packages/airflow/example_dags/example_sla_dag.py
[2025-01-23T14:57:26.472+0000] {logging_mixin.py:190} INFO - [2025-01-23T14:57:26.472+0000] {dag.py:3239} INFO - Sync 1 DAGs
[2025-01-23T14:57:26.508+0000] {logging_mixin.py:190} INFO - [2025-01-23T14:57:26.508+0000] {dag.py:4180} INFO - Setting next_dagrun for example_sla_dag to 2025-01-23 14:54:00+00:00, run_after=2025-01-23 14:56:00+00:00
[2025-01-23T14:57:26.537+0000] {processor.py:208} INFO - Processing /home/airflow/.local/lib/python3.12/site-packages/airflow/example_dags/example_sla_dag.py took 0.119 seconds
[2025-01-23T14:57:57.833+0000] {processor.py:186} INFO - Started process (PID=4868) to work on /home/airflow/.local/lib/python3.12/site-packages/airflow/example_dags/example_sla_dag.py
[2025-01-23T14:57:57.834+0000] {processor.py:914} INFO - Processing file /home/airflow/.local/lib/python3.12/site-packages/airflow/example_dags/example_sla_dag.py for tasks to queue
[2025-01-23T14:57:57.836+0000] {logging_mixin.py:190} INFO - [2025-01-23T14:57:57.836+0000] {dagbag.py:588} INFO - Filling up the DagBag from /home/airflow/.local/lib/python3.12/site-packages/airflow/example_dags/example_sla_dag.py
[2025-01-23T14:57:57.849+0000] {processor.py:925} INFO - DAG(s) 'example_sla_dag' retrieved from /home/airflow/.local/lib/python3.12/site-packages/airflow/example_dags/example_sla_dag.py
[2025-01-23T14:57:57.877+0000] {logging_mixin.py:190} INFO - [2025-01-23T14:57:57.877+0000] {dag.py:3239} INFO - Sync 1 DAGs
[2025-01-23T14:57:57.910+0000] {logging_mixin.py:190} INFO - [2025-01-23T14:57:57.910+0000] {dag.py:4180} INFO - Setting next_dagrun for example_sla_dag to 2025-01-23 14:54:00+00:00, run_after=2025-01-23 14:56:00+00:00
[2025-01-23T14:57:57.939+0000] {processor.py:208} INFO - Processing /home/airflow/.local/lib/python3.12/site-packages/airflow/example_dags/example_sla_dag.py took 0.113 seconds
[2025-01-23T14:58:29.334+0000] {processor.py:186} INFO - Started process (PID=5161) to work on /home/airflow/.local/lib/python3.12/site-packages/airflow/example_dags/example_sla_dag.py
[2025-01-23T14:58:29.336+0000] {processor.py:914} INFO - Processing file /home/airflow/.local/lib/python3.12/site-packages/airflow/example_dags/example_sla_dag.py for tasks to queue
[2025-01-23T14:58:29.341+0000] {logging_mixin.py:190} INFO - [2025-01-23T14:58:29.340+0000] {dagbag.py:588} INFO - Filling up the DagBag from /home/airflow/.local/lib/python3.12/site-packages/airflow/example_dags/example_sla_dag.py
[2025-01-23T14:58:29.360+0000] {processor.py:925} INFO - DAG(s) 'example_sla_dag' retrieved from /home/airflow/.local/lib/python3.12/site-packages/airflow/example_dags/example_sla_dag.py
[2025-01-23T14:58:29.392+0000] {logging_mixin.py:190} INFO - [2025-01-23T14:58:29.392+0000] {dag.py:3239} INFO - Sync 1 DAGs
[2025-01-23T14:58:29.429+0000] {logging_mixin.py:190} INFO - [2025-01-23T14:58:29.429+0000] {dag.py:4180} INFO - Setting next_dagrun for example_sla_dag to 2025-01-23 14:56:00+00:00, run_after=2025-01-23 14:58:00+00:00
[2025-01-23T14:58:29.458+0000] {processor.py:208} INFO - Processing /home/airflow/.local/lib/python3.12/site-packages/airflow/example_dags/example_sla_dag.py took 0.144 seconds
[2025-01-23T14:59:01.028+0000] {processor.py:186} INFO - Started process (PID=5457) to work on /home/airflow/.local/lib/python3.12/site-packages/airflow/example_dags/example_sla_dag.py
[2025-01-23T14:59:01.029+0000] {processor.py:914} INFO - Processing file /home/airflow/.local/lib/python3.12/site-packages/airflow/example_dags/example_sla_dag.py for tasks to queue
[2025-01-23T14:59:01.033+0000] {logging_mixin.py:190} INFO - [2025-01-23T14:59:01.033+0000] {dagbag.py:588} INFO - Filling up the DagBag from /home/airflow/.local/lib/python3.12/site-packages/airflow/example_dags/example_sla_dag.py
[2025-01-23T14:59:01.047+0000] {processor.py:925} INFO - DAG(s) 'example_sla_dag' retrieved from /home/airflow/.local/lib/python3.12/site-packages/airflow/example_dags/example_sla_dag.py
[2025-01-23T14:59:01.079+0000] {logging_mixin.py:190} INFO - [2025-01-23T14:59:01.079+0000] {dag.py:3239} INFO - Sync 1 DAGs
[2025-01-23T14:59:01.127+0000] {logging_mixin.py:190} INFO - [2025-01-23T14:59:01.126+0000] {dag.py:4180} INFO - Setting next_dagrun for example_sla_dag to 2025-01-23 14:56:00+00:00, run_after=2025-01-23 14:58:00+00:00
[2025-01-23T14:59:01.158+0000] {processor.py:208} INFO - Processing /home/airflow/.local/lib/python3.12/site-packages/airflow/example_dags/example_sla_dag.py took 0.139 seconds
[2025-01-23T14:59:31.914+0000] {processor.py:186} INFO - Started process (PID=5753) to work on /home/airflow/.local/lib/python3.12/site-packages/airflow/example_dags/example_sla_dag.py
[2025-01-23T14:59:31.916+0000] {processor.py:914} INFO - Processing file /home/airflow/.local/lib/python3.12/site-packages/airflow/example_dags/example_sla_dag.py for tasks to queue
[2025-01-23T14:59:31.918+0000] {logging_mixin.py:190} INFO - [2025-01-23T14:59:31.918+0000] {dagbag.py:588} INFO - Filling up the DagBag from /home/airflow/.local/lib/python3.12/site-packages/airflow/example_dags/example_sla_dag.py
[2025-01-23T14:59:31.929+0000] {processor.py:925} INFO - DAG(s) 'example_sla_dag' retrieved from /home/airflow/.local/lib/python3.12/site-packages/airflow/example_dags/example_sla_dag.py
[2025-01-23T14:59:31.954+0000] {logging_mixin.py:190} INFO - [2025-01-23T14:59:31.954+0000] {dag.py:3239} INFO - Sync 1 DAGs
[2025-01-23T14:59:31.984+0000] {logging_mixin.py:190} INFO - [2025-01-23T14:59:31.984+0000] {dag.py:4180} INFO - Setting next_dagrun for example_sla_dag to 2025-01-23 14:56:00+00:00, run_after=2025-01-23 14:58:00+00:00
[2025-01-23T14:59:32.013+0000] {processor.py:208} INFO - Processing /home/airflow/.local/lib/python3.12/site-packages/airflow/example_dags/example_sla_dag.py took 0.105 seconds
[2025-01-23T15:00:03.184+0000] {processor.py:186} INFO - Started process (PID=6047) to work on /home/airflow/.local/lib/python3.12/site-packages/airflow/example_dags/example_sla_dag.py
[2025-01-23T15:00:03.185+0000] {processor.py:914} INFO - Processing file /home/airflow/.local/lib/python3.12/site-packages/airflow/example_dags/example_sla_dag.py for tasks to queue
[2025-01-23T15:00:03.187+0000] {logging_mixin.py:190} INFO - [2025-01-23T15:00:03.187+0000] {dagbag.py:588} INFO - Filling up the DagBag from /home/airflow/.local/lib/python3.12/site-packages/airflow/example_dags/example_sla_dag.py
[2025-01-23T15:00:03.200+0000] {processor.py:925} INFO - DAG(s) 'example_sla_dag' retrieved from /home/airflow/.local/lib/python3.12/site-packages/airflow/example_dags/example_sla_dag.py
[2025-01-23T15:00:03.226+0000] {logging_mixin.py:190} INFO - [2025-01-23T15:00:03.226+0000] {dag.py:3239} INFO - Sync 1 DAGs
[2025-01-23T15:00:03.260+0000] {logging_mixin.py:190} INFO - [2025-01-23T15:00:03.260+0000] {dag.py:4180} INFO - Setting next_dagrun for example_sla_dag to 2025-01-23 14:58:00+00:00, run_after=2025-01-23 15:00:00+00:00
[2025-01-23T15:00:03.284+0000] {processor.py:208} INFO - Processing /home/airflow/.local/lib/python3.12/site-packages/airflow/example_dags/example_sla_dag.py took 0.108 seconds
[2025-01-23T15:00:34.851+0000] {processor.py:186} INFO - Started process (PID=6343) to work on /home/airflow/.local/lib/python3.12/site-packages/airflow/example_dags/example_sla_dag.py
[2025-01-23T15:00:34.852+0000] {processor.py:914} INFO - Processing file /home/airflow/.local/lib/python3.12/site-packages/airflow/example_dags/example_sla_dag.py for tasks to queue
[2025-01-23T15:00:34.856+0000] {logging_mixin.py:190} INFO - [2025-01-23T15:00:34.855+0000] {dagbag.py:588} INFO - Filling up the DagBag from /home/airflow/.local/lib/python3.12/site-packages/airflow/example_dags/example_sla_dag.py
[2025-01-23T15:00:34.869+0000] {processor.py:925} INFO - DAG(s) 'example_sla_dag' retrieved from /home/airflow/.local/lib/python3.12/site-packages/airflow/example_dags/example_sla_dag.py
[2025-01-23T15:00:34.900+0000] {logging_mixin.py:190} INFO - [2025-01-23T15:00:34.899+0000] {dag.py:3239} INFO - Sync 1 DAGs
[2025-01-23T15:00:34.942+0000] {logging_mixin.py:190} INFO - [2025-01-23T15:00:34.942+0000] {dag.py:4180} INFO - Setting next_dagrun for example_sla_dag to 2025-01-23 14:58:00+00:00, run_after=2025-01-23 15:00:00+00:00
[2025-01-23T15:00:34.972+0000] {processor.py:208} INFO - Processing /home/airflow/.local/lib/python3.12/site-packages/airflow/example_dags/example_sla_dag.py took 0.133 seconds
[2025-01-23T15:01:07.156+0000] {processor.py:186} INFO - Started process (PID=6649) to work on /home/airflow/.local/lib/python3.12/site-packages/airflow/example_dags/example_sla_dag.py
[2025-01-23T15:01:07.157+0000] {processor.py:914} INFO - Processing file /home/airflow/.local/lib/python3.12/site-packages/airflow/example_dags/example_sla_dag.py for tasks to queue
[2025-01-23T15:01:07.163+0000] {logging_mixin.py:190} INFO - [2025-01-23T15:01:07.162+0000] {dagbag.py:588} INFO - Filling up the DagBag from /home/airflow/.local/lib/python3.12/site-packages/airflow/example_dags/example_sla_dag.py
[2025-01-23T15:01:07.187+0000] {processor.py:925} INFO - DAG(s) 'example_sla_dag' retrieved from /home/airflow/.local/lib/python3.12/site-packages/airflow/example_dags/example_sla_dag.py
[2025-01-23T15:01:07.233+0000] {logging_mixin.py:190} INFO - [2025-01-23T15:01:07.232+0000] {dag.py:3239} INFO - Sync 1 DAGs
[2025-01-23T15:01:07.294+0000] {logging_mixin.py:190} INFO - [2025-01-23T15:01:07.294+0000] {dag.py:4180} INFO - Setting next_dagrun for example_sla_dag to 2025-01-23 14:58:00+00:00, run_after=2025-01-23 15:00:00+00:00
[2025-01-23T15:01:07.339+0000] {processor.py:208} INFO - Processing /home/airflow/.local/lib/python3.12/site-packages/airflow/example_dags/example_sla_dag.py took 0.194 seconds
[2025-01-23T15:01:38.697+0000] {processor.py:186} INFO - Started process (PID=6945) to work on /home/airflow/.local/lib/python3.12/site-packages/airflow/example_dags/example_sla_dag.py
[2025-01-23T15:01:38.703+0000] {processor.py:914} INFO - Processing file /home/airflow/.local/lib/python3.12/site-packages/airflow/example_dags/example_sla_dag.py for tasks to queue
[2025-01-23T15:01:38.706+0000] {logging_mixin.py:190} INFO - [2025-01-23T15:01:38.706+0000] {dagbag.py:588} INFO - Filling up the DagBag from /home/airflow/.local/lib/python3.12/site-packages/airflow/example_dags/example_sla_dag.py
[2025-01-23T15:01:38.729+0000] {processor.py:925} INFO - DAG(s) 'example_sla_dag' retrieved from /home/airflow/.local/lib/python3.12/site-packages/airflow/example_dags/example_sla_dag.py
[2025-01-23T15:01:38.765+0000] {logging_mixin.py:190} INFO - [2025-01-23T15:01:38.764+0000] {dag.py:3239} INFO - Sync 1 DAGs
[2025-01-23T15:01:38.809+0000] {logging_mixin.py:190} INFO - [2025-01-23T15:01:38.808+0000] {dag.py:4180} INFO - Setting next_dagrun for example_sla_dag to 2025-01-23 14:58:00+00:00, run_after=2025-01-23 15:00:00+00:00
[2025-01-23T15:01:38.844+0000] {processor.py:208} INFO - Processing /home/airflow/.local/lib/python3.12/site-packages/airflow/example_dags/example_sla_dag.py took 0.159 seconds
[2025-01-23T15:02:09.549+0000] {processor.py:186} INFO - Started process (PID=7236) to work on /home/airflow/.local/lib/python3.12/site-packages/airflow/example_dags/example_sla_dag.py
[2025-01-23T15:02:09.556+0000] {processor.py:914} INFO - Processing file /home/airflow/.local/lib/python3.12/site-packages/airflow/example_dags/example_sla_dag.py for tasks to queue
[2025-01-23T15:02:09.560+0000] {logging_mixin.py:190} INFO - [2025-01-23T15:02:09.559+0000] {dagbag.py:588} INFO - Filling up the DagBag from /home/airflow/.local/lib/python3.12/site-packages/airflow/example_dags/example_sla_dag.py
[2025-01-23T15:02:09.577+0000] {processor.py:925} INFO - DAG(s) 'example_sla_dag' retrieved from /home/airflow/.local/lib/python3.12/site-packages/airflow/example_dags/example_sla_dag.py
[2025-01-23T15:02:09.613+0000] {logging_mixin.py:190} INFO - [2025-01-23T15:02:09.613+0000] {dag.py:3239} INFO - Sync 1 DAGs
[2025-01-23T15:02:09.653+0000] {logging_mixin.py:190} INFO - [2025-01-23T15:02:09.653+0000] {dag.py:4180} INFO - Setting next_dagrun for example_sla_dag to 2025-01-23 15:00:00+00:00, run_after=2025-01-23 15:02:00+00:00
[2025-01-23T15:02:09.681+0000] {processor.py:208} INFO - Processing /home/airflow/.local/lib/python3.12/site-packages/airflow/example_dags/example_sla_dag.py took 0.145 seconds
[2025-01-23T15:02:40.605+0000] {processor.py:186} INFO - Started process (PID=7532) to work on /home/airflow/.local/lib/python3.12/site-packages/airflow/example_dags/example_sla_dag.py
[2025-01-23T15:02:40.611+0000] {processor.py:914} INFO - Processing file /home/airflow/.local/lib/python3.12/site-packages/airflow/example_dags/example_sla_dag.py for tasks to queue
[2025-01-23T15:02:40.614+0000] {logging_mixin.py:190} INFO - [2025-01-23T15:02:40.614+0000] {dagbag.py:588} INFO - Filling up the DagBag from /home/airflow/.local/lib/python3.12/site-packages/airflow/example_dags/example_sla_dag.py
[2025-01-23T15:02:40.628+0000] {processor.py:925} INFO - DAG(s) 'example_sla_dag' retrieved from /home/airflow/.local/lib/python3.12/site-packages/airflow/example_dags/example_sla_dag.py
[2025-01-23T15:02:40.658+0000] {logging_mixin.py:190} INFO - [2025-01-23T15:02:40.657+0000] {dag.py:3239} INFO - Sync 1 DAGs
[2025-01-23T15:02:40.693+0000] {logging_mixin.py:190} INFO - [2025-01-23T15:02:40.692+0000] {dag.py:4180} INFO - Setting next_dagrun for example_sla_dag to 2025-01-23 15:00:00+00:00, run_after=2025-01-23 15:02:00+00:00
[2025-01-23T15:02:40.717+0000] {processor.py:208} INFO - Processing /home/airflow/.local/lib/python3.12/site-packages/airflow/example_dags/example_sla_dag.py took 0.123 seconds
[2025-01-23T15:03:12.577+0000] {processor.py:186} INFO - Started process (PID=7828) to work on /home/airflow/.local/lib/python3.12/site-packages/airflow/example_dags/example_sla_dag.py
[2025-01-23T15:03:12.579+0000] {processor.py:914} INFO - Processing file /home/airflow/.local/lib/python3.12/site-packages/airflow/example_dags/example_sla_dag.py for tasks to queue
[2025-01-23T15:03:12.582+0000] {logging_mixin.py:190} INFO - [2025-01-23T15:03:12.582+0000] {dagbag.py:588} INFO - Filling up the DagBag from /home/airflow/.local/lib/python3.12/site-packages/airflow/example_dags/example_sla_dag.py
[2025-01-23T15:03:12.598+0000] {processor.py:925} INFO - DAG(s) 'example_sla_dag' retrieved from /home/airflow/.local/lib/python3.12/site-packages/airflow/example_dags/example_sla_dag.py
[2025-01-23T15:03:12.627+0000] {logging_mixin.py:190} INFO - [2025-01-23T15:03:12.627+0000] {dag.py:3239} INFO - Sync 1 DAGs
[2025-01-23T15:03:12.664+0000] {logging_mixin.py:190} INFO - [2025-01-23T15:03:12.663+0000] {dag.py:4180} INFO - Setting next_dagrun for example_sla_dag to 2025-01-23 15:00:00+00:00, run_after=2025-01-23 15:02:00+00:00
[2025-01-23T15:03:12.687+0000] {processor.py:208} INFO - Processing /home/airflow/.local/lib/python3.12/site-packages/airflow/example_dags/example_sla_dag.py took 0.120 seconds
[2025-01-23T15:03:43.913+0000] {processor.py:186} INFO - Started process (PID=8126) to work on /home/airflow/.local/lib/python3.12/site-packages/airflow/example_dags/example_sla_dag.py
[2025-01-23T15:03:43.915+0000] {processor.py:914} INFO - Processing file /home/airflow/.local/lib/python3.12/site-packages/airflow/example_dags/example_sla_dag.py for tasks to queue
[2025-01-23T15:03:43.919+0000] {logging_mixin.py:190} INFO - [2025-01-23T15:03:43.918+0000] {dagbag.py:588} INFO - Filling up the DagBag from /home/airflow/.local/lib/python3.12/site-packages/airflow/example_dags/example_sla_dag.py
[2025-01-23T15:03:43.933+0000] {processor.py:925} INFO - DAG(s) 'example_sla_dag' retrieved from /home/airflow/.local/lib/python3.12/site-packages/airflow/example_dags/example_sla_dag.py
[2025-01-23T15:03:43.960+0000] {logging_mixin.py:190} INFO - [2025-01-23T15:03:43.959+0000] {dag.py:3239} INFO - Sync 1 DAGs
[2025-01-23T15:03:43.991+0000] {logging_mixin.py:190} INFO - [2025-01-23T15:03:43.991+0000] {dag.py:4180} INFO - Setting next_dagrun for example_sla_dag to 2025-01-23 15:00:00+00:00, run_after=2025-01-23 15:02:00+00:00
[2025-01-23T15:03:44.022+0000] {processor.py:208} INFO - Processing /home/airflow/.local/lib/python3.12/site-packages/airflow/example_dags/example_sla_dag.py took 0.117 seconds
[2025-01-23T15:04:14.740+0000] {processor.py:186} INFO - Started process (PID=8420) to work on /home/airflow/.local/lib/python3.12/site-packages/airflow/example_dags/example_sla_dag.py
[2025-01-23T15:04:14.742+0000] {processor.py:914} INFO - Processing file /home/airflow/.local/lib/python3.12/site-packages/airflow/example_dags/example_sla_dag.py for tasks to queue
[2025-01-23T15:04:14.746+0000] {logging_mixin.py:190} INFO - [2025-01-23T15:04:14.745+0000] {dagbag.py:588} INFO - Filling up the DagBag from /home/airflow/.local/lib/python3.12/site-packages/airflow/example_dags/example_sla_dag.py
[2025-01-23T15:04:14.759+0000] {processor.py:925} INFO - DAG(s) 'example_sla_dag' retrieved from /home/airflow/.local/lib/python3.12/site-packages/airflow/example_dags/example_sla_dag.py
[2025-01-23T15:04:14.783+0000] {logging_mixin.py:190} INFO - [2025-01-23T15:04:14.783+0000] {dag.py:3239} INFO - Sync 1 DAGs
[2025-01-23T15:04:14.817+0000] {logging_mixin.py:190} INFO - [2025-01-23T15:04:14.817+0000] {dag.py:4180} INFO - Setting next_dagrun for example_sla_dag to 2025-01-23 15:02:00+00:00, run_after=2025-01-23 15:04:00+00:00
[2025-01-23T15:04:14.840+0000] {processor.py:208} INFO - Processing /home/airflow/.local/lib/python3.12/site-packages/airflow/example_dags/example_sla_dag.py took 0.108 seconds
[2025-01-23T15:04:45.312+0000] {processor.py:186} INFO - Started process (PID=8716) to work on /home/airflow/.local/lib/python3.12/site-packages/airflow/example_dags/example_sla_dag.py
[2025-01-23T15:04:45.314+0000] {processor.py:914} INFO - Processing file /home/airflow/.local/lib/python3.12/site-packages/airflow/example_dags/example_sla_dag.py for tasks to queue
[2025-01-23T15:04:45.317+0000] {logging_mixin.py:190} INFO - [2025-01-23T15:04:45.317+0000] {dagbag.py:588} INFO - Filling up the DagBag from /home/airflow/.local/lib/python3.12/site-packages/airflow/example_dags/example_sla_dag.py
[2025-01-23T15:04:45.333+0000] {processor.py:925} INFO - DAG(s) 'example_sla_dag' retrieved from /home/airflow/.local/lib/python3.12/site-packages/airflow/example_dags/example_sla_dag.py
[2025-01-23T15:04:45.360+0000] {logging_mixin.py:190} INFO - [2025-01-23T15:04:45.359+0000] {dag.py:3239} INFO - Sync 1 DAGs
[2025-01-23T15:04:45.395+0000] {logging_mixin.py:190} INFO - [2025-01-23T15:04:45.394+0000] {dag.py:4180} INFO - Setting next_dagrun for example_sla_dag to 2025-01-23 15:02:00+00:00, run_after=2025-01-23 15:04:00+00:00
[2025-01-23T15:04:45.421+0000] {processor.py:208} INFO - Processing /home/airflow/.local/lib/python3.12/site-packages/airflow/example_dags/example_sla_dag.py took 0.117 seconds
[2025-01-23T15:05:16.244+0000] {processor.py:186} INFO - Started process (PID=9012) to work on /home/airflow/.local/lib/python3.12/site-packages/airflow/example_dags/example_sla_dag.py
[2025-01-23T15:05:16.246+0000] {processor.py:914} INFO - Processing file /home/airflow/.local/lib/python3.12/site-packages/airflow/example_dags/example_sla_dag.py for tasks to queue
[2025-01-23T15:05:16.248+0000] {logging_mixin.py:190} INFO - [2025-01-23T15:05:16.248+0000] {dagbag.py:588} INFO - Filling up the DagBag from /home/airflow/.local/lib/python3.12/site-packages/airflow/example_dags/example_sla_dag.py
[2025-01-23T15:05:16.261+0000] {processor.py:925} INFO - DAG(s) 'example_sla_dag' retrieved from /home/airflow/.local/lib/python3.12/site-packages/airflow/example_dags/example_sla_dag.py
[2025-01-23T15:05:16.286+0000] {logging_mixin.py:190} INFO - [2025-01-23T15:05:16.286+0000] {dag.py:3239} INFO - Sync 1 DAGs
[2025-01-23T15:05:16.320+0000] {logging_mixin.py:190} INFO - [2025-01-23T15:05:16.320+0000] {dag.py:4180} INFO - Setting next_dagrun for example_sla_dag to 2025-01-23 15:02:00+00:00, run_after=2025-01-23 15:04:00+00:00
[2025-01-23T15:05:16.345+0000] {processor.py:208} INFO - Processing /home/airflow/.local/lib/python3.12/site-packages/airflow/example_dags/example_sla_dag.py took 0.109 seconds
[2025-01-23T15:05:47.616+0000] {processor.py:186} INFO - Started process (PID=9308) to work on /home/airflow/.local/lib/python3.12/site-packages/airflow/example_dags/example_sla_dag.py
[2025-01-23T15:05:47.622+0000] {processor.py:914} INFO - Processing file /home/airflow/.local/lib/python3.12/site-packages/airflow/example_dags/example_sla_dag.py for tasks to queue
[2025-01-23T15:05:47.627+0000] {logging_mixin.py:190} INFO - [2025-01-23T15:05:47.626+0000] {dagbag.py:588} INFO - Filling up the DagBag from /home/airflow/.local/lib/python3.12/site-packages/airflow/example_dags/example_sla_dag.py
[2025-01-23T15:05:47.656+0000] {processor.py:925} INFO - DAG(s) 'example_sla_dag' retrieved from /home/airflow/.local/lib/python3.12/site-packages/airflow/example_dags/example_sla_dag.py
[2025-01-23T15:05:47.712+0000] {logging_mixin.py:190} INFO - [2025-01-23T15:05:47.712+0000] {dag.py:3239} INFO - Sync 1 DAGs
[2025-01-23T15:05:47.759+0000] {logging_mixin.py:190} INFO - [2025-01-23T15:05:47.759+0000] {dag.py:4180} INFO - Setting next_dagrun for example_sla_dag to 2025-01-23 15:02:00+00:00, run_after=2025-01-23 15:04:00+00:00
[2025-01-23T15:05:47.794+0000] {processor.py:208} INFO - Processing /home/airflow/.local/lib/python3.12/site-packages/airflow/example_dags/example_sla_dag.py took 0.189 seconds
[2025-01-23T15:06:18.411+0000] {processor.py:186} INFO - Started process (PID=9603) to work on /home/airflow/.local/lib/python3.12/site-packages/airflow/example_dags/example_sla_dag.py
[2025-01-23T15:06:18.413+0000] {processor.py:914} INFO - Processing file /home/airflow/.local/lib/python3.12/site-packages/airflow/example_dags/example_sla_dag.py for tasks to queue
[2025-01-23T15:06:18.416+0000] {logging_mixin.py:190} INFO - [2025-01-23T15:06:18.416+0000] {dagbag.py:588} INFO - Filling up the DagBag from /home/airflow/.local/lib/python3.12/site-packages/airflow/example_dags/example_sla_dag.py
[2025-01-23T15:06:18.430+0000] {processor.py:925} INFO - DAG(s) 'example_sla_dag' retrieved from /home/airflow/.local/lib/python3.12/site-packages/airflow/example_dags/example_sla_dag.py
[2025-01-23T15:06:18.457+0000] {logging_mixin.py:190} INFO - [2025-01-23T15:06:18.457+0000] {dag.py:3239} INFO - Sync 1 DAGs
[2025-01-23T15:06:18.494+0000] {logging_mixin.py:190} INFO - [2025-01-23T15:06:18.494+0000] {dag.py:4180} INFO - Setting next_dagrun for example_sla_dag to 2025-01-23 15:04:00+00:00, run_after=2025-01-23 15:06:00+00:00
[2025-01-23T15:06:18.526+0000] {processor.py:208} INFO - Processing /home/airflow/.local/lib/python3.12/site-packages/airflow/example_dags/example_sla_dag.py took 0.124 seconds
[2025-01-23T15:06:50.009+0000] {processor.py:186} INFO - Started process (PID=9901) to work on /home/airflow/.local/lib/python3.12/site-packages/airflow/example_dags/example_sla_dag.py
[2025-01-23T15:06:50.016+0000] {processor.py:914} INFO - Processing file /home/airflow/.local/lib/python3.12/site-packages/airflow/example_dags/example_sla_dag.py for tasks to queue
[2025-01-23T15:06:50.021+0000] {logging_mixin.py:190} INFO - [2025-01-23T15:06:50.020+0000] {dagbag.py:588} INFO - Filling up the DagBag from /home/airflow/.local/lib/python3.12/site-packages/airflow/example_dags/example_sla_dag.py
[2025-01-23T15:06:50.040+0000] {processor.py:925} INFO - DAG(s) 'example_sla_dag' retrieved from /home/airflow/.local/lib/python3.12/site-packages/airflow/example_dags/example_sla_dag.py
[2025-01-23T15:06:50.068+0000] {logging_mixin.py:190} INFO - [2025-01-23T15:06:50.068+0000] {dag.py:3239} INFO - Sync 1 DAGs
[2025-01-23T15:06:50.106+0000] {logging_mixin.py:190} INFO - [2025-01-23T15:06:50.105+0000] {dag.py:4180} INFO - Setting next_dagrun for example_sla_dag to 2025-01-23 15:04:00+00:00, run_after=2025-01-23 15:06:00+00:00
[2025-01-23T15:06:50.134+0000] {processor.py:208} INFO - Processing /home/airflow/.local/lib/python3.12/site-packages/airflow/example_dags/example_sla_dag.py took 0.138 seconds
[2025-01-23T15:07:21.012+0000] {processor.py:186} INFO - Started process (PID=10197) to work on /home/airflow/.local/lib/python3.12/site-packages/airflow/example_dags/example_sla_dag.py
[2025-01-23T15:07:21.013+0000] {processor.py:914} INFO - Processing file /home/airflow/.local/lib/python3.12/site-packages/airflow/example_dags/example_sla_dag.py for tasks to queue
[2025-01-23T15:07:21.016+0000] {logging_mixin.py:190} INFO - [2025-01-23T15:07:21.016+0000] {dagbag.py:588} INFO - Filling up the DagBag from /home/airflow/.local/lib/python3.12/site-packages/airflow/example_dags/example_sla_dag.py
[2025-01-23T15:07:21.031+0000] {processor.py:925} INFO - DAG(s) 'example_sla_dag' retrieved from /home/airflow/.local/lib/python3.12/site-packages/airflow/example_dags/example_sla_dag.py
[2025-01-23T15:07:21.056+0000] {logging_mixin.py:190} INFO - [2025-01-23T15:07:21.056+0000] {dag.py:3239} INFO - Sync 1 DAGs
[2025-01-23T15:07:21.096+0000] {logging_mixin.py:190} INFO - [2025-01-23T15:07:21.095+0000] {dag.py:4180} INFO - Setting next_dagrun for example_sla_dag to 2025-01-23 15:04:00+00:00, run_after=2025-01-23 15:06:00+00:00
[2025-01-23T15:07:21.130+0000] {processor.py:208} INFO - Processing /home/airflow/.local/lib/python3.12/site-packages/airflow/example_dags/example_sla_dag.py took 0.127 seconds
[2025-01-23T15:07:51.814+0000] {processor.py:186} INFO - Started process (PID=10493) to work on /home/airflow/.local/lib/python3.12/site-packages/airflow/example_dags/example_sla_dag.py
[2025-01-23T15:07:51.816+0000] {processor.py:914} INFO - Processing file /home/airflow/.local/lib/python3.12/site-packages/airflow/example_dags/example_sla_dag.py for tasks to queue
[2025-01-23T15:07:51.820+0000] {logging_mixin.py:190} INFO - [2025-01-23T15:07:51.819+0000] {dagbag.py:588} INFO - Filling up the DagBag from /home/airflow/.local/lib/python3.12/site-packages/airflow/example_dags/example_sla_dag.py
[2025-01-23T15:07:51.842+0000] {processor.py:925} INFO - DAG(s) 'example_sla_dag' retrieved from /home/airflow/.local/lib/python3.12/site-packages/airflow/example_dags/example_sla_dag.py
[2025-01-23T15:07:51.875+0000] {logging_mixin.py:190} INFO - [2025-01-23T15:07:51.874+0000] {dag.py:3239} INFO - Sync 1 DAGs
[2025-01-23T15:07:51.927+0000] {logging_mixin.py:190} INFO - [2025-01-23T15:07:51.927+0000] {dag.py:4180} INFO - Setting next_dagrun for example_sla_dag to 2025-01-23 15:04:00+00:00, run_after=2025-01-23 15:06:00+00:00
[2025-01-23T15:07:51.959+0000] {processor.py:208} INFO - Processing /home/airflow/.local/lib/python3.12/site-packages/airflow/example_dags/example_sla_dag.py took 0.156 seconds
