[2025-01-23T14:50:06.499+0000] {processor.py:186} INFO - Started process (PID=272) to work on /home/airflow/.local/lib/python3.12/site-packages/airflow/example_dags/example_bash_operator.py
[2025-01-23T14:50:06.500+0000] {processor.py:914} INFO - Processing file /home/airflow/.local/lib/python3.12/site-packages/airflow/example_dags/example_bash_operator.py for tasks to queue
[2025-01-23T14:50:06.502+0000] {logging_mixin.py:190} INFO - [2025-01-23T14:50:06.501+0000] {dagbag.py:588} INFO - Filling up the DagBag from /home/airflow/.local/lib/python3.12/site-packages/airflow/example_dags/example_bash_operator.py
[2025-01-23T14:50:06.513+0000] {processor.py:925} INFO - DAG(s) 'example_bash_operator' retrieved from /home/airflow/.local/lib/python3.12/site-packages/airflow/example_dags/example_bash_operator.py
[2025-01-23T14:50:06.566+0000] {logging_mixin.py:190} INFO - [2025-01-23T14:50:06.565+0000] {dag.py:3239} INFO - Sync 1 DAGs
[2025-01-23T14:50:06.598+0000] {logging_mixin.py:190} INFO - [2025-01-23T14:50:06.597+0000] {dag.py:4180} INFO - Setting next_dagrun for example_bash_operator to 2025-01-22 00:00:00+00:00, run_after=2025-01-23 00:00:00+00:00
[2025-01-23T14:50:06.617+0000] {processor.py:208} INFO - Processing /home/airflow/.local/lib/python3.12/site-packages/airflow/example_dags/example_bash_operator.py took 0.124 seconds
[2025-01-23T14:50:37.132+0000] {processor.py:186} INFO - Started process (PID=565) to work on /home/airflow/.local/lib/python3.12/site-packages/airflow/example_dags/example_bash_operator.py
[2025-01-23T14:50:37.133+0000] {processor.py:914} INFO - Processing file /home/airflow/.local/lib/python3.12/site-packages/airflow/example_dags/example_bash_operator.py for tasks to queue
[2025-01-23T14:50:37.135+0000] {logging_mixin.py:190} INFO - [2025-01-23T14:50:37.135+0000] {dagbag.py:588} INFO - Filling up the DagBag from /home/airflow/.local/lib/python3.12/site-packages/airflow/example_dags/example_bash_operator.py
[2025-01-23T14:50:37.146+0000] {processor.py:925} INFO - DAG(s) 'example_bash_operator' retrieved from /home/airflow/.local/lib/python3.12/site-packages/airflow/example_dags/example_bash_operator.py
[2025-01-23T14:50:37.170+0000] {logging_mixin.py:190} INFO - [2025-01-23T14:50:37.170+0000] {dag.py:3239} INFO - Sync 1 DAGs
[2025-01-23T14:50:37.191+0000] {logging_mixin.py:190} INFO - [2025-01-23T14:50:37.190+0000] {dag.py:4180} INFO - Setting next_dagrun for example_bash_operator to 2025-01-22 00:00:00+00:00, run_after=2025-01-23 00:00:00+00:00
[2025-01-23T14:50:37.212+0000] {processor.py:208} INFO - Processing /home/airflow/.local/lib/python3.12/site-packages/airflow/example_dags/example_bash_operator.py took 0.086 seconds
[2025-01-23T14:51:08.688+0000] {processor.py:186} INFO - Started process (PID=864) to work on /home/airflow/.local/lib/python3.12/site-packages/airflow/example_dags/example_bash_operator.py
[2025-01-23T14:51:08.690+0000] {processor.py:914} INFO - Processing file /home/airflow/.local/lib/python3.12/site-packages/airflow/example_dags/example_bash_operator.py for tasks to queue
[2025-01-23T14:51:08.692+0000] {logging_mixin.py:190} INFO - [2025-01-23T14:51:08.692+0000] {dagbag.py:588} INFO - Filling up the DagBag from /home/airflow/.local/lib/python3.12/site-packages/airflow/example_dags/example_bash_operator.py
[2025-01-23T14:51:08.704+0000] {processor.py:925} INFO - DAG(s) 'example_bash_operator' retrieved from /home/airflow/.local/lib/python3.12/site-packages/airflow/example_dags/example_bash_operator.py
[2025-01-23T14:51:08.730+0000] {logging_mixin.py:190} INFO - [2025-01-23T14:51:08.729+0000] {dag.py:3239} INFO - Sync 1 DAGs
[2025-01-23T14:51:08.752+0000] {logging_mixin.py:190} INFO - [2025-01-23T14:51:08.751+0000] {dag.py:4180} INFO - Setting next_dagrun for example_bash_operator to 2025-01-22 00:00:00+00:00, run_after=2025-01-23 00:00:00+00:00
[2025-01-23T14:51:08.769+0000] {processor.py:208} INFO - Processing /home/airflow/.local/lib/python3.12/site-packages/airflow/example_dags/example_bash_operator.py took 0.086 seconds
[2025-01-23T14:51:40.142+0000] {processor.py:186} INFO - Started process (PID=1160) to work on /home/airflow/.local/lib/python3.12/site-packages/airflow/example_dags/example_bash_operator.py
[2025-01-23T14:51:40.143+0000] {processor.py:914} INFO - Processing file /home/airflow/.local/lib/python3.12/site-packages/airflow/example_dags/example_bash_operator.py for tasks to queue
[2025-01-23T14:51:40.145+0000] {logging_mixin.py:190} INFO - [2025-01-23T14:51:40.145+0000] {dagbag.py:588} INFO - Filling up the DagBag from /home/airflow/.local/lib/python3.12/site-packages/airflow/example_dags/example_bash_operator.py
[2025-01-23T14:51:40.157+0000] {processor.py:925} INFO - DAG(s) 'example_bash_operator' retrieved from /home/airflow/.local/lib/python3.12/site-packages/airflow/example_dags/example_bash_operator.py
[2025-01-23T14:51:40.182+0000] {logging_mixin.py:190} INFO - [2025-01-23T14:51:40.181+0000] {dag.py:3239} INFO - Sync 1 DAGs
[2025-01-23T14:51:40.204+0000] {logging_mixin.py:190} INFO - [2025-01-23T14:51:40.204+0000] {dag.py:4180} INFO - Setting next_dagrun for example_bash_operator to 2025-01-22 00:00:00+00:00, run_after=2025-01-23 00:00:00+00:00
[2025-01-23T14:51:40.224+0000] {processor.py:208} INFO - Processing /home/airflow/.local/lib/python3.12/site-packages/airflow/example_dags/example_bash_operator.py took 0.088 seconds
[2025-01-23T14:52:11.367+0000] {processor.py:186} INFO - Started process (PID=1456) to work on /home/airflow/.local/lib/python3.12/site-packages/airflow/example_dags/example_bash_operator.py
[2025-01-23T14:52:11.368+0000] {processor.py:914} INFO - Processing file /home/airflow/.local/lib/python3.12/site-packages/airflow/example_dags/example_bash_operator.py for tasks to queue
[2025-01-23T14:52:11.370+0000] {logging_mixin.py:190} INFO - [2025-01-23T14:52:11.370+0000] {dagbag.py:588} INFO - Filling up the DagBag from /home/airflow/.local/lib/python3.12/site-packages/airflow/example_dags/example_bash_operator.py
[2025-01-23T14:52:11.383+0000] {processor.py:925} INFO - DAG(s) 'example_bash_operator' retrieved from /home/airflow/.local/lib/python3.12/site-packages/airflow/example_dags/example_bash_operator.py
[2025-01-23T14:52:11.414+0000] {logging_mixin.py:190} INFO - [2025-01-23T14:52:11.414+0000] {dag.py:3239} INFO - Sync 1 DAGs
[2025-01-23T14:52:11.437+0000] {logging_mixin.py:190} INFO - [2025-01-23T14:52:11.437+0000] {dag.py:4180} INFO - Setting next_dagrun for example_bash_operator to 2025-01-22 00:00:00+00:00, run_after=2025-01-23 00:00:00+00:00
[2025-01-23T14:52:11.455+0000] {processor.py:208} INFO - Processing /home/airflow/.local/lib/python3.12/site-packages/airflow/example_dags/example_bash_operator.py took 0.094 seconds
[2025-01-23T14:52:42.811+0000] {processor.py:186} INFO - Started process (PID=1754) to work on /home/airflow/.local/lib/python3.12/site-packages/airflow/example_dags/example_bash_operator.py
[2025-01-23T14:52:42.812+0000] {processor.py:914} INFO - Processing file /home/airflow/.local/lib/python3.12/site-packages/airflow/example_dags/example_bash_operator.py for tasks to queue
[2025-01-23T14:52:42.814+0000] {logging_mixin.py:190} INFO - [2025-01-23T14:52:42.814+0000] {dagbag.py:588} INFO - Filling up the DagBag from /home/airflow/.local/lib/python3.12/site-packages/airflow/example_dags/example_bash_operator.py
[2025-01-23T14:52:42.827+0000] {processor.py:925} INFO - DAG(s) 'example_bash_operator' retrieved from /home/airflow/.local/lib/python3.12/site-packages/airflow/example_dags/example_bash_operator.py
[2025-01-23T14:52:42.850+0000] {logging_mixin.py:190} INFO - [2025-01-23T14:52:42.850+0000] {dag.py:3239} INFO - Sync 1 DAGs
[2025-01-23T14:52:42.871+0000] {logging_mixin.py:190} INFO - [2025-01-23T14:52:42.871+0000] {dag.py:4180} INFO - Setting next_dagrun for example_bash_operator to 2025-01-22 00:00:00+00:00, run_after=2025-01-23 00:00:00+00:00
[2025-01-23T14:52:42.888+0000] {processor.py:208} INFO - Processing /home/airflow/.local/lib/python3.12/site-packages/airflow/example_dags/example_bash_operator.py took 0.084 seconds
[2025-01-23T14:53:13.538+0000] {processor.py:186} INFO - Started process (PID=2048) to work on /home/airflow/.local/lib/python3.12/site-packages/airflow/example_dags/example_bash_operator.py
[2025-01-23T14:53:13.539+0000] {processor.py:914} INFO - Processing file /home/airflow/.local/lib/python3.12/site-packages/airflow/example_dags/example_bash_operator.py for tasks to queue
[2025-01-23T14:53:13.542+0000] {logging_mixin.py:190} INFO - [2025-01-23T14:53:13.542+0000] {dagbag.py:588} INFO - Filling up the DagBag from /home/airflow/.local/lib/python3.12/site-packages/airflow/example_dags/example_bash_operator.py
[2025-01-23T14:53:13.553+0000] {processor.py:925} INFO - DAG(s) 'example_bash_operator' retrieved from /home/airflow/.local/lib/python3.12/site-packages/airflow/example_dags/example_bash_operator.py
[2025-01-23T14:53:13.576+0000] {logging_mixin.py:190} INFO - [2025-01-23T14:53:13.576+0000] {dag.py:3239} INFO - Sync 1 DAGs
[2025-01-23T14:53:13.597+0000] {logging_mixin.py:190} INFO - [2025-01-23T14:53:13.597+0000] {dag.py:4180} INFO - Setting next_dagrun for example_bash_operator to 2025-01-22 00:00:00+00:00, run_after=2025-01-23 00:00:00+00:00
[2025-01-23T14:53:13.615+0000] {processor.py:208} INFO - Processing /home/airflow/.local/lib/python3.12/site-packages/airflow/example_dags/example_bash_operator.py took 0.082 seconds
[2025-01-23T14:53:44.216+0000] {processor.py:186} INFO - Started process (PID=2344) to work on /home/airflow/.local/lib/python3.12/site-packages/airflow/example_dags/example_bash_operator.py
[2025-01-23T14:53:44.217+0000] {processor.py:914} INFO - Processing file /home/airflow/.local/lib/python3.12/site-packages/airflow/example_dags/example_bash_operator.py for tasks to queue
[2025-01-23T14:53:44.219+0000] {logging_mixin.py:190} INFO - [2025-01-23T14:53:44.219+0000] {dagbag.py:588} INFO - Filling up the DagBag from /home/airflow/.local/lib/python3.12/site-packages/airflow/example_dags/example_bash_operator.py
[2025-01-23T14:53:44.231+0000] {processor.py:925} INFO - DAG(s) 'example_bash_operator' retrieved from /home/airflow/.local/lib/python3.12/site-packages/airflow/example_dags/example_bash_operator.py
[2025-01-23T14:53:44.256+0000] {logging_mixin.py:190} INFO - [2025-01-23T14:53:44.256+0000] {dag.py:3239} INFO - Sync 1 DAGs
[2025-01-23T14:53:44.279+0000] {logging_mixin.py:190} INFO - [2025-01-23T14:53:44.278+0000] {dag.py:4180} INFO - Setting next_dagrun for example_bash_operator to 2025-01-22 00:00:00+00:00, run_after=2025-01-23 00:00:00+00:00
[2025-01-23T14:53:44.295+0000] {processor.py:208} INFO - Processing /home/airflow/.local/lib/python3.12/site-packages/airflow/example_dags/example_bash_operator.py took 0.085 seconds
[2025-01-23T14:54:15.000+0000] {processor.py:186} INFO - Started process (PID=2642) to work on /home/airflow/.local/lib/python3.12/site-packages/airflow/example_dags/example_bash_operator.py
[2025-01-23T14:54:15.001+0000] {processor.py:914} INFO - Processing file /home/airflow/.local/lib/python3.12/site-packages/airflow/example_dags/example_bash_operator.py for tasks to queue
[2025-01-23T14:54:15.004+0000] {logging_mixin.py:190} INFO - [2025-01-23T14:54:15.003+0000] {dagbag.py:588} INFO - Filling up the DagBag from /home/airflow/.local/lib/python3.12/site-packages/airflow/example_dags/example_bash_operator.py
[2025-01-23T14:54:15.020+0000] {processor.py:925} INFO - DAG(s) 'example_bash_operator' retrieved from /home/airflow/.local/lib/python3.12/site-packages/airflow/example_dags/example_bash_operator.py
[2025-01-23T14:54:15.047+0000] {logging_mixin.py:190} INFO - [2025-01-23T14:54:15.046+0000] {dag.py:3239} INFO - Sync 1 DAGs
[2025-01-23T14:54:15.069+0000] {logging_mixin.py:190} INFO - [2025-01-23T14:54:15.068+0000] {dag.py:4180} INFO - Setting next_dagrun for example_bash_operator to 2025-01-22 00:00:00+00:00, run_after=2025-01-23 00:00:00+00:00
[2025-01-23T14:54:15.092+0000] {processor.py:208} INFO - Processing /home/airflow/.local/lib/python3.12/site-packages/airflow/example_dags/example_bash_operator.py took 0.098 seconds
[2025-01-23T14:54:46.030+0000] {processor.py:186} INFO - Started process (PID=2938) to work on /home/airflow/.local/lib/python3.12/site-packages/airflow/example_dags/example_bash_operator.py
[2025-01-23T14:54:46.031+0000] {processor.py:914} INFO - Processing file /home/airflow/.local/lib/python3.12/site-packages/airflow/example_dags/example_bash_operator.py for tasks to queue
[2025-01-23T14:54:46.034+0000] {logging_mixin.py:190} INFO - [2025-01-23T14:54:46.033+0000] {dagbag.py:588} INFO - Filling up the DagBag from /home/airflow/.local/lib/python3.12/site-packages/airflow/example_dags/example_bash_operator.py
[2025-01-23T14:54:46.045+0000] {processor.py:925} INFO - DAG(s) 'example_bash_operator' retrieved from /home/airflow/.local/lib/python3.12/site-packages/airflow/example_dags/example_bash_operator.py
[2025-01-23T14:54:46.069+0000] {logging_mixin.py:190} INFO - [2025-01-23T14:54:46.069+0000] {dag.py:3239} INFO - Sync 1 DAGs
[2025-01-23T14:54:46.091+0000] {logging_mixin.py:190} INFO - [2025-01-23T14:54:46.091+0000] {dag.py:4180} INFO - Setting next_dagrun for example_bash_operator to 2025-01-22 00:00:00+00:00, run_after=2025-01-23 00:00:00+00:00
[2025-01-23T14:54:46.107+0000] {processor.py:208} INFO - Processing /home/airflow/.local/lib/python3.12/site-packages/airflow/example_dags/example_bash_operator.py took 0.083 seconds
[2025-01-23T14:55:17.427+0000] {processor.py:186} INFO - Started process (PID=3232) to work on /home/airflow/.local/lib/python3.12/site-packages/airflow/example_dags/example_bash_operator.py
[2025-01-23T14:55:17.429+0000] {processor.py:914} INFO - Processing file /home/airflow/.local/lib/python3.12/site-packages/airflow/example_dags/example_bash_operator.py for tasks to queue
[2025-01-23T14:55:17.431+0000] {logging_mixin.py:190} INFO - [2025-01-23T14:55:17.431+0000] {dagbag.py:588} INFO - Filling up the DagBag from /home/airflow/.local/lib/python3.12/site-packages/airflow/example_dags/example_bash_operator.py
[2025-01-23T14:55:17.443+0000] {processor.py:925} INFO - DAG(s) 'example_bash_operator' retrieved from /home/airflow/.local/lib/python3.12/site-packages/airflow/example_dags/example_bash_operator.py
[2025-01-23T14:55:17.467+0000] {logging_mixin.py:190} INFO - [2025-01-23T14:55:17.467+0000] {dag.py:3239} INFO - Sync 1 DAGs
[2025-01-23T14:55:17.488+0000] {logging_mixin.py:190} INFO - [2025-01-23T14:55:17.488+0000] {dag.py:4180} INFO - Setting next_dagrun for example_bash_operator to 2025-01-22 00:00:00+00:00, run_after=2025-01-23 00:00:00+00:00
[2025-01-23T14:55:17.504+0000] {processor.py:208} INFO - Processing /home/airflow/.local/lib/python3.12/site-packages/airflow/example_dags/example_bash_operator.py took 0.083 seconds
[2025-01-23T14:55:48.606+0000] {processor.py:186} INFO - Started process (PID=3530) to work on /home/airflow/.local/lib/python3.12/site-packages/airflow/example_dags/example_bash_operator.py
[2025-01-23T14:55:48.607+0000] {processor.py:914} INFO - Processing file /home/airflow/.local/lib/python3.12/site-packages/airflow/example_dags/example_bash_operator.py for tasks to queue
[2025-01-23T14:55:48.609+0000] {logging_mixin.py:190} INFO - [2025-01-23T14:55:48.608+0000] {dagbag.py:588} INFO - Filling up the DagBag from /home/airflow/.local/lib/python3.12/site-packages/airflow/example_dags/example_bash_operator.py
[2025-01-23T14:55:48.620+0000] {processor.py:925} INFO - DAG(s) 'example_bash_operator' retrieved from /home/airflow/.local/lib/python3.12/site-packages/airflow/example_dags/example_bash_operator.py
[2025-01-23T14:55:48.643+0000] {logging_mixin.py:190} INFO - [2025-01-23T14:55:48.643+0000] {dag.py:3239} INFO - Sync 1 DAGs
[2025-01-23T14:55:48.664+0000] {logging_mixin.py:190} INFO - [2025-01-23T14:55:48.664+0000] {dag.py:4180} INFO - Setting next_dagrun for example_bash_operator to 2025-01-22 00:00:00+00:00, run_after=2025-01-23 00:00:00+00:00
[2025-01-23T14:55:48.680+0000] {processor.py:208} INFO - Processing /home/airflow/.local/lib/python3.12/site-packages/airflow/example_dags/example_bash_operator.py took 0.080 seconds
[2025-01-23T14:56:19.865+0000] {processor.py:186} INFO - Started process (PID=3824) to work on /home/airflow/.local/lib/python3.12/site-packages/airflow/example_dags/example_bash_operator.py
[2025-01-23T14:56:19.871+0000] {processor.py:914} INFO - Processing file /home/airflow/.local/lib/python3.12/site-packages/airflow/example_dags/example_bash_operator.py for tasks to queue
[2025-01-23T14:56:19.874+0000] {logging_mixin.py:190} INFO - [2025-01-23T14:56:19.874+0000] {dagbag.py:588} INFO - Filling up the DagBag from /home/airflow/.local/lib/python3.12/site-packages/airflow/example_dags/example_bash_operator.py
[2025-01-23T14:56:19.897+0000] {processor.py:925} INFO - DAG(s) 'example_bash_operator' retrieved from /home/airflow/.local/lib/python3.12/site-packages/airflow/example_dags/example_bash_operator.py
[2025-01-23T14:56:19.944+0000] {logging_mixin.py:190} INFO - [2025-01-23T14:56:19.943+0000] {dag.py:3239} INFO - Sync 1 DAGs
[2025-01-23T14:56:19.984+0000] {logging_mixin.py:190} INFO - [2025-01-23T14:56:19.984+0000] {dag.py:4180} INFO - Setting next_dagrun for example_bash_operator to 2025-01-22 00:00:00+00:00, run_after=2025-01-23 00:00:00+00:00
[2025-01-23T14:56:20.018+0000] {processor.py:208} INFO - Processing /home/airflow/.local/lib/python3.12/site-packages/airflow/example_dags/example_bash_operator.py took 0.165 seconds
[2025-01-23T14:56:50.786+0000] {processor.py:186} INFO - Started process (PID=4120) to work on /home/airflow/.local/lib/python3.12/site-packages/airflow/example_dags/example_bash_operator.py
[2025-01-23T14:56:50.788+0000] {processor.py:914} INFO - Processing file /home/airflow/.local/lib/python3.12/site-packages/airflow/example_dags/example_bash_operator.py for tasks to queue
[2025-01-23T14:56:50.790+0000] {logging_mixin.py:190} INFO - [2025-01-23T14:56:50.790+0000] {dagbag.py:588} INFO - Filling up the DagBag from /home/airflow/.local/lib/python3.12/site-packages/airflow/example_dags/example_bash_operator.py
[2025-01-23T14:56:50.807+0000] {processor.py:925} INFO - DAG(s) 'example_bash_operator' retrieved from /home/airflow/.local/lib/python3.12/site-packages/airflow/example_dags/example_bash_operator.py
[2025-01-23T14:56:50.840+0000] {logging_mixin.py:190} INFO - [2025-01-23T14:56:50.840+0000] {dag.py:3239} INFO - Sync 1 DAGs
[2025-01-23T14:56:50.872+0000] {logging_mixin.py:190} INFO - [2025-01-23T14:56:50.872+0000] {dag.py:4180} INFO - Setting next_dagrun for example_bash_operator to 2025-01-22 00:00:00+00:00, run_after=2025-01-23 00:00:00+00:00
[2025-01-23T14:56:50.895+0000] {processor.py:208} INFO - Processing /home/airflow/.local/lib/python3.12/site-packages/airflow/example_dags/example_bash_operator.py took 0.118 seconds
[2025-01-23T14:57:22.055+0000] {processor.py:186} INFO - Started process (PID=4418) to work on /home/airflow/.local/lib/python3.12/site-packages/airflow/example_dags/example_bash_operator.py
[2025-01-23T14:57:22.057+0000] {processor.py:914} INFO - Processing file /home/airflow/.local/lib/python3.12/site-packages/airflow/example_dags/example_bash_operator.py for tasks to queue
[2025-01-23T14:57:22.061+0000] {logging_mixin.py:190} INFO - [2025-01-23T14:57:22.060+0000] {dagbag.py:588} INFO - Filling up the DagBag from /home/airflow/.local/lib/python3.12/site-packages/airflow/example_dags/example_bash_operator.py
[2025-01-23T14:57:22.082+0000] {processor.py:925} INFO - DAG(s) 'example_bash_operator' retrieved from /home/airflow/.local/lib/python3.12/site-packages/airflow/example_dags/example_bash_operator.py
[2025-01-23T14:57:22.128+0000] {logging_mixin.py:190} INFO - [2025-01-23T14:57:22.128+0000] {dag.py:3239} INFO - Sync 1 DAGs
[2025-01-23T14:57:22.160+0000] {logging_mixin.py:190} INFO - [2025-01-23T14:57:22.160+0000] {dag.py:4180} INFO - Setting next_dagrun for example_bash_operator to 2025-01-22 00:00:00+00:00, run_after=2025-01-23 00:00:00+00:00
[2025-01-23T14:57:22.182+0000] {processor.py:208} INFO - Processing /home/airflow/.local/lib/python3.12/site-packages/airflow/example_dags/example_bash_operator.py took 0.137 seconds
[2025-01-23T14:57:53.325+0000] {processor.py:186} INFO - Started process (PID=4712) to work on /home/airflow/.local/lib/python3.12/site-packages/airflow/example_dags/example_bash_operator.py
[2025-01-23T14:57:53.326+0000] {processor.py:914} INFO - Processing file /home/airflow/.local/lib/python3.12/site-packages/airflow/example_dags/example_bash_operator.py for tasks to queue
[2025-01-23T14:57:53.329+0000] {logging_mixin.py:190} INFO - [2025-01-23T14:57:53.328+0000] {dagbag.py:588} INFO - Filling up the DagBag from /home/airflow/.local/lib/python3.12/site-packages/airflow/example_dags/example_bash_operator.py
[2025-01-23T14:57:53.346+0000] {processor.py:925} INFO - DAG(s) 'example_bash_operator' retrieved from /home/airflow/.local/lib/python3.12/site-packages/airflow/example_dags/example_bash_operator.py
[2025-01-23T14:57:53.381+0000] {logging_mixin.py:190} INFO - [2025-01-23T14:57:53.380+0000] {dag.py:3239} INFO - Sync 1 DAGs
[2025-01-23T14:57:53.417+0000] {logging_mixin.py:190} INFO - [2025-01-23T14:57:53.416+0000] {dag.py:4180} INFO - Setting next_dagrun for example_bash_operator to 2025-01-22 00:00:00+00:00, run_after=2025-01-23 00:00:00+00:00
[2025-01-23T14:57:53.440+0000] {processor.py:208} INFO - Processing /home/airflow/.local/lib/python3.12/site-packages/airflow/example_dags/example_bash_operator.py took 0.124 seconds
[2025-01-23T14:58:24.789+0000] {processor.py:186} INFO - Started process (PID=5010) to work on /home/airflow/.local/lib/python3.12/site-packages/airflow/example_dags/example_bash_operator.py
[2025-01-23T14:58:24.791+0000] {processor.py:914} INFO - Processing file /home/airflow/.local/lib/python3.12/site-packages/airflow/example_dags/example_bash_operator.py for tasks to queue
[2025-01-23T14:58:24.793+0000] {logging_mixin.py:190} INFO - [2025-01-23T14:58:24.793+0000] {dagbag.py:588} INFO - Filling up the DagBag from /home/airflow/.local/lib/python3.12/site-packages/airflow/example_dags/example_bash_operator.py
[2025-01-23T14:58:24.812+0000] {processor.py:925} INFO - DAG(s) 'example_bash_operator' retrieved from /home/airflow/.local/lib/python3.12/site-packages/airflow/example_dags/example_bash_operator.py
[2025-01-23T14:58:24.852+0000] {logging_mixin.py:190} INFO - [2025-01-23T14:58:24.852+0000] {dag.py:3239} INFO - Sync 1 DAGs
[2025-01-23T14:58:24.884+0000] {logging_mixin.py:190} INFO - [2025-01-23T14:58:24.884+0000] {dag.py:4180} INFO - Setting next_dagrun for example_bash_operator to 2025-01-22 00:00:00+00:00, run_after=2025-01-23 00:00:00+00:00
[2025-01-23T14:58:24.909+0000] {processor.py:208} INFO - Processing /home/airflow/.local/lib/python3.12/site-packages/airflow/example_dags/example_bash_operator.py took 0.130 seconds
[2025-01-23T14:58:55.593+0000] {processor.py:186} INFO - Started process (PID=5304) to work on /home/airflow/.local/lib/python3.12/site-packages/airflow/example_dags/example_bash_operator.py
[2025-01-23T14:58:55.594+0000] {processor.py:914} INFO - Processing file /home/airflow/.local/lib/python3.12/site-packages/airflow/example_dags/example_bash_operator.py for tasks to queue
[2025-01-23T14:58:55.597+0000] {logging_mixin.py:190} INFO - [2025-01-23T14:58:55.597+0000] {dagbag.py:588} INFO - Filling up the DagBag from /home/airflow/.local/lib/python3.12/site-packages/airflow/example_dags/example_bash_operator.py
[2025-01-23T14:58:55.614+0000] {processor.py:925} INFO - DAG(s) 'example_bash_operator' retrieved from /home/airflow/.local/lib/python3.12/site-packages/airflow/example_dags/example_bash_operator.py
[2025-01-23T14:58:55.646+0000] {logging_mixin.py:190} INFO - [2025-01-23T14:58:55.646+0000] {dag.py:3239} INFO - Sync 1 DAGs
[2025-01-23T14:58:55.679+0000] {logging_mixin.py:190} INFO - [2025-01-23T14:58:55.679+0000] {dag.py:4180} INFO - Setting next_dagrun for example_bash_operator to 2025-01-22 00:00:00+00:00, run_after=2025-01-23 00:00:00+00:00
[2025-01-23T14:58:55.701+0000] {processor.py:208} INFO - Processing /home/airflow/.local/lib/python3.12/site-packages/airflow/example_dags/example_bash_operator.py took 0.117 seconds
[2025-01-23T14:59:26.532+0000] {processor.py:186} INFO - Started process (PID=5606) to work on /home/airflow/.local/lib/python3.12/site-packages/airflow/example_dags/example_bash_operator.py
[2025-01-23T14:59:26.533+0000] {processor.py:914} INFO - Processing file /home/airflow/.local/lib/python3.12/site-packages/airflow/example_dags/example_bash_operator.py for tasks to queue
[2025-01-23T14:59:26.536+0000] {logging_mixin.py:190} INFO - [2025-01-23T14:59:26.535+0000] {dagbag.py:588} INFO - Filling up the DagBag from /home/airflow/.local/lib/python3.12/site-packages/airflow/example_dags/example_bash_operator.py
[2025-01-23T14:59:26.553+0000] {processor.py:925} INFO - DAG(s) 'example_bash_operator' retrieved from /home/airflow/.local/lib/python3.12/site-packages/airflow/example_dags/example_bash_operator.py
[2025-01-23T14:59:26.590+0000] {logging_mixin.py:190} INFO - [2025-01-23T14:59:26.590+0000] {dag.py:3239} INFO - Sync 1 DAGs
[2025-01-23T14:59:26.626+0000] {logging_mixin.py:190} INFO - [2025-01-23T14:59:26.626+0000] {dag.py:4180} INFO - Setting next_dagrun for example_bash_operator to 2025-01-22 00:00:00+00:00, run_after=2025-01-23 00:00:00+00:00
[2025-01-23T14:59:26.651+0000] {processor.py:208} INFO - Processing /home/airflow/.local/lib/python3.12/site-packages/airflow/example_dags/example_bash_operator.py took 0.130 seconds
[2025-01-23T14:59:57.968+0000] {processor.py:186} INFO - Started process (PID=5902) to work on /home/airflow/.local/lib/python3.12/site-packages/airflow/example_dags/example_bash_operator.py
[2025-01-23T14:59:57.974+0000] {processor.py:914} INFO - Processing file /home/airflow/.local/lib/python3.12/site-packages/airflow/example_dags/example_bash_operator.py for tasks to queue
[2025-01-23T14:59:57.978+0000] {logging_mixin.py:190} INFO - [2025-01-23T14:59:57.977+0000] {dagbag.py:588} INFO - Filling up the DagBag from /home/airflow/.local/lib/python3.12/site-packages/airflow/example_dags/example_bash_operator.py
[2025-01-23T14:59:58.001+0000] {processor.py:925} INFO - DAG(s) 'example_bash_operator' retrieved from /home/airflow/.local/lib/python3.12/site-packages/airflow/example_dags/example_bash_operator.py
[2025-01-23T14:59:58.044+0000] {logging_mixin.py:190} INFO - [2025-01-23T14:59:58.043+0000] {dag.py:3239} INFO - Sync 1 DAGs
[2025-01-23T14:59:58.086+0000] {logging_mixin.py:190} INFO - [2025-01-23T14:59:58.085+0000] {dag.py:4180} INFO - Setting next_dagrun for example_bash_operator to 2025-01-22 00:00:00+00:00, run_after=2025-01-23 00:00:00+00:00
[2025-01-23T14:59:58.110+0000] {processor.py:208} INFO - Processing /home/airflow/.local/lib/python3.12/site-packages/airflow/example_dags/example_bash_operator.py took 0.153 seconds
[2025-01-23T15:00:29.113+0000] {processor.py:186} INFO - Started process (PID=6198) to work on /home/airflow/.local/lib/python3.12/site-packages/airflow/example_dags/example_bash_operator.py
[2025-01-23T15:00:29.115+0000] {processor.py:914} INFO - Processing file /home/airflow/.local/lib/python3.12/site-packages/airflow/example_dags/example_bash_operator.py for tasks to queue
[2025-01-23T15:00:29.118+0000] {logging_mixin.py:190} INFO - [2025-01-23T15:00:29.117+0000] {dagbag.py:588} INFO - Filling up the DagBag from /home/airflow/.local/lib/python3.12/site-packages/airflow/example_dags/example_bash_operator.py
[2025-01-23T15:00:29.141+0000] {processor.py:925} INFO - DAG(s) 'example_bash_operator' retrieved from /home/airflow/.local/lib/python3.12/site-packages/airflow/example_dags/example_bash_operator.py
[2025-01-23T15:00:29.183+0000] {logging_mixin.py:190} INFO - [2025-01-23T15:00:29.183+0000] {dag.py:3239} INFO - Sync 1 DAGs
[2025-01-23T15:00:29.218+0000] {logging_mixin.py:190} INFO - [2025-01-23T15:00:29.218+0000] {dag.py:4180} INFO - Setting next_dagrun for example_bash_operator to 2025-01-22 00:00:00+00:00, run_after=2025-01-23 00:00:00+00:00
[2025-01-23T15:00:29.244+0000] {processor.py:208} INFO - Processing /home/airflow/.local/lib/python3.12/site-packages/airflow/example_dags/example_bash_operator.py took 0.148 seconds
[2025-01-23T15:01:01.495+0000] {processor.py:186} INFO - Started process (PID=6496) to work on /home/airflow/.local/lib/python3.12/site-packages/airflow/example_dags/example_bash_operator.py
[2025-01-23T15:01:01.498+0000] {processor.py:914} INFO - Processing file /home/airflow/.local/lib/python3.12/site-packages/airflow/example_dags/example_bash_operator.py for tasks to queue
[2025-01-23T15:01:01.503+0000] {logging_mixin.py:190} INFO - [2025-01-23T15:01:01.503+0000] {dagbag.py:588} INFO - Filling up the DagBag from /home/airflow/.local/lib/python3.12/site-packages/airflow/example_dags/example_bash_operator.py
[2025-01-23T15:01:01.530+0000] {processor.py:925} INFO - DAG(s) 'example_bash_operator' retrieved from /home/airflow/.local/lib/python3.12/site-packages/airflow/example_dags/example_bash_operator.py
[2025-01-23T15:01:01.583+0000] {logging_mixin.py:190} INFO - [2025-01-23T15:01:01.583+0000] {dag.py:3239} INFO - Sync 1 DAGs
[2025-01-23T15:01:01.623+0000] {logging_mixin.py:190} INFO - [2025-01-23T15:01:01.622+0000] {dag.py:4180} INFO - Setting next_dagrun for example_bash_operator to 2025-01-22 00:00:00+00:00, run_after=2025-01-23 00:00:00+00:00
[2025-01-23T15:01:01.660+0000] {processor.py:208} INFO - Processing /home/airflow/.local/lib/python3.12/site-packages/airflow/example_dags/example_bash_operator.py took 0.176 seconds
[2025-01-23T15:01:33.365+0000] {processor.py:186} INFO - Started process (PID=6792) to work on /home/airflow/.local/lib/python3.12/site-packages/airflow/example_dags/example_bash_operator.py
[2025-01-23T15:01:33.372+0000] {processor.py:914} INFO - Processing file /home/airflow/.local/lib/python3.12/site-packages/airflow/example_dags/example_bash_operator.py for tasks to queue
[2025-01-23T15:01:33.376+0000] {logging_mixin.py:190} INFO - [2025-01-23T15:01:33.376+0000] {dagbag.py:588} INFO - Filling up the DagBag from /home/airflow/.local/lib/python3.12/site-packages/airflow/example_dags/example_bash_operator.py
[2025-01-23T15:01:33.403+0000] {processor.py:925} INFO - DAG(s) 'example_bash_operator' retrieved from /home/airflow/.local/lib/python3.12/site-packages/airflow/example_dags/example_bash_operator.py
[2025-01-23T15:01:33.452+0000] {logging_mixin.py:190} INFO - [2025-01-23T15:01:33.451+0000] {dag.py:3239} INFO - Sync 1 DAGs
[2025-01-23T15:01:33.494+0000] {logging_mixin.py:190} INFO - [2025-01-23T15:01:33.493+0000] {dag.py:4180} INFO - Setting next_dagrun for example_bash_operator to 2025-01-22 00:00:00+00:00, run_after=2025-01-23 00:00:00+00:00
[2025-01-23T15:01:33.527+0000] {processor.py:208} INFO - Processing /home/airflow/.local/lib/python3.12/site-packages/airflow/example_dags/example_bash_operator.py took 0.174 seconds
[2025-01-23T15:02:04.634+0000] {processor.py:186} INFO - Started process (PID=7086) to work on /home/airflow/.local/lib/python3.12/site-packages/airflow/example_dags/example_bash_operator.py
[2025-01-23T15:02:04.635+0000] {processor.py:914} INFO - Processing file /home/airflow/.local/lib/python3.12/site-packages/airflow/example_dags/example_bash_operator.py for tasks to queue
[2025-01-23T15:02:04.639+0000] {logging_mixin.py:190} INFO - [2025-01-23T15:02:04.639+0000] {dagbag.py:588} INFO - Filling up the DagBag from /home/airflow/.local/lib/python3.12/site-packages/airflow/example_dags/example_bash_operator.py
[2025-01-23T15:02:04.663+0000] {processor.py:925} INFO - DAG(s) 'example_bash_operator' retrieved from /home/airflow/.local/lib/python3.12/site-packages/airflow/example_dags/example_bash_operator.py
[2025-01-23T15:02:04.711+0000] {logging_mixin.py:190} INFO - [2025-01-23T15:02:04.711+0000] {dag.py:3239} INFO - Sync 1 DAGs
[2025-01-23T15:02:04.754+0000] {logging_mixin.py:190} INFO - [2025-01-23T15:02:04.753+0000] {dag.py:4180} INFO - Setting next_dagrun for example_bash_operator to 2025-01-22 00:00:00+00:00, run_after=2025-01-23 00:00:00+00:00
[2025-01-23T15:02:04.783+0000] {processor.py:208} INFO - Processing /home/airflow/.local/lib/python3.12/site-packages/airflow/example_dags/example_bash_operator.py took 0.161 seconds
[2025-01-23T15:02:36.239+0000] {processor.py:186} INFO - Started process (PID=7382) to work on /home/airflow/.local/lib/python3.12/site-packages/airflow/example_dags/example_bash_operator.py
[2025-01-23T15:02:36.241+0000] {processor.py:914} INFO - Processing file /home/airflow/.local/lib/python3.12/site-packages/airflow/example_dags/example_bash_operator.py for tasks to queue
[2025-01-23T15:02:36.244+0000] {logging_mixin.py:190} INFO - [2025-01-23T15:02:36.243+0000] {dagbag.py:588} INFO - Filling up the DagBag from /home/airflow/.local/lib/python3.12/site-packages/airflow/example_dags/example_bash_operator.py
[2025-01-23T15:02:36.262+0000] {processor.py:925} INFO - DAG(s) 'example_bash_operator' retrieved from /home/airflow/.local/lib/python3.12/site-packages/airflow/example_dags/example_bash_operator.py
[2025-01-23T15:02:36.301+0000] {logging_mixin.py:190} INFO - [2025-01-23T15:02:36.300+0000] {dag.py:3239} INFO - Sync 1 DAGs
[2025-01-23T15:02:36.339+0000] {logging_mixin.py:190} INFO - [2025-01-23T15:02:36.338+0000] {dag.py:4180} INFO - Setting next_dagrun for example_bash_operator to 2025-01-22 00:00:00+00:00, run_after=2025-01-23 00:00:00+00:00
[2025-01-23T15:02:36.365+0000] {processor.py:208} INFO - Processing /home/airflow/.local/lib/python3.12/site-packages/airflow/example_dags/example_bash_operator.py took 0.135 seconds
[2025-01-23T15:03:07.875+0000] {processor.py:186} INFO - Started process (PID=7678) to work on /home/airflow/.local/lib/python3.12/site-packages/airflow/example_dags/example_bash_operator.py
[2025-01-23T15:03:07.876+0000] {processor.py:914} INFO - Processing file /home/airflow/.local/lib/python3.12/site-packages/airflow/example_dags/example_bash_operator.py for tasks to queue
[2025-01-23T15:03:07.880+0000] {logging_mixin.py:190} INFO - [2025-01-23T15:03:07.879+0000] {dagbag.py:588} INFO - Filling up the DagBag from /home/airflow/.local/lib/python3.12/site-packages/airflow/example_dags/example_bash_operator.py
[2025-01-23T15:03:07.899+0000] {processor.py:925} INFO - DAG(s) 'example_bash_operator' retrieved from /home/airflow/.local/lib/python3.12/site-packages/airflow/example_dags/example_bash_operator.py
[2025-01-23T15:03:07.941+0000] {logging_mixin.py:190} INFO - [2025-01-23T15:03:07.940+0000] {dag.py:3239} INFO - Sync 1 DAGs
[2025-01-23T15:03:07.973+0000] {logging_mixin.py:190} INFO - [2025-01-23T15:03:07.973+0000] {dag.py:4180} INFO - Setting next_dagrun for example_bash_operator to 2025-01-22 00:00:00+00:00, run_after=2025-01-23 00:00:00+00:00
[2025-01-23T15:03:08.003+0000] {processor.py:208} INFO - Processing /home/airflow/.local/lib/python3.12/site-packages/airflow/example_dags/example_bash_operator.py took 0.141 seconds
[2025-01-23T15:03:39.402+0000] {processor.py:186} INFO - Started process (PID=7974) to work on /home/airflow/.local/lib/python3.12/site-packages/airflow/example_dags/example_bash_operator.py
[2025-01-23T15:03:39.404+0000] {processor.py:914} INFO - Processing file /home/airflow/.local/lib/python3.12/site-packages/airflow/example_dags/example_bash_operator.py for tasks to queue
[2025-01-23T15:03:39.409+0000] {logging_mixin.py:190} INFO - [2025-01-23T15:03:39.408+0000] {dagbag.py:588} INFO - Filling up the DagBag from /home/airflow/.local/lib/python3.12/site-packages/airflow/example_dags/example_bash_operator.py
[2025-01-23T15:03:39.428+0000] {processor.py:925} INFO - DAG(s) 'example_bash_operator' retrieved from /home/airflow/.local/lib/python3.12/site-packages/airflow/example_dags/example_bash_operator.py
[2025-01-23T15:03:39.473+0000] {logging_mixin.py:190} INFO - [2025-01-23T15:03:39.473+0000] {dag.py:3239} INFO - Sync 1 DAGs
[2025-01-23T15:03:39.508+0000] {logging_mixin.py:190} INFO - [2025-01-23T15:03:39.508+0000] {dag.py:4180} INFO - Setting next_dagrun for example_bash_operator to 2025-01-22 00:00:00+00:00, run_after=2025-01-23 00:00:00+00:00
[2025-01-23T15:03:39.541+0000] {processor.py:208} INFO - Processing /home/airflow/.local/lib/python3.12/site-packages/airflow/example_dags/example_bash_operator.py took 0.148 seconds
[2025-01-23T15:04:11.064+0000] {processor.py:186} INFO - Started process (PID=8275) to work on /home/airflow/.local/lib/python3.12/site-packages/airflow/example_dags/example_bash_operator.py
[2025-01-23T15:04:11.066+0000] {processor.py:914} INFO - Processing file /home/airflow/.local/lib/python3.12/site-packages/airflow/example_dags/example_bash_operator.py for tasks to queue
[2025-01-23T15:04:11.069+0000] {logging_mixin.py:190} INFO - [2025-01-23T15:04:11.068+0000] {dagbag.py:588} INFO - Filling up the DagBag from /home/airflow/.local/lib/python3.12/site-packages/airflow/example_dags/example_bash_operator.py
[2025-01-23T15:04:11.088+0000] {processor.py:925} INFO - DAG(s) 'example_bash_operator' retrieved from /home/airflow/.local/lib/python3.12/site-packages/airflow/example_dags/example_bash_operator.py
[2025-01-23T15:04:11.130+0000] {logging_mixin.py:190} INFO - [2025-01-23T15:04:11.130+0000] {dag.py:3239} INFO - Sync 1 DAGs
[2025-01-23T15:04:11.161+0000] {logging_mixin.py:190} INFO - [2025-01-23T15:04:11.161+0000] {dag.py:4180} INFO - Setting next_dagrun for example_bash_operator to 2025-01-22 00:00:00+00:00, run_after=2025-01-23 00:00:00+00:00
[2025-01-23T15:04:11.187+0000] {processor.py:208} INFO - Processing /home/airflow/.local/lib/python3.12/site-packages/airflow/example_dags/example_bash_operator.py took 0.134 seconds
[2025-01-23T15:04:42.239+0000] {processor.py:186} INFO - Started process (PID=8571) to work on /home/airflow/.local/lib/python3.12/site-packages/airflow/example_dags/example_bash_operator.py
[2025-01-23T15:04:42.241+0000] {processor.py:914} INFO - Processing file /home/airflow/.local/lib/python3.12/site-packages/airflow/example_dags/example_bash_operator.py for tasks to queue
[2025-01-23T15:04:42.244+0000] {logging_mixin.py:190} INFO - [2025-01-23T15:04:42.244+0000] {dagbag.py:588} INFO - Filling up the DagBag from /home/airflow/.local/lib/python3.12/site-packages/airflow/example_dags/example_bash_operator.py
[2025-01-23T15:04:42.261+0000] {processor.py:925} INFO - DAG(s) 'example_bash_operator' retrieved from /home/airflow/.local/lib/python3.12/site-packages/airflow/example_dags/example_bash_operator.py
[2025-01-23T15:04:42.296+0000] {logging_mixin.py:190} INFO - [2025-01-23T15:04:42.296+0000] {dag.py:3239} INFO - Sync 1 DAGs
[2025-01-23T15:04:42.331+0000] {logging_mixin.py:190} INFO - [2025-01-23T15:04:42.330+0000] {dag.py:4180} INFO - Setting next_dagrun for example_bash_operator to 2025-01-22 00:00:00+00:00, run_after=2025-01-23 00:00:00+00:00
[2025-01-23T15:04:42.359+0000] {processor.py:208} INFO - Processing /home/airflow/.local/lib/python3.12/site-packages/airflow/example_dags/example_bash_operator.py took 0.127 seconds
[2025-01-23T15:05:13.112+0000] {processor.py:186} INFO - Started process (PID=8867) to work on /home/airflow/.local/lib/python3.12/site-packages/airflow/example_dags/example_bash_operator.py
[2025-01-23T15:05:13.115+0000] {processor.py:914} INFO - Processing file /home/airflow/.local/lib/python3.12/site-packages/airflow/example_dags/example_bash_operator.py for tasks to queue
[2025-01-23T15:05:13.118+0000] {logging_mixin.py:190} INFO - [2025-01-23T15:05:13.117+0000] {dagbag.py:588} INFO - Filling up the DagBag from /home/airflow/.local/lib/python3.12/site-packages/airflow/example_dags/example_bash_operator.py
[2025-01-23T15:05:13.136+0000] {processor.py:925} INFO - DAG(s) 'example_bash_operator' retrieved from /home/airflow/.local/lib/python3.12/site-packages/airflow/example_dags/example_bash_operator.py
[2025-01-23T15:05:13.182+0000] {logging_mixin.py:190} INFO - [2025-01-23T15:05:13.182+0000] {dag.py:3239} INFO - Sync 1 DAGs
[2025-01-23T15:05:13.217+0000] {logging_mixin.py:190} INFO - [2025-01-23T15:05:13.216+0000] {dag.py:4180} INFO - Setting next_dagrun for example_bash_operator to 2025-01-22 00:00:00+00:00, run_after=2025-01-23 00:00:00+00:00
[2025-01-23T15:05:13.249+0000] {processor.py:208} INFO - Processing /home/airflow/.local/lib/python3.12/site-packages/airflow/example_dags/example_bash_operator.py took 0.145 seconds
[2025-01-23T15:05:43.855+0000] {processor.py:186} INFO - Started process (PID=9158) to work on /home/airflow/.local/lib/python3.12/site-packages/airflow/example_dags/example_bash_operator.py
[2025-01-23T15:05:43.856+0000] {processor.py:914} INFO - Processing file /home/airflow/.local/lib/python3.12/site-packages/airflow/example_dags/example_bash_operator.py for tasks to queue
[2025-01-23T15:05:43.859+0000] {logging_mixin.py:190} INFO - [2025-01-23T15:05:43.859+0000] {dagbag.py:588} INFO - Filling up the DagBag from /home/airflow/.local/lib/python3.12/site-packages/airflow/example_dags/example_bash_operator.py
[2025-01-23T15:05:43.877+0000] {processor.py:925} INFO - DAG(s) 'example_bash_operator' retrieved from /home/airflow/.local/lib/python3.12/site-packages/airflow/example_dags/example_bash_operator.py
[2025-01-23T15:05:43.925+0000] {logging_mixin.py:190} INFO - [2025-01-23T15:05:43.924+0000] {dag.py:3239} INFO - Sync 1 DAGs
[2025-01-23T15:05:43.963+0000] {logging_mixin.py:190} INFO - [2025-01-23T15:05:43.963+0000] {dag.py:4180} INFO - Setting next_dagrun for example_bash_operator to 2025-01-22 00:00:00+00:00, run_after=2025-01-23 00:00:00+00:00
[2025-01-23T15:05:43.994+0000] {processor.py:208} INFO - Processing /home/airflow/.local/lib/python3.12/site-packages/airflow/example_dags/example_bash_operator.py took 0.147 seconds
[2025-01-23T15:06:14.411+0000] {processor.py:186} INFO - Started process (PID=9448) to work on /home/airflow/.local/lib/python3.12/site-packages/airflow/example_dags/example_bash_operator.py
[2025-01-23T15:06:14.412+0000] {processor.py:914} INFO - Processing file /home/airflow/.local/lib/python3.12/site-packages/airflow/example_dags/example_bash_operator.py for tasks to queue
[2025-01-23T15:06:14.414+0000] {logging_mixin.py:190} INFO - [2025-01-23T15:06:14.414+0000] {dagbag.py:588} INFO - Filling up the DagBag from /home/airflow/.local/lib/python3.12/site-packages/airflow/example_dags/example_bash_operator.py
[2025-01-23T15:06:14.432+0000] {processor.py:925} INFO - DAG(s) 'example_bash_operator' retrieved from /home/airflow/.local/lib/python3.12/site-packages/airflow/example_dags/example_bash_operator.py
[2025-01-23T15:06:14.468+0000] {logging_mixin.py:190} INFO - [2025-01-23T15:06:14.468+0000] {dag.py:3239} INFO - Sync 1 DAGs
[2025-01-23T15:06:14.500+0000] {logging_mixin.py:190} INFO - [2025-01-23T15:06:14.500+0000] {dag.py:4180} INFO - Setting next_dagrun for example_bash_operator to 2025-01-22 00:00:00+00:00, run_after=2025-01-23 00:00:00+00:00
[2025-01-23T15:06:14.525+0000] {processor.py:208} INFO - Processing /home/airflow/.local/lib/python3.12/site-packages/airflow/example_dags/example_bash_operator.py took 0.123 seconds
[2025-01-23T15:06:45.004+0000] {processor.py:186} INFO - Started process (PID=9744) to work on /home/airflow/.local/lib/python3.12/site-packages/airflow/example_dags/example_bash_operator.py
[2025-01-23T15:06:45.006+0000] {processor.py:914} INFO - Processing file /home/airflow/.local/lib/python3.12/site-packages/airflow/example_dags/example_bash_operator.py for tasks to queue
[2025-01-23T15:06:45.009+0000] {logging_mixin.py:190} INFO - [2025-01-23T15:06:45.008+0000] {dagbag.py:588} INFO - Filling up the DagBag from /home/airflow/.local/lib/python3.12/site-packages/airflow/example_dags/example_bash_operator.py
[2025-01-23T15:06:45.029+0000] {processor.py:925} INFO - DAG(s) 'example_bash_operator' retrieved from /home/airflow/.local/lib/python3.12/site-packages/airflow/example_dags/example_bash_operator.py
[2025-01-23T15:06:45.073+0000] {logging_mixin.py:190} INFO - [2025-01-23T15:06:45.072+0000] {dag.py:3239} INFO - Sync 1 DAGs
[2025-01-23T15:06:45.115+0000] {logging_mixin.py:190} INFO - [2025-01-23T15:06:45.115+0000] {dag.py:4180} INFO - Setting next_dagrun for example_bash_operator to 2025-01-22 00:00:00+00:00, run_after=2025-01-23 00:00:00+00:00
[2025-01-23T15:06:45.141+0000] {processor.py:208} INFO - Processing /home/airflow/.local/lib/python3.12/site-packages/airflow/example_dags/example_bash_operator.py took 0.147 seconds
[2025-01-23T15:07:15.325+0000] {processor.py:186} INFO - Started process (PID=10042) to work on /home/airflow/.local/lib/python3.12/site-packages/airflow/example_dags/example_bash_operator.py
[2025-01-23T15:07:15.327+0000] {processor.py:914} INFO - Processing file /home/airflow/.local/lib/python3.12/site-packages/airflow/example_dags/example_bash_operator.py for tasks to queue
[2025-01-23T15:07:15.330+0000] {logging_mixin.py:190} INFO - [2025-01-23T15:07:15.329+0000] {dagbag.py:588} INFO - Filling up the DagBag from /home/airflow/.local/lib/python3.12/site-packages/airflow/example_dags/example_bash_operator.py
[2025-01-23T15:07:15.351+0000] {processor.py:925} INFO - DAG(s) 'example_bash_operator' retrieved from /home/airflow/.local/lib/python3.12/site-packages/airflow/example_dags/example_bash_operator.py
[2025-01-23T15:07:15.390+0000] {logging_mixin.py:190} INFO - [2025-01-23T15:07:15.390+0000] {dag.py:3239} INFO - Sync 1 DAGs
[2025-01-23T15:07:15.424+0000] {logging_mixin.py:190} INFO - [2025-01-23T15:07:15.423+0000] {dag.py:4180} INFO - Setting next_dagrun for example_bash_operator to 2025-01-22 00:00:00+00:00, run_after=2025-01-23 00:00:00+00:00
[2025-01-23T15:07:15.451+0000] {processor.py:208} INFO - Processing /home/airflow/.local/lib/python3.12/site-packages/airflow/example_dags/example_bash_operator.py took 0.140 seconds
[2025-01-23T15:07:45.963+0000] {processor.py:186} INFO - Started process (PID=10336) to work on /home/airflow/.local/lib/python3.12/site-packages/airflow/example_dags/example_bash_operator.py
[2025-01-23T15:07:45.964+0000] {processor.py:914} INFO - Processing file /home/airflow/.local/lib/python3.12/site-packages/airflow/example_dags/example_bash_operator.py for tasks to queue
[2025-01-23T15:07:45.967+0000] {logging_mixin.py:190} INFO - [2025-01-23T15:07:45.967+0000] {dagbag.py:588} INFO - Filling up the DagBag from /home/airflow/.local/lib/python3.12/site-packages/airflow/example_dags/example_bash_operator.py
[2025-01-23T15:07:45.993+0000] {processor.py:925} INFO - DAG(s) 'example_bash_operator' retrieved from /home/airflow/.local/lib/python3.12/site-packages/airflow/example_dags/example_bash_operator.py
[2025-01-23T15:07:46.042+0000] {logging_mixin.py:190} INFO - [2025-01-23T15:07:46.041+0000] {dag.py:3239} INFO - Sync 1 DAGs
[2025-01-23T15:07:46.083+0000] {logging_mixin.py:190} INFO - [2025-01-23T15:07:46.082+0000] {dag.py:4180} INFO - Setting next_dagrun for example_bash_operator to 2025-01-22 00:00:00+00:00, run_after=2025-01-23 00:00:00+00:00
[2025-01-23T15:07:46.118+0000] {processor.py:208} INFO - Processing /home/airflow/.local/lib/python3.12/site-packages/airflow/example_dags/example_bash_operator.py took 0.167 seconds
[2025-01-23T15:08:16.173+0000] {processor.py:186} INFO - Started process (PID=10632) to work on /home/airflow/.local/lib/python3.12/site-packages/airflow/example_dags/example_bash_operator.py
[2025-01-23T15:08:16.175+0000] {processor.py:914} INFO - Processing file /home/airflow/.local/lib/python3.12/site-packages/airflow/example_dags/example_bash_operator.py for tasks to queue
[2025-01-23T15:08:16.178+0000] {logging_mixin.py:190} INFO - [2025-01-23T15:08:16.178+0000] {dagbag.py:588} INFO - Filling up the DagBag from /home/airflow/.local/lib/python3.12/site-packages/airflow/example_dags/example_bash_operator.py
[2025-01-23T15:08:16.198+0000] {processor.py:925} INFO - DAG(s) 'example_bash_operator' retrieved from /home/airflow/.local/lib/python3.12/site-packages/airflow/example_dags/example_bash_operator.py
[2025-01-23T15:08:16.239+0000] {logging_mixin.py:190} INFO - [2025-01-23T15:08:16.239+0000] {dag.py:3239} INFO - Sync 1 DAGs
[2025-01-23T15:08:16.274+0000] {logging_mixin.py:190} INFO - [2025-01-23T15:08:16.274+0000] {dag.py:4180} INFO - Setting next_dagrun for example_bash_operator to 2025-01-22 00:00:00+00:00, run_after=2025-01-23 00:00:00+00:00
[2025-01-23T15:08:16.299+0000] {processor.py:208} INFO - Processing /home/airflow/.local/lib/python3.12/site-packages/airflow/example_dags/example_bash_operator.py took 0.135 seconds
