[2025-01-23T14:50:08.793+0000] {processor.py:186} INFO - Started process (PID=367) to work on /home/airflow/.local/lib/python3.12/site-packages/airflow/example_dags/tutorial.py
[2025-01-23T14:50:08.794+0000] {processor.py:914} INFO - Processing file /home/airflow/.local/lib/python3.12/site-packages/airflow/example_dags/tutorial.py for tasks to queue
[2025-01-23T14:50:08.796+0000] {logging_mixin.py:190} INFO - [2025-01-23T14:50:08.796+0000] {dagbag.py:588} INFO - Filling up the DagBag from /home/airflow/.local/lib/python3.12/site-packages/airflow/example_dags/tutorial.py
[2025-01-23T14:50:08.804+0000] {processor.py:925} INFO - DAG(s) 'tutorial' retrieved from /home/airflow/.local/lib/python3.12/site-packages/airflow/example_dags/tutorial.py
[2025-01-23T14:50:08.825+0000] {logging_mixin.py:190} INFO - [2025-01-23T14:50:08.825+0000] {dag.py:3239} INFO - Sync 1 DAGs
[2025-01-23T14:50:08.848+0000] {logging_mixin.py:190} INFO - [2025-01-23T14:50:08.848+0000] {dag.py:4180} INFO - Setting next_dagrun for tutorial to 2025-01-22 00:00:00+00:00, run_after=2025-01-23 00:00:00+00:00
[2025-01-23T14:50:08.879+0000] {processor.py:208} INFO - Processing /home/airflow/.local/lib/python3.12/site-packages/airflow/example_dags/tutorial.py took 0.092 seconds
[2025-01-23T14:50:39.884+0000] {processor.py:186} INFO - Started process (PID=663) to work on /home/airflow/.local/lib/python3.12/site-packages/airflow/example_dags/tutorial.py
[2025-01-23T14:50:39.885+0000] {processor.py:914} INFO - Processing file /home/airflow/.local/lib/python3.12/site-packages/airflow/example_dags/tutorial.py for tasks to queue
[2025-01-23T14:50:39.887+0000] {logging_mixin.py:190} INFO - [2025-01-23T14:50:39.887+0000] {dagbag.py:588} INFO - Filling up the DagBag from /home/airflow/.local/lib/python3.12/site-packages/airflow/example_dags/tutorial.py
[2025-01-23T14:50:39.895+0000] {processor.py:925} INFO - DAG(s) 'tutorial' retrieved from /home/airflow/.local/lib/python3.12/site-packages/airflow/example_dags/tutorial.py
[2025-01-23T14:50:39.913+0000] {logging_mixin.py:190} INFO - [2025-01-23T14:50:39.913+0000] {dag.py:3239} INFO - Sync 1 DAGs
[2025-01-23T14:50:39.934+0000] {logging_mixin.py:190} INFO - [2025-01-23T14:50:39.934+0000] {dag.py:4180} INFO - Setting next_dagrun for tutorial to 2025-01-22 00:00:00+00:00, run_after=2025-01-23 00:00:00+00:00
[2025-01-23T14:50:39.951+0000] {processor.py:208} INFO - Processing /home/airflow/.local/lib/python3.12/site-packages/airflow/example_dags/tutorial.py took 0.072 seconds
[2025-01-23T14:51:11.402+0000] {processor.py:186} INFO - Started process (PID=959) to work on /home/airflow/.local/lib/python3.12/site-packages/airflow/example_dags/tutorial.py
[2025-01-23T14:51:11.403+0000] {processor.py:914} INFO - Processing file /home/airflow/.local/lib/python3.12/site-packages/airflow/example_dags/tutorial.py for tasks to queue
[2025-01-23T14:51:11.406+0000] {logging_mixin.py:190} INFO - [2025-01-23T14:51:11.406+0000] {dagbag.py:588} INFO - Filling up the DagBag from /home/airflow/.local/lib/python3.12/site-packages/airflow/example_dags/tutorial.py
[2025-01-23T14:51:11.415+0000] {processor.py:925} INFO - DAG(s) 'tutorial' retrieved from /home/airflow/.local/lib/python3.12/site-packages/airflow/example_dags/tutorial.py
[2025-01-23T14:51:11.439+0000] {logging_mixin.py:190} INFO - [2025-01-23T14:51:11.439+0000] {dag.py:3239} INFO - Sync 1 DAGs
[2025-01-23T14:51:11.466+0000] {logging_mixin.py:190} INFO - [2025-01-23T14:51:11.466+0000] {dag.py:4180} INFO - Setting next_dagrun for tutorial to 2025-01-22 00:00:00+00:00, run_after=2025-01-23 00:00:00+00:00
[2025-01-23T14:51:11.489+0000] {processor.py:208} INFO - Processing /home/airflow/.local/lib/python3.12/site-packages/airflow/example_dags/tutorial.py took 0.094 seconds
[2025-01-23T14:51:42.645+0000] {processor.py:186} INFO - Started process (PID=1257) to work on /home/airflow/.local/lib/python3.12/site-packages/airflow/example_dags/tutorial.py
[2025-01-23T14:51:42.646+0000] {processor.py:914} INFO - Processing file /home/airflow/.local/lib/python3.12/site-packages/airflow/example_dags/tutorial.py for tasks to queue
[2025-01-23T14:51:42.649+0000] {logging_mixin.py:190} INFO - [2025-01-23T14:51:42.649+0000] {dagbag.py:588} INFO - Filling up the DagBag from /home/airflow/.local/lib/python3.12/site-packages/airflow/example_dags/tutorial.py
[2025-01-23T14:51:42.658+0000] {processor.py:925} INFO - DAG(s) 'tutorial' retrieved from /home/airflow/.local/lib/python3.12/site-packages/airflow/example_dags/tutorial.py
[2025-01-23T14:51:42.678+0000] {logging_mixin.py:190} INFO - [2025-01-23T14:51:42.677+0000] {dag.py:3239} INFO - Sync 1 DAGs
[2025-01-23T14:51:42.698+0000] {logging_mixin.py:190} INFO - [2025-01-23T14:51:42.698+0000] {dag.py:4180} INFO - Setting next_dagrun for tutorial to 2025-01-22 00:00:00+00:00, run_after=2025-01-23 00:00:00+00:00
[2025-01-23T14:51:42.714+0000] {processor.py:208} INFO - Processing /home/airflow/.local/lib/python3.12/site-packages/airflow/example_dags/tutorial.py took 0.074 seconds
[2025-01-23T14:52:13.997+0000] {processor.py:186} INFO - Started process (PID=1551) to work on /home/airflow/.local/lib/python3.12/site-packages/airflow/example_dags/tutorial.py
[2025-01-23T14:52:13.998+0000] {processor.py:914} INFO - Processing file /home/airflow/.local/lib/python3.12/site-packages/airflow/example_dags/tutorial.py for tasks to queue
[2025-01-23T14:52:14.000+0000] {logging_mixin.py:190} INFO - [2025-01-23T14:52:14.000+0000] {dagbag.py:588} INFO - Filling up the DagBag from /home/airflow/.local/lib/python3.12/site-packages/airflow/example_dags/tutorial.py
[2025-01-23T14:52:14.009+0000] {processor.py:925} INFO - DAG(s) 'tutorial' retrieved from /home/airflow/.local/lib/python3.12/site-packages/airflow/example_dags/tutorial.py
[2025-01-23T14:52:14.030+0000] {logging_mixin.py:190} INFO - [2025-01-23T14:52:14.030+0000] {dag.py:3239} INFO - Sync 1 DAGs
[2025-01-23T14:52:14.053+0000] {logging_mixin.py:190} INFO - [2025-01-23T14:52:14.052+0000] {dag.py:4180} INFO - Setting next_dagrun for tutorial to 2025-01-22 00:00:00+00:00, run_after=2025-01-23 00:00:00+00:00
[2025-01-23T14:52:14.073+0000] {processor.py:208} INFO - Processing /home/airflow/.local/lib/python3.12/site-packages/airflow/example_dags/tutorial.py took 0.082 seconds
[2025-01-23T14:52:45.882+0000] {processor.py:186} INFO - Started process (PID=1849) to work on /home/airflow/.local/lib/python3.12/site-packages/airflow/example_dags/tutorial.py
[2025-01-23T14:52:45.883+0000] {processor.py:914} INFO - Processing file /home/airflow/.local/lib/python3.12/site-packages/airflow/example_dags/tutorial.py for tasks to queue
[2025-01-23T14:52:45.885+0000] {logging_mixin.py:190} INFO - [2025-01-23T14:52:45.885+0000] {dagbag.py:588} INFO - Filling up the DagBag from /home/airflow/.local/lib/python3.12/site-packages/airflow/example_dags/tutorial.py
[2025-01-23T14:52:45.892+0000] {processor.py:925} INFO - DAG(s) 'tutorial' retrieved from /home/airflow/.local/lib/python3.12/site-packages/airflow/example_dags/tutorial.py
[2025-01-23T14:52:45.911+0000] {logging_mixin.py:190} INFO - [2025-01-23T14:52:45.911+0000] {dag.py:3239} INFO - Sync 1 DAGs
[2025-01-23T14:52:45.936+0000] {logging_mixin.py:190} INFO - [2025-01-23T14:52:45.935+0000] {dag.py:4180} INFO - Setting next_dagrun for tutorial to 2025-01-22 00:00:00+00:00, run_after=2025-01-23 00:00:00+00:00
[2025-01-23T14:52:45.954+0000] {processor.py:208} INFO - Processing /home/airflow/.local/lib/python3.12/site-packages/airflow/example_dags/tutorial.py took 0.079 seconds
[2025-01-23T14:53:16.239+0000] {processor.py:186} INFO - Started process (PID=2145) to work on /home/airflow/.local/lib/python3.12/site-packages/airflow/example_dags/tutorial.py
[2025-01-23T14:53:16.240+0000] {processor.py:914} INFO - Processing file /home/airflow/.local/lib/python3.12/site-packages/airflow/example_dags/tutorial.py for tasks to queue
[2025-01-23T14:53:16.242+0000] {logging_mixin.py:190} INFO - [2025-01-23T14:53:16.242+0000] {dagbag.py:588} INFO - Filling up the DagBag from /home/airflow/.local/lib/python3.12/site-packages/airflow/example_dags/tutorial.py
[2025-01-23T14:53:16.249+0000] {processor.py:925} INFO - DAG(s) 'tutorial' retrieved from /home/airflow/.local/lib/python3.12/site-packages/airflow/example_dags/tutorial.py
[2025-01-23T14:53:16.267+0000] {logging_mixin.py:190} INFO - [2025-01-23T14:53:16.267+0000] {dag.py:3239} INFO - Sync 1 DAGs
[2025-01-23T14:53:16.287+0000] {logging_mixin.py:190} INFO - [2025-01-23T14:53:16.287+0000] {dag.py:4180} INFO - Setting next_dagrun for tutorial to 2025-01-22 00:00:00+00:00, run_after=2025-01-23 00:00:00+00:00
[2025-01-23T14:53:16.305+0000] {processor.py:208} INFO - Processing /home/airflow/.local/lib/python3.12/site-packages/airflow/example_dags/tutorial.py took 0.072 seconds
[2025-01-23T14:53:46.822+0000] {processor.py:186} INFO - Started process (PID=2441) to work on /home/airflow/.local/lib/python3.12/site-packages/airflow/example_dags/tutorial.py
[2025-01-23T14:53:46.824+0000] {processor.py:914} INFO - Processing file /home/airflow/.local/lib/python3.12/site-packages/airflow/example_dags/tutorial.py for tasks to queue
[2025-01-23T14:53:46.826+0000] {logging_mixin.py:190} INFO - [2025-01-23T14:53:46.825+0000] {dagbag.py:588} INFO - Filling up the DagBag from /home/airflow/.local/lib/python3.12/site-packages/airflow/example_dags/tutorial.py
[2025-01-23T14:53:46.835+0000] {processor.py:925} INFO - DAG(s) 'tutorial' retrieved from /home/airflow/.local/lib/python3.12/site-packages/airflow/example_dags/tutorial.py
[2025-01-23T14:53:46.861+0000] {logging_mixin.py:190} INFO - [2025-01-23T14:53:46.860+0000] {dag.py:3239} INFO - Sync 1 DAGs
[2025-01-23T14:53:46.884+0000] {logging_mixin.py:190} INFO - [2025-01-23T14:53:46.884+0000] {dag.py:4180} INFO - Setting next_dagrun for tutorial to 2025-01-22 00:00:00+00:00, run_after=2025-01-23 00:00:00+00:00
[2025-01-23T14:53:46.902+0000] {processor.py:208} INFO - Processing /home/airflow/.local/lib/python3.12/site-packages/airflow/example_dags/tutorial.py took 0.086 seconds
[2025-01-23T14:54:17.583+0000] {processor.py:186} INFO - Started process (PID=2735) to work on /home/airflow/.local/lib/python3.12/site-packages/airflow/example_dags/tutorial.py
[2025-01-23T14:54:17.584+0000] {processor.py:914} INFO - Processing file /home/airflow/.local/lib/python3.12/site-packages/airflow/example_dags/tutorial.py for tasks to queue
[2025-01-23T14:54:17.587+0000] {logging_mixin.py:190} INFO - [2025-01-23T14:54:17.586+0000] {dagbag.py:588} INFO - Filling up the DagBag from /home/airflow/.local/lib/python3.12/site-packages/airflow/example_dags/tutorial.py
[2025-01-23T14:54:17.594+0000] {processor.py:925} INFO - DAG(s) 'tutorial' retrieved from /home/airflow/.local/lib/python3.12/site-packages/airflow/example_dags/tutorial.py
[2025-01-23T14:54:17.615+0000] {logging_mixin.py:190} INFO - [2025-01-23T14:54:17.614+0000] {dag.py:3239} INFO - Sync 1 DAGs
[2025-01-23T14:54:17.637+0000] {logging_mixin.py:190} INFO - [2025-01-23T14:54:17.636+0000] {dag.py:4180} INFO - Setting next_dagrun for tutorial to 2025-01-22 00:00:00+00:00, run_after=2025-01-23 00:00:00+00:00
[2025-01-23T14:54:17.655+0000] {processor.py:208} INFO - Processing /home/airflow/.local/lib/python3.12/site-packages/airflow/example_dags/tutorial.py took 0.078 seconds
[2025-01-23T14:54:48.453+0000] {processor.py:186} INFO - Started process (PID=3031) to work on /home/airflow/.local/lib/python3.12/site-packages/airflow/example_dags/tutorial.py
[2025-01-23T14:54:48.454+0000] {processor.py:914} INFO - Processing file /home/airflow/.local/lib/python3.12/site-packages/airflow/example_dags/tutorial.py for tasks to queue
[2025-01-23T14:54:48.456+0000] {logging_mixin.py:190} INFO - [2025-01-23T14:54:48.456+0000] {dagbag.py:588} INFO - Filling up the DagBag from /home/airflow/.local/lib/python3.12/site-packages/airflow/example_dags/tutorial.py
[2025-01-23T14:54:48.463+0000] {processor.py:925} INFO - DAG(s) 'tutorial' retrieved from /home/airflow/.local/lib/python3.12/site-packages/airflow/example_dags/tutorial.py
[2025-01-23T14:54:48.482+0000] {logging_mixin.py:190} INFO - [2025-01-23T14:54:48.482+0000] {dag.py:3239} INFO - Sync 1 DAGs
[2025-01-23T14:54:48.503+0000] {logging_mixin.py:190} INFO - [2025-01-23T14:54:48.503+0000] {dag.py:4180} INFO - Setting next_dagrun for tutorial to 2025-01-22 00:00:00+00:00, run_after=2025-01-23 00:00:00+00:00
[2025-01-23T14:54:48.520+0000] {processor.py:208} INFO - Processing /home/airflow/.local/lib/python3.12/site-packages/airflow/example_dags/tutorial.py took 0.073 seconds
[2025-01-23T14:55:20.015+0000] {processor.py:186} INFO - Started process (PID=3327) to work on /home/airflow/.local/lib/python3.12/site-packages/airflow/example_dags/tutorial.py
[2025-01-23T14:55:20.016+0000] {processor.py:914} INFO - Processing file /home/airflow/.local/lib/python3.12/site-packages/airflow/example_dags/tutorial.py for tasks to queue
[2025-01-23T14:55:20.018+0000] {logging_mixin.py:190} INFO - [2025-01-23T14:55:20.018+0000] {dagbag.py:588} INFO - Filling up the DagBag from /home/airflow/.local/lib/python3.12/site-packages/airflow/example_dags/tutorial.py
[2025-01-23T14:55:20.025+0000] {processor.py:925} INFO - DAG(s) 'tutorial' retrieved from /home/airflow/.local/lib/python3.12/site-packages/airflow/example_dags/tutorial.py
[2025-01-23T14:55:20.043+0000] {logging_mixin.py:190} INFO - [2025-01-23T14:55:20.043+0000] {dag.py:3239} INFO - Sync 1 DAGs
[2025-01-23T14:55:20.062+0000] {logging_mixin.py:190} INFO - [2025-01-23T14:55:20.062+0000] {dag.py:4180} INFO - Setting next_dagrun for tutorial to 2025-01-22 00:00:00+00:00, run_after=2025-01-23 00:00:00+00:00
[2025-01-23T14:55:20.078+0000] {processor.py:208} INFO - Processing /home/airflow/.local/lib/python3.12/site-packages/airflow/example_dags/tutorial.py took 0.069 seconds
[2025-01-23T14:55:51.171+0000] {processor.py:186} INFO - Started process (PID=3625) to work on /home/airflow/.local/lib/python3.12/site-packages/airflow/example_dags/tutorial.py
[2025-01-23T14:55:51.172+0000] {processor.py:914} INFO - Processing file /home/airflow/.local/lib/python3.12/site-packages/airflow/example_dags/tutorial.py for tasks to queue
[2025-01-23T14:55:51.174+0000] {logging_mixin.py:190} INFO - [2025-01-23T14:55:51.174+0000] {dagbag.py:588} INFO - Filling up the DagBag from /home/airflow/.local/lib/python3.12/site-packages/airflow/example_dags/tutorial.py
[2025-01-23T14:55:51.181+0000] {processor.py:925} INFO - DAG(s) 'tutorial' retrieved from /home/airflow/.local/lib/python3.12/site-packages/airflow/example_dags/tutorial.py
[2025-01-23T14:55:51.198+0000] {logging_mixin.py:190} INFO - [2025-01-23T14:55:51.197+0000] {dag.py:3239} INFO - Sync 1 DAGs
[2025-01-23T14:55:51.217+0000] {logging_mixin.py:190} INFO - [2025-01-23T14:55:51.217+0000] {dag.py:4180} INFO - Setting next_dagrun for tutorial to 2025-01-22 00:00:00+00:00, run_after=2025-01-23 00:00:00+00:00
[2025-01-23T14:55:51.234+0000] {processor.py:208} INFO - Processing /home/airflow/.local/lib/python3.12/site-packages/airflow/example_dags/tutorial.py took 0.068 seconds
[2025-01-23T14:56:22.370+0000] {processor.py:186} INFO - Started process (PID=3921) to work on /home/airflow/.local/lib/python3.12/site-packages/airflow/example_dags/tutorial.py
[2025-01-23T14:56:22.371+0000] {processor.py:914} INFO - Processing file /home/airflow/.local/lib/python3.12/site-packages/airflow/example_dags/tutorial.py for tasks to queue
[2025-01-23T14:56:22.374+0000] {logging_mixin.py:190} INFO - [2025-01-23T14:56:22.374+0000] {dagbag.py:588} INFO - Filling up the DagBag from /home/airflow/.local/lib/python3.12/site-packages/airflow/example_dags/tutorial.py
[2025-01-23T14:56:22.384+0000] {processor.py:925} INFO - DAG(s) 'tutorial' retrieved from /home/airflow/.local/lib/python3.12/site-packages/airflow/example_dags/tutorial.py
[2025-01-23T14:56:22.411+0000] {logging_mixin.py:190} INFO - [2025-01-23T14:56:22.411+0000] {dag.py:3239} INFO - Sync 1 DAGs
[2025-01-23T14:56:22.442+0000] {logging_mixin.py:190} INFO - [2025-01-23T14:56:22.441+0000] {dag.py:4180} INFO - Setting next_dagrun for tutorial to 2025-01-22 00:00:00+00:00, run_after=2025-01-23 00:00:00+00:00
[2025-01-23T14:56:22.470+0000] {processor.py:208} INFO - Processing /home/airflow/.local/lib/python3.12/site-packages/airflow/example_dags/tutorial.py took 0.109 seconds
[2025-01-23T14:56:54.018+0000] {processor.py:186} INFO - Started process (PID=4217) to work on /home/airflow/.local/lib/python3.12/site-packages/airflow/example_dags/tutorial.py
[2025-01-23T14:56:54.020+0000] {processor.py:914} INFO - Processing file /home/airflow/.local/lib/python3.12/site-packages/airflow/example_dags/tutorial.py for tasks to queue
[2025-01-23T14:56:54.023+0000] {logging_mixin.py:190} INFO - [2025-01-23T14:56:54.022+0000] {dagbag.py:588} INFO - Filling up the DagBag from /home/airflow/.local/lib/python3.12/site-packages/airflow/example_dags/tutorial.py
[2025-01-23T14:56:54.032+0000] {processor.py:925} INFO - DAG(s) 'tutorial' retrieved from /home/airflow/.local/lib/python3.12/site-packages/airflow/example_dags/tutorial.py
[2025-01-23T14:56:54.058+0000] {logging_mixin.py:190} INFO - [2025-01-23T14:56:54.058+0000] {dag.py:3239} INFO - Sync 1 DAGs
[2025-01-23T14:56:54.093+0000] {logging_mixin.py:190} INFO - [2025-01-23T14:56:54.092+0000] {dag.py:4180} INFO - Setting next_dagrun for tutorial to 2025-01-22 00:00:00+00:00, run_after=2025-01-23 00:00:00+00:00
[2025-01-23T14:56:54.119+0000] {processor.py:208} INFO - Processing /home/airflow/.local/lib/python3.12/site-packages/airflow/example_dags/tutorial.py took 0.110 seconds
[2025-01-23T14:57:25.326+0000] {processor.py:186} INFO - Started process (PID=4513) to work on /home/airflow/.local/lib/python3.12/site-packages/airflow/example_dags/tutorial.py
[2025-01-23T14:57:25.327+0000] {processor.py:914} INFO - Processing file /home/airflow/.local/lib/python3.12/site-packages/airflow/example_dags/tutorial.py for tasks to queue
[2025-01-23T14:57:25.329+0000] {logging_mixin.py:190} INFO - [2025-01-23T14:57:25.329+0000] {dagbag.py:588} INFO - Filling up the DagBag from /home/airflow/.local/lib/python3.12/site-packages/airflow/example_dags/tutorial.py
[2025-01-23T14:57:25.340+0000] {processor.py:925} INFO - DAG(s) 'tutorial' retrieved from /home/airflow/.local/lib/python3.12/site-packages/airflow/example_dags/tutorial.py
[2025-01-23T14:57:25.367+0000] {logging_mixin.py:190} INFO - [2025-01-23T14:57:25.366+0000] {dag.py:3239} INFO - Sync 1 DAGs
[2025-01-23T14:57:25.401+0000] {logging_mixin.py:190} INFO - [2025-01-23T14:57:25.401+0000] {dag.py:4180} INFO - Setting next_dagrun for tutorial to 2025-01-22 00:00:00+00:00, run_after=2025-01-23 00:00:00+00:00
[2025-01-23T14:57:25.426+0000] {processor.py:208} INFO - Processing /home/airflow/.local/lib/python3.12/site-packages/airflow/example_dags/tutorial.py took 0.110 seconds
[2025-01-23T14:57:56.570+0000] {processor.py:186} INFO - Started process (PID=4815) to work on /home/airflow/.local/lib/python3.12/site-packages/airflow/example_dags/tutorial.py
[2025-01-23T14:57:56.571+0000] {processor.py:914} INFO - Processing file /home/airflow/.local/lib/python3.12/site-packages/airflow/example_dags/tutorial.py for tasks to queue
[2025-01-23T14:57:56.575+0000] {logging_mixin.py:190} INFO - [2025-01-23T14:57:56.574+0000] {dagbag.py:588} INFO - Filling up the DagBag from /home/airflow/.local/lib/python3.12/site-packages/airflow/example_dags/tutorial.py
[2025-01-23T14:57:56.584+0000] {processor.py:925} INFO - DAG(s) 'tutorial' retrieved from /home/airflow/.local/lib/python3.12/site-packages/airflow/example_dags/tutorial.py
[2025-01-23T14:57:56.610+0000] {logging_mixin.py:190} INFO - [2025-01-23T14:57:56.609+0000] {dag.py:3239} INFO - Sync 1 DAGs
[2025-01-23T14:57:56.640+0000] {logging_mixin.py:190} INFO - [2025-01-23T14:57:56.640+0000] {dag.py:4180} INFO - Setting next_dagrun for tutorial to 2025-01-22 00:00:00+00:00, run_after=2025-01-23 00:00:00+00:00
[2025-01-23T14:57:56.664+0000] {processor.py:208} INFO - Processing /home/airflow/.local/lib/python3.12/site-packages/airflow/example_dags/tutorial.py took 0.101 seconds
[2025-01-23T14:58:28.273+0000] {processor.py:186} INFO - Started process (PID=5111) to work on /home/airflow/.local/lib/python3.12/site-packages/airflow/example_dags/tutorial.py
[2025-01-23T14:58:28.274+0000] {processor.py:914} INFO - Processing file /home/airflow/.local/lib/python3.12/site-packages/airflow/example_dags/tutorial.py for tasks to queue
[2025-01-23T14:58:28.278+0000] {logging_mixin.py:190} INFO - [2025-01-23T14:58:28.277+0000] {dagbag.py:588} INFO - Filling up the DagBag from /home/airflow/.local/lib/python3.12/site-packages/airflow/example_dags/tutorial.py
[2025-01-23T14:58:28.287+0000] {processor.py:925} INFO - DAG(s) 'tutorial' retrieved from /home/airflow/.local/lib/python3.12/site-packages/airflow/example_dags/tutorial.py
[2025-01-23T14:58:28.319+0000] {logging_mixin.py:190} INFO - [2025-01-23T14:58:28.319+0000] {dag.py:3239} INFO - Sync 1 DAGs
[2025-01-23T14:58:28.349+0000] {logging_mixin.py:190} INFO - [2025-01-23T14:58:28.349+0000] {dag.py:4180} INFO - Setting next_dagrun for tutorial to 2025-01-22 00:00:00+00:00, run_after=2025-01-23 00:00:00+00:00
[2025-01-23T14:58:28.378+0000] {processor.py:208} INFO - Processing /home/airflow/.local/lib/python3.12/site-packages/airflow/example_dags/tutorial.py took 0.113 seconds
[2025-01-23T14:58:59.944+0000] {processor.py:186} INFO - Started process (PID=5407) to work on /home/airflow/.local/lib/python3.12/site-packages/airflow/example_dags/tutorial.py
[2025-01-23T14:58:59.946+0000] {processor.py:914} INFO - Processing file /home/airflow/.local/lib/python3.12/site-packages/airflow/example_dags/tutorial.py for tasks to queue
[2025-01-23T14:58:59.950+0000] {logging_mixin.py:190} INFO - [2025-01-23T14:58:59.950+0000] {dagbag.py:588} INFO - Filling up the DagBag from /home/airflow/.local/lib/python3.12/site-packages/airflow/example_dags/tutorial.py
[2025-01-23T14:58:59.964+0000] {processor.py:925} INFO - DAG(s) 'tutorial' retrieved from /home/airflow/.local/lib/python3.12/site-packages/airflow/example_dags/tutorial.py
[2025-01-23T14:58:59.997+0000] {logging_mixin.py:190} INFO - [2025-01-23T14:58:59.997+0000] {dag.py:3239} INFO - Sync 1 DAGs
[2025-01-23T14:59:00.035+0000] {logging_mixin.py:190} INFO - [2025-01-23T14:59:00.035+0000] {dag.py:4180} INFO - Setting next_dagrun for tutorial to 2025-01-22 00:00:00+00:00, run_after=2025-01-23 00:00:00+00:00
[2025-01-23T14:59:00.066+0000] {processor.py:208} INFO - Processing /home/airflow/.local/lib/python3.12/site-packages/airflow/example_dags/tutorial.py took 0.131 seconds
[2025-01-23T14:59:30.985+0000] {processor.py:186} INFO - Started process (PID=5701) to work on /home/airflow/.local/lib/python3.12/site-packages/airflow/example_dags/tutorial.py
[2025-01-23T14:59:30.986+0000] {processor.py:914} INFO - Processing file /home/airflow/.local/lib/python3.12/site-packages/airflow/example_dags/tutorial.py for tasks to queue
[2025-01-23T14:59:30.990+0000] {logging_mixin.py:190} INFO - [2025-01-23T14:59:30.990+0000] {dagbag.py:588} INFO - Filling up the DagBag from /home/airflow/.local/lib/python3.12/site-packages/airflow/example_dags/tutorial.py
[2025-01-23T14:59:31.004+0000] {processor.py:925} INFO - DAG(s) 'tutorial' retrieved from /home/airflow/.local/lib/python3.12/site-packages/airflow/example_dags/tutorial.py
[2025-01-23T14:59:31.032+0000] {logging_mixin.py:190} INFO - [2025-01-23T14:59:31.032+0000] {dag.py:3239} INFO - Sync 1 DAGs
[2025-01-23T14:59:31.063+0000] {logging_mixin.py:190} INFO - [2025-01-23T14:59:31.063+0000] {dag.py:4180} INFO - Setting next_dagrun for tutorial to 2025-01-22 00:00:00+00:00, run_after=2025-01-23 00:00:00+00:00
[2025-01-23T14:59:31.089+0000] {processor.py:208} INFO - Processing /home/airflow/.local/lib/python3.12/site-packages/airflow/example_dags/tutorial.py took 0.112 seconds
[2025-01-23T15:00:02.393+0000] {processor.py:186} INFO - Started process (PID=5999) to work on /home/airflow/.local/lib/python3.12/site-packages/airflow/example_dags/tutorial.py
[2025-01-23T15:00:02.394+0000] {processor.py:914} INFO - Processing file /home/airflow/.local/lib/python3.12/site-packages/airflow/example_dags/tutorial.py for tasks to queue
[2025-01-23T15:00:02.397+0000] {logging_mixin.py:190} INFO - [2025-01-23T15:00:02.397+0000] {dagbag.py:588} INFO - Filling up the DagBag from /home/airflow/.local/lib/python3.12/site-packages/airflow/example_dags/tutorial.py
[2025-01-23T15:00:02.407+0000] {processor.py:925} INFO - DAG(s) 'tutorial' retrieved from /home/airflow/.local/lib/python3.12/site-packages/airflow/example_dags/tutorial.py
[2025-01-23T15:00:02.436+0000] {logging_mixin.py:190} INFO - [2025-01-23T15:00:02.436+0000] {dag.py:3239} INFO - Sync 1 DAGs
[2025-01-23T15:00:02.467+0000] {logging_mixin.py:190} INFO - [2025-01-23T15:00:02.466+0000] {dag.py:4180} INFO - Setting next_dagrun for tutorial to 2025-01-22 00:00:00+00:00, run_after=2025-01-23 00:00:00+00:00
[2025-01-23T15:00:02.496+0000] {processor.py:208} INFO - Processing /home/airflow/.local/lib/python3.12/site-packages/airflow/example_dags/tutorial.py took 0.111 seconds
[2025-01-23T15:00:33.755+0000] {processor.py:186} INFO - Started process (PID=6293) to work on /home/airflow/.local/lib/python3.12/site-packages/airflow/example_dags/tutorial.py
[2025-01-23T15:00:33.757+0000] {processor.py:914} INFO - Processing file /home/airflow/.local/lib/python3.12/site-packages/airflow/example_dags/tutorial.py for tasks to queue
[2025-01-23T15:00:33.761+0000] {logging_mixin.py:190} INFO - [2025-01-23T15:00:33.761+0000] {dagbag.py:588} INFO - Filling up the DagBag from /home/airflow/.local/lib/python3.12/site-packages/airflow/example_dags/tutorial.py
[2025-01-23T15:00:33.775+0000] {processor.py:925} INFO - DAG(s) 'tutorial' retrieved from /home/airflow/.local/lib/python3.12/site-packages/airflow/example_dags/tutorial.py
[2025-01-23T15:00:33.808+0000] {logging_mixin.py:190} INFO - [2025-01-23T15:00:33.808+0000] {dag.py:3239} INFO - Sync 1 DAGs
[2025-01-23T15:00:33.850+0000] {logging_mixin.py:190} INFO - [2025-01-23T15:00:33.850+0000] {dag.py:4180} INFO - Setting next_dagrun for tutorial to 2025-01-22 00:00:00+00:00, run_after=2025-01-23 00:00:00+00:00
[2025-01-23T15:00:33.888+0000] {processor.py:208} INFO - Processing /home/airflow/.local/lib/python3.12/site-packages/airflow/example_dags/tutorial.py took 0.142 seconds
[2025-01-23T15:01:05.483+0000] {processor.py:186} INFO - Started process (PID=6589) to work on /home/airflow/.local/lib/python3.12/site-packages/airflow/example_dags/tutorial.py
[2025-01-23T15:01:05.485+0000] {processor.py:914} INFO - Processing file /home/airflow/.local/lib/python3.12/site-packages/airflow/example_dags/tutorial.py for tasks to queue
[2025-01-23T15:01:05.489+0000] {logging_mixin.py:190} INFO - [2025-01-23T15:01:05.488+0000] {dagbag.py:588} INFO - Filling up the DagBag from /home/airflow/.local/lib/python3.12/site-packages/airflow/example_dags/tutorial.py
[2025-01-23T15:01:05.504+0000] {processor.py:925} INFO - DAG(s) 'tutorial' retrieved from /home/airflow/.local/lib/python3.12/site-packages/airflow/example_dags/tutorial.py
[2025-01-23T15:01:05.540+0000] {logging_mixin.py:190} INFO - [2025-01-23T15:01:05.540+0000] {dag.py:3239} INFO - Sync 1 DAGs
[2025-01-23T15:01:05.579+0000] {logging_mixin.py:190} INFO - [2025-01-23T15:01:05.579+0000] {dag.py:4180} INFO - Setting next_dagrun for tutorial to 2025-01-22 00:00:00+00:00, run_after=2025-01-23 00:00:00+00:00
[2025-01-23T15:01:05.612+0000] {processor.py:208} INFO - Processing /home/airflow/.local/lib/python3.12/site-packages/airflow/example_dags/tutorial.py took 0.140 seconds
[2025-01-23T15:01:37.158+0000] {processor.py:186} INFO - Started process (PID=6885) to work on /home/airflow/.local/lib/python3.12/site-packages/airflow/example_dags/tutorial.py
[2025-01-23T15:01:37.160+0000] {processor.py:914} INFO - Processing file /home/airflow/.local/lib/python3.12/site-packages/airflow/example_dags/tutorial.py for tasks to queue
[2025-01-23T15:01:37.165+0000] {logging_mixin.py:190} INFO - [2025-01-23T15:01:37.164+0000] {dagbag.py:588} INFO - Filling up the DagBag from /home/airflow/.local/lib/python3.12/site-packages/airflow/example_dags/tutorial.py
[2025-01-23T15:01:37.183+0000] {processor.py:925} INFO - DAG(s) 'tutorial' retrieved from /home/airflow/.local/lib/python3.12/site-packages/airflow/example_dags/tutorial.py
[2025-01-23T15:01:37.229+0000] {logging_mixin.py:190} INFO - [2025-01-23T15:01:37.228+0000] {dag.py:3239} INFO - Sync 1 DAGs
[2025-01-23T15:01:37.278+0000] {logging_mixin.py:190} INFO - [2025-01-23T15:01:37.278+0000] {dag.py:4180} INFO - Setting next_dagrun for tutorial to 2025-01-22 00:00:00+00:00, run_after=2025-01-23 00:00:00+00:00
[2025-01-23T15:01:37.316+0000] {processor.py:208} INFO - Processing /home/airflow/.local/lib/python3.12/site-packages/airflow/example_dags/tutorial.py took 0.170 seconds
[2025-01-23T15:02:08.499+0000] {processor.py:186} INFO - Started process (PID=7183) to work on /home/airflow/.local/lib/python3.12/site-packages/airflow/example_dags/tutorial.py
[2025-01-23T15:02:08.501+0000] {processor.py:914} INFO - Processing file /home/airflow/.local/lib/python3.12/site-packages/airflow/example_dags/tutorial.py for tasks to queue
[2025-01-23T15:02:08.505+0000] {logging_mixin.py:190} INFO - [2025-01-23T15:02:08.504+0000] {dagbag.py:588} INFO - Filling up the DagBag from /home/airflow/.local/lib/python3.12/site-packages/airflow/example_dags/tutorial.py
[2025-01-23T15:02:08.518+0000] {processor.py:925} INFO - DAG(s) 'tutorial' retrieved from /home/airflow/.local/lib/python3.12/site-packages/airflow/example_dags/tutorial.py
[2025-01-23T15:02:08.547+0000] {logging_mixin.py:190} INFO - [2025-01-23T15:02:08.547+0000] {dag.py:3239} INFO - Sync 1 DAGs
[2025-01-23T15:02:08.581+0000] {logging_mixin.py:190} INFO - [2025-01-23T15:02:08.580+0000] {dag.py:4180} INFO - Setting next_dagrun for tutorial to 2025-01-22 00:00:00+00:00, run_after=2025-01-23 00:00:00+00:00
[2025-01-23T15:02:08.605+0000] {processor.py:208} INFO - Processing /home/airflow/.local/lib/python3.12/site-packages/airflow/example_dags/tutorial.py took 0.117 seconds
[2025-01-23T15:02:39.596+0000] {processor.py:186} INFO - Started process (PID=7482) to work on /home/airflow/.local/lib/python3.12/site-packages/airflow/example_dags/tutorial.py
[2025-01-23T15:02:39.597+0000] {processor.py:914} INFO - Processing file /home/airflow/.local/lib/python3.12/site-packages/airflow/example_dags/tutorial.py for tasks to queue
[2025-01-23T15:02:39.601+0000] {logging_mixin.py:190} INFO - [2025-01-23T15:02:39.600+0000] {dagbag.py:588} INFO - Filling up the DagBag from /home/airflow/.local/lib/python3.12/site-packages/airflow/example_dags/tutorial.py
[2025-01-23T15:02:39.613+0000] {processor.py:925} INFO - DAG(s) 'tutorial' retrieved from /home/airflow/.local/lib/python3.12/site-packages/airflow/example_dags/tutorial.py
[2025-01-23T15:02:39.646+0000] {logging_mixin.py:190} INFO - [2025-01-23T15:02:39.645+0000] {dag.py:3239} INFO - Sync 1 DAGs
[2025-01-23T15:02:39.679+0000] {logging_mixin.py:190} INFO - [2025-01-23T15:02:39.679+0000] {dag.py:4180} INFO - Setting next_dagrun for tutorial to 2025-01-22 00:00:00+00:00, run_after=2025-01-23 00:00:00+00:00
[2025-01-23T15:02:39.708+0000] {processor.py:208} INFO - Processing /home/airflow/.local/lib/python3.12/site-packages/airflow/example_dags/tutorial.py took 0.123 seconds
[2025-01-23T15:03:11.664+0000] {processor.py:186} INFO - Started process (PID=7780) to work on /home/airflow/.local/lib/python3.12/site-packages/airflow/example_dags/tutorial.py
[2025-01-23T15:03:11.666+0000] {processor.py:914} INFO - Processing file /home/airflow/.local/lib/python3.12/site-packages/airflow/example_dags/tutorial.py for tasks to queue
[2025-01-23T15:03:11.668+0000] {logging_mixin.py:190} INFO - [2025-01-23T15:03:11.668+0000] {dagbag.py:588} INFO - Filling up the DagBag from /home/airflow/.local/lib/python3.12/site-packages/airflow/example_dags/tutorial.py
[2025-01-23T15:03:11.678+0000] {processor.py:925} INFO - DAG(s) 'tutorial' retrieved from /home/airflow/.local/lib/python3.12/site-packages/airflow/example_dags/tutorial.py
[2025-01-23T15:03:11.706+0000] {logging_mixin.py:190} INFO - [2025-01-23T15:03:11.706+0000] {dag.py:3239} INFO - Sync 1 DAGs
[2025-01-23T15:03:11.736+0000] {logging_mixin.py:190} INFO - [2025-01-23T15:03:11.736+0000] {dag.py:4180} INFO - Setting next_dagrun for tutorial to 2025-01-22 00:00:00+00:00, run_after=2025-01-23 00:00:00+00:00
[2025-01-23T15:03:11.764+0000] {processor.py:208} INFO - Processing /home/airflow/.local/lib/python3.12/site-packages/airflow/example_dags/tutorial.py took 0.109 seconds
[2025-01-23T15:03:42.913+0000] {processor.py:186} INFO - Started process (PID=8076) to work on /home/airflow/.local/lib/python3.12/site-packages/airflow/example_dags/tutorial.py
[2025-01-23T15:03:42.915+0000] {processor.py:914} INFO - Processing file /home/airflow/.local/lib/python3.12/site-packages/airflow/example_dags/tutorial.py for tasks to queue
[2025-01-23T15:03:42.918+0000] {logging_mixin.py:190} INFO - [2025-01-23T15:03:42.917+0000] {dagbag.py:588} INFO - Filling up the DagBag from /home/airflow/.local/lib/python3.12/site-packages/airflow/example_dags/tutorial.py
[2025-01-23T15:03:42.938+0000] {processor.py:925} INFO - DAG(s) 'tutorial' retrieved from /home/airflow/.local/lib/python3.12/site-packages/airflow/example_dags/tutorial.py
[2025-01-23T15:03:42.972+0000] {logging_mixin.py:190} INFO - [2025-01-23T15:03:42.972+0000] {dag.py:3239} INFO - Sync 1 DAGs
[2025-01-23T15:03:43.005+0000] {logging_mixin.py:190} INFO - [2025-01-23T15:03:43.005+0000] {dag.py:4180} INFO - Setting next_dagrun for tutorial to 2025-01-22 00:00:00+00:00, run_after=2025-01-23 00:00:00+00:00
[2025-01-23T15:03:43.034+0000] {processor.py:208} INFO - Processing /home/airflow/.local/lib/python3.12/site-packages/airflow/example_dags/tutorial.py took 0.131 seconds
[2025-01-23T15:04:13.830+0000] {processor.py:186} INFO - Started process (PID=8372) to work on /home/airflow/.local/lib/python3.12/site-packages/airflow/example_dags/tutorial.py
[2025-01-23T15:04:13.831+0000] {processor.py:914} INFO - Processing file /home/airflow/.local/lib/python3.12/site-packages/airflow/example_dags/tutorial.py for tasks to queue
[2025-01-23T15:04:13.835+0000] {logging_mixin.py:190} INFO - [2025-01-23T15:04:13.835+0000] {dagbag.py:588} INFO - Filling up the DagBag from /home/airflow/.local/lib/python3.12/site-packages/airflow/example_dags/tutorial.py
[2025-01-23T15:04:13.847+0000] {processor.py:925} INFO - DAG(s) 'tutorial' retrieved from /home/airflow/.local/lib/python3.12/site-packages/airflow/example_dags/tutorial.py
[2025-01-23T15:04:13.875+0000] {logging_mixin.py:190} INFO - [2025-01-23T15:04:13.874+0000] {dag.py:3239} INFO - Sync 1 DAGs
[2025-01-23T15:04:13.905+0000] {logging_mixin.py:190} INFO - [2025-01-23T15:04:13.905+0000] {dag.py:4180} INFO - Setting next_dagrun for tutorial to 2025-01-22 00:00:00+00:00, run_after=2025-01-23 00:00:00+00:00
[2025-01-23T15:04:13.934+0000] {processor.py:208} INFO - Processing /home/airflow/.local/lib/python3.12/site-packages/airflow/example_dags/tutorial.py took 0.114 seconds
[2025-01-23T15:04:44.418+0000] {processor.py:186} INFO - Started process (PID=8668) to work on /home/airflow/.local/lib/python3.12/site-packages/airflow/example_dags/tutorial.py
[2025-01-23T15:04:44.420+0000] {processor.py:914} INFO - Processing file /home/airflow/.local/lib/python3.12/site-packages/airflow/example_dags/tutorial.py for tasks to queue
[2025-01-23T15:04:44.422+0000] {logging_mixin.py:190} INFO - [2025-01-23T15:04:44.421+0000] {dagbag.py:588} INFO - Filling up the DagBag from /home/airflow/.local/lib/python3.12/site-packages/airflow/example_dags/tutorial.py
[2025-01-23T15:04:44.432+0000] {processor.py:925} INFO - DAG(s) 'tutorial' retrieved from /home/airflow/.local/lib/python3.12/site-packages/airflow/example_dags/tutorial.py
[2025-01-23T15:04:44.456+0000] {logging_mixin.py:190} INFO - [2025-01-23T15:04:44.456+0000] {dag.py:3239} INFO - Sync 1 DAGs
[2025-01-23T15:04:44.483+0000] {logging_mixin.py:190} INFO - [2025-01-23T15:04:44.483+0000] {dag.py:4180} INFO - Setting next_dagrun for tutorial to 2025-01-22 00:00:00+00:00, run_after=2025-01-23 00:00:00+00:00
[2025-01-23T15:04:44.506+0000] {processor.py:208} INFO - Processing /home/airflow/.local/lib/python3.12/site-packages/airflow/example_dags/tutorial.py took 0.096 seconds
[2025-01-23T15:05:15.372+0000] {processor.py:186} INFO - Started process (PID=8962) to work on /home/airflow/.local/lib/python3.12/site-packages/airflow/example_dags/tutorial.py
[2025-01-23T15:05:15.373+0000] {processor.py:914} INFO - Processing file /home/airflow/.local/lib/python3.12/site-packages/airflow/example_dags/tutorial.py for tasks to queue
[2025-01-23T15:05:15.376+0000] {logging_mixin.py:190} INFO - [2025-01-23T15:05:15.376+0000] {dagbag.py:588} INFO - Filling up the DagBag from /home/airflow/.local/lib/python3.12/site-packages/airflow/example_dags/tutorial.py
[2025-01-23T15:05:15.386+0000] {processor.py:925} INFO - DAG(s) 'tutorial' retrieved from /home/airflow/.local/lib/python3.12/site-packages/airflow/example_dags/tutorial.py
[2025-01-23T15:05:15.413+0000] {logging_mixin.py:190} INFO - [2025-01-23T15:05:15.413+0000] {dag.py:3239} INFO - Sync 1 DAGs
[2025-01-23T15:05:15.450+0000] {logging_mixin.py:190} INFO - [2025-01-23T15:05:15.450+0000] {dag.py:4180} INFO - Setting next_dagrun for tutorial to 2025-01-22 00:00:00+00:00, run_after=2025-01-23 00:00:00+00:00
[2025-01-23T15:05:15.476+0000] {processor.py:208} INFO - Processing /home/airflow/.local/lib/python3.12/site-packages/airflow/example_dags/tutorial.py took 0.111 seconds
[2025-01-23T15:05:46.508+0000] {processor.py:186} INFO - Started process (PID=9258) to work on /home/airflow/.local/lib/python3.12/site-packages/airflow/example_dags/tutorial.py
[2025-01-23T15:05:46.509+0000] {processor.py:914} INFO - Processing file /home/airflow/.local/lib/python3.12/site-packages/airflow/example_dags/tutorial.py for tasks to queue
[2025-01-23T15:05:46.512+0000] {logging_mixin.py:190} INFO - [2025-01-23T15:05:46.511+0000] {dagbag.py:588} INFO - Filling up the DagBag from /home/airflow/.local/lib/python3.12/site-packages/airflow/example_dags/tutorial.py
[2025-01-23T15:05:46.522+0000] {processor.py:925} INFO - DAG(s) 'tutorial' retrieved from /home/airflow/.local/lib/python3.12/site-packages/airflow/example_dags/tutorial.py
[2025-01-23T15:05:46.547+0000] {logging_mixin.py:190} INFO - [2025-01-23T15:05:46.546+0000] {dag.py:3239} INFO - Sync 1 DAGs
[2025-01-23T15:05:46.579+0000] {logging_mixin.py:190} INFO - [2025-01-23T15:05:46.579+0000] {dag.py:4180} INFO - Setting next_dagrun for tutorial to 2025-01-22 00:00:00+00:00, run_after=2025-01-23 00:00:00+00:00
[2025-01-23T15:05:46.608+0000] {processor.py:208} INFO - Processing /home/airflow/.local/lib/python3.12/site-packages/airflow/example_dags/tutorial.py took 0.108 seconds
[2025-01-23T15:06:16.944+0000] {processor.py:186} INFO - Started process (PID=9548) to work on /home/airflow/.local/lib/python3.12/site-packages/airflow/example_dags/tutorial.py
[2025-01-23T15:06:16.946+0000] {processor.py:914} INFO - Processing file /home/airflow/.local/lib/python3.12/site-packages/airflow/example_dags/tutorial.py for tasks to queue
[2025-01-23T15:06:16.949+0000] {logging_mixin.py:190} INFO - [2025-01-23T15:06:16.948+0000] {dagbag.py:588} INFO - Filling up the DagBag from /home/airflow/.local/lib/python3.12/site-packages/airflow/example_dags/tutorial.py
[2025-01-23T15:06:16.961+0000] {processor.py:925} INFO - DAG(s) 'tutorial' retrieved from /home/airflow/.local/lib/python3.12/site-packages/airflow/example_dags/tutorial.py
[2025-01-23T15:06:16.991+0000] {logging_mixin.py:190} INFO - [2025-01-23T15:06:16.990+0000] {dag.py:3239} INFO - Sync 1 DAGs
[2025-01-23T15:06:17.027+0000] {logging_mixin.py:190} INFO - [2025-01-23T15:06:17.027+0000] {dag.py:4180} INFO - Setting next_dagrun for tutorial to 2025-01-22 00:00:00+00:00, run_after=2025-01-23 00:00:00+00:00
[2025-01-23T15:06:17.051+0000] {processor.py:208} INFO - Processing /home/airflow/.local/lib/python3.12/site-packages/airflow/example_dags/tutorial.py took 0.117 seconds
[2025-01-23T15:06:48.215+0000] {processor.py:186} INFO - Started process (PID=9844) to work on /home/airflow/.local/lib/python3.12/site-packages/airflow/example_dags/tutorial.py
[2025-01-23T15:06:48.216+0000] {processor.py:914} INFO - Processing file /home/airflow/.local/lib/python3.12/site-packages/airflow/example_dags/tutorial.py for tasks to queue
[2025-01-23T15:06:48.219+0000] {logging_mixin.py:190} INFO - [2025-01-23T15:06:48.218+0000] {dagbag.py:588} INFO - Filling up the DagBag from /home/airflow/.local/lib/python3.12/site-packages/airflow/example_dags/tutorial.py
[2025-01-23T15:06:48.230+0000] {processor.py:925} INFO - DAG(s) 'tutorial' retrieved from /home/airflow/.local/lib/python3.12/site-packages/airflow/example_dags/tutorial.py
[2025-01-23T15:06:48.258+0000] {logging_mixin.py:190} INFO - [2025-01-23T15:06:48.258+0000] {dag.py:3239} INFO - Sync 1 DAGs
[2025-01-23T15:06:48.294+0000] {logging_mixin.py:190} INFO - [2025-01-23T15:06:48.294+0000] {dag.py:4180} INFO - Setting next_dagrun for tutorial to 2025-01-22 00:00:00+00:00, run_after=2025-01-23 00:00:00+00:00
[2025-01-23T15:06:48.325+0000] {processor.py:208} INFO - Processing /home/airflow/.local/lib/python3.12/site-packages/airflow/example_dags/tutorial.py took 0.119 seconds
[2025-01-23T15:07:19.375+0000] {processor.py:186} INFO - Started process (PID=10140) to work on /home/airflow/.local/lib/python3.12/site-packages/airflow/example_dags/tutorial.py
[2025-01-23T15:07:19.382+0000] {processor.py:914} INFO - Processing file /home/airflow/.local/lib/python3.12/site-packages/airflow/example_dags/tutorial.py for tasks to queue
[2025-01-23T15:07:19.386+0000] {logging_mixin.py:190} INFO - [2025-01-23T15:07:19.385+0000] {dagbag.py:588} INFO - Filling up the DagBag from /home/airflow/.local/lib/python3.12/site-packages/airflow/example_dags/tutorial.py
[2025-01-23T15:07:19.398+0000] {processor.py:925} INFO - DAG(s) 'tutorial' retrieved from /home/airflow/.local/lib/python3.12/site-packages/airflow/example_dags/tutorial.py
[2025-01-23T15:07:19.430+0000] {logging_mixin.py:190} INFO - [2025-01-23T15:07:19.430+0000] {dag.py:3239} INFO - Sync 1 DAGs
[2025-01-23T15:07:19.468+0000] {logging_mixin.py:190} INFO - [2025-01-23T15:07:19.468+0000] {dag.py:4180} INFO - Setting next_dagrun for tutorial to 2025-01-22 00:00:00+00:00, run_after=2025-01-23 00:00:00+00:00
[2025-01-23T15:07:19.499+0000] {processor.py:208} INFO - Processing /home/airflow/.local/lib/python3.12/site-packages/airflow/example_dags/tutorial.py took 0.135 seconds
[2025-01-23T15:07:49.992+0000] {processor.py:186} INFO - Started process (PID=10436) to work on /home/airflow/.local/lib/python3.12/site-packages/airflow/example_dags/tutorial.py
[2025-01-23T15:07:49.998+0000] {processor.py:914} INFO - Processing file /home/airflow/.local/lib/python3.12/site-packages/airflow/example_dags/tutorial.py for tasks to queue
[2025-01-23T15:07:50.002+0000] {logging_mixin.py:190} INFO - [2025-01-23T15:07:50.001+0000] {dagbag.py:588} INFO - Filling up the DagBag from /home/airflow/.local/lib/python3.12/site-packages/airflow/example_dags/tutorial.py
[2025-01-23T15:07:50.015+0000] {processor.py:925} INFO - DAG(s) 'tutorial' retrieved from /home/airflow/.local/lib/python3.12/site-packages/airflow/example_dags/tutorial.py
[2025-01-23T15:07:50.053+0000] {logging_mixin.py:190} INFO - [2025-01-23T15:07:50.052+0000] {dag.py:3239} INFO - Sync 1 DAGs
[2025-01-23T15:07:50.086+0000] {logging_mixin.py:190} INFO - [2025-01-23T15:07:50.085+0000] {dag.py:4180} INFO - Setting next_dagrun for tutorial to 2025-01-22 00:00:00+00:00, run_after=2025-01-23 00:00:00+00:00
[2025-01-23T15:07:50.122+0000] {processor.py:208} INFO - Processing /home/airflow/.local/lib/python3.12/site-packages/airflow/example_dags/tutorial.py took 0.142 seconds
