[2025-02-02T09:00:00.540+0000] {local_task_job_runner.py:123} INFO - ::group::Pre task execution logs
[2025-02-02T09:00:00.553+0000] {taskinstance.py:2613} INFO - Dependencies all met for dep_context=non-requeueable deps ti=<TaskInstance: extraction_by_hour_dag_v15.extract_and_load_to_mongodb_station_1 scheduled__2025-02-02T08:00:00+00:00 [queued]>
[2025-02-02T09:00:00.559+0000] {taskinstance.py:2613} INFO - Dependencies all met for dep_context=requeueable deps ti=<TaskInstance: extraction_by_hour_dag_v15.extract_and_load_to_mongodb_station_1 scheduled__2025-02-02T08:00:00+00:00 [queued]>
[2025-02-02T09:00:00.559+0000] {taskinstance.py:2866} INFO - Starting attempt 1 of 2
[2025-02-02T09:00:00.570+0000] {taskinstance.py:2889} INFO - Executing <Task(PythonOperator): extract_and_load_to_mongodb_station_1> on 2025-02-02 08:00:00+00:00
[2025-02-02T09:00:00.580+0000] {logging_mixin.py:190} WARNING - /home/***/.local/lib/python3.12/site-packages/***/task/task_runner/standard_task_runner.py:70 DeprecationWarning: This process (pid=73823) is multi-threaded, use of fork() may lead to deadlocks in the child.
[2025-02-02T09:00:00.578+0000] {standard_task_runner.py:104} INFO - Running: ['***', 'tasks', 'run', 'extraction_by_hour_dag_v15', 'extract_and_load_to_mongodb_station_1', 'scheduled__2025-02-02T08:00:00+00:00', '--job-id', '106', '--raw', '--subdir', 'DAGS_FOLDER/extract_data_by_hour.py', '--cfg-path', '/tmp/tmpu7syl7q9']
[2025-02-02T09:00:00.581+0000] {standard_task_runner.py:105} INFO - Job 106: Subtask extract_and_load_to_mongodb_station_1
[2025-02-02T09:00:00.581+0000] {standard_task_runner.py:72} INFO - Started process 73828 to run task
[2025-02-02T09:00:00.634+0000] {task_command.py:467} INFO - Running <TaskInstance: extraction_by_hour_dag_v15.extract_and_load_to_mongodb_station_1 scheduled__2025-02-02T08:00:00+00:00 [running]> on host 6f5fd3382d74
[2025-02-02T09:00:00.705+0000] {taskinstance.py:3132} INFO - Exporting env vars: AIRFLOW_CTX_DAG_OWNER='***' AIRFLOW_CTX_DAG_ID='extraction_by_hour_dag_v15' AIRFLOW_CTX_TASK_ID='extract_and_load_to_mongodb_station_1' AIRFLOW_CTX_EXECUTION_DATE='2025-02-02T08:00:00+00:00' AIRFLOW_CTX_TRY_NUMBER='1' AIRFLOW_CTX_DAG_RUN_ID='scheduled__2025-02-02T08:00:00+00:00'
[2025-02-02T09:00:00.706+0000] {taskinstance.py:731} INFO - ::endgroup::
[2025-02-02T09:00:14.183+0000] {logging_mixin.py:190} INFO - Dernier enregistrement pour la station 283164601 (list1) inséré avec succès dans MongoDB.
[2025-02-02T09:00:14.197+0000] {logging_mixin.py:190} INFO - Erreur lors de l'insertion dans MongoDB : E11000 duplicate key error collection: air_quality.hourly_data index: _id_ dup key: { _id: ObjectId('679f341e7c2012c9a32865a7') }, full error: {'index': 0, 'code': 11000, 'errmsg': "E11000 duplicate key error collection: air_quality.hourly_data index: _id_ dup key: { _id: ObjectId('679f341e7c2012c9a32865a7') }", 'keyPattern': {'_id': 1}, 'keyValue': {'_id': ObjectId('679f341e7c2012c9a32865a7')}}
[2025-02-02T09:00:14.197+0000] {python.py:240} INFO - Done. Returned value was: None
[2025-02-02T09:00:14.219+0000] {taskinstance.py:340} INFO - ::group::Post task execution logs
[2025-02-02T09:00:14.220+0000] {taskinstance.py:352} INFO - Marking task as SUCCESS. dag_id=extraction_by_hour_dag_v15, task_id=extract_and_load_to_mongodb_station_1, run_id=scheduled__2025-02-02T08:00:00+00:00, execution_date=20250202T080000, start_date=20250202T090000, end_date=20250202T090014
[2025-02-02T09:00:14.260+0000] {local_task_job_runner.py:266} INFO - Task exited with return code 0
[2025-02-02T09:00:14.272+0000] {taskinstance.py:3895} INFO - 0 downstream tasks scheduled from follow-on schedule check
[2025-02-02T09:00:14.274+0000] {local_task_job_runner.py:245} INFO - ::endgroup::
